
===========================================================================
report_checks -unconstrained
===========================================================================
======================= max_ss_125C_4v50 Corner ===================================

Startpoint: en_i (input port clocked by clk_i)
Endpoint: _75_ (rising edge-triggered flip-flop clocked by clk_i)
Path Group: clk_i
Path Type: max

Fanout         Cap        Slew       Delay        Time   Description
---------------------------------------------------------------------------------------------
                                  0.000000    0.000000   clock clk_i (rise edge)
                                  0.000000    0.000000   clock network delay (propagated)
                                  5.000000    5.000000 ^ input external delay
     1    0.003557    0.188155    0.057414    5.057414 ^ en_i (in)
                                                         en_i (net)
                      0.188155    0.000000    5.057414 ^ input1/I (gf180mcu_fd_sc_mcu7t5v0__dlyb_1)
     6    0.041343    1.228690    2.272997    7.330411 ^ input1/Z (gf180mcu_fd_sc_mcu7t5v0__dlyb_1)
                                                         net1 (net)
                      1.228690    0.001215    7.331626 ^ _49_/A1 (gf180mcu_fd_sc_mcu7t5v0__nand4_1)
     8    0.049034    2.501245    1.663287    8.994913 v _49_/ZN (gf180mcu_fd_sc_mcu7t5v0__nand4_1)
                                                         _22_ (net)
                      2.501245    0.001416    8.996329 v _64_/A3 (gf180mcu_fd_sc_mcu7t5v0__or4_1)
     2    0.008841    0.615412    2.182604   11.178933 v _64_/Z (gf180mcu_fd_sc_mcu7t5v0__or4_1)
                                                         _32_ (net)
                      0.615412    0.000062   11.178995 v _65_/A3 (gf180mcu_fd_sc_mcu7t5v0__and3_1)
     1    0.003016    0.226288    0.713617   11.892612 v _65_/Z (gf180mcu_fd_sc_mcu7t5v0__and3_1)
                                                         _07_ (net)
                      0.226288    0.000030   11.892642 v _75_/D (gf180mcu_fd_sc_mcu7t5v0__dffq_1)
                                             11.892642   data arrival time

                                 25.000000   25.000000   clock clk_i (rise edge)
                                  0.000000   25.000000   clock source latency
     1    0.030020    0.267169    0.122530   25.122528 ^ clk_i (in)
                                                         clk_i (net)
                      0.267170    0.000000   25.122528 ^ clkbuf_0_clk_i/I (gf180mcu_fd_sc_mcu7t5v0__clkbuf_16)
     2    0.046720    0.199990    0.455339   25.577868 ^ clkbuf_0_clk_i/Z (gf180mcu_fd_sc_mcu7t5v0__clkbuf_16)
                                                         clknet_0_clk_i (net)
                      0.199990    0.000240   25.578108 ^ clkbuf_1_1__f_clk_i/I (gf180mcu_fd_sc_mcu7t5v0__clkbuf_16)
     5    0.023306    0.163274    0.411044   25.989151 ^ clkbuf_1_1__f_clk_i/Z (gf180mcu_fd_sc_mcu7t5v0__clkbuf_16)
                                                         clknet_1_1__leaf_clk_i (net)
                      0.163275    0.000435   25.989586 ^ _75_/CLK (gf180mcu_fd_sc_mcu7t5v0__dffq_1)
                                 -0.250000   25.739588   clock uncertainty
                                  0.000000   25.739588   clock reconvergence pessimism
                                 -0.478880   25.260708   library setup time
                                             25.260708   data required time
---------------------------------------------------------------------------------------------
                                             25.260708   data required time
                                            -11.892642   data arrival time
---------------------------------------------------------------------------------------------
                                             13.368066   slack (MET)




===========================================================================
report_checks --slack_max -0.01
============================================================================
======================= max_ss_125C_4v50 Corner ===================================

No paths found.


===========================================================================
 report_check_types -max_slew -max_cap -max_fanout -violators
============================================================================
======================= max_ss_125C_4v50 Corner ===================================



===========================================================================
report_parasitic_annotation -report_unannotated
============================================================================
Found 1 unannotated drivers.
 clkload0/Z
Found 0 partially unannotated drivers.

===========================================================================
max slew violation count 0
max fanout violation count 0
max cap violation count 0
============================================================================

===========================================================================
check_setup -verbose -unconstrained_endpoints -multiple_clock -no_clock -no_input_delay -loops -generated_clocks
===========================================================================
