Clock: clk_i
Sources: clk_i 
Generated: no
Virtual: yes
Propagated: no
Period: 25.000000

===========================================================================
report_clock_properties
============================================================================
Clock                   Period          Waveform
----------------------------------------------------
clk_i                25.000000    0.000000 12.500000

===========================================================================
report_clock_latency
============================================================================
Clock clk_i
rise -> rise
    min     max
0.000000 0.000000 source latency
0.989560         network latency _73_/CLK
        0.992999 network latency _68_/CLK
---------------
0.989560 0.992999 latency
        0.003439 skew

fall -> fall
    min     max
0.000000 0.000000 source latency
0.907225         network latency _73_/CLK
        0.910922 network latency _68_/CLK
---------------
0.907225 0.910922 latency
        0.003697 skew



===========================================================================
report_clock_min_period
============================================================================
clk_i period_min = 7.16 fmax = 139.63
