
===========================================================================
report_checks -path_delay max (Setup)
============================================================================
======================= max_ss_125C_4v50 Corner ===================================

Startpoint: en_i (input port clocked by clk_i)
Endpoint: _75_ (rising edge-triggered flip-flop clocked by clk_i)
Path Group: clk_i
Path Type: max

Fanout         Cap        Slew       Delay        Time   Description
---------------------------------------------------------------------------------------------
                                  0.000000    0.000000   clock clk_i (rise edge)
                                  0.000000    0.000000   clock network delay (propagated)
                                  5.000000    5.000000 ^ input external delay
     1    0.003557    0.188155    0.057414    5.057414 ^ en_i (in)
                                                         en_i (net)
                      0.188155    0.000000    5.057414 ^ input1/I (gf180mcu_fd_sc_mcu7t5v0__dlyb_1)
     6    0.041343    1.228690    2.272997    7.330411 ^ input1/Z (gf180mcu_fd_sc_mcu7t5v0__dlyb_1)
                                                         net1 (net)
                      1.228690    0.001215    7.331626 ^ _49_/A1 (gf180mcu_fd_sc_mcu7t5v0__nand4_1)
     8    0.049034    2.501245    1.663287    8.994913 v _49_/ZN (gf180mcu_fd_sc_mcu7t5v0__nand4_1)
                                                         _22_ (net)
                      2.501245    0.001416    8.996329 v _64_/A3 (gf180mcu_fd_sc_mcu7t5v0__or4_1)
     2    0.008841    0.615412    2.182604   11.178933 v _64_/Z (gf180mcu_fd_sc_mcu7t5v0__or4_1)
                                                         _32_ (net)
                      0.615412    0.000062   11.178995 v _65_/A3 (gf180mcu_fd_sc_mcu7t5v0__and3_1)
     1    0.003016    0.226288    0.713617   11.892612 v _65_/Z (gf180mcu_fd_sc_mcu7t5v0__and3_1)
                                                         _07_ (net)
                      0.226288    0.000030   11.892642 v _75_/D (gf180mcu_fd_sc_mcu7t5v0__dffq_1)
                                             11.892642   data arrival time

                                 25.000000   25.000000   clock clk_i (rise edge)
                                  0.000000   25.000000   clock source latency
     1    0.030020    0.267169    0.122530   25.122528 ^ clk_i (in)
                                                         clk_i (net)
                      0.267170    0.000000   25.122528 ^ clkbuf_0_clk_i/I (gf180mcu_fd_sc_mcu7t5v0__clkbuf_16)
     2    0.046720    0.199990    0.455339   25.577868 ^ clkbuf_0_clk_i/Z (gf180mcu_fd_sc_mcu7t5v0__clkbuf_16)
                                                         clknet_0_clk_i (net)
                      0.199990    0.000240   25.578108 ^ clkbuf_1_1__f_clk_i/I (gf180mcu_fd_sc_mcu7t5v0__clkbuf_16)
     5    0.023306    0.163274    0.411044   25.989151 ^ clkbuf_1_1__f_clk_i/Z (gf180mcu_fd_sc_mcu7t5v0__clkbuf_16)
                                                         clknet_1_1__leaf_clk_i (net)
                      0.163275    0.000435   25.989586 ^ _75_/CLK (gf180mcu_fd_sc_mcu7t5v0__dffq_1)
                                 -0.250000   25.739588   clock uncertainty
                                  0.000000   25.739588   clock reconvergence pessimism
                                 -0.478880   25.260708   library setup time
                                             25.260708   data required time
---------------------------------------------------------------------------------------------
                                             25.260708   data required time
                                            -11.892642   data arrival time
---------------------------------------------------------------------------------------------
                                             13.368066   slack (MET)


Startpoint: en_i (input port clocked by clk_i)
Endpoint: _76_ (rising edge-triggered flip-flop clocked by clk_i)
Path Group: clk_i
Path Type: max

Fanout         Cap        Slew       Delay        Time   Description
---------------------------------------------------------------------------------------------
                                  0.000000    0.000000   clock clk_i (rise edge)
                                  0.000000    0.000000   clock network delay (propagated)
                                  5.000000    5.000000 ^ input external delay
     1    0.003557    0.188155    0.057414    5.057414 ^ en_i (in)
                                                         en_i (net)
                      0.188155    0.000000    5.057414 ^ input1/I (gf180mcu_fd_sc_mcu7t5v0__dlyb_1)
     6    0.041343    1.228690    2.272997    7.330411 ^ input1/Z (gf180mcu_fd_sc_mcu7t5v0__dlyb_1)
                                                         net1 (net)
                      1.228690    0.001215    7.331626 ^ _49_/A1 (gf180mcu_fd_sc_mcu7t5v0__nand4_1)
     8    0.049034    2.501245    1.663287    8.994913 v _49_/ZN (gf180mcu_fd_sc_mcu7t5v0__nand4_1)
                                                         _22_ (net)
                      2.501245    0.001416    8.996329 v _64_/A3 (gf180mcu_fd_sc_mcu7t5v0__or4_1)
     2    0.008841    0.615412    2.182604   11.178933 v _64_/Z (gf180mcu_fd_sc_mcu7t5v0__or4_1)
                                                         _32_ (net)
                      0.615412    0.000133   11.179066 v _67_/A2 (gf180mcu_fd_sc_mcu7t5v0__oai21_1)
     1    0.004270    0.567265    0.455125   11.634191 ^ _67_/ZN (gf180mcu_fd_sc_mcu7t5v0__oai21_1)
                                                         _08_ (net)
                      0.567265    0.000051   11.634241 ^ _76_/D (gf180mcu_fd_sc_mcu7t5v0__dffq_1)
                                             11.634241   data arrival time

                                 25.000000   25.000000   clock clk_i (rise edge)
                                  0.000000   25.000000   clock source latency
     1    0.030020    0.267169    0.122530   25.122528 ^ clk_i (in)
                                                         clk_i (net)
                      0.267170    0.000000   25.122528 ^ clkbuf_0_clk_i/I (gf180mcu_fd_sc_mcu7t5v0__clkbuf_16)
     2    0.046720    0.199990    0.455339   25.577868 ^ clkbuf_0_clk_i/Z (gf180mcu_fd_sc_mcu7t5v0__clkbuf_16)
                                                         clknet_0_clk_i (net)
                      0.199990    0.000240   25.578108 ^ clkbuf_1_1__f_clk_i/I (gf180mcu_fd_sc_mcu7t5v0__clkbuf_16)
     5    0.023306    0.163274    0.411044   25.989151 ^ clkbuf_1_1__f_clk_i/Z (gf180mcu_fd_sc_mcu7t5v0__clkbuf_16)
                                                         clknet_1_1__leaf_clk_i (net)
                      0.163275    0.000451   25.989603 ^ _76_/CLK (gf180mcu_fd_sc_mcu7t5v0__dffq_1)
                                 -0.250000   25.739603   clock uncertainty
                                  0.000000   25.739603   clock reconvergence pessimism
                                 -0.515719   25.223885   library setup time
                                             25.223885   data required time
---------------------------------------------------------------------------------------------
                                             25.223885   data required time
                                            -11.634241   data arrival time
---------------------------------------------------------------------------------------------
                                             13.589643   slack (MET)


Startpoint: _68_ (rising edge-triggered flip-flop clocked by clk_i)
Endpoint: count_o[0] (output port clocked by clk_i)
Path Group: clk_i
Path Type: max

Fanout         Cap        Slew       Delay        Time   Description
---------------------------------------------------------------------------------------------
                                  0.000000    0.000000   clock clk_i (rise edge)
                                  0.000000    0.000000   clock source latency
     1    0.030020    0.267169    0.122530    0.122530 ^ clk_i (in)
                                                         clk_i (net)
                      0.267170    0.000000    0.122530 ^ clkbuf_0_clk_i/I (gf180mcu_fd_sc_mcu7t5v0__clkbuf_16)
     2    0.046720    0.199990    0.455339    0.577869 ^ clkbuf_0_clk_i/Z (gf180mcu_fd_sc_mcu7t5v0__clkbuf_16)
                                                         clknet_0_clk_i (net)
                      0.199990    0.000257    0.578126 ^ clkbuf_1_0__f_clk_i/I (gf180mcu_fd_sc_mcu7t5v0__clkbuf_16)
     5    0.025707    0.167076    0.414688    0.992813 ^ clkbuf_1_0__f_clk_i/Z (gf180mcu_fd_sc_mcu7t5v0__clkbuf_16)
                                                         clknet_1_0__leaf_clk_i (net)
                      0.167076    0.000186    0.992999 ^ _68_/CLK (gf180mcu_fd_sc_mcu7t5v0__dffq_1)
     7    0.041040    1.201360    1.943267    2.936266 ^ _68_/Q (gf180mcu_fd_sc_mcu7t5v0__dffq_1)
                                                         net3 (net)
                      1.201360    0.000301    2.936567 ^ output3/I (gf180mcu_fd_sc_mcu7t5v0__dlyb_1)
     1    0.073686    2.167994    2.855790    5.792357 ^ output3/Z (gf180mcu_fd_sc_mcu7t5v0__dlyb_1)
                                                         count_o[0] (net)
                      2.167994    0.000548    5.792905 ^ count_o[0] (out)
                                              5.792905   data arrival time

                                 25.000000   25.000000   clock clk_i (rise edge)
                                  0.000000   25.000000   clock network delay (propagated)
                                 -0.250000   24.750000   clock uncertainty
                                  0.000000   24.750000   clock reconvergence pessimism
                                 -5.000000   19.750000   output external delay
                                             19.750000   data required time
---------------------------------------------------------------------------------------------
                                             19.750000   data required time
                                             -5.792905   data arrival time
---------------------------------------------------------------------------------------------
                                             13.957094   slack (MET)


Startpoint: _72_ (rising edge-triggered flip-flop clocked by clk_i)
Endpoint: count_o[4] (output port clocked by clk_i)
Path Group: clk_i
Path Type: max

Fanout         Cap        Slew       Delay        Time   Description
---------------------------------------------------------------------------------------------
                                  0.000000    0.000000   clock clk_i (rise edge)
                                  0.000000    0.000000   clock source latency
     1    0.030020    0.267169    0.122530    0.122530 ^ clk_i (in)
                                                         clk_i (net)
                      0.267170    0.000000    0.122530 ^ clkbuf_0_clk_i/I (gf180mcu_fd_sc_mcu7t5v0__clkbuf_16)
     2    0.046720    0.199990    0.455339    0.577869 ^ clkbuf_0_clk_i/Z (gf180mcu_fd_sc_mcu7t5v0__clkbuf_16)
                                                         clknet_0_clk_i (net)
                      0.199990    0.000257    0.578126 ^ clkbuf_1_0__f_clk_i/I (gf180mcu_fd_sc_mcu7t5v0__clkbuf_16)
     5    0.025707    0.167076    0.414688    0.992813 ^ clkbuf_1_0__f_clk_i/Z (gf180mcu_fd_sc_mcu7t5v0__clkbuf_16)
                                                         clknet_1_0__leaf_clk_i (net)
                      0.167076    0.000135    0.992948 ^ _72_/CLK (gf180mcu_fd_sc_mcu7t5v0__dffq_1)
     5    0.028551    0.868439    1.750212    2.743160 ^ _72_/Q (gf180mcu_fd_sc_mcu7t5v0__dffq_1)
                                                         net7 (net)
                      0.868439    0.000192    2.743352 ^ output7/I (gf180mcu_fd_sc_mcu7t5v0__dlyb_1)
     1    0.073658    2.166960    2.845425    5.588777 ^ output7/Z (gf180mcu_fd_sc_mcu7t5v0__dlyb_1)
                                                         count_o[4] (net)
                      2.166960    0.000540    5.589316 ^ count_o[4] (out)
                                              5.589316   data arrival time

                                 25.000000   25.000000   clock clk_i (rise edge)
                                  0.000000   25.000000   clock network delay (propagated)
                                 -0.250000   24.750000   clock uncertainty
                                  0.000000   24.750000   clock reconvergence pessimism
                                 -5.000000   19.750000   output external delay
                                             19.750000   data required time
---------------------------------------------------------------------------------------------
                                             19.750000   data required time
                                             -5.589316   data arrival time
---------------------------------------------------------------------------------------------
                                             14.160684   slack (MET)


Startpoint: _69_ (rising edge-triggered flip-flop clocked by clk_i)
Endpoint: count_o[1] (output port clocked by clk_i)
Path Group: clk_i
Path Type: max

Fanout         Cap        Slew       Delay        Time   Description
---------------------------------------------------------------------------------------------
                                  0.000000    0.000000   clock clk_i (rise edge)
                                  0.000000    0.000000   clock source latency
     1    0.030020    0.267169    0.122530    0.122530 ^ clk_i (in)
                                                         clk_i (net)
                      0.267170    0.000000    0.122530 ^ clkbuf_0_clk_i/I (gf180mcu_fd_sc_mcu7t5v0__clkbuf_16)
     2    0.046720    0.199990    0.455339    0.577869 ^ clkbuf_0_clk_i/Z (gf180mcu_fd_sc_mcu7t5v0__clkbuf_16)
                                                         clknet_0_clk_i (net)
                      0.199990    0.000257    0.578126 ^ clkbuf_1_0__f_clk_i/I (gf180mcu_fd_sc_mcu7t5v0__clkbuf_16)
     5    0.025707    0.167076    0.414688    0.992813 ^ clkbuf_1_0__f_clk_i/Z (gf180mcu_fd_sc_mcu7t5v0__clkbuf_16)
                                                         clknet_1_0__leaf_clk_i (net)
                      0.167076    0.000173    0.992987 ^ _69_/CLK (gf180mcu_fd_sc_mcu7t5v0__dffq_1)
     5    0.025453    0.786212    1.702243    2.695229 ^ _69_/Q (gf180mcu_fd_sc_mcu7t5v0__dffq_1)
                                                         net4 (net)
                      0.786212    0.000486    2.695715 ^ output4/I (gf180mcu_fd_sc_mcu7t5v0__dlyb_1)
     1    0.074863    2.128284    2.859058    5.554774 ^ output4/Z (gf180mcu_fd_sc_mcu7t5v0__dlyb_1)
                                                         count_o[1] (net)
                      2.128284    0.001052    5.555826 ^ count_o[1] (out)
                                              5.555826   data arrival time

                                 25.000000   25.000000   clock clk_i (rise edge)
                                  0.000000   25.000000   clock network delay (propagated)
                                 -0.250000   24.750000   clock uncertainty
                                  0.000000   24.750000   clock reconvergence pessimism
                                 -5.000000   19.750000   output external delay
                                             19.750000   data required time
---------------------------------------------------------------------------------------------
                                             19.750000   data required time
                                             -5.555826   data arrival time
---------------------------------------------------------------------------------------------
                                             14.194174   slack (MET)


Startpoint: _70_ (rising edge-triggered flip-flop clocked by clk_i)
Endpoint: count_o[2] (output port clocked by clk_i)
Path Group: clk_i
Path Type: max

Fanout         Cap        Slew       Delay        Time   Description
---------------------------------------------------------------------------------------------
                                  0.000000    0.000000   clock clk_i (rise edge)
                                  0.000000    0.000000   clock source latency
     1    0.030020    0.267169    0.122530    0.122530 ^ clk_i (in)
                                                         clk_i (net)
                      0.267170    0.000000    0.122530 ^ clkbuf_0_clk_i/I (gf180mcu_fd_sc_mcu7t5v0__clkbuf_16)
     2    0.046720    0.199990    0.455339    0.577869 ^ clkbuf_0_clk_i/Z (gf180mcu_fd_sc_mcu7t5v0__clkbuf_16)
                                                         clknet_0_clk_i (net)
                      0.199990    0.000257    0.578126 ^ clkbuf_1_0__f_clk_i/I (gf180mcu_fd_sc_mcu7t5v0__clkbuf_16)
     5    0.025707    0.167076    0.414688    0.992813 ^ clkbuf_1_0__f_clk_i/Z (gf180mcu_fd_sc_mcu7t5v0__clkbuf_16)
                                                         clknet_1_0__leaf_clk_i (net)
                      0.167076    0.000039    0.992852 ^ _70_/CLK (gf180mcu_fd_sc_mcu7t5v0__dffq_1)
     4    0.022952    0.719903    1.663592    2.656444 ^ _70_/Q (gf180mcu_fd_sc_mcu7t5v0__dffq_1)
                                                         net5 (net)
                      0.719903    0.000201    2.656644 ^ output5/I (gf180mcu_fd_sc_mcu7t5v0__dlyb_1)
     1    0.073952    2.103490    2.841589    5.498233 ^ output5/Z (gf180mcu_fd_sc_mcu7t5v0__dlyb_1)
                                                         count_o[2] (net)
                      2.103490    0.000918    5.499151 ^ count_o[2] (out)
                                              5.499151   data arrival time

                                 25.000000   25.000000   clock clk_i (rise edge)
                                  0.000000   25.000000   clock network delay (propagated)
                                 -0.250000   24.750000   clock uncertainty
                                  0.000000   24.750000   clock reconvergence pessimism
                                 -5.000000   19.750000   output external delay
                                             19.750000   data required time
---------------------------------------------------------------------------------------------
                                             19.750000   data required time
                                             -5.499151   data arrival time
---------------------------------------------------------------------------------------------
                                             14.250848   slack (MET)


Startpoint: _71_ (rising edge-triggered flip-flop clocked by clk_i)
Endpoint: count_o[3] (output port clocked by clk_i)
Path Group: clk_i
Path Type: max

Fanout         Cap        Slew       Delay        Time   Description
---------------------------------------------------------------------------------------------
                                  0.000000    0.000000   clock clk_i (rise edge)
                                  0.000000    0.000000   clock source latency
     1    0.030020    0.267169    0.122530    0.122530 ^ clk_i (in)
                                                         clk_i (net)
                      0.267170    0.000000    0.122530 ^ clkbuf_0_clk_i/I (gf180mcu_fd_sc_mcu7t5v0__clkbuf_16)
     2    0.046720    0.199990    0.455339    0.577869 ^ clkbuf_0_clk_i/Z (gf180mcu_fd_sc_mcu7t5v0__clkbuf_16)
                                                         clknet_0_clk_i (net)
                      0.199990    0.000257    0.578126 ^ clkbuf_1_0__f_clk_i/I (gf180mcu_fd_sc_mcu7t5v0__clkbuf_16)
     5    0.025707    0.167076    0.414688    0.992813 ^ clkbuf_1_0__f_clk_i/Z (gf180mcu_fd_sc_mcu7t5v0__clkbuf_16)
                                                         clknet_1_0__leaf_clk_i (net)
                      0.167076    0.000168    0.992982 ^ _71_/CLK (gf180mcu_fd_sc_mcu7t5v0__dffq_1)
     4    0.022631    0.711392    1.658643    2.651625 ^ _71_/Q (gf180mcu_fd_sc_mcu7t5v0__dffq_1)
                                                         net6 (net)
                      0.711392    0.000347    2.651972 ^ output6/I (gf180mcu_fd_sc_mcu7t5v0__dlyb_1)
     1    0.073982    2.175466    2.842327    5.494298 ^ output6/Z (gf180mcu_fd_sc_mcu7t5v0__dlyb_1)
                                                         count_o[3] (net)
                      2.175466    0.000617    5.494915 ^ count_o[3] (out)
                                              5.494915   data arrival time

                                 25.000000   25.000000   clock clk_i (rise edge)
                                  0.000000   25.000000   clock network delay (propagated)
                                 -0.250000   24.750000   clock uncertainty
                                  0.000000   24.750000   clock reconvergence pessimism
                                 -5.000000   19.750000   output external delay
                                             19.750000   data required time
---------------------------------------------------------------------------------------------
                                             19.750000   data required time
                                             -5.494915   data arrival time
---------------------------------------------------------------------------------------------
                                             14.255085   slack (MET)


Startpoint: _73_ (rising edge-triggered flip-flop clocked by clk_i)
Endpoint: count_o[5] (output port clocked by clk_i)
Path Group: clk_i
Path Type: max

Fanout         Cap        Slew       Delay        Time   Description
---------------------------------------------------------------------------------------------
                                  0.000000    0.000000   clock clk_i (rise edge)
                                  0.000000    0.000000   clock source latency
     1    0.030020    0.267169    0.122530    0.122530 ^ clk_i (in)
                                                         clk_i (net)
                      0.267170    0.000000    0.122530 ^ clkbuf_0_clk_i/I (gf180mcu_fd_sc_mcu7t5v0__clkbuf_16)
     2    0.046720    0.199990    0.455339    0.577869 ^ clkbuf_0_clk_i/Z (gf180mcu_fd_sc_mcu7t5v0__clkbuf_16)
                                                         clknet_0_clk_i (net)
                      0.199990    0.000240    0.578108 ^ clkbuf_1_1__f_clk_i/I (gf180mcu_fd_sc_mcu7t5v0__clkbuf_16)
     5    0.023306    0.163274    0.411043    0.989151 ^ clkbuf_1_1__f_clk_i/Z (gf180mcu_fd_sc_mcu7t5v0__clkbuf_16)
                                                         clknet_1_1__leaf_clk_i (net)
                      0.163275    0.000409    0.989560 ^ _73_/CLK (gf180mcu_fd_sc_mcu7t5v0__dffq_1)
     4    0.020125    0.644943    1.619073    2.608633 ^ _73_/Q (gf180mcu_fd_sc_mcu7t5v0__dffq_1)
                                                         net8 (net)
                      0.644943    0.000230    2.608863 ^ output8/I (gf180mcu_fd_sc_mcu7t5v0__dlyb_1)
     1    0.073626    2.094495    2.832728    5.441591 ^ output8/Z (gf180mcu_fd_sc_mcu7t5v0__dlyb_1)
                                                         count_o[5] (net)
                      2.094495    0.000834    5.442425 ^ count_o[5] (out)
                                              5.442425   data arrival time

                                 25.000000   25.000000   clock clk_i (rise edge)
                                  0.000000   25.000000   clock network delay (propagated)
                                 -0.250000   24.750000   clock uncertainty
                                  0.000000   24.750000   clock reconvergence pessimism
                                 -5.000000   19.750000   output external delay
                                             19.750000   data required time
---------------------------------------------------------------------------------------------
                                             19.750000   data required time
                                             -5.442425   data arrival time
---------------------------------------------------------------------------------------------
                                             14.307574   slack (MET)


Startpoint: en_i (input port clocked by clk_i)
Endpoint: _73_ (rising edge-triggered flip-flop clocked by clk_i)
Path Group: clk_i
Path Type: max

Fanout         Cap        Slew       Delay        Time   Description
---------------------------------------------------------------------------------------------
                                  0.000000    0.000000   clock clk_i (rise edge)
                                  0.000000    0.000000   clock network delay (propagated)
                                  5.000000    5.000000 ^ input external delay
     1    0.003557    0.188155    0.057414    5.057414 ^ en_i (in)
                                                         en_i (net)
                      0.188155    0.000000    5.057414 ^ input1/I (gf180mcu_fd_sc_mcu7t5v0__dlyb_1)
     6    0.041343    1.228690    2.272997    7.330411 ^ input1/Z (gf180mcu_fd_sc_mcu7t5v0__dlyb_1)
                                                         net1 (net)
                      1.228690    0.001215    7.331626 ^ _49_/A1 (gf180mcu_fd_sc_mcu7t5v0__nand4_1)
     8    0.049034    2.501245    1.663287    8.994913 v _49_/ZN (gf180mcu_fd_sc_mcu7t5v0__nand4_1)
                                                         _22_ (net)
                      2.501245    0.001297    8.996210 v _57_/A3 (gf180mcu_fd_sc_mcu7t5v0__oai31_1)
     1    0.003272    1.145322    1.100815   10.097025 ^ _57_/ZN (gf180mcu_fd_sc_mcu7t5v0__oai31_1)
                                                         _27_ (net)
                      1.145322    0.000032   10.097056 ^ _59_/A2 (gf180mcu_fd_sc_mcu7t5v0__and3_1)
     1    0.003903    0.313288    0.814775   10.911832 ^ _59_/Z (gf180mcu_fd_sc_mcu7t5v0__and3_1)
                                                         _05_ (net)
                      0.313288    0.000080   10.911912 ^ _73_/D (gf180mcu_fd_sc_mcu7t5v0__dffq_1)
                                             10.911912   data arrival time

                                 25.000000   25.000000   clock clk_i (rise edge)
                                  0.000000   25.000000   clock source latency
     1    0.030020    0.267169    0.122530   25.122528 ^ clk_i (in)
                                                         clk_i (net)
                      0.267170    0.000000   25.122528 ^ clkbuf_0_clk_i/I (gf180mcu_fd_sc_mcu7t5v0__clkbuf_16)
     2    0.046720    0.199990    0.455339   25.577868 ^ clkbuf_0_clk_i/Z (gf180mcu_fd_sc_mcu7t5v0__clkbuf_16)
                                                         clknet_0_clk_i (net)
                      0.199990    0.000240   25.578108 ^ clkbuf_1_1__f_clk_i/I (gf180mcu_fd_sc_mcu7t5v0__clkbuf_16)
     5    0.023306    0.163274    0.411044   25.989151 ^ clkbuf_1_1__f_clk_i/Z (gf180mcu_fd_sc_mcu7t5v0__clkbuf_16)
                                                         clknet_1_1__leaf_clk_i (net)
                      0.163275    0.000409   25.989559 ^ _73_/CLK (gf180mcu_fd_sc_mcu7t5v0__dffq_1)
                                 -0.250000   25.739561   clock uncertainty
                                  0.000000   25.739561   clock reconvergence pessimism
                                 -0.476835   25.262726   library setup time
                                             25.262726   data required time
---------------------------------------------------------------------------------------------
                                             25.262726   data required time
                                            -10.911912   data arrival time
---------------------------------------------------------------------------------------------
                                             14.350814   slack (MET)


Startpoint: _74_ (rising edge-triggered flip-flop clocked by clk_i)
Endpoint: count_o[6] (output port clocked by clk_i)
Path Group: clk_i
Path Type: max

Fanout         Cap        Slew       Delay        Time   Description
---------------------------------------------------------------------------------------------
                                  0.000000    0.000000   clock clk_i (rise edge)
                                  0.000000    0.000000   clock source latency
     1    0.030020    0.267169    0.122530    0.122530 ^ clk_i (in)
                                                         clk_i (net)
                      0.267170    0.000000    0.122530 ^ clkbuf_0_clk_i/I (gf180mcu_fd_sc_mcu7t5v0__clkbuf_16)
     2    0.046720    0.199990    0.455339    0.577869 ^ clkbuf_0_clk_i/Z (gf180mcu_fd_sc_mcu7t5v0__clkbuf_16)
                                                         clknet_0_clk_i (net)
                      0.199990    0.000240    0.578108 ^ clkbuf_1_1__f_clk_i/I (gf180mcu_fd_sc_mcu7t5v0__clkbuf_16)
     5    0.023306    0.163274    0.411043    0.989151 ^ clkbuf_1_1__f_clk_i/Z (gf180mcu_fd_sc_mcu7t5v0__clkbuf_16)
                                                         clknet_1_1__leaf_clk_i (net)
                      0.163275    0.000420    0.989571 ^ _74_/CLK (gf180mcu_fd_sc_mcu7t5v0__dffq_1)
     3    0.015577    0.529536    1.548159    2.537730 ^ _74_/Q (gf180mcu_fd_sc_mcu7t5v0__dffq_1)
                                                         net9 (net)
                      0.529536    0.000231    2.537962 ^ output9/I (gf180mcu_fd_sc_mcu7t5v0__dlyb_1)
     1    0.073915    2.101982    2.828496    5.366457 ^ output9/Z (gf180mcu_fd_sc_mcu7t5v0__dlyb_1)
                                                         count_o[6] (net)
                      2.101982    0.000897    5.367354 ^ count_o[6] (out)
                                              5.367354   data arrival time

                                 25.000000   25.000000   clock clk_i (rise edge)
                                  0.000000   25.000000   clock network delay (propagated)
                                 -0.250000   24.750000   clock uncertainty
                                  0.000000   24.750000   clock reconvergence pessimism
                                 -5.000000   19.750000   output external delay
                                             19.750000   data required time
---------------------------------------------------------------------------------------------
                                             19.750000   data required time
                                             -5.367354   data arrival time
---------------------------------------------------------------------------------------------
                                             14.382645   slack (MET)


Startpoint: _76_ (rising edge-triggered flip-flop clocked by clk_i)
Endpoint: ovf_o (output port clocked by clk_i)
Path Group: clk_i
Path Type: max

Fanout         Cap        Slew       Delay        Time   Description
---------------------------------------------------------------------------------------------
                                  0.000000    0.000000   clock clk_i (rise edge)
                                  0.000000    0.000000   clock source latency
     1    0.030020    0.267169    0.122530    0.122530 ^ clk_i (in)
                                                         clk_i (net)
                      0.267170    0.000000    0.122530 ^ clkbuf_0_clk_i/I (gf180mcu_fd_sc_mcu7t5v0__clkbuf_16)
     2    0.046720    0.199990    0.455339    0.577869 ^ clkbuf_0_clk_i/Z (gf180mcu_fd_sc_mcu7t5v0__clkbuf_16)
                                                         clknet_0_clk_i (net)
                      0.199990    0.000240    0.578108 ^ clkbuf_1_1__f_clk_i/I (gf180mcu_fd_sc_mcu7t5v0__clkbuf_16)
     5    0.023306    0.163274    0.411043    0.989151 ^ clkbuf_1_1__f_clk_i/Z (gf180mcu_fd_sc_mcu7t5v0__clkbuf_16)
                                                         clknet_1_1__leaf_clk_i (net)
                      0.163275    0.000452    0.989603 ^ _76_/CLK (gf180mcu_fd_sc_mcu7t5v0__dffq_1)
     2    0.010868    0.410404    1.474712    2.464315 ^ _76_/Q (gf180mcu_fd_sc_mcu7t5v0__dffq_1)
                                                         net11 (net)
                      0.410404    0.000151    2.464466 ^ output11/I (gf180mcu_fd_sc_mcu7t5v0__dlyb_1)
     1    0.074021    2.104845    2.813523    5.277989 ^ output11/Z (gf180mcu_fd_sc_mcu7t5v0__dlyb_1)
                                                         ovf_o (net)
                      2.104845    0.000928    5.278916 ^ ovf_o (out)
                                              5.278916   data arrival time

                                 25.000000   25.000000   clock clk_i (rise edge)
                                  0.000000   25.000000   clock network delay (propagated)
                                 -0.250000   24.750000   clock uncertainty
                                  0.000000   24.750000   clock reconvergence pessimism
                                 -5.000000   19.750000   output external delay
                                             19.750000   data required time
---------------------------------------------------------------------------------------------
                                             19.750000   data required time
                                             -5.278916   data arrival time
---------------------------------------------------------------------------------------------
                                             14.471083   slack (MET)


Startpoint: _75_ (rising edge-triggered flip-flop clocked by clk_i)
Endpoint: count_o[7] (output port clocked by clk_i)
Path Group: clk_i
Path Type: max

Fanout         Cap        Slew       Delay        Time   Description
---------------------------------------------------------------------------------------------
                                  0.000000    0.000000   clock clk_i (rise edge)
                                  0.000000    0.000000   clock source latency
     1    0.030020    0.267169    0.122530    0.122530 ^ clk_i (in)
                                                         clk_i (net)
                      0.267170    0.000000    0.122530 ^ clkbuf_0_clk_i/I (gf180mcu_fd_sc_mcu7t5v0__clkbuf_16)
     2    0.046720    0.199990    0.455339    0.577869 ^ clkbuf_0_clk_i/Z (gf180mcu_fd_sc_mcu7t5v0__clkbuf_16)
                                                         clknet_0_clk_i (net)
                      0.199990    0.000240    0.578108 ^ clkbuf_1_1__f_clk_i/I (gf180mcu_fd_sc_mcu7t5v0__clkbuf_16)
     5    0.023306    0.163274    0.411043    0.989151 ^ clkbuf_1_1__f_clk_i/Z (gf180mcu_fd_sc_mcu7t5v0__clkbuf_16)
                                                         clknet_1_1__leaf_clk_i (net)
                      0.163275    0.000436    0.989587 ^ _75_/CLK (gf180mcu_fd_sc_mcu7t5v0__dffq_1)
     2    0.009506    0.376000    1.453468    2.443056 ^ _75_/Q (gf180mcu_fd_sc_mcu7t5v0__dffq_1)
                                                         net10 (net)
                      0.376000    0.000145    2.443200 ^ output10/I (gf180mcu_fd_sc_mcu7t5v0__dlyb_1)
     1    0.073927    2.102307    2.807286    5.250486 ^ output10/Z (gf180mcu_fd_sc_mcu7t5v0__dlyb_1)
                                                         count_o[7] (net)
                      2.102307    0.000896    5.251382 ^ count_o[7] (out)
                                              5.251382   data arrival time

                                 25.000000   25.000000   clock clk_i (rise edge)
                                  0.000000   25.000000   clock network delay (propagated)
                                 -0.250000   24.750000   clock uncertainty
                                  0.000000   24.750000   clock reconvergence pessimism
                                 -5.000000   19.750000   output external delay
                                             19.750000   data required time
---------------------------------------------------------------------------------------------
                                             19.750000   data required time
                                             -5.251382   data arrival time
---------------------------------------------------------------------------------------------
                                             14.498617   slack (MET)


Startpoint: en_i (input port clocked by clk_i)
Endpoint: _74_ (rising edge-triggered flip-flop clocked by clk_i)
Path Group: clk_i
Path Type: max

Fanout         Cap        Slew       Delay        Time   Description
---------------------------------------------------------------------------------------------
                                  0.000000    0.000000   clock clk_i (rise edge)
                                  0.000000    0.000000   clock network delay (propagated)
                                  5.000000    5.000000 ^ input external delay
     1    0.003557    0.188155    0.057414    5.057414 ^ en_i (in)
                                                         en_i (net)
                      0.188155    0.000000    5.057414 ^ input1/I (gf180mcu_fd_sc_mcu7t5v0__dlyb_1)
     6    0.041343    1.228690    2.272997    7.330411 ^ input1/Z (gf180mcu_fd_sc_mcu7t5v0__dlyb_1)
                                                         net1 (net)
                      1.228690    0.001215    7.331626 ^ _49_/A1 (gf180mcu_fd_sc_mcu7t5v0__nand4_1)
     8    0.049034    2.501245    1.663287    8.994913 v _49_/ZN (gf180mcu_fd_sc_mcu7t5v0__nand4_1)
                                                         _22_ (net)
                      2.501245    0.001300    8.996214 v _61_/A2 (gf180mcu_fd_sc_mcu7t5v0__nor3_1)
     1    0.006854    1.210688    1.101803   10.098017 ^ _61_/ZN (gf180mcu_fd_sc_mcu7t5v0__nor3_1)
                                                         _30_ (net)
                      1.210688    0.000095   10.098112 ^ _62_/B (gf180mcu_fd_sc_mcu7t5v0__aoi211_1)
     1    0.003135    0.613725    0.480020   10.578132 v _62_/ZN (gf180mcu_fd_sc_mcu7t5v0__aoi211_1)
                                                         _06_ (net)
                      0.613725    0.000058   10.578189 v _74_/D (gf180mcu_fd_sc_mcu7t5v0__dffq_1)
                                             10.578189   data arrival time

                                 25.000000   25.000000   clock clk_i (rise edge)
                                  0.000000   25.000000   clock source latency
     1    0.030020    0.267169    0.122530   25.122528 ^ clk_i (in)
                                                         clk_i (net)
                      0.267170    0.000000   25.122528 ^ clkbuf_0_clk_i/I (gf180mcu_fd_sc_mcu7t5v0__clkbuf_16)
     2    0.046720    0.199990    0.455339   25.577868 ^ clkbuf_0_clk_i/Z (gf180mcu_fd_sc_mcu7t5v0__clkbuf_16)
                                                         clknet_0_clk_i (net)
                      0.199990    0.000240   25.578108 ^ clkbuf_1_1__f_clk_i/I (gf180mcu_fd_sc_mcu7t5v0__clkbuf_16)
     5    0.023306    0.163274    0.411044   25.989151 ^ clkbuf_1_1__f_clk_i/Z (gf180mcu_fd_sc_mcu7t5v0__clkbuf_16)
                                                         clknet_1_1__leaf_clk_i (net)
                      0.163275    0.000419   25.989571 ^ _74_/CLK (gf180mcu_fd_sc_mcu7t5v0__dffq_1)
                                 -0.250000   25.739571   clock uncertainty
                                  0.000000   25.739571   clock reconvergence pessimism
                                 -0.599899   25.139673   library setup time
                                             25.139673   data required time
---------------------------------------------------------------------------------------------
                                             25.139673   data required time
                                            -10.578189   data arrival time
---------------------------------------------------------------------------------------------
                                             14.561483   slack (MET)


Startpoint: en_i (input port clocked by clk_i)
Endpoint: _72_ (rising edge-triggered flip-flop clocked by clk_i)
Path Group: clk_i
Path Type: max

Fanout         Cap        Slew       Delay        Time   Description
---------------------------------------------------------------------------------------------
                                  0.000000    0.000000   clock clk_i (rise edge)
                                  0.000000    0.000000   clock network delay (propagated)
                                  5.000000    5.000000 ^ input external delay
     1    0.003557    0.188155    0.057414    5.057414 ^ en_i (in)
                                                         en_i (net)
                      0.188155    0.000000    5.057414 ^ input1/I (gf180mcu_fd_sc_mcu7t5v0__dlyb_1)
     6    0.041343    1.228690    2.272997    7.330411 ^ input1/Z (gf180mcu_fd_sc_mcu7t5v0__dlyb_1)
                                                         net1 (net)
                      1.228690    0.001215    7.331626 ^ _49_/A1 (gf180mcu_fd_sc_mcu7t5v0__nand4_1)
     8    0.049034    2.501245    1.663287    8.994913 v _49_/ZN (gf180mcu_fd_sc_mcu7t5v0__nand4_1)
                                                         _22_ (net)
                      2.501245    0.001172    8.996086 v _55_/A3 (gf180mcu_fd_sc_mcu7t5v0__nor3_1)
     1    0.006686    1.210087    1.000774    9.996860 ^ _55_/ZN (gf180mcu_fd_sc_mcu7t5v0__nor3_1)
                                                         _26_ (net)
                      1.210087    0.000088    9.996947 ^ _56_/A3 (gf180mcu_fd_sc_mcu7t5v0__nor3_1)
     1    0.004836    0.588545    0.444865   10.441813 v _56_/ZN (gf180mcu_fd_sc_mcu7t5v0__nor3_1)
                                                         _04_ (net)
                      0.588545    0.000064   10.441877 v _72_/D (gf180mcu_fd_sc_mcu7t5v0__dffq_1)
                                             10.441877   data arrival time

                                 25.000000   25.000000   clock clk_i (rise edge)
                                  0.000000   25.000000   clock source latency
     1    0.030020    0.267169    0.122530   25.122528 ^ clk_i (in)
                                                         clk_i (net)
                      0.267170    0.000000   25.122528 ^ clkbuf_0_clk_i/I (gf180mcu_fd_sc_mcu7t5v0__clkbuf_16)
     2    0.046720    0.199990    0.455339   25.577868 ^ clkbuf_0_clk_i/Z (gf180mcu_fd_sc_mcu7t5v0__clkbuf_16)
                                                         clknet_0_clk_i (net)
                      0.199990    0.000258   25.578125 ^ clkbuf_1_0__f_clk_i/I (gf180mcu_fd_sc_mcu7t5v0__clkbuf_16)
     5    0.025707    0.167076    0.414687   25.992813 ^ clkbuf_1_0__f_clk_i/Z (gf180mcu_fd_sc_mcu7t5v0__clkbuf_16)
                                                         clknet_1_0__leaf_clk_i (net)
                      0.167076    0.000135   25.992947 ^ _72_/CLK (gf180mcu_fd_sc_mcu7t5v0__dffq_1)
                                 -0.250000   25.742949   clock uncertainty
                                  0.000000   25.742949   clock reconvergence pessimism
                                 -0.590000   25.152946   library setup time
                                             25.152946   data required time
---------------------------------------------------------------------------------------------
                                             25.152946   data required time
                                            -10.441877   data arrival time
---------------------------------------------------------------------------------------------
                                             14.711070   slack (MET)


Startpoint: en_i (input port clocked by clk_i)
Endpoint: _70_ (rising edge-triggered flip-flop clocked by clk_i)
Path Group: clk_i
Path Type: max

Fanout         Cap        Slew       Delay        Time   Description
---------------------------------------------------------------------------------------------
                                  0.000000    0.000000   clock clk_i (rise edge)
                                  0.000000    0.000000   clock network delay (propagated)
                                  5.000000    5.000000 ^ input external delay
     1    0.003557    0.188155    0.057414    5.057414 ^ en_i (in)
                                                         en_i (net)
                      0.188155    0.000000    5.057414 ^ input1/I (gf180mcu_fd_sc_mcu7t5v0__dlyb_1)
     6    0.041343    1.228690    2.272997    7.330411 ^ input1/Z (gf180mcu_fd_sc_mcu7t5v0__dlyb_1)
                                                         net1 (net)
                      1.228690    0.001215    7.331626 ^ _49_/A1 (gf180mcu_fd_sc_mcu7t5v0__nand4_1)
     8    0.049034    2.501245    1.663287    8.994913 v _49_/ZN (gf180mcu_fd_sc_mcu7t5v0__nand4_1)
                                                         _22_ (net)
                      2.501245    0.000578    8.995492 v _50_/A2 (gf180mcu_fd_sc_mcu7t5v0__nand2_1)
     1    0.004895    0.694568    0.796775    9.792267 ^ _50_/ZN (gf180mcu_fd_sc_mcu7t5v0__nand2_1)
                                                         _23_ (net)
                      0.694568    0.000094    9.792361 ^ _51_/B (gf180mcu_fd_sc_mcu7t5v0__aoi21_1)
     1    0.004173    0.464089    0.389418   10.181779 v _51_/ZN (gf180mcu_fd_sc_mcu7t5v0__aoi21_1)
                                                         _02_ (net)
                      0.464089    0.000083   10.181863 v _70_/D (gf180mcu_fd_sc_mcu7t5v0__dffq_1)
                                             10.181863   data arrival time

                                 25.000000   25.000000   clock clk_i (rise edge)
                                  0.000000   25.000000   clock source latency
     1    0.030020    0.267169    0.122530   25.122528 ^ clk_i (in)
                                                         clk_i (net)
                      0.267170    0.000000   25.122528 ^ clkbuf_0_clk_i/I (gf180mcu_fd_sc_mcu7t5v0__clkbuf_16)
     2    0.046720    0.199990    0.455339   25.577868 ^ clkbuf_0_clk_i/Z (gf180mcu_fd_sc_mcu7t5v0__clkbuf_16)
                                                         clknet_0_clk_i (net)
                      0.199990    0.000258   25.578125 ^ clkbuf_1_0__f_clk_i/I (gf180mcu_fd_sc_mcu7t5v0__clkbuf_16)
     5    0.025707    0.167076    0.414687   25.992813 ^ clkbuf_1_0__f_clk_i/Z (gf180mcu_fd_sc_mcu7t5v0__clkbuf_16)
                                                         clknet_1_0__leaf_clk_i (net)
                      0.167076    0.000039   25.992851 ^ _70_/CLK (gf180mcu_fd_sc_mcu7t5v0__dffq_1)
                                 -0.250000   25.742851   clock uncertainty
                                  0.000000   25.742851   clock reconvergence pessimism
                                 -0.550134   25.192719   library setup time
                                             25.192719   data required time
---------------------------------------------------------------------------------------------
                                             25.192719   data required time
                                            -10.181863   data arrival time
---------------------------------------------------------------------------------------------
                                             15.010856   slack (MET)


Startpoint: en_i (input port clocked by clk_i)
Endpoint: _71_ (rising edge-triggered flip-flop clocked by clk_i)
Path Group: clk_i
Path Type: max

Fanout         Cap        Slew       Delay        Time   Description
---------------------------------------------------------------------------------------------
                                  0.000000    0.000000   clock clk_i (rise edge)
                                  0.000000    0.000000   clock network delay (propagated)
                                  5.000000    5.000000 ^ input external delay
     1    0.003557    0.188155    0.057414    5.057414 ^ en_i (in)
                                                         en_i (net)
                      0.188155    0.000000    5.057414 ^ input1/I (gf180mcu_fd_sc_mcu7t5v0__dlyb_1)
     6    0.041343    1.228690    2.272997    7.330411 ^ input1/Z (gf180mcu_fd_sc_mcu7t5v0__dlyb_1)
                                                         net1 (net)
                      1.228690    0.001215    7.331626 ^ _49_/A1 (gf180mcu_fd_sc_mcu7t5v0__nand4_1)
     8    0.049034    2.501245    1.663287    8.994913 v _49_/ZN (gf180mcu_fd_sc_mcu7t5v0__nand4_1)
                                                         _22_ (net)
                      2.501245    0.000620    8.995533 v _52_/A2 (gf180mcu_fd_sc_mcu7t5v0__oai21_1)
     1    0.004285    0.840939    0.780696    9.776230 ^ _52_/ZN (gf180mcu_fd_sc_mcu7t5v0__oai21_1)
                                                         _24_ (net)
                      0.840939    0.000042    9.776272 ^ _53_/B (gf180mcu_fd_sc_mcu7t5v0__aoi21_1)
     1    0.002854    0.533243    0.383380   10.159651 v _53_/ZN (gf180mcu_fd_sc_mcu7t5v0__aoi21_1)
                                                         _03_ (net)
                      0.533243    0.000028   10.159679 v _71_/D (gf180mcu_fd_sc_mcu7t5v0__dffq_1)
                                             10.159679   data arrival time

                                 25.000000   25.000000   clock clk_i (rise edge)
                                  0.000000   25.000000   clock source latency
     1    0.030020    0.267169    0.122530   25.122528 ^ clk_i (in)
                                                         clk_i (net)
                      0.267170    0.000000   25.122528 ^ clkbuf_0_clk_i/I (gf180mcu_fd_sc_mcu7t5v0__clkbuf_16)
     2    0.046720    0.199990    0.455339   25.577868 ^ clkbuf_0_clk_i/Z (gf180mcu_fd_sc_mcu7t5v0__clkbuf_16)
                                                         clknet_0_clk_i (net)
                      0.199990    0.000258   25.578125 ^ clkbuf_1_0__f_clk_i/I (gf180mcu_fd_sc_mcu7t5v0__clkbuf_16)
     5    0.025707    0.167076    0.414687   25.992813 ^ clkbuf_1_0__f_clk_i/Z (gf180mcu_fd_sc_mcu7t5v0__clkbuf_16)
                                                         clknet_1_0__leaf_clk_i (net)
                      0.167076    0.000169   25.992981 ^ _71_/CLK (gf180mcu_fd_sc_mcu7t5v0__dffq_1)
                                 -0.250000   25.742981   clock uncertainty
                                  0.000000   25.742981   clock reconvergence pessimism
                                 -0.571410   25.171572   library setup time
                                             25.171572   data required time
---------------------------------------------------------------------------------------------
                                             25.171572   data required time
                                            -10.159679   data arrival time
---------------------------------------------------------------------------------------------
                                             15.011892   slack (MET)


Startpoint: rst_ni (input port clocked by clk_i)
Endpoint: _68_ (rising edge-triggered flip-flop clocked by clk_i)
Path Group: clk_i
Path Type: max

Fanout         Cap        Slew       Delay        Time   Description
---------------------------------------------------------------------------------------------
                                  0.000000    0.000000   clock clk_i (rise edge)
                                  0.000000    0.000000   clock network delay (propagated)
                                  5.000000    5.000000 v input external delay
     1    0.004403    0.119285    0.043252    5.043252 v rst_ni (in)
                                                         rst_ni (net)
                      0.119285    0.000000    5.043252 v input2/I (gf180mcu_fd_sc_mcu7t5v0__dlyb_1)
     8    0.052988    1.100218    2.504198    7.547450 v input2/Z (gf180mcu_fd_sc_mcu7t5v0__dlyb_1)
                                                         net2 (net)
                      1.100222    0.001779    7.549229 v _41_/A2 (gf180mcu_fd_sc_mcu7t5v0__nand2_1)
     2    0.012566    0.671340    0.663530    8.212759 ^ _41_/ZN (gf180mcu_fd_sc_mcu7t5v0__nand2_1)
                                                         _16_ (net)
                      0.671340    0.000102    8.212861 ^ _43_/B1 (gf180mcu_fd_sc_mcu7t5v0__aoi22_1)
     1    0.003675    0.507878    0.379018    8.591879 v _43_/ZN (gf180mcu_fd_sc_mcu7t5v0__aoi22_1)
                                                         _00_ (net)
                      0.507878    0.000040    8.591919 v _68_/D (gf180mcu_fd_sc_mcu7t5v0__dffq_1)
                                              8.591919   data arrival time

                                 25.000000   25.000000   clock clk_i (rise edge)
                                  0.000000   25.000000   clock source latency
     1    0.030020    0.267169    0.122530   25.122528 ^ clk_i (in)
                                                         clk_i (net)
                      0.267170    0.000000   25.122528 ^ clkbuf_0_clk_i/I (gf180mcu_fd_sc_mcu7t5v0__clkbuf_16)
     2    0.046720    0.199990    0.455339   25.577868 ^ clkbuf_0_clk_i/Z (gf180mcu_fd_sc_mcu7t5v0__clkbuf_16)
                                                         clknet_0_clk_i (net)
                      0.199990    0.000258   25.578125 ^ clkbuf_1_0__f_clk_i/I (gf180mcu_fd_sc_mcu7t5v0__clkbuf_16)
     5    0.025707    0.167076    0.414687   25.992813 ^ clkbuf_1_0__f_clk_i/Z (gf180mcu_fd_sc_mcu7t5v0__clkbuf_16)
                                                         clknet_1_0__leaf_clk_i (net)
                      0.167076    0.000187   25.992998 ^ _68_/CLK (gf180mcu_fd_sc_mcu7t5v0__dffq_1)
                                 -0.250000   25.743000   clock uncertainty
                                  0.000000   25.743000   clock reconvergence pessimism
                                 -0.563606   25.179394   library setup time
                                             25.179394   data required time
---------------------------------------------------------------------------------------------
                                             25.179394   data required time
                                             -8.591919   data arrival time
---------------------------------------------------------------------------------------------
                                             16.587475   slack (MET)


Startpoint: en_i (input port clocked by clk_i)
Endpoint: _69_ (rising edge-triggered flip-flop clocked by clk_i)
Path Group: clk_i
Path Type: max

Fanout         Cap        Slew       Delay        Time   Description
---------------------------------------------------------------------------------------------
                                  0.000000    0.000000   clock clk_i (rise edge)
                                  0.000000    0.000000   clock network delay (propagated)
                                  5.000000    5.000000 v input external delay
     1    0.003557    0.106029    0.034968    5.034968 v en_i (in)
                                                         en_i (net)
                      0.106029    0.000000    5.034968 v input1/I (gf180mcu_fd_sc_mcu7t5v0__dlyb_1)
     6    0.041343    0.935776    2.366732    7.401700 v input1/Z (gf180mcu_fd_sc_mcu7t5v0__dlyb_1)
                                                         net1 (net)
                      0.935776    0.001267    7.402967 v _45_/A1 (gf180mcu_fd_sc_mcu7t5v0__nand3_1)
     2    0.013436    0.788283    0.665540    8.068507 ^ _45_/ZN (gf180mcu_fd_sc_mcu7t5v0__nand3_1)
                                                         _19_ (net)
                      0.788283    0.000090    8.068597 ^ _46_/A2 (gf180mcu_fd_sc_mcu7t5v0__nand2_1)
     1    0.004965    0.490808    0.229043    8.297640 v _46_/ZN (gf180mcu_fd_sc_mcu7t5v0__nand2_1)
                                                         _20_ (net)
                      0.490808    0.000049    8.297689 v _47_/A2 (gf180mcu_fd_sc_mcu7t5v0__nor2_1)
     1    0.002975    0.413804    0.355275    8.652964 ^ _47_/ZN (gf180mcu_fd_sc_mcu7t5v0__nor2_1)
                                                         _01_ (net)
                      0.413804    0.000029    8.652993 ^ _69_/D (gf180mcu_fd_sc_mcu7t5v0__dffq_1)
                                              8.652993   data arrival time

                                 25.000000   25.000000   clock clk_i (rise edge)
                                  0.000000   25.000000   clock source latency
     1    0.030020    0.267169    0.122530   25.122528 ^ clk_i (in)
                                                         clk_i (net)
                      0.267170    0.000000   25.122528 ^ clkbuf_0_clk_i/I (gf180mcu_fd_sc_mcu7t5v0__clkbuf_16)
     2    0.046720    0.199990    0.455339   25.577868 ^ clkbuf_0_clk_i/Z (gf180mcu_fd_sc_mcu7t5v0__clkbuf_16)
                                                         clknet_0_clk_i (net)
                      0.199990    0.000258   25.578125 ^ clkbuf_1_0__f_clk_i/I (gf180mcu_fd_sc_mcu7t5v0__clkbuf_16)
     5    0.025707    0.167076    0.414687   25.992813 ^ clkbuf_1_0__f_clk_i/Z (gf180mcu_fd_sc_mcu7t5v0__clkbuf_16)
                                                         clknet_1_0__leaf_clk_i (net)
                      0.167076    0.000174   25.992987 ^ _69_/CLK (gf180mcu_fd_sc_mcu7t5v0__dffq_1)
                                 -0.250000   25.742987   clock uncertainty
                                  0.000000   25.742987   clock reconvergence pessimism
                                 -0.491448   25.251541   library setup time
                                             25.251541   data required time
---------------------------------------------------------------------------------------------
                                             25.251541   data required time
                                             -8.652993   data arrival time
---------------------------------------------------------------------------------------------
                                             16.598547   slack (MET)



