
===========================================================================
report_checks -unconstrained
===========================================================================
======================= nom_ss_125C_4v50 Corner ===================================

Startpoint: en_i (input port clocked by clk_i)
Endpoint: _75_ (rising edge-triggered flip-flop clocked by clk_i)
Path Group: clk_i
Path Type: max

Fanout         Cap        Slew       Delay        Time   Description
---------------------------------------------------------------------------------------------
                                  0.000000    0.000000   clock clk_i (rise edge)
                                  0.000000    0.000000   clock network delay (propagated)
                                  5.000000    5.000000 ^ input external delay
     1    0.003997    0.197335    0.064371    5.064371 ^ en_i (in)
                                                         en_i (net)
                      0.197335    0.000000    5.064371 ^ input1/I (gf180mcu_fd_sc_mcu7t5v0__dlyb_1)
     6    0.033240    1.016359    2.148784    7.213156 ^ input1/Z (gf180mcu_fd_sc_mcu7t5v0__dlyb_1)
                                                         net1 (net)
                      1.016359    0.000519    7.213675 ^ _49_/A1 (gf180mcu_fd_sc_mcu7t5v0__nand4_1)
     8    0.048220    2.541081    1.604727    8.818401 v _49_/ZN (gf180mcu_fd_sc_mcu7t5v0__nand4_1)
                                                         _22_ (net)
                      2.541081    0.000965    8.819366 v _64_/A3 (gf180mcu_fd_sc_mcu7t5v0__or4_1)
     2    0.009814    0.642640    2.213438   11.032805 v _64_/Z (gf180mcu_fd_sc_mcu7t5v0__or4_1)
                                                         _32_ (net)
                      0.642640    0.000122   11.032927 v _65_/A3 (gf180mcu_fd_sc_mcu7t5v0__and3_1)
     1    0.003044    0.227423    0.723021   11.755948 v _65_/Z (gf180mcu_fd_sc_mcu7t5v0__and3_1)
                                                         _07_ (net)
                      0.227423    0.000030   11.755978 v _75_/D (gf180mcu_fd_sc_mcu7t5v0__dffq_1)
                                             11.755978   data arrival time

                                 25.000000   25.000000   clock clk_i (rise edge)
                                  0.000000   25.000000   clock source latency
     1    0.027839    0.252503    0.113689   25.113688 ^ clk_i (in)
                                                         clk_i (net)
                      0.252504    0.000000   25.113688 ^ clkbuf_0_clk_i/I (gf180mcu_fd_sc_mcu7t5v0__clkbuf_16)
     2    0.048315    0.202264    0.453730   25.567417 ^ clkbuf_0_clk_i/Z (gf180mcu_fd_sc_mcu7t5v0__clkbuf_16)
                                                         clknet_0_clk_i (net)
                      0.202264    0.000501   25.567919 ^ clkbuf_1_1__f_clk_i/I (gf180mcu_fd_sc_mcu7t5v0__clkbuf_16)
     5    0.024181    0.164666    0.412863   25.980782 ^ clkbuf_1_1__f_clk_i/Z (gf180mcu_fd_sc_mcu7t5v0__clkbuf_16)
                                                         clknet_1_1__leaf_clk_i (net)
                      0.164666    0.000130   25.980911 ^ _75_/CLK (gf180mcu_fd_sc_mcu7t5v0__dffq_1)
                                 -0.250000   25.730911   clock uncertainty
                                  0.000000   25.730911   clock reconvergence pessimism
                                 -0.478813   25.252098   library setup time
                                             25.252098   data required time
---------------------------------------------------------------------------------------------
                                             25.252098   data required time
                                            -11.755978   data arrival time
---------------------------------------------------------------------------------------------
                                             13.496120   slack (MET)




===========================================================================
report_checks --slack_max -0.01
============================================================================
======================= nom_ss_125C_4v50 Corner ===================================

No paths found.


===========================================================================
 report_check_types -max_slew -max_cap -max_fanout -violators
============================================================================
======================= nom_ss_125C_4v50 Corner ===================================



===========================================================================
report_parasitic_annotation -report_unannotated
============================================================================
Found 1 unannotated drivers.
 clkload0/Z
Found 0 partially unannotated drivers.

===========================================================================
max slew violation count 0
max fanout violation count 0
max cap violation count 0
============================================================================

===========================================================================
check_setup -verbose -unconstrained_endpoints -multiple_clock -no_clock -no_input_delay -loops -generated_clocks
===========================================================================
