Clock: clk_i
Sources: clk_i 
Generated: no
Virtual: yes
Propagated: no
Period: 25.000000

===========================================================================
report_clock_properties
============================================================================
Clock                   Period          Waveform
----------------------------------------------------
clk_i                25.000000    0.000000 12.500000

===========================================================================
report_clock_latency
============================================================================
Clock clk_i
rise -> rise
    min     max
0.000000 0.000000 source latency
0.979328         network latency _73_/CLK
        0.981162 network latency _69_/CLK
---------------
0.979328 0.981162 latency
        0.001835 skew

fall -> fall
    min     max
0.000000 0.000000 source latency
0.901645         network latency _73_/CLK
        0.903571 network latency _69_/CLK
---------------
0.901645 0.903571 latency
        0.001926 skew



===========================================================================
report_clock_min_period
============================================================================
clk_i period_min = 7.10 fmax = 140.87
