
===========================================================================
report_checks -unconstrained
===========================================================================
======================= max_ss_125C_4v50 Corner ===================================

Startpoint: en_i (input port clocked by clk_i)
Endpoint: _75_ (rising edge-triggered flip-flop clocked by clk_i)
Path Group: clk_i
Path Type: max

Fanout         Cap        Slew       Delay        Time   Description
---------------------------------------------------------------------------------------------
                                  0.000000    0.000000   clock clk_i (rise edge)
                                  0.000000    0.000000   clock network delay (propagated)
                                  5.000000    5.000000 ^ input external delay
     1    0.004124    0.200763    0.066382    5.066382 ^ en_i (in)
                                                         en_i (net)
                      0.200763    0.000000    5.066382 ^ input1/I (gf180mcu_fd_sc_mcu7t5v0__dlyb_1)
     6    0.034188    1.040779    2.164270    7.230653 ^ input1/Z (gf180mcu_fd_sc_mcu7t5v0__dlyb_1)
                                                         net1 (net)
                      1.040779    0.000541    7.231194 ^ _49_/A1 (gf180mcu_fd_sc_mcu7t5v0__nand4_1)
     8    0.050008    2.625140    1.655439    8.886633 v _49_/ZN (gf180mcu_fd_sc_mcu7t5v0__nand4_1)
                                                         _22_ (net)
                      2.625140    0.001064    8.887697 v _64_/A3 (gf180mcu_fd_sc_mcu7t5v0__or4_1)
     2    0.010081    0.648870    2.243160   11.130857 v _64_/Z (gf180mcu_fd_sc_mcu7t5v0__or4_1)
                                                         _32_ (net)
                      0.648870    0.000130   11.130986 v _65_/A3 (gf180mcu_fd_sc_mcu7t5v0__and3_1)
     1    0.003109    0.228690    0.726157   11.857143 v _65_/Z (gf180mcu_fd_sc_mcu7t5v0__and3_1)
                                                         _07_ (net)
                      0.228690    0.000032   11.857175 v _75_/D (gf180mcu_fd_sc_mcu7t5v0__dffq_1)
                                             11.857175   data arrival time

                                 25.000000   25.000000   clock clk_i (rise edge)
                                  0.000000   25.000000   clock source latency
     1    0.028375    0.256103    0.115866   25.115866 ^ clk_i (in)
                                                         clk_i (net)
                      0.256104    0.000000   25.115866 ^ clkbuf_0_clk_i/I (gf180mcu_fd_sc_mcu7t5v0__clkbuf_16)
     2    0.048606    0.202728    0.454913   25.570778 ^ clkbuf_0_clk_i/Z (gf180mcu_fd_sc_mcu7t5v0__clkbuf_16)
                                                         clknet_0_clk_i (net)
                      0.202728    0.000513   25.571291 ^ clkbuf_1_1__f_clk_i/I (gf180mcu_fd_sc_mcu7t5v0__clkbuf_16)
     5    0.025179    0.166248    0.414445   25.985737 ^ clkbuf_1_1__f_clk_i/Z (gf180mcu_fd_sc_mcu7t5v0__clkbuf_16)
                                                         clknet_1_1__leaf_clk_i (net)
                      0.166248    0.000135   25.985872 ^ _75_/CLK (gf180mcu_fd_sc_mcu7t5v0__dffq_1)
                                 -0.250000   25.735872   clock uncertainty
                                  0.000000   25.735872   clock reconvergence pessimism
                                 -0.478733   25.257139   library setup time
                                             25.257139   data required time
---------------------------------------------------------------------------------------------
                                             25.257139   data required time
                                            -11.857175   data arrival time
---------------------------------------------------------------------------------------------
                                             13.399964   slack (MET)




===========================================================================
report_checks --slack_max -0.01
============================================================================
======================= max_ss_125C_4v50 Corner ===================================

No paths found.


===========================================================================
 report_check_types -max_slew -max_cap -max_fanout -violators
============================================================================
======================= max_ss_125C_4v50 Corner ===================================



===========================================================================
report_parasitic_annotation -report_unannotated
============================================================================
Found 1 unannotated drivers.
 clkload0/Z
Found 0 partially unannotated drivers.

===========================================================================
max slew violation count 0
max fanout violation count 0
max cap violation count 0
============================================================================

===========================================================================
check_setup -verbose -unconstrained_endpoints -multiple_clock -no_clock -no_input_delay -loops -generated_clocks
===========================================================================
