Clock: clk_i
Sources: clk_i 
Generated: no
Virtual: yes
Propagated: no
Period: 25.000000

===========================================================================
report_clock_properties
============================================================================
Clock                   Period          Waveform
----------------------------------------------------
clk_i                25.000000    0.000000 12.500000

===========================================================================
report_clock_latency
============================================================================
Clock clk_i
rise -> rise
    min     max
0.000000 0.000000 source latency
0.983933         network latency _73_/CLK
        0.986159 network latency _69_/CLK
---------------
0.983933 0.986159 latency
        0.002225 skew

fall -> fall
    min     max
0.000000 0.000000 source latency
0.905336         network latency _73_/CLK
        0.907678 network latency _69_/CLK
---------------
0.905336 0.907678 latency
        0.002341 skew



===========================================================================
report_clock_min_period
============================================================================
clk_i period_min = 7.19 fmax = 139.00
