
===========================================================================
report_checks -path_delay max (Setup)
============================================================================
======================= max_ss_125C_4v50 Corner ===================================

Startpoint: en_i (input port clocked by clk_i)
Endpoint: _75_ (rising edge-triggered flip-flop clocked by clk_i)
Path Group: clk_i
Path Type: max

Fanout         Cap        Slew       Delay        Time   Description
---------------------------------------------------------------------------------------------
                                  0.000000    0.000000   clock clk_i (rise edge)
                                  0.000000    0.000000   clock network delay (propagated)
                                  5.000000    5.000000 ^ input external delay
     1    0.004124    0.200763    0.066382    5.066382 ^ en_i (in)
                                                         en_i (net)
                      0.200763    0.000000    5.066382 ^ input1/I (gf180mcu_fd_sc_mcu7t5v0__dlyb_1)
     6    0.034188    1.040779    2.164270    7.230653 ^ input1/Z (gf180mcu_fd_sc_mcu7t5v0__dlyb_1)
                                                         net1 (net)
                      1.040779    0.000541    7.231194 ^ _49_/A1 (gf180mcu_fd_sc_mcu7t5v0__nand4_1)
     8    0.050008    2.625140    1.655439    8.886633 v _49_/ZN (gf180mcu_fd_sc_mcu7t5v0__nand4_1)
                                                         _22_ (net)
                      2.625140    0.001064    8.887697 v _64_/A3 (gf180mcu_fd_sc_mcu7t5v0__or4_1)
     2    0.010081    0.648870    2.243160   11.130857 v _64_/Z (gf180mcu_fd_sc_mcu7t5v0__or4_1)
                                                         _32_ (net)
                      0.648870    0.000130   11.130986 v _65_/A3 (gf180mcu_fd_sc_mcu7t5v0__and3_1)
     1    0.003109    0.228690    0.726157   11.857143 v _65_/Z (gf180mcu_fd_sc_mcu7t5v0__and3_1)
                                                         _07_ (net)
                      0.228690    0.000032   11.857175 v _75_/D (gf180mcu_fd_sc_mcu7t5v0__dffq_1)
                                             11.857175   data arrival time

                                 25.000000   25.000000   clock clk_i (rise edge)
                                  0.000000   25.000000   clock source latency
     1    0.028375    0.256103    0.115866   25.115866 ^ clk_i (in)
                                                         clk_i (net)
                      0.256104    0.000000   25.115866 ^ clkbuf_0_clk_i/I (gf180mcu_fd_sc_mcu7t5v0__clkbuf_16)
     2    0.048606    0.202728    0.454913   25.570778 ^ clkbuf_0_clk_i/Z (gf180mcu_fd_sc_mcu7t5v0__clkbuf_16)
                                                         clknet_0_clk_i (net)
                      0.202728    0.000513   25.571291 ^ clkbuf_1_1__f_clk_i/I (gf180mcu_fd_sc_mcu7t5v0__clkbuf_16)
     5    0.025179    0.166248    0.414445   25.985737 ^ clkbuf_1_1__f_clk_i/Z (gf180mcu_fd_sc_mcu7t5v0__clkbuf_16)
                                                         clknet_1_1__leaf_clk_i (net)
                      0.166248    0.000135   25.985872 ^ _75_/CLK (gf180mcu_fd_sc_mcu7t5v0__dffq_1)
                                 -0.250000   25.735872   clock uncertainty
                                  0.000000   25.735872   clock reconvergence pessimism
                                 -0.478733   25.257139   library setup time
                                             25.257139   data required time
---------------------------------------------------------------------------------------------
                                             25.257139   data required time
                                            -11.857175   data arrival time
---------------------------------------------------------------------------------------------
                                             13.399964   slack (MET)


Startpoint: en_i (input port clocked by clk_i)
Endpoint: _76_ (rising edge-triggered flip-flop clocked by clk_i)
Path Group: clk_i
Path Type: max

Fanout         Cap        Slew       Delay        Time   Description
---------------------------------------------------------------------------------------------
                                  0.000000    0.000000   clock clk_i (rise edge)
                                  0.000000    0.000000   clock network delay (propagated)
                                  5.000000    5.000000 ^ input external delay
     1    0.004124    0.200763    0.066382    5.066382 ^ en_i (in)
                                                         en_i (net)
                      0.200763    0.000000    5.066382 ^ input1/I (gf180mcu_fd_sc_mcu7t5v0__dlyb_1)
     6    0.034188    1.040779    2.164270    7.230653 ^ input1/Z (gf180mcu_fd_sc_mcu7t5v0__dlyb_1)
                                                         net1 (net)
                      1.040779    0.000541    7.231194 ^ _49_/A1 (gf180mcu_fd_sc_mcu7t5v0__nand4_1)
     8    0.050008    2.625140    1.655439    8.886633 v _49_/ZN (gf180mcu_fd_sc_mcu7t5v0__nand4_1)
                                                         _22_ (net)
                      2.625140    0.001064    8.887697 v _64_/A3 (gf180mcu_fd_sc_mcu7t5v0__or4_1)
     2    0.010081    0.648870    2.243160   11.130857 v _64_/Z (gf180mcu_fd_sc_mcu7t5v0__or4_1)
                                                         _32_ (net)
                      0.648870    0.000093   11.130950 v _67_/A2 (gf180mcu_fd_sc_mcu7t5v0__oai21_1)
     1    0.002772    0.493662    0.413395   11.544345 ^ _67_/ZN (gf180mcu_fd_sc_mcu7t5v0__oai21_1)
                                                         _08_ (net)
                      0.493662    0.000027   11.544371 ^ _76_/D (gf180mcu_fd_sc_mcu7t5v0__dffq_1)
                                             11.544371   data arrival time

                                 25.000000   25.000000   clock clk_i (rise edge)
                                  0.000000   25.000000   clock source latency
     1    0.028375    0.256103    0.115866   25.115866 ^ clk_i (in)
                                                         clk_i (net)
                      0.256104    0.000000   25.115866 ^ clkbuf_0_clk_i/I (gf180mcu_fd_sc_mcu7t5v0__clkbuf_16)
     2    0.048606    0.202728    0.454913   25.570778 ^ clkbuf_0_clk_i/Z (gf180mcu_fd_sc_mcu7t5v0__clkbuf_16)
                                                         clknet_0_clk_i (net)
                      0.202728    0.000513   25.571291 ^ clkbuf_1_1__f_clk_i/I (gf180mcu_fd_sc_mcu7t5v0__clkbuf_16)
     5    0.025179    0.166248    0.414445   25.985737 ^ clkbuf_1_1__f_clk_i/Z (gf180mcu_fd_sc_mcu7t5v0__clkbuf_16)
                                                         clknet_1_1__leaf_clk_i (net)
                      0.166248    0.000359   25.986095 ^ _76_/CLK (gf180mcu_fd_sc_mcu7t5v0__dffq_1)
                                 -0.250000   25.736097   clock uncertainty
                                  0.000000   25.736097   clock reconvergence pessimism
                                 -0.504117   25.231981   library setup time
                                             25.231981   data required time
---------------------------------------------------------------------------------------------
                                             25.231981   data required time
                                            -11.544371   data arrival time
---------------------------------------------------------------------------------------------
                                             13.687610   slack (MET)


Startpoint: _68_ (rising edge-triggered flip-flop clocked by clk_i)
Endpoint: count_o[0] (output port clocked by clk_i)
Path Group: clk_i
Path Type: max

Fanout         Cap        Slew       Delay        Time   Description
---------------------------------------------------------------------------------------------
                                  0.000000    0.000000   clock clk_i (rise edge)
                                  0.000000    0.000000   clock source latency
     1    0.028375    0.256103    0.115866    0.115866 ^ clk_i (in)
                                                         clk_i (net)
                      0.256104    0.000000    0.115866 ^ clkbuf_0_clk_i/I (gf180mcu_fd_sc_mcu7t5v0__clkbuf_16)
     2    0.048606    0.202728    0.454914    0.570780 ^ clkbuf_0_clk_i/Z (gf180mcu_fd_sc_mcu7t5v0__clkbuf_16)
                                                         clknet_0_clk_i (net)
                      0.202728    0.000514    0.571293 ^ clkbuf_1_1__f_clk_i/I (gf180mcu_fd_sc_mcu7t5v0__clkbuf_16)
     5    0.025179    0.166248    0.414445    0.985738 ^ clkbuf_1_1__f_clk_i/Z (gf180mcu_fd_sc_mcu7t5v0__clkbuf_16)
                                                         clknet_1_1__leaf_clk_i (net)
                      0.166248    0.000351    0.986089 ^ _68_/CLK (gf180mcu_fd_sc_mcu7t5v0__dffq_1)
     7    0.036919    1.090652    1.879244    2.865333 ^ _68_/Q (gf180mcu_fd_sc_mcu7t5v0__dffq_1)
                                                         net3 (net)
                      1.090652    0.000504    2.865837 ^ output3/I (gf180mcu_fd_sc_mcu7t5v0__dlyb_1)
     1    0.074751    2.126033    2.871517    5.737354 ^ output3/Z (gf180mcu_fd_sc_mcu7t5v0__dlyb_1)
                                                         count_o[0] (net)
                      2.126033    0.001160    5.738514 ^ count_o[0] (out)
                                              5.738514   data arrival time

                                 25.000000   25.000000   clock clk_i (rise edge)
                                  0.000000   25.000000   clock network delay (propagated)
                                 -0.250000   24.750000   clock uncertainty
                                  0.000000   24.750000   clock reconvergence pessimism
                                 -5.000000   19.750000   output external delay
                                             19.750000   data required time
---------------------------------------------------------------------------------------------
                                             19.750000   data required time
                                             -5.738514   data arrival time
---------------------------------------------------------------------------------------------
                                             14.011486   slack (MET)


Startpoint: _72_ (rising edge-triggered flip-flop clocked by clk_i)
Endpoint: count_o[4] (output port clocked by clk_i)
Path Group: clk_i
Path Type: max

Fanout         Cap        Slew       Delay        Time   Description
---------------------------------------------------------------------------------------------
                                  0.000000    0.000000   clock clk_i (rise edge)
                                  0.000000    0.000000   clock source latency
     1    0.028375    0.256103    0.115866    0.115866 ^ clk_i (in)
                                                         clk_i (net)
                      0.256104    0.000000    0.115866 ^ clkbuf_0_clk_i/I (gf180mcu_fd_sc_mcu7t5v0__clkbuf_16)
     2    0.048606    0.202728    0.454914    0.570780 ^ clkbuf_0_clk_i/Z (gf180mcu_fd_sc_mcu7t5v0__clkbuf_16)
                                                         clknet_0_clk_i (net)
                      0.202728    0.000353    0.571132 ^ clkbuf_1_0__f_clk_i/I (gf180mcu_fd_sc_mcu7t5v0__clkbuf_16)
     5    0.024032    0.164431    0.412757    0.983889 ^ clkbuf_1_0__f_clk_i/Z (gf180mcu_fd_sc_mcu7t5v0__clkbuf_16)
                                                         clknet_1_0__leaf_clk_i (net)
                      0.164431    0.000245    0.984134 ^ _72_/CLK (gf180mcu_fd_sc_mcu7t5v0__dffq_1)
     5    0.028745    0.873533    1.752533    2.736667 ^ _72_/Q (gf180mcu_fd_sc_mcu7t5v0__dffq_1)
                                                         net7 (net)
                      0.873533    0.000157    2.736824 ^ output7/I (gf180mcu_fd_sc_mcu7t5v0__dlyb_1)
     1    0.073986    2.176129    2.850775    5.587598 ^ output7/Z (gf180mcu_fd_sc_mcu7t5v0__dlyb_1)
                                                         count_o[4] (net)
                      2.176129    0.000617    5.588216 ^ count_o[4] (out)
                                              5.588216   data arrival time

                                 25.000000   25.000000   clock clk_i (rise edge)
                                  0.000000   25.000000   clock network delay (propagated)
                                 -0.250000   24.750000   clock uncertainty
                                  0.000000   24.750000   clock reconvergence pessimism
                                 -5.000000   19.750000   output external delay
                                             19.750000   data required time
---------------------------------------------------------------------------------------------
                                             19.750000   data required time
                                             -5.588216   data arrival time
---------------------------------------------------------------------------------------------
                                             14.161783   slack (MET)


Startpoint: _69_ (rising edge-triggered flip-flop clocked by clk_i)
Endpoint: count_o[1] (output port clocked by clk_i)
Path Group: clk_i
Path Type: max

Fanout         Cap        Slew       Delay        Time   Description
---------------------------------------------------------------------------------------------
                                  0.000000    0.000000   clock clk_i (rise edge)
                                  0.000000    0.000000   clock source latency
     1    0.028375    0.256103    0.115866    0.115866 ^ clk_i (in)
                                                         clk_i (net)
                      0.256104    0.000000    0.115866 ^ clkbuf_0_clk_i/I (gf180mcu_fd_sc_mcu7t5v0__clkbuf_16)
     2    0.048606    0.202728    0.454914    0.570780 ^ clkbuf_0_clk_i/Z (gf180mcu_fd_sc_mcu7t5v0__clkbuf_16)
                                                         clknet_0_clk_i (net)
                      0.202728    0.000514    0.571293 ^ clkbuf_1_1__f_clk_i/I (gf180mcu_fd_sc_mcu7t5v0__clkbuf_16)
     5    0.025179    0.166248    0.414445    0.985738 ^ clkbuf_1_1__f_clk_i/Z (gf180mcu_fd_sc_mcu7t5v0__clkbuf_16)
                                                         clknet_1_1__leaf_clk_i (net)
                      0.166248    0.000420    0.986159 ^ _69_/CLK (gf180mcu_fd_sc_mcu7t5v0__dffq_1)
     5    0.023183    0.725989    1.666924    2.653083 ^ _69_/Q (gf180mcu_fd_sc_mcu7t5v0__dffq_1)
                                                         net4 (net)
                      0.725989    0.000280    2.653363 ^ output4/I (gf180mcu_fd_sc_mcu7t5v0__dlyb_1)
     1    0.074269    2.112056    2.846767    5.500130 ^ output4/Z (gf180mcu_fd_sc_mcu7t5v0__dlyb_1)
                                                         count_o[1] (net)
                      2.112056    0.000999    5.501129 ^ count_o[1] (out)
                                              5.501129   data arrival time

                                 25.000000   25.000000   clock clk_i (rise edge)
                                  0.000000   25.000000   clock network delay (propagated)
                                 -0.250000   24.750000   clock uncertainty
                                  0.000000   24.750000   clock reconvergence pessimism
                                 -5.000000   19.750000   output external delay
                                             19.750000   data required time
---------------------------------------------------------------------------------------------
                                             19.750000   data required time
                                             -5.501129   data arrival time
---------------------------------------------------------------------------------------------
                                             14.248871   slack (MET)


Startpoint: _73_ (rising edge-triggered flip-flop clocked by clk_i)
Endpoint: count_o[5] (output port clocked by clk_i)
Path Group: clk_i
Path Type: max

Fanout         Cap        Slew       Delay        Time   Description
---------------------------------------------------------------------------------------------
                                  0.000000    0.000000   clock clk_i (rise edge)
                                  0.000000    0.000000   clock source latency
     1    0.028375    0.256103    0.115866    0.115866 ^ clk_i (in)
                                                         clk_i (net)
                      0.256104    0.000000    0.115866 ^ clkbuf_0_clk_i/I (gf180mcu_fd_sc_mcu7t5v0__clkbuf_16)
     2    0.048606    0.202728    0.454914    0.570780 ^ clkbuf_0_clk_i/Z (gf180mcu_fd_sc_mcu7t5v0__clkbuf_16)
                                                         clknet_0_clk_i (net)
                      0.202728    0.000353    0.571132 ^ clkbuf_1_0__f_clk_i/I (gf180mcu_fd_sc_mcu7t5v0__clkbuf_16)
     5    0.024032    0.164431    0.412757    0.983889 ^ clkbuf_1_0__f_clk_i/Z (gf180mcu_fd_sc_mcu7t5v0__clkbuf_16)
                                                         clknet_1_0__leaf_clk_i (net)
                      0.164431    0.000044    0.983933 ^ _73_/CLK (gf180mcu_fd_sc_mcu7t5v0__dffq_1)
     4    0.023743    0.740886    1.675249    2.659182 ^ _73_/Q (gf180mcu_fd_sc_mcu7t5v0__dffq_1)
                                                         net8 (net)
                      0.740886    0.000183    2.659365 ^ output8/I (gf180mcu_fd_sc_mcu7t5v0__dlyb_1)
     1    0.073614    2.165296    2.838140    5.497506 ^ output8/Z (gf180mcu_fd_sc_mcu7t5v0__dlyb_1)
                                                         count_o[5] (net)
                      2.165296    0.000524    5.498030 ^ count_o[5] (out)
                                              5.498030   data arrival time

                                 25.000000   25.000000   clock clk_i (rise edge)
                                  0.000000   25.000000   clock network delay (propagated)
                                 -0.250000   24.750000   clock uncertainty
                                  0.000000   24.750000   clock reconvergence pessimism
                                 -5.000000   19.750000   output external delay
                                             19.750000   data required time
---------------------------------------------------------------------------------------------
                                             19.750000   data required time
                                             -5.498030   data arrival time
---------------------------------------------------------------------------------------------
                                             14.251969   slack (MET)


Startpoint: _71_ (rising edge-triggered flip-flop clocked by clk_i)
Endpoint: count_o[3] (output port clocked by clk_i)
Path Group: clk_i
Path Type: max

Fanout         Cap        Slew       Delay        Time   Description
---------------------------------------------------------------------------------------------
                                  0.000000    0.000000   clock clk_i (rise edge)
                                  0.000000    0.000000   clock source latency
     1    0.028375    0.256103    0.115866    0.115866 ^ clk_i (in)
                                                         clk_i (net)
                      0.256104    0.000000    0.115866 ^ clkbuf_0_clk_i/I (gf180mcu_fd_sc_mcu7t5v0__clkbuf_16)
     2    0.048606    0.202728    0.454914    0.570780 ^ clkbuf_0_clk_i/Z (gf180mcu_fd_sc_mcu7t5v0__clkbuf_16)
                                                         clknet_0_clk_i (net)
                      0.202728    0.000353    0.571132 ^ clkbuf_1_0__f_clk_i/I (gf180mcu_fd_sc_mcu7t5v0__clkbuf_16)
     5    0.024032    0.164431    0.412757    0.983889 ^ clkbuf_1_0__f_clk_i/Z (gf180mcu_fd_sc_mcu7t5v0__clkbuf_16)
                                                         clknet_1_0__leaf_clk_i (net)
                      0.164431    0.000391    0.984280 ^ _71_/CLK (gf180mcu_fd_sc_mcu7t5v0__dffq_1)
     4    0.022207    0.700154    1.651509    2.635790 ^ _71_/Q (gf180mcu_fd_sc_mcu7t5v0__dffq_1)
                                                         net6 (net)
                      0.700154    0.000308    2.636098 ^ output6/I (gf180mcu_fd_sc_mcu7t5v0__dlyb_1)
     1    0.073892    2.101830    2.839675    5.475773 ^ output6/Z (gf180mcu_fd_sc_mcu7t5v0__dlyb_1)
                                                         count_o[3] (net)
                      2.101830    0.000873    5.476645 ^ count_o[3] (out)
                                              5.476645   data arrival time

                                 25.000000   25.000000   clock clk_i (rise edge)
                                  0.000000   25.000000   clock network delay (propagated)
                                 -0.250000   24.750000   clock uncertainty
                                  0.000000   24.750000   clock reconvergence pessimism
                                 -5.000000   19.750000   output external delay
                                             19.750000   data required time
---------------------------------------------------------------------------------------------
                                             19.750000   data required time
                                             -5.476645   data arrival time
---------------------------------------------------------------------------------------------
                                             14.273355   slack (MET)


Startpoint: _70_ (rising edge-triggered flip-flop clocked by clk_i)
Endpoint: count_o[2] (output port clocked by clk_i)
Path Group: clk_i
Path Type: max

Fanout         Cap        Slew       Delay        Time   Description
---------------------------------------------------------------------------------------------
                                  0.000000    0.000000   clock clk_i (rise edge)
                                  0.000000    0.000000   clock source latency
     1    0.028375    0.256103    0.115866    0.115866 ^ clk_i (in)
                                                         clk_i (net)
                      0.256104    0.000000    0.115866 ^ clkbuf_0_clk_i/I (gf180mcu_fd_sc_mcu7t5v0__clkbuf_16)
     2    0.048606    0.202728    0.454914    0.570780 ^ clkbuf_0_clk_i/Z (gf180mcu_fd_sc_mcu7t5v0__clkbuf_16)
                                                         clknet_0_clk_i (net)
                      0.202728    0.000353    0.571132 ^ clkbuf_1_0__f_clk_i/I (gf180mcu_fd_sc_mcu7t5v0__clkbuf_16)
     5    0.024032    0.164431    0.412757    0.983889 ^ clkbuf_1_0__f_clk_i/Z (gf180mcu_fd_sc_mcu7t5v0__clkbuf_16)
                                                         clknet_1_0__leaf_clk_i (net)
                      0.164431    0.000415    0.984304 ^ _70_/CLK (gf180mcu_fd_sc_mcu7t5v0__dffq_1)
     4    0.016317    0.564304    1.560096    2.544400 ^ _70_/Q (gf180mcu_fd_sc_mcu7t5v0__dffq_1)
                                                         net5 (net)
                      0.564304    0.000185    2.544585 ^ output5/I (gf180mcu_fd_sc_mcu7t5v0__dlyb_1)
     1    0.073582    2.093040    2.827867    5.372452 ^ output5/Z (gf180mcu_fd_sc_mcu7t5v0__dlyb_1)
                                                         count_o[2] (net)
                      2.093040    0.000838    5.373291 ^ count_o[2] (out)
                                              5.373291   data arrival time

                                 25.000000   25.000000   clock clk_i (rise edge)
                                  0.000000   25.000000   clock network delay (propagated)
                                 -0.250000   24.750000   clock uncertainty
                                  0.000000   24.750000   clock reconvergence pessimism
                                 -5.000000   19.750000   output external delay
                                             19.750000   data required time
---------------------------------------------------------------------------------------------
                                             19.750000   data required time
                                             -5.373291   data arrival time
---------------------------------------------------------------------------------------------
                                             14.376709   slack (MET)


Startpoint: en_i (input port clocked by clk_i)
Endpoint: _73_ (rising edge-triggered flip-flop clocked by clk_i)
Path Group: clk_i
Path Type: max

Fanout         Cap        Slew       Delay        Time   Description
---------------------------------------------------------------------------------------------
                                  0.000000    0.000000   clock clk_i (rise edge)
                                  0.000000    0.000000   clock network delay (propagated)
                                  5.000000    5.000000 ^ input external delay
     1    0.004124    0.200763    0.066382    5.066382 ^ en_i (in)
                                                         en_i (net)
                      0.200763    0.000000    5.066382 ^ input1/I (gf180mcu_fd_sc_mcu7t5v0__dlyb_1)
     6    0.034188    1.040779    2.164270    7.230653 ^ input1/Z (gf180mcu_fd_sc_mcu7t5v0__dlyb_1)
                                                         net1 (net)
                      1.040779    0.000541    7.231194 ^ _49_/A1 (gf180mcu_fd_sc_mcu7t5v0__nand4_1)
     8    0.050008    2.625140    1.655439    8.886633 v _49_/ZN (gf180mcu_fd_sc_mcu7t5v0__nand4_1)
                                                         _22_ (net)
                      2.625140    0.000856    8.887489 v _57_/A3 (gf180mcu_fd_sc_mcu7t5v0__oai31_1)
     1    0.003489    1.179682    1.137260   10.024750 ^ _57_/ZN (gf180mcu_fd_sc_mcu7t5v0__oai31_1)
                                                         _27_ (net)
                      1.179682    0.000036   10.024785 ^ _59_/A2 (gf180mcu_fd_sc_mcu7t5v0__and3_1)
     1    0.004429    0.329948    0.828394   10.853179 ^ _59_/Z (gf180mcu_fd_sc_mcu7t5v0__and3_1)
                                                         _05_ (net)
                      0.329948    0.000054   10.853233 ^ _73_/D (gf180mcu_fd_sc_mcu7t5v0__dffq_1)
                                             10.853233   data arrival time

                                 25.000000   25.000000   clock clk_i (rise edge)
                                  0.000000   25.000000   clock source latency
     1    0.028375    0.256103    0.115866   25.115866 ^ clk_i (in)
                                                         clk_i (net)
                      0.256104    0.000000   25.115866 ^ clkbuf_0_clk_i/I (gf180mcu_fd_sc_mcu7t5v0__clkbuf_16)
     2    0.048606    0.202728    0.454913   25.570778 ^ clkbuf_0_clk_i/Z (gf180mcu_fd_sc_mcu7t5v0__clkbuf_16)
                                                         clknet_0_clk_i (net)
                      0.202728    0.000353   25.571133 ^ clkbuf_1_0__f_clk_i/I (gf180mcu_fd_sc_mcu7t5v0__clkbuf_16)
     5    0.024032    0.164431    0.412756   25.983889 ^ clkbuf_1_0__f_clk_i/Z (gf180mcu_fd_sc_mcu7t5v0__clkbuf_16)
                                                         clknet_1_0__leaf_clk_i (net)
                      0.164431    0.000044   25.983932 ^ _73_/CLK (gf180mcu_fd_sc_mcu7t5v0__dffq_1)
                                 -0.250000   25.733932   clock uncertainty
                                  0.000000   25.733932   clock reconvergence pessimism
                                 -0.479107   25.254826   library setup time
                                             25.254826   data required time
---------------------------------------------------------------------------------------------
                                             25.254826   data required time
                                            -10.853233   data arrival time
---------------------------------------------------------------------------------------------
                                             14.401591   slack (MET)


Startpoint: _74_ (rising edge-triggered flip-flop clocked by clk_i)
Endpoint: count_o[6] (output port clocked by clk_i)
Path Group: clk_i
Path Type: max

Fanout         Cap        Slew       Delay        Time   Description
---------------------------------------------------------------------------------------------
                                  0.000000    0.000000   clock clk_i (rise edge)
                                  0.000000    0.000000   clock source latency
     1    0.028375    0.256103    0.115866    0.115866 ^ clk_i (in)
                                                         clk_i (net)
                      0.256104    0.000000    0.115866 ^ clkbuf_0_clk_i/I (gf180mcu_fd_sc_mcu7t5v0__clkbuf_16)
     2    0.048606    0.202728    0.454914    0.570780 ^ clkbuf_0_clk_i/Z (gf180mcu_fd_sc_mcu7t5v0__clkbuf_16)
                                                         clknet_0_clk_i (net)
                      0.202728    0.000353    0.571132 ^ clkbuf_1_0__f_clk_i/I (gf180mcu_fd_sc_mcu7t5v0__clkbuf_16)
     5    0.024032    0.164431    0.412757    0.983889 ^ clkbuf_1_0__f_clk_i/Z (gf180mcu_fd_sc_mcu7t5v0__clkbuf_16)
                                                         clknet_1_0__leaf_clk_i (net)
                      0.164431    0.000101    0.983990 ^ _74_/CLK (gf180mcu_fd_sc_mcu7t5v0__dffq_1)
     3    0.014164    0.493710    1.526390    2.510380 ^ _74_/Q (gf180mcu_fd_sc_mcu7t5v0__dffq_1)
                                                         net9 (net)
                      0.493710    0.000115    2.510495 ^ output9/I (gf180mcu_fd_sc_mcu7t5v0__dlyb_1)
     1    0.073628    2.094262    2.819090    5.329585 ^ output9/Z (gf180mcu_fd_sc_mcu7t5v0__dlyb_1)
                                                         count_o[6] (net)
                      2.094262    0.000854    5.330439 ^ count_o[6] (out)
                                              5.330439   data arrival time

                                 25.000000   25.000000   clock clk_i (rise edge)
                                  0.000000   25.000000   clock network delay (propagated)
                                 -0.250000   24.750000   clock uncertainty
                                  0.000000   24.750000   clock reconvergence pessimism
                                 -5.000000   19.750000   output external delay
                                             19.750000   data required time
---------------------------------------------------------------------------------------------
                                             19.750000   data required time
                                             -5.330439   data arrival time
---------------------------------------------------------------------------------------------
                                             14.419561   slack (MET)


Startpoint: _76_ (rising edge-triggered flip-flop clocked by clk_i)
Endpoint: ovf_o (output port clocked by clk_i)
Path Group: clk_i
Path Type: max

Fanout         Cap        Slew       Delay        Time   Description
---------------------------------------------------------------------------------------------
                                  0.000000    0.000000   clock clk_i (rise edge)
                                  0.000000    0.000000   clock source latency
     1    0.028375    0.256103    0.115866    0.115866 ^ clk_i (in)
                                                         clk_i (net)
                      0.256104    0.000000    0.115866 ^ clkbuf_0_clk_i/I (gf180mcu_fd_sc_mcu7t5v0__clkbuf_16)
     2    0.048606    0.202728    0.454914    0.570780 ^ clkbuf_0_clk_i/Z (gf180mcu_fd_sc_mcu7t5v0__clkbuf_16)
                                                         clknet_0_clk_i (net)
                      0.202728    0.000514    0.571293 ^ clkbuf_1_1__f_clk_i/I (gf180mcu_fd_sc_mcu7t5v0__clkbuf_16)
     5    0.025179    0.166248    0.414445    0.985738 ^ clkbuf_1_1__f_clk_i/Z (gf180mcu_fd_sc_mcu7t5v0__clkbuf_16)
                                                         clknet_1_1__leaf_clk_i (net)
                      0.166248    0.000358    0.986096 ^ _76_/CLK (gf180mcu_fd_sc_mcu7t5v0__dffq_1)
     2    0.009866    0.394245    1.459799    2.445896 ^ _76_/Q (gf180mcu_fd_sc_mcu7t5v0__dffq_1)
                                                         net11 (net)
                      0.394245    0.000080    2.445976 ^ output11/I (gf180mcu_fd_sc_mcu7t5v0__dlyb_1)
     1    0.073610    2.164578    2.805606    5.251581 ^ output11/Z (gf180mcu_fd_sc_mcu7t5v0__dlyb_1)
                                                         ovf_o (net)
                      2.164578    0.000524    5.252105 ^ ovf_o (out)
                                              5.252105   data arrival time

                                 25.000000   25.000000   clock clk_i (rise edge)
                                  0.000000   25.000000   clock network delay (propagated)
                                 -0.250000   24.750000   clock uncertainty
                                  0.000000   24.750000   clock reconvergence pessimism
                                 -5.000000   19.750000   output external delay
                                             19.750000   data required time
---------------------------------------------------------------------------------------------
                                             19.750000   data required time
                                             -5.252105   data arrival time
---------------------------------------------------------------------------------------------
                                             14.497895   slack (MET)


Startpoint: _75_ (rising edge-triggered flip-flop clocked by clk_i)
Endpoint: count_o[7] (output port clocked by clk_i)
Path Group: clk_i
Path Type: max

Fanout         Cap        Slew       Delay        Time   Description
---------------------------------------------------------------------------------------------
                                  0.000000    0.000000   clock clk_i (rise edge)
                                  0.000000    0.000000   clock source latency
     1    0.028375    0.256103    0.115866    0.115866 ^ clk_i (in)
                                                         clk_i (net)
                      0.256104    0.000000    0.115866 ^ clkbuf_0_clk_i/I (gf180mcu_fd_sc_mcu7t5v0__clkbuf_16)
     2    0.048606    0.202728    0.454914    0.570780 ^ clkbuf_0_clk_i/Z (gf180mcu_fd_sc_mcu7t5v0__clkbuf_16)
                                                         clknet_0_clk_i (net)
                      0.202728    0.000514    0.571293 ^ clkbuf_1_1__f_clk_i/I (gf180mcu_fd_sc_mcu7t5v0__clkbuf_16)
     5    0.025179    0.166248    0.414445    0.985738 ^ clkbuf_1_1__f_clk_i/Z (gf180mcu_fd_sc_mcu7t5v0__clkbuf_16)
                                                         clknet_1_1__leaf_clk_i (net)
                      0.166248    0.000135    0.985873 ^ _75_/CLK (gf180mcu_fd_sc_mcu7t5v0__dffq_1)
     2    0.009206    0.368448    1.449449    2.435322 ^ _75_/Q (gf180mcu_fd_sc_mcu7t5v0__dffq_1)
                                                         net10 (net)
                      0.368448    0.000104    2.435426 ^ output10/I (gf180mcu_fd_sc_mcu7t5v0__dlyb_1)
     1    0.073833    2.099772    2.804767    5.240193 ^ output10/Z (gf180mcu_fd_sc_mcu7t5v0__dlyb_1)
                                                         count_o[7] (net)
                      2.099772    0.000916    5.241109 ^ count_o[7] (out)
                                              5.241109   data arrival time

                                 25.000000   25.000000   clock clk_i (rise edge)
                                  0.000000   25.000000   clock network delay (propagated)
                                 -0.250000   24.750000   clock uncertainty
                                  0.000000   24.750000   clock reconvergence pessimism
                                 -5.000000   19.750000   output external delay
                                             19.750000   data required time
---------------------------------------------------------------------------------------------
                                             19.750000   data required time
                                             -5.241109   data arrival time
---------------------------------------------------------------------------------------------
                                             14.508890   slack (MET)


Startpoint: en_i (input port clocked by clk_i)
Endpoint: _74_ (rising edge-triggered flip-flop clocked by clk_i)
Path Group: clk_i
Path Type: max

Fanout         Cap        Slew       Delay        Time   Description
---------------------------------------------------------------------------------------------
                                  0.000000    0.000000   clock clk_i (rise edge)
                                  0.000000    0.000000   clock network delay (propagated)
                                  5.000000    5.000000 ^ input external delay
     1    0.004124    0.200763    0.066382    5.066382 ^ en_i (in)
                                                         en_i (net)
                      0.200763    0.000000    5.066382 ^ input1/I (gf180mcu_fd_sc_mcu7t5v0__dlyb_1)
     6    0.034188    1.040779    2.164270    7.230653 ^ input1/Z (gf180mcu_fd_sc_mcu7t5v0__dlyb_1)
                                                         net1 (net)
                      1.040779    0.000541    7.231194 ^ _49_/A1 (gf180mcu_fd_sc_mcu7t5v0__nand4_1)
     8    0.050008    2.625140    1.655439    8.886633 v _49_/ZN (gf180mcu_fd_sc_mcu7t5v0__nand4_1)
                                                         _22_ (net)
                      2.625140    0.001064    8.887697 v _61_/A2 (gf180mcu_fd_sc_mcu7t5v0__nor3_1)
     1    0.005310    1.127956    1.049615    9.937312 ^ _61_/ZN (gf180mcu_fd_sc_mcu7t5v0__nor3_1)
                                                         _30_ (net)
                      1.127956    0.000104    9.937416 ^ _62_/B (gf180mcu_fd_sc_mcu7t5v0__aoi211_1)
     1    0.003544    0.603011    0.483713   10.421128 v _62_/ZN (gf180mcu_fd_sc_mcu7t5v0__aoi211_1)
                                                         _06_ (net)
                      0.603011    0.000068   10.421196 v _74_/D (gf180mcu_fd_sc_mcu7t5v0__dffq_1)
                                             10.421196   data arrival time

                                 25.000000   25.000000   clock clk_i (rise edge)
                                  0.000000   25.000000   clock source latency
     1    0.028375    0.256103    0.115866   25.115866 ^ clk_i (in)
                                                         clk_i (net)
                      0.256104    0.000000   25.115866 ^ clkbuf_0_clk_i/I (gf180mcu_fd_sc_mcu7t5v0__clkbuf_16)
     2    0.048606    0.202728    0.454913   25.570778 ^ clkbuf_0_clk_i/Z (gf180mcu_fd_sc_mcu7t5v0__clkbuf_16)
                                                         clknet_0_clk_i (net)
                      0.202728    0.000353   25.571133 ^ clkbuf_1_0__f_clk_i/I (gf180mcu_fd_sc_mcu7t5v0__clkbuf_16)
     5    0.024032    0.164431    0.412756   25.983889 ^ clkbuf_1_0__f_clk_i/Z (gf180mcu_fd_sc_mcu7t5v0__clkbuf_16)
                                                         clknet_1_0__leaf_clk_i (net)
                      0.164431    0.000101   25.983990 ^ _74_/CLK (gf180mcu_fd_sc_mcu7t5v0__dffq_1)
                                 -0.250000   25.733990   clock uncertainty
                                  0.000000   25.733990   clock reconvergence pessimism
                                 -0.595777   25.138214   library setup time
                                             25.138214   data required time
---------------------------------------------------------------------------------------------
                                             25.138214   data required time
                                            -10.421196   data arrival time
---------------------------------------------------------------------------------------------
                                             14.717018   slack (MET)


Startpoint: en_i (input port clocked by clk_i)
Endpoint: _72_ (rising edge-triggered flip-flop clocked by clk_i)
Path Group: clk_i
Path Type: max

Fanout         Cap        Slew       Delay        Time   Description
---------------------------------------------------------------------------------------------
                                  0.000000    0.000000   clock clk_i (rise edge)
                                  0.000000    0.000000   clock network delay (propagated)
                                  5.000000    5.000000 ^ input external delay
     1    0.004124    0.200763    0.066382    5.066382 ^ en_i (in)
                                                         en_i (net)
                      0.200763    0.000000    5.066382 ^ input1/I (gf180mcu_fd_sc_mcu7t5v0__dlyb_1)
     6    0.034188    1.040779    2.164270    7.230653 ^ input1/Z (gf180mcu_fd_sc_mcu7t5v0__dlyb_1)
                                                         net1 (net)
                      1.040779    0.000541    7.231194 ^ _49_/A1 (gf180mcu_fd_sc_mcu7t5v0__nand4_1)
     8    0.050008    2.625140    1.655439    8.886633 v _49_/ZN (gf180mcu_fd_sc_mcu7t5v0__nand4_1)
                                                         _22_ (net)
                      2.625140    0.000694    8.887326 v _55_/A3 (gf180mcu_fd_sc_mcu7t5v0__nor3_1)
     1    0.006147    1.199650    0.992196    9.879522 ^ _55_/ZN (gf180mcu_fd_sc_mcu7t5v0__nor3_1)
                                                         _26_ (net)
                      1.199650    0.000125    9.879647 ^ _56_/A3 (gf180mcu_fd_sc_mcu7t5v0__nor3_1)
     1    0.004386    0.574821    0.432524   10.312172 v _56_/ZN (gf180mcu_fd_sc_mcu7t5v0__nor3_1)
                                                         _04_ (net)
                      0.574821    0.000052   10.312223 v _72_/D (gf180mcu_fd_sc_mcu7t5v0__dffq_1)
                                             10.312223   data arrival time

                                 25.000000   25.000000   clock clk_i (rise edge)
                                  0.000000   25.000000   clock source latency
     1    0.028375    0.256103    0.115866   25.115866 ^ clk_i (in)
                                                         clk_i (net)
                      0.256104    0.000000   25.115866 ^ clkbuf_0_clk_i/I (gf180mcu_fd_sc_mcu7t5v0__clkbuf_16)
     2    0.048606    0.202728    0.454913   25.570778 ^ clkbuf_0_clk_i/Z (gf180mcu_fd_sc_mcu7t5v0__clkbuf_16)
                                                         clknet_0_clk_i (net)
                      0.202728    0.000353   25.571133 ^ clkbuf_1_0__f_clk_i/I (gf180mcu_fd_sc_mcu7t5v0__clkbuf_16)
     5    0.024032    0.164431    0.412756   25.983889 ^ clkbuf_1_0__f_clk_i/Z (gf180mcu_fd_sc_mcu7t5v0__clkbuf_16)
                                                         clknet_1_0__leaf_clk_i (net)
                      0.164431    0.000245   25.984133 ^ _72_/CLK (gf180mcu_fd_sc_mcu7t5v0__dffq_1)
                                 -0.250000   25.734135   clock uncertainty
                                  0.000000   25.734135   clock reconvergence pessimism
                                 -0.585532   25.148602   library setup time
                                             25.148602   data required time
---------------------------------------------------------------------------------------------
                                             25.148602   data required time
                                            -10.312223   data arrival time
---------------------------------------------------------------------------------------------
                                             14.836379   slack (MET)


Startpoint: en_i (input port clocked by clk_i)
Endpoint: _71_ (rising edge-triggered flip-flop clocked by clk_i)
Path Group: clk_i
Path Type: max

Fanout         Cap        Slew       Delay        Time   Description
---------------------------------------------------------------------------------------------
                                  0.000000    0.000000   clock clk_i (rise edge)
                                  0.000000    0.000000   clock network delay (propagated)
                                  5.000000    5.000000 ^ input external delay
     1    0.004124    0.200763    0.066382    5.066382 ^ en_i (in)
                                                         en_i (net)
                      0.200763    0.000000    5.066382 ^ input1/I (gf180mcu_fd_sc_mcu7t5v0__dlyb_1)
     6    0.034188    1.040779    2.164270    7.230653 ^ input1/Z (gf180mcu_fd_sc_mcu7t5v0__dlyb_1)
                                                         net1 (net)
                      1.040779    0.000541    7.231194 ^ _49_/A1 (gf180mcu_fd_sc_mcu7t5v0__nand4_1)
     8    0.050008    2.625140    1.655439    8.886633 v _49_/ZN (gf180mcu_fd_sc_mcu7t5v0__nand4_1)
                                                         _22_ (net)
                      2.625140    0.000631    8.887264 v _52_/A2 (gf180mcu_fd_sc_mcu7t5v0__oai21_1)
     1    0.005512    0.917176    0.848239    9.735503 ^ _52_/ZN (gf180mcu_fd_sc_mcu7t5v0__oai21_1)
                                                         _24_ (net)
                      0.917176    0.000061    9.735564 ^ _53_/B (gf180mcu_fd_sc_mcu7t5v0__aoi21_1)
     1    0.002996    0.543111    0.396618   10.132182 v _53_/ZN (gf180mcu_fd_sc_mcu7t5v0__aoi21_1)
                                                         _03_ (net)
                      0.543111    0.000030   10.132213 v _71_/D (gf180mcu_fd_sc_mcu7t5v0__dffq_1)
                                             10.132213   data arrival time

                                 25.000000   25.000000   clock clk_i (rise edge)
                                  0.000000   25.000000   clock source latency
     1    0.028375    0.256103    0.115866   25.115866 ^ clk_i (in)
                                                         clk_i (net)
                      0.256104    0.000000   25.115866 ^ clkbuf_0_clk_i/I (gf180mcu_fd_sc_mcu7t5v0__clkbuf_16)
     2    0.048606    0.202728    0.454913   25.570778 ^ clkbuf_0_clk_i/Z (gf180mcu_fd_sc_mcu7t5v0__clkbuf_16)
                                                         clknet_0_clk_i (net)
                      0.202728    0.000353   25.571133 ^ clkbuf_1_0__f_clk_i/I (gf180mcu_fd_sc_mcu7t5v0__clkbuf_16)
     5    0.024032    0.164431    0.412756   25.983889 ^ clkbuf_1_0__f_clk_i/Z (gf180mcu_fd_sc_mcu7t5v0__clkbuf_16)
                                                         clknet_1_0__leaf_clk_i (net)
                      0.164431    0.000391   25.984278 ^ _71_/CLK (gf180mcu_fd_sc_mcu7t5v0__dffq_1)
                                 -0.250000   25.734280   clock uncertainty
                                  0.000000   25.734280   clock reconvergence pessimism
                                 -0.574965   25.159315   library setup time
                                             25.159315   data required time
---------------------------------------------------------------------------------------------
                                             25.159315   data required time
                                            -10.132213   data arrival time
---------------------------------------------------------------------------------------------
                                             15.027102   slack (MET)


Startpoint: en_i (input port clocked by clk_i)
Endpoint: _70_ (rising edge-triggered flip-flop clocked by clk_i)
Path Group: clk_i
Path Type: max

Fanout         Cap        Slew       Delay        Time   Description
---------------------------------------------------------------------------------------------
                                  0.000000    0.000000   clock clk_i (rise edge)
                                  0.000000    0.000000   clock network delay (propagated)
                                  5.000000    5.000000 ^ input external delay
     1    0.004124    0.200763    0.066382    5.066382 ^ en_i (in)
                                                         en_i (net)
                      0.200763    0.000000    5.066382 ^ input1/I (gf180mcu_fd_sc_mcu7t5v0__dlyb_1)
     6    0.034188    1.040779    2.164270    7.230653 ^ input1/Z (gf180mcu_fd_sc_mcu7t5v0__dlyb_1)
                                                         net1 (net)
                      1.040779    0.000541    7.231194 ^ _49_/A1 (gf180mcu_fd_sc_mcu7t5v0__nand4_1)
     8    0.050008    2.625140    1.655439    8.886633 v _49_/ZN (gf180mcu_fd_sc_mcu7t5v0__nand4_1)
                                                         _22_ (net)
                      2.625140    0.000554    8.887187 v _50_/A2 (gf180mcu_fd_sc_mcu7t5v0__nand2_1)
     1    0.005603    0.736254    0.842768    9.729955 ^ _50_/ZN (gf180mcu_fd_sc_mcu7t5v0__nand2_1)
                                                         _23_ (net)
                      0.736254    0.000114    9.730068 ^ _51_/B (gf180mcu_fd_sc_mcu7t5v0__aoi21_1)
     1    0.004059    0.474836    0.393226   10.123295 v _51_/ZN (gf180mcu_fd_sc_mcu7t5v0__aoi21_1)
                                                         _02_ (net)
                      0.474836    0.000047   10.123342 v _70_/D (gf180mcu_fd_sc_mcu7t5v0__dffq_1)
                                             10.123342   data arrival time

                                 25.000000   25.000000   clock clk_i (rise edge)
                                  0.000000   25.000000   clock source latency
     1    0.028375    0.256103    0.115866   25.115866 ^ clk_i (in)
                                                         clk_i (net)
                      0.256104    0.000000   25.115866 ^ clkbuf_0_clk_i/I (gf180mcu_fd_sc_mcu7t5v0__clkbuf_16)
     2    0.048606    0.202728    0.454913   25.570778 ^ clkbuf_0_clk_i/Z (gf180mcu_fd_sc_mcu7t5v0__clkbuf_16)
                                                         clknet_0_clk_i (net)
                      0.202728    0.000353   25.571133 ^ clkbuf_1_0__f_clk_i/I (gf180mcu_fd_sc_mcu7t5v0__clkbuf_16)
     5    0.024032    0.164431    0.412756   25.983889 ^ clkbuf_1_0__f_clk_i/Z (gf180mcu_fd_sc_mcu7t5v0__clkbuf_16)
                                                         clknet_1_0__leaf_clk_i (net)
                      0.164431    0.000416   25.984303 ^ _70_/CLK (gf180mcu_fd_sc_mcu7t5v0__dffq_1)
                                 -0.250000   25.734304   clock uncertainty
                                  0.000000   25.734304   clock reconvergence pessimism
                                 -0.553973   25.180332   library setup time
                                             25.180332   data required time
---------------------------------------------------------------------------------------------
                                             25.180332   data required time
                                            -10.123342   data arrival time
---------------------------------------------------------------------------------------------
                                             15.056991   slack (MET)


Startpoint: rst_ni (input port clocked by clk_i)
Endpoint: _68_ (rising edge-triggered flip-flop clocked by clk_i)
Path Group: clk_i
Path Type: max

Fanout         Cap        Slew       Delay        Time   Description
---------------------------------------------------------------------------------------------
                                  0.000000    0.000000   clock clk_i (rise edge)
                                  0.000000    0.000000   clock network delay (propagated)
                                  5.000000    5.000000 v input external delay
     1    0.004014    0.113187    0.039447    5.039447 v rst_ni (in)
                                                         rst_ni (net)
                      0.113187    0.000000    5.039447 v input2/I (gf180mcu_fd_sc_mcu7t5v0__dlyb_1)
     8    0.051010    1.071855    2.480238    7.519686 v input2/Z (gf180mcu_fd_sc_mcu7t5v0__dlyb_1)
                                                         net2 (net)
                      1.071855    0.000800    7.520486 v _41_/A2 (gf180mcu_fd_sc_mcu7t5v0__nand2_1)
     2    0.015561    0.721164    0.713450    8.233935 ^ _41_/ZN (gf180mcu_fd_sc_mcu7t5v0__nand2_1)
                                                         _16_ (net)
                      0.721164    0.000123    8.234059 ^ _43_/B1 (gf180mcu_fd_sc_mcu7t5v0__aoi22_1)
     1    0.003652    0.494285    0.384589    8.618649 v _43_/ZN (gf180mcu_fd_sc_mcu7t5v0__aoi22_1)
                                                         _00_ (net)
                      0.494285    0.000068    8.618716 v _68_/D (gf180mcu_fd_sc_mcu7t5v0__dffq_1)
                                              8.618716   data arrival time

                                 25.000000   25.000000   clock clk_i (rise edge)
                                  0.000000   25.000000   clock source latency
     1    0.028375    0.256103    0.115866   25.115866 ^ clk_i (in)
                                                         clk_i (net)
                      0.256104    0.000000   25.115866 ^ clkbuf_0_clk_i/I (gf180mcu_fd_sc_mcu7t5v0__clkbuf_16)
     2    0.048606    0.202728    0.454913   25.570778 ^ clkbuf_0_clk_i/Z (gf180mcu_fd_sc_mcu7t5v0__clkbuf_16)
                                                         clknet_0_clk_i (net)
                      0.202728    0.000513   25.571291 ^ clkbuf_1_1__f_clk_i/I (gf180mcu_fd_sc_mcu7t5v0__clkbuf_16)
     5    0.025179    0.166248    0.414445   25.985737 ^ clkbuf_1_1__f_clk_i/Z (gf180mcu_fd_sc_mcu7t5v0__clkbuf_16)
                                                         clknet_1_1__leaf_clk_i (net)
                      0.166248    0.000352   25.986088 ^ _68_/CLK (gf180mcu_fd_sc_mcu7t5v0__dffq_1)
                                 -0.250000   25.736090   clock uncertainty
                                  0.000000   25.736090   clock reconvergence pessimism
                                 -0.559590   25.176500   library setup time
                                             25.176500   data required time
---------------------------------------------------------------------------------------------
                                             25.176500   data required time
                                             -8.618716   data arrival time
---------------------------------------------------------------------------------------------
                                             16.557783   slack (MET)


Startpoint: en_i (input port clocked by clk_i)
Endpoint: _69_ (rising edge-triggered flip-flop clocked by clk_i)
Path Group: clk_i
Path Type: max

Fanout         Cap        Slew       Delay        Time   Description
---------------------------------------------------------------------------------------------
                                  0.000000    0.000000   clock clk_i (rise edge)
                                  0.000000    0.000000   clock network delay (propagated)
                                  5.000000    5.000000 v input external delay
     1    0.004124    0.114913    0.040524    5.040524 v en_i (in)
                                                         en_i (net)
                      0.114913    0.000000    5.040524 v input1/I (gf180mcu_fd_sc_mcu7t5v0__dlyb_1)
     6    0.034188    0.831567    2.281431    7.321956 v input1/Z (gf180mcu_fd_sc_mcu7t5v0__dlyb_1)
                                                         net1 (net)
                      0.831567    0.000708    7.322664 v _45_/A1 (gf180mcu_fd_sc_mcu7t5v0__nand3_1)
     2    0.012913    0.749626    0.622240    7.944904 ^ _45_/ZN (gf180mcu_fd_sc_mcu7t5v0__nand3_1)
                                                         _19_ (net)
                      0.749626    0.000226    7.945131 ^ _46_/A2 (gf180mcu_fd_sc_mcu7t5v0__nand2_1)
     1    0.006400    0.523134    0.256623    8.201755 v _46_/ZN (gf180mcu_fd_sc_mcu7t5v0__nand2_1)
                                                         _20_ (net)
                      0.523134    0.000081    8.201835 v _47_/A2 (gf180mcu_fd_sc_mcu7t5v0__nor2_1)
     1    0.003009    0.419071    0.361911    8.563745 ^ _47_/ZN (gf180mcu_fd_sc_mcu7t5v0__nor2_1)
                                                         _01_ (net)
                      0.419071    0.000031    8.563777 ^ _69_/D (gf180mcu_fd_sc_mcu7t5v0__dffq_1)
                                              8.563777   data arrival time

                                 25.000000   25.000000   clock clk_i (rise edge)
                                  0.000000   25.000000   clock source latency
     1    0.028375    0.256103    0.115866   25.115866 ^ clk_i (in)
                                                         clk_i (net)
                      0.256104    0.000000   25.115866 ^ clkbuf_0_clk_i/I (gf180mcu_fd_sc_mcu7t5v0__clkbuf_16)
     2    0.048606    0.202728    0.454913   25.570778 ^ clkbuf_0_clk_i/Z (gf180mcu_fd_sc_mcu7t5v0__clkbuf_16)
                                                         clknet_0_clk_i (net)
                      0.202728    0.000513   25.571291 ^ clkbuf_1_1__f_clk_i/I (gf180mcu_fd_sc_mcu7t5v0__clkbuf_16)
     5    0.025179    0.166248    0.414445   25.985737 ^ clkbuf_1_1__f_clk_i/Z (gf180mcu_fd_sc_mcu7t5v0__clkbuf_16)
                                                         clknet_1_1__leaf_clk_i (net)
                      0.166248    0.000421   25.986158 ^ _69_/CLK (gf180mcu_fd_sc_mcu7t5v0__dffq_1)
                                 -0.250000   25.736158   clock uncertainty
                                  0.000000   25.736158   clock reconvergence pessimism
                                 -0.492492   25.243666   library setup time
                                             25.243666   data required time
---------------------------------------------------------------------------------------------
                                             25.243666   data required time
                                             -8.563777   data arrival time
---------------------------------------------------------------------------------------------
                                             16.679888   slack (MET)



