
===========================================================================
report_checks -path_delay min (Hold)
============================================================================
======================= max_ss_125C_4v50 Corner ===================================

Startpoint: _76_ (rising edge-triggered flip-flop clocked by clk_i)
Endpoint: _76_ (rising edge-triggered flip-flop clocked by clk_i)
Path Group: clk_i
Path Type: min

Fanout         Cap        Slew       Delay        Time   Description
---------------------------------------------------------------------------------------------
                                  0.000000    0.000000   clock clk_i (rise edge)
                                  0.000000    0.000000   clock source latency
     1    0.028375    0.256103    0.115866    0.115866 ^ clk_i (in)
                                                         clk_i (net)
                      0.256104    0.000000    0.115866 ^ clkbuf_0_clk_i/I (gf180mcu_fd_sc_mcu7t5v0__clkbuf_16)
     2    0.048606    0.202728    0.454914    0.570780 ^ clkbuf_0_clk_i/Z (gf180mcu_fd_sc_mcu7t5v0__clkbuf_16)
                                                         clknet_0_clk_i (net)
                      0.202728    0.000514    0.571293 ^ clkbuf_1_1__f_clk_i/I (gf180mcu_fd_sc_mcu7t5v0__clkbuf_16)
     5    0.025179    0.166248    0.414445    0.985738 ^ clkbuf_1_1__f_clk_i/Z (gf180mcu_fd_sc_mcu7t5v0__clkbuf_16)
                                                         clknet_1_1__leaf_clk_i (net)
                      0.166248    0.000358    0.986096 ^ _76_/CLK (gf180mcu_fd_sc_mcu7t5v0__dffq_1)
     2    0.009866    0.272308    1.271163    2.257259 v _76_/Q (gf180mcu_fd_sc_mcu7t5v0__dffq_1)
                                                         net11 (net)
                      0.272308    0.000079    2.257338 v _66_/A1 (gf180mcu_fd_sc_mcu7t5v0__nand2_1)
     1    0.006629    0.314946    0.274949    2.532287 ^ _66_/ZN (gf180mcu_fd_sc_mcu7t5v0__nand2_1)
                                                         _33_ (net)
                      0.314946    0.000141    2.532429 ^ _67_/B (gf180mcu_fd_sc_mcu7t5v0__oai21_1)
     1    0.002772    0.208281    0.210978    2.743407 v _67_/ZN (gf180mcu_fd_sc_mcu7t5v0__oai21_1)
                                                         _08_ (net)
                      0.208281    0.000026    2.743433 v _76_/D (gf180mcu_fd_sc_mcu7t5v0__dffq_1)
                                              2.743433   data arrival time

                                  0.000000    0.000000   clock clk_i (rise edge)
                                  0.000000    0.000000   clock source latency
     1    0.028375    0.256103    0.115866    0.115866 ^ clk_i (in)
                                                         clk_i (net)
                      0.256104    0.000000    0.115866 ^ clkbuf_0_clk_i/I (gf180mcu_fd_sc_mcu7t5v0__clkbuf_16)
     2    0.048606    0.202728    0.454914    0.570780 ^ clkbuf_0_clk_i/Z (gf180mcu_fd_sc_mcu7t5v0__clkbuf_16)
                                                         clknet_0_clk_i (net)
                      0.202728    0.000514    0.571293 ^ clkbuf_1_1__f_clk_i/I (gf180mcu_fd_sc_mcu7t5v0__clkbuf_16)
     5    0.025179    0.166248    0.414445    0.985738 ^ clkbuf_1_1__f_clk_i/Z (gf180mcu_fd_sc_mcu7t5v0__clkbuf_16)
                                                         clknet_1_1__leaf_clk_i (net)
                      0.166248    0.000358    0.986096 ^ _76_/CLK (gf180mcu_fd_sc_mcu7t5v0__dffq_1)
                                  0.250000    1.236096   clock uncertainty
                                  0.000000    1.236096   clock reconvergence pessimism
                                  0.129267    1.365363   library hold time
                                              1.365363   data required time
---------------------------------------------------------------------------------------------
                                              1.365363   data required time
                                             -2.743433   data arrival time
---------------------------------------------------------------------------------------------
                                              1.378070   slack (MET)


Startpoint: _70_ (rising edge-triggered flip-flop clocked by clk_i)
Endpoint: _70_ (rising edge-triggered flip-flop clocked by clk_i)
Path Group: clk_i
Path Type: min

Fanout         Cap        Slew       Delay        Time   Description
---------------------------------------------------------------------------------------------
                                  0.000000    0.000000   clock clk_i (rise edge)
                                  0.000000    0.000000   clock source latency
     1    0.028375    0.256103    0.115866    0.115866 ^ clk_i (in)
                                                         clk_i (net)
                      0.256104    0.000000    0.115866 ^ clkbuf_0_clk_i/I (gf180mcu_fd_sc_mcu7t5v0__clkbuf_16)
     2    0.048606    0.202728    0.454914    0.570780 ^ clkbuf_0_clk_i/Z (gf180mcu_fd_sc_mcu7t5v0__clkbuf_16)
                                                         clknet_0_clk_i (net)
                      0.202728    0.000353    0.571132 ^ clkbuf_1_0__f_clk_i/I (gf180mcu_fd_sc_mcu7t5v0__clkbuf_16)
     5    0.024032    0.164431    0.412757    0.983889 ^ clkbuf_1_0__f_clk_i/Z (gf180mcu_fd_sc_mcu7t5v0__clkbuf_16)
                                                         clknet_1_0__leaf_clk_i (net)
                      0.164431    0.000415    0.984304 ^ _70_/CLK (gf180mcu_fd_sc_mcu7t5v0__dffq_1)
     4    0.016317    0.361914    1.343841    2.328145 v _70_/Q (gf180mcu_fd_sc_mcu7t5v0__dffq_1)
                                                         net5 (net)
                      0.361914    0.000191    2.328336 v _39_/I (gf180mcu_fd_sc_mcu7t5v0__clkinv_1)
     1    0.007523    0.312983    0.276137    2.604473 ^ _39_/ZN (gf180mcu_fd_sc_mcu7t5v0__clkinv_1)
                                                         _14_ (net)
                      0.312983    0.000169    2.604642 ^ _51_/A1 (gf180mcu_fd_sc_mcu7t5v0__aoi21_1)
     1    0.004059    0.239625    0.210030    2.814672 v _51_/ZN (gf180mcu_fd_sc_mcu7t5v0__aoi21_1)
                                                         _02_ (net)
                      0.239625    0.000048    2.814720 v _70_/D (gf180mcu_fd_sc_mcu7t5v0__dffq_1)
                                              2.814720   data arrival time

                                  0.000000    0.000000   clock clk_i (rise edge)
                                  0.000000    0.000000   clock source latency
     1    0.028375    0.256103    0.115866    0.115866 ^ clk_i (in)
                                                         clk_i (net)
                      0.256104    0.000000    0.115866 ^ clkbuf_0_clk_i/I (gf180mcu_fd_sc_mcu7t5v0__clkbuf_16)
     2    0.048606    0.202728    0.454914    0.570780 ^ clkbuf_0_clk_i/Z (gf180mcu_fd_sc_mcu7t5v0__clkbuf_16)
                                                         clknet_0_clk_i (net)
                      0.202728    0.000353    0.571132 ^ clkbuf_1_0__f_clk_i/I (gf180mcu_fd_sc_mcu7t5v0__clkbuf_16)
     5    0.024032    0.164431    0.412757    0.983889 ^ clkbuf_1_0__f_clk_i/Z (gf180mcu_fd_sc_mcu7t5v0__clkbuf_16)
                                                         clknet_1_0__leaf_clk_i (net)
                      0.164431    0.000415    0.984304 ^ _70_/CLK (gf180mcu_fd_sc_mcu7t5v0__dffq_1)
                                  0.250000    1.234304   clock uncertainty
                                  0.000000    1.234304   clock reconvergence pessimism
                                  0.122812    1.357116   library hold time
                                              1.357116   data required time
---------------------------------------------------------------------------------------------
                                              1.357116   data required time
                                             -2.814720   data arrival time
---------------------------------------------------------------------------------------------
                                              1.457604   slack (MET)


Startpoint: _74_ (rising edge-triggered flip-flop clocked by clk_i)
Endpoint: _74_ (rising edge-triggered flip-flop clocked by clk_i)
Path Group: clk_i
Path Type: min

Fanout         Cap        Slew       Delay        Time   Description
---------------------------------------------------------------------------------------------
                                  0.000000    0.000000   clock clk_i (rise edge)
                                  0.000000    0.000000   clock source latency
     1    0.028375    0.256103    0.115866    0.115866 ^ clk_i (in)
                                                         clk_i (net)
                      0.256104    0.000000    0.115866 ^ clkbuf_0_clk_i/I (gf180mcu_fd_sc_mcu7t5v0__clkbuf_16)
     2    0.048606    0.202728    0.454914    0.570780 ^ clkbuf_0_clk_i/Z (gf180mcu_fd_sc_mcu7t5v0__clkbuf_16)
                                                         clknet_0_clk_i (net)
                      0.202728    0.000353    0.571132 ^ clkbuf_1_0__f_clk_i/I (gf180mcu_fd_sc_mcu7t5v0__clkbuf_16)
     5    0.024032    0.164431    0.412757    0.983889 ^ clkbuf_1_0__f_clk_i/Z (gf180mcu_fd_sc_mcu7t5v0__clkbuf_16)
                                                         clknet_1_0__leaf_clk_i (net)
                      0.164431    0.000101    0.983990 ^ _74_/CLK (gf180mcu_fd_sc_mcu7t5v0__dffq_1)
     3    0.014164    0.331964    1.319421    2.303411 v _74_/Q (gf180mcu_fd_sc_mcu7t5v0__dffq_1)
                                                         net9 (net)
                      0.331964    0.000199    2.303609 v _35_/I (gf180mcu_fd_sc_mcu7t5v0__clkinv_1)
     1    0.007528    0.307241    0.267788    2.571397 ^ _35_/ZN (gf180mcu_fd_sc_mcu7t5v0__clkinv_1)
                                                         _10_ (net)
                      0.307241    0.000160    2.571558 ^ _62_/A1 (gf180mcu_fd_sc_mcu7t5v0__aoi211_1)
     1    0.003544    0.283763    0.246897    2.818455 v _62_/ZN (gf180mcu_fd_sc_mcu7t5v0__aoi211_1)
                                                         _06_ (net)
                      0.283763    0.000068    2.818522 v _74_/D (gf180mcu_fd_sc_mcu7t5v0__dffq_1)
                                              2.818522   data arrival time

                                  0.000000    0.000000   clock clk_i (rise edge)
                                  0.000000    0.000000   clock source latency
     1    0.028375    0.256103    0.115866    0.115866 ^ clk_i (in)
                                                         clk_i (net)
                      0.256104    0.000000    0.115866 ^ clkbuf_0_clk_i/I (gf180mcu_fd_sc_mcu7t5v0__clkbuf_16)
     2    0.048606    0.202728    0.454914    0.570780 ^ clkbuf_0_clk_i/Z (gf180mcu_fd_sc_mcu7t5v0__clkbuf_16)
                                                         clknet_0_clk_i (net)
                      0.202728    0.000353    0.571132 ^ clkbuf_1_0__f_clk_i/I (gf180mcu_fd_sc_mcu7t5v0__clkbuf_16)
     5    0.024032    0.164431    0.412757    0.983889 ^ clkbuf_1_0__f_clk_i/Z (gf180mcu_fd_sc_mcu7t5v0__clkbuf_16)
                                                         clknet_1_0__leaf_clk_i (net)
                      0.164431    0.000101    0.983990 ^ _74_/CLK (gf180mcu_fd_sc_mcu7t5v0__dffq_1)
                                  0.250000    1.233990   clock uncertainty
                                  0.000000    1.233990   clock reconvergence pessimism
                                  0.109965    1.343955   library hold time
                                              1.343955   data required time
---------------------------------------------------------------------------------------------
                                              1.343955   data required time
                                             -2.818522   data arrival time
---------------------------------------------------------------------------------------------
                                              1.474567   slack (MET)


Startpoint: _68_ (rising edge-triggered flip-flop clocked by clk_i)
Endpoint: _68_ (rising edge-triggered flip-flop clocked by clk_i)
Path Group: clk_i
Path Type: min

Fanout         Cap        Slew       Delay        Time   Description
---------------------------------------------------------------------------------------------
                                  0.000000    0.000000   clock clk_i (rise edge)
                                  0.000000    0.000000   clock source latency
     1    0.028375    0.256103    0.115866    0.115866 ^ clk_i (in)
                                                         clk_i (net)
                      0.256104    0.000000    0.115866 ^ clkbuf_0_clk_i/I (gf180mcu_fd_sc_mcu7t5v0__clkbuf_16)
     2    0.048606    0.202728    0.454914    0.570780 ^ clkbuf_0_clk_i/Z (gf180mcu_fd_sc_mcu7t5v0__clkbuf_16)
                                                         clknet_0_clk_i (net)
                      0.202728    0.000514    0.571293 ^ clkbuf_1_1__f_clk_i/I (gf180mcu_fd_sc_mcu7t5v0__clkbuf_16)
     5    0.025179    0.166248    0.414445    0.985738 ^ clkbuf_1_1__f_clk_i/Z (gf180mcu_fd_sc_mcu7t5v0__clkbuf_16)
                                                         clknet_1_1__leaf_clk_i (net)
                      0.166248    0.000351    0.986089 ^ _68_/CLK (gf180mcu_fd_sc_mcu7t5v0__dffq_1)
     7    0.036919    0.660058    1.557056    2.543144 v _68_/Q (gf180mcu_fd_sc_mcu7t5v0__dffq_1)
                                                         net3 (net)
                      0.660058    0.000591    2.543736 v _43_/A2 (gf180mcu_fd_sc_mcu7t5v0__aoi22_1)
     1    0.003652    0.419148    0.437090    2.980825 ^ _43_/ZN (gf180mcu_fd_sc_mcu7t5v0__aoi22_1)
                                                         _00_ (net)
                      0.419148    0.000068    2.980894 ^ _68_/D (gf180mcu_fd_sc_mcu7t5v0__dffq_1)
                                              2.980894   data arrival time

                                  0.000000    0.000000   clock clk_i (rise edge)
                                  0.000000    0.000000   clock source latency
     1    0.028375    0.256103    0.115866    0.115866 ^ clk_i (in)
                                                         clk_i (net)
                      0.256104    0.000000    0.115866 ^ clkbuf_0_clk_i/I (gf180mcu_fd_sc_mcu7t5v0__clkbuf_16)
     2    0.048606    0.202728    0.454914    0.570780 ^ clkbuf_0_clk_i/Z (gf180mcu_fd_sc_mcu7t5v0__clkbuf_16)
                                                         clknet_0_clk_i (net)
                      0.202728    0.000514    0.571293 ^ clkbuf_1_1__f_clk_i/I (gf180mcu_fd_sc_mcu7t5v0__clkbuf_16)
     5    0.025179    0.166248    0.414445    0.985738 ^ clkbuf_1_1__f_clk_i/Z (gf180mcu_fd_sc_mcu7t5v0__clkbuf_16)
                                                         clknet_1_1__leaf_clk_i (net)
                      0.166248    0.000351    0.986089 ^ _68_/CLK (gf180mcu_fd_sc_mcu7t5v0__dffq_1)
                                  0.250000    1.236089   clock uncertainty
                                  0.000000    1.236089   clock reconvergence pessimism
                                  0.051694    1.287783   library hold time
                                              1.287783   data required time
---------------------------------------------------------------------------------------------
                                              1.287783   data required time
                                             -2.980894   data arrival time
---------------------------------------------------------------------------------------------
                                              1.693111   slack (MET)


Startpoint: _69_ (rising edge-triggered flip-flop clocked by clk_i)
Endpoint: _69_ (rising edge-triggered flip-flop clocked by clk_i)
Path Group: clk_i
Path Type: min

Fanout         Cap        Slew       Delay        Time   Description
---------------------------------------------------------------------------------------------
                                  0.000000    0.000000   clock clk_i (rise edge)
                                  0.000000    0.000000   clock source latency
     1    0.028375    0.256103    0.115866    0.115866 ^ clk_i (in)
                                                         clk_i (net)
                      0.256104    0.000000    0.115866 ^ clkbuf_0_clk_i/I (gf180mcu_fd_sc_mcu7t5v0__clkbuf_16)
     2    0.048606    0.202728    0.454914    0.570780 ^ clkbuf_0_clk_i/Z (gf180mcu_fd_sc_mcu7t5v0__clkbuf_16)
                                                         clknet_0_clk_i (net)
                      0.202728    0.000514    0.571293 ^ clkbuf_1_1__f_clk_i/I (gf180mcu_fd_sc_mcu7t5v0__clkbuf_16)
     5    0.025179    0.166248    0.414445    0.985738 ^ clkbuf_1_1__f_clk_i/Z (gf180mcu_fd_sc_mcu7t5v0__clkbuf_16)
                                                         clknet_1_1__leaf_clk_i (net)
                      0.166248    0.000420    0.986159 ^ _69_/CLK (gf180mcu_fd_sc_mcu7t5v0__dffq_1)
     5    0.023183    0.460527    1.418083    2.404242 v _69_/Q (gf180mcu_fd_sc_mcu7t5v0__dffq_1)
                                                         net4 (net)
                      0.460527    0.000431    2.404672 v _44_/B (gf180mcu_fd_sc_mcu7t5v0__aoi21_1)
     1    0.006668    0.532263    0.450071    2.854743 ^ _44_/ZN (gf180mcu_fd_sc_mcu7t5v0__aoi21_1)
                                                         _18_ (net)
                      0.532263    0.000078    2.854821 ^ _47_/A1 (gf180mcu_fd_sc_mcu7t5v0__nor2_1)
     1    0.003009    0.237504    0.199126    3.053947 v _47_/ZN (gf180mcu_fd_sc_mcu7t5v0__nor2_1)
                                                         _01_ (net)
                      0.237504    0.000031    3.053977 v _69_/D (gf180mcu_fd_sc_mcu7t5v0__dffq_1)
                                              3.053977   data arrival time

                                  0.000000    0.000000   clock clk_i (rise edge)
                                  0.000000    0.000000   clock source latency
     1    0.028375    0.256103    0.115866    0.115866 ^ clk_i (in)
                                                         clk_i (net)
                      0.256104    0.000000    0.115866 ^ clkbuf_0_clk_i/I (gf180mcu_fd_sc_mcu7t5v0__clkbuf_16)
     2    0.048606    0.202728    0.454914    0.570780 ^ clkbuf_0_clk_i/Z (gf180mcu_fd_sc_mcu7t5v0__clkbuf_16)
                                                         clknet_0_clk_i (net)
                      0.202728    0.000514    0.571293 ^ clkbuf_1_1__f_clk_i/I (gf180mcu_fd_sc_mcu7t5v0__clkbuf_16)
     5    0.025179    0.166248    0.414445    0.985738 ^ clkbuf_1_1__f_clk_i/Z (gf180mcu_fd_sc_mcu7t5v0__clkbuf_16)
                                                         clknet_1_1__leaf_clk_i (net)
                      0.166248    0.000420    0.986159 ^ _69_/CLK (gf180mcu_fd_sc_mcu7t5v0__dffq_1)
                                  0.250000    1.236159   clock uncertainty
                                  0.000000    1.236159   clock reconvergence pessimism
                                  0.123816    1.359975   library hold time
                                              1.359975   data required time
---------------------------------------------------------------------------------------------
                                              1.359975   data required time
                                             -3.053977   data arrival time
---------------------------------------------------------------------------------------------
                                              1.694003   slack (MET)


Startpoint: _71_ (rising edge-triggered flip-flop clocked by clk_i)
Endpoint: _72_ (rising edge-triggered flip-flop clocked by clk_i)
Path Group: clk_i
Path Type: min

Fanout         Cap        Slew       Delay        Time   Description
---------------------------------------------------------------------------------------------
                                  0.000000    0.000000   clock clk_i (rise edge)
                                  0.000000    0.000000   clock source latency
     1    0.028375    0.256103    0.115866    0.115866 ^ clk_i (in)
                                                         clk_i (net)
                      0.256104    0.000000    0.115866 ^ clkbuf_0_clk_i/I (gf180mcu_fd_sc_mcu7t5v0__clkbuf_16)
     2    0.048606    0.202728    0.454914    0.570780 ^ clkbuf_0_clk_i/Z (gf180mcu_fd_sc_mcu7t5v0__clkbuf_16)
                                                         clknet_0_clk_i (net)
                      0.202728    0.000353    0.571132 ^ clkbuf_1_0__f_clk_i/I (gf180mcu_fd_sc_mcu7t5v0__clkbuf_16)
     5    0.024032    0.164431    0.412757    0.983889 ^ clkbuf_1_0__f_clk_i/Z (gf180mcu_fd_sc_mcu7t5v0__clkbuf_16)
                                                         clknet_1_0__leaf_clk_i (net)
                      0.164431    0.000391    0.984280 ^ _71_/CLK (gf180mcu_fd_sc_mcu7t5v0__dffq_1)
     4    0.022207    0.446579    1.407886    2.392166 v _71_/Q (gf180mcu_fd_sc_mcu7t5v0__dffq_1)
                                                         net6 (net)
                      0.446579    0.000325    2.392491 v _54_/A1 (gf180mcu_fd_sc_mcu7t5v0__aoi21_1)
     1    0.005583    0.493851    0.435077    2.827569 ^ _54_/ZN (gf180mcu_fd_sc_mcu7t5v0__aoi21_1)
                                                         _25_ (net)
                      0.493851    0.000110    2.827679 ^ _56_/A2 (gf180mcu_fd_sc_mcu7t5v0__nor3_1)
     1    0.004386    0.345299    0.320889    3.148568 v _56_/ZN (gf180mcu_fd_sc_mcu7t5v0__nor3_1)
                                                         _04_ (net)
                      0.345299    0.000051    3.148619 v _72_/D (gf180mcu_fd_sc_mcu7t5v0__dffq_1)
                                              3.148619   data arrival time

                                  0.000000    0.000000   clock clk_i (rise edge)
                                  0.000000    0.000000   clock source latency
     1    0.028375    0.256103    0.115866    0.115866 ^ clk_i (in)
                                                         clk_i (net)
                      0.256104    0.000000    0.115866 ^ clkbuf_0_clk_i/I (gf180mcu_fd_sc_mcu7t5v0__clkbuf_16)
     2    0.048606    0.202728    0.454914    0.570780 ^ clkbuf_0_clk_i/Z (gf180mcu_fd_sc_mcu7t5v0__clkbuf_16)
                                                         clknet_0_clk_i (net)
                      0.202728    0.000353    0.571132 ^ clkbuf_1_0__f_clk_i/I (gf180mcu_fd_sc_mcu7t5v0__clkbuf_16)
     5    0.024032    0.164431    0.412757    0.983889 ^ clkbuf_1_0__f_clk_i/Z (gf180mcu_fd_sc_mcu7t5v0__clkbuf_16)
                                                         clknet_1_0__leaf_clk_i (net)
                      0.164431    0.000245    0.984134 ^ _72_/CLK (gf180mcu_fd_sc_mcu7t5v0__dffq_1)
                                  0.250000    1.234134   clock uncertainty
                                  0.000000    1.234134   clock reconvergence pessimism
                                  0.092054    1.326188   library hold time
                                              1.326188   data required time
---------------------------------------------------------------------------------------------
                                              1.326188   data required time
                                             -3.148619   data arrival time
---------------------------------------------------------------------------------------------
                                              1.822431   slack (MET)


Startpoint: _75_ (rising edge-triggered flip-flop clocked by clk_i)
Endpoint: _75_ (rising edge-triggered flip-flop clocked by clk_i)
Path Group: clk_i
Path Type: min

Fanout         Cap        Slew       Delay        Time   Description
---------------------------------------------------------------------------------------------
                                  0.000000    0.000000   clock clk_i (rise edge)
                                  0.000000    0.000000   clock source latency
     1    0.028375    0.256103    0.115866    0.115866 ^ clk_i (in)
                                                         clk_i (net)
                      0.256104    0.000000    0.115866 ^ clkbuf_0_clk_i/I (gf180mcu_fd_sc_mcu7t5v0__clkbuf_16)
     2    0.048606    0.202728    0.454914    0.570780 ^ clkbuf_0_clk_i/Z (gf180mcu_fd_sc_mcu7t5v0__clkbuf_16)
                                                         clknet_0_clk_i (net)
                      0.202728    0.000514    0.571293 ^ clkbuf_1_1__f_clk_i/I (gf180mcu_fd_sc_mcu7t5v0__clkbuf_16)
     5    0.025179    0.166248    0.414445    0.985738 ^ clkbuf_1_1__f_clk_i/Z (gf180mcu_fd_sc_mcu7t5v0__clkbuf_16)
                                                         clknet_1_1__leaf_clk_i (net)
                      0.166248    0.000135    0.985873 ^ _75_/CLK (gf180mcu_fd_sc_mcu7t5v0__dffq_1)
     2    0.009206    0.263170    1.263669    2.249542 v _75_/Q (gf180mcu_fd_sc_mcu7t5v0__dffq_1)
                                                         net10 (net)
                      0.263170    0.000119    2.249661 v _34_/I (gf180mcu_fd_sc_mcu7t5v0__clkinv_1)
     2    0.010849    0.379208    0.300571    2.550232 ^ _34_/ZN (gf180mcu_fd_sc_mcu7t5v0__clkinv_1)
                                                         _09_ (net)
                      0.379208    0.000232    2.550464 ^ _63_/B (gf180mcu_fd_sc_mcu7t5v0__oai31_1)
     1    0.006498    0.313421    0.274646    2.825110 v _63_/ZN (gf180mcu_fd_sc_mcu7t5v0__oai31_1)
                                                         _31_ (net)
                      0.313421    0.000153    2.825263 v _65_/A2 (gf180mcu_fd_sc_mcu7t5v0__and3_1)
     1    0.003109    0.214411    0.585994    3.411257 v _65_/Z (gf180mcu_fd_sc_mcu7t5v0__and3_1)
                                                         _07_ (net)
                      0.214411    0.000032    3.411289 v _75_/D (gf180mcu_fd_sc_mcu7t5v0__dffq_1)
                                              3.411289   data arrival time

                                  0.000000    0.000000   clock clk_i (rise edge)
                                  0.000000    0.000000   clock source latency
     1    0.028375    0.256103    0.115866    0.115866 ^ clk_i (in)
                                                         clk_i (net)
                      0.256104    0.000000    0.115866 ^ clkbuf_0_clk_i/I (gf180mcu_fd_sc_mcu7t5v0__clkbuf_16)
     2    0.048606    0.202728    0.454914    0.570780 ^ clkbuf_0_clk_i/Z (gf180mcu_fd_sc_mcu7t5v0__clkbuf_16)
                                                         clknet_0_clk_i (net)
                      0.202728    0.000514    0.571293 ^ clkbuf_1_1__f_clk_i/I (gf180mcu_fd_sc_mcu7t5v0__clkbuf_16)
     5    0.025179    0.166248    0.414445    0.985738 ^ clkbuf_1_1__f_clk_i/Z (gf180mcu_fd_sc_mcu7t5v0__clkbuf_16)
                                                         clknet_1_1__leaf_clk_i (net)
                      0.166248    0.000135    0.985873 ^ _75_/CLK (gf180mcu_fd_sc_mcu7t5v0__dffq_1)
                                  0.250000    1.235873   clock uncertainty
                                  0.000000    1.235873   clock reconvergence pessimism
                                  0.128128    1.364001   library hold time
                                              1.364001   data required time
---------------------------------------------------------------------------------------------
                                              1.364001   data required time
                                             -3.411289   data arrival time
---------------------------------------------------------------------------------------------
                                              2.047287   slack (MET)


Startpoint: _73_ (rising edge-triggered flip-flop clocked by clk_i)
Endpoint: _73_ (rising edge-triggered flip-flop clocked by clk_i)
Path Group: clk_i
Path Type: min

Fanout         Cap        Slew       Delay        Time   Description
---------------------------------------------------------------------------------------------
                                  0.000000    0.000000   clock clk_i (rise edge)
                                  0.000000    0.000000   clock source latency
     1    0.028375    0.256103    0.115866    0.115866 ^ clk_i (in)
                                                         clk_i (net)
                      0.256104    0.000000    0.115866 ^ clkbuf_0_clk_i/I (gf180mcu_fd_sc_mcu7t5v0__clkbuf_16)
     2    0.048606    0.202728    0.454914    0.570780 ^ clkbuf_0_clk_i/Z (gf180mcu_fd_sc_mcu7t5v0__clkbuf_16)
                                                         clknet_0_clk_i (net)
                      0.202728    0.000353    0.571132 ^ clkbuf_1_0__f_clk_i/I (gf180mcu_fd_sc_mcu7t5v0__clkbuf_16)
     5    0.024032    0.164431    0.412757    0.983889 ^ clkbuf_1_0__f_clk_i/Z (gf180mcu_fd_sc_mcu7t5v0__clkbuf_16)
                                                         clknet_1_0__leaf_clk_i (net)
                      0.164431    0.000044    0.983933 ^ _73_/CLK (gf180mcu_fd_sc_mcu7t5v0__dffq_1)
     4    0.023743    0.468568    1.423424    2.407357 v _73_/Q (gf180mcu_fd_sc_mcu7t5v0__dffq_1)
                                                         net8 (net)
                      0.468568    0.000410    2.407767 v _36_/I (gf180mcu_fd_sc_mcu7t5v0__clkinv_1)
     1    0.004939    0.281636    0.257113    2.664880 ^ _36_/ZN (gf180mcu_fd_sc_mcu7t5v0__clkinv_1)
                                                         _11_ (net)
                      0.281636    0.000047    2.664928 ^ _57_/B (gf180mcu_fd_sc_mcu7t5v0__oai31_1)
     1    0.003489    0.240191    0.224797    2.889725 v _57_/ZN (gf180mcu_fd_sc_mcu7t5v0__oai31_1)
                                                         _27_ (net)
                      0.240191    0.000036    2.889760 v _59_/A2 (gf180mcu_fd_sc_mcu7t5v0__and3_1)
     1    0.004429    0.235172    0.584047    3.473808 v _59_/Z (gf180mcu_fd_sc_mcu7t5v0__and3_1)
                                                         _05_ (net)
                      0.235172    0.000054    3.473862 v _73_/D (gf180mcu_fd_sc_mcu7t5v0__dffq_1)
                                              3.473862   data arrival time

                                  0.000000    0.000000   clock clk_i (rise edge)
                                  0.000000    0.000000   clock source latency
     1    0.028375    0.256103    0.115866    0.115866 ^ clk_i (in)
                                                         clk_i (net)
                      0.256104    0.000000    0.115866 ^ clkbuf_0_clk_i/I (gf180mcu_fd_sc_mcu7t5v0__clkbuf_16)
     2    0.048606    0.202728    0.454914    0.570780 ^ clkbuf_0_clk_i/Z (gf180mcu_fd_sc_mcu7t5v0__clkbuf_16)
                                                         clknet_0_clk_i (net)
                      0.202728    0.000353    0.571132 ^ clkbuf_1_0__f_clk_i/I (gf180mcu_fd_sc_mcu7t5v0__clkbuf_16)
     5    0.024032    0.164431    0.412757    0.983889 ^ clkbuf_1_0__f_clk_i/Z (gf180mcu_fd_sc_mcu7t5v0__clkbuf_16)
                                                         clknet_1_0__leaf_clk_i (net)
                      0.164431    0.000044    0.983933 ^ _73_/CLK (gf180mcu_fd_sc_mcu7t5v0__dffq_1)
                                  0.250000    1.233933   clock uncertainty
                                  0.000000    1.233933   clock reconvergence pessimism
                                  0.123884    1.357817   library hold time
                                              1.357817   data required time
---------------------------------------------------------------------------------------------
                                              1.357817   data required time
                                             -3.473862   data arrival time
---------------------------------------------------------------------------------------------
                                              2.116045   slack (MET)


Startpoint: _71_ (rising edge-triggered flip-flop clocked by clk_i)
Endpoint: _71_ (rising edge-triggered flip-flop clocked by clk_i)
Path Group: clk_i
Path Type: min

Fanout         Cap        Slew       Delay        Time   Description
---------------------------------------------------------------------------------------------
                                  0.000000    0.000000   clock clk_i (rise edge)
                                  0.000000    0.000000   clock source latency
     1    0.028375    0.256103    0.115866    0.115866 ^ clk_i (in)
                                                         clk_i (net)
                      0.256104    0.000000    0.115866 ^ clkbuf_0_clk_i/I (gf180mcu_fd_sc_mcu7t5v0__clkbuf_16)
     2    0.048606    0.202728    0.454914    0.570780 ^ clkbuf_0_clk_i/Z (gf180mcu_fd_sc_mcu7t5v0__clkbuf_16)
                                                         clknet_0_clk_i (net)
                      0.202728    0.000353    0.571132 ^ clkbuf_1_0__f_clk_i/I (gf180mcu_fd_sc_mcu7t5v0__clkbuf_16)
     5    0.024032    0.164431    0.412757    0.983889 ^ clkbuf_1_0__f_clk_i/Z (gf180mcu_fd_sc_mcu7t5v0__clkbuf_16)
                                                         clknet_1_0__leaf_clk_i (net)
                      0.164431    0.000391    0.984280 ^ _71_/CLK (gf180mcu_fd_sc_mcu7t5v0__dffq_1)
     4    0.022207    0.446579    1.407886    2.392166 v _71_/Q (gf180mcu_fd_sc_mcu7t5v0__dffq_1)
                                                         net6 (net)
                      0.446579    0.000294    2.392460 v _38_/I (gf180mcu_fd_sc_mcu7t5v0__clkinv_1)
     7    0.042264    1.224017    0.844599    3.237059 ^ _38_/ZN (gf180mcu_fd_sc_mcu7t5v0__clkinv_1)
                                                         _13_ (net)
                      1.224017    0.000480    3.237539 ^ _53_/A1 (gf180mcu_fd_sc_mcu7t5v0__aoi21_1)
     1    0.002996    0.337485    0.223846    3.461384 v _53_/ZN (gf180mcu_fd_sc_mcu7t5v0__aoi21_1)
                                                         _03_ (net)
                      0.337485    0.000030    3.461414 v _71_/D (gf180mcu_fd_sc_mcu7t5v0__dffq_1)
                                              3.461414   data arrival time

                                  0.000000    0.000000   clock clk_i (rise edge)
                                  0.000000    0.000000   clock source latency
     1    0.028375    0.256103    0.115866    0.115866 ^ clk_i (in)
                                                         clk_i (net)
                      0.256104    0.000000    0.115866 ^ clkbuf_0_clk_i/I (gf180mcu_fd_sc_mcu7t5v0__clkbuf_16)
     2    0.048606    0.202728    0.454914    0.570780 ^ clkbuf_0_clk_i/Z (gf180mcu_fd_sc_mcu7t5v0__clkbuf_16)
                                                         clknet_0_clk_i (net)
                      0.202728    0.000353    0.571132 ^ clkbuf_1_0__f_clk_i/I (gf180mcu_fd_sc_mcu7t5v0__clkbuf_16)
     5    0.024032    0.164431    0.412757    0.983889 ^ clkbuf_1_0__f_clk_i/Z (gf180mcu_fd_sc_mcu7t5v0__clkbuf_16)
                                                         clknet_1_0__leaf_clk_i (net)
                      0.164431    0.000391    0.984280 ^ _71_/CLK (gf180mcu_fd_sc_mcu7t5v0__dffq_1)
                                  0.250000    1.234280   clock uncertainty
                                  0.000000    1.234280   clock reconvergence pessimism
                                  0.094329    1.328609   library hold time
                                              1.328609   data required time
---------------------------------------------------------------------------------------------
                                              1.328609   data required time
                                             -3.461414   data arrival time
---------------------------------------------------------------------------------------------
                                              2.132806   slack (MET)


Startpoint: _75_ (rising edge-triggered flip-flop clocked by clk_i)
Endpoint: count_o[7] (output port clocked by clk_i)
Path Group: clk_i
Path Type: min

Fanout         Cap        Slew       Delay        Time   Description
---------------------------------------------------------------------------------------------
                                  0.000000    0.000000   clock clk_i (rise edge)
                                  0.000000    0.000000   clock source latency
     1    0.028375    0.256103    0.115866    0.115866 ^ clk_i (in)
                                                         clk_i (net)
                      0.256104    0.000000    0.115866 ^ clkbuf_0_clk_i/I (gf180mcu_fd_sc_mcu7t5v0__clkbuf_16)
     2    0.048606    0.202728    0.454914    0.570780 ^ clkbuf_0_clk_i/Z (gf180mcu_fd_sc_mcu7t5v0__clkbuf_16)
                                                         clknet_0_clk_i (net)
                      0.202728    0.000514    0.571293 ^ clkbuf_1_1__f_clk_i/I (gf180mcu_fd_sc_mcu7t5v0__clkbuf_16)
     5    0.025179    0.166248    0.414445    0.985738 ^ clkbuf_1_1__f_clk_i/Z (gf180mcu_fd_sc_mcu7t5v0__clkbuf_16)
                                                         clknet_1_1__leaf_clk_i (net)
                      0.166248    0.000135    0.985873 ^ _75_/CLK (gf180mcu_fd_sc_mcu7t5v0__dffq_1)
     2    0.009206    0.263170    1.263669    2.249542 v _75_/Q (gf180mcu_fd_sc_mcu7t5v0__dffq_1)
                                                         net10 (net)
                      0.263170    0.000104    2.249646 v output10/I (gf180mcu_fd_sc_mcu7t5v0__dlyb_1)
     1    0.073833    1.397394    2.778489    5.028134 v output10/Z (gf180mcu_fd_sc_mcu7t5v0__dlyb_1)
                                                         count_o[7] (net)
                      1.397394    0.000916    5.029051 v count_o[7] (out)
                                              5.029051   data arrival time

                                  0.000000    0.000000   clock clk_i (rise edge)
                                  0.000000    0.000000   clock network delay (propagated)
                                  0.250000    0.250000   clock uncertainty
                                  0.000000    0.250000   clock reconvergence pessimism
                                 -5.000000   -4.750000   output external delay
                                             -4.750000   data required time
---------------------------------------------------------------------------------------------
                                             -4.750000   data required time
                                             -5.029051   data arrival time
---------------------------------------------------------------------------------------------
                                              9.779051   slack (MET)


Startpoint: _76_ (rising edge-triggered flip-flop clocked by clk_i)
Endpoint: ovf_o (output port clocked by clk_i)
Path Group: clk_i
Path Type: min

Fanout         Cap        Slew       Delay        Time   Description
---------------------------------------------------------------------------------------------
                                  0.000000    0.000000   clock clk_i (rise edge)
                                  0.000000    0.000000   clock source latency
     1    0.028375    0.256103    0.115866    0.115866 ^ clk_i (in)
                                                         clk_i (net)
                      0.256104    0.000000    0.115866 ^ clkbuf_0_clk_i/I (gf180mcu_fd_sc_mcu7t5v0__clkbuf_16)
     2    0.048606    0.202728    0.454914    0.570780 ^ clkbuf_0_clk_i/Z (gf180mcu_fd_sc_mcu7t5v0__clkbuf_16)
                                                         clknet_0_clk_i (net)
                      0.202728    0.000514    0.571293 ^ clkbuf_1_1__f_clk_i/I (gf180mcu_fd_sc_mcu7t5v0__clkbuf_16)
     5    0.025179    0.166248    0.414445    0.985738 ^ clkbuf_1_1__f_clk_i/Z (gf180mcu_fd_sc_mcu7t5v0__clkbuf_16)
                                                         clknet_1_1__leaf_clk_i (net)
                      0.166248    0.000358    0.986096 ^ _76_/CLK (gf180mcu_fd_sc_mcu7t5v0__dffq_1)
     2    0.009866    0.272308    1.271163    2.257259 v _76_/Q (gf180mcu_fd_sc_mcu7t5v0__dffq_1)
                                                         net11 (net)
                      0.272308    0.000080    2.257339 v output11/I (gf180mcu_fd_sc_mcu7t5v0__dlyb_1)
     1    0.073610    1.440530    2.780169    5.037508 v output11/Z (gf180mcu_fd_sc_mcu7t5v0__dlyb_1)
                                                         ovf_o (net)
                      1.440530    0.000524    5.038033 v ovf_o (out)
                                              5.038033   data arrival time

                                  0.000000    0.000000   clock clk_i (rise edge)
                                  0.000000    0.000000   clock network delay (propagated)
                                  0.250000    0.250000   clock uncertainty
                                  0.000000    0.250000   clock reconvergence pessimism
                                 -5.000000   -4.750000   output external delay
                                             -4.750000   data required time
---------------------------------------------------------------------------------------------
                                             -4.750000   data required time
                                             -5.038033   data arrival time
---------------------------------------------------------------------------------------------
                                              9.788032   slack (MET)


Startpoint: _74_ (rising edge-triggered flip-flop clocked by clk_i)
Endpoint: count_o[6] (output port clocked by clk_i)
Path Group: clk_i
Path Type: min

Fanout         Cap        Slew       Delay        Time   Description
---------------------------------------------------------------------------------------------
                                  0.000000    0.000000   clock clk_i (rise edge)
                                  0.000000    0.000000   clock source latency
     1    0.028375    0.256103    0.115866    0.115866 ^ clk_i (in)
                                                         clk_i (net)
                      0.256104    0.000000    0.115866 ^ clkbuf_0_clk_i/I (gf180mcu_fd_sc_mcu7t5v0__clkbuf_16)
     2    0.048606    0.202728    0.454914    0.570780 ^ clkbuf_0_clk_i/Z (gf180mcu_fd_sc_mcu7t5v0__clkbuf_16)
                                                         clknet_0_clk_i (net)
                      0.202728    0.000353    0.571132 ^ clkbuf_1_0__f_clk_i/I (gf180mcu_fd_sc_mcu7t5v0__clkbuf_16)
     5    0.024032    0.164431    0.412757    0.983889 ^ clkbuf_1_0__f_clk_i/Z (gf180mcu_fd_sc_mcu7t5v0__clkbuf_16)
                                                         clknet_1_0__leaf_clk_i (net)
                      0.164431    0.000101    0.983990 ^ _74_/CLK (gf180mcu_fd_sc_mcu7t5v0__dffq_1)
     3    0.014164    0.331964    1.319421    2.303411 v _74_/Q (gf180mcu_fd_sc_mcu7t5v0__dffq_1)
                                                         net9 (net)
                      0.331964    0.000115    2.303526 v output9/I (gf180mcu_fd_sc_mcu7t5v0__dlyb_1)
     1    0.073628    1.394273    2.801235    5.104761 v output9/Z (gf180mcu_fd_sc_mcu7t5v0__dlyb_1)
                                                         count_o[6] (net)
                      1.394273    0.000854    5.105615 v count_o[6] (out)
                                              5.105615   data arrival time

                                  0.000000    0.000000   clock clk_i (rise edge)
                                  0.000000    0.000000   clock network delay (propagated)
                                  0.250000    0.250000   clock uncertainty
                                  0.000000    0.250000   clock reconvergence pessimism
                                 -5.000000   -4.750000   output external delay
                                             -4.750000   data required time
---------------------------------------------------------------------------------------------
                                             -4.750000   data required time
                                             -5.105615   data arrival time
---------------------------------------------------------------------------------------------
                                              9.855616   slack (MET)


Startpoint: _70_ (rising edge-triggered flip-flop clocked by clk_i)
Endpoint: count_o[2] (output port clocked by clk_i)
Path Group: clk_i
Path Type: min

Fanout         Cap        Slew       Delay        Time   Description
---------------------------------------------------------------------------------------------
                                  0.000000    0.000000   clock clk_i (rise edge)
                                  0.000000    0.000000   clock source latency
     1    0.028375    0.256103    0.115866    0.115866 ^ clk_i (in)
                                                         clk_i (net)
                      0.256104    0.000000    0.115866 ^ clkbuf_0_clk_i/I (gf180mcu_fd_sc_mcu7t5v0__clkbuf_16)
     2    0.048606    0.202728    0.454914    0.570780 ^ clkbuf_0_clk_i/Z (gf180mcu_fd_sc_mcu7t5v0__clkbuf_16)
                                                         clknet_0_clk_i (net)
                      0.202728    0.000353    0.571132 ^ clkbuf_1_0__f_clk_i/I (gf180mcu_fd_sc_mcu7t5v0__clkbuf_16)
     5    0.024032    0.164431    0.412757    0.983889 ^ clkbuf_1_0__f_clk_i/Z (gf180mcu_fd_sc_mcu7t5v0__clkbuf_16)
                                                         clknet_1_0__leaf_clk_i (net)
                      0.164431    0.000415    0.984304 ^ _70_/CLK (gf180mcu_fd_sc_mcu7t5v0__dffq_1)
     4    0.016317    0.361914    1.343841    2.328145 v _70_/Q (gf180mcu_fd_sc_mcu7t5v0__dffq_1)
                                                         net5 (net)
                      0.361914    0.000185    2.328330 v output5/I (gf180mcu_fd_sc_mcu7t5v0__dlyb_1)
     1    0.073582    1.393540    2.811585    5.139915 v output5/Z (gf180mcu_fd_sc_mcu7t5v0__dlyb_1)
                                                         count_o[2] (net)
                      1.393540    0.000838    5.140753 v count_o[2] (out)
                                              5.140753   data arrival time

                                  0.000000    0.000000   clock clk_i (rise edge)
                                  0.000000    0.000000   clock network delay (propagated)
                                  0.250000    0.250000   clock uncertainty
                                  0.000000    0.250000   clock reconvergence pessimism
                                 -5.000000   -4.750000   output external delay
                                             -4.750000   data required time
---------------------------------------------------------------------------------------------
                                             -4.750000   data required time
                                             -5.140753   data arrival time
---------------------------------------------------------------------------------------------
                                              9.890754   slack (MET)


Startpoint: _71_ (rising edge-triggered flip-flop clocked by clk_i)
Endpoint: count_o[3] (output port clocked by clk_i)
Path Group: clk_i
Path Type: min

Fanout         Cap        Slew       Delay        Time   Description
---------------------------------------------------------------------------------------------
                                  0.000000    0.000000   clock clk_i (rise edge)
                                  0.000000    0.000000   clock source latency
     1    0.028375    0.256103    0.115866    0.115866 ^ clk_i (in)
                                                         clk_i (net)
                      0.256104    0.000000    0.115866 ^ clkbuf_0_clk_i/I (gf180mcu_fd_sc_mcu7t5v0__clkbuf_16)
     2    0.048606    0.202728    0.454914    0.570780 ^ clkbuf_0_clk_i/Z (gf180mcu_fd_sc_mcu7t5v0__clkbuf_16)
                                                         clknet_0_clk_i (net)
                      0.202728    0.000353    0.571132 ^ clkbuf_1_0__f_clk_i/I (gf180mcu_fd_sc_mcu7t5v0__clkbuf_16)
     5    0.024032    0.164431    0.412757    0.983889 ^ clkbuf_1_0__f_clk_i/Z (gf180mcu_fd_sc_mcu7t5v0__clkbuf_16)
                                                         clknet_1_0__leaf_clk_i (net)
                      0.164431    0.000391    0.984280 ^ _71_/CLK (gf180mcu_fd_sc_mcu7t5v0__dffq_1)
     4    0.022207    0.446579    1.407886    2.392166 v _71_/Q (gf180mcu_fd_sc_mcu7t5v0__dffq_1)
                                                         net6 (net)
                      0.446579    0.000308    2.392474 v output6/I (gf180mcu_fd_sc_mcu7t5v0__dlyb_1)
     1    0.073892    1.397806    2.845403    5.237878 v output6/Z (gf180mcu_fd_sc_mcu7t5v0__dlyb_1)
                                                         count_o[3] (net)
                      1.397806    0.000873    5.238750 v count_o[3] (out)
                                              5.238750   data arrival time

                                  0.000000    0.000000   clock clk_i (rise edge)
                                  0.000000    0.000000   clock network delay (propagated)
                                  0.250000    0.250000   clock uncertainty
                                  0.000000    0.250000   clock reconvergence pessimism
                                 -5.000000   -4.750000   output external delay
                                             -4.750000   data required time
---------------------------------------------------------------------------------------------
                                             -4.750000   data required time
                                             -5.238750   data arrival time
---------------------------------------------------------------------------------------------
                                              9.988750   slack (MET)


Startpoint: _73_ (rising edge-triggered flip-flop clocked by clk_i)
Endpoint: count_o[5] (output port clocked by clk_i)
Path Group: clk_i
Path Type: min

Fanout         Cap        Slew       Delay        Time   Description
---------------------------------------------------------------------------------------------
                                  0.000000    0.000000   clock clk_i (rise edge)
                                  0.000000    0.000000   clock source latency
     1    0.028375    0.256103    0.115866    0.115866 ^ clk_i (in)
                                                         clk_i (net)
                      0.256104    0.000000    0.115866 ^ clkbuf_0_clk_i/I (gf180mcu_fd_sc_mcu7t5v0__clkbuf_16)
     2    0.048606    0.202728    0.454914    0.570780 ^ clkbuf_0_clk_i/Z (gf180mcu_fd_sc_mcu7t5v0__clkbuf_16)
                                                         clknet_0_clk_i (net)
                      0.202728    0.000353    0.571132 ^ clkbuf_1_0__f_clk_i/I (gf180mcu_fd_sc_mcu7t5v0__clkbuf_16)
     5    0.024032    0.164431    0.412757    0.983889 ^ clkbuf_1_0__f_clk_i/Z (gf180mcu_fd_sc_mcu7t5v0__clkbuf_16)
                                                         clknet_1_0__leaf_clk_i (net)
                      0.164431    0.000044    0.983933 ^ _73_/CLK (gf180mcu_fd_sc_mcu7t5v0__dffq_1)
     4    0.023743    0.468568    1.423424    2.407357 v _73_/Q (gf180mcu_fd_sc_mcu7t5v0__dffq_1)
                                                         net8 (net)
                      0.468568    0.000183    2.407541 v output8/I (gf180mcu_fd_sc_mcu7t5v0__dlyb_1)
     1    0.073614    1.440179    2.851120    5.258660 v output8/Z (gf180mcu_fd_sc_mcu7t5v0__dlyb_1)
                                                         count_o[5] (net)
                      1.440179    0.000524    5.259184 v count_o[5] (out)
                                              5.259184   data arrival time

                                  0.000000    0.000000   clock clk_i (rise edge)
                                  0.000000    0.000000   clock network delay (propagated)
                                  0.250000    0.250000   clock uncertainty
                                  0.000000    0.250000   clock reconvergence pessimism
                                 -5.000000   -4.750000   output external delay
                                             -4.750000   data required time
---------------------------------------------------------------------------------------------
                                             -4.750000   data required time
                                             -5.259184   data arrival time
---------------------------------------------------------------------------------------------
                                             10.009185   slack (MET)


Startpoint: _69_ (rising edge-triggered flip-flop clocked by clk_i)
Endpoint: count_o[1] (output port clocked by clk_i)
Path Group: clk_i
Path Type: min

Fanout         Cap        Slew       Delay        Time   Description
---------------------------------------------------------------------------------------------
                                  0.000000    0.000000   clock clk_i (rise edge)
                                  0.000000    0.000000   clock source latency
     1    0.028375    0.256103    0.115866    0.115866 ^ clk_i (in)
                                                         clk_i (net)
                      0.256104    0.000000    0.115866 ^ clkbuf_0_clk_i/I (gf180mcu_fd_sc_mcu7t5v0__clkbuf_16)
     2    0.048606    0.202728    0.454914    0.570780 ^ clkbuf_0_clk_i/Z (gf180mcu_fd_sc_mcu7t5v0__clkbuf_16)
                                                         clknet_0_clk_i (net)
                      0.202728    0.000514    0.571293 ^ clkbuf_1_1__f_clk_i/I (gf180mcu_fd_sc_mcu7t5v0__clkbuf_16)
     5    0.025179    0.166248    0.414445    0.985738 ^ clkbuf_1_1__f_clk_i/Z (gf180mcu_fd_sc_mcu7t5v0__clkbuf_16)
                                                         clknet_1_1__leaf_clk_i (net)
                      0.166248    0.000420    0.986159 ^ _69_/CLK (gf180mcu_fd_sc_mcu7t5v0__dffq_1)
     5    0.023183    0.460527    1.418083    2.404242 v _69_/Q (gf180mcu_fd_sc_mcu7t5v0__dffq_1)
                                                         net4 (net)
                      0.460527    0.000280    2.404521 v output4/I (gf180mcu_fd_sc_mcu7t5v0__dlyb_1)
     1    0.074269    1.403201    2.854305    5.258826 v output4/Z (gf180mcu_fd_sc_mcu7t5v0__dlyb_1)
                                                         count_o[1] (net)
                      1.403201    0.000999    5.259825 v count_o[1] (out)
                                              5.259825   data arrival time

                                  0.000000    0.000000   clock clk_i (rise edge)
                                  0.000000    0.000000   clock network delay (propagated)
                                  0.250000    0.250000   clock uncertainty
                                  0.000000    0.250000   clock reconvergence pessimism
                                 -5.000000   -4.750000   output external delay
                                             -4.750000   data required time
---------------------------------------------------------------------------------------------
                                             -4.750000   data required time
                                             -5.259825   data arrival time
---------------------------------------------------------------------------------------------
                                             10.009826   slack (MET)


Startpoint: _72_ (rising edge-triggered flip-flop clocked by clk_i)
Endpoint: count_o[4] (output port clocked by clk_i)
Path Group: clk_i
Path Type: min

Fanout         Cap        Slew       Delay        Time   Description
---------------------------------------------------------------------------------------------
                                  0.000000    0.000000   clock clk_i (rise edge)
                                  0.000000    0.000000   clock source latency
     1    0.028375    0.256103    0.115866    0.115866 ^ clk_i (in)
                                                         clk_i (net)
                      0.256104    0.000000    0.115866 ^ clkbuf_0_clk_i/I (gf180mcu_fd_sc_mcu7t5v0__clkbuf_16)
     2    0.048606    0.202728    0.454914    0.570780 ^ clkbuf_0_clk_i/Z (gf180mcu_fd_sc_mcu7t5v0__clkbuf_16)
                                                         clknet_0_clk_i (net)
                      0.202728    0.000353    0.571132 ^ clkbuf_1_0__f_clk_i/I (gf180mcu_fd_sc_mcu7t5v0__clkbuf_16)
     5    0.024032    0.164431    0.412757    0.983889 ^ clkbuf_1_0__f_clk_i/Z (gf180mcu_fd_sc_mcu7t5v0__clkbuf_16)
                                                         clknet_1_0__leaf_clk_i (net)
                      0.164431    0.000245    0.984134 ^ _72_/CLK (gf180mcu_fd_sc_mcu7t5v0__dffq_1)
     5    0.028745    0.540739    1.474000    2.458134 v _72_/Q (gf180mcu_fd_sc_mcu7t5v0__dffq_1)
                                                         net7 (net)
                      0.540739    0.000157    2.458291 v output7/I (gf180mcu_fd_sc_mcu7t5v0__dlyb_1)
     1    0.073986    1.398953    2.880611    5.338902 v output7/Z (gf180mcu_fd_sc_mcu7t5v0__dlyb_1)
                                                         count_o[4] (net)
                      1.398953    0.000617    5.339519 v count_o[4] (out)
                                              5.339519   data arrival time

                                  0.000000    0.000000   clock clk_i (rise edge)
                                  0.000000    0.000000   clock network delay (propagated)
                                  0.250000    0.250000   clock uncertainty
                                  0.000000    0.250000   clock reconvergence pessimism
                                 -5.000000   -4.750000   output external delay
                                             -4.750000   data required time
---------------------------------------------------------------------------------------------
                                             -4.750000   data required time
                                             -5.339519   data arrival time
---------------------------------------------------------------------------------------------
                                             10.089519   slack (MET)


Startpoint: _68_ (rising edge-triggered flip-flop clocked by clk_i)
Endpoint: count_o[0] (output port clocked by clk_i)
Path Group: clk_i
Path Type: min

Fanout         Cap        Slew       Delay        Time   Description
---------------------------------------------------------------------------------------------
                                  0.000000    0.000000   clock clk_i (rise edge)
                                  0.000000    0.000000   clock source latency
     1    0.028375    0.256103    0.115866    0.115866 ^ clk_i (in)
                                                         clk_i (net)
                      0.256104    0.000000    0.115866 ^ clkbuf_0_clk_i/I (gf180mcu_fd_sc_mcu7t5v0__clkbuf_16)
     2    0.048606    0.202728    0.454914    0.570780 ^ clkbuf_0_clk_i/Z (gf180mcu_fd_sc_mcu7t5v0__clkbuf_16)
                                                         clknet_0_clk_i (net)
                      0.202728    0.000514    0.571293 ^ clkbuf_1_1__f_clk_i/I (gf180mcu_fd_sc_mcu7t5v0__clkbuf_16)
     5    0.025179    0.166248    0.414445    0.985738 ^ clkbuf_1_1__f_clk_i/Z (gf180mcu_fd_sc_mcu7t5v0__clkbuf_16)
                                                         clknet_1_1__leaf_clk_i (net)
                      0.166248    0.000351    0.986089 ^ _68_/CLK (gf180mcu_fd_sc_mcu7t5v0__dffq_1)
     7    0.036919    0.660058    1.557056    2.543144 v _68_/Q (gf180mcu_fd_sc_mcu7t5v0__dffq_1)
                                                         net3 (net)
                      0.660058    0.000504    2.543648 v output3/I (gf180mcu_fd_sc_mcu7t5v0__dlyb_1)
     1    0.074751    1.409939    2.931979    5.475628 v output3/Z (gf180mcu_fd_sc_mcu7t5v0__dlyb_1)
                                                         count_o[0] (net)
                      1.409939    0.001160    5.476788 v count_o[0] (out)
                                              5.476788   data arrival time

                                  0.000000    0.000000   clock clk_i (rise edge)
                                  0.000000    0.000000   clock network delay (propagated)
                                  0.250000    0.250000   clock uncertainty
                                  0.000000    0.250000   clock reconvergence pessimism
                                 -5.000000   -4.750000   output external delay
                                             -4.750000   data required time
---------------------------------------------------------------------------------------------
                                             -4.750000   data required time
                                             -5.476788   data arrival time
---------------------------------------------------------------------------------------------
                                             10.226789   slack (MET)



