Clock: clk_i
Sources: clk_i 
Generated: no
Virtual: yes
Propagated: no
Period: 25.000000

===========================================================================
report_clock_properties
============================================================================
Clock                   Period          Waveform
----------------------------------------------------
clk_i                25.000000    0.000000 12.500000

===========================================================================
report_clock_latency
============================================================================
Clock clk_i
rise -> rise
    min     max
0.000000 0.000000 source latency
0.549115         network latency _75_/CLK
        0.550615 network latency _70_/CLK
---------------
0.549115 0.550615 latency
        0.001500 skew

fall -> fall
    min     max
0.000000 0.000000 source latency
0.505461         network latency _75_/CLK
        0.507078 network latency _70_/CLK
---------------
0.505461 0.507078 latency
        0.001616 skew



===========================================================================
report_clock_min_period
============================================================================
clk_i period_min = 3.78 fmax = 264.61
