Clock: clk_i
Sources: clk_i 
Generated: no
Virtual: no
Propagated: no
Period: 25.000000

===========================================================================
report_clock_properties
============================================================================
Clock                   Period          Waveform
----------------------------------------------------
clk_i                25.000000    0.000000 12.500000

===========================================================================
report_clock_latency
============================================================================
Clock clk_i
rise -> rise
    min     max
0.000000 0.000000 source latency
0.049682         network latency _68_/CLK
        0.049682 network latency _68_/CLK
---------------
0.049682 0.049682 latency
        0.000000 skew

fall -> fall
    min     max
0.000000 0.000000 source latency
0.029013         network latency _68_/CLK
        0.029013 network latency _68_/CLK
---------------
0.029013 0.029013 latency
        0.000000 skew



===========================================================================
report_clock_min_period
============================================================================
clk_i period_min = 0.00 fmax = inf
