+ define_corners nom_ff_n40C_5v50
Reading timing models for corner nom_ff_n40C_5v50…
Reading cell library for the 'nom_ff_n40C_5v50' corner at '/home/windyphony/.ciel/ciel/gf180mcu/versions/54435919abffb937387ec956209f9cf5fd2dfbee/gf180mcuD/libs.ref/gf180mcu_fd_sc_mcu7t5v0/lib/gf180mcu_fd_sc_mcu7t5v0__ff_n40C_5v50.lib'…
Reading top-level netlist at '/home/windyphony/heichips25-workshop/exercise_4/counter_8bit/runs/RUN_2026-05-11_21-47-57/06-yosys-synthesis/counter_8bit.nl.v'…
Linking design 'counter_8bit' from netlist…
Reading design constraints file at '/home/windyphony/unic-cass/envs/librelane/lib/python3.12/site-packages/librelane/scripts/base.sdc'…
[INFO] Using clock clk_i…
[INFO] Setting output delay to: 5
[INFO] Setting input delay to: 5
[INFO] Setting load to: 0.07291
[INFO] Setting clock uncertainty to: 0.25
[INFO] Setting clock transition to: 0.1499999999999999944488848768742172978818416595458984375
[INFO] Setting timing derate to: 5%
%OL_CREATE_REPORT min.rpt

===========================================================================
report_checks -path_delay min (Hold)
============================================================================
======================= nom_ff_n40C_5v50 Corner ===================================

Startpoint: _70_ (rising edge-triggered flip-flop clocked by clk_i)
Endpoint: _70_ (rising edge-triggered flip-flop clocked by clk_i)
Path Group: clk_i
Path Type: min

Fanout         Cap        Slew       Delay        Time   Description
---------------------------------------------------------------------------------------------
                      0.150000    0.000000    0.000000   clock clk_i (rise edge)
                                  0.000000    0.000000   clock network delay (ideal)
                      0.150000    0.000000    0.000000 ^ _70_/CLK (gf180mcu_fd_sc_mcu7t5v0__dffq_1)
     4    0.084102    0.577460    0.748436    0.748436 v _70_/Q (gf180mcu_fd_sc_mcu7t5v0__dffq_1)
                                                         count_o[2] (net)
                      0.577460    0.000000    0.748436 v _39_/I (gf180mcu_fd_sc_mcu7t5v0__clkinv_1)
     1    0.004828    0.182583    0.155277    0.903712 ^ _39_/ZN (gf180mcu_fd_sc_mcu7t5v0__clkinv_1)
                                                         _14_ (net)
                      0.182583    0.000000    0.903712 ^ _51_/A1 (gf180mcu_fd_sc_mcu7t5v0__aoi21_1)
     1    0.002439    0.082729    0.064389    0.968102 v _51_/ZN (gf180mcu_fd_sc_mcu7t5v0__aoi21_1)
                                                         _02_ (net)
                      0.082729    0.000000    0.968102 v _70_/D (gf180mcu_fd_sc_mcu7t5v0__dffq_1)
                                              0.968102   data arrival time

                      0.150000    0.000000    0.000000   clock clk_i (rise edge)
                                  0.000000    0.000000   clock network delay (ideal)
                                  0.250000    0.250000   clock uncertainty
                                  0.000000    0.250000   clock reconvergence pessimism
                                              0.250000 ^ _70_/CLK (gf180mcu_fd_sc_mcu7t5v0__dffq_1)
                                  0.075841    0.325841   library hold time
                                              0.325841   data required time
---------------------------------------------------------------------------------------------
                                              0.325841   data required time
                                             -0.968102   data arrival time
---------------------------------------------------------------------------------------------
                                              0.642261   slack (MET)


Startpoint: _74_ (rising edge-triggered flip-flop clocked by clk_i)
Endpoint: _74_ (rising edge-triggered flip-flop clocked by clk_i)
Path Group: clk_i
Path Type: min

Fanout         Cap        Slew       Delay        Time   Description
---------------------------------------------------------------------------------------------
                      0.150000    0.000000    0.000000   clock clk_i (rise edge)
                                  0.000000    0.000000   clock network delay (ideal)
                      0.150000    0.000000    0.000000 ^ _74_/CLK (gf180mcu_fd_sc_mcu7t5v0__dffq_1)
     3    0.081434    0.559847    0.737774    0.737774 v _74_/Q (gf180mcu_fd_sc_mcu7t5v0__dffq_1)
                                                         count_o[6] (net)
                      0.559847    0.000000    0.737774 v _35_/I (gf180mcu_fd_sc_mcu7t5v0__clkinv_1)
     1    0.004655    0.177454    0.151039    0.888813 ^ _35_/ZN (gf180mcu_fd_sc_mcu7t5v0__clkinv_1)
                                                         _10_ (net)
                      0.177454    0.000000    0.888813 ^ _62_/A1 (gf180mcu_fd_sc_mcu7t5v0__aoi211_1)
     1    0.002439    0.099146    0.080384    0.969197 v _62_/ZN (gf180mcu_fd_sc_mcu7t5v0__aoi211_1)
                                                         _06_ (net)
                      0.099146    0.000000    0.969197 v _74_/D (gf180mcu_fd_sc_mcu7t5v0__dffq_1)
                                              0.969197   data arrival time

                      0.150000    0.000000    0.000000   clock clk_i (rise edge)
                                  0.000000    0.000000   clock network delay (ideal)
                                  0.250000    0.250000   clock uncertainty
                                  0.000000    0.250000   clock reconvergence pessimism
                                              0.250000 ^ _74_/CLK (gf180mcu_fd_sc_mcu7t5v0__dffq_1)
                                  0.071480    0.321480   library hold time
                                              0.321480   data required time
---------------------------------------------------------------------------------------------
                                              0.321480   data required time
                                             -0.969197   data arrival time
---------------------------------------------------------------------------------------------
                                              0.647717   slack (MET)


Startpoint: _76_ (rising edge-triggered flip-flop clocked by clk_i)
Endpoint: _76_ (rising edge-triggered flip-flop clocked by clk_i)
Path Group: clk_i
Path Type: min

Fanout         Cap        Slew       Delay        Time   Description
---------------------------------------------------------------------------------------------
                      0.150000    0.000000    0.000000   clock clk_i (rise edge)
                                  0.000000    0.000000   clock network delay (ideal)
                      0.150000    0.000000    0.000000 ^ _76_/CLK (gf180mcu_fd_sc_mcu7t5v0__dffq_1)
     2    0.077644    0.534828    0.722629    0.722629 v _76_/Q (gf180mcu_fd_sc_mcu7t5v0__dffq_1)
                                                         ovf_o (net)
                      0.534828    0.000000    0.722629 v _66_/A1 (gf180mcu_fd_sc_mcu7t5v0__nand2_1)
     1    0.004744    0.132416    0.184055    0.906684 ^ _66_/ZN (gf180mcu_fd_sc_mcu7t5v0__nand2_1)
                                                         _33_ (net)
                      0.132416    0.000000    0.906684 ^ _67_/B (gf180mcu_fd_sc_mcu7t5v0__oai21_1)
     1    0.002439    0.075915    0.071105    0.977789 v _67_/ZN (gf180mcu_fd_sc_mcu7t5v0__oai21_1)
                                                         _08_ (net)
                      0.075915    0.000000    0.977789 v _76_/D (gf180mcu_fd_sc_mcu7t5v0__dffq_1)
                                              0.977789   data arrival time

                      0.150000    0.000000    0.000000   clock clk_i (rise edge)
                                  0.000000    0.000000   clock network delay (ideal)
                                  0.250000    0.250000   clock uncertainty
                                  0.000000    0.250000   clock reconvergence pessimism
                                              0.250000 ^ _76_/CLK (gf180mcu_fd_sc_mcu7t5v0__dffq_1)
                                  0.077651    0.327651   library hold time
                                              0.327651   data required time
---------------------------------------------------------------------------------------------
                                              0.327651   data required time
                                             -0.977789   data arrival time
---------------------------------------------------------------------------------------------
                                              0.650138   slack (MET)


Startpoint: _69_ (rising edge-triggered flip-flop clocked by clk_i)
Endpoint: _69_ (rising edge-triggered flip-flop clocked by clk_i)
Path Group: clk_i
Path Type: min

Fanout         Cap        Slew       Delay        Time   Description
---------------------------------------------------------------------------------------------
                      0.150000    0.000000    0.000000   clock clk_i (rise edge)
                                  0.000000    0.000000   clock network delay (ideal)
                      0.150000    0.000000    0.000000 ^ _69_/CLK (gf180mcu_fd_sc_mcu7t5v0__dffq_1)
     5    0.088037    0.603436    0.764161    0.764161 v _69_/Q (gf180mcu_fd_sc_mcu7t5v0__dffq_1)
                                                         count_o[1] (net)
                      0.603436    0.000000    0.764161 v _44_/B (gf180mcu_fd_sc_mcu7t5v0__aoi21_1)
     1    0.004447    0.170377    0.211155    0.975316 ^ _44_/ZN (gf180mcu_fd_sc_mcu7t5v0__aoi21_1)
                                                         _18_ (net)
                      0.170377    0.000000    0.975316 ^ _47_/A1 (gf180mcu_fd_sc_mcu7t5v0__nor2_1)
     1    0.002439    0.077274    0.061108    1.036424 v _47_/ZN (gf180mcu_fd_sc_mcu7t5v0__nor2_1)
                                                         _01_ (net)
                      0.077274    0.000000    1.036424 v _69_/D (gf180mcu_fd_sc_mcu7t5v0__dffq_1)
                                              1.036424   data arrival time

                      0.150000    0.000000    0.000000   clock clk_i (rise edge)
                                  0.000000    0.000000   clock network delay (ideal)
                                  0.250000    0.250000   clock uncertainty
                                  0.000000    0.250000   clock reconvergence pessimism
                                              0.250000 ^ _69_/CLK (gf180mcu_fd_sc_mcu7t5v0__dffq_1)
                                  0.077290    0.327290   library hold time
                                              0.327290   data required time
---------------------------------------------------------------------------------------------
                                              0.327290   data required time
                                             -1.036424   data arrival time
---------------------------------------------------------------------------------------------
                                              0.709135   slack (MET)


Startpoint: _68_ (rising edge-triggered flip-flop clocked by clk_i)
Endpoint: _68_ (rising edge-triggered flip-flop clocked by clk_i)
Path Group: clk_i
Path Type: min

Fanout         Cap        Slew       Delay        Time   Description
---------------------------------------------------------------------------------------------
                      0.150000    0.000000    0.000000   clock clk_i (rise edge)
                                  0.000000    0.000000   clock network delay (ideal)
                      0.150000    0.000000    0.000000 ^ _68_/CLK (gf180mcu_fd_sc_mcu7t5v0__dffq_1)
     7    0.098277    1.109386    1.046364    1.046364 ^ _68_/Q (gf180mcu_fd_sc_mcu7t5v0__dffq_1)
                                                         count_o[0] (net)
                      1.109386    0.000000    1.046364 ^ _43_/A2 (gf180mcu_fd_sc_mcu7t5v0__aoi22_1)
     1    0.002439    0.110653   -0.011572    1.034792 v _43_/ZN (gf180mcu_fd_sc_mcu7t5v0__aoi22_1)
                                                         _00_ (net)
                      0.110653    0.000000    1.034792 v _68_/D (gf180mcu_fd_sc_mcu7t5v0__dffq_1)
                                              1.034792   data arrival time

                      0.150000    0.000000    0.000000   clock clk_i (rise edge)
                                  0.000000    0.000000   clock network delay (ideal)
                                  0.250000    0.250000   clock uncertainty
                                  0.000000    0.250000   clock reconvergence pessimism
                                              0.250000 ^ _68_/CLK (gf180mcu_fd_sc_mcu7t5v0__dffq_1)
                                  0.067904    0.317904   library hold time
                                              0.317904   data required time
---------------------------------------------------------------------------------------------
                                              0.317904   data required time
                                             -1.034792   data arrival time
---------------------------------------------------------------------------------------------
                                              0.716888   slack (MET)


Startpoint: _72_ (rising edge-triggered flip-flop clocked by clk_i)
Endpoint: _72_ (rising edge-triggered flip-flop clocked by clk_i)
Path Group: clk_i
Path Type: min

Fanout         Cap        Slew       Delay        Time   Description
---------------------------------------------------------------------------------------------
                      0.150000    0.000000    0.000000   clock clk_i (rise edge)
                                  0.000000    0.000000   clock network delay (ideal)
                      0.150000    0.000000    0.000000 ^ _72_/CLK (gf180mcu_fd_sc_mcu7t5v0__dffq_1)
     5    0.089347    0.612084    0.769396    0.769396 v _72_/Q (gf180mcu_fd_sc_mcu7t5v0__dffq_1)
                                                         count_o[4] (net)
                      0.612084    0.000000    0.769396 v _54_/B (gf180mcu_fd_sc_mcu7t5v0__aoi21_1)
     1    0.003982    0.191401    0.207093    0.976489 ^ _54_/ZN (gf180mcu_fd_sc_mcu7t5v0__aoi21_1)
                                                         _25_ (net)
                      0.191401    0.000000    0.976489 ^ _56_/A2 (gf180mcu_fd_sc_mcu7t5v0__nor3_1)
     1    0.002439    0.093193    0.097914    1.074402 v _56_/ZN (gf180mcu_fd_sc_mcu7t5v0__nor3_1)
                                                         _04_ (net)
                      0.093193    0.000000    1.074402 v _72_/D (gf180mcu_fd_sc_mcu7t5v0__dffq_1)
                                              1.074402   data arrival time

                      0.150000    0.000000    0.000000   clock clk_i (rise edge)
                                  0.000000    0.000000   clock network delay (ideal)
                                  0.250000    0.250000   clock uncertainty
                                  0.000000    0.250000   clock reconvergence pessimism
                                              0.250000 ^ _72_/CLK (gf180mcu_fd_sc_mcu7t5v0__dffq_1)
                                  0.073061    0.323061   library hold time
                                              0.323061   data required time
---------------------------------------------------------------------------------------------
                                              0.323061   data required time
                                             -1.074402   data arrival time
---------------------------------------------------------------------------------------------
                                              0.751341   slack (MET)


Startpoint: _75_ (rising edge-triggered flip-flop clocked by clk_i)
Endpoint: _75_ (rising edge-triggered flip-flop clocked by clk_i)
Path Group: clk_i
Path Type: min

Fanout         Cap        Slew       Delay        Time   Description
---------------------------------------------------------------------------------------------
                      0.150000    0.000000    0.000000   clock clk_i (rise edge)
                                  0.000000    0.000000   clock network delay (ideal)
                      0.150000    0.000000    0.000000 ^ _75_/CLK (gf180mcu_fd_sc_mcu7t5v0__dffq_1)
     2    0.077076    0.531078    0.720359    0.720359 v _75_/Q (gf180mcu_fd_sc_mcu7t5v0__dffq_1)
                                                         count_o[7] (net)
                      0.531078    0.000000    0.720359 v _34_/I (gf180mcu_fd_sc_mcu7t5v0__clkinv_1)
     2    0.007474    0.205557    0.178248    0.898607 ^ _34_/ZN (gf180mcu_fd_sc_mcu7t5v0__clkinv_1)
                                                         _09_ (net)
                      0.205557    0.000000    0.898607 ^ _63_/B (gf180mcu_fd_sc_mcu7t5v0__oai31_1)
     1    0.002765    0.103561    0.083487    0.982094 v _63_/ZN (gf180mcu_fd_sc_mcu7t5v0__oai31_1)
                                                         _31_ (net)
                      0.103561    0.000000    0.982094 v _65_/A2 (gf180mcu_fd_sc_mcu7t5v0__and3_1)
     1    0.002439    0.071764    0.194347    1.176441 v _65_/Z (gf180mcu_fd_sc_mcu7t5v0__and3_1)
                                                         _07_ (net)
                      0.071764    0.000000    1.176441 v _75_/D (gf180mcu_fd_sc_mcu7t5v0__dffq_1)
                                              1.176441   data arrival time

                      0.150000    0.000000    0.000000   clock clk_i (rise edge)
                                  0.000000    0.000000   clock network delay (ideal)
                                  0.250000    0.250000   clock uncertainty
                                  0.000000    0.250000   clock reconvergence pessimism
                                              0.250000 ^ _75_/CLK (gf180mcu_fd_sc_mcu7t5v0__dffq_1)
                                  0.078753    0.328753   library hold time
                                              0.328753   data required time
---------------------------------------------------------------------------------------------
                                              0.328753   data required time
                                             -1.176441   data arrival time
---------------------------------------------------------------------------------------------
                                              0.847688   slack (MET)


Startpoint: _73_ (rising edge-triggered flip-flop clocked by clk_i)
Endpoint: _73_ (rising edge-triggered flip-flop clocked by clk_i)
Path Group: clk_i
Path Type: min

Fanout         Cap        Slew       Delay        Time   Description
---------------------------------------------------------------------------------------------
                      0.150000    0.000000    0.000000   clock clk_i (rise edge)
                                  0.000000    0.000000   clock network delay (ideal)
                      0.150000    0.000000    0.000000 ^ _73_/CLK (gf180mcu_fd_sc_mcu7t5v0__dffq_1)
     4    0.085306    0.585408    0.753247    0.753247 v _73_/Q (gf180mcu_fd_sc_mcu7t5v0__dffq_1)
                                                         count_o[5] (net)
                      0.585408    0.000000    0.753247 v _36_/I (gf180mcu_fd_sc_mcu7t5v0__clkinv_1)
     1    0.004639    0.181652    0.154157    0.907405 ^ _36_/ZN (gf180mcu_fd_sc_mcu7t5v0__clkinv_1)
                                                         _11_ (net)
                      0.181652    0.000000    0.907405 ^ _57_/B (gf180mcu_fd_sc_mcu7t5v0__oai31_1)
     1    0.002765    0.099205    0.081673    0.989077 v _57_/ZN (gf180mcu_fd_sc_mcu7t5v0__oai31_1)
                                                         _27_ (net)
                      0.099205    0.000000    0.989077 v _59_/A2 (gf180mcu_fd_sc_mcu7t5v0__and3_1)
     1    0.002439    0.071764    0.193106    1.182183 v _59_/Z (gf180mcu_fd_sc_mcu7t5v0__and3_1)
                                                         _05_ (net)
                      0.071764    0.000000    1.182183 v _73_/D (gf180mcu_fd_sc_mcu7t5v0__dffq_1)
                                              1.182183   data arrival time

                      0.150000    0.000000    0.000000   clock clk_i (rise edge)
                                  0.000000    0.000000   clock network delay (ideal)
                                  0.250000    0.250000   clock uncertainty
                                  0.000000    0.250000   clock reconvergence pessimism
                                              0.250000 ^ _73_/CLK (gf180mcu_fd_sc_mcu7t5v0__dffq_1)
                                  0.078753    0.328753   library hold time
                                              0.328753   data required time
---------------------------------------------------------------------------------------------
                                              0.328753   data required time
                                             -1.182183   data arrival time
---------------------------------------------------------------------------------------------
                                              0.853430   slack (MET)


Startpoint: _71_ (rising edge-triggered flip-flop clocked by clk_i)
Endpoint: _71_ (rising edge-triggered flip-flop clocked by clk_i)
Path Group: clk_i
Path Type: min

Fanout         Cap        Slew       Delay        Time   Description
---------------------------------------------------------------------------------------------
                      0.150000    0.000000    0.000000   clock clk_i (rise edge)
                                  0.000000    0.000000   clock network delay (ideal)
                      0.150000    0.000000    0.000000 ^ _71_/CLK (gf180mcu_fd_sc_mcu7t5v0__dffq_1)
     4    0.085861    0.589072    0.755465    0.755465 v _71_/Q (gf180mcu_fd_sc_mcu7t5v0__dffq_1)
                                                         count_o[3] (net)
                      0.589072    0.000000    0.755465 v _38_/I (gf180mcu_fd_sc_mcu7t5v0__clkinv_1)
     7    0.029749    0.419089    0.362158    1.117623 ^ _38_/ZN (gf180mcu_fd_sc_mcu7t5v0__clkinv_1)
                                                         _13_ (net)
                      0.419089    0.000000    1.117623 ^ _53_/A1 (gf180mcu_fd_sc_mcu7t5v0__aoi21_1)
     1    0.002439    0.112986    0.062945    1.180569 v _53_/ZN (gf180mcu_fd_sc_mcu7t5v0__aoi21_1)
                                                         _03_ (net)
                      0.112986    0.000000    1.180569 v _71_/D (gf180mcu_fd_sc_mcu7t5v0__dffq_1)
                                              1.180569   data arrival time

                      0.150000    0.000000    0.000000   clock clk_i (rise edge)
                                  0.000000    0.000000   clock network delay (ideal)
                                  0.250000    0.250000   clock uncertainty
                                  0.000000    0.250000   clock reconvergence pessimism
                                              0.250000 ^ _71_/CLK (gf180mcu_fd_sc_mcu7t5v0__dffq_1)
                                  0.067168    0.317168   library hold time
                                              0.317168   data required time
---------------------------------------------------------------------------------------------
                                              0.317168   data required time
                                             -1.180569   data arrival time
---------------------------------------------------------------------------------------------
                                              0.863401   slack (MET)


Startpoint: _75_ (rising edge-triggered flip-flop clocked by clk_i)
Endpoint: count_o[7] (output port clocked by clk_i)
Path Group: clk_i
Path Type: min

Fanout         Cap        Slew       Delay        Time   Description
---------------------------------------------------------------------------------------------
                      0.150000    0.000000    0.000000   clock clk_i (rise edge)
                                  0.000000    0.000000   clock network delay (ideal)
                      0.150000    0.000000    0.000000 ^ _75_/CLK (gf180mcu_fd_sc_mcu7t5v0__dffq_1)
     2    0.077076    0.531078    0.720359    0.720359 v _75_/Q (gf180mcu_fd_sc_mcu7t5v0__dffq_1)
                                                         count_o[7] (net)
                      0.531078    0.000000    0.720359 v count_o[7] (out)
                                              0.720359   data arrival time

                      0.150000    0.000000    0.000000   clock clk_i (rise edge)
                                  0.000000    0.000000   clock network delay (ideal)
                                  0.250000    0.250000   clock uncertainty
                                  0.000000    0.250000   clock reconvergence pessimism
                                 -5.000000   -4.750000   output external delay
                                             -4.750000   data required time
---------------------------------------------------------------------------------------------
                                             -4.750000   data required time
                                             -0.720359   data arrival time
---------------------------------------------------------------------------------------------
                                              5.470359   slack (MET)


Startpoint: _76_ (rising edge-triggered flip-flop clocked by clk_i)
Endpoint: ovf_o (output port clocked by clk_i)
Path Group: clk_i
Path Type: min

Fanout         Cap        Slew       Delay        Time   Description
---------------------------------------------------------------------------------------------
                      0.150000    0.000000    0.000000   clock clk_i (rise edge)
                                  0.000000    0.000000   clock network delay (ideal)
                      0.150000    0.000000    0.000000 ^ _76_/CLK (gf180mcu_fd_sc_mcu7t5v0__dffq_1)
     2    0.077644    0.534828    0.722629    0.722629 v _76_/Q (gf180mcu_fd_sc_mcu7t5v0__dffq_1)
                                                         ovf_o (net)
                      0.534828    0.000000    0.722629 v ovf_o (out)
                                              0.722629   data arrival time

                      0.150000    0.000000    0.000000   clock clk_i (rise edge)
                                  0.000000    0.000000   clock network delay (ideal)
                                  0.250000    0.250000   clock uncertainty
                                  0.000000    0.250000   clock reconvergence pessimism
                                 -5.000000   -4.750000   output external delay
                                             -4.750000   data required time
---------------------------------------------------------------------------------------------
                                             -4.750000   data required time
                                             -0.722629   data arrival time
---------------------------------------------------------------------------------------------
                                              5.472629   slack (MET)


Startpoint: _74_ (rising edge-triggered flip-flop clocked by clk_i)
Endpoint: count_o[6] (output port clocked by clk_i)
Path Group: clk_i
Path Type: min

Fanout         Cap        Slew       Delay        Time   Description
---------------------------------------------------------------------------------------------
                      0.150000    0.000000    0.000000   clock clk_i (rise edge)
                                  0.000000    0.000000   clock network delay (ideal)
                      0.150000    0.000000    0.000000 ^ _74_/CLK (gf180mcu_fd_sc_mcu7t5v0__dffq_1)
     3    0.081434    0.559847    0.737774    0.737774 v _74_/Q (gf180mcu_fd_sc_mcu7t5v0__dffq_1)
                                                         count_o[6] (net)
                      0.559847    0.000000    0.737774 v count_o[6] (out)
                                              0.737774   data arrival time

                      0.150000    0.000000    0.000000   clock clk_i (rise edge)
                                  0.000000    0.000000   clock network delay (ideal)
                                  0.250000    0.250000   clock uncertainty
                                  0.000000    0.250000   clock reconvergence pessimism
                                 -5.000000   -4.750000   output external delay
                                             -4.750000   data required time
---------------------------------------------------------------------------------------------
                                             -4.750000   data required time
                                             -0.737774   data arrival time
---------------------------------------------------------------------------------------------
                                              5.487774   slack (MET)


Startpoint: _70_ (rising edge-triggered flip-flop clocked by clk_i)
Endpoint: count_o[2] (output port clocked by clk_i)
Path Group: clk_i
Path Type: min

Fanout         Cap        Slew       Delay        Time   Description
---------------------------------------------------------------------------------------------
                      0.150000    0.000000    0.000000   clock clk_i (rise edge)
                                  0.000000    0.000000   clock network delay (ideal)
                      0.150000    0.000000    0.000000 ^ _70_/CLK (gf180mcu_fd_sc_mcu7t5v0__dffq_1)
     4    0.084102    0.577460    0.748436    0.748436 v _70_/Q (gf180mcu_fd_sc_mcu7t5v0__dffq_1)
                                                         count_o[2] (net)
                      0.577460    0.000000    0.748436 v count_o[2] (out)
                                              0.748436   data arrival time

                      0.150000    0.000000    0.000000   clock clk_i (rise edge)
                                  0.000000    0.000000   clock network delay (ideal)
                                  0.250000    0.250000   clock uncertainty
                                  0.000000    0.250000   clock reconvergence pessimism
                                 -5.000000   -4.750000   output external delay
                                             -4.750000   data required time
---------------------------------------------------------------------------------------------
                                             -4.750000   data required time
                                             -0.748436   data arrival time
---------------------------------------------------------------------------------------------
                                              5.498436   slack (MET)


Startpoint: _73_ (rising edge-triggered flip-flop clocked by clk_i)
Endpoint: count_o[5] (output port clocked by clk_i)
Path Group: clk_i
Path Type: min

Fanout         Cap        Slew       Delay        Time   Description
---------------------------------------------------------------------------------------------
                      0.150000    0.000000    0.000000   clock clk_i (rise edge)
                                  0.000000    0.000000   clock network delay (ideal)
                      0.150000    0.000000    0.000000 ^ _73_/CLK (gf180mcu_fd_sc_mcu7t5v0__dffq_1)
     4    0.085306    0.585408    0.753247    0.753247 v _73_/Q (gf180mcu_fd_sc_mcu7t5v0__dffq_1)
                                                         count_o[5] (net)
                      0.585408    0.000000    0.753247 v count_o[5] (out)
                                              0.753247   data arrival time

                      0.150000    0.000000    0.000000   clock clk_i (rise edge)
                                  0.000000    0.000000   clock network delay (ideal)
                                  0.250000    0.250000   clock uncertainty
                                  0.000000    0.250000   clock reconvergence pessimism
                                 -5.000000   -4.750000   output external delay
                                             -4.750000   data required time
---------------------------------------------------------------------------------------------
                                             -4.750000   data required time
                                             -0.753247   data arrival time
---------------------------------------------------------------------------------------------
                                              5.503247   slack (MET)


Startpoint: _71_ (rising edge-triggered flip-flop clocked by clk_i)
Endpoint: count_o[3] (output port clocked by clk_i)
Path Group: clk_i
Path Type: min

Fanout         Cap        Slew       Delay        Time   Description
---------------------------------------------------------------------------------------------
                      0.150000    0.000000    0.000000   clock clk_i (rise edge)
                                  0.000000    0.000000   clock network delay (ideal)
                      0.150000    0.000000    0.000000 ^ _71_/CLK (gf180mcu_fd_sc_mcu7t5v0__dffq_1)
     4    0.085861    0.589072    0.755465    0.755465 v _71_/Q (gf180mcu_fd_sc_mcu7t5v0__dffq_1)
                                                         count_o[3] (net)
                      0.589072    0.000000    0.755465 v count_o[3] (out)
                                              0.755465   data arrival time

                      0.150000    0.000000    0.000000   clock clk_i (rise edge)
                                  0.000000    0.000000   clock network delay (ideal)
                                  0.250000    0.250000   clock uncertainty
                                  0.000000    0.250000   clock reconvergence pessimism
                                 -5.000000   -4.750000   output external delay
                                             -4.750000   data required time
---------------------------------------------------------------------------------------------
                                             -4.750000   data required time
                                             -0.755465   data arrival time
---------------------------------------------------------------------------------------------
                                              5.505465   slack (MET)


Startpoint: _69_ (rising edge-triggered flip-flop clocked by clk_i)
Endpoint: count_o[1] (output port clocked by clk_i)
Path Group: clk_i
Path Type: min

Fanout         Cap        Slew       Delay        Time   Description
---------------------------------------------------------------------------------------------
                      0.150000    0.000000    0.000000   clock clk_i (rise edge)
                                  0.000000    0.000000   clock network delay (ideal)
                      0.150000    0.000000    0.000000 ^ _69_/CLK (gf180mcu_fd_sc_mcu7t5v0__dffq_1)
     5    0.088037    0.603436    0.764161    0.764161 v _69_/Q (gf180mcu_fd_sc_mcu7t5v0__dffq_1)
                                                         count_o[1] (net)
                      0.603436    0.000000    0.764161 v count_o[1] (out)
                                              0.764161   data arrival time

                      0.150000    0.000000    0.000000   clock clk_i (rise edge)
                                  0.000000    0.000000   clock network delay (ideal)
                                  0.250000    0.250000   clock uncertainty
                                  0.000000    0.250000   clock reconvergence pessimism
                                 -5.000000   -4.750000   output external delay
                                             -4.750000   data required time
---------------------------------------------------------------------------------------------
                                             -4.750000   data required time
                                             -0.764161   data arrival time
---------------------------------------------------------------------------------------------
                                              5.514161   slack (MET)


Startpoint: _72_ (rising edge-triggered flip-flop clocked by clk_i)
Endpoint: count_o[4] (output port clocked by clk_i)
Path Group: clk_i
Path Type: min

Fanout         Cap        Slew       Delay        Time   Description
---------------------------------------------------------------------------------------------
                      0.150000    0.000000    0.000000   clock clk_i (rise edge)
                                  0.000000    0.000000   clock network delay (ideal)
                      0.150000    0.000000    0.000000 ^ _72_/CLK (gf180mcu_fd_sc_mcu7t5v0__dffq_1)
     5    0.089347    0.612084    0.769396    0.769396 v _72_/Q (gf180mcu_fd_sc_mcu7t5v0__dffq_1)
                                                         count_o[4] (net)
                      0.612084    0.000000    0.769396 v count_o[4] (out)
                                              0.769396   data arrival time

                      0.150000    0.000000    0.000000   clock clk_i (rise edge)
                                  0.000000    0.000000   clock network delay (ideal)
                                  0.250000    0.250000   clock uncertainty
                                  0.000000    0.250000   clock reconvergence pessimism
                                 -5.000000   -4.750000   output external delay
                                             -4.750000   data required time
---------------------------------------------------------------------------------------------
                                             -4.750000   data required time
                                             -0.769396   data arrival time
---------------------------------------------------------------------------------------------
                                              5.519396   slack (MET)


Startpoint: _68_ (rising edge-triggered flip-flop clocked by clk_i)
Endpoint: count_o[0] (output port clocked by clk_i)
Path Group: clk_i
Path Type: min

Fanout         Cap        Slew       Delay        Time   Description
---------------------------------------------------------------------------------------------
                      0.150000    0.000000    0.000000   clock clk_i (rise edge)
                                  0.000000    0.000000   clock network delay (ideal)
                      0.150000    0.000000    0.000000 ^ _68_/CLK (gf180mcu_fd_sc_mcu7t5v0__dffq_1)
     7    0.098277    0.671067    0.805211    0.805211 v _68_/Q (gf180mcu_fd_sc_mcu7t5v0__dffq_1)
                                                         count_o[0] (net)
                      0.671067    0.000000    0.805211 v count_o[0] (out)
                                              0.805211   data arrival time

                      0.150000    0.000000    0.000000   clock clk_i (rise edge)
                                  0.000000    0.000000   clock network delay (ideal)
                                  0.250000    0.250000   clock uncertainty
                                  0.000000    0.250000   clock reconvergence pessimism
                                 -5.000000   -4.750000   output external delay
                                             -4.750000   data required time
---------------------------------------------------------------------------------------------
                                             -4.750000   data required time
                                             -0.805211   data arrival time
---------------------------------------------------------------------------------------------
                                              5.555211   slack (MET)



%OL_END_REPORT
%OL_CREATE_REPORT max.rpt

===========================================================================
report_checks -path_delay max (Setup)
============================================================================
======================= nom_ff_n40C_5v50 Corner ===================================

Startpoint: en_i (input port clocked by clk_i)
Endpoint: _75_ (rising edge-triggered flip-flop clocked by clk_i)
Path Group: clk_i
Path Type: max

Fanout         Cap        Slew       Delay        Time   Description
---------------------------------------------------------------------------------------------
                      0.150000    0.000000    0.000000   clock clk_i (rise edge)
                                  0.000000    0.000000   clock network delay (ideal)
                                  5.000000    5.000000 ^ input external delay
     6    0.025836    0.316622    0.167823    5.167823 ^ en_i (in)
                                                         en_i (net)
                      0.316622    0.000000    5.167823 ^ _49_/A1 (gf180mcu_fd_sc_mcu7t5v0__nand4_1)
     8    0.033592    0.705784    0.390832    5.558655 v _49_/ZN (gf180mcu_fd_sc_mcu7t5v0__nand4_1)
                                                         _22_ (net)
                      0.705784    0.000000    5.558655 v _64_/A3 (gf180mcu_fd_sc_mcu7t5v0__or4_1)
     2    0.007555    0.195835    0.634727    6.193381 v _64_/Z (gf180mcu_fd_sc_mcu7t5v0__or4_1)
                                                         _32_ (net)
                      0.195835    0.000000    6.193381 v _65_/A3 (gf180mcu_fd_sc_mcu7t5v0__and3_1)
     1    0.002439    0.079627    0.234339    6.427721 v _65_/Z (gf180mcu_fd_sc_mcu7t5v0__and3_1)
                                                         _07_ (net)
                      0.079627    0.000000    6.427721 v _75_/D (gf180mcu_fd_sc_mcu7t5v0__dffq_1)
                                              6.427721   data arrival time

                      0.150000   25.000000   25.000000   clock clk_i (rise edge)
                                  0.000000   25.000000   clock network delay (ideal)
                                 -0.250000   24.750000   clock uncertainty
                                  0.000000   24.750000   clock reconvergence pessimism
                                             24.750000 ^ _75_/CLK (gf180mcu_fd_sc_mcu7t5v0__dffq_1)
                                 -0.115379   24.634621   library setup time
                                             24.634621   data required time
---------------------------------------------------------------------------------------------
                                             24.634621   data required time
                                             -6.427721   data arrival time
---------------------------------------------------------------------------------------------
                                             18.206900   slack (MET)


Startpoint: en_i (input port clocked by clk_i)
Endpoint: _76_ (rising edge-triggered flip-flop clocked by clk_i)
Path Group: clk_i
Path Type: max

Fanout         Cap        Slew       Delay        Time   Description
---------------------------------------------------------------------------------------------
                      0.150000    0.000000    0.000000   clock clk_i (rise edge)
                                  0.000000    0.000000   clock network delay (ideal)
                                  5.000000    5.000000 ^ input external delay
     6    0.025836    0.316622    0.167823    5.167823 ^ en_i (in)
                                                         en_i (net)
                      0.316622    0.000000    5.167823 ^ _49_/A1 (gf180mcu_fd_sc_mcu7t5v0__nand4_1)
     8    0.033592    0.705784    0.390832    5.558655 v _49_/ZN (gf180mcu_fd_sc_mcu7t5v0__nand4_1)
                                                         _22_ (net)
                      0.705784    0.000000    5.558655 v _64_/A3 (gf180mcu_fd_sc_mcu7t5v0__or4_1)
     2    0.007555    0.195835    0.634727    6.193381 v _64_/Z (gf180mcu_fd_sc_mcu7t5v0__or4_1)
                                                         _32_ (net)
                      0.195835    0.000000    6.193381 v _67_/A2 (gf180mcu_fd_sc_mcu7t5v0__oai21_1)
     1    0.002439    0.183449    0.128070    6.321451 ^ _67_/ZN (gf180mcu_fd_sc_mcu7t5v0__oai21_1)
                                                         _08_ (net)
                      0.183449    0.000000    6.321451 ^ _76_/D (gf180mcu_fd_sc_mcu7t5v0__dffq_1)
                                              6.321451   data arrival time

                      0.150000   25.000000   25.000000   clock clk_i (rise edge)
                                  0.000000   25.000000   clock network delay (ideal)
                                 -0.250000   24.750000   clock uncertainty
                                  0.000000   24.750000   clock reconvergence pessimism
                                             24.750000 ^ _76_/CLK (gf180mcu_fd_sc_mcu7t5v0__dffq_1)
                                 -0.119180   24.630821   library setup time
                                             24.630821   data required time
---------------------------------------------------------------------------------------------
                                             24.630821   data required time
                                             -6.321451   data arrival time
---------------------------------------------------------------------------------------------
                                             18.309368   slack (MET)


Startpoint: en_i (input port clocked by clk_i)
Endpoint: _73_ (rising edge-triggered flip-flop clocked by clk_i)
Path Group: clk_i
Path Type: max

Fanout         Cap        Slew       Delay        Time   Description
---------------------------------------------------------------------------------------------
                      0.150000    0.000000    0.000000   clock clk_i (rise edge)
                                  0.000000    0.000000   clock network delay (ideal)
                                  5.000000    5.000000 ^ input external delay
     6    0.025836    0.316622    0.167823    5.167823 ^ en_i (in)
                                                         en_i (net)
                      0.316622    0.000000    5.167823 ^ _49_/A1 (gf180mcu_fd_sc_mcu7t5v0__nand4_1)
     8    0.033592    0.705784    0.390832    5.558655 v _49_/ZN (gf180mcu_fd_sc_mcu7t5v0__nand4_1)
                                                         _22_ (net)
                      0.705784    0.000000    5.558655 v _57_/A3 (gf180mcu_fd_sc_mcu7t5v0__oai31_1)
     1    0.002765    0.351206    0.332080    5.890735 ^ _57_/ZN (gf180mcu_fd_sc_mcu7t5v0__oai31_1)
                                                         _27_ (net)
                      0.351206    0.000000    5.890735 ^ _59_/A2 (gf180mcu_fd_sc_mcu7t5v0__and3_1)
     1    0.002439    0.092792    0.241745    6.132480 ^ _59_/Z (gf180mcu_fd_sc_mcu7t5v0__and3_1)
                                                         _05_ (net)
                      0.092792    0.000000    6.132480 ^ _73_/D (gf180mcu_fd_sc_mcu7t5v0__dffq_1)
                                              6.132480   data arrival time

                      0.150000   25.000000   25.000000   clock clk_i (rise edge)
                                  0.000000   25.000000   clock network delay (ideal)
                                 -0.250000   24.750000   clock uncertainty
                                  0.000000   24.750000   clock reconvergence pessimism
                                             24.750000 ^ _73_/CLK (gf180mcu_fd_sc_mcu7t5v0__dffq_1)
                                 -0.109935   24.640064   library setup time
                                             24.640064   data required time
---------------------------------------------------------------------------------------------
                                             24.640064   data required time
                                             -6.132480   data arrival time
---------------------------------------------------------------------------------------------
                                             18.507586   slack (MET)


Startpoint: en_i (input port clocked by clk_i)
Endpoint: _74_ (rising edge-triggered flip-flop clocked by clk_i)
Path Group: clk_i
Path Type: max

Fanout         Cap        Slew       Delay        Time   Description
---------------------------------------------------------------------------------------------
                      0.150000    0.000000    0.000000   clock clk_i (rise edge)
                                  0.000000    0.000000   clock network delay (ideal)
                                  5.000000    5.000000 ^ input external delay
     6    0.025836    0.316622    0.167823    5.167823 ^ en_i (in)
                                                         en_i (net)
                      0.316622    0.000000    5.167823 ^ _49_/A1 (gf180mcu_fd_sc_mcu7t5v0__nand4_1)
     8    0.033592    0.705784    0.390832    5.558655 v _49_/ZN (gf180mcu_fd_sc_mcu7t5v0__nand4_1)
                                                         _22_ (net)
                      0.705784    0.000000    5.558655 v _61_/A2 (gf180mcu_fd_sc_mcu7t5v0__nor3_1)
     1    0.004040    0.330365    0.298580    5.857235 ^ _61_/ZN (gf180mcu_fd_sc_mcu7t5v0__nor3_1)
                                                         _30_ (net)
                      0.330365    0.000000    5.857235 ^ _62_/B (gf180mcu_fd_sc_mcu7t5v0__aoi211_1)
     1    0.002439    0.195649    0.145709    6.002944 v _62_/ZN (gf180mcu_fd_sc_mcu7t5v0__aoi211_1)
                                                         _06_ (net)
                      0.195649    0.000000    6.002944 v _74_/D (gf180mcu_fd_sc_mcu7t5v0__dffq_1)
                                              6.002944   data arrival time

                      0.150000   25.000000   25.000000   clock clk_i (rise edge)
                                  0.000000   25.000000   clock network delay (ideal)
                                 -0.250000   24.750000   clock uncertainty
                                  0.000000   24.750000   clock reconvergence pessimism
                                             24.750000 ^ _74_/CLK (gf180mcu_fd_sc_mcu7t5v0__dffq_1)
                                 -0.150778   24.599222   library setup time
                                             24.599222   data required time
---------------------------------------------------------------------------------------------
                                             24.599222   data required time
                                             -6.002944   data arrival time
---------------------------------------------------------------------------------------------
                                             18.596279   slack (MET)


Startpoint: en_i (input port clocked by clk_i)
Endpoint: _72_ (rising edge-triggered flip-flop clocked by clk_i)
Path Group: clk_i
Path Type: max

Fanout         Cap        Slew       Delay        Time   Description
---------------------------------------------------------------------------------------------
                      0.150000    0.000000    0.000000   clock clk_i (rise edge)
                                  0.000000    0.000000   clock network delay (ideal)
                                  5.000000    5.000000 ^ input external delay
     6    0.025836    0.316622    0.167823    5.167823 ^ en_i (in)
                                                         en_i (net)
                      0.316622    0.000000    5.167823 ^ _49_/A1 (gf180mcu_fd_sc_mcu7t5v0__nand4_1)
     8    0.033592    0.705784    0.390832    5.558655 v _49_/ZN (gf180mcu_fd_sc_mcu7t5v0__nand4_1)
                                                         _22_ (net)
                      0.705784    0.000000    5.558655 v _55_/A3 (gf180mcu_fd_sc_mcu7t5v0__nor3_1)
     1    0.004057    0.340296    0.271265    5.829920 ^ _55_/ZN (gf180mcu_fd_sc_mcu7t5v0__nor3_1)
                                                         _26_ (net)
                      0.340296    0.000000    5.829920 ^ _56_/A3 (gf180mcu_fd_sc_mcu7t5v0__nor3_1)
     1    0.002439    0.181233    0.120627    5.950547 v _56_/ZN (gf180mcu_fd_sc_mcu7t5v0__nor3_1)
                                                         _04_ (net)
                      0.181233    0.000000    5.950547 v _72_/D (gf180mcu_fd_sc_mcu7t5v0__dffq_1)
                                              5.950547   data arrival time

                      0.150000   25.000000   25.000000   clock clk_i (rise edge)
                                  0.000000   25.000000   clock network delay (ideal)
                                 -0.250000   24.750000   clock uncertainty
                                  0.000000   24.750000   clock reconvergence pessimism
                                             24.750000 ^ _72_/CLK (gf180mcu_fd_sc_mcu7t5v0__dffq_1)
                                 -0.146258   24.603743   library setup time
                                             24.603743   data required time
---------------------------------------------------------------------------------------------
                                             24.603743   data required time
                                             -5.950547   data arrival time
---------------------------------------------------------------------------------------------
                                             18.653194   slack (MET)


Startpoint: en_i (input port clocked by clk_i)
Endpoint: _71_ (rising edge-triggered flip-flop clocked by clk_i)
Path Group: clk_i
Path Type: max

Fanout         Cap        Slew       Delay        Time   Description
---------------------------------------------------------------------------------------------
                      0.150000    0.000000    0.000000   clock clk_i (rise edge)
                                  0.000000    0.000000   clock network delay (ideal)
                                  5.000000    5.000000 ^ input external delay
     6    0.025836    0.316622    0.167823    5.167823 ^ en_i (in)
                                                         en_i (net)
                      0.316622    0.000000    5.167823 ^ _49_/A1 (gf180mcu_fd_sc_mcu7t5v0__nand4_1)
     8    0.033592    0.705784    0.390832    5.558655 v _49_/ZN (gf180mcu_fd_sc_mcu7t5v0__nand4_1)
                                                         _22_ (net)
                      0.705784    0.000000    5.558655 v _52_/A2 (gf180mcu_fd_sc_mcu7t5v0__oai21_1)
     1    0.004026    0.272700    0.240670    5.799325 ^ _52_/ZN (gf180mcu_fd_sc_mcu7t5v0__oai21_1)
                                                         _24_ (net)
                      0.272700    0.000000    5.799325 ^ _53_/B (gf180mcu_fd_sc_mcu7t5v0__aoi21_1)
     1    0.002439    0.178411    0.127174    5.926498 v _53_/ZN (gf180mcu_fd_sc_mcu7t5v0__aoi21_1)
                                                         _03_ (net)
                      0.178411    0.000000    5.926498 v _71_/D (gf180mcu_fd_sc_mcu7t5v0__dffq_1)
                                              5.926498   data arrival time

                      0.150000   25.000000   25.000000   clock clk_i (rise edge)
                                  0.000000   25.000000   clock network delay (ideal)
                                 -0.250000   24.750000   clock uncertainty
                                  0.000000   24.750000   clock reconvergence pessimism
                                             24.750000 ^ _71_/CLK (gf180mcu_fd_sc_mcu7t5v0__dffq_1)
                                 -0.145373   24.604626   library setup time
                                             24.604626   data required time
---------------------------------------------------------------------------------------------
                                             24.604626   data required time
                                             -5.926498   data arrival time
---------------------------------------------------------------------------------------------
                                             18.678127   slack (MET)


Startpoint: en_i (input port clocked by clk_i)
Endpoint: _70_ (rising edge-triggered flip-flop clocked by clk_i)
Path Group: clk_i
Path Type: max

Fanout         Cap        Slew       Delay        Time   Description
---------------------------------------------------------------------------------------------
                      0.150000    0.000000    0.000000   clock clk_i (rise edge)
                                  0.000000    0.000000   clock network delay (ideal)
                                  5.000000    5.000000 ^ input external delay
     6    0.025836    0.316622    0.167823    5.167823 ^ en_i (in)
                                                         en_i (net)
                      0.316622    0.000000    5.167823 ^ _49_/A1 (gf180mcu_fd_sc_mcu7t5v0__nand4_1)
     8    0.033592    0.705784    0.390832    5.558655 v _49_/ZN (gf180mcu_fd_sc_mcu7t5v0__nand4_1)
                                                         _22_ (net)
                      0.705784    0.000000    5.558655 v _50_/A2 (gf180mcu_fd_sc_mcu7t5v0__nand2_1)
     1    0.004026    0.227468    0.245519    5.804174 ^ _50_/ZN (gf180mcu_fd_sc_mcu7t5v0__nand2_1)
                                                         _23_ (net)
                      0.227468    0.000000    5.804174 ^ _51_/B (gf180mcu_fd_sc_mcu7t5v0__aoi21_1)
     1    0.002439    0.157132    0.122047    5.926221 v _51_/ZN (gf180mcu_fd_sc_mcu7t5v0__aoi21_1)
                                                         _02_ (net)
                      0.157132    0.000000    5.926221 v _70_/D (gf180mcu_fd_sc_mcu7t5v0__dffq_1)
                                              5.926221   data arrival time

                      0.150000   25.000000   25.000000   clock clk_i (rise edge)
                                  0.000000   25.000000   clock network delay (ideal)
                                 -0.250000   24.750000   clock uncertainty
                                  0.000000   24.750000   clock reconvergence pessimism
                                             24.750000 ^ _70_/CLK (gf180mcu_fd_sc_mcu7t5v0__dffq_1)
                                 -0.138702   24.611300   library setup time
                                             24.611300   data required time
---------------------------------------------------------------------------------------------
                                             24.611300   data required time
                                             -5.926221   data arrival time
---------------------------------------------------------------------------------------------
                                             18.685078   slack (MET)


Startpoint: _68_ (rising edge-triggered flip-flop clocked by clk_i)
Endpoint: count_o[0] (output port clocked by clk_i)
Path Group: clk_i
Path Type: max

Fanout         Cap        Slew       Delay        Time   Description
---------------------------------------------------------------------------------------------
                      0.150000    0.000000    0.000000   clock clk_i (rise edge)
                                  0.000000    0.000000   clock network delay (ideal)
                      0.150000    0.000000    0.000000 ^ _68_/CLK (gf180mcu_fd_sc_mcu7t5v0__dffq_1)
     7    0.098277    1.109386    1.046364    1.046364 ^ _68_/Q (gf180mcu_fd_sc_mcu7t5v0__dffq_1)
                                                         count_o[0] (net)
                      1.109386    0.000000    1.046364 ^ count_o[0] (out)
                                              1.046364   data arrival time

                      0.150000   25.000000   25.000000   clock clk_i (rise edge)
                                  0.000000   25.000000   clock network delay (ideal)
                                 -0.250000   24.750000   clock uncertainty
                                  0.000000   24.750000   clock reconvergence pessimism
                                 -5.000000   19.750000   output external delay
                                             19.750000   data required time
---------------------------------------------------------------------------------------------
                                             19.750000   data required time
                                             -1.046364   data arrival time
---------------------------------------------------------------------------------------------
                                             18.703636   slack (MET)


Startpoint: _72_ (rising edge-triggered flip-flop clocked by clk_i)
Endpoint: count_o[4] (output port clocked by clk_i)
Path Group: clk_i
Path Type: max

Fanout         Cap        Slew       Delay        Time   Description
---------------------------------------------------------------------------------------------
                      0.150000    0.000000    0.000000   clock clk_i (rise edge)
                                  0.000000    0.000000   clock network delay (ideal)
                      0.150000    0.000000    0.000000 ^ _72_/CLK (gf180mcu_fd_sc_mcu7t5v0__dffq_1)
     5    0.089347    1.011411    0.989922    0.989922 ^ _72_/Q (gf180mcu_fd_sc_mcu7t5v0__dffq_1)
                                                         count_o[4] (net)
                      1.011411    0.000000    0.989922 ^ count_o[4] (out)
                                              0.989922   data arrival time

                      0.150000   25.000000   25.000000   clock clk_i (rise edge)
                                  0.000000   25.000000   clock network delay (ideal)
                                 -0.250000   24.750000   clock uncertainty
                                  0.000000   24.750000   clock reconvergence pessimism
                                 -5.000000   19.750000   output external delay
                                             19.750000   data required time
---------------------------------------------------------------------------------------------
                                             19.750000   data required time
                                             -0.989922   data arrival time
---------------------------------------------------------------------------------------------
                                             18.760077   slack (MET)


Startpoint: _69_ (rising edge-triggered flip-flop clocked by clk_i)
Endpoint: count_o[1] (output port clocked by clk_i)
Path Group: clk_i
Path Type: max

Fanout         Cap        Slew       Delay        Time   Description
---------------------------------------------------------------------------------------------
                      0.150000    0.000000    0.000000   clock clk_i (rise edge)
                                  0.000000    0.000000   clock network delay (ideal)
                      0.150000    0.000000    0.000000 ^ _69_/CLK (gf180mcu_fd_sc_mcu7t5v0__dffq_1)
     5    0.088037    0.997066    0.981681    0.981681 ^ _69_/Q (gf180mcu_fd_sc_mcu7t5v0__dffq_1)
                                                         count_o[1] (net)
                      0.997066    0.000000    0.981681 ^ count_o[1] (out)
                                              0.981681   data arrival time

                      0.150000   25.000000   25.000000   clock clk_i (rise edge)
                                  0.000000   25.000000   clock network delay (ideal)
                                 -0.250000   24.750000   clock uncertainty
                                  0.000000   24.750000   clock reconvergence pessimism
                                 -5.000000   19.750000   output external delay
                                             19.750000   data required time
---------------------------------------------------------------------------------------------
                                             19.750000   data required time
                                             -0.981681   data arrival time
---------------------------------------------------------------------------------------------
                                             18.768318   slack (MET)


Startpoint: _71_ (rising edge-triggered flip-flop clocked by clk_i)
Endpoint: count_o[3] (output port clocked by clk_i)
Path Group: clk_i
Path Type: max

Fanout         Cap        Slew       Delay        Time   Description
---------------------------------------------------------------------------------------------
                      0.150000    0.000000    0.000000   clock clk_i (rise edge)
                                  0.000000    0.000000   clock network delay (ideal)
                      0.150000    0.000000    0.000000 ^ _71_/CLK (gf180mcu_fd_sc_mcu7t5v0__dffq_1)
     4    0.085861    0.973238    0.967991    0.967991 ^ _71_/Q (gf180mcu_fd_sc_mcu7t5v0__dffq_1)
                                                         count_o[3] (net)
                      0.973238    0.000000    0.967991 ^ count_o[3] (out)
                                              0.967991   data arrival time

                      0.150000   25.000000   25.000000   clock clk_i (rise edge)
                                  0.000000   25.000000   clock network delay (ideal)
                                 -0.250000   24.750000   clock uncertainty
                                  0.000000   24.750000   clock reconvergence pessimism
                                 -5.000000   19.750000   output external delay
                                             19.750000   data required time
---------------------------------------------------------------------------------------------
                                             19.750000   data required time
                                             -0.967991   data arrival time
---------------------------------------------------------------------------------------------
                                             18.782007   slack (MET)


Startpoint: _73_ (rising edge-triggered flip-flop clocked by clk_i)
Endpoint: count_o[5] (output port clocked by clk_i)
Path Group: clk_i
Path Type: max

Fanout         Cap        Slew       Delay        Time   Description
---------------------------------------------------------------------------------------------
                      0.150000    0.000000    0.000000   clock clk_i (rise edge)
                                  0.000000    0.000000   clock network delay (ideal)
                      0.150000    0.000000    0.000000 ^ _73_/CLK (gf180mcu_fd_sc_mcu7t5v0__dffq_1)
     4    0.085306    0.967161    0.964500    0.964500 ^ _73_/Q (gf180mcu_fd_sc_mcu7t5v0__dffq_1)
                                                         count_o[5] (net)
                      0.967161    0.000000    0.964500 ^ count_o[5] (out)
                                              0.964500   data arrival time

                      0.150000   25.000000   25.000000   clock clk_i (rise edge)
                                  0.000000   25.000000   clock network delay (ideal)
                                 -0.250000   24.750000   clock uncertainty
                                  0.000000   24.750000   clock reconvergence pessimism
                                 -5.000000   19.750000   output external delay
                                             19.750000   data required time
---------------------------------------------------------------------------------------------
                                             19.750000   data required time
                                             -0.964500   data arrival time
---------------------------------------------------------------------------------------------
                                             18.785500   slack (MET)


Startpoint: _70_ (rising edge-triggered flip-flop clocked by clk_i)
Endpoint: count_o[2] (output port clocked by clk_i)
Path Group: clk_i
Path Type: max

Fanout         Cap        Slew       Delay        Time   Description
---------------------------------------------------------------------------------------------
                      0.150000    0.000000    0.000000   clock clk_i (rise edge)
                                  0.000000    0.000000   clock network delay (ideal)
                      0.150000    0.000000    0.000000 ^ _70_/CLK (gf180mcu_fd_sc_mcu7t5v0__dffq_1)
     4    0.084102    0.953976    0.956925    0.956925 ^ _70_/Q (gf180mcu_fd_sc_mcu7t5v0__dffq_1)
                                                         count_o[2] (net)
                      0.953976    0.000000    0.956925 ^ count_o[2] (out)
                                              0.956925   data arrival time

                      0.150000   25.000000   25.000000   clock clk_i (rise edge)
                                  0.000000   25.000000   clock network delay (ideal)
                                 -0.250000   24.750000   clock uncertainty
                                  0.000000   24.750000   clock reconvergence pessimism
                                 -5.000000   19.750000   output external delay
                                             19.750000   data required time
---------------------------------------------------------------------------------------------
                                             19.750000   data required time
                                             -0.956925   data arrival time
---------------------------------------------------------------------------------------------
                                             18.793074   slack (MET)


Startpoint: _74_ (rising edge-triggered flip-flop clocked by clk_i)
Endpoint: count_o[6] (output port clocked by clk_i)
Path Group: clk_i
Path Type: max

Fanout         Cap        Slew       Delay        Time   Description
---------------------------------------------------------------------------------------------
                      0.150000    0.000000    0.000000   clock clk_i (rise edge)
                                  0.000000    0.000000   clock network delay (ideal)
                      0.150000    0.000000    0.000000 ^ _74_/CLK (gf180mcu_fd_sc_mcu7t5v0__dffq_1)
     3    0.081434    0.924761    0.940140    0.940140 ^ _74_/Q (gf180mcu_fd_sc_mcu7t5v0__dffq_1)
                                                         count_o[6] (net)
                      0.924761    0.000000    0.940140 ^ count_o[6] (out)
                                              0.940140   data arrival time

                      0.150000   25.000000   25.000000   clock clk_i (rise edge)
                                  0.000000   25.000000   clock network delay (ideal)
                                 -0.250000   24.750000   clock uncertainty
                                  0.000000   24.750000   clock reconvergence pessimism
                                 -5.000000   19.750000   output external delay
                                             19.750000   data required time
---------------------------------------------------------------------------------------------
                                             19.750000   data required time
                                             -0.940140   data arrival time
---------------------------------------------------------------------------------------------
                                             18.809858   slack (MET)


Startpoint: _76_ (rising edge-triggered flip-flop clocked by clk_i)
Endpoint: ovf_o (output port clocked by clk_i)
Path Group: clk_i
Path Type: max

Fanout         Cap        Slew       Delay        Time   Description
---------------------------------------------------------------------------------------------
                      0.150000    0.000000    0.000000   clock clk_i (rise edge)
                                  0.000000    0.000000   clock network delay (ideal)
                      0.150000    0.000000    0.000000 ^ _76_/CLK (gf180mcu_fd_sc_mcu7t5v0__dffq_1)
     2    0.077644    0.883259    0.916297    0.916297 ^ _76_/Q (gf180mcu_fd_sc_mcu7t5v0__dffq_1)
                                                         ovf_o (net)
                      0.883259    0.000000    0.916297 ^ ovf_o (out)
                                              0.916297   data arrival time

                      0.150000   25.000000   25.000000   clock clk_i (rise edge)
                                  0.000000   25.000000   clock network delay (ideal)
                                 -0.250000   24.750000   clock uncertainty
                                  0.000000   24.750000   clock reconvergence pessimism
                                 -5.000000   19.750000   output external delay
                                             19.750000   data required time
---------------------------------------------------------------------------------------------
                                             19.750000   data required time
                                             -0.916297   data arrival time
---------------------------------------------------------------------------------------------
                                             18.833704   slack (MET)


Startpoint: _75_ (rising edge-triggered flip-flop clocked by clk_i)
Endpoint: count_o[7] (output port clocked by clk_i)
Path Group: clk_i
Path Type: max

Fanout         Cap        Slew       Delay        Time   Description
---------------------------------------------------------------------------------------------
                      0.150000    0.000000    0.000000   clock clk_i (rise edge)
                                  0.000000    0.000000   clock network delay (ideal)
                      0.150000    0.000000    0.000000 ^ _75_/CLK (gf180mcu_fd_sc_mcu7t5v0__dffq_1)
     2    0.077076    0.877039    0.912723    0.912723 ^ _75_/Q (gf180mcu_fd_sc_mcu7t5v0__dffq_1)
                                                         count_o[7] (net)
                      0.877039    0.000000    0.912723 ^ count_o[7] (out)
                                              0.912723   data arrival time

                      0.150000   25.000000   25.000000   clock clk_i (rise edge)
                                  0.000000   25.000000   clock network delay (ideal)
                                 -0.250000   24.750000   clock uncertainty
                                  0.000000   24.750000   clock reconvergence pessimism
                                 -5.000000   19.750000   output external delay
                                             19.750000   data required time
---------------------------------------------------------------------------------------------
                                             19.750000   data required time
                                             -0.912723   data arrival time
---------------------------------------------------------------------------------------------
                                             18.837275   slack (MET)


Startpoint: en_i (input port clocked by clk_i)
Endpoint: _69_ (rising edge-triggered flip-flop clocked by clk_i)
Path Group: clk_i
Path Type: max

Fanout         Cap        Slew       Delay        Time   Description
---------------------------------------------------------------------------------------------
                      0.150000    0.000000    0.000000   clock clk_i (rise edge)
                                  0.000000    0.000000   clock network delay (ideal)
                                  5.000000    5.000000 ^ input external delay
     6    0.025836    0.316622    0.167823    5.167823 ^ en_i (in)
                                                         en_i (net)
                      0.316622    0.000000    5.167823 ^ _45_/A1 (gf180mcu_fd_sc_mcu7t5v0__nand3_1)
     2    0.009221    0.344632    0.152350    5.320172 v _45_/ZN (gf180mcu_fd_sc_mcu7t5v0__nand3_1)
                                                         _19_ (net)
                      0.344632    0.000000    5.320172 v _46_/A2 (gf180mcu_fd_sc_mcu7t5v0__nand2_1)
     1    0.004220    0.162085    0.165516    5.485689 ^ _46_/ZN (gf180mcu_fd_sc_mcu7t5v0__nand2_1)
                                                         _20_ (net)
                      0.162085    0.000000    5.485689 ^ _47_/A2 (gf180mcu_fd_sc_mcu7t5v0__nor2_1)
     1    0.002439    0.101223    0.077936    5.563625 v _47_/ZN (gf180mcu_fd_sc_mcu7t5v0__nor2_1)
                                                         _01_ (net)
                      0.101223    0.000000    5.563625 v _69_/D (gf180mcu_fd_sc_mcu7t5v0__dffq_1)
                                              5.563625   data arrival time

                      0.150000   25.000000   25.000000   clock clk_i (rise edge)
                                  0.000000   25.000000   clock network delay (ideal)
                                 -0.250000   24.750000   clock uncertainty
                                  0.000000   24.750000   clock reconvergence pessimism
                                             24.750000 ^ _69_/CLK (gf180mcu_fd_sc_mcu7t5v0__dffq_1)
                                 -0.121175   24.628826   library setup time
                                             24.628826   data required time
---------------------------------------------------------------------------------------------
                                             24.628826   data required time
                                             -5.563625   data arrival time
---------------------------------------------------------------------------------------------
                                             19.065201   slack (MET)


Startpoint: rst_ni (input port clocked by clk_i)
Endpoint: _68_ (rising edge-triggered flip-flop clocked by clk_i)
Path Group: clk_i
Path Type: max

Fanout         Cap        Slew       Delay        Time   Description
---------------------------------------------------------------------------------------------
                      0.150000    0.000000    0.000000   clock clk_i (rise edge)
                                  0.000000    0.000000   clock network delay (ideal)
                                  5.000000    5.000000 ^ input external delay
     8    0.033012    0.394696    0.213185    5.213186 ^ rst_ni (in)
                                                         rst_ni (net)
                      0.394696    0.000000    5.213186 ^ _42_/A2 (gf180mcu_fd_sc_mcu7t5v0__nand2_1)
     1    0.004556    0.264937    0.075051    5.288236 v _42_/ZN (gf180mcu_fd_sc_mcu7t5v0__nand2_1)
                                                         _17_ (net)
                      0.264937    0.000000    5.288236 v _43_/B2 (gf180mcu_fd_sc_mcu7t5v0__aoi22_1)
     1    0.002439    0.276627    0.203491    5.491727 ^ _43_/ZN (gf180mcu_fd_sc_mcu7t5v0__aoi22_1)
                                                         _00_ (net)
                      0.276627    0.000000    5.491727 ^ _68_/D (gf180mcu_fd_sc_mcu7t5v0__dffq_1)
                                              5.491727   data arrival time

                      0.150000   25.000000   25.000000   clock clk_i (rise edge)
                                  0.000000   25.000000   clock network delay (ideal)
                                 -0.250000   24.750000   clock uncertainty
                                  0.000000   24.750000   clock reconvergence pessimism
                                             24.750000 ^ _68_/CLK (gf180mcu_fd_sc_mcu7t5v0__dffq_1)
                                 -0.124138   24.625860   library setup time
                                             24.625860   data required time
---------------------------------------------------------------------------------------------
                                             24.625860   data required time
                                             -5.491727   data arrival time
---------------------------------------------------------------------------------------------
                                             19.134134   slack (MET)



%OL_END_REPORT
%OL_CREATE_REPORT checks.rpt

===========================================================================
report_checks -unconstrained
===========================================================================
======================= nom_ff_n40C_5v50 Corner ===================================

Startpoint: en_i (input port clocked by clk_i)
Endpoint: _75_ (rising edge-triggered flip-flop clocked by clk_i)
Path Group: clk_i
Path Type: max

Fanout         Cap        Slew       Delay        Time   Description
---------------------------------------------------------------------------------------------
                      0.150000    0.000000    0.000000   clock clk_i (rise edge)
                                  0.000000    0.000000   clock network delay (ideal)
                                  5.000000    5.000000 ^ input external delay
     6    0.025836    0.316622    0.167823    5.167823 ^ en_i (in)
                                                         en_i (net)
                      0.316622    0.000000    5.167823 ^ _49_/A1 (gf180mcu_fd_sc_mcu7t5v0__nand4_1)
     8    0.033592    0.705784    0.390832    5.558655 v _49_/ZN (gf180mcu_fd_sc_mcu7t5v0__nand4_1)
                                                         _22_ (net)
                      0.705784    0.000000    5.558655 v _64_/A3 (gf180mcu_fd_sc_mcu7t5v0__or4_1)
     2    0.007555    0.195835    0.634727    6.193381 v _64_/Z (gf180mcu_fd_sc_mcu7t5v0__or4_1)
                                                         _32_ (net)
                      0.195835    0.000000    6.193381 v _65_/A3 (gf180mcu_fd_sc_mcu7t5v0__and3_1)
     1    0.002439    0.079627    0.234339    6.427721 v _65_/Z (gf180mcu_fd_sc_mcu7t5v0__and3_1)
                                                         _07_ (net)
                      0.079627    0.000000    6.427721 v _75_/D (gf180mcu_fd_sc_mcu7t5v0__dffq_1)
                                              6.427721   data arrival time

                      0.150000   25.000000   25.000000   clock clk_i (rise edge)
                                  0.000000   25.000000   clock network delay (ideal)
                                 -0.250000   24.750000   clock uncertainty
                                  0.000000   24.750000   clock reconvergence pessimism
                                             24.750000 ^ _75_/CLK (gf180mcu_fd_sc_mcu7t5v0__dffq_1)
                                 -0.115379   24.634621   library setup time
                                             24.634621   data required time
---------------------------------------------------------------------------------------------
                                             24.634621   data required time
                                             -6.427721   data arrival time
---------------------------------------------------------------------------------------------
                                             18.206900   slack (MET)




===========================================================================
report_checks --slack_max -0.01
============================================================================
======================= nom_ff_n40C_5v50 Corner ===================================

No paths found.


===========================================================================
 report_check_types -max_slew -max_cap -max_fanout -violators
============================================================================
======================= nom_ff_n40C_5v50 Corner ===================================



===========================================================================
report_parasitic_annotation -report_unannotated
============================================================================
Found 46 unannotated drivers.
 clk_i
 en_i
 rst_ni
 _34_/ZN
 _35_/ZN
 _36_/ZN
 _37_/ZN
 _38_/ZN
 _39_/ZN
 _40_/ZN
 _41_/ZN
 _42_/ZN
 _43_/ZN
 _44_/ZN
 _45_/ZN
 _46_/ZN
 _47_/ZN
 _48_/Z
 _49_/ZN
 _50_/ZN
 _51_/ZN
 _52_/ZN
 _53_/ZN
 _54_/ZN
 _55_/ZN
 _56_/ZN
 _57_/ZN
 _58_/ZN
 _59_/Z
 _60_/ZN
 _61_/ZN
 _62_/ZN
 _63_/ZN
 _64_/Z
 _65_/Z
 _66_/ZN
 _67_/ZN
 _68_/Q
 _69_/Q
 _70_/Q
 _71_/Q
 _72_/Q
 _73_/Q
 _74_/Q
 _75_/Q
 _76_/Q
Found 0 partially unannotated drivers.

===========================================================================
max slew violation count 0
%OL_METRIC_I design__max_slew_violation__count__corner:nom_ff_n40C_5v50 0
max fanout violation count 0
%OL_METRIC_I design__max_fanout_violation__count__corner:nom_ff_n40C_5v50 0
max cap violation count 0
%OL_METRIC_I design__max_cap_violation__count__corner:nom_ff_n40C_5v50 0
============================================================================

===========================================================================
check_setup -verbose -unconstrained_endpoints -multiple_clock -no_clock -no_input_delay -loops -generated_clocks
===========================================================================
%OL_END_REPORT
%OL_CREATE_REPORT power.rpt

===========================================================================
 report_power
============================================================================
======================= nom_ff_n40C_5v50 Corner ===================================

Group                    Internal    Switching      Leakage        Total
                            Power        Power        Power        Power (Watts)
------------------------------------------------------------------------
Sequential           2.360446e-04 2.265956e-05 4.389217e-09 2.587086e-04  94.2%
Combinational        1.180312e-05 4.190986e-06 3.933557e-09 1.599804e-05   5.8%
Clock                0.000000e+00 0.000000e+00 0.000000e+00 0.000000e+00   0.0%
Macro                0.000000e+00 0.000000e+00 0.000000e+00 0.000000e+00   0.0%
Pad                  0.000000e+00 0.000000e+00 0.000000e+00 0.000000e+00   0.0%
------------------------------------------------------------------------
Total                2.478477e-04 2.685055e-05 8.322774e-09 2.747066e-04 100.0%
                            90.2%         9.8%         0.0%
%OL_METRIC_F power__internal__total 0.00024784772540442646
%OL_METRIC_F power__switching__total 2.6850548238144256e-5
%OL_METRIC_F power__leakage__total 8.32277446960461e-9
%OL_METRIC_F power__total 0.00027470660279504955

%OL_END_REPORT
%OL_CREATE_REPORT skew.min.rpt

===========================================================================
Clock Skew (Hold)
============================================================================
%OL_METRIC_F clock__skew__worst_hold__corner:nom_ff_n40C_5v50 -0.25
======================= nom_ff_n40C_5v50 Corner ===================================

Clock clk_i
0.049682 source latency _68_/CLK ^
-0.049682 target latency _68_/CLK ^
-0.250000 clock uncertainty
0.000000 CRPR
--------------
-0.250000 hold skew

%OL_END_REPORT
%OL_CREATE_REPORT skew.max.rpt

===========================================================================
Clock Skew (Setup)
============================================================================
%OL_METRIC_F clock__skew__worst_setup__corner:nom_ff_n40C_5v50 0.25
======================= nom_ff_n40C_5v50 Corner ===================================

Clock clk_i
0.049682 source latency _68_/CLK ^
-0.049682 target latency _68_/CLK ^
0.250000 clock uncertainty
0.000000 CRPR
--------------
0.250000 setup skew

%OL_END_REPORT
%OL_CREATE_REPORT ws.min.rpt

===========================================================================
Worst Slack (Hold)
============================================================================
%OL_METRIC_F timing__hold__ws__corner:nom_ff_n40C_5v50 0.6422612623524805
nom_ff_n40C_5v50: 0.6422612623524805
%OL_END_REPORT
%OL_CREATE_REPORT ws.max.rpt

===========================================================================
Worst Slack (Setup)
============================================================================
%OL_METRIC_F timing__setup__ws__corner:nom_ff_n40C_5v50 18.20689961440843
nom_ff_n40C_5v50: 18.20689961440843
%OL_END_REPORT
%OL_CREATE_REPORT tns.min.rpt

===========================================================================
Total Negative Slack (Hold)
============================================================================
%OL_METRIC_F timing__hold__tns__corner:nom_ff_n40C_5v50 0.0
nom_ff_n40C_5v50: 0.0
%OL_END_REPORT
%OL_CREATE_REPORT tns.max.rpt

===========================================================================
Total Negative Slack (Setup)
============================================================================
%OL_METRIC_F timing__setup__tns__corner:nom_ff_n40C_5v50 0.0
nom_ff_n40C_5v50: 0.0
%OL_END_REPORT
%OL_CREATE_REPORT wns.min.rpt

===========================================================================
Worst Negative Slack (Hold)
============================================================================
%OL_METRIC_F timing__hold__wns__corner:nom_ff_n40C_5v50 0
nom_ff_n40C_5v50: 0
%OL_END_REPORT
%OL_CREATE_REPORT wns.max.rpt

===========================================================================
Worst Negative Slack (Setup)
============================================================================
%OL_METRIC_F timing__setup__wns__corner:nom_ff_n40C_5v50 0.0
nom_ff_n40C_5v50: 0.0
%OL_END_REPORT
%OL_CREATE_REPORT violator_list.rpt

===========================================================================
Violator List
============================================================================
%OL_METRIC_I timing__hold_vio__count__corner:nom_ff_n40C_5v50 0
%OL_METRIC_F timing__hold_r2r__ws__corner:nom_ff_n40C_5v50 0.642261
%OL_METRIC_I timing__hold_r2r_vio__count__corner:nom_ff_n40C_5v50 0
%OL_METRIC_I timing__setup_vio__count__corner:nom_ff_n40C_5v50 0
%OL_METRIC_F timing__setup_r2r__ws__corner:nom_ff_n40C_5v50 inf
%OL_METRIC_I timing__setup_r2r_vio__count__corner:nom_ff_n40C_5v50 0
%OL_END_REPORT
%OL_CREATE_REPORT unpropagated.rpt
clk_i
%OL_END_REPORT
%OL_CREATE_REPORT clock.rpt
Clock: clk_i
Sources: clk_i 
Generated: no
Virtual: no
Propagated: no
Period: 25.000000

===========================================================================
report_clock_properties
============================================================================
Clock                   Period          Waveform
----------------------------------------------------
clk_i                25.000000    0.000000 12.500000

===========================================================================
report_clock_latency
============================================================================
Clock clk_i
rise -> rise
    min     max
0.000000 0.000000 source latency
0.049682         network latency _68_/CLK
        0.049682 network latency _68_/CLK
---------------
0.049682 0.049682 latency
        0.000000 skew

fall -> fall
    min     max
0.000000 0.000000 source latency
0.029013         network latency _68_/CLK
        0.029013 network latency _68_/CLK
---------------
0.029013 0.029013 latency
        0.000000 skew



===========================================================================
report_clock_min_period
============================================================================
clk_i period_min = 0.00 fmax = inf
%OL_END_REPORT
Writing SDF files for all corners…
