
===========================================================================
report_checks -path_delay max (Setup)
============================================================================
======================= nom_tt_025C_5v00 Corner ===================================

Startpoint: _68_ (rising edge-triggered flip-flop clocked by clk_i)
Endpoint: count_o[0] (output port clocked by clk_i)
Path Group: clk_i
Path Type: max

Fanout         Cap        Slew       Delay        Time   Description
---------------------------------------------------------------------------------------------
                                  0.000000    0.000000   clock clk_i (rise edge)
                                  0.000000    0.000000   clock source latency
     1    0.025999    0.139597    0.064984    0.064984 ^ clk_i (in)
                                                         clk_i (net)
                      0.139598    0.000000    0.064984 ^ clkbuf_0_clk_i/I (gf180mcu_fd_sc_mcu7t5v0__clkbuf_16)
     2    0.046277    0.111875    0.250038    0.315022 ^ clkbuf_0_clk_i/Z (gf180mcu_fd_sc_mcu7t5v0__clkbuf_16)
                                                         clknet_0_clk_i (net)
                      0.111875    0.000090    0.315112 ^ clkbuf_1_0__f_clk_i/I (gf180mcu_fd_sc_mcu7t5v0__clkbuf_16)
     5    0.020079    0.088516    0.225752    0.540864 ^ clkbuf_1_0__f_clk_i/Z (gf180mcu_fd_sc_mcu7t5v0__clkbuf_16)
                                                         clknet_1_0__leaf_clk_i (net)
                      0.088516    0.000029    0.540893 ^ _68_/CLK (gf180mcu_fd_sc_mcu7t5v0__dffq_1)
     7    0.033739    0.608428    0.994105    1.534998 ^ _68_/Q (gf180mcu_fd_sc_mcu7t5v0__dffq_1)
                                                         net3 (net)
                      0.608428    0.000079    1.535077 ^ output3/I (gf180mcu_fd_sc_mcu7t5v0__dlyb_1)
     1    0.073579    1.270728    1.550950    3.086027 ^ output3/Z (gf180mcu_fd_sc_mcu7t5v0__dlyb_1)
                                                         count_o[0] (net)
                      1.270728    0.000200    3.086227 ^ count_o[0] (out)
                                              3.086227   data arrival time

                                 25.000000   25.000000   clock clk_i (rise edge)
                                  0.000000   25.000000   clock network delay (propagated)
                                 -0.250000   24.750000   clock uncertainty
                                  0.000000   24.750000   clock reconvergence pessimism
                                 -5.000000   19.750000   output external delay
                                             19.750000   data required time
---------------------------------------------------------------------------------------------
                                             19.750000   data required time
                                             -3.086227   data arrival time
---------------------------------------------------------------------------------------------
                                             16.663773   slack (MET)


Startpoint: en_i (input port clocked by clk_i)
Endpoint: _75_ (rising edge-triggered flip-flop clocked by clk_i)
Path Group: clk_i
Path Type: max

Fanout         Cap        Slew       Delay        Time   Description
---------------------------------------------------------------------------------------------
                                  0.000000    0.000000   clock clk_i (rise edge)
                                  0.000000    0.000000   clock network delay (propagated)
                                  5.000000    5.000000 ^ input external delay
     1    0.003414    0.105994    0.034159    5.034159 ^ en_i (in)
                                                         en_i (net)
                      0.105994    0.000000    5.034159 ^ input1/I (gf180mcu_fd_sc_mcu7t5v0__dlyb_1)
     6    0.031315    0.560983    1.124468    6.158627 ^ input1/Z (gf180mcu_fd_sc_mcu7t5v0__dlyb_1)
                                                         net1 (net)
                      0.560983    0.000333    6.158960 ^ _49_/A1 (gf180mcu_fd_sc_mcu7t5v0__nand4_1)
     8    0.039131    1.129416    0.724096    6.883056 v _49_/ZN (gf180mcu_fd_sc_mcu7t5v0__nand4_1)
                                                         _22_ (net)
                      1.129416    0.000331    6.883388 v _64_/A3 (gf180mcu_fd_sc_mcu7t5v0__or4_1)
     2    0.008234    0.330169    1.065227    7.948615 v _64_/Z (gf180mcu_fd_sc_mcu7t5v0__or4_1)
                                                         _32_ (net)
                      0.330169    0.000011    7.948625 v _65_/A3 (gf180mcu_fd_sc_mcu7t5v0__and3_1)
     1    0.002834    0.126979    0.382805    8.331430 v _65_/Z (gf180mcu_fd_sc_mcu7t5v0__and3_1)
                                                         _07_ (net)
                      0.126979    0.000005    8.331435 v _75_/D (gf180mcu_fd_sc_mcu7t5v0__dffq_1)
                                              8.331435   data arrival time

                                 25.000000   25.000000   clock clk_i (rise edge)
                                  0.000000   25.000000   clock source latency
     1    0.025999    0.139597    0.064984   25.064983 ^ clk_i (in)
                                                         clk_i (net)
                      0.139598    0.000000   25.064983 ^ clkbuf_0_clk_i/I (gf180mcu_fd_sc_mcu7t5v0__clkbuf_16)
     2    0.046277    0.111875    0.250036   25.315020 ^ clkbuf_0_clk_i/Z (gf180mcu_fd_sc_mcu7t5v0__clkbuf_16)
                                                         clknet_0_clk_i (net)
                      0.111875    0.000052   25.315071 ^ clkbuf_1_1__f_clk_i/I (gf180mcu_fd_sc_mcu7t5v0__clkbuf_16)
     5    0.020381    0.088791    0.225992   25.541063 ^ clkbuf_1_1__f_clk_i/Z (gf180mcu_fd_sc_mcu7t5v0__clkbuf_16)
                                                         clknet_1_1__leaf_clk_i (net)
                      0.088791    0.000117   25.541180 ^ _75_/CLK (gf180mcu_fd_sc_mcu7t5v0__dffq_1)
                                 -0.250000   25.291182   clock uncertainty
                                  0.000000   25.291182   clock reconvergence pessimism
                                 -0.238189   25.052994   library setup time
                                             25.052994   data required time
---------------------------------------------------------------------------------------------
                                             25.052994   data required time
                                             -8.331435   data arrival time
---------------------------------------------------------------------------------------------
                                             16.721558   slack (MET)


Startpoint: _72_ (rising edge-triggered flip-flop clocked by clk_i)
Endpoint: count_o[4] (output port clocked by clk_i)
Path Group: clk_i
Path Type: max

Fanout         Cap        Slew       Delay        Time   Description
---------------------------------------------------------------------------------------------
                                  0.000000    0.000000   clock clk_i (rise edge)
                                  0.000000    0.000000   clock source latency
     1    0.025999    0.139597    0.064984    0.064984 ^ clk_i (in)
                                                         clk_i (net)
                      0.139598    0.000000    0.064984 ^ clkbuf_0_clk_i/I (gf180mcu_fd_sc_mcu7t5v0__clkbuf_16)
     2    0.046277    0.111875    0.250038    0.315022 ^ clkbuf_0_clk_i/Z (gf180mcu_fd_sc_mcu7t5v0__clkbuf_16)
                                                         clknet_0_clk_i (net)
                      0.111875    0.000090    0.315112 ^ clkbuf_1_0__f_clk_i/I (gf180mcu_fd_sc_mcu7t5v0__clkbuf_16)
     5    0.020079    0.088516    0.225752    0.540864 ^ clkbuf_1_0__f_clk_i/Z (gf180mcu_fd_sc_mcu7t5v0__clkbuf_16)
                                                         clknet_1_0__leaf_clk_i (net)
                      0.088516    0.000054    0.540918 ^ _72_/CLK (gf180mcu_fd_sc_mcu7t5v0__dffq_1)
     5    0.023389    0.439300    0.899346    1.440263 ^ _72_/Q (gf180mcu_fd_sc_mcu7t5v0__dffq_1)
                                                         net7 (net)
                      0.439300    0.000032    1.440295 ^ output7/I (gf180mcu_fd_sc_mcu7t5v0__dlyb_1)
     1    0.073442    1.268941    1.544025    2.984320 ^ output7/Z (gf180mcu_fd_sc_mcu7t5v0__dlyb_1)
                                                         count_o[4] (net)
                      1.268941    0.000158    2.984478 ^ count_o[4] (out)
                                              2.984478   data arrival time

                                 25.000000   25.000000   clock clk_i (rise edge)
                                  0.000000   25.000000   clock network delay (propagated)
                                 -0.250000   24.750000   clock uncertainty
                                  0.000000   24.750000   clock reconvergence pessimism
                                 -5.000000   19.750000   output external delay
                                             19.750000   data required time
---------------------------------------------------------------------------------------------
                                             19.750000   data required time
                                             -2.984478   data arrival time
---------------------------------------------------------------------------------------------
                                             16.765520   slack (MET)


Startpoint: _69_ (rising edge-triggered flip-flop clocked by clk_i)
Endpoint: count_o[1] (output port clocked by clk_i)
Path Group: clk_i
Path Type: max

Fanout         Cap        Slew       Delay        Time   Description
---------------------------------------------------------------------------------------------
                                  0.000000    0.000000   clock clk_i (rise edge)
                                  0.000000    0.000000   clock source latency
     1    0.025999    0.139597    0.064984    0.064984 ^ clk_i (in)
                                                         clk_i (net)
                      0.139598    0.000000    0.064984 ^ clkbuf_0_clk_i/I (gf180mcu_fd_sc_mcu7t5v0__clkbuf_16)
     2    0.046277    0.111875    0.250038    0.315022 ^ clkbuf_0_clk_i/Z (gf180mcu_fd_sc_mcu7t5v0__clkbuf_16)
                                                         clknet_0_clk_i (net)
                      0.111875    0.000090    0.315112 ^ clkbuf_1_0__f_clk_i/I (gf180mcu_fd_sc_mcu7t5v0__clkbuf_16)
     5    0.020079    0.088516    0.225752    0.540864 ^ clkbuf_1_0__f_clk_i/Z (gf180mcu_fd_sc_mcu7t5v0__clkbuf_16)
                                                         clknet_1_0__leaf_clk_i (net)
                      0.088516    0.000036    0.540900 ^ _69_/CLK (gf180mcu_fd_sc_mcu7t5v0__dffq_1)
     5    0.020923    0.399019    0.876777    1.417678 ^ _69_/Q (gf180mcu_fd_sc_mcu7t5v0__dffq_1)
                                                         net4 (net)
                      0.399019    0.000066    1.417744 ^ output4/I (gf180mcu_fd_sc_mcu7t5v0__dlyb_1)
     1    0.073720    1.273657    1.545256    2.963000 ^ output4/Z (gf180mcu_fd_sc_mcu7t5v0__dlyb_1)
                                                         count_o[1] (net)
                      1.273657    0.000250    2.963250 ^ count_o[1] (out)
                                              2.963250   data arrival time

                                 25.000000   25.000000   clock clk_i (rise edge)
                                  0.000000   25.000000   clock network delay (propagated)
                                 -0.250000   24.750000   clock uncertainty
                                  0.000000   24.750000   clock reconvergence pessimism
                                 -5.000000   19.750000   output external delay
                                             19.750000   data required time
---------------------------------------------------------------------------------------------
                                             19.750000   data required time
                                             -2.963250   data arrival time
---------------------------------------------------------------------------------------------
                                             16.786751   slack (MET)


Startpoint: _71_ (rising edge-triggered flip-flop clocked by clk_i)
Endpoint: count_o[3] (output port clocked by clk_i)
Path Group: clk_i
Path Type: max

Fanout         Cap        Slew       Delay        Time   Description
---------------------------------------------------------------------------------------------
                                  0.000000    0.000000   clock clk_i (rise edge)
                                  0.000000    0.000000   clock source latency
     1    0.025999    0.139597    0.064984    0.064984 ^ clk_i (in)
                                                         clk_i (net)
                      0.139598    0.000000    0.064984 ^ clkbuf_0_clk_i/I (gf180mcu_fd_sc_mcu7t5v0__clkbuf_16)
     2    0.046277    0.111875    0.250038    0.315022 ^ clkbuf_0_clk_i/Z (gf180mcu_fd_sc_mcu7t5v0__clkbuf_16)
                                                         clknet_0_clk_i (net)
                      0.111875    0.000090    0.315112 ^ clkbuf_1_0__f_clk_i/I (gf180mcu_fd_sc_mcu7t5v0__clkbuf_16)
     5    0.020079    0.088516    0.225752    0.540864 ^ clkbuf_1_0__f_clk_i/Z (gf180mcu_fd_sc_mcu7t5v0__clkbuf_16)
                                                         clknet_1_0__leaf_clk_i (net)
                      0.088516    0.000046    0.540910 ^ _71_/CLK (gf180mcu_fd_sc_mcu7t5v0__dffq_1)
     4    0.018973    0.367475    0.858936    1.399846 ^ _71_/Q (gf180mcu_fd_sc_mcu7t5v0__dffq_1)
                                                         net6 (net)
                      0.367475    0.000048    1.399894 ^ output6/I (gf180mcu_fd_sc_mcu7t5v0__dlyb_1)
     1    0.073699    1.273409    1.544012    2.943906 ^ output6/Z (gf180mcu_fd_sc_mcu7t5v0__dlyb_1)
                                                         count_o[3] (net)
                      1.273409    0.000233    2.944140 ^ count_o[3] (out)
                                              2.944140   data arrival time

                                 25.000000   25.000000   clock clk_i (rise edge)
                                  0.000000   25.000000   clock network delay (propagated)
                                 -0.250000   24.750000   clock uncertainty
                                  0.000000   24.750000   clock reconvergence pessimism
                                 -5.000000   19.750000   output external delay
                                             19.750000   data required time
---------------------------------------------------------------------------------------------
                                             19.750000   data required time
                                             -2.944140   data arrival time
---------------------------------------------------------------------------------------------
                                             16.805861   slack (MET)


Startpoint: _73_ (rising edge-triggered flip-flop clocked by clk_i)
Endpoint: count_o[5] (output port clocked by clk_i)
Path Group: clk_i
Path Type: max

Fanout         Cap        Slew       Delay        Time   Description
---------------------------------------------------------------------------------------------
                                  0.000000    0.000000   clock clk_i (rise edge)
                                  0.000000    0.000000   clock source latency
     1    0.025999    0.139597    0.064984    0.064984 ^ clk_i (in)
                                                         clk_i (net)
                      0.139598    0.000000    0.064984 ^ clkbuf_0_clk_i/I (gf180mcu_fd_sc_mcu7t5v0__clkbuf_16)
     2    0.046277    0.111875    0.250038    0.315022 ^ clkbuf_0_clk_i/Z (gf180mcu_fd_sc_mcu7t5v0__clkbuf_16)
                                                         clknet_0_clk_i (net)
                      0.111875    0.000051    0.315073 ^ clkbuf_1_1__f_clk_i/I (gf180mcu_fd_sc_mcu7t5v0__clkbuf_16)
     5    0.020381    0.088791    0.225992    0.541064 ^ clkbuf_1_1__f_clk_i/Z (gf180mcu_fd_sc_mcu7t5v0__clkbuf_16)
                                                         clknet_1_1__leaf_clk_i (net)
                      0.088791    0.000102    0.541167 ^ _73_/CLK (gf180mcu_fd_sc_mcu7t5v0__dffq_1)
     4    0.017420    0.343132    0.844807    1.385973 ^ _73_/Q (gf180mcu_fd_sc_mcu7t5v0__dffq_1)
                                                         net8 (net)
                      0.343132    0.000007    1.385980 ^ output8/I (gf180mcu_fd_sc_mcu7t5v0__dlyb_1)
     1    0.073192    1.265080    1.538495    2.924475 ^ output8/Z (gf180mcu_fd_sc_mcu7t5v0__dlyb_1)
                                                         count_o[5] (net)
                      1.265080    0.000097    2.924572 ^ count_o[5] (out)
                                              2.924572   data arrival time

                                 25.000000   25.000000   clock clk_i (rise edge)
                                  0.000000   25.000000   clock network delay (propagated)
                                 -0.250000   24.750000   clock uncertainty
                                  0.000000   24.750000   clock reconvergence pessimism
                                 -5.000000   19.750000   output external delay
                                             19.750000   data required time
---------------------------------------------------------------------------------------------
                                             19.750000   data required time
                                             -2.924572   data arrival time
---------------------------------------------------------------------------------------------
                                             16.825426   slack (MET)


Startpoint: _70_ (rising edge-triggered flip-flop clocked by clk_i)
Endpoint: count_o[2] (output port clocked by clk_i)
Path Group: clk_i
Path Type: max

Fanout         Cap        Slew       Delay        Time   Description
---------------------------------------------------------------------------------------------
                                  0.000000    0.000000   clock clk_i (rise edge)
                                  0.000000    0.000000   clock source latency
     1    0.025999    0.139597    0.064984    0.064984 ^ clk_i (in)
                                                         clk_i (net)
                      0.139598    0.000000    0.064984 ^ clkbuf_0_clk_i/I (gf180mcu_fd_sc_mcu7t5v0__clkbuf_16)
     2    0.046277    0.111875    0.250038    0.315022 ^ clkbuf_0_clk_i/Z (gf180mcu_fd_sc_mcu7t5v0__clkbuf_16)
                                                         clknet_0_clk_i (net)
                      0.111875    0.000090    0.315112 ^ clkbuf_1_0__f_clk_i/I (gf180mcu_fd_sc_mcu7t5v0__clkbuf_16)
     5    0.020079    0.088516    0.225752    0.540864 ^ clkbuf_1_0__f_clk_i/Z (gf180mcu_fd_sc_mcu7t5v0__clkbuf_16)
                                                         clknet_1_0__leaf_clk_i (net)
                      0.088516    0.000016    0.540881 ^ _70_/CLK (gf180mcu_fd_sc_mcu7t5v0__dffq_1)
     4    0.017182    0.339397    0.842576    1.383457 ^ _70_/Q (gf180mcu_fd_sc_mcu7t5v0__dffq_1)
                                                         net5 (net)
                      0.339397    0.000023    1.383480 ^ output5/I (gf180mcu_fd_sc_mcu7t5v0__dlyb_1)
     1    0.073448    1.269332    1.540745    2.924225 ^ output5/Z (gf180mcu_fd_sc_mcu7t5v0__dlyb_1)
                                                         count_o[2] (net)
                      1.269332    0.000171    2.924396 ^ count_o[2] (out)
                                              2.924396   data arrival time

                                 25.000000   25.000000   clock clk_i (rise edge)
                                  0.000000   25.000000   clock network delay (propagated)
                                 -0.250000   24.750000   clock uncertainty
                                  0.000000   24.750000   clock reconvergence pessimism
                                 -5.000000   19.750000   output external delay
                                             19.750000   data required time
---------------------------------------------------------------------------------------------
                                             19.750000   data required time
                                             -2.924396   data arrival time
---------------------------------------------------------------------------------------------
                                             16.825603   slack (MET)


Startpoint: _74_ (rising edge-triggered flip-flop clocked by clk_i)
Endpoint: count_o[6] (output port clocked by clk_i)
Path Group: clk_i
Path Type: max

Fanout         Cap        Slew       Delay        Time   Description
---------------------------------------------------------------------------------------------
                                  0.000000    0.000000   clock clk_i (rise edge)
                                  0.000000    0.000000   clock source latency
     1    0.025999    0.139597    0.064984    0.064984 ^ clk_i (in)
                                                         clk_i (net)
                      0.139598    0.000000    0.064984 ^ clkbuf_0_clk_i/I (gf180mcu_fd_sc_mcu7t5v0__clkbuf_16)
     2    0.046277    0.111875    0.250038    0.315022 ^ clkbuf_0_clk_i/Z (gf180mcu_fd_sc_mcu7t5v0__clkbuf_16)
                                                         clknet_0_clk_i (net)
                      0.111875    0.000051    0.315073 ^ clkbuf_1_1__f_clk_i/I (gf180mcu_fd_sc_mcu7t5v0__clkbuf_16)
     5    0.020381    0.088791    0.225992    0.541064 ^ clkbuf_1_1__f_clk_i/Z (gf180mcu_fd_sc_mcu7t5v0__clkbuf_16)
                                                         clknet_1_1__leaf_clk_i (net)
                      0.088791    0.000109    0.541173 ^ _74_/CLK (gf180mcu_fd_sc_mcu7t5v0__dffq_1)
     3    0.013343    0.279229    0.807573    1.348746 ^ _74_/Q (gf180mcu_fd_sc_mcu7t5v0__dffq_1)
                                                         net9 (net)
                      0.279229    0.000044    1.348790 ^ output9/I (gf180mcu_fd_sc_mcu7t5v0__dlyb_1)
     1    0.073359    1.267574    1.534136    2.882926 ^ output9/Z (gf180mcu_fd_sc_mcu7t5v0__dlyb_1)
                                                         count_o[6] (net)
                      1.267574    0.000146    2.883072 ^ count_o[6] (out)
                                              2.883072   data arrival time

                                 25.000000   25.000000   clock clk_i (rise edge)
                                  0.000000   25.000000   clock network delay (propagated)
                                 -0.250000   24.750000   clock uncertainty
                                  0.000000   24.750000   clock reconvergence pessimism
                                 -5.000000   19.750000   output external delay
                                             19.750000   data required time
---------------------------------------------------------------------------------------------
                                             19.750000   data required time
                                             -2.883072   data arrival time
---------------------------------------------------------------------------------------------
                                             16.866928   slack (MET)


Startpoint: en_i (input port clocked by clk_i)
Endpoint: _76_ (rising edge-triggered flip-flop clocked by clk_i)
Path Group: clk_i
Path Type: max

Fanout         Cap        Slew       Delay        Time   Description
---------------------------------------------------------------------------------------------
                                  0.000000    0.000000   clock clk_i (rise edge)
                                  0.000000    0.000000   clock network delay (propagated)
                                  5.000000    5.000000 ^ input external delay
     1    0.003414    0.105994    0.034159    5.034159 ^ en_i (in)
                                                         en_i (net)
                      0.105994    0.000000    5.034159 ^ input1/I (gf180mcu_fd_sc_mcu7t5v0__dlyb_1)
     6    0.031315    0.560983    1.124468    6.158627 ^ input1/Z (gf180mcu_fd_sc_mcu7t5v0__dlyb_1)
                                                         net1 (net)
                      0.560983    0.000333    6.158960 ^ _49_/A1 (gf180mcu_fd_sc_mcu7t5v0__nand4_1)
     8    0.039131    1.129416    0.724096    6.883056 v _49_/ZN (gf180mcu_fd_sc_mcu7t5v0__nand4_1)
                                                         _22_ (net)
                      1.129416    0.000331    6.883388 v _64_/A3 (gf180mcu_fd_sc_mcu7t5v0__or4_1)
     2    0.008234    0.330169    1.065227    7.948615 v _64_/Z (gf180mcu_fd_sc_mcu7t5v0__or4_1)
                                                         _32_ (net)
                      0.330169    0.000018    7.948632 v _67_/A2 (gf180mcu_fd_sc_mcu7t5v0__oai21_1)
     1    0.003415    0.271317    0.227395    8.176027 ^ _67_/ZN (gf180mcu_fd_sc_mcu7t5v0__oai21_1)
                                                         _08_ (net)
                      0.271317    0.000012    8.176040 ^ _76_/D (gf180mcu_fd_sc_mcu7t5v0__dffq_1)
                                              8.176040   data arrival time

                                 25.000000   25.000000   clock clk_i (rise edge)
                                  0.000000   25.000000   clock source latency
     1    0.025999    0.139597    0.064984   25.064983 ^ clk_i (in)
                                                         clk_i (net)
                      0.139598    0.000000   25.064983 ^ clkbuf_0_clk_i/I (gf180mcu_fd_sc_mcu7t5v0__clkbuf_16)
     2    0.046277    0.111875    0.250036   25.315020 ^ clkbuf_0_clk_i/Z (gf180mcu_fd_sc_mcu7t5v0__clkbuf_16)
                                                         clknet_0_clk_i (net)
                      0.111875    0.000052   25.315071 ^ clkbuf_1_1__f_clk_i/I (gf180mcu_fd_sc_mcu7t5v0__clkbuf_16)
     5    0.020381    0.088791    0.225992   25.541063 ^ clkbuf_1_1__f_clk_i/Z (gf180mcu_fd_sc_mcu7t5v0__clkbuf_16)
                                                         clknet_1_1__leaf_clk_i (net)
                      0.088791    0.000126   25.541189 ^ _76_/CLK (gf180mcu_fd_sc_mcu7t5v0__dffq_1)
                                 -0.250000   25.291191   clock uncertainty
                                  0.000000   25.291191   clock reconvergence pessimism
                                 -0.238448   25.052742   library setup time
                                             25.052742   data required time
---------------------------------------------------------------------------------------------
                                             25.052742   data required time
                                             -8.176040   data arrival time
---------------------------------------------------------------------------------------------
                                             16.876703   slack (MET)


Startpoint: _76_ (rising edge-triggered flip-flop clocked by clk_i)
Endpoint: ovf_o (output port clocked by clk_i)
Path Group: clk_i
Path Type: max

Fanout         Cap        Slew       Delay        Time   Description
---------------------------------------------------------------------------------------------
                                  0.000000    0.000000   clock clk_i (rise edge)
                                  0.000000    0.000000   clock source latency
     1    0.025999    0.139597    0.064984    0.064984 ^ clk_i (in)
                                                         clk_i (net)
                      0.139598    0.000000    0.064984 ^ clkbuf_0_clk_i/I (gf180mcu_fd_sc_mcu7t5v0__clkbuf_16)
     2    0.046277    0.111875    0.250038    0.315022 ^ clkbuf_0_clk_i/Z (gf180mcu_fd_sc_mcu7t5v0__clkbuf_16)
                                                         clknet_0_clk_i (net)
                      0.111875    0.000051    0.315073 ^ clkbuf_1_1__f_clk_i/I (gf180mcu_fd_sc_mcu7t5v0__clkbuf_16)
     5    0.020381    0.088791    0.225992    0.541064 ^ clkbuf_1_1__f_clk_i/Z (gf180mcu_fd_sc_mcu7t5v0__clkbuf_16)
                                                         clknet_1_1__leaf_clk_i (net)
                      0.088791    0.000126    0.541190 ^ _76_/CLK (gf180mcu_fd_sc_mcu7t5v0__dffq_1)
     2    0.009271    0.215418    0.770393    1.311583 ^ _76_/Q (gf180mcu_fd_sc_mcu7t5v0__dffq_1)
                                                         net11 (net)
                      0.215418    0.000011    1.311594 ^ output11/I (gf180mcu_fd_sc_mcu7t5v0__dlyb_1)
     1    0.073450    1.268652    1.527902    2.839496 ^ output11/Z (gf180mcu_fd_sc_mcu7t5v0__dlyb_1)
                                                         ovf_o (net)
                      1.268652    0.000172    2.839669 ^ ovf_o (out)
                                              2.839669   data arrival time

                                 25.000000   25.000000   clock clk_i (rise edge)
                                  0.000000   25.000000   clock network delay (propagated)
                                 -0.250000   24.750000   clock uncertainty
                                  0.000000   24.750000   clock reconvergence pessimism
                                 -5.000000   19.750000   output external delay
                                             19.750000   data required time
---------------------------------------------------------------------------------------------
                                             19.750000   data required time
                                             -2.839669   data arrival time
---------------------------------------------------------------------------------------------
                                             16.910332   slack (MET)


Startpoint: _75_ (rising edge-triggered flip-flop clocked by clk_i)
Endpoint: count_o[7] (output port clocked by clk_i)
Path Group: clk_i
Path Type: max

Fanout         Cap        Slew       Delay        Time   Description
---------------------------------------------------------------------------------------------
                                  0.000000    0.000000   clock clk_i (rise edge)
                                  0.000000    0.000000   clock source latency
     1    0.025999    0.139597    0.064984    0.064984 ^ clk_i (in)
                                                         clk_i (net)
                      0.139598    0.000000    0.064984 ^ clkbuf_0_clk_i/I (gf180mcu_fd_sc_mcu7t5v0__clkbuf_16)
     2    0.046277    0.111875    0.250038    0.315022 ^ clkbuf_0_clk_i/Z (gf180mcu_fd_sc_mcu7t5v0__clkbuf_16)
                                                         clknet_0_clk_i (net)
                      0.111875    0.000051    0.315073 ^ clkbuf_1_1__f_clk_i/I (gf180mcu_fd_sc_mcu7t5v0__clkbuf_16)
     5    0.020381    0.088791    0.225992    0.541064 ^ clkbuf_1_1__f_clk_i/Z (gf180mcu_fd_sc_mcu7t5v0__clkbuf_16)
                                                         clknet_1_1__leaf_clk_i (net)
                      0.088791    0.000116    0.541180 ^ _75_/CLK (gf180mcu_fd_sc_mcu7t5v0__dffq_1)
     2    0.008361    0.201210    0.762052    1.303233 ^ _75_/Q (gf180mcu_fd_sc_mcu7t5v0__dffq_1)
                                                         net10 (net)
                      0.201210    0.000019    1.303252 ^ output10/I (gf180mcu_fd_sc_mcu7t5v0__dlyb_1)
     1    0.073373    1.267293    1.525617    2.828869 ^ output10/Z (gf180mcu_fd_sc_mcu7t5v0__dlyb_1)
                                                         count_o[7] (net)
                      1.267293    0.000150    2.829019 ^ count_o[7] (out)
                                              2.829019   data arrival time

                                 25.000000   25.000000   clock clk_i (rise edge)
                                  0.000000   25.000000   clock network delay (propagated)
                                 -0.250000   24.750000   clock uncertainty
                                  0.000000   24.750000   clock reconvergence pessimism
                                 -5.000000   19.750000   output external delay
                                             19.750000   data required time
---------------------------------------------------------------------------------------------
                                             19.750000   data required time
                                             -2.829019   data arrival time
---------------------------------------------------------------------------------------------
                                             16.920980   slack (MET)


Startpoint: en_i (input port clocked by clk_i)
Endpoint: _73_ (rising edge-triggered flip-flop clocked by clk_i)
Path Group: clk_i
Path Type: max

Fanout         Cap        Slew       Delay        Time   Description
---------------------------------------------------------------------------------------------
                                  0.000000    0.000000   clock clk_i (rise edge)
                                  0.000000    0.000000   clock network delay (propagated)
                                  5.000000    5.000000 ^ input external delay
     1    0.003414    0.105994    0.034159    5.034159 ^ en_i (in)
                                                         en_i (net)
                      0.105994    0.000000    5.034159 ^ input1/I (gf180mcu_fd_sc_mcu7t5v0__dlyb_1)
     6    0.031315    0.560983    1.124468    6.158627 ^ input1/Z (gf180mcu_fd_sc_mcu7t5v0__dlyb_1)
                                                         net1 (net)
                      0.560983    0.000333    6.158960 ^ _49_/A1 (gf180mcu_fd_sc_mcu7t5v0__nand4_1)
     8    0.039131    1.129416    0.724096    6.883056 v _49_/ZN (gf180mcu_fd_sc_mcu7t5v0__nand4_1)
                                                         _22_ (net)
                      1.129416    0.000342    6.883399 v _57_/A3 (gf180mcu_fd_sc_mcu7t5v0__oai31_1)
     1    0.003167    0.578969    0.543625    7.427024 ^ _57_/ZN (gf180mcu_fd_sc_mcu7t5v0__oai31_1)
                                                         _27_ (net)
                      0.578969    0.000005    7.427029 ^ _59_/A2 (gf180mcu_fd_sc_mcu7t5v0__and3_1)
     1    0.003076    0.158311    0.407912    7.834941 ^ _59_/Z (gf180mcu_fd_sc_mcu7t5v0__and3_1)
                                                         _05_ (net)
                      0.158311    0.000008    7.834949 ^ _73_/D (gf180mcu_fd_sc_mcu7t5v0__dffq_1)
                                              7.834949   data arrival time

                                 25.000000   25.000000   clock clk_i (rise edge)
                                  0.000000   25.000000   clock source latency
     1    0.025999    0.139597    0.064984   25.064983 ^ clk_i (in)
                                                         clk_i (net)
                      0.139598    0.000000   25.064983 ^ clkbuf_0_clk_i/I (gf180mcu_fd_sc_mcu7t5v0__clkbuf_16)
     2    0.046277    0.111875    0.250036   25.315020 ^ clkbuf_0_clk_i/Z (gf180mcu_fd_sc_mcu7t5v0__clkbuf_16)
                                                         clknet_0_clk_i (net)
                      0.111875    0.000052   25.315071 ^ clkbuf_1_1__f_clk_i/I (gf180mcu_fd_sc_mcu7t5v0__clkbuf_16)
     5    0.020381    0.088791    0.225992   25.541063 ^ clkbuf_1_1__f_clk_i/Z (gf180mcu_fd_sc_mcu7t5v0__clkbuf_16)
                                                         clknet_1_1__leaf_clk_i (net)
                      0.088791    0.000103   25.541166 ^ _73_/CLK (gf180mcu_fd_sc_mcu7t5v0__dffq_1)
                                 -0.250000   25.291166   clock uncertainty
                                  0.000000   25.291166   clock reconvergence pessimism
                                 -0.226522   25.064644   library setup time
                                             25.064644   data required time
---------------------------------------------------------------------------------------------
                                             25.064644   data required time
                                             -7.834949   data arrival time
---------------------------------------------------------------------------------------------
                                             17.229696   slack (MET)


Startpoint: en_i (input port clocked by clk_i)
Endpoint: _74_ (rising edge-triggered flip-flop clocked by clk_i)
Path Group: clk_i
Path Type: max

Fanout         Cap        Slew       Delay        Time   Description
---------------------------------------------------------------------------------------------
                                  0.000000    0.000000   clock clk_i (rise edge)
                                  0.000000    0.000000   clock network delay (propagated)
                                  5.000000    5.000000 ^ input external delay
     1    0.003414    0.105994    0.034159    5.034159 ^ en_i (in)
                                                         en_i (net)
                      0.105994    0.000000    5.034159 ^ input1/I (gf180mcu_fd_sc_mcu7t5v0__dlyb_1)
     6    0.031315    0.560983    1.124468    6.158627 ^ input1/Z (gf180mcu_fd_sc_mcu7t5v0__dlyb_1)
                                                         net1 (net)
                      0.560983    0.000333    6.158960 ^ _49_/A1 (gf180mcu_fd_sc_mcu7t5v0__nand4_1)
     8    0.039131    1.129416    0.724096    6.883056 v _49_/ZN (gf180mcu_fd_sc_mcu7t5v0__nand4_1)
                                                         _22_ (net)
                      1.129416    0.000316    6.883372 v _61_/A2 (gf180mcu_fd_sc_mcu7t5v0__nor3_1)
     1    0.005224    0.567616    0.508249    7.391621 ^ _61_/ZN (gf180mcu_fd_sc_mcu7t5v0__nor3_1)
                                                         _30_ (net)
                      0.567616    0.000023    7.391643 ^ _62_/B (gf180mcu_fd_sc_mcu7t5v0__aoi211_1)
     1    0.002833    0.319577    0.245138    7.636781 v _62_/ZN (gf180mcu_fd_sc_mcu7t5v0__aoi211_1)
                                                         _06_ (net)
                      0.319577    0.000005    7.636786 v _74_/D (gf180mcu_fd_sc_mcu7t5v0__dffq_1)
                                              7.636786   data arrival time

                                 25.000000   25.000000   clock clk_i (rise edge)
                                  0.000000   25.000000   clock source latency
     1    0.025999    0.139597    0.064984   25.064983 ^ clk_i (in)
                                                         clk_i (net)
                      0.139598    0.000000   25.064983 ^ clkbuf_0_clk_i/I (gf180mcu_fd_sc_mcu7t5v0__clkbuf_16)
     2    0.046277    0.111875    0.250036   25.315020 ^ clkbuf_0_clk_i/Z (gf180mcu_fd_sc_mcu7t5v0__clkbuf_16)
                                                         clknet_0_clk_i (net)
                      0.111875    0.000052   25.315071 ^ clkbuf_1_1__f_clk_i/I (gf180mcu_fd_sc_mcu7t5v0__clkbuf_16)
     5    0.020381    0.088791    0.225992   25.541063 ^ clkbuf_1_1__f_clk_i/Z (gf180mcu_fd_sc_mcu7t5v0__clkbuf_16)
                                                         clknet_1_1__leaf_clk_i (net)
                      0.088791    0.000108   25.541172 ^ _74_/CLK (gf180mcu_fd_sc_mcu7t5v0__dffq_1)
                                 -0.250000   25.291172   clock uncertainty
                                  0.000000   25.291172   clock reconvergence pessimism
                                 -0.296238   24.994934   library setup time
                                             24.994934   data required time
---------------------------------------------------------------------------------------------
                                             24.994934   data required time
                                             -7.636786   data arrival time
---------------------------------------------------------------------------------------------
                                             17.358147   slack (MET)


Startpoint: en_i (input port clocked by clk_i)
Endpoint: _72_ (rising edge-triggered flip-flop clocked by clk_i)
Path Group: clk_i
Path Type: max

Fanout         Cap        Slew       Delay        Time   Description
---------------------------------------------------------------------------------------------
                                  0.000000    0.000000   clock clk_i (rise edge)
                                  0.000000    0.000000   clock network delay (propagated)
                                  5.000000    5.000000 ^ input external delay
     1    0.003414    0.105994    0.034159    5.034159 ^ en_i (in)
                                                         en_i (net)
                      0.105994    0.000000    5.034159 ^ input1/I (gf180mcu_fd_sc_mcu7t5v0__dlyb_1)
     6    0.031315    0.560983    1.124468    6.158627 ^ input1/Z (gf180mcu_fd_sc_mcu7t5v0__dlyb_1)
                                                         net1 (net)
                      0.560983    0.000333    6.158960 ^ _49_/A1 (gf180mcu_fd_sc_mcu7t5v0__nand4_1)
     8    0.039131    1.129416    0.724096    6.883056 v _49_/ZN (gf180mcu_fd_sc_mcu7t5v0__nand4_1)
                                                         _22_ (net)
                      1.129416    0.000355    6.883411 v _55_/A3 (gf180mcu_fd_sc_mcu7t5v0__nor3_1)
     1    0.005041    0.567721    0.462051    7.345463 ^ _55_/ZN (gf180mcu_fd_sc_mcu7t5v0__nor3_1)
                                                         _26_ (net)
                      0.567721    0.000017    7.345480 ^ _56_/A3 (gf180mcu_fd_sc_mcu7t5v0__nor3_1)
     1    0.003773    0.299383    0.217274    7.562754 v _56_/ZN (gf180mcu_fd_sc_mcu7t5v0__nor3_1)
                                                         _04_ (net)
                      0.299383    0.000018    7.562772 v _72_/D (gf180mcu_fd_sc_mcu7t5v0__dffq_1)
                                              7.562772   data arrival time

                                 25.000000   25.000000   clock clk_i (rise edge)
                                  0.000000   25.000000   clock source latency
     1    0.025999    0.139597    0.064984   25.064983 ^ clk_i (in)
                                                         clk_i (net)
                      0.139598    0.000000   25.064983 ^ clkbuf_0_clk_i/I (gf180mcu_fd_sc_mcu7t5v0__clkbuf_16)
     2    0.046277    0.111875    0.250036   25.315020 ^ clkbuf_0_clk_i/Z (gf180mcu_fd_sc_mcu7t5v0__clkbuf_16)
                                                         clknet_0_clk_i (net)
                      0.111875    0.000091   25.315111 ^ clkbuf_1_0__f_clk_i/I (gf180mcu_fd_sc_mcu7t5v0__clkbuf_16)
     5    0.020079    0.088516    0.225754   25.540865 ^ clkbuf_1_0__f_clk_i/Z (gf180mcu_fd_sc_mcu7t5v0__clkbuf_16)
                                                         clknet_1_0__leaf_clk_i (net)
                      0.088516    0.000053   25.540918 ^ _72_/CLK (gf180mcu_fd_sc_mcu7t5v0__dffq_1)
                                 -0.250000   25.290918   clock uncertainty
                                  0.000000   25.290918   clock reconvergence pessimism
                                 -0.290009   25.000908   library setup time
                                             25.000908   data required time
---------------------------------------------------------------------------------------------
                                             25.000908   data required time
                                             -7.562772   data arrival time
---------------------------------------------------------------------------------------------
                                             17.438137   slack (MET)


Startpoint: en_i (input port clocked by clk_i)
Endpoint: _71_ (rising edge-triggered flip-flop clocked by clk_i)
Path Group: clk_i
Path Type: max

Fanout         Cap        Slew       Delay        Time   Description
---------------------------------------------------------------------------------------------
                                  0.000000    0.000000   clock clk_i (rise edge)
                                  0.000000    0.000000   clock network delay (propagated)
                                  5.000000    5.000000 ^ input external delay
     1    0.003414    0.105994    0.034159    5.034159 ^ en_i (in)
                                                         en_i (net)
                      0.105994    0.000000    5.034159 ^ input1/I (gf180mcu_fd_sc_mcu7t5v0__dlyb_1)
     6    0.031315    0.560983    1.124468    6.158627 ^ input1/Z (gf180mcu_fd_sc_mcu7t5v0__dlyb_1)
                                                         net1 (net)
                      0.560983    0.000333    6.158960 ^ _49_/A1 (gf180mcu_fd_sc_mcu7t5v0__nand4_1)
     8    0.039131    1.129416    0.724096    6.883056 v _49_/ZN (gf180mcu_fd_sc_mcu7t5v0__nand4_1)
                                                         _22_ (net)
                      1.129416    0.000247    6.883304 v _52_/A2 (gf180mcu_fd_sc_mcu7t5v0__oai21_1)
     1    0.004174    0.428297    0.386756    7.270060 ^ _52_/ZN (gf180mcu_fd_sc_mcu7t5v0__oai21_1)
                                                         _24_ (net)
                      0.428297    0.000003    7.270063 ^ _53_/B (gf180mcu_fd_sc_mcu7t5v0__aoi21_1)
     1    0.002805    0.286672    0.204577    7.474640 v _53_/ZN (gf180mcu_fd_sc_mcu7t5v0__aoi21_1)
                                                         _03_ (net)
                      0.286672    0.000004    7.474644 v _71_/D (gf180mcu_fd_sc_mcu7t5v0__dffq_1)
                                              7.474644   data arrival time

                                 25.000000   25.000000   clock clk_i (rise edge)
                                  0.000000   25.000000   clock source latency
     1    0.025999    0.139597    0.064984   25.064983 ^ clk_i (in)
                                                         clk_i (net)
                      0.139598    0.000000   25.064983 ^ clkbuf_0_clk_i/I (gf180mcu_fd_sc_mcu7t5v0__clkbuf_16)
     2    0.046277    0.111875    0.250036   25.315020 ^ clkbuf_0_clk_i/Z (gf180mcu_fd_sc_mcu7t5v0__clkbuf_16)
                                                         clknet_0_clk_i (net)
                      0.111875    0.000091   25.315111 ^ clkbuf_1_0__f_clk_i/I (gf180mcu_fd_sc_mcu7t5v0__clkbuf_16)
     5    0.020079    0.088516    0.225754   25.540865 ^ clkbuf_1_0__f_clk_i/Z (gf180mcu_fd_sc_mcu7t5v0__clkbuf_16)
                                                         clknet_1_0__leaf_clk_i (net)
                      0.088516    0.000044   25.540909 ^ _71_/CLK (gf180mcu_fd_sc_mcu7t5v0__dffq_1)
                                 -0.250000   25.290909   clock uncertainty
                                  0.000000   25.290909   clock reconvergence pessimism
                                 -0.286055   25.004854   library setup time
                                             25.004854   data required time
---------------------------------------------------------------------------------------------
                                             25.004854   data required time
                                             -7.474644   data arrival time
---------------------------------------------------------------------------------------------
                                             17.530209   slack (MET)


Startpoint: en_i (input port clocked by clk_i)
Endpoint: _70_ (rising edge-triggered flip-flop clocked by clk_i)
Path Group: clk_i
Path Type: max

Fanout         Cap        Slew       Delay        Time   Description
---------------------------------------------------------------------------------------------
                                  0.000000    0.000000   clock clk_i (rise edge)
                                  0.000000    0.000000   clock network delay (propagated)
                                  5.000000    5.000000 ^ input external delay
     1    0.003414    0.105994    0.034159    5.034159 ^ en_i (in)
                                                         en_i (net)
                      0.105994    0.000000    5.034159 ^ input1/I (gf180mcu_fd_sc_mcu7t5v0__dlyb_1)
     6    0.031315    0.560983    1.124468    6.158627 ^ input1/Z (gf180mcu_fd_sc_mcu7t5v0__dlyb_1)
                                                         net1 (net)
                      0.560983    0.000333    6.158960 ^ _49_/A1 (gf180mcu_fd_sc_mcu7t5v0__nand4_1)
     8    0.039131    1.129416    0.724096    6.883056 v _49_/ZN (gf180mcu_fd_sc_mcu7t5v0__nand4_1)
                                                         _22_ (net)
                      1.129416    0.000235    6.883291 v _50_/A2 (gf180mcu_fd_sc_mcu7t5v0__nand2_1)
     1    0.004544    0.357027    0.388255    7.271546 ^ _50_/ZN (gf180mcu_fd_sc_mcu7t5v0__nand2_1)
                                                         _23_ (net)
                      0.357027    0.000010    7.271556 ^ _51_/B (gf180mcu_fd_sc_mcu7t5v0__aoi21_1)
     1    0.003084    0.247557    0.199115    7.470671 v _51_/ZN (gf180mcu_fd_sc_mcu7t5v0__aoi21_1)
                                                         _02_ (net)
                      0.247557    0.000008    7.470678 v _70_/D (gf180mcu_fd_sc_mcu7t5v0__dffq_1)
                                              7.470678   data arrival time

                                 25.000000   25.000000   clock clk_i (rise edge)
                                  0.000000   25.000000   clock source latency
     1    0.025999    0.139597    0.064984   25.064983 ^ clk_i (in)
                                                         clk_i (net)
                      0.139598    0.000000   25.064983 ^ clkbuf_0_clk_i/I (gf180mcu_fd_sc_mcu7t5v0__clkbuf_16)
     2    0.046277    0.111875    0.250036   25.315020 ^ clkbuf_0_clk_i/Z (gf180mcu_fd_sc_mcu7t5v0__clkbuf_16)
                                                         clknet_0_clk_i (net)
                      0.111875    0.000091   25.315111 ^ clkbuf_1_0__f_clk_i/I (gf180mcu_fd_sc_mcu7t5v0__clkbuf_16)
     5    0.020079    0.088516    0.225754   25.540865 ^ clkbuf_1_0__f_clk_i/Z (gf180mcu_fd_sc_mcu7t5v0__clkbuf_16)
                                                         clknet_1_0__leaf_clk_i (net)
                      0.088516    0.000016   25.540880 ^ _70_/CLK (gf180mcu_fd_sc_mcu7t5v0__dffq_1)
                                 -0.250000   25.290882   clock uncertainty
                                  0.000000   25.290882   clock reconvergence pessimism
                                 -0.273885   25.016994   library setup time
                                             25.016994   data required time
---------------------------------------------------------------------------------------------
                                             25.016994   data required time
                                             -7.470678   data arrival time
---------------------------------------------------------------------------------------------
                                             17.546316   slack (MET)


Startpoint: en_i (input port clocked by clk_i)
Endpoint: _69_ (rising edge-triggered flip-flop clocked by clk_i)
Path Group: clk_i
Path Type: max

Fanout         Cap        Slew       Delay        Time   Description
---------------------------------------------------------------------------------------------
                                  0.000000    0.000000   clock clk_i (rise edge)
                                  0.000000    0.000000   clock network delay (propagated)
                                  5.000000    5.000000 v input external delay
     1    0.003414    0.061543    0.021013    5.021014 v en_i (in)
                                                         en_i (net)
                      0.061543    0.000000    5.021014 v input1/I (gf180mcu_fd_sc_mcu7t5v0__dlyb_1)
     6    0.031315    0.444044    1.184153    6.205166 v input1/Z (gf180mcu_fd_sc_mcu7t5v0__dlyb_1)
                                                         net1 (net)
                      0.444044    0.000342    6.205509 v _45_/A1 (gf180mcu_fd_sc_mcu7t5v0__nand3_1)
     2    0.011003    0.406171    0.317030    6.522539 ^ _45_/ZN (gf180mcu_fd_sc_mcu7t5v0__nand3_1)
                                                         _19_ (net)
                      0.406171    0.000006    6.522545 ^ _46_/A2 (gf180mcu_fd_sc_mcu7t5v0__nand2_1)
     1    0.004650    0.240693    0.119968    6.642513 v _46_/ZN (gf180mcu_fd_sc_mcu7t5v0__nand2_1)
                                                         _20_ (net)
                      0.240693    0.000008    6.642520 v _47_/A2 (gf180mcu_fd_sc_mcu7t5v0__nor2_1)
     1    0.002702    0.215879    0.180247    6.822767 ^ _47_/ZN (gf180mcu_fd_sc_mcu7t5v0__nor2_1)
                                                         _01_ (net)
                      0.215879    0.000003    6.822771 ^ _69_/D (gf180mcu_fd_sc_mcu7t5v0__dffq_1)
                                              6.822771   data arrival time

                                 25.000000   25.000000   clock clk_i (rise edge)
                                  0.000000   25.000000   clock source latency
     1    0.025999    0.139597    0.064984   25.064983 ^ clk_i (in)
                                                         clk_i (net)
                      0.139598    0.000000   25.064983 ^ clkbuf_0_clk_i/I (gf180mcu_fd_sc_mcu7t5v0__clkbuf_16)
     2    0.046277    0.111875    0.250036   25.315020 ^ clkbuf_0_clk_i/Z (gf180mcu_fd_sc_mcu7t5v0__clkbuf_16)
                                                         clknet_0_clk_i (net)
                      0.111875    0.000091   25.315111 ^ clkbuf_1_0__f_clk_i/I (gf180mcu_fd_sc_mcu7t5v0__clkbuf_16)
     5    0.020079    0.088516    0.225754   25.540865 ^ clkbuf_1_0__f_clk_i/Z (gf180mcu_fd_sc_mcu7t5v0__clkbuf_16)
                                                         clknet_1_0__leaf_clk_i (net)
                      0.088516    0.000036   25.540899 ^ _69_/CLK (gf180mcu_fd_sc_mcu7t5v0__dffq_1)
                                 -0.250000   25.290901   clock uncertainty
                                  0.000000   25.290901   clock reconvergence pessimism
                                 -0.232656   25.058245   library setup time
                                             25.058245   data required time
---------------------------------------------------------------------------------------------
                                             25.058245   data required time
                                             -6.822771   data arrival time
---------------------------------------------------------------------------------------------
                                             18.235474   slack (MET)


Startpoint: rst_ni (input port clocked by clk_i)
Endpoint: _68_ (rising edge-triggered flip-flop clocked by clk_i)
Path Group: clk_i
Path Type: max

Fanout         Cap        Slew       Delay        Time   Description
---------------------------------------------------------------------------------------------
                                  0.000000    0.000000   clock clk_i (rise edge)
                                  0.000000    0.000000   clock network delay (propagated)
                                  5.000000    5.000000 v input external delay
     1    0.003402    0.061427    0.020944    5.020944 v rst_ni (in)
                                                         rst_ni (net)
                      0.061427    0.000000    5.020944 v input2/I (gf180mcu_fd_sc_mcu7t5v0__dlyb_1)
     8    0.039113    0.511329    1.240618    6.261562 v input2/Z (gf180mcu_fd_sc_mcu7t5v0__dlyb_1)
                                                         net2 (net)
                      0.511329    0.000346    6.261909 v _41_/A2 (gf180mcu_fd_sc_mcu7t5v0__nand2_1)
     2    0.010552    0.337067    0.319885    6.581794 ^ _41_/ZN (gf180mcu_fd_sc_mcu7t5v0__nand2_1)
                                                         _16_ (net)
                      0.337067    0.000021    6.581815 ^ _43_/B1 (gf180mcu_fd_sc_mcu7t5v0__aoi22_1)
     1    0.002769    0.251834    0.190814    6.772629 v _43_/ZN (gf180mcu_fd_sc_mcu7t5v0__aoi22_1)
                                                         _00_ (net)
                      0.251834    0.000004    6.772633 v _68_/D (gf180mcu_fd_sc_mcu7t5v0__dffq_1)
                                              6.772633   data arrival time

                                 25.000000   25.000000   clock clk_i (rise edge)
                                  0.000000   25.000000   clock source latency
     1    0.025999    0.139597    0.064984   25.064983 ^ clk_i (in)
                                                         clk_i (net)
                      0.139598    0.000000   25.064983 ^ clkbuf_0_clk_i/I (gf180mcu_fd_sc_mcu7t5v0__clkbuf_16)
     2    0.046277    0.111875    0.250036   25.315020 ^ clkbuf_0_clk_i/Z (gf180mcu_fd_sc_mcu7t5v0__clkbuf_16)
                                                         clknet_0_clk_i (net)
                      0.111875    0.000091   25.315111 ^ clkbuf_1_0__f_clk_i/I (gf180mcu_fd_sc_mcu7t5v0__clkbuf_16)
     5    0.020079    0.088516    0.225754   25.540865 ^ clkbuf_1_0__f_clk_i/Z (gf180mcu_fd_sc_mcu7t5v0__clkbuf_16)
                                                         clknet_1_0__leaf_clk_i (net)
                      0.088516    0.000028   25.540894 ^ _68_/CLK (gf180mcu_fd_sc_mcu7t5v0__dffq_1)
                                 -0.250000   25.290894   clock uncertainty
                                  0.000000   25.290894   clock reconvergence pessimism
                                 -0.275216   25.015676   library setup time
                                             25.015676   data required time
---------------------------------------------------------------------------------------------
                                             25.015676   data required time
                                             -6.772633   data arrival time
---------------------------------------------------------------------------------------------
                                             18.243044   slack (MET)



