
===========================================================================
report_checks -path_delay min (Hold)
============================================================================
======================= nom_tt_025C_5v00 Corner ===================================

Startpoint: _76_ (rising edge-triggered flip-flop clocked by clk_i)
Endpoint: _76_ (rising edge-triggered flip-flop clocked by clk_i)
Path Group: clk_i
Path Type: min

Fanout         Cap        Slew       Delay        Time   Description
---------------------------------------------------------------------------------------------
                                  0.000000    0.000000   clock clk_i (rise edge)
                                  0.000000    0.000000   clock source latency
     1    0.025999    0.139597    0.064984    0.064984 ^ clk_i (in)
                                                         clk_i (net)
                      0.139598    0.000000    0.064984 ^ clkbuf_0_clk_i/I (gf180mcu_fd_sc_mcu7t5v0__clkbuf_16)
     2    0.046277    0.111875    0.250038    0.315022 ^ clkbuf_0_clk_i/Z (gf180mcu_fd_sc_mcu7t5v0__clkbuf_16)
                                                         clknet_0_clk_i (net)
                      0.111875    0.000051    0.315073 ^ clkbuf_1_1__f_clk_i/I (gf180mcu_fd_sc_mcu7t5v0__clkbuf_16)
     5    0.020381    0.088791    0.225992    0.541064 ^ clkbuf_1_1__f_clk_i/Z (gf180mcu_fd_sc_mcu7t5v0__clkbuf_16)
                                                         clknet_1_1__leaf_clk_i (net)
                      0.088791    0.000126    0.541190 ^ _76_/CLK (gf180mcu_fd_sc_mcu7t5v0__dffq_1)
     2    0.009271    0.155736    0.680623    1.221813 v _76_/Q (gf180mcu_fd_sc_mcu7t5v0__dffq_1)
                                                         net11 (net)
                      0.155736    0.000023    1.221837 v _66_/A1 (gf180mcu_fd_sc_mcu7t5v0__nand2_1)
     1    0.005720    0.169462    0.146535    1.368372 ^ _66_/ZN (gf180mcu_fd_sc_mcu7t5v0__nand2_1)
                                                         _33_ (net)
                      0.169462    0.000021    1.368393 ^ _67_/B (gf180mcu_fd_sc_mcu7t5v0__oai21_1)
     1    0.003415    0.124244    0.118722    1.487115 v _67_/ZN (gf180mcu_fd_sc_mcu7t5v0__oai21_1)
                                                         _08_ (net)
                      0.124244    0.000012    1.487127 v _76_/D (gf180mcu_fd_sc_mcu7t5v0__dffq_1)
                                              1.487127   data arrival time

                                  0.000000    0.000000   clock clk_i (rise edge)
                                  0.000000    0.000000   clock source latency
     1    0.025999    0.139597    0.064984    0.064984 ^ clk_i (in)
                                                         clk_i (net)
                      0.139598    0.000000    0.064984 ^ clkbuf_0_clk_i/I (gf180mcu_fd_sc_mcu7t5v0__clkbuf_16)
     2    0.046277    0.111875    0.250038    0.315022 ^ clkbuf_0_clk_i/Z (gf180mcu_fd_sc_mcu7t5v0__clkbuf_16)
                                                         clknet_0_clk_i (net)
                      0.111875    0.000051    0.315073 ^ clkbuf_1_1__f_clk_i/I (gf180mcu_fd_sc_mcu7t5v0__clkbuf_16)
     5    0.020381    0.088791    0.225992    0.541064 ^ clkbuf_1_1__f_clk_i/Z (gf180mcu_fd_sc_mcu7t5v0__clkbuf_16)
                                                         clknet_1_1__leaf_clk_i (net)
                      0.088791    0.000126    0.541190 ^ _76_/CLK (gf180mcu_fd_sc_mcu7t5v0__dffq_1)
                                  0.250000    0.791190   clock uncertainty
                                  0.000000    0.791190   clock reconvergence pessimism
                                  0.078311    0.869501   library hold time
                                              0.869501   data required time
---------------------------------------------------------------------------------------------
                                              0.869501   data required time
                                             -1.487127   data arrival time
---------------------------------------------------------------------------------------------
                                              0.617626   slack (MET)


Startpoint: _74_ (rising edge-triggered flip-flop clocked by clk_i)
Endpoint: _74_ (rising edge-triggered flip-flop clocked by clk_i)
Path Group: clk_i
Path Type: min

Fanout         Cap        Slew       Delay        Time   Description
---------------------------------------------------------------------------------------------
                                  0.000000    0.000000   clock clk_i (rise edge)
                                  0.000000    0.000000   clock source latency
     1    0.025999    0.139597    0.064984    0.064984 ^ clk_i (in)
                                                         clk_i (net)
                      0.139598    0.000000    0.064984 ^ clkbuf_0_clk_i/I (gf180mcu_fd_sc_mcu7t5v0__clkbuf_16)
     2    0.046277    0.111875    0.250038    0.315022 ^ clkbuf_0_clk_i/Z (gf180mcu_fd_sc_mcu7t5v0__clkbuf_16)
                                                         clknet_0_clk_i (net)
                      0.111875    0.000051    0.315073 ^ clkbuf_1_1__f_clk_i/I (gf180mcu_fd_sc_mcu7t5v0__clkbuf_16)
     5    0.020381    0.088791    0.225992    0.541064 ^ clkbuf_1_1__f_clk_i/Z (gf180mcu_fd_sc_mcu7t5v0__clkbuf_16)
                                                         clknet_1_1__leaf_clk_i (net)
                      0.088791    0.000109    0.541173 ^ _74_/CLK (gf180mcu_fd_sc_mcu7t5v0__dffq_1)
     3    0.013343    0.191402    0.707946    1.249119 v _74_/Q (gf180mcu_fd_sc_mcu7t5v0__dffq_1)
                                                         net9 (net)
                      0.191402    0.000056    1.249174 v _35_/I (gf180mcu_fd_sc_mcu7t5v0__clkinv_1)
     1    0.005476    0.153792    0.131426    1.380600 ^ _35_/ZN (gf180mcu_fd_sc_mcu7t5v0__clkinv_1)
                                                         _10_ (net)
                      0.153792    0.000016    1.380616 ^ _62_/A1 (gf180mcu_fd_sc_mcu7t5v0__aoi211_1)
     1    0.002833    0.138897    0.123221    1.503838 v _62_/ZN (gf180mcu_fd_sc_mcu7t5v0__aoi211_1)
                                                         _06_ (net)
                      0.138897    0.000005    1.503843 v _74_/D (gf180mcu_fd_sc_mcu7t5v0__dffq_1)
                                              1.503843   data arrival time

                                  0.000000    0.000000   clock clk_i (rise edge)
                                  0.000000    0.000000   clock source latency
     1    0.025999    0.139597    0.064984    0.064984 ^ clk_i (in)
                                                         clk_i (net)
                      0.139598    0.000000    0.064984 ^ clkbuf_0_clk_i/I (gf180mcu_fd_sc_mcu7t5v0__clkbuf_16)
     2    0.046277    0.111875    0.250038    0.315022 ^ clkbuf_0_clk_i/Z (gf180mcu_fd_sc_mcu7t5v0__clkbuf_16)
                                                         clknet_0_clk_i (net)
                      0.111875    0.000051    0.315073 ^ clkbuf_1_1__f_clk_i/I (gf180mcu_fd_sc_mcu7t5v0__clkbuf_16)
     5    0.020381    0.088791    0.225992    0.541064 ^ clkbuf_1_1__f_clk_i/Z (gf180mcu_fd_sc_mcu7t5v0__clkbuf_16)
                                                         clknet_1_1__leaf_clk_i (net)
                      0.088791    0.000109    0.541173 ^ _74_/CLK (gf180mcu_fd_sc_mcu7t5v0__dffq_1)
                                  0.250000    0.791173   clock uncertainty
                                  0.000000    0.791173   clock reconvergence pessimism
                                  0.074990    0.866163   library hold time
                                              0.866163   data required time
---------------------------------------------------------------------------------------------
                                              0.866163   data required time
                                             -1.503843   data arrival time
---------------------------------------------------------------------------------------------
                                              0.637680   slack (MET)


Startpoint: _70_ (rising edge-triggered flip-flop clocked by clk_i)
Endpoint: _70_ (rising edge-triggered flip-flop clocked by clk_i)
Path Group: clk_i
Path Type: min

Fanout         Cap        Slew       Delay        Time   Description
---------------------------------------------------------------------------------------------
                                  0.000000    0.000000   clock clk_i (rise edge)
                                  0.000000    0.000000   clock source latency
     1    0.025999    0.139597    0.064984    0.064984 ^ clk_i (in)
                                                         clk_i (net)
                      0.139598    0.000000    0.064984 ^ clkbuf_0_clk_i/I (gf180mcu_fd_sc_mcu7t5v0__clkbuf_16)
     2    0.046277    0.111875    0.250038    0.315022 ^ clkbuf_0_clk_i/Z (gf180mcu_fd_sc_mcu7t5v0__clkbuf_16)
                                                         clknet_0_clk_i (net)
                      0.111875    0.000090    0.315112 ^ clkbuf_1_0__f_clk_i/I (gf180mcu_fd_sc_mcu7t5v0__clkbuf_16)
     5    0.020079    0.088516    0.225752    0.540864 ^ clkbuf_1_0__f_clk_i/Z (gf180mcu_fd_sc_mcu7t5v0__clkbuf_16)
                                                         clknet_1_0__leaf_clk_i (net)
                      0.088516    0.000016    0.540881 ^ _70_/CLK (gf180mcu_fd_sc_mcu7t5v0__dffq_1)
     4    0.017182    0.225032    0.733653    1.274533 v _70_/Q (gf180mcu_fd_sc_mcu7t5v0__dffq_1)
                                                         net5 (net)
                      0.225032    0.000031    1.274564 v _39_/I (gf180mcu_fd_sc_mcu7t5v0__clkinv_1)
     1    0.006362    0.173336    0.148727    1.423291 ^ _39_/ZN (gf180mcu_fd_sc_mcu7t5v0__clkinv_1)
                                                         _14_ (net)
                      0.173336    0.000034    1.423326 ^ _51_/A1 (gf180mcu_fd_sc_mcu7t5v0__aoi21_1)
     1    0.003084    0.120695    0.103999    1.527325 v _51_/ZN (gf180mcu_fd_sc_mcu7t5v0__aoi21_1)
                                                         _02_ (net)
                      0.120695    0.000008    1.527333 v _70_/D (gf180mcu_fd_sc_mcu7t5v0__dffq_1)
                                              1.527333   data arrival time

                                  0.000000    0.000000   clock clk_i (rise edge)
                                  0.000000    0.000000   clock source latency
     1    0.025999    0.139597    0.064984    0.064984 ^ clk_i (in)
                                                         clk_i (net)
                      0.139598    0.000000    0.064984 ^ clkbuf_0_clk_i/I (gf180mcu_fd_sc_mcu7t5v0__clkbuf_16)
     2    0.046277    0.111875    0.250038    0.315022 ^ clkbuf_0_clk_i/Z (gf180mcu_fd_sc_mcu7t5v0__clkbuf_16)
                                                         clknet_0_clk_i (net)
                      0.111875    0.000090    0.315112 ^ clkbuf_1_0__f_clk_i/I (gf180mcu_fd_sc_mcu7t5v0__clkbuf_16)
     5    0.020079    0.088516    0.225752    0.540864 ^ clkbuf_1_0__f_clk_i/Z (gf180mcu_fd_sc_mcu7t5v0__clkbuf_16)
                                                         clknet_1_0__leaf_clk_i (net)
                      0.088516    0.000016    0.540881 ^ _70_/CLK (gf180mcu_fd_sc_mcu7t5v0__dffq_1)
                                  0.250000    0.790881   clock uncertainty
                                  0.000000    0.790881   clock reconvergence pessimism
                                  0.079069    0.869949   library hold time
                                              0.869949   data required time
---------------------------------------------------------------------------------------------
                                              0.869949   data required time
                                             -1.527333   data arrival time
---------------------------------------------------------------------------------------------
                                              0.657384   slack (MET)


Startpoint: _69_ (rising edge-triggered flip-flop clocked by clk_i)
Endpoint: _69_ (rising edge-triggered flip-flop clocked by clk_i)
Path Group: clk_i
Path Type: min

Fanout         Cap        Slew       Delay        Time   Description
---------------------------------------------------------------------------------------------
                                  0.000000    0.000000   clock clk_i (rise edge)
                                  0.000000    0.000000   clock source latency
     1    0.025999    0.139597    0.064984    0.064984 ^ clk_i (in)
                                                         clk_i (net)
                      0.139598    0.000000    0.064984 ^ clkbuf_0_clk_i/I (gf180mcu_fd_sc_mcu7t5v0__clkbuf_16)
     2    0.046277    0.111875    0.250038    0.315022 ^ clkbuf_0_clk_i/Z (gf180mcu_fd_sc_mcu7t5v0__clkbuf_16)
                                                         clknet_0_clk_i (net)
                      0.111875    0.000090    0.315112 ^ clkbuf_1_0__f_clk_i/I (gf180mcu_fd_sc_mcu7t5v0__clkbuf_16)
     5    0.020079    0.088516    0.225752    0.540864 ^ clkbuf_1_0__f_clk_i/Z (gf180mcu_fd_sc_mcu7t5v0__clkbuf_16)
                                                         clknet_1_0__leaf_clk_i (net)
                      0.088516    0.000036    0.540900 ^ _69_/CLK (gf180mcu_fd_sc_mcu7t5v0__dffq_1)
     5    0.020923    0.258301    0.757839    1.298739 v _69_/Q (gf180mcu_fd_sc_mcu7t5v0__dffq_1)
                                                         net4 (net)
                      0.258301    0.000045    1.298784 v _44_/B (gf180mcu_fd_sc_mcu7t5v0__aoi21_1)
     1    0.004747    0.258634    0.217198    1.515982 ^ _44_/ZN (gf180mcu_fd_sc_mcu7t5v0__aoi21_1)
                                                         _18_ (net)
                      0.258634    0.000006    1.515988 ^ _47_/A1 (gf180mcu_fd_sc_mcu7t5v0__nor2_1)
     1    0.002702    0.121474    0.100713    1.616700 v _47_/ZN (gf180mcu_fd_sc_mcu7t5v0__nor2_1)
                                                         _01_ (net)
                      0.121474    0.000003    1.616703 v _69_/D (gf180mcu_fd_sc_mcu7t5v0__dffq_1)
                                              1.616703   data arrival time

                                  0.000000    0.000000   clock clk_i (rise edge)
                                  0.000000    0.000000   clock source latency
     1    0.025999    0.139597    0.064984    0.064984 ^ clk_i (in)
                                                         clk_i (net)
                      0.139598    0.000000    0.064984 ^ clkbuf_0_clk_i/I (gf180mcu_fd_sc_mcu7t5v0__clkbuf_16)
     2    0.046277    0.111875    0.250038    0.315022 ^ clkbuf_0_clk_i/Z (gf180mcu_fd_sc_mcu7t5v0__clkbuf_16)
                                                         clknet_0_clk_i (net)
                      0.111875    0.000090    0.315112 ^ clkbuf_1_0__f_clk_i/I (gf180mcu_fd_sc_mcu7t5v0__clkbuf_16)
     5    0.020079    0.088516    0.225752    0.540864 ^ clkbuf_1_0__f_clk_i/Z (gf180mcu_fd_sc_mcu7t5v0__clkbuf_16)
                                                         clknet_1_0__leaf_clk_i (net)
                      0.088516    0.000036    0.540900 ^ _69_/CLK (gf180mcu_fd_sc_mcu7t5v0__dffq_1)
                                  0.250000    0.790900   clock uncertainty
                                  0.000000    0.790900   clock reconvergence pessimism
                                  0.078892    0.869793   library hold time
                                              0.869793   data required time
---------------------------------------------------------------------------------------------
                                              0.869793   data required time
                                             -1.616703   data arrival time
---------------------------------------------------------------------------------------------
                                              0.746911   slack (MET)


Startpoint: _68_ (rising edge-triggered flip-flop clocked by clk_i)
Endpoint: _68_ (rising edge-triggered flip-flop clocked by clk_i)
Path Group: clk_i
Path Type: min

Fanout         Cap        Slew       Delay        Time   Description
---------------------------------------------------------------------------------------------
                                  0.000000    0.000000   clock clk_i (rise edge)
                                  0.000000    0.000000   clock source latency
     1    0.025999    0.139597    0.064984    0.064984 ^ clk_i (in)
                                                         clk_i (net)
                      0.139598    0.000000    0.064984 ^ clkbuf_0_clk_i/I (gf180mcu_fd_sc_mcu7t5v0__clkbuf_16)
     2    0.046277    0.111875    0.250038    0.315022 ^ clkbuf_0_clk_i/Z (gf180mcu_fd_sc_mcu7t5v0__clkbuf_16)
                                                         clknet_0_clk_i (net)
                      0.111875    0.000090    0.315112 ^ clkbuf_1_0__f_clk_i/I (gf180mcu_fd_sc_mcu7t5v0__clkbuf_16)
     5    0.020079    0.088516    0.225752    0.540864 ^ clkbuf_1_0__f_clk_i/Z (gf180mcu_fd_sc_mcu7t5v0__clkbuf_16)
                                                         clknet_1_0__leaf_clk_i (net)
                      0.088516    0.000029    0.540893 ^ _68_/CLK (gf180mcu_fd_sc_mcu7t5v0__dffq_1)
     7    0.033739    0.608428    0.994105    1.534998 ^ _68_/Q (gf180mcu_fd_sc_mcu7t5v0__dffq_1)
                                                         net3 (net)
                      0.608428    0.000099    1.535097 ^ _43_/A2 (gf180mcu_fd_sc_mcu7t5v0__aoi22_1)
     1    0.002769    0.175031    0.098400    1.633497 v _43_/ZN (gf180mcu_fd_sc_mcu7t5v0__aoi22_1)
                                                         _00_ (net)
                      0.175031    0.000004    1.633501 v _68_/D (gf180mcu_fd_sc_mcu7t5v0__dffq_1)
                                              1.633501   data arrival time

                                  0.000000    0.000000   clock clk_i (rise edge)
                                  0.000000    0.000000   clock source latency
     1    0.025999    0.139597    0.064984    0.064984 ^ clk_i (in)
                                                         clk_i (net)
                      0.139598    0.000000    0.064984 ^ clkbuf_0_clk_i/I (gf180mcu_fd_sc_mcu7t5v0__clkbuf_16)
     2    0.046277    0.111875    0.250038    0.315022 ^ clkbuf_0_clk_i/Z (gf180mcu_fd_sc_mcu7t5v0__clkbuf_16)
                                                         clknet_0_clk_i (net)
                      0.111875    0.000090    0.315112 ^ clkbuf_1_0__f_clk_i/I (gf180mcu_fd_sc_mcu7t5v0__clkbuf_16)
     5    0.020079    0.088516    0.225752    0.540864 ^ clkbuf_1_0__f_clk_i/Z (gf180mcu_fd_sc_mcu7t5v0__clkbuf_16)
                                                         clknet_1_0__leaf_clk_i (net)
                      0.088516    0.000029    0.540893 ^ _68_/CLK (gf180mcu_fd_sc_mcu7t5v0__dffq_1)
                                  0.250000    0.790893   clock uncertainty
                                  0.000000    0.790893   clock reconvergence pessimism
                                  0.064557    0.855450   library hold time
                                              0.855450   data required time
---------------------------------------------------------------------------------------------
                                              0.855450   data required time
                                             -1.633501   data arrival time
---------------------------------------------------------------------------------------------
                                              0.778051   slack (MET)


Startpoint: _71_ (rising edge-triggered flip-flop clocked by clk_i)
Endpoint: _72_ (rising edge-triggered flip-flop clocked by clk_i)
Path Group: clk_i
Path Type: min

Fanout         Cap        Slew       Delay        Time   Description
---------------------------------------------------------------------------------------------
                                  0.000000    0.000000   clock clk_i (rise edge)
                                  0.000000    0.000000   clock source latency
     1    0.025999    0.139597    0.064984    0.064984 ^ clk_i (in)
                                                         clk_i (net)
                      0.139598    0.000000    0.064984 ^ clkbuf_0_clk_i/I (gf180mcu_fd_sc_mcu7t5v0__clkbuf_16)
     2    0.046277    0.111875    0.250038    0.315022 ^ clkbuf_0_clk_i/Z (gf180mcu_fd_sc_mcu7t5v0__clkbuf_16)
                                                         clknet_0_clk_i (net)
                      0.111875    0.000090    0.315112 ^ clkbuf_1_0__f_clk_i/I (gf180mcu_fd_sc_mcu7t5v0__clkbuf_16)
     5    0.020079    0.088516    0.225752    0.540864 ^ clkbuf_1_0__f_clk_i/Z (gf180mcu_fd_sc_mcu7t5v0__clkbuf_16)
                                                         clknet_1_0__leaf_clk_i (net)
                      0.088516    0.000046    0.540910 ^ _71_/CLK (gf180mcu_fd_sc_mcu7t5v0__dffq_1)
     4    0.018973    0.240726    0.745675    1.286585 v _71_/Q (gf180mcu_fd_sc_mcu7t5v0__dffq_1)
                                                         net6 (net)
                      0.240726    0.000015    1.286600 v _54_/A1 (gf180mcu_fd_sc_mcu7t5v0__aoi21_1)
     1    0.004322    0.253697    0.213139    1.499739 ^ _54_/ZN (gf180mcu_fd_sc_mcu7t5v0__aoi21_1)
                                                         _25_ (net)
                      0.253697    0.000006    1.499745 ^ _56_/A2 (gf180mcu_fd_sc_mcu7t5v0__nor3_1)
     1    0.003773    0.180691    0.165386    1.665131 v _56_/ZN (gf180mcu_fd_sc_mcu7t5v0__nor3_1)
                                                         _04_ (net)
                      0.180691    0.000017    1.665148 v _72_/D (gf180mcu_fd_sc_mcu7t5v0__dffq_1)
                                              1.665148   data arrival time

                                  0.000000    0.000000   clock clk_i (rise edge)
                                  0.000000    0.000000   clock source latency
     1    0.025999    0.139597    0.064984    0.064984 ^ clk_i (in)
                                                         clk_i (net)
                      0.139598    0.000000    0.064984 ^ clkbuf_0_clk_i/I (gf180mcu_fd_sc_mcu7t5v0__clkbuf_16)
     2    0.046277    0.111875    0.250038    0.315022 ^ clkbuf_0_clk_i/Z (gf180mcu_fd_sc_mcu7t5v0__clkbuf_16)
                                                         clknet_0_clk_i (net)
                      0.111875    0.000090    0.315112 ^ clkbuf_1_0__f_clk_i/I (gf180mcu_fd_sc_mcu7t5v0__clkbuf_16)
     5    0.020079    0.088516    0.225752    0.540864 ^ clkbuf_1_0__f_clk_i/Z (gf180mcu_fd_sc_mcu7t5v0__clkbuf_16)
                                                         clknet_1_0__leaf_clk_i (net)
                      0.088516    0.000054    0.540918 ^ _72_/CLK (gf180mcu_fd_sc_mcu7t5v0__dffq_1)
                                  0.250000    0.790918   clock uncertainty
                                  0.000000    0.790918   clock reconvergence pessimism
                                  0.062874    0.853792   library hold time
                                              0.853792   data required time
---------------------------------------------------------------------------------------------
                                              0.853792   data required time
                                             -1.665148   data arrival time
---------------------------------------------------------------------------------------------
                                              0.811356   slack (MET)


Startpoint: _75_ (rising edge-triggered flip-flop clocked by clk_i)
Endpoint: _75_ (rising edge-triggered flip-flop clocked by clk_i)
Path Group: clk_i
Path Type: min

Fanout         Cap        Slew       Delay        Time   Description
---------------------------------------------------------------------------------------------
                                  0.000000    0.000000   clock clk_i (rise edge)
                                  0.000000    0.000000   clock source latency
     1    0.025999    0.139597    0.064984    0.064984 ^ clk_i (in)
                                                         clk_i (net)
                      0.139598    0.000000    0.064984 ^ clkbuf_0_clk_i/I (gf180mcu_fd_sc_mcu7t5v0__clkbuf_16)
     2    0.046277    0.111875    0.250038    0.315022 ^ clkbuf_0_clk_i/Z (gf180mcu_fd_sc_mcu7t5v0__clkbuf_16)
                                                         clknet_0_clk_i (net)
                      0.111875    0.000051    0.315073 ^ clkbuf_1_1__f_clk_i/I (gf180mcu_fd_sc_mcu7t5v0__clkbuf_16)
     5    0.020381    0.088791    0.225992    0.541064 ^ clkbuf_1_1__f_clk_i/Z (gf180mcu_fd_sc_mcu7t5v0__clkbuf_16)
                                                         clknet_1_1__leaf_clk_i (net)
                      0.088791    0.000116    0.541180 ^ _75_/CLK (gf180mcu_fd_sc_mcu7t5v0__dffq_1)
     2    0.008361    0.147739    0.674438    1.215619 v _75_/Q (gf180mcu_fd_sc_mcu7t5v0__dffq_1)
                                                         net10 (net)
                      0.147739    0.000019    1.215638 v _34_/I (gf180mcu_fd_sc_mcu7t5v0__clkinv_1)
     2    0.009307    0.201258    0.157072    1.372709 ^ _34_/ZN (gf180mcu_fd_sc_mcu7t5v0__clkinv_1)
                                                         _09_ (net)
                      0.201258    0.000049    1.372758 ^ _63_/B (gf180mcu_fd_sc_mcu7t5v0__oai31_1)
     1    0.003399    0.145491    0.128064    1.500822 v _63_/ZN (gf180mcu_fd_sc_mcu7t5v0__oai31_1)
                                                         _31_ (net)
                      0.145491    0.000008    1.500830 v _65_/A2 (gf180mcu_fd_sc_mcu7t5v0__and3_1)
     1    0.002834    0.120190    0.307772    1.808602 v _65_/Z (gf180mcu_fd_sc_mcu7t5v0__and3_1)
                                                         _07_ (net)
                      0.120190    0.000005    1.808607 v _75_/D (gf180mcu_fd_sc_mcu7t5v0__dffq_1)
                                              1.808607   data arrival time

                                  0.000000    0.000000   clock clk_i (rise edge)
                                  0.000000    0.000000   clock source latency
     1    0.025999    0.139597    0.064984    0.064984 ^ clk_i (in)
                                                         clk_i (net)
                      0.139598    0.000000    0.064984 ^ clkbuf_0_clk_i/I (gf180mcu_fd_sc_mcu7t5v0__clkbuf_16)
     2    0.046277    0.111875    0.250038    0.315022 ^ clkbuf_0_clk_i/Z (gf180mcu_fd_sc_mcu7t5v0__clkbuf_16)
                                                         clknet_0_clk_i (net)
                      0.111875    0.000051    0.315073 ^ clkbuf_1_1__f_clk_i/I (gf180mcu_fd_sc_mcu7t5v0__clkbuf_16)
     5    0.020381    0.088791    0.225992    0.541064 ^ clkbuf_1_1__f_clk_i/Z (gf180mcu_fd_sc_mcu7t5v0__clkbuf_16)
                                                         clknet_1_1__leaf_clk_i (net)
                      0.088791    0.000116    0.541180 ^ _75_/CLK (gf180mcu_fd_sc_mcu7t5v0__dffq_1)
                                  0.250000    0.791180   clock uncertainty
                                  0.000000    0.791180   clock reconvergence pessimism
                                  0.079230    0.870411   library hold time
                                              0.870411   data required time
---------------------------------------------------------------------------------------------
                                              0.870411   data required time
                                             -1.808607   data arrival time
---------------------------------------------------------------------------------------------
                                              0.938196   slack (MET)


Startpoint: _71_ (rising edge-triggered flip-flop clocked by clk_i)
Endpoint: _71_ (rising edge-triggered flip-flop clocked by clk_i)
Path Group: clk_i
Path Type: min

Fanout         Cap        Slew       Delay        Time   Description
---------------------------------------------------------------------------------------------
                                  0.000000    0.000000   clock clk_i (rise edge)
                                  0.000000    0.000000   clock source latency
     1    0.025999    0.139597    0.064984    0.064984 ^ clk_i (in)
                                                         clk_i (net)
                      0.139598    0.000000    0.064984 ^ clkbuf_0_clk_i/I (gf180mcu_fd_sc_mcu7t5v0__clkbuf_16)
     2    0.046277    0.111875    0.250038    0.315022 ^ clkbuf_0_clk_i/Z (gf180mcu_fd_sc_mcu7t5v0__clkbuf_16)
                                                         clknet_0_clk_i (net)
                      0.111875    0.000090    0.315112 ^ clkbuf_1_0__f_clk_i/I (gf180mcu_fd_sc_mcu7t5v0__clkbuf_16)
     5    0.020079    0.088516    0.225752    0.540864 ^ clkbuf_1_0__f_clk_i/Z (gf180mcu_fd_sc_mcu7t5v0__clkbuf_16)
                                                         clknet_1_0__leaf_clk_i (net)
                      0.088516    0.000046    0.540910 ^ _71_/CLK (gf180mcu_fd_sc_mcu7t5v0__dffq_1)
     4    0.018973    0.240726    0.745675    1.286585 v _71_/Q (gf180mcu_fd_sc_mcu7t5v0__dffq_1)
                                                         net6 (net)
                      0.240726    0.000006    1.286592 v _38_/I (gf180mcu_fd_sc_mcu7t5v0__clkinv_1)
     7    0.033654    0.602307    0.408501    1.695093 ^ _38_/ZN (gf180mcu_fd_sc_mcu7t5v0__clkinv_1)
                                                         _13_ (net)
                      0.602307    0.000046    1.695138 ^ _53_/A1 (gf180mcu_fd_sc_mcu7t5v0__aoi21_1)
     1    0.002805    0.184354    0.113129    1.808267 v _53_/ZN (gf180mcu_fd_sc_mcu7t5v0__aoi21_1)
                                                         _03_ (net)
                      0.184354    0.000004    1.808272 v _71_/D (gf180mcu_fd_sc_mcu7t5v0__dffq_1)
                                              1.808272   data arrival time

                                  0.000000    0.000000   clock clk_i (rise edge)
                                  0.000000    0.000000   clock source latency
     1    0.025999    0.139597    0.064984    0.064984 ^ clk_i (in)
                                                         clk_i (net)
                      0.139598    0.000000    0.064984 ^ clkbuf_0_clk_i/I (gf180mcu_fd_sc_mcu7t5v0__clkbuf_16)
     2    0.046277    0.111875    0.250038    0.315022 ^ clkbuf_0_clk_i/Z (gf180mcu_fd_sc_mcu7t5v0__clkbuf_16)
                                                         clknet_0_clk_i (net)
                      0.111875    0.000090    0.315112 ^ clkbuf_1_0__f_clk_i/I (gf180mcu_fd_sc_mcu7t5v0__clkbuf_16)
     5    0.020079    0.088516    0.225752    0.540864 ^ clkbuf_1_0__f_clk_i/Z (gf180mcu_fd_sc_mcu7t5v0__clkbuf_16)
                                                         clknet_1_0__leaf_clk_i (net)
                      0.088516    0.000046    0.540910 ^ _71_/CLK (gf180mcu_fd_sc_mcu7t5v0__dffq_1)
                                  0.250000    0.790910   clock uncertainty
                                  0.000000    0.790910   clock reconvergence pessimism
                                  0.061786    0.852696   library hold time
                                              0.852696   data required time
---------------------------------------------------------------------------------------------
                                              0.852696   data required time
                                             -1.808272   data arrival time
---------------------------------------------------------------------------------------------
                                              0.955576   slack (MET)


Startpoint: _73_ (rising edge-triggered flip-flop clocked by clk_i)
Endpoint: _73_ (rising edge-triggered flip-flop clocked by clk_i)
Path Group: clk_i
Path Type: min

Fanout         Cap        Slew       Delay        Time   Description
---------------------------------------------------------------------------------------------
                                  0.000000    0.000000   clock clk_i (rise edge)
                                  0.000000    0.000000   clock source latency
     1    0.025999    0.139597    0.064984    0.064984 ^ clk_i (in)
                                                         clk_i (net)
                      0.139598    0.000000    0.064984 ^ clkbuf_0_clk_i/I (gf180mcu_fd_sc_mcu7t5v0__clkbuf_16)
     2    0.046277    0.111875    0.250038    0.315022 ^ clkbuf_0_clk_i/Z (gf180mcu_fd_sc_mcu7t5v0__clkbuf_16)
                                                         clknet_0_clk_i (net)
                      0.111875    0.000051    0.315073 ^ clkbuf_1_1__f_clk_i/I (gf180mcu_fd_sc_mcu7t5v0__clkbuf_16)
     5    0.020381    0.088791    0.225992    0.541064 ^ clkbuf_1_1__f_clk_i/Z (gf180mcu_fd_sc_mcu7t5v0__clkbuf_16)
                                                         clknet_1_1__leaf_clk_i (net)
                      0.088791    0.000102    0.541167 ^ _73_/CLK (gf180mcu_fd_sc_mcu7t5v0__dffq_1)
     4    0.017420    0.227120    0.735307    1.276473 v _73_/Q (gf180mcu_fd_sc_mcu7t5v0__dffq_1)
                                                         net8 (net)
                      0.227120    0.000049    1.276522 v _36_/I (gf180mcu_fd_sc_mcu7t5v0__clkinv_1)
     1    0.004772    0.151509    0.132505    1.409027 ^ _36_/ZN (gf180mcu_fd_sc_mcu7t5v0__clkinv_1)
                                                         _11_ (net)
                      0.151509    0.000002    1.409029 ^ _57_/B (gf180mcu_fd_sc_mcu7t5v0__oai31_1)
     1    0.003167    0.129900    0.121281    1.530310 v _57_/ZN (gf180mcu_fd_sc_mcu7t5v0__oai31_1)
                                                         _27_ (net)
                      0.129900    0.000005    1.530315 v _59_/A2 (gf180mcu_fd_sc_mcu7t5v0__and3_1)
     1    0.003076    0.122556    0.305823    1.836138 v _59_/Z (gf180mcu_fd_sc_mcu7t5v0__and3_1)
                                                         _05_ (net)
                      0.122556    0.000008    1.836146 v _73_/D (gf180mcu_fd_sc_mcu7t5v0__dffq_1)
                                              1.836146   data arrival time

                                  0.000000    0.000000   clock clk_i (rise edge)
                                  0.000000    0.000000   clock source latency
     1    0.025999    0.139597    0.064984    0.064984 ^ clk_i (in)
                                                         clk_i (net)
                      0.139598    0.000000    0.064984 ^ clkbuf_0_clk_i/I (gf180mcu_fd_sc_mcu7t5v0__clkbuf_16)
     2    0.046277    0.111875    0.250038    0.315022 ^ clkbuf_0_clk_i/Z (gf180mcu_fd_sc_mcu7t5v0__clkbuf_16)
                                                         clknet_0_clk_i (net)
                      0.111875    0.000051    0.315073 ^ clkbuf_1_1__f_clk_i/I (gf180mcu_fd_sc_mcu7t5v0__clkbuf_16)
     5    0.020381    0.088791    0.225992    0.541064 ^ clkbuf_1_1__f_clk_i/Z (gf180mcu_fd_sc_mcu7t5v0__clkbuf_16)
                                                         clknet_1_1__leaf_clk_i (net)
                      0.088791    0.000102    0.541167 ^ _73_/CLK (gf180mcu_fd_sc_mcu7t5v0__dffq_1)
                                  0.250000    0.791167   clock uncertainty
                                  0.000000    0.791167   clock reconvergence pessimism
                                  0.078694    0.869861   library hold time
                                              0.869861   data required time
---------------------------------------------------------------------------------------------
                                              0.869861   data required time
                                             -1.836146   data arrival time
---------------------------------------------------------------------------------------------
                                              0.966286   slack (MET)


Startpoint: _75_ (rising edge-triggered flip-flop clocked by clk_i)
Endpoint: count_o[7] (output port clocked by clk_i)
Path Group: clk_i
Path Type: min

Fanout         Cap        Slew       Delay        Time   Description
---------------------------------------------------------------------------------------------
                                  0.000000    0.000000   clock clk_i (rise edge)
                                  0.000000    0.000000   clock source latency
     1    0.025999    0.139597    0.064984    0.064984 ^ clk_i (in)
                                                         clk_i (net)
                      0.139598    0.000000    0.064984 ^ clkbuf_0_clk_i/I (gf180mcu_fd_sc_mcu7t5v0__clkbuf_16)
     2    0.046277    0.111875    0.250038    0.315022 ^ clkbuf_0_clk_i/Z (gf180mcu_fd_sc_mcu7t5v0__clkbuf_16)
                                                         clknet_0_clk_i (net)
                      0.111875    0.000051    0.315073 ^ clkbuf_1_1__f_clk_i/I (gf180mcu_fd_sc_mcu7t5v0__clkbuf_16)
     5    0.020381    0.088791    0.225992    0.541064 ^ clkbuf_1_1__f_clk_i/Z (gf180mcu_fd_sc_mcu7t5v0__clkbuf_16)
                                                         clknet_1_1__leaf_clk_i (net)
                      0.088791    0.000116    0.541180 ^ _75_/CLK (gf180mcu_fd_sc_mcu7t5v0__dffq_1)
     2    0.008361    0.147739    0.674438    1.215619 v _75_/Q (gf180mcu_fd_sc_mcu7t5v0__dffq_1)
                                                         net10 (net)
                      0.147739    0.000019    1.215638 v output10/I (gf180mcu_fd_sc_mcu7t5v0__dlyb_1)
     1    0.073373    0.831304    1.489221    2.704859 v output10/Z (gf180mcu_fd_sc_mcu7t5v0__dlyb_1)
                                                         count_o[7] (net)
                      0.831304    0.000150    2.705009 v count_o[7] (out)
                                              2.705009   data arrival time

                                  0.000000    0.000000   clock clk_i (rise edge)
                                  0.000000    0.000000   clock network delay (propagated)
                                  0.250000    0.250000   clock uncertainty
                                  0.000000    0.250000   clock reconvergence pessimism
                                 -5.000000   -4.750000   output external delay
                                             -4.750000   data required time
---------------------------------------------------------------------------------------------
                                             -4.750000   data required time
                                             -2.705009   data arrival time
---------------------------------------------------------------------------------------------
                                              7.455009   slack (MET)


Startpoint: _76_ (rising edge-triggered flip-flop clocked by clk_i)
Endpoint: ovf_o (output port clocked by clk_i)
Path Group: clk_i
Path Type: min

Fanout         Cap        Slew       Delay        Time   Description
---------------------------------------------------------------------------------------------
                                  0.000000    0.000000   clock clk_i (rise edge)
                                  0.000000    0.000000   clock source latency
     1    0.025999    0.139597    0.064984    0.064984 ^ clk_i (in)
                                                         clk_i (net)
                      0.139598    0.000000    0.064984 ^ clkbuf_0_clk_i/I (gf180mcu_fd_sc_mcu7t5v0__clkbuf_16)
     2    0.046277    0.111875    0.250038    0.315022 ^ clkbuf_0_clk_i/Z (gf180mcu_fd_sc_mcu7t5v0__clkbuf_16)
                                                         clknet_0_clk_i (net)
                      0.111875    0.000051    0.315073 ^ clkbuf_1_1__f_clk_i/I (gf180mcu_fd_sc_mcu7t5v0__clkbuf_16)
     5    0.020381    0.088791    0.225992    0.541064 ^ clkbuf_1_1__f_clk_i/Z (gf180mcu_fd_sc_mcu7t5v0__clkbuf_16)
                                                         clknet_1_1__leaf_clk_i (net)
                      0.088791    0.000126    0.541190 ^ _76_/CLK (gf180mcu_fd_sc_mcu7t5v0__dffq_1)
     2    0.009271    0.155736    0.680623    1.221813 v _76_/Q (gf180mcu_fd_sc_mcu7t5v0__dffq_1)
                                                         net11 (net)
                      0.155736    0.000011    1.221825 v output11/I (gf180mcu_fd_sc_mcu7t5v0__dlyb_1)
     1    0.073450    0.831991    1.492565    2.714390 v output11/Z (gf180mcu_fd_sc_mcu7t5v0__dlyb_1)
                                                         ovf_o (net)
                      0.831991    0.000172    2.714562 v ovf_o (out)
                                              2.714562   data arrival time

                                  0.000000    0.000000   clock clk_i (rise edge)
                                  0.000000    0.000000   clock network delay (propagated)
                                  0.250000    0.250000   clock uncertainty
                                  0.000000    0.250000   clock reconvergence pessimism
                                 -5.000000   -4.750000   output external delay
                                             -4.750000   data required time
---------------------------------------------------------------------------------------------
                                             -4.750000   data required time
                                             -2.714562   data arrival time
---------------------------------------------------------------------------------------------
                                              7.464562   slack (MET)


Startpoint: _74_ (rising edge-triggered flip-flop clocked by clk_i)
Endpoint: count_o[6] (output port clocked by clk_i)
Path Group: clk_i
Path Type: min

Fanout         Cap        Slew       Delay        Time   Description
---------------------------------------------------------------------------------------------
                                  0.000000    0.000000   clock clk_i (rise edge)
                                  0.000000    0.000000   clock source latency
     1    0.025999    0.139597    0.064984    0.064984 ^ clk_i (in)
                                                         clk_i (net)
                      0.139598    0.000000    0.064984 ^ clkbuf_0_clk_i/I (gf180mcu_fd_sc_mcu7t5v0__clkbuf_16)
     2    0.046277    0.111875    0.250038    0.315022 ^ clkbuf_0_clk_i/Z (gf180mcu_fd_sc_mcu7t5v0__clkbuf_16)
                                                         clknet_0_clk_i (net)
                      0.111875    0.000051    0.315073 ^ clkbuf_1_1__f_clk_i/I (gf180mcu_fd_sc_mcu7t5v0__clkbuf_16)
     5    0.020381    0.088791    0.225992    0.541064 ^ clkbuf_1_1__f_clk_i/Z (gf180mcu_fd_sc_mcu7t5v0__clkbuf_16)
                                                         clknet_1_1__leaf_clk_i (net)
                      0.088791    0.000109    0.541173 ^ _74_/CLK (gf180mcu_fd_sc_mcu7t5v0__dffq_1)
     3    0.013343    0.191402    0.707946    1.249119 v _74_/Q (gf180mcu_fd_sc_mcu7t5v0__dffq_1)
                                                         net9 (net)
                      0.191402    0.000044    1.249163 v output9/I (gf180mcu_fd_sc_mcu7t5v0__dlyb_1)
     1    0.073359    0.831171    1.504789    2.753952 v output9/Z (gf180mcu_fd_sc_mcu7t5v0__dlyb_1)
                                                         count_o[6] (net)
                      0.831171    0.000146    2.754098 v count_o[6] (out)
                                              2.754098   data arrival time

                                  0.000000    0.000000   clock clk_i (rise edge)
                                  0.000000    0.000000   clock network delay (propagated)
                                  0.250000    0.250000   clock uncertainty
                                  0.000000    0.250000   clock reconvergence pessimism
                                 -5.000000   -4.750000   output external delay
                                             -4.750000   data required time
---------------------------------------------------------------------------------------------
                                             -4.750000   data required time
                                             -2.754098   data arrival time
---------------------------------------------------------------------------------------------
                                              7.504098   slack (MET)


Startpoint: _70_ (rising edge-triggered flip-flop clocked by clk_i)
Endpoint: count_o[2] (output port clocked by clk_i)
Path Group: clk_i
Path Type: min

Fanout         Cap        Slew       Delay        Time   Description
---------------------------------------------------------------------------------------------
                                  0.000000    0.000000   clock clk_i (rise edge)
                                  0.000000    0.000000   clock source latency
     1    0.025999    0.139597    0.064984    0.064984 ^ clk_i (in)
                                                         clk_i (net)
                      0.139598    0.000000    0.064984 ^ clkbuf_0_clk_i/I (gf180mcu_fd_sc_mcu7t5v0__clkbuf_16)
     2    0.046277    0.111875    0.250038    0.315022 ^ clkbuf_0_clk_i/Z (gf180mcu_fd_sc_mcu7t5v0__clkbuf_16)
                                                         clknet_0_clk_i (net)
                      0.111875    0.000090    0.315112 ^ clkbuf_1_0__f_clk_i/I (gf180mcu_fd_sc_mcu7t5v0__clkbuf_16)
     5    0.020079    0.088516    0.225752    0.540864 ^ clkbuf_1_0__f_clk_i/Z (gf180mcu_fd_sc_mcu7t5v0__clkbuf_16)
                                                         clknet_1_0__leaf_clk_i (net)
                      0.088516    0.000016    0.540881 ^ _70_/CLK (gf180mcu_fd_sc_mcu7t5v0__dffq_1)
     4    0.017182    0.225032    0.733653    1.274533 v _70_/Q (gf180mcu_fd_sc_mcu7t5v0__dffq_1)
                                                         net5 (net)
                      0.225032    0.000023    1.274557 v output5/I (gf180mcu_fd_sc_mcu7t5v0__dlyb_1)
     1    0.073448    0.831960    1.517398    2.791955 v output5/Z (gf180mcu_fd_sc_mcu7t5v0__dlyb_1)
                                                         count_o[2] (net)
                      0.831960    0.000171    2.792125 v count_o[2] (out)
                                              2.792125   data arrival time

                                  0.000000    0.000000   clock clk_i (rise edge)
                                  0.000000    0.000000   clock network delay (propagated)
                                  0.250000    0.250000   clock uncertainty
                                  0.000000    0.250000   clock reconvergence pessimism
                                 -5.000000   -4.750000   output external delay
                                             -4.750000   data required time
---------------------------------------------------------------------------------------------
                                             -4.750000   data required time
                                             -2.792125   data arrival time
---------------------------------------------------------------------------------------------
                                              7.542125   slack (MET)


Startpoint: _73_ (rising edge-triggered flip-flop clocked by clk_i)
Endpoint: count_o[5] (output port clocked by clk_i)
Path Group: clk_i
Path Type: min

Fanout         Cap        Slew       Delay        Time   Description
---------------------------------------------------------------------------------------------
                                  0.000000    0.000000   clock clk_i (rise edge)
                                  0.000000    0.000000   clock source latency
     1    0.025999    0.139597    0.064984    0.064984 ^ clk_i (in)
                                                         clk_i (net)
                      0.139598    0.000000    0.064984 ^ clkbuf_0_clk_i/I (gf180mcu_fd_sc_mcu7t5v0__clkbuf_16)
     2    0.046277    0.111875    0.250038    0.315022 ^ clkbuf_0_clk_i/Z (gf180mcu_fd_sc_mcu7t5v0__clkbuf_16)
                                                         clknet_0_clk_i (net)
                      0.111875    0.000051    0.315073 ^ clkbuf_1_1__f_clk_i/I (gf180mcu_fd_sc_mcu7t5v0__clkbuf_16)
     5    0.020381    0.088791    0.225992    0.541064 ^ clkbuf_1_1__f_clk_i/Z (gf180mcu_fd_sc_mcu7t5v0__clkbuf_16)
                                                         clknet_1_1__leaf_clk_i (net)
                      0.088791    0.000102    0.541167 ^ _73_/CLK (gf180mcu_fd_sc_mcu7t5v0__dffq_1)
     4    0.017420    0.227120    0.735307    1.276473 v _73_/Q (gf180mcu_fd_sc_mcu7t5v0__dffq_1)
                                                         net8 (net)
                      0.227120    0.000007    1.276481 v output8/I (gf180mcu_fd_sc_mcu7t5v0__dlyb_1)
     1    0.073192    0.829666    1.516554    2.793035 v output8/Z (gf180mcu_fd_sc_mcu7t5v0__dlyb_1)
                                                         count_o[5] (net)
                      0.829666    0.000097    2.793132 v count_o[5] (out)
                                              2.793132   data arrival time

                                  0.000000    0.000000   clock clk_i (rise edge)
                                  0.000000    0.000000   clock network delay (propagated)
                                  0.250000    0.250000   clock uncertainty
                                  0.000000    0.250000   clock reconvergence pessimism
                                 -5.000000   -4.750000   output external delay
                                             -4.750000   data required time
---------------------------------------------------------------------------------------------
                                             -4.750000   data required time
                                             -2.793132   data arrival time
---------------------------------------------------------------------------------------------
                                              7.543133   slack (MET)


Startpoint: _71_ (rising edge-triggered flip-flop clocked by clk_i)
Endpoint: count_o[3] (output port clocked by clk_i)
Path Group: clk_i
Path Type: min

Fanout         Cap        Slew       Delay        Time   Description
---------------------------------------------------------------------------------------------
                                  0.000000    0.000000   clock clk_i (rise edge)
                                  0.000000    0.000000   clock source latency
     1    0.025999    0.139597    0.064984    0.064984 ^ clk_i (in)
                                                         clk_i (net)
                      0.139598    0.000000    0.064984 ^ clkbuf_0_clk_i/I (gf180mcu_fd_sc_mcu7t5v0__clkbuf_16)
     2    0.046277    0.111875    0.250038    0.315022 ^ clkbuf_0_clk_i/Z (gf180mcu_fd_sc_mcu7t5v0__clkbuf_16)
                                                         clknet_0_clk_i (net)
                      0.111875    0.000090    0.315112 ^ clkbuf_1_0__f_clk_i/I (gf180mcu_fd_sc_mcu7t5v0__clkbuf_16)
     5    0.020079    0.088516    0.225752    0.540864 ^ clkbuf_1_0__f_clk_i/Z (gf180mcu_fd_sc_mcu7t5v0__clkbuf_16)
                                                         clknet_1_0__leaf_clk_i (net)
                      0.088516    0.000046    0.540910 ^ _71_/CLK (gf180mcu_fd_sc_mcu7t5v0__dffq_1)
     4    0.018973    0.240726    0.745675    1.286585 v _71_/Q (gf180mcu_fd_sc_mcu7t5v0__dffq_1)
                                                         net6 (net)
                      0.240726    0.000048    1.286633 v output6/I (gf180mcu_fd_sc_mcu7t5v0__dlyb_1)
     1    0.073699    0.834204    1.524585    2.811218 v output6/Z (gf180mcu_fd_sc_mcu7t5v0__dlyb_1)
                                                         count_o[3] (net)
                      0.834204    0.000233    2.811451 v count_o[3] (out)
                                              2.811451   data arrival time

                                  0.000000    0.000000   clock clk_i (rise edge)
                                  0.000000    0.000000   clock network delay (propagated)
                                  0.250000    0.250000   clock uncertainty
                                  0.000000    0.250000   clock reconvergence pessimism
                                 -5.000000   -4.750000   output external delay
                                             -4.750000   data required time
---------------------------------------------------------------------------------------------
                                             -4.750000   data required time
                                             -2.811451   data arrival time
---------------------------------------------------------------------------------------------
                                              7.561451   slack (MET)


Startpoint: _69_ (rising edge-triggered flip-flop clocked by clk_i)
Endpoint: count_o[1] (output port clocked by clk_i)
Path Group: clk_i
Path Type: min

Fanout         Cap        Slew       Delay        Time   Description
---------------------------------------------------------------------------------------------
                                  0.000000    0.000000   clock clk_i (rise edge)
                                  0.000000    0.000000   clock source latency
     1    0.025999    0.139597    0.064984    0.064984 ^ clk_i (in)
                                                         clk_i (net)
                      0.139598    0.000000    0.064984 ^ clkbuf_0_clk_i/I (gf180mcu_fd_sc_mcu7t5v0__clkbuf_16)
     2    0.046277    0.111875    0.250038    0.315022 ^ clkbuf_0_clk_i/Z (gf180mcu_fd_sc_mcu7t5v0__clkbuf_16)
                                                         clknet_0_clk_i (net)
                      0.111875    0.000090    0.315112 ^ clkbuf_1_0__f_clk_i/I (gf180mcu_fd_sc_mcu7t5v0__clkbuf_16)
     5    0.020079    0.088516    0.225752    0.540864 ^ clkbuf_1_0__f_clk_i/Z (gf180mcu_fd_sc_mcu7t5v0__clkbuf_16)
                                                         clknet_1_0__leaf_clk_i (net)
                      0.088516    0.000036    0.540900 ^ _69_/CLK (gf180mcu_fd_sc_mcu7t5v0__dffq_1)
     5    0.020923    0.258301    0.757839    1.298739 v _69_/Q (gf180mcu_fd_sc_mcu7t5v0__dffq_1)
                                                         net4 (net)
                      0.258301    0.000066    1.298805 v output4/I (gf180mcu_fd_sc_mcu7t5v0__dlyb_1)
     1    0.073720    0.834381    1.531012    2.829818 v output4/Z (gf180mcu_fd_sc_mcu7t5v0__dlyb_1)
                                                         count_o[1] (net)
                      0.834381    0.000250    2.830068 v count_o[1] (out)
                                              2.830068   data arrival time

                                  0.000000    0.000000   clock clk_i (rise edge)
                                  0.000000    0.000000   clock network delay (propagated)
                                  0.250000    0.250000   clock uncertainty
                                  0.000000    0.250000   clock reconvergence pessimism
                                 -5.000000   -4.750000   output external delay
                                             -4.750000   data required time
---------------------------------------------------------------------------------------------
                                             -4.750000   data required time
                                             -2.830068   data arrival time
---------------------------------------------------------------------------------------------
                                              7.580068   slack (MET)


Startpoint: _72_ (rising edge-triggered flip-flop clocked by clk_i)
Endpoint: count_o[4] (output port clocked by clk_i)
Path Group: clk_i
Path Type: min

Fanout         Cap        Slew       Delay        Time   Description
---------------------------------------------------------------------------------------------
                                  0.000000    0.000000   clock clk_i (rise edge)
                                  0.000000    0.000000   clock source latency
     1    0.025999    0.139597    0.064984    0.064984 ^ clk_i (in)
                                                         clk_i (net)
                      0.139598    0.000000    0.064984 ^ clkbuf_0_clk_i/I (gf180mcu_fd_sc_mcu7t5v0__clkbuf_16)
     2    0.046277    0.111875    0.250038    0.315022 ^ clkbuf_0_clk_i/Z (gf180mcu_fd_sc_mcu7t5v0__clkbuf_16)
                                                         clknet_0_clk_i (net)
                      0.111875    0.000090    0.315112 ^ clkbuf_1_0__f_clk_i/I (gf180mcu_fd_sc_mcu7t5v0__clkbuf_16)
     5    0.020079    0.088516    0.225752    0.540864 ^ clkbuf_1_0__f_clk_i/Z (gf180mcu_fd_sc_mcu7t5v0__clkbuf_16)
                                                         clknet_1_0__leaf_clk_i (net)
                      0.088516    0.000054    0.540918 ^ _72_/CLK (gf180mcu_fd_sc_mcu7t5v0__dffq_1)
     5    0.023389    0.280722    0.772839    1.313757 v _72_/Q (gf180mcu_fd_sc_mcu7t5v0__dffq_1)
                                                         net7 (net)
                      0.280722    0.000032    1.313788 v output7/I (gf180mcu_fd_sc_mcu7t5v0__dlyb_1)
     1    0.073442    0.831887    1.537321    2.851109 v output7/Z (gf180mcu_fd_sc_mcu7t5v0__dlyb_1)
                                                         count_o[4] (net)
                      0.831887    0.000158    2.851267 v count_o[4] (out)
                                              2.851267   data arrival time

                                  0.000000    0.000000   clock clk_i (rise edge)
                                  0.000000    0.000000   clock network delay (propagated)
                                  0.250000    0.250000   clock uncertainty
                                  0.000000    0.250000   clock reconvergence pessimism
                                 -5.000000   -4.750000   output external delay
                                             -4.750000   data required time
---------------------------------------------------------------------------------------------
                                             -4.750000   data required time
                                             -2.851267   data arrival time
---------------------------------------------------------------------------------------------
                                              7.601267   slack (MET)


Startpoint: _68_ (rising edge-triggered flip-flop clocked by clk_i)
Endpoint: count_o[0] (output port clocked by clk_i)
Path Group: clk_i
Path Type: min

Fanout         Cap        Slew       Delay        Time   Description
---------------------------------------------------------------------------------------------
                                  0.000000    0.000000   clock clk_i (rise edge)
                                  0.000000    0.000000   clock source latency
     1    0.025999    0.139597    0.064984    0.064984 ^ clk_i (in)
                                                         clk_i (net)
                      0.139598    0.000000    0.064984 ^ clkbuf_0_clk_i/I (gf180mcu_fd_sc_mcu7t5v0__clkbuf_16)
     2    0.046277    0.111875    0.250038    0.315022 ^ clkbuf_0_clk_i/Z (gf180mcu_fd_sc_mcu7t5v0__clkbuf_16)
                                                         clknet_0_clk_i (net)
                      0.111875    0.000090    0.315112 ^ clkbuf_1_0__f_clk_i/I (gf180mcu_fd_sc_mcu7t5v0__clkbuf_16)
     5    0.020079    0.088516    0.225752    0.540864 ^ clkbuf_1_0__f_clk_i/Z (gf180mcu_fd_sc_mcu7t5v0__clkbuf_16)
                                                         clknet_1_0__leaf_clk_i (net)
                      0.088516    0.000029    0.540893 ^ _68_/CLK (gf180mcu_fd_sc_mcu7t5v0__dffq_1)
     7    0.033739    0.374860    0.835821    1.376715 v _68_/Q (gf180mcu_fd_sc_mcu7t5v0__dffq_1)
                                                         net3 (net)
                      0.374860    0.000079    1.376794 v output3/I (gf180mcu_fd_sc_mcu7t5v0__dlyb_1)
     1    0.073579    0.833213    1.571945    2.948739 v output3/Z (gf180mcu_fd_sc_mcu7t5v0__dlyb_1)
                                                         count_o[0] (net)
                      0.833213    0.000200    2.948939 v count_o[0] (out)
                                              2.948939   data arrival time

                                  0.000000    0.000000   clock clk_i (rise edge)
                                  0.000000    0.000000   clock network delay (propagated)
                                  0.250000    0.250000   clock uncertainty
                                  0.000000    0.250000   clock reconvergence pessimism
                                 -5.000000   -4.750000   output external delay
                                             -4.750000   data required time
---------------------------------------------------------------------------------------------
                                             -4.750000   data required time
                                             -2.948939   data arrival time
---------------------------------------------------------------------------------------------
                                              7.698938   slack (MET)



