+ analyze_power_grid -net VDD -voltage_file /home/windyphony/heichips25-workshop/exercise_4/counter_8bit/runs/RUN_2026-05-11_21-45-40/56-openroad-irdropreport/net-VDD.csv
[INFO PSM-0040] All shapes on net VDD are connected.
########## IR report #################
Net              : VDD
Corner           : nom_tt_025C_5v00
Total power      : 7.43e-04 W
Supply voltage   : 5.00e+00 V
Worstcase voltage: 5.00e+00 V
Average voltage  : 5.00e+00 V
Average IR drop  : 6.66e-05 V
Worstcase IR drop: 4.35e-04 V
Percentage drop  : 0.01 %
######################################
+ analyze_power_grid -net VSS -voltage_file /home/windyphony/heichips25-workshop/exercise_4/counter_8bit/runs/RUN_2026-05-11_21-45-40/56-openroad-irdropreport/net-VSS.csv
[INFO PSM-0040] All shapes on net VSS are connected.
########## IR report #################
Net              : VSS
Corner           : nom_tt_025C_5v00
Total power      : 7.43e-04 W
Supply voltage   : 0.00e+00 V
Worstcase voltage: 3.37e-04 V
Average voltage  : 6.22e-05 V
Average IR drop  : 6.22e-05 V
Worstcase IR drop: 3.37e-04 V
Percentage drop  : 0.01 %
######################################
