94. Printing statistics.

=== counter_8bit ===

        +----------Local Count, excluding submodules.
        |        +-Local Area, excluding submodules.
        |        | 
       36        - wires
       67        - wire bits
        5        - public wires
       12        - public wire bits
        5        - ports
       12        - port bits
       46  572.947 cells
        3        -   $_ANDNOT_
        4        -   $_AND_
       17        -   $_MUX_
        3        -   $_NAND_
        1        -   $_NOT_
        1        -   $_ORNOT_
        1        -   $_OR_
        1        -   $_XNOR_
        6        -   $_XOR_
        9  572.947   gf180mcu_fd_sc_mcu7t5v0__dffq_1

   Area for cell type $_ANDNOT_ is unknown!
   Area for cell type $_AND_ is unknown!
   Area for cell type $_MUX_ is unknown!
   Area for cell type $_NAND_ is unknown!
   Area for cell type $_NOT_ is unknown!
   Area for cell type $_ORNOT_ is unknown!
   Area for cell type $_OR_ is unknown!
   Area for cell type $_XNOR_ is unknown!
   Area for cell type $_XOR_ is unknown!

   Chip area for module '\counter_8bit': 572.947200
     of which used for sequential elements: 572.947200 (100.00%)

