92. Printing statistics.

=== counter_8bit ===

        +----------Local Count, excluding submodules.
        | 
       19 wires
       50 wire bits
        5 public wires
       12 public wire bits
        5 ports
       12 port bits
       29 cells
        3   $_ANDNOT_
        4   $_AND_
        1   $_DFFE_PP_
        3   $_NAND_
        1   $_NOT_
        1   $_ORNOT_
        1   $_OR_
        8   $_SDFFE_PN0P_
        1   $_XNOR_
        6   $_XOR_

   Area for cell type $_ANDNOT_ is unknown!
   Area for cell type $_AND_ is unknown!
   Area for cell type $_DFFE_PP_ is unknown!
   Area for cell type $_NAND_ is unknown!
   Area for cell type $_NOT_ is unknown!
   Area for cell type $_ORNOT_ is unknown!
   Area for cell type $_OR_ is unknown!
   Area for cell type $_SDFFE_PN0P_ is unknown!
   Area for cell type $_XNOR_ is unknown!
   Area for cell type $_XOR_ is unknown!

