
===========================================================================
report_checks -unconstrained
===========================================================================
======================= nom_tt_025C_5v00 Corner ===================================

Startpoint: en_i (input port clocked by clk_i)
Endpoint: _75_ (rising edge-triggered flip-flop clocked by clk_i)
Path Group: clk_i
Path Type: max

Fanout         Cap        Slew       Delay        Time   Description
---------------------------------------------------------------------------------------------
                                  0.000000    0.000000   clock clk_i (rise edge)
                                  0.000000    0.000000   clock network delay (propagated)
                                  5.000000    5.000000 ^ input external delay
     1    0.004221    0.117245    0.041938    5.041938 ^ en_i (in)
                                                         en_i (net)
                      0.117245    0.000000    5.041938 ^ input1/I (gf180mcu_fd_sc_mcu7t5v0__dlyb_1)
     6    0.035855    0.630715    1.167706    6.209644 ^ input1/Z (gf180mcu_fd_sc_mcu7t5v0__dlyb_1)
                                                         net1 (net)
                      0.630720    0.000995    6.210639 ^ _49_/A1 (gf180mcu_fd_sc_mcu7t5v0__nand4_1)
     8    0.043713    1.205670    0.799723    7.010362 v _49_/ZN (gf180mcu_fd_sc_mcu7t5v0__nand4_1)
                                                         _22_ (net)
                      1.205670    0.000814    7.011176 v _64_/A3 (gf180mcu_fd_sc_mcu7t5v0__or4_1)
     2    0.009496    0.340748    1.103755    8.114931 v _64_/Z (gf180mcu_fd_sc_mcu7t5v0__or4_1)
                                                         _32_ (net)
                      0.340748    0.000075    8.115005 v _65_/A3 (gf180mcu_fd_sc_mcu7t5v0__and3_1)
     1    0.003001    0.128057    0.387719    8.502725 v _65_/Z (gf180mcu_fd_sc_mcu7t5v0__and3_1)
                                                         _07_ (net)
                      0.128057    0.000030    8.502755 v _75_/D (gf180mcu_fd_sc_mcu7t5v0__dffq_1)
                                              8.502755   data arrival time

                                 25.000000   25.000000   clock clk_i (rise edge)
                                  0.000000   25.000000   clock source latency
     1    0.027845    0.146915    0.069642   25.069641 ^ clk_i (in)
                                                         clk_i (net)
                      0.146917    0.000000   25.069641 ^ clkbuf_0_clk_i/I (gf180mcu_fd_sc_mcu7t5v0__clkbuf_16)
     2    0.050080    0.115118    0.253767   25.323408 ^ clkbuf_0_clk_i/Z (gf180mcu_fd_sc_mcu7t5v0__clkbuf_16)
                                                         clknet_0_clk_i (net)
                      0.115122    0.001162   25.324570 ^ clkbuf_1_1__f_clk_i/I (gf180mcu_fd_sc_mcu7t5v0__clkbuf_16)
     5    0.023732    0.091851    0.229361   25.553932 ^ clkbuf_1_1__f_clk_i/Z (gf180mcu_fd_sc_mcu7t5v0__clkbuf_16)
                                                         clknet_1_1__leaf_clk_i (net)
                      0.091851    0.000556   25.554487 ^ _75_/CLK (gf180mcu_fd_sc_mcu7t5v0__dffq_1)
                                 -0.250000   25.304487   clock uncertainty
                                  0.000000   25.304487   clock reconvergence pessimism
                                 -0.237727   25.066761   library setup time
                                             25.066761   data required time
---------------------------------------------------------------------------------------------
                                             25.066761   data required time
                                             -8.502755   data arrival time
---------------------------------------------------------------------------------------------
                                             16.564005   slack (MET)




===========================================================================
report_checks --slack_max -0.01
============================================================================
======================= nom_tt_025C_5v00 Corner ===================================

No paths found.


===========================================================================
 report_check_types -max_slew -max_cap -max_fanout -violators
============================================================================
======================= nom_tt_025C_5v00 Corner ===================================



===========================================================================
report_parasitic_annotation -report_unannotated
============================================================================
Found 1 unannotated drivers.
 clkload0/Z
Found 0 partially unannotated drivers.

===========================================================================
max slew violation count 0
Writing metric design__max_slew_violation__count__corner:nom_tt_025C_5v00: 0
max fanout violation count 0
Writing metric design__max_fanout_violation__count__corner:nom_tt_025C_5v00: 0
max cap violation count 0
Writing metric design__max_cap_violation__count__corner:nom_tt_025C_5v00: 0
============================================================================

===========================================================================
check_setup -verbose -unconstrained_endpoints -multiple_clock -no_clock -no_input_delay -loops -generated_clocks
===========================================================================
