
===========================================================================
report_checks -unconstrained
===========================================================================
======================= nom_ss_125C_4v50 Corner ===================================

Startpoint: en_i (input port clocked by clk_i)
Endpoint: _75_ (rising edge-triggered flip-flop clocked by clk_i)
Path Group: clk_i
Path Type: max

Fanout         Cap        Slew       Delay        Time   Description
---------------------------------------------------------------------------------------------
                                  0.000000    0.000000   clock clk_i (rise edge)
                                  0.000000    0.000000   clock network delay (propagated)
                                  5.000000    5.000000 ^ input external delay
     1    0.003502    0.186610    0.056543    5.056543 ^ en_i (in)
                                                         en_i (net)
                      0.186610    0.000000    5.056543 ^ input1/I (gf180mcu_fd_sc_mcu7t5v0__dlyb_1)
     6    0.039636    1.183194    2.246315    7.302858 ^ input1/Z (gf180mcu_fd_sc_mcu7t5v0__dlyb_1)
                                                         net1 (net)
                      1.183194    0.001084    7.303942 ^ _49_/A1 (gf180mcu_fd_sc_mcu7t5v0__nand4_1)
     8    0.047414    2.427346    1.612468    8.916409 v _49_/ZN (gf180mcu_fd_sc_mcu7t5v0__nand4_1)
                                                         _22_ (net)
                      2.427346    0.001288    8.917697 v _64_/A3 (gf180mcu_fd_sc_mcu7t5v0__or4_1)
     2    0.008753    0.612911    2.159386   11.077083 v _64_/Z (gf180mcu_fd_sc_mcu7t5v0__or4_1)
                                                         _32_ (net)
                      0.612911    0.000060   11.077143 v _65_/A3 (gf180mcu_fd_sc_mcu7t5v0__and3_1)
     1    0.002961    0.225295    0.711887   11.789030 v _65_/Z (gf180mcu_fd_sc_mcu7t5v0__and3_1)
                                                         _07_ (net)
                      0.225295    0.000029   11.789059 v _75_/D (gf180mcu_fd_sc_mcu7t5v0__dffq_1)
                                             11.789059   data arrival time

                                 25.000000   25.000000   clock clk_i (rise edge)
                                  0.000000   25.000000   clock source latency
     1    0.029393    0.262933    0.119979   25.119978 ^ clk_i (in)
                                                         clk_i (net)
                      0.262934    0.000000   25.119978 ^ clkbuf_0_clk_i/I (gf180mcu_fd_sc_mcu7t5v0__clkbuf_16)
     2    0.046584    0.199754    0.454184   25.574162 ^ clkbuf_0_clk_i/Z (gf180mcu_fd_sc_mcu7t5v0__clkbuf_16)
                                                         clknet_0_clk_i (net)
                      0.199754    0.000236   25.574398 ^ clkbuf_1_1__f_clk_i/I (gf180mcu_fd_sc_mcu7t5v0__clkbuf_16)
     5    0.022711    0.162329    0.410111   25.984510 ^ clkbuf_1_1__f_clk_i/Z (gf180mcu_fd_sc_mcu7t5v0__clkbuf_16)
                                                         clknet_1_1__leaf_clk_i (net)
                      0.162329    0.000401   25.984911 ^ _75_/CLK (gf180mcu_fd_sc_mcu7t5v0__dffq_1)
                                 -0.250000   25.734911   clock uncertainty
                                  0.000000   25.734911   clock reconvergence pessimism
                                 -0.478878   25.256035   library setup time
                                             25.256035   data required time
---------------------------------------------------------------------------------------------
                                             25.256035   data required time
                                            -11.789059   data arrival time
---------------------------------------------------------------------------------------------
                                             13.466975   slack (MET)




===========================================================================
report_checks --slack_max -0.01
============================================================================
======================= nom_ss_125C_4v50 Corner ===================================

No paths found.


===========================================================================
 report_check_types -max_slew -max_cap -max_fanout -violators
============================================================================
======================= nom_ss_125C_4v50 Corner ===================================



===========================================================================
report_parasitic_annotation -report_unannotated
============================================================================
Found 1 unannotated drivers.
 clkload0/Z
Found 0 partially unannotated drivers.

===========================================================================
max slew violation count 0
max fanout violation count 0
max cap violation count 0
============================================================================

===========================================================================
check_setup -verbose -unconstrained_endpoints -multiple_clock -no_clock -no_input_delay -loops -generated_clocks
===========================================================================
