
===========================================================================
report_checks -path_delay max (Setup)
============================================================================
======================= nom_ss_125C_4v50 Corner ===================================

Startpoint: en_i (input port clocked by clk_i)
Endpoint: _75_ (rising edge-triggered flip-flop clocked by clk_i)
Path Group: clk_i
Path Type: max

Fanout         Cap        Slew       Delay        Time   Description
---------------------------------------------------------------------------------------------
                                  0.000000    0.000000   clock clk_i (rise edge)
                                  0.000000    0.000000   clock network delay (propagated)
                                  5.000000    5.000000 ^ input external delay
     1    0.003502    0.186610    0.056543    5.056543 ^ en_i (in)
                                                         en_i (net)
                      0.186610    0.000000    5.056543 ^ input1/I (gf180mcu_fd_sc_mcu7t5v0__dlyb_1)
     6    0.039636    1.183194    2.246315    7.302858 ^ input1/Z (gf180mcu_fd_sc_mcu7t5v0__dlyb_1)
                                                         net1 (net)
                      1.183194    0.001084    7.303942 ^ _49_/A1 (gf180mcu_fd_sc_mcu7t5v0__nand4_1)
     8    0.047414    2.427346    1.612468    8.916409 v _49_/ZN (gf180mcu_fd_sc_mcu7t5v0__nand4_1)
                                                         _22_ (net)
                      2.427346    0.001288    8.917697 v _64_/A3 (gf180mcu_fd_sc_mcu7t5v0__or4_1)
     2    0.008753    0.612911    2.159386   11.077083 v _64_/Z (gf180mcu_fd_sc_mcu7t5v0__or4_1)
                                                         _32_ (net)
                      0.612911    0.000060   11.077143 v _65_/A3 (gf180mcu_fd_sc_mcu7t5v0__and3_1)
     1    0.002961    0.225295    0.711887   11.789030 v _65_/Z (gf180mcu_fd_sc_mcu7t5v0__and3_1)
                                                         _07_ (net)
                      0.225295    0.000029   11.789059 v _75_/D (gf180mcu_fd_sc_mcu7t5v0__dffq_1)
                                             11.789059   data arrival time

                                 25.000000   25.000000   clock clk_i (rise edge)
                                  0.000000   25.000000   clock source latency
     1    0.029393    0.262933    0.119979   25.119978 ^ clk_i (in)
                                                         clk_i (net)
                      0.262934    0.000000   25.119978 ^ clkbuf_0_clk_i/I (gf180mcu_fd_sc_mcu7t5v0__clkbuf_16)
     2    0.046584    0.199754    0.454184   25.574162 ^ clkbuf_0_clk_i/Z (gf180mcu_fd_sc_mcu7t5v0__clkbuf_16)
                                                         clknet_0_clk_i (net)
                      0.199754    0.000236   25.574398 ^ clkbuf_1_1__f_clk_i/I (gf180mcu_fd_sc_mcu7t5v0__clkbuf_16)
     5    0.022711    0.162329    0.410111   25.984510 ^ clkbuf_1_1__f_clk_i/Z (gf180mcu_fd_sc_mcu7t5v0__clkbuf_16)
                                                         clknet_1_1__leaf_clk_i (net)
                      0.162329    0.000401   25.984911 ^ _75_/CLK (gf180mcu_fd_sc_mcu7t5v0__dffq_1)
                                 -0.250000   25.734911   clock uncertainty
                                  0.000000   25.734911   clock reconvergence pessimism
                                 -0.478878   25.256035   library setup time
                                             25.256035   data required time
---------------------------------------------------------------------------------------------
                                             25.256035   data required time
                                            -11.789059   data arrival time
---------------------------------------------------------------------------------------------
                                             13.466975   slack (MET)


Startpoint: en_i (input port clocked by clk_i)
Endpoint: _76_ (rising edge-triggered flip-flop clocked by clk_i)
Path Group: clk_i
Path Type: max

Fanout         Cap        Slew       Delay        Time   Description
---------------------------------------------------------------------------------------------
                                  0.000000    0.000000   clock clk_i (rise edge)
                                  0.000000    0.000000   clock network delay (propagated)
                                  5.000000    5.000000 ^ input external delay
     1    0.003502    0.186610    0.056543    5.056543 ^ en_i (in)
                                                         en_i (net)
                      0.186610    0.000000    5.056543 ^ input1/I (gf180mcu_fd_sc_mcu7t5v0__dlyb_1)
     6    0.039636    1.183194    2.246315    7.302858 ^ input1/Z (gf180mcu_fd_sc_mcu7t5v0__dlyb_1)
                                                         net1 (net)
                      1.183194    0.001084    7.303942 ^ _49_/A1 (gf180mcu_fd_sc_mcu7t5v0__nand4_1)
     8    0.047414    2.427346    1.612468    8.916409 v _49_/ZN (gf180mcu_fd_sc_mcu7t5v0__nand4_1)
                                                         _22_ (net)
                      2.427346    0.001288    8.917697 v _64_/A3 (gf180mcu_fd_sc_mcu7t5v0__or4_1)
     2    0.008753    0.612911    2.159386   11.077083 v _64_/Z (gf180mcu_fd_sc_mcu7t5v0__or4_1)
                                                         _32_ (net)
                      0.612911    0.000130   11.077212 v _67_/A2 (gf180mcu_fd_sc_mcu7t5v0__oai21_1)
     1    0.004067    0.552367    0.448213   11.525425 ^ _67_/ZN (gf180mcu_fd_sc_mcu7t5v0__oai21_1)
                                                         _08_ (net)
                      0.552367    0.000046   11.525472 ^ _76_/D (gf180mcu_fd_sc_mcu7t5v0__dffq_1)
                                             11.525472   data arrival time

                                 25.000000   25.000000   clock clk_i (rise edge)
                                  0.000000   25.000000   clock source latency
     1    0.029393    0.262933    0.119979   25.119978 ^ clk_i (in)
                                                         clk_i (net)
                      0.262934    0.000000   25.119978 ^ clkbuf_0_clk_i/I (gf180mcu_fd_sc_mcu7t5v0__clkbuf_16)
     2    0.046584    0.199754    0.454184   25.574162 ^ clkbuf_0_clk_i/Z (gf180mcu_fd_sc_mcu7t5v0__clkbuf_16)
                                                         clknet_0_clk_i (net)
                      0.199754    0.000236   25.574398 ^ clkbuf_1_1__f_clk_i/I (gf180mcu_fd_sc_mcu7t5v0__clkbuf_16)
     5    0.022711    0.162329    0.410111   25.984510 ^ clkbuf_1_1__f_clk_i/Z (gf180mcu_fd_sc_mcu7t5v0__clkbuf_16)
                                                         clknet_1_1__leaf_clk_i (net)
                      0.162329    0.000416   25.984924 ^ _76_/CLK (gf180mcu_fd_sc_mcu7t5v0__dffq_1)
                                 -0.250000   25.734926   clock uncertainty
                                  0.000000   25.734926   clock reconvergence pessimism
                                 -0.514287   25.220638   library setup time
                                             25.220638   data required time
---------------------------------------------------------------------------------------------
                                             25.220638   data required time
                                            -11.525472   data arrival time
---------------------------------------------------------------------------------------------
                                             13.695168   slack (MET)


Startpoint: _68_ (rising edge-triggered flip-flop clocked by clk_i)
Endpoint: count_o[0] (output port clocked by clk_i)
Path Group: clk_i
Path Type: max

Fanout         Cap        Slew       Delay        Time   Description
---------------------------------------------------------------------------------------------
                                  0.000000    0.000000   clock clk_i (rise edge)
                                  0.000000    0.000000   clock source latency
     1    0.029393    0.262933    0.119978    0.119978 ^ clk_i (in)
                                                         clk_i (net)
                      0.262934    0.000000    0.119978 ^ clkbuf_0_clk_i/I (gf180mcu_fd_sc_mcu7t5v0__clkbuf_16)
     2    0.046584    0.199754    0.454186    0.574164 ^ clkbuf_0_clk_i/Z (gf180mcu_fd_sc_mcu7t5v0__clkbuf_16)
                                                         clknet_0_clk_i (net)
                      0.199754    0.000250    0.574414 ^ clkbuf_1_0__f_clk_i/I (gf180mcu_fd_sc_mcu7t5v0__clkbuf_16)
     5    0.024708    0.165495    0.413147    0.987561 ^ clkbuf_1_0__f_clk_i/Z (gf180mcu_fd_sc_mcu7t5v0__clkbuf_16)
                                                         clknet_1_0__leaf_clk_i (net)
                      0.165495    0.000172    0.987733 ^ _68_/CLK (gf180mcu_fd_sc_mcu7t5v0__dffq_1)
     7    0.039759    1.166851    1.923074    2.910807 ^ _68_/Q (gf180mcu_fd_sc_mcu7t5v0__dffq_1)
                                                         net3 (net)
                      1.166851    0.000279    2.911086 ^ output3/I (gf180mcu_fd_sc_mcu7t5v0__dlyb_1)
     1    0.073632    2.166592    2.854988    5.766074 ^ output3/Z (gf180mcu_fd_sc_mcu7t5v0__dlyb_1)
                                                         count_o[0] (net)
                      2.166592    0.000519    5.766593 ^ count_o[0] (out)
                                              5.766593   data arrival time

                                 25.000000   25.000000   clock clk_i (rise edge)
                                  0.000000   25.000000   clock network delay (propagated)
                                 -0.250000   24.750000   clock uncertainty
                                  0.000000   24.750000   clock reconvergence pessimism
                                 -5.000000   19.750000   output external delay
                                             19.750000   data required time
---------------------------------------------------------------------------------------------
                                             19.750000   data required time
                                             -5.766593   data arrival time
---------------------------------------------------------------------------------------------
                                             13.983407   slack (MET)


Startpoint: _72_ (rising edge-triggered flip-flop clocked by clk_i)
Endpoint: count_o[4] (output port clocked by clk_i)
Path Group: clk_i
Path Type: max

Fanout         Cap        Slew       Delay        Time   Description
---------------------------------------------------------------------------------------------
                                  0.000000    0.000000   clock clk_i (rise edge)
                                  0.000000    0.000000   clock source latency
     1    0.029393    0.262933    0.119978    0.119978 ^ clk_i (in)
                                                         clk_i (net)
                      0.262934    0.000000    0.119978 ^ clkbuf_0_clk_i/I (gf180mcu_fd_sc_mcu7t5v0__clkbuf_16)
     2    0.046584    0.199754    0.454186    0.574164 ^ clkbuf_0_clk_i/Z (gf180mcu_fd_sc_mcu7t5v0__clkbuf_16)
                                                         clknet_0_clk_i (net)
                      0.199754    0.000250    0.574414 ^ clkbuf_1_0__f_clk_i/I (gf180mcu_fd_sc_mcu7t5v0__clkbuf_16)
     5    0.024708    0.165495    0.413147    0.987561 ^ clkbuf_1_0__f_clk_i/Z (gf180mcu_fd_sc_mcu7t5v0__clkbuf_16)
                                                         clknet_1_0__leaf_clk_i (net)
                      0.165495    0.000122    0.987683 ^ _72_/CLK (gf180mcu_fd_sc_mcu7t5v0__dffq_1)
     5    0.027635    0.871683    1.735893    2.723575 ^ _72_/Q (gf180mcu_fd_sc_mcu7t5v0__dffq_1)
                                                         net7 (net)
                      0.871683    0.000180    2.723755 ^ output7/I (gf180mcu_fd_sc_mcu7t5v0__dlyb_1)
     1    0.073606    2.165510    2.844781    5.568536 ^ output7/Z (gf180mcu_fd_sc_mcu7t5v0__dlyb_1)
                                                         count_o[4] (net)
                      2.165510    0.000511    5.569047 ^ count_o[4] (out)
                                              5.569047   data arrival time

                                 25.000000   25.000000   clock clk_i (rise edge)
                                  0.000000   25.000000   clock network delay (propagated)
                                 -0.250000   24.750000   clock uncertainty
                                  0.000000   24.750000   clock reconvergence pessimism
                                 -5.000000   19.750000   output external delay
                                             19.750000   data required time
---------------------------------------------------------------------------------------------
                                             19.750000   data required time
                                             -5.569047   data arrival time
---------------------------------------------------------------------------------------------
                                             14.180952   slack (MET)


Startpoint: _69_ (rising edge-triggered flip-flop clocked by clk_i)
Endpoint: count_o[1] (output port clocked by clk_i)
Path Group: clk_i
Path Type: max

Fanout         Cap        Slew       Delay        Time   Description
---------------------------------------------------------------------------------------------
                                  0.000000    0.000000   clock clk_i (rise edge)
                                  0.000000    0.000000   clock source latency
     1    0.029393    0.262933    0.119978    0.119978 ^ clk_i (in)
                                                         clk_i (net)
                      0.262934    0.000000    0.119978 ^ clkbuf_0_clk_i/I (gf180mcu_fd_sc_mcu7t5v0__clkbuf_16)
     2    0.046584    0.199754    0.454186    0.574164 ^ clkbuf_0_clk_i/Z (gf180mcu_fd_sc_mcu7t5v0__clkbuf_16)
                                                         clknet_0_clk_i (net)
                      0.199754    0.000250    0.574414 ^ clkbuf_1_0__f_clk_i/I (gf180mcu_fd_sc_mcu7t5v0__clkbuf_16)
     5    0.024708    0.165495    0.413147    0.987561 ^ clkbuf_1_0__f_clk_i/Z (gf180mcu_fd_sc_mcu7t5v0__clkbuf_16)
                                                         clknet_1_0__leaf_clk_i (net)
                      0.165495    0.000162    0.987723 ^ _69_/CLK (gf180mcu_fd_sc_mcu7t5v0__dffq_1)
     5    0.024700    0.766270    1.690275    2.677997 ^ _69_/Q (gf180mcu_fd_sc_mcu7t5v0__dffq_1)
                                                         net4 (net)
                      0.766270    0.000456    2.678453 ^ output4/I (gf180mcu_fd_sc_mcu7t5v0__dlyb_1)
     1    0.074671    2.123041    2.855083    5.533537 ^ output4/Z (gf180mcu_fd_sc_mcu7t5v0__dlyb_1)
                                                         count_o[1] (net)
                      2.123041    0.000999    5.534536 ^ count_o[1] (out)
                                              5.534536   data arrival time

                                 25.000000   25.000000   clock clk_i (rise edge)
                                  0.000000   25.000000   clock network delay (propagated)
                                 -0.250000   24.750000   clock uncertainty
                                  0.000000   24.750000   clock reconvergence pessimism
                                 -5.000000   19.750000   output external delay
                                             19.750000   data required time
---------------------------------------------------------------------------------------------
                                             19.750000   data required time
                                             -5.534536   data arrival time
---------------------------------------------------------------------------------------------
                                             14.215463   slack (MET)


Startpoint: _71_ (rising edge-triggered flip-flop clocked by clk_i)
Endpoint: count_o[3] (output port clocked by clk_i)
Path Group: clk_i
Path Type: max

Fanout         Cap        Slew       Delay        Time   Description
---------------------------------------------------------------------------------------------
                                  0.000000    0.000000   clock clk_i (rise edge)
                                  0.000000    0.000000   clock source latency
     1    0.029393    0.262933    0.119978    0.119978 ^ clk_i (in)
                                                         clk_i (net)
                      0.262934    0.000000    0.119978 ^ clkbuf_0_clk_i/I (gf180mcu_fd_sc_mcu7t5v0__clkbuf_16)
     2    0.046584    0.199754    0.454186    0.574164 ^ clkbuf_0_clk_i/Z (gf180mcu_fd_sc_mcu7t5v0__clkbuf_16)
                                                         clknet_0_clk_i (net)
                      0.199754    0.000250    0.574414 ^ clkbuf_1_0__f_clk_i/I (gf180mcu_fd_sc_mcu7t5v0__clkbuf_16)
     5    0.024708    0.165495    0.413147    0.987561 ^ clkbuf_1_0__f_clk_i/Z (gf180mcu_fd_sc_mcu7t5v0__clkbuf_16)
                                                         clknet_1_0__leaf_clk_i (net)
                      0.165495    0.000155    0.987716 ^ _71_/CLK (gf180mcu_fd_sc_mcu7t5v0__dffq_1)
     4    0.021969    0.693858    1.648082    2.635798 ^ _71_/Q (gf180mcu_fd_sc_mcu7t5v0__dffq_1)
                                                         net6 (net)
                      0.693858    0.000320    2.636117 ^ output6/I (gf180mcu_fd_sc_mcu7t5v0__dlyb_1)
     1    0.073899    2.173098    2.840136    5.476254 ^ output6/Z (gf180mcu_fd_sc_mcu7t5v0__dlyb_1)
                                                         count_o[3] (net)
                      2.173098    0.000578    5.476831 ^ count_o[3] (out)
                                              5.476831   data arrival time

                                 25.000000   25.000000   clock clk_i (rise edge)
                                  0.000000   25.000000   clock network delay (propagated)
                                 -0.250000   24.750000   clock uncertainty
                                  0.000000   24.750000   clock reconvergence pessimism
                                 -5.000000   19.750000   output external delay
                                             19.750000   data required time
---------------------------------------------------------------------------------------------
                                             19.750000   data required time
                                             -5.476831   data arrival time
---------------------------------------------------------------------------------------------
                                             14.273168   slack (MET)


Startpoint: _70_ (rising edge-triggered flip-flop clocked by clk_i)
Endpoint: count_o[2] (output port clocked by clk_i)
Path Group: clk_i
Path Type: max

Fanout         Cap        Slew       Delay        Time   Description
---------------------------------------------------------------------------------------------
                                  0.000000    0.000000   clock clk_i (rise edge)
                                  0.000000    0.000000   clock source latency
     1    0.029393    0.262933    0.119978    0.119978 ^ clk_i (in)
                                                         clk_i (net)
                      0.262934    0.000000    0.119978 ^ clkbuf_0_clk_i/I (gf180mcu_fd_sc_mcu7t5v0__clkbuf_16)
     2    0.046584    0.199754    0.454186    0.574164 ^ clkbuf_0_clk_i/Z (gf180mcu_fd_sc_mcu7t5v0__clkbuf_16)
                                                         clknet_0_clk_i (net)
                      0.199754    0.000250    0.574414 ^ clkbuf_1_0__f_clk_i/I (gf180mcu_fd_sc_mcu7t5v0__clkbuf_16)
     5    0.024708    0.165495    0.413147    0.987561 ^ clkbuf_1_0__f_clk_i/Z (gf180mcu_fd_sc_mcu7t5v0__clkbuf_16)
                                                         clknet_1_0__leaf_clk_i (net)
                      0.165495    0.000038    0.987599 ^ _70_/CLK (gf180mcu_fd_sc_mcu7t5v0__dffq_1)
     4    0.021982    0.694206    1.648274    2.635873 ^ _70_/Q (gf180mcu_fd_sc_mcu7t5v0__dffq_1)
                                                         net5 (net)
                      0.694206    0.000187    2.636060 ^ output5/I (gf180mcu_fd_sc_mcu7t5v0__dlyb_1)
     1    0.073862    2.101000    2.838896    5.474955 ^ output5/Z (gf180mcu_fd_sc_mcu7t5v0__dlyb_1)
                                                         count_o[2] (net)
                      2.101000    0.000883    5.475838 ^ count_o[2] (out)
                                              5.475838   data arrival time

                                 25.000000   25.000000   clock clk_i (rise edge)
                                  0.000000   25.000000   clock network delay (propagated)
                                 -0.250000   24.750000   clock uncertainty
                                  0.000000   24.750000   clock reconvergence pessimism
                                 -5.000000   19.750000   output external delay
                                             19.750000   data required time
---------------------------------------------------------------------------------------------
                                             19.750000   data required time
                                             -5.475838   data arrival time
---------------------------------------------------------------------------------------------
                                             14.274161   slack (MET)


Startpoint: _73_ (rising edge-triggered flip-flop clocked by clk_i)
Endpoint: count_o[5] (output port clocked by clk_i)
Path Group: clk_i
Path Type: max

Fanout         Cap        Slew       Delay        Time   Description
---------------------------------------------------------------------------------------------
                                  0.000000    0.000000   clock clk_i (rise edge)
                                  0.000000    0.000000   clock source latency
     1    0.029393    0.262933    0.119978    0.119978 ^ clk_i (in)
                                                         clk_i (net)
                      0.262934    0.000000    0.119978 ^ clkbuf_0_clk_i/I (gf180mcu_fd_sc_mcu7t5v0__clkbuf_16)
     2    0.046584    0.199754    0.454186    0.574164 ^ clkbuf_0_clk_i/Z (gf180mcu_fd_sc_mcu7t5v0__clkbuf_16)
                                                         clknet_0_clk_i (net)
                      0.199754    0.000235    0.574399 ^ clkbuf_1_1__f_clk_i/I (gf180mcu_fd_sc_mcu7t5v0__clkbuf_16)
     5    0.022711    0.162329    0.410111    0.984510 ^ clkbuf_1_1__f_clk_i/Z (gf180mcu_fd_sc_mcu7t5v0__clkbuf_16)
                                                         clknet_1_1__leaf_clk_i (net)
                      0.162329    0.000383    0.984892 ^ _73_/CLK (gf180mcu_fd_sc_mcu7t5v0__dffq_1)
     4    0.019766    0.635718    1.613299    2.598191 ^ _73_/Q (gf180mcu_fd_sc_mcu7t5v0__dffq_1)
                                                         net8 (net)
                      0.635718    0.000224    2.598415 ^ output8/I (gf180mcu_fd_sc_mcu7t5v0__dlyb_1)
     1    0.073575    2.093090    2.831473    5.429888 ^ output8/Z (gf180mcu_fd_sc_mcu7t5v0__dlyb_1)
                                                         count_o[5] (net)
                      2.093090    0.000810    5.430698 ^ count_o[5] (out)
                                              5.430698   data arrival time

                                 25.000000   25.000000   clock clk_i (rise edge)
                                  0.000000   25.000000   clock network delay (propagated)
                                 -0.250000   24.750000   clock uncertainty
                                  0.000000   24.750000   clock reconvergence pessimism
                                 -5.000000   19.750000   output external delay
                                             19.750000   data required time
---------------------------------------------------------------------------------------------
                                             19.750000   data required time
                                             -5.430698   data arrival time
---------------------------------------------------------------------------------------------
                                             14.319302   slack (MET)


Startpoint: _74_ (rising edge-triggered flip-flop clocked by clk_i)
Endpoint: count_o[6] (output port clocked by clk_i)
Path Group: clk_i
Path Type: max

Fanout         Cap        Slew       Delay        Time   Description
---------------------------------------------------------------------------------------------
                                  0.000000    0.000000   clock clk_i (rise edge)
                                  0.000000    0.000000   clock source latency
     1    0.029393    0.262933    0.119978    0.119978 ^ clk_i (in)
                                                         clk_i (net)
                      0.262934    0.000000    0.119978 ^ clkbuf_0_clk_i/I (gf180mcu_fd_sc_mcu7t5v0__clkbuf_16)
     2    0.046584    0.199754    0.454186    0.574164 ^ clkbuf_0_clk_i/Z (gf180mcu_fd_sc_mcu7t5v0__clkbuf_16)
                                                         clknet_0_clk_i (net)
                      0.199754    0.000235    0.574399 ^ clkbuf_1_1__f_clk_i/I (gf180mcu_fd_sc_mcu7t5v0__clkbuf_16)
     5    0.022711    0.162329    0.410111    0.984510 ^ clkbuf_1_1__f_clk_i/Z (gf180mcu_fd_sc_mcu7t5v0__clkbuf_16)
                                                         clknet_1_1__leaf_clk_i (net)
                      0.162329    0.000392    0.984902 ^ _74_/CLK (gf180mcu_fd_sc_mcu7t5v0__dffq_1)
     3    0.015247    0.521192    1.542814    2.527715 ^ _74_/Q (gf180mcu_fd_sc_mcu7t5v0__dffq_1)
                                                         net9 (net)
                      0.521192    0.000219    2.527934 ^ output9/I (gf180mcu_fd_sc_mcu7t5v0__dlyb_1)
     1    0.073832    2.099776    2.826083    5.354017 ^ output9/Z (gf180mcu_fd_sc_mcu7t5v0__dlyb_1)
                                                         count_o[6] (net)
                      2.099776    0.000865    5.354882 ^ count_o[6] (out)
                                              5.354882   data arrival time

                                 25.000000   25.000000   clock clk_i (rise edge)
                                  0.000000   25.000000   clock network delay (propagated)
                                 -0.250000   24.750000   clock uncertainty
                                  0.000000   24.750000   clock reconvergence pessimism
                                 -5.000000   19.750000   output external delay
                                             19.750000   data required time
---------------------------------------------------------------------------------------------
                                             19.750000   data required time
                                             -5.354882   data arrival time
---------------------------------------------------------------------------------------------
                                             14.395119   slack (MET)


Startpoint: en_i (input port clocked by clk_i)
Endpoint: _73_ (rising edge-triggered flip-flop clocked by clk_i)
Path Group: clk_i
Path Type: max

Fanout         Cap        Slew       Delay        Time   Description
---------------------------------------------------------------------------------------------
                                  0.000000    0.000000   clock clk_i (rise edge)
                                  0.000000    0.000000   clock network delay (propagated)
                                  5.000000    5.000000 ^ input external delay
     1    0.003502    0.186610    0.056543    5.056543 ^ en_i (in)
                                                         en_i (net)
                      0.186610    0.000000    5.056543 ^ input1/I (gf180mcu_fd_sc_mcu7t5v0__dlyb_1)
     6    0.039636    1.183194    2.246315    7.302858 ^ input1/Z (gf180mcu_fd_sc_mcu7t5v0__dlyb_1)
                                                         net1 (net)
                      1.183194    0.001084    7.303942 ^ _49_/A1 (gf180mcu_fd_sc_mcu7t5v0__nand4_1)
     8    0.047414    2.427346    1.612468    8.916409 v _49_/ZN (gf180mcu_fd_sc_mcu7t5v0__nand4_1)
                                                         _22_ (net)
                      2.427346    0.001181    8.917590 v _57_/A3 (gf180mcu_fd_sc_mcu7t5v0__oai31_1)
     1    0.003213    1.129918    1.082645   10.000236 ^ _57_/ZN (gf180mcu_fd_sc_mcu7t5v0__oai31_1)
                                                         _27_ (net)
                      1.129918    0.000031   10.000267 ^ _59_/A2 (gf180mcu_fd_sc_mcu7t5v0__and3_1)
     1    0.003757    0.308747    0.810565   10.810832 ^ _59_/Z (gf180mcu_fd_sc_mcu7t5v0__and3_1)
                                                         _05_ (net)
                      0.308747    0.000075   10.810907 ^ _73_/D (gf180mcu_fd_sc_mcu7t5v0__dffq_1)
                                             10.810907   data arrival time

                                 25.000000   25.000000   clock clk_i (rise edge)
                                  0.000000   25.000000   clock source latency
     1    0.029393    0.262933    0.119979   25.119978 ^ clk_i (in)
                                                         clk_i (net)
                      0.262934    0.000000   25.119978 ^ clkbuf_0_clk_i/I (gf180mcu_fd_sc_mcu7t5v0__clkbuf_16)
     2    0.046584    0.199754    0.454184   25.574162 ^ clkbuf_0_clk_i/Z (gf180mcu_fd_sc_mcu7t5v0__clkbuf_16)
                                                         clknet_0_clk_i (net)
                      0.199754    0.000236   25.574398 ^ clkbuf_1_1__f_clk_i/I (gf180mcu_fd_sc_mcu7t5v0__clkbuf_16)
     5    0.022711    0.162329    0.410111   25.984510 ^ clkbuf_1_1__f_clk_i/Z (gf180mcu_fd_sc_mcu7t5v0__clkbuf_16)
                                                         clknet_1_1__leaf_clk_i (net)
                      0.162329    0.000382   25.984892 ^ _73_/CLK (gf180mcu_fd_sc_mcu7t5v0__dffq_1)
                                 -0.250000   25.734892   clock uncertainty
                                  0.000000   25.734892   clock reconvergence pessimism
                                 -0.476392   25.258499   library setup time
                                             25.258499   data required time
---------------------------------------------------------------------------------------------
                                             25.258499   data required time
                                            -10.810907   data arrival time
---------------------------------------------------------------------------------------------
                                             14.447593   slack (MET)


Startpoint: _76_ (rising edge-triggered flip-flop clocked by clk_i)
Endpoint: ovf_o (output port clocked by clk_i)
Path Group: clk_i
Path Type: max

Fanout         Cap        Slew       Delay        Time   Description
---------------------------------------------------------------------------------------------
                                  0.000000    0.000000   clock clk_i (rise edge)
                                  0.000000    0.000000   clock source latency
     1    0.029393    0.262933    0.119978    0.119978 ^ clk_i (in)
                                                         clk_i (net)
                      0.262934    0.000000    0.119978 ^ clkbuf_0_clk_i/I (gf180mcu_fd_sc_mcu7t5v0__clkbuf_16)
     2    0.046584    0.199754    0.454186    0.574164 ^ clkbuf_0_clk_i/Z (gf180mcu_fd_sc_mcu7t5v0__clkbuf_16)
                                                         clknet_0_clk_i (net)
                      0.199754    0.000235    0.574399 ^ clkbuf_1_1__f_clk_i/I (gf180mcu_fd_sc_mcu7t5v0__clkbuf_16)
     5    0.022711    0.162329    0.410111    0.984510 ^ clkbuf_1_1__f_clk_i/Z (gf180mcu_fd_sc_mcu7t5v0__clkbuf_16)
                                                         clknet_1_1__leaf_clk_i (net)
                      0.162329    0.000416    0.984926 ^ _76_/CLK (gf180mcu_fd_sc_mcu7t5v0__dffq_1)
     2    0.010666    0.405301    1.471359    2.456285 ^ _76_/Q (gf180mcu_fd_sc_mcu7t5v0__dffq_1)
                                                         net11 (net)
                      0.405301    0.000145    2.456431 ^ output11/I (gf180mcu_fd_sc_mcu7t5v0__dlyb_1)
     1    0.073926    2.102284    2.811359    5.267790 ^ output11/Z (gf180mcu_fd_sc_mcu7t5v0__dlyb_1)
                                                         ovf_o (net)
                      2.102284    0.000891    5.268681 ^ ovf_o (out)
                                              5.268681   data arrival time

                                 25.000000   25.000000   clock clk_i (rise edge)
                                  0.000000   25.000000   clock network delay (propagated)
                                 -0.250000   24.750000   clock uncertainty
                                  0.000000   24.750000   clock reconvergence pessimism
                                 -5.000000   19.750000   output external delay
                                             19.750000   data required time
---------------------------------------------------------------------------------------------
                                             19.750000   data required time
                                             -5.268681   data arrival time
---------------------------------------------------------------------------------------------
                                             14.481318   slack (MET)


Startpoint: _75_ (rising edge-triggered flip-flop clocked by clk_i)
Endpoint: count_o[7] (output port clocked by clk_i)
Path Group: clk_i
Path Type: max

Fanout         Cap        Slew       Delay        Time   Description
---------------------------------------------------------------------------------------------
                                  0.000000    0.000000   clock clk_i (rise edge)
                                  0.000000    0.000000   clock source latency
     1    0.029393    0.262933    0.119978    0.119978 ^ clk_i (in)
                                                         clk_i (net)
                      0.262934    0.000000    0.119978 ^ clkbuf_0_clk_i/I (gf180mcu_fd_sc_mcu7t5v0__clkbuf_16)
     2    0.046584    0.199754    0.454186    0.574164 ^ clkbuf_0_clk_i/Z (gf180mcu_fd_sc_mcu7t5v0__clkbuf_16)
                                                         clknet_0_clk_i (net)
                      0.199754    0.000235    0.574399 ^ clkbuf_1_1__f_clk_i/I (gf180mcu_fd_sc_mcu7t5v0__clkbuf_16)
     5    0.022711    0.162329    0.410111    0.984510 ^ clkbuf_1_1__f_clk_i/Z (gf180mcu_fd_sc_mcu7t5v0__clkbuf_16)
                                                         clknet_1_1__leaf_clk_i (net)
                      0.162329    0.000403    0.984913 ^ _75_/CLK (gf180mcu_fd_sc_mcu7t5v0__dffq_1)
     2    0.009351    0.372105    1.450861    2.435773 ^ _75_/Q (gf180mcu_fd_sc_mcu7t5v0__dffq_1)
                                                         net10 (net)
                      0.372105    0.000139    2.435912 ^ output10/I (gf180mcu_fd_sc_mcu7t5v0__dlyb_1)
     1    0.073836    2.099880    2.805366    5.241278 ^ output10/Z (gf180mcu_fd_sc_mcu7t5v0__dlyb_1)
                                                         count_o[7] (net)
                      2.099880    0.000864    5.242142 ^ count_o[7] (out)
                                              5.242142   data arrival time

                                 25.000000   25.000000   clock clk_i (rise edge)
                                  0.000000   25.000000   clock network delay (propagated)
                                 -0.250000   24.750000   clock uncertainty
                                  0.000000   24.750000   clock reconvergence pessimism
                                 -5.000000   19.750000   output external delay
                                             19.750000   data required time
---------------------------------------------------------------------------------------------
                                             19.750000   data required time
                                             -5.242142   data arrival time
---------------------------------------------------------------------------------------------
                                             14.507857   slack (MET)


Startpoint: en_i (input port clocked by clk_i)
Endpoint: _74_ (rising edge-triggered flip-flop clocked by clk_i)
Path Group: clk_i
Path Type: max

Fanout         Cap        Slew       Delay        Time   Description
---------------------------------------------------------------------------------------------
                                  0.000000    0.000000   clock clk_i (rise edge)
                                  0.000000    0.000000   clock network delay (propagated)
                                  5.000000    5.000000 ^ input external delay
     1    0.003502    0.186610    0.056543    5.056543 ^ en_i (in)
                                                         en_i (net)
                      0.186610    0.000000    5.056543 ^ input1/I (gf180mcu_fd_sc_mcu7t5v0__dlyb_1)
     6    0.039636    1.183194    2.246315    7.302858 ^ input1/Z (gf180mcu_fd_sc_mcu7t5v0__dlyb_1)
                                                         net1 (net)
                      1.183194    0.001084    7.303942 ^ _49_/A1 (gf180mcu_fd_sc_mcu7t5v0__nand4_1)
     8    0.047414    2.427346    1.612468    8.916409 v _49_/ZN (gf180mcu_fd_sc_mcu7t5v0__nand4_1)
                                                         _22_ (net)
                      2.427346    0.001184    8.917593 v _61_/A2 (gf180mcu_fd_sc_mcu7t5v0__nor3_1)
     1    0.006536    1.179096    1.070368    9.987961 ^ _61_/ZN (gf180mcu_fd_sc_mcu7t5v0__nor3_1)
                                                         _30_ (net)
                      1.179096    0.000086    9.988047 ^ _62_/B (gf180mcu_fd_sc_mcu7t5v0__aoi211_1)
     1    0.003073    0.604535    0.476178   10.464226 v _62_/ZN (gf180mcu_fd_sc_mcu7t5v0__aoi211_1)
                                                         _06_ (net)
                      0.604535    0.000056   10.464281 v _74_/D (gf180mcu_fd_sc_mcu7t5v0__dffq_1)
                                             10.464281   data arrival time

                                 25.000000   25.000000   clock clk_i (rise edge)
                                  0.000000   25.000000   clock source latency
     1    0.029393    0.262933    0.119979   25.119978 ^ clk_i (in)
                                                         clk_i (net)
                      0.262934    0.000000   25.119978 ^ clkbuf_0_clk_i/I (gf180mcu_fd_sc_mcu7t5v0__clkbuf_16)
     2    0.046584    0.199754    0.454184   25.574162 ^ clkbuf_0_clk_i/Z (gf180mcu_fd_sc_mcu7t5v0__clkbuf_16)
                                                         clknet_0_clk_i (net)
                      0.199754    0.000236   25.574398 ^ clkbuf_1_1__f_clk_i/I (gf180mcu_fd_sc_mcu7t5v0__clkbuf_16)
     5    0.022711    0.162329    0.410111   25.984510 ^ clkbuf_1_1__f_clk_i/Z (gf180mcu_fd_sc_mcu7t5v0__clkbuf_16)
                                                         clknet_1_1__leaf_clk_i (net)
                      0.162329    0.000391   25.984900 ^ _74_/CLK (gf180mcu_fd_sc_mcu7t5v0__dffq_1)
                                 -0.250000   25.734901   clock uncertainty
                                  0.000000   25.734901   clock reconvergence pessimism
                                 -0.596745   25.138155   library setup time
                                             25.138155   data required time
---------------------------------------------------------------------------------------------
                                             25.138155   data required time
                                            -10.464281   data arrival time
---------------------------------------------------------------------------------------------
                                             14.673874   slack (MET)


Startpoint: en_i (input port clocked by clk_i)
Endpoint: _72_ (rising edge-triggered flip-flop clocked by clk_i)
Path Group: clk_i
Path Type: max

Fanout         Cap        Slew       Delay        Time   Description
---------------------------------------------------------------------------------------------
                                  0.000000    0.000000   clock clk_i (rise edge)
                                  0.000000    0.000000   clock network delay (propagated)
                                  5.000000    5.000000 ^ input external delay
     1    0.003502    0.186610    0.056543    5.056543 ^ en_i (in)
                                                         en_i (net)
                      0.186610    0.000000    5.056543 ^ input1/I (gf180mcu_fd_sc_mcu7t5v0__dlyb_1)
     6    0.039636    1.183194    2.246315    7.302858 ^ input1/Z (gf180mcu_fd_sc_mcu7t5v0__dlyb_1)
                                                         net1 (net)
                      1.183194    0.001084    7.303942 ^ _49_/A1 (gf180mcu_fd_sc_mcu7t5v0__nand4_1)
     8    0.047414    2.427346    1.612468    8.916409 v _49_/ZN (gf180mcu_fd_sc_mcu7t5v0__nand4_1)
                                                         _22_ (net)
                      2.427346    0.001068    8.917477 v _55_/A3 (gf180mcu_fd_sc_mcu7t5v0__nor3_1)
     1    0.006389    1.178185    0.974742    9.892219 ^ _55_/ZN (gf180mcu_fd_sc_mcu7t5v0__nor3_1)
                                                         _26_ (net)
                      1.178185    0.000081    9.892300 ^ _56_/A3 (gf180mcu_fd_sc_mcu7t5v0__nor3_1)
     1    0.004591    0.574615    0.436404   10.328704 v _56_/ZN (gf180mcu_fd_sc_mcu7t5v0__nor3_1)
                                                         _04_ (net)
                      0.574615    0.000058   10.328761 v _72_/D (gf180mcu_fd_sc_mcu7t5v0__dffq_1)
                                             10.328761   data arrival time

                                 25.000000   25.000000   clock clk_i (rise edge)
                                  0.000000   25.000000   clock source latency
     1    0.029393    0.262933    0.119979   25.119978 ^ clk_i (in)
                                                         clk_i (net)
                      0.262934    0.000000   25.119978 ^ clkbuf_0_clk_i/I (gf180mcu_fd_sc_mcu7t5v0__clkbuf_16)
     2    0.046584    0.199754    0.454184   25.574162 ^ clkbuf_0_clk_i/Z (gf180mcu_fd_sc_mcu7t5v0__clkbuf_16)
                                                         clknet_0_clk_i (net)
                      0.199754    0.000250   25.574413 ^ clkbuf_1_0__f_clk_i/I (gf180mcu_fd_sc_mcu7t5v0__clkbuf_16)
     5    0.024708    0.165495    0.413147   25.987560 ^ clkbuf_1_0__f_clk_i/Z (gf180mcu_fd_sc_mcu7t5v0__clkbuf_16)
                                                         clknet_1_0__leaf_clk_i (net)
                      0.165495    0.000123   25.987682 ^ _72_/CLK (gf180mcu_fd_sc_mcu7t5v0__dffq_1)
                                 -0.250000   25.737682   clock uncertainty
                                  0.000000   25.737682   clock reconvergence pessimism
                                 -0.585249   25.152433   library setup time
                                             25.152433   data required time
---------------------------------------------------------------------------------------------
                                             25.152433   data required time
                                            -10.328761   data arrival time
---------------------------------------------------------------------------------------------
                                             14.823672   slack (MET)


Startpoint: en_i (input port clocked by clk_i)
Endpoint: _71_ (rising edge-triggered flip-flop clocked by clk_i)
Path Group: clk_i
Path Type: max

Fanout         Cap        Slew       Delay        Time   Description
---------------------------------------------------------------------------------------------
                                  0.000000    0.000000   clock clk_i (rise edge)
                                  0.000000    0.000000   clock network delay (propagated)
                                  5.000000    5.000000 ^ input external delay
     1    0.003502    0.186610    0.056543    5.056543 ^ en_i (in)
                                                         en_i (net)
                      0.186610    0.000000    5.056543 ^ input1/I (gf180mcu_fd_sc_mcu7t5v0__dlyb_1)
     6    0.039636    1.183194    2.246315    7.302858 ^ input1/Z (gf180mcu_fd_sc_mcu7t5v0__dlyb_1)
                                                         net1 (net)
                      1.183194    0.001084    7.303942 ^ _49_/A1 (gf180mcu_fd_sc_mcu7t5v0__nand4_1)
     8    0.047414    2.427346    1.612468    8.916409 v _49_/ZN (gf180mcu_fd_sc_mcu7t5v0__nand4_1)
                                                         _22_ (net)
                      2.427346    0.000552    8.916961 v _52_/A2 (gf180mcu_fd_sc_mcu7t5v0__oai21_1)
     1    0.004274    0.827755    0.768318    9.685279 ^ _52_/ZN (gf180mcu_fd_sc_mcu7t5v0__oai21_1)
                                                         _24_ (net)
                      0.827755    0.000041    9.685320 ^ _53_/B (gf180mcu_fd_sc_mcu7t5v0__aoi21_1)
     1    0.002816    0.522748    0.380824   10.066144 v _53_/ZN (gf180mcu_fd_sc_mcu7t5v0__aoi21_1)
                                                         _03_ (net)
                      0.522748    0.000028   10.066172 v _71_/D (gf180mcu_fd_sc_mcu7t5v0__dffq_1)
                                             10.066172   data arrival time

                                 25.000000   25.000000   clock clk_i (rise edge)
                                  0.000000   25.000000   clock source latency
     1    0.029393    0.262933    0.119979   25.119978 ^ clk_i (in)
                                                         clk_i (net)
                      0.262934    0.000000   25.119978 ^ clkbuf_0_clk_i/I (gf180mcu_fd_sc_mcu7t5v0__clkbuf_16)
     2    0.046584    0.199754    0.454184   25.574162 ^ clkbuf_0_clk_i/Z (gf180mcu_fd_sc_mcu7t5v0__clkbuf_16)
                                                         clknet_0_clk_i (net)
                      0.199754    0.000250   25.574413 ^ clkbuf_1_0__f_clk_i/I (gf180mcu_fd_sc_mcu7t5v0__clkbuf_16)
     5    0.024708    0.165495    0.413147   25.987560 ^ clkbuf_1_0__f_clk_i/Z (gf180mcu_fd_sc_mcu7t5v0__clkbuf_16)
                                                         clknet_1_0__leaf_clk_i (net)
                      0.165495    0.000156   25.987717 ^ _71_/CLK (gf180mcu_fd_sc_mcu7t5v0__dffq_1)
                                 -0.250000   25.737717   clock uncertainty
                                  0.000000   25.737717   clock reconvergence pessimism
                                 -0.568493   25.169224   library setup time
                                             25.169224   data required time
---------------------------------------------------------------------------------------------
                                             25.169224   data required time
                                            -10.066172   data arrival time
---------------------------------------------------------------------------------------------
                                             15.103052   slack (MET)


Startpoint: en_i (input port clocked by clk_i)
Endpoint: _70_ (rising edge-triggered flip-flop clocked by clk_i)
Path Group: clk_i
Path Type: max

Fanout         Cap        Slew       Delay        Time   Description
---------------------------------------------------------------------------------------------
                                  0.000000    0.000000   clock clk_i (rise edge)
                                  0.000000    0.000000   clock network delay (propagated)
                                  5.000000    5.000000 ^ input external delay
     1    0.003502    0.186610    0.056543    5.056543 ^ en_i (in)
                                                         en_i (net)
                      0.186610    0.000000    5.056543 ^ input1/I (gf180mcu_fd_sc_mcu7t5v0__dlyb_1)
     6    0.039636    1.183194    2.246315    7.302858 ^ input1/Z (gf180mcu_fd_sc_mcu7t5v0__dlyb_1)
                                                         net1 (net)
                      1.183194    0.001084    7.303942 ^ _49_/A1 (gf180mcu_fd_sc_mcu7t5v0__nand4_1)
     8    0.047414    2.427346    1.612468    8.916409 v _49_/ZN (gf180mcu_fd_sc_mcu7t5v0__nand4_1)
                                                         _22_ (net)
                      2.427346    0.000516    8.916925 v _50_/A2 (gf180mcu_fd_sc_mcu7t5v0__nand2_1)
     1    0.004826    0.685249    0.780269    9.697194 ^ _50_/ZN (gf180mcu_fd_sc_mcu7t5v0__nand2_1)
                                                         _23_ (net)
                      0.685249    0.000091    9.697286 ^ _51_/B (gf180mcu_fd_sc_mcu7t5v0__aoi21_1)
     1    0.003958    0.457399    0.383902   10.081188 v _51_/ZN (gf180mcu_fd_sc_mcu7t5v0__aoi21_1)
                                                         _02_ (net)
                      0.457399    0.000078   10.081265 v _70_/D (gf180mcu_fd_sc_mcu7t5v0__dffq_1)
                                             10.081265   data arrival time

                                 25.000000   25.000000   clock clk_i (rise edge)
                                  0.000000   25.000000   clock source latency
     1    0.029393    0.262933    0.119979   25.119978 ^ clk_i (in)
                                                         clk_i (net)
                      0.262934    0.000000   25.119978 ^ clkbuf_0_clk_i/I (gf180mcu_fd_sc_mcu7t5v0__clkbuf_16)
     2    0.046584    0.199754    0.454184   25.574162 ^ clkbuf_0_clk_i/Z (gf180mcu_fd_sc_mcu7t5v0__clkbuf_16)
                                                         clknet_0_clk_i (net)
                      0.199754    0.000250   25.574413 ^ clkbuf_1_0__f_clk_i/I (gf180mcu_fd_sc_mcu7t5v0__clkbuf_16)
     5    0.024708    0.165495    0.413147   25.987560 ^ clkbuf_1_0__f_clk_i/Z (gf180mcu_fd_sc_mcu7t5v0__clkbuf_16)
                                                         clknet_1_0__leaf_clk_i (net)
                      0.165495    0.000039   25.987598 ^ _70_/CLK (gf180mcu_fd_sc_mcu7t5v0__dffq_1)
                                 -0.250000   25.737600   clock uncertainty
                                  0.000000   25.737600   clock reconvergence pessimism
                                 -0.548397   25.189203   library setup time
                                             25.189203   data required time
---------------------------------------------------------------------------------------------
                                             25.189203   data required time
                                            -10.081265   data arrival time
---------------------------------------------------------------------------------------------
                                             15.107937   slack (MET)


Startpoint: rst_ni (input port clocked by clk_i)
Endpoint: _68_ (rising edge-triggered flip-flop clocked by clk_i)
Path Group: clk_i
Path Type: max

Fanout         Cap        Slew       Delay        Time   Description
---------------------------------------------------------------------------------------------
                                  0.000000    0.000000   clock clk_i (rise edge)
                                  0.000000    0.000000   clock network delay (propagated)
                                  5.000000    5.000000 v input external delay
     1    0.004229    0.116565    0.041554    5.041554 v rst_ni (in)
                                                         rst_ni (net)
                      0.116565    0.000000    5.041554 v input2/I (gf180mcu_fd_sc_mcu7t5v0__dlyb_1)
     8    0.050780    1.068563    2.478118    7.519672 v input2/Z (gf180mcu_fd_sc_mcu7t5v0__dlyb_1)
                                                         net2 (net)
                      1.068567    0.001597    7.521269 v _41_/A2 (gf180mcu_fd_sc_mcu7t5v0__nand2_1)
     2    0.012249    0.657243    0.649307    8.170576 ^ _41_/ZN (gf180mcu_fd_sc_mcu7t5v0__nand2_1)
                                                         _16_ (net)
                      0.657243    0.000098    8.170674 ^ _43_/B1 (gf180mcu_fd_sc_mcu7t5v0__aoi22_1)
     1    0.003517    0.494651    0.374370    8.545044 v _43_/ZN (gf180mcu_fd_sc_mcu7t5v0__aoi22_1)
                                                         _00_ (net)
                      0.494651    0.000037    8.545081 v _68_/D (gf180mcu_fd_sc_mcu7t5v0__dffq_1)
                                              8.545081   data arrival time

                                 25.000000   25.000000   clock clk_i (rise edge)
                                  0.000000   25.000000   clock source latency
     1    0.029393    0.262933    0.119979   25.119978 ^ clk_i (in)
                                                         clk_i (net)
                      0.262934    0.000000   25.119978 ^ clkbuf_0_clk_i/I (gf180mcu_fd_sc_mcu7t5v0__clkbuf_16)
     2    0.046584    0.199754    0.454184   25.574162 ^ clkbuf_0_clk_i/Z (gf180mcu_fd_sc_mcu7t5v0__clkbuf_16)
                                                         clknet_0_clk_i (net)
                      0.199754    0.000250   25.574413 ^ clkbuf_1_0__f_clk_i/I (gf180mcu_fd_sc_mcu7t5v0__clkbuf_16)
     5    0.024708    0.165495    0.413147   25.987560 ^ clkbuf_1_0__f_clk_i/Z (gf180mcu_fd_sc_mcu7t5v0__clkbuf_16)
                                                         clknet_1_0__leaf_clk_i (net)
                      0.165495    0.000172   25.987732 ^ _68_/CLK (gf180mcu_fd_sc_mcu7t5v0__dffq_1)
                                 -0.250000   25.737732   clock uncertainty
                                  0.000000   25.737732   clock reconvergence pessimism
                                 -0.559853   25.177879   library setup time
                                             25.177879   data required time
---------------------------------------------------------------------------------------------
                                             25.177879   data required time
                                             -8.545081   data arrival time
---------------------------------------------------------------------------------------------
                                             16.632799   slack (MET)


Startpoint: en_i (input port clocked by clk_i)
Endpoint: _69_ (rising edge-triggered flip-flop clocked by clk_i)
Path Group: clk_i
Path Type: max

Fanout         Cap        Slew       Delay        Time   Description
---------------------------------------------------------------------------------------------
                                  0.000000    0.000000   clock clk_i (rise edge)
                                  0.000000    0.000000   clock network delay (propagated)
                                  5.000000    5.000000 v input external delay
     1    0.003502    0.105168    0.034430    5.034430 v en_i (in)
                                                         en_i (net)
                      0.105168    0.000000    5.034430 v input1/I (gf180mcu_fd_sc_mcu7t5v0__dlyb_1)
     6    0.039636    0.912144    2.346916    7.381346 v input1/Z (gf180mcu_fd_sc_mcu7t5v0__dlyb_1)
                                                         net1 (net)
                      0.912144    0.001132    7.382477 v _45_/A1 (gf180mcu_fd_sc_mcu7t5v0__nand3_1)
     2    0.012964    0.770533    0.647881    8.030358 ^ _45_/ZN (gf180mcu_fd_sc_mcu7t5v0__nand3_1)
                                                         _19_ (net)
                      0.770533    0.000086    8.030444 ^ _46_/A2 (gf180mcu_fd_sc_mcu7t5v0__nand2_1)
     1    0.004883    0.478190    0.227108    8.257552 v _46_/ZN (gf180mcu_fd_sc_mcu7t5v0__nand2_1)
                                                         _20_ (net)
                      0.478190    0.000048    8.257600 v _47_/A2 (gf180mcu_fd_sc_mcu7t5v0__nor2_1)
     1    0.002901    0.409133    0.350773    8.608373 ^ _47_/ZN (gf180mcu_fd_sc_mcu7t5v0__nor2_1)
                                                         _01_ (net)
                      0.409133    0.000028    8.608400 ^ _69_/D (gf180mcu_fd_sc_mcu7t5v0__dffq_1)
                                              8.608400   data arrival time

                                 25.000000   25.000000   clock clk_i (rise edge)
                                  0.000000   25.000000   clock source latency
     1    0.029393    0.262933    0.119979   25.119978 ^ clk_i (in)
                                                         clk_i (net)
                      0.262934    0.000000   25.119978 ^ clkbuf_0_clk_i/I (gf180mcu_fd_sc_mcu7t5v0__clkbuf_16)
     2    0.046584    0.199754    0.454184   25.574162 ^ clkbuf_0_clk_i/Z (gf180mcu_fd_sc_mcu7t5v0__clkbuf_16)
                                                         clknet_0_clk_i (net)
                      0.199754    0.000250   25.574413 ^ clkbuf_1_0__f_clk_i/I (gf180mcu_fd_sc_mcu7t5v0__clkbuf_16)
     5    0.024708    0.165495    0.413147   25.987560 ^ clkbuf_1_0__f_clk_i/Z (gf180mcu_fd_sc_mcu7t5v0__clkbuf_16)
                                                         clknet_1_0__leaf_clk_i (net)
                      0.165495    0.000162   25.987720 ^ _69_/CLK (gf180mcu_fd_sc_mcu7t5v0__dffq_1)
                                 -0.250000   25.737722   clock uncertainty
                                  0.000000   25.737722   clock reconvergence pessimism
                                 -0.491148   25.246574   library setup time
                                             25.246574   data required time
---------------------------------------------------------------------------------------------
                                             25.246574   data required time
                                             -8.608400   data arrival time
---------------------------------------------------------------------------------------------
                                             16.638172   slack (MET)



