
===========================================================================
report_checks -unconstrained
===========================================================================
======================= min_ss_125C_4v50 Corner ===================================

Startpoint: en_i (input port clocked by clk_i)
Endpoint: _75_ (rising edge-triggered flip-flop clocked by clk_i)
Path Group: clk_i
Path Type: max

Fanout         Cap        Slew       Delay        Time   Description
---------------------------------------------------------------------------------------------
                                  0.000000    0.000000   clock clk_i (rise edge)
                                  0.000000    0.000000   clock network delay (propagated)
                                  5.000000    5.000000 ^ input external delay
     1    0.003888    0.194397    0.062647    5.062647 ^ en_i (in)
                                                         en_i (net)
                      0.194397    0.000000    5.062647 ^ input1/I (gf180mcu_fd_sc_mcu7t5v0__dlyb_1)
     6    0.032445    0.995910    2.135804    7.198451 ^ input1/Z (gf180mcu_fd_sc_mcu7t5v0__dlyb_1)
                                                         net1 (net)
                      0.995910    0.000500    7.198950 ^ _49_/A1 (gf180mcu_fd_sc_mcu7t5v0__nand4_1)
     8    0.046739    2.471882    1.562179    8.761129 v _49_/ZN (gf180mcu_fd_sc_mcu7t5v0__nand4_1)
                                                         _22_ (net)
                      2.471882    0.000878    8.762008 v _64_/A3 (gf180mcu_fd_sc_mcu7t5v0__or4_1)
     2    0.009594    0.637482    2.188956   10.950963 v _64_/Z (gf180mcu_fd_sc_mcu7t5v0__or4_1)
                                                         _32_ (net)
                      0.637482    0.000115   10.951077 v _65_/A3 (gf180mcu_fd_sc_mcu7t5v0__and3_1)
     1    0.002992    0.226411    0.720460   11.671537 v _65_/Z (gf180mcu_fd_sc_mcu7t5v0__and3_1)
                                                         _07_ (net)
                      0.226411    0.000029   11.671567 v _75_/D (gf180mcu_fd_sc_mcu7t5v0__dffq_1)
                                             11.671567   data arrival time

                                 25.000000   25.000000   clock clk_i (rise edge)
                                  0.000000   25.000000   clock source latency
     1    0.027411    0.249640    0.111950   25.111948 ^ clk_i (in)
                                                         clk_i (net)
                      0.249640    0.000000   25.111948 ^ clkbuf_0_clk_i/I (gf180mcu_fd_sc_mcu7t5v0__clkbuf_16)
     2    0.048081    0.201891    0.452786   25.564735 ^ clkbuf_0_clk_i/Z (gf180mcu_fd_sc_mcu7t5v0__clkbuf_16)
                                                         clknet_0_clk_i (net)
                      0.201892    0.000487   25.565222 ^ clkbuf_1_1__f_clk_i/I (gf180mcu_fd_sc_mcu7t5v0__clkbuf_16)
     5    0.023343    0.163337    0.411537   25.976759 ^ clkbuf_1_1__f_clk_i/Z (gf180mcu_fd_sc_mcu7t5v0__clkbuf_16)
                                                         clknet_1_1__leaf_clk_i (net)
                      0.163337    0.000124   25.976883 ^ _75_/CLK (gf180mcu_fd_sc_mcu7t5v0__dffq_1)
                                 -0.250000   25.726885   clock uncertainty
                                  0.000000   25.726885   clock reconvergence pessimism
                                 -0.478892   25.247993   library setup time
                                             25.247993   data required time
---------------------------------------------------------------------------------------------
                                             25.247993   data required time
                                            -11.671567   data arrival time
---------------------------------------------------------------------------------------------
                                             13.576426   slack (MET)




===========================================================================
report_checks --slack_max -0.01
============================================================================
======================= min_ss_125C_4v50 Corner ===================================

No paths found.


===========================================================================
 report_check_types -max_slew -max_cap -max_fanout -violators
============================================================================
======================= min_ss_125C_4v50 Corner ===================================



===========================================================================
report_parasitic_annotation -report_unannotated
============================================================================
Found 1 unannotated drivers.
 clkload0/Z
Found 0 partially unannotated drivers.

===========================================================================
max slew violation count 0
max fanout violation count 0
max cap violation count 0
============================================================================

===========================================================================
check_setup -verbose -unconstrained_endpoints -multiple_clock -no_clock -no_input_delay -loops -generated_clocks
===========================================================================
