Clock: clk_i
Sources: clk_i 
Generated: no
Virtual: yes
Propagated: no
Period: 25.000000

===========================================================================
report_clock_properties
============================================================================
Clock                   Period          Waveform
----------------------------------------------------
clk_i                25.000000    0.000000 12.500000

===========================================================================
report_clock_latency
============================================================================
Clock clk_i
rise -> rise
    min     max
0.000000 0.000000 source latency
0.975635         network latency _73_/CLK
        0.977106 network latency _69_/CLK
---------------
0.975635 0.977106 latency
        0.001472 skew

fall -> fall
    min     max
0.000000 0.000000 source latency
0.898679         network latency _73_/CLK
        0.900219 network latency _69_/CLK
---------------
0.898679 0.900219 latency
        0.001539 skew



===========================================================================
report_clock_min_period
============================================================================
clk_i period_min = 7.02 fmax = 142.44
