
===========================================================================
report_checks -path_delay max (Setup)
============================================================================
======================= nom_ff_n40C_5v50 Corner ===================================

Startpoint: _68_ (rising edge-triggered flip-flop clocked by clk_i)
Endpoint: count_o[0] (output port clocked by clk_i)
Path Group: clk_i
Path Type: max

Fanout         Cap        Slew       Delay        Time   Description
---------------------------------------------------------------------------------------------
                                  0.000000    0.000000   clock clk_i (rise edge)
                                  0.000000    0.000000   clock source latency
     1    0.029133    0.099352    0.049824    0.049824 ^ clk_i (in)
                                                         clk_i (net)
                      0.099355    0.000000    0.049824 ^ clkbuf_0_clk_i/I (gf180mcu_fd_sc_mcu7t5v0__clkbuf_16)
     2    0.046064    0.071498    0.162170    0.211994 ^ clkbuf_0_clk_i/Z (gf180mcu_fd_sc_mcu7t5v0__clkbuf_16)
                                                         clknet_0_clk_i (net)
                      0.071498    0.000247    0.212241 ^ clkbuf_1_0__f_clk_i/I (gf180mcu_fd_sc_mcu7t5v0__clkbuf_16)
     5    0.024623    0.059130    0.147208    0.359450 ^ clkbuf_1_0__f_clk_i/Z (gf180mcu_fd_sc_mcu7t5v0__clkbuf_16)
                                                         clknet_1_0__leaf_clk_i (net)
                      0.059130    0.000171    0.359621 ^ _68_/CLK (gf180mcu_fd_sc_mcu7t5v0__dffq_1)
     7    0.039071    0.445738    0.656166    1.015787 ^ _68_/Q (gf180mcu_fd_sc_mcu7t5v0__dffq_1)
                                                         net3 (net)
                      0.445738    0.000275    1.016062 ^ output3/I (gf180mcu_fd_sc_mcu7t5v0__dlyb_1)
     1    0.073632    0.815602    0.969475    1.985537 ^ output3/Z (gf180mcu_fd_sc_mcu7t5v0__dlyb_1)
                                                         count_o[0] (net)
                      0.815602    0.000519    1.986056 ^ count_o[0] (out)
                                              1.986056   data arrival time

                                 25.000000   25.000000   clock clk_i (rise edge)
                                  0.000000   25.000000   clock network delay (propagated)
                                 -0.250000   24.750000   clock uncertainty
                                  0.000000   24.750000   clock reconvergence pessimism
                                 -5.000000   19.750000   output external delay
                                             19.750000   data required time
---------------------------------------------------------------------------------------------
                                             19.750000   data required time
                                             -1.986056   data arrival time
---------------------------------------------------------------------------------------------
                                             17.763945   slack (MET)


Startpoint: en_i (input port clocked by clk_i)
Endpoint: _75_ (rising edge-triggered flip-flop clocked by clk_i)
Path Group: clk_i
Path Type: max

Fanout         Cap        Slew       Delay        Time   Description
---------------------------------------------------------------------------------------------
                                  0.000000    0.000000   clock clk_i (rise edge)
                                  0.000000    0.000000   clock network delay (propagated)
                                  5.000000    5.000000 ^ input external delay
     1    0.003491    0.068258    0.023556    5.023556 ^ en_i (in)
                                                         en_i (net)
                      0.068258    0.000000    5.023556 ^ input1/I (gf180mcu_fd_sc_mcu7t5v0__dlyb_1)
     6    0.038842    0.446723    0.733354    5.756910 ^ input1/Z (gf180mcu_fd_sc_mcu7t5v0__dlyb_1)
                                                         net1 (net)
                      0.446731    0.001061    5.757972 ^ _49_/A1 (gf180mcu_fd_sc_mcu7t5v0__nand4_1)
     8    0.046598    0.790167    0.524547    6.282519 v _49_/ZN (gf180mcu_fd_sc_mcu7t5v0__nand4_1)
                                                         _22_ (net)
                      0.790168    0.001271    6.283790 v _64_/A3 (gf180mcu_fd_sc_mcu7t5v0__or4_1)
     2    0.008518    0.202837    0.672037    6.955827 v _64_/Z (gf180mcu_fd_sc_mcu7t5v0__or4_1)
                                                         _32_ (net)
                      0.202837    0.000059    6.955886 v _65_/A3 (gf180mcu_fd_sc_mcu7t5v0__and3_1)
     1    0.003022    0.083105    0.240367    7.196254 v _65_/Z (gf180mcu_fd_sc_mcu7t5v0__and3_1)
                                                         _07_ (net)
                      0.083105    0.000030    7.196284 v _75_/D (gf180mcu_fd_sc_mcu7t5v0__dffq_1)
                                              7.196284   data arrival time

                                 25.000000   25.000000   clock clk_i (rise edge)
                                  0.000000   25.000000   clock source latency
     1    0.029133    0.099352    0.049825   25.049824 ^ clk_i (in)
                                                         clk_i (net)
                      0.099355    0.000000   25.049824 ^ clkbuf_0_clk_i/I (gf180mcu_fd_sc_mcu7t5v0__clkbuf_16)
     2    0.046064    0.071498    0.162169   25.211992 ^ clkbuf_0_clk_i/Z (gf180mcu_fd_sc_mcu7t5v0__clkbuf_16)
                                                         clknet_0_clk_i (net)
                      0.071498    0.000233   25.212225 ^ clkbuf_1_1__f_clk_i/I (gf180mcu_fd_sc_mcu7t5v0__clkbuf_16)
     5    0.022596    0.057930    0.146033   25.358259 ^ clkbuf_1_1__f_clk_i/Z (gf180mcu_fd_sc_mcu7t5v0__clkbuf_16)
                                                         clknet_1_1__leaf_clk_i (net)
                      0.057930    0.000401   25.358660 ^ _75_/CLK (gf180mcu_fd_sc_mcu7t5v0__dffq_1)
                                 -0.250000   25.108662   clock uncertainty
                                  0.000000   25.108662   clock reconvergence pessimism
                                 -0.135739   24.972921   library setup time
                                             24.972921   data required time
---------------------------------------------------------------------------------------------
                                             24.972921   data required time
                                             -7.196284   data arrival time
---------------------------------------------------------------------------------------------
                                             17.776640   slack (MET)


Startpoint: _72_ (rising edge-triggered flip-flop clocked by clk_i)
Endpoint: count_o[4] (output port clocked by clk_i)
Path Group: clk_i
Path Type: max

Fanout         Cap        Slew       Delay        Time   Description
---------------------------------------------------------------------------------------------
                                  0.000000    0.000000   clock clk_i (rise edge)
                                  0.000000    0.000000   clock source latency
     1    0.029133    0.099352    0.049824    0.049824 ^ clk_i (in)
                                                         clk_i (net)
                      0.099355    0.000000    0.049824 ^ clkbuf_0_clk_i/I (gf180mcu_fd_sc_mcu7t5v0__clkbuf_16)
     2    0.046064    0.071498    0.162170    0.211994 ^ clkbuf_0_clk_i/Z (gf180mcu_fd_sc_mcu7t5v0__clkbuf_16)
                                                         clknet_0_clk_i (net)
                      0.071498    0.000247    0.212241 ^ clkbuf_1_0__f_clk_i/I (gf180mcu_fd_sc_mcu7t5v0__clkbuf_16)
     5    0.024623    0.059130    0.147208    0.359450 ^ clkbuf_1_0__f_clk_i/Z (gf180mcu_fd_sc_mcu7t5v0__clkbuf_16)
                                                         clknet_1_0__leaf_clk_i (net)
                      0.059130    0.000121    0.359571 ^ _72_/CLK (gf180mcu_fd_sc_mcu7t5v0__dffq_1)
     5    0.027267    0.321515    0.583125    0.942696 ^ _72_/Q (gf180mcu_fd_sc_mcu7t5v0__dffq_1)
                                                         net7 (net)
                      0.321515    0.000178    0.942874 ^ output7/I (gf180mcu_fd_sc_mcu7t5v0__dlyb_1)
     1    0.073606    0.815501    0.968491    1.911365 ^ output7/Z (gf180mcu_fd_sc_mcu7t5v0__dlyb_1)
                                                         count_o[4] (net)
                      0.815501    0.000511    1.911876 ^ count_o[4] (out)
                                              1.911876   data arrival time

                                 25.000000   25.000000   clock clk_i (rise edge)
                                  0.000000   25.000000   clock network delay (propagated)
                                 -0.250000   24.750000   clock uncertainty
                                  0.000000   24.750000   clock reconvergence pessimism
                                 -5.000000   19.750000   output external delay
                                             19.750000   data required time
---------------------------------------------------------------------------------------------
                                             19.750000   data required time
                                             -1.911876   data arrival time
---------------------------------------------------------------------------------------------
                                             17.838125   slack (MET)


Startpoint: _69_ (rising edge-triggered flip-flop clocked by clk_i)
Endpoint: count_o[1] (output port clocked by clk_i)
Path Group: clk_i
Path Type: max

Fanout         Cap        Slew       Delay        Time   Description
---------------------------------------------------------------------------------------------
                                  0.000000    0.000000   clock clk_i (rise edge)
                                  0.000000    0.000000   clock source latency
     1    0.029133    0.099352    0.049824    0.049824 ^ clk_i (in)
                                                         clk_i (net)
                      0.099355    0.000000    0.049824 ^ clkbuf_0_clk_i/I (gf180mcu_fd_sc_mcu7t5v0__clkbuf_16)
     2    0.046064    0.071498    0.162170    0.211994 ^ clkbuf_0_clk_i/Z (gf180mcu_fd_sc_mcu7t5v0__clkbuf_16)
                                                         clknet_0_clk_i (net)
                      0.071498    0.000247    0.212241 ^ clkbuf_1_0__f_clk_i/I (gf180mcu_fd_sc_mcu7t5v0__clkbuf_16)
     5    0.024623    0.059130    0.147208    0.359450 ^ clkbuf_1_0__f_clk_i/Z (gf180mcu_fd_sc_mcu7t5v0__clkbuf_16)
                                                         clknet_1_0__leaf_clk_i (net)
                      0.059130    0.000161    0.359611 ^ _69_/CLK (gf180mcu_fd_sc_mcu7t5v0__dffq_1)
     5    0.024520    0.292692    0.566072    0.925683 ^ _69_/Q (gf180mcu_fd_sc_mcu7t5v0__dffq_1)
                                                         net4 (net)
                      0.292694    0.000453    0.926135 ^ output4/I (gf180mcu_fd_sc_mcu7t5v0__dlyb_1)
     1    0.074671    0.826812    0.974195    1.900331 ^ output4/Z (gf180mcu_fd_sc_mcu7t5v0__dlyb_1)
                                                         count_o[1] (net)
                      0.826816    0.000999    1.901330 ^ count_o[1] (out)
                                              1.901330   data arrival time

                                 25.000000   25.000000   clock clk_i (rise edge)
                                  0.000000   25.000000   clock network delay (propagated)
                                 -0.250000   24.750000   clock uncertainty
                                  0.000000   24.750000   clock reconvergence pessimism
                                 -5.000000   19.750000   output external delay
                                             19.750000   data required time
---------------------------------------------------------------------------------------------
                                             19.750000   data required time
                                             -1.901330   data arrival time
---------------------------------------------------------------------------------------------
                                             17.848671   slack (MET)


Startpoint: en_i (input port clocked by clk_i)
Endpoint: _76_ (rising edge-triggered flip-flop clocked by clk_i)
Path Group: clk_i
Path Type: max

Fanout         Cap        Slew       Delay        Time   Description
---------------------------------------------------------------------------------------------
                                  0.000000    0.000000   clock clk_i (rise edge)
                                  0.000000    0.000000   clock network delay (propagated)
                                  5.000000    5.000000 ^ input external delay
     1    0.003491    0.068258    0.023556    5.023556 ^ en_i (in)
                                                         en_i (net)
                      0.068258    0.000000    5.023556 ^ input1/I (gf180mcu_fd_sc_mcu7t5v0__dlyb_1)
     6    0.038842    0.446723    0.733354    5.756910 ^ input1/Z (gf180mcu_fd_sc_mcu7t5v0__dlyb_1)
                                                         net1 (net)
                      0.446731    0.001061    5.757972 ^ _49_/A1 (gf180mcu_fd_sc_mcu7t5v0__nand4_1)
     8    0.046598    0.790167    0.524547    6.282519 v _49_/ZN (gf180mcu_fd_sc_mcu7t5v0__nand4_1)
                                                         _22_ (net)
                      0.790168    0.001271    6.283790 v _64_/A3 (gf180mcu_fd_sc_mcu7t5v0__or4_1)
     2    0.008518    0.202837    0.672037    6.955827 v _64_/Z (gf180mcu_fd_sc_mcu7t5v0__or4_1)
                                                         _32_ (net)
                      0.202837    0.000125    6.955952 v _67_/A2 (gf180mcu_fd_sc_mcu7t5v0__oai21_1)
     1    0.004128    0.186145    0.147208    7.103159 ^ _67_/ZN (gf180mcu_fd_sc_mcu7t5v0__oai21_1)
                                                         _08_ (net)
                      0.186145    0.000047    7.103207 ^ _76_/D (gf180mcu_fd_sc_mcu7t5v0__dffq_1)
                                              7.103207   data arrival time

                                 25.000000   25.000000   clock clk_i (rise edge)
                                  0.000000   25.000000   clock source latency
     1    0.029133    0.099352    0.049825   25.049824 ^ clk_i (in)
                                                         clk_i (net)
                      0.099355    0.000000   25.049824 ^ clkbuf_0_clk_i/I (gf180mcu_fd_sc_mcu7t5v0__clkbuf_16)
     2    0.046064    0.071498    0.162169   25.211992 ^ clkbuf_0_clk_i/Z (gf180mcu_fd_sc_mcu7t5v0__clkbuf_16)
                                                         clknet_0_clk_i (net)
                      0.071498    0.000233   25.212225 ^ clkbuf_1_1__f_clk_i/I (gf180mcu_fd_sc_mcu7t5v0__clkbuf_16)
     5    0.022596    0.057930    0.146033   25.358259 ^ clkbuf_1_1__f_clk_i/Z (gf180mcu_fd_sc_mcu7t5v0__clkbuf_16)
                                                         clknet_1_1__leaf_clk_i (net)
                      0.057930    0.000414   25.358673 ^ _76_/CLK (gf180mcu_fd_sc_mcu7t5v0__dffq_1)
                                 -0.250000   25.108673   clock uncertainty
                                  0.000000   25.108673   clock reconvergence pessimism
                                 -0.142388   24.966286   library setup time
                                             24.966286   data required time
---------------------------------------------------------------------------------------------
                                             24.966286   data required time
                                             -7.103207   data arrival time
---------------------------------------------------------------------------------------------
                                             17.863079   slack (MET)


Startpoint: _70_ (rising edge-triggered flip-flop clocked by clk_i)
Endpoint: count_o[2] (output port clocked by clk_i)
Path Group: clk_i
Path Type: max

Fanout         Cap        Slew       Delay        Time   Description
---------------------------------------------------------------------------------------------
                                  0.000000    0.000000   clock clk_i (rise edge)
                                  0.000000    0.000000   clock source latency
     1    0.029133    0.099352    0.049824    0.049824 ^ clk_i (in)
                                                         clk_i (net)
                      0.099355    0.000000    0.049824 ^ clkbuf_0_clk_i/I (gf180mcu_fd_sc_mcu7t5v0__clkbuf_16)
     2    0.046064    0.071498    0.162170    0.211994 ^ clkbuf_0_clk_i/Z (gf180mcu_fd_sc_mcu7t5v0__clkbuf_16)
                                                         clknet_0_clk_i (net)
                      0.071498    0.000247    0.212241 ^ clkbuf_1_0__f_clk_i/I (gf180mcu_fd_sc_mcu7t5v0__clkbuf_16)
     5    0.024623    0.059130    0.147208    0.359450 ^ clkbuf_1_0__f_clk_i/Z (gf180mcu_fd_sc_mcu7t5v0__clkbuf_16)
                                                         clknet_1_0__leaf_clk_i (net)
                      0.059130    0.000037    0.359487 ^ _70_/CLK (gf180mcu_fd_sc_mcu7t5v0__dffq_1)
     4    0.021723    0.263411    0.548799    0.908286 ^ _70_/Q (gf180mcu_fd_sc_mcu7t5v0__dffq_1)
                                                         net5 (net)
                      0.263411    0.000185    0.908471 ^ output5/I (gf180mcu_fd_sc_mcu7t5v0__dlyb_1)
     1    0.073862    0.818349    0.968599    1.877070 ^ output5/Z (gf180mcu_fd_sc_mcu7t5v0__dlyb_1)
                                                         count_o[2] (net)
                      0.818352    0.000883    1.877952 ^ count_o[2] (out)
                                              1.877952   data arrival time

                                 25.000000   25.000000   clock clk_i (rise edge)
                                  0.000000   25.000000   clock network delay (propagated)
                                 -0.250000   24.750000   clock uncertainty
                                  0.000000   24.750000   clock reconvergence pessimism
                                 -5.000000   19.750000   output external delay
                                             19.750000   data required time
---------------------------------------------------------------------------------------------
                                             19.750000   data required time
                                             -1.877952   data arrival time
---------------------------------------------------------------------------------------------
                                             17.872047   slack (MET)


Startpoint: _71_ (rising edge-triggered flip-flop clocked by clk_i)
Endpoint: count_o[3] (output port clocked by clk_i)
Path Group: clk_i
Path Type: max

Fanout         Cap        Slew       Delay        Time   Description
---------------------------------------------------------------------------------------------
                                  0.000000    0.000000   clock clk_i (rise edge)
                                  0.000000    0.000000   clock source latency
     1    0.029133    0.099352    0.049824    0.049824 ^ clk_i (in)
                                                         clk_i (net)
                      0.099355    0.000000    0.049824 ^ clkbuf_0_clk_i/I (gf180mcu_fd_sc_mcu7t5v0__clkbuf_16)
     2    0.046064    0.071498    0.162170    0.211994 ^ clkbuf_0_clk_i/Z (gf180mcu_fd_sc_mcu7t5v0__clkbuf_16)
                                                         clknet_0_clk_i (net)
                      0.071498    0.000247    0.212241 ^ clkbuf_1_0__f_clk_i/I (gf180mcu_fd_sc_mcu7t5v0__clkbuf_16)
     5    0.024623    0.059130    0.147208    0.359450 ^ clkbuf_1_0__f_clk_i/Z (gf180mcu_fd_sc_mcu7t5v0__clkbuf_16)
                                                         clknet_1_0__leaf_clk_i (net)
                      0.059130    0.000154    0.359604 ^ _71_/CLK (gf180mcu_fd_sc_mcu7t5v0__dffq_1)
     4    0.021624    0.262383    0.548201    0.907805 ^ _71_/Q (gf180mcu_fd_sc_mcu7t5v0__dffq_1)
                                                         net6 (net)
                      0.262383    0.000316    0.908121 ^ output6/I (gf180mcu_fd_sc_mcu7t5v0__dlyb_1)
     1    0.073899    0.818834    0.969061    1.877182 ^ output6/Z (gf180mcu_fd_sc_mcu7t5v0__dlyb_1)
                                                         count_o[3] (net)
                      0.818834    0.000578    1.877760 ^ count_o[3] (out)
                                              1.877760   data arrival time

                                 25.000000   25.000000   clock clk_i (rise edge)
                                  0.000000   25.000000   clock network delay (propagated)
                                 -0.250000   24.750000   clock uncertainty
                                  0.000000   24.750000   clock reconvergence pessimism
                                 -5.000000   19.750000   output external delay
                                             19.750000   data required time
---------------------------------------------------------------------------------------------
                                             19.750000   data required time
                                             -1.877760   data arrival time
---------------------------------------------------------------------------------------------
                                             17.872240   slack (MET)


Startpoint: _73_ (rising edge-triggered flip-flop clocked by clk_i)
Endpoint: count_o[5] (output port clocked by clk_i)
Path Group: clk_i
Path Type: max

Fanout         Cap        Slew       Delay        Time   Description
---------------------------------------------------------------------------------------------
                                  0.000000    0.000000   clock clk_i (rise edge)
                                  0.000000    0.000000   clock source latency
     1    0.029133    0.099352    0.049824    0.049824 ^ clk_i (in)
                                                         clk_i (net)
                      0.099355    0.000000    0.049824 ^ clkbuf_0_clk_i/I (gf180mcu_fd_sc_mcu7t5v0__clkbuf_16)
     2    0.046064    0.071498    0.162170    0.211994 ^ clkbuf_0_clk_i/Z (gf180mcu_fd_sc_mcu7t5v0__clkbuf_16)
                                                         clknet_0_clk_i (net)
                      0.071498    0.000232    0.212227 ^ clkbuf_1_1__f_clk_i/I (gf180mcu_fd_sc_mcu7t5v0__clkbuf_16)
     5    0.022596    0.057930    0.146033    0.358259 ^ clkbuf_1_1__f_clk_i/Z (gf180mcu_fd_sc_mcu7t5v0__clkbuf_16)
                                                         clknet_1_1__leaf_clk_i (net)
                      0.057930    0.000380    0.358640 ^ _73_/CLK (gf180mcu_fd_sc_mcu7t5v0__dffq_1)
     4    0.019444    0.239608    0.534509    0.893148 ^ _73_/Q (gf180mcu_fd_sc_mcu7t5v0__dffq_1)
                                                         net8 (net)
                      0.239608    0.000220    0.893369 ^ output8/I (gf180mcu_fd_sc_mcu7t5v0__dlyb_1)
     1    0.073575    0.815403    0.966361    1.859730 ^ output8/Z (gf180mcu_fd_sc_mcu7t5v0__dlyb_1)
                                                         count_o[5] (net)
                      0.815403    0.000810    1.860541 ^ count_o[5] (out)
                                              1.860541   data arrival time

                                 25.000000   25.000000   clock clk_i (rise edge)
                                  0.000000   25.000000   clock network delay (propagated)
                                 -0.250000   24.750000   clock uncertainty
                                  0.000000   24.750000   clock reconvergence pessimism
                                 -5.000000   19.750000   output external delay
                                             19.750000   data required time
---------------------------------------------------------------------------------------------
                                             19.750000   data required time
                                             -1.860541   data arrival time
---------------------------------------------------------------------------------------------
                                             17.889460   slack (MET)


Startpoint: _74_ (rising edge-triggered flip-flop clocked by clk_i)
Endpoint: count_o[6] (output port clocked by clk_i)
Path Group: clk_i
Path Type: max

Fanout         Cap        Slew       Delay        Time   Description
---------------------------------------------------------------------------------------------
                                  0.000000    0.000000   clock clk_i (rise edge)
                                  0.000000    0.000000   clock source latency
     1    0.029133    0.099352    0.049824    0.049824 ^ clk_i (in)
                                                         clk_i (net)
                      0.099355    0.000000    0.049824 ^ clkbuf_0_clk_i/I (gf180mcu_fd_sc_mcu7t5v0__clkbuf_16)
     2    0.046064    0.071498    0.162170    0.211994 ^ clkbuf_0_clk_i/Z (gf180mcu_fd_sc_mcu7t5v0__clkbuf_16)
                                                         clknet_0_clk_i (net)
                      0.071498    0.000232    0.212227 ^ clkbuf_1_1__f_clk_i/I (gf180mcu_fd_sc_mcu7t5v0__clkbuf_16)
     5    0.022596    0.057930    0.146033    0.358259 ^ clkbuf_1_1__f_clk_i/Z (gf180mcu_fd_sc_mcu7t5v0__clkbuf_16)
                                                         clknet_1_1__leaf_clk_i (net)
                      0.057930    0.000390    0.358649 ^ _74_/CLK (gf180mcu_fd_sc_mcu7t5v0__dffq_1)
     3    0.014955    0.193726    0.507142    0.865791 ^ _74_/Q (gf180mcu_fd_sc_mcu7t5v0__dffq_1)
                                                         net9 (net)
                      0.193726    0.000215    0.866006 ^ output9/I (gf180mcu_fd_sc_mcu7t5v0__dlyb_1)
     1    0.073832    0.818232    0.965203    1.831209 ^ output9/Z (gf180mcu_fd_sc_mcu7t5v0__dlyb_1)
                                                         count_o[6] (net)
                      0.818235    0.000865    1.832074 ^ count_o[6] (out)
                                              1.832074   data arrival time

                                 25.000000   25.000000   clock clk_i (rise edge)
                                  0.000000   25.000000   clock network delay (propagated)
                                 -0.250000   24.750000   clock uncertainty
                                  0.000000   24.750000   clock reconvergence pessimism
                                 -5.000000   19.750000   output external delay
                                             19.750000   data required time
---------------------------------------------------------------------------------------------
                                             19.750000   data required time
                                             -1.832074   data arrival time
---------------------------------------------------------------------------------------------
                                             17.917925   slack (MET)


Startpoint: _76_ (rising edge-triggered flip-flop clocked by clk_i)
Endpoint: ovf_o (output port clocked by clk_i)
Path Group: clk_i
Path Type: max

Fanout         Cap        Slew       Delay        Time   Description
---------------------------------------------------------------------------------------------
                                  0.000000    0.000000   clock clk_i (rise edge)
                                  0.000000    0.000000   clock source latency
     1    0.029133    0.099352    0.049824    0.049824 ^ clk_i (in)
                                                         clk_i (net)
                      0.099355    0.000000    0.049824 ^ clkbuf_0_clk_i/I (gf180mcu_fd_sc_mcu7t5v0__clkbuf_16)
     2    0.046064    0.071498    0.162170    0.211994 ^ clkbuf_0_clk_i/Z (gf180mcu_fd_sc_mcu7t5v0__clkbuf_16)
                                                         clknet_0_clk_i (net)
                      0.071498    0.000232    0.212227 ^ clkbuf_1_1__f_clk_i/I (gf180mcu_fd_sc_mcu7t5v0__clkbuf_16)
     5    0.022596    0.057930    0.146033    0.358259 ^ clkbuf_1_1__f_clk_i/Z (gf180mcu_fd_sc_mcu7t5v0__clkbuf_16)
                                                         clknet_1_1__leaf_clk_i (net)
                      0.057930    0.000414    0.358674 ^ _76_/CLK (gf180mcu_fd_sc_mcu7t5v0__dffq_1)
     2    0.010466    0.147799    0.479819    0.838492 ^ _76_/Q (gf180mcu_fd_sc_mcu7t5v0__dffq_1)
                                                         net11 (net)
                      0.147799    0.000143    0.838636 ^ output11/I (gf180mcu_fd_sc_mcu7t5v0__dlyb_1)
     1    0.073926    0.819262    0.961661    1.800297 ^ output11/Z (gf180mcu_fd_sc_mcu7t5v0__dlyb_1)
                                                         ovf_o (net)
                      0.819265    0.000891    1.801188 ^ ovf_o (out)
                                              1.801188   data arrival time

                                 25.000000   25.000000   clock clk_i (rise edge)
                                  0.000000   25.000000   clock network delay (propagated)
                                 -0.250000   24.750000   clock uncertainty
                                  0.000000   24.750000   clock reconvergence pessimism
                                 -5.000000   19.750000   output external delay
                                             19.750000   data required time
---------------------------------------------------------------------------------------------
                                             19.750000   data required time
                                             -1.801188   data arrival time
---------------------------------------------------------------------------------------------
                                             17.948811   slack (MET)


Startpoint: _75_ (rising edge-triggered flip-flop clocked by clk_i)
Endpoint: count_o[7] (output port clocked by clk_i)
Path Group: clk_i
Path Type: max

Fanout         Cap        Slew       Delay        Time   Description
---------------------------------------------------------------------------------------------
                                  0.000000    0.000000   clock clk_i (rise edge)
                                  0.000000    0.000000   clock source latency
     1    0.029133    0.099352    0.049824    0.049824 ^ clk_i (in)
                                                         clk_i (net)
                      0.099355    0.000000    0.049824 ^ clkbuf_0_clk_i/I (gf180mcu_fd_sc_mcu7t5v0__clkbuf_16)
     2    0.046064    0.071498    0.162170    0.211994 ^ clkbuf_0_clk_i/Z (gf180mcu_fd_sc_mcu7t5v0__clkbuf_16)
                                                         clknet_0_clk_i (net)
                      0.071498    0.000232    0.212227 ^ clkbuf_1_1__f_clk_i/I (gf180mcu_fd_sc_mcu7t5v0__clkbuf_16)
     5    0.022596    0.057930    0.146033    0.358259 ^ clkbuf_1_1__f_clk_i/Z (gf180mcu_fd_sc_mcu7t5v0__clkbuf_16)
                                                         clknet_1_1__leaf_clk_i (net)
                      0.057930    0.000401    0.358660 ^ _75_/CLK (gf180mcu_fd_sc_mcu7t5v0__dffq_1)
     2    0.009196    0.134842    0.472095    0.830755 ^ _75_/Q (gf180mcu_fd_sc_mcu7t5v0__dffq_1)
                                                         net10 (net)
                      0.134842    0.000137    0.830892 ^ output10/I (gf180mcu_fd_sc_mcu7t5v0__dlyb_1)
     1    0.073836    0.818329    0.959964    1.790855 ^ output10/Z (gf180mcu_fd_sc_mcu7t5v0__dlyb_1)
                                                         count_o[7] (net)
                      0.818332    0.000864    1.791719 ^ count_o[7] (out)
                                              1.791719   data arrival time

                                 25.000000   25.000000   clock clk_i (rise edge)
                                  0.000000   25.000000   clock network delay (propagated)
                                 -0.250000   24.750000   clock uncertainty
                                  0.000000   24.750000   clock reconvergence pessimism
                                 -5.000000   19.750000   output external delay
                                             19.750000   data required time
---------------------------------------------------------------------------------------------
                                             19.750000   data required time
                                             -1.791719   data arrival time
---------------------------------------------------------------------------------------------
                                             17.958281   slack (MET)


Startpoint: en_i (input port clocked by clk_i)
Endpoint: _73_ (rising edge-triggered flip-flop clocked by clk_i)
Path Group: clk_i
Path Type: max

Fanout         Cap        Slew       Delay        Time   Description
---------------------------------------------------------------------------------------------
                                  0.000000    0.000000   clock clk_i (rise edge)
                                  0.000000    0.000000   clock network delay (propagated)
                                  5.000000    5.000000 ^ input external delay
     1    0.003491    0.068258    0.023556    5.023556 ^ en_i (in)
                                                         en_i (net)
                      0.068258    0.000000    5.023556 ^ input1/I (gf180mcu_fd_sc_mcu7t5v0__dlyb_1)
     6    0.038842    0.446723    0.733354    5.756910 ^ input1/Z (gf180mcu_fd_sc_mcu7t5v0__dlyb_1)
                                                         net1 (net)
                      0.446731    0.001061    5.757972 ^ _49_/A1 (gf180mcu_fd_sc_mcu7t5v0__nand4_1)
     8    0.046598    0.790167    0.524547    6.282519 v _49_/ZN (gf180mcu_fd_sc_mcu7t5v0__nand4_1)
                                                         _22_ (net)
                      0.790168    0.001165    6.283683 v _57_/A3 (gf180mcu_fd_sc_mcu7t5v0__oai31_1)
     1    0.003218    0.381008    0.359059    6.642743 ^ _57_/ZN (gf180mcu_fd_sc_mcu7t5v0__oai31_1)
                                                         _27_ (net)
                      0.381008    0.000031    6.642774 ^ _59_/A2 (gf180mcu_fd_sc_mcu7t5v0__and3_1)
     1    0.003818    0.108580    0.255118    6.897892 ^ _59_/Z (gf180mcu_fd_sc_mcu7t5v0__and3_1)
                                                         _05_ (net)
                      0.108580    0.000076    6.897968 ^ _73_/D (gf180mcu_fd_sc_mcu7t5v0__dffq_1)
                                              6.897968   data arrival time

                                 25.000000   25.000000   clock clk_i (rise edge)
                                  0.000000   25.000000   clock source latency
     1    0.029133    0.099352    0.049825   25.049824 ^ clk_i (in)
                                                         clk_i (net)
                      0.099355    0.000000   25.049824 ^ clkbuf_0_clk_i/I (gf180mcu_fd_sc_mcu7t5v0__clkbuf_16)
     2    0.046064    0.071498    0.162169   25.211992 ^ clkbuf_0_clk_i/Z (gf180mcu_fd_sc_mcu7t5v0__clkbuf_16)
                                                         clknet_0_clk_i (net)
                      0.071498    0.000233   25.212225 ^ clkbuf_1_1__f_clk_i/I (gf180mcu_fd_sc_mcu7t5v0__clkbuf_16)
     5    0.022596    0.057930    0.146033   25.358259 ^ clkbuf_1_1__f_clk_i/Z (gf180mcu_fd_sc_mcu7t5v0__clkbuf_16)
                                                         clknet_1_1__leaf_clk_i (net)
                      0.057930    0.000380   25.358639 ^ _73_/CLK (gf180mcu_fd_sc_mcu7t5v0__dffq_1)
                                 -0.250000   25.108639   clock uncertainty
                                  0.000000   25.108639   clock reconvergence pessimism
                                 -0.133672   24.974966   library setup time
                                             24.974966   data required time
---------------------------------------------------------------------------------------------
                                             24.974966   data required time
                                             -6.897968   data arrival time
---------------------------------------------------------------------------------------------
                                             18.076998   slack (MET)


Startpoint: en_i (input port clocked by clk_i)
Endpoint: _74_ (rising edge-triggered flip-flop clocked by clk_i)
Path Group: clk_i
Path Type: max

Fanout         Cap        Slew       Delay        Time   Description
---------------------------------------------------------------------------------------------
                                  0.000000    0.000000   clock clk_i (rise edge)
                                  0.000000    0.000000   clock network delay (propagated)
                                  5.000000    5.000000 ^ input external delay
     1    0.003491    0.068258    0.023556    5.023556 ^ en_i (in)
                                                         en_i (net)
                      0.068258    0.000000    5.023556 ^ input1/I (gf180mcu_fd_sc_mcu7t5v0__dlyb_1)
     6    0.038842    0.446723    0.733354    5.756910 ^ input1/Z (gf180mcu_fd_sc_mcu7t5v0__dlyb_1)
                                                         net1 (net)
                      0.446731    0.001061    5.757972 ^ _49_/A1 (gf180mcu_fd_sc_mcu7t5v0__nand4_1)
     8    0.046598    0.790167    0.524547    6.282519 v _49_/ZN (gf180mcu_fd_sc_mcu7t5v0__nand4_1)
                                                         _22_ (net)
                      0.790168    0.001167    6.283686 v _61_/A2 (gf180mcu_fd_sc_mcu7t5v0__nor3_1)
     1    0.006457    0.392008    0.355147    6.638833 ^ _61_/ZN (gf180mcu_fd_sc_mcu7t5v0__nor3_1)
                                                         _30_ (net)
                      0.392008    0.000085    6.638918 ^ _62_/B (gf180mcu_fd_sc_mcu7t5v0__aoi211_1)
     1    0.003134    0.219941    0.158140    6.797058 v _62_/ZN (gf180mcu_fd_sc_mcu7t5v0__aoi211_1)
                                                         _06_ (net)
                      0.219941    0.000057    6.797115 v _74_/D (gf180mcu_fd_sc_mcu7t5v0__dffq_1)
                                              6.797115   data arrival time

                                 25.000000   25.000000   clock clk_i (rise edge)
                                  0.000000   25.000000   clock source latency
     1    0.029133    0.099352    0.049825   25.049824 ^ clk_i (in)
                                                         clk_i (net)
                      0.099355    0.000000   25.049824 ^ clkbuf_0_clk_i/I (gf180mcu_fd_sc_mcu7t5v0__clkbuf_16)
     2    0.046064    0.071498    0.162169   25.211992 ^ clkbuf_0_clk_i/Z (gf180mcu_fd_sc_mcu7t5v0__clkbuf_16)
                                                         clknet_0_clk_i (net)
                      0.071498    0.000233   25.212225 ^ clkbuf_1_1__f_clk_i/I (gf180mcu_fd_sc_mcu7t5v0__clkbuf_16)
     5    0.022596    0.057930    0.146033   25.358259 ^ clkbuf_1_1__f_clk_i/Z (gf180mcu_fd_sc_mcu7t5v0__clkbuf_16)
                                                         clknet_1_1__leaf_clk_i (net)
                      0.057930    0.000391   25.358648 ^ _74_/CLK (gf180mcu_fd_sc_mcu7t5v0__dffq_1)
                                 -0.250000   25.108650   clock uncertainty
                                  0.000000   25.108650   clock reconvergence pessimism
                                 -0.176775   24.931875   library setup time
                                             24.931875   data required time
---------------------------------------------------------------------------------------------
                                             24.931875   data required time
                                             -6.797115   data arrival time
---------------------------------------------------------------------------------------------
                                             18.134760   slack (MET)


Startpoint: en_i (input port clocked by clk_i)
Endpoint: _72_ (rising edge-triggered flip-flop clocked by clk_i)
Path Group: clk_i
Path Type: max

Fanout         Cap        Slew       Delay        Time   Description
---------------------------------------------------------------------------------------------
                                  0.000000    0.000000   clock clk_i (rise edge)
                                  0.000000    0.000000   clock network delay (propagated)
                                  5.000000    5.000000 ^ input external delay
     1    0.003491    0.068258    0.023556    5.023556 ^ en_i (in)
                                                         en_i (net)
                      0.068258    0.000000    5.023556 ^ input1/I (gf180mcu_fd_sc_mcu7t5v0__dlyb_1)
     6    0.038842    0.446723    0.733354    5.756910 ^ input1/Z (gf180mcu_fd_sc_mcu7t5v0__dlyb_1)
                                                         net1 (net)
                      0.446731    0.001061    5.757972 ^ _49_/A1 (gf180mcu_fd_sc_mcu7t5v0__nand4_1)
     8    0.046598    0.790167    0.524547    6.282519 v _49_/ZN (gf180mcu_fd_sc_mcu7t5v0__nand4_1)
                                                         _22_ (net)
                      0.790168    0.001052    6.283570 v _55_/A3 (gf180mcu_fd_sc_mcu7t5v0__nor3_1)
     1    0.006269    0.399345    0.319482    6.603052 ^ _55_/ZN (gf180mcu_fd_sc_mcu7t5v0__nor3_1)
                                                         _26_ (net)
                      0.399345    0.000079    6.603131 ^ _56_/A3 (gf180mcu_fd_sc_mcu7t5v0__nor3_1)
     1    0.004652    0.218438    0.147289    6.750421 v _56_/ZN (gf180mcu_fd_sc_mcu7t5v0__nor3_1)
                                                         _04_ (net)
                      0.218438    0.000059    6.750479 v _72_/D (gf180mcu_fd_sc_mcu7t5v0__dffq_1)
                                              6.750479   data arrival time

                                 25.000000   25.000000   clock clk_i (rise edge)
                                  0.000000   25.000000   clock source latency
     1    0.029133    0.099352    0.049825   25.049824 ^ clk_i (in)
                                                         clk_i (net)
                      0.099355    0.000000   25.049824 ^ clkbuf_0_clk_i/I (gf180mcu_fd_sc_mcu7t5v0__clkbuf_16)
     2    0.046064    0.071498    0.162169   25.211992 ^ clkbuf_0_clk_i/Z (gf180mcu_fd_sc_mcu7t5v0__clkbuf_16)
                                                         clknet_0_clk_i (net)
                      0.071498    0.000247   25.212240 ^ clkbuf_1_0__f_clk_i/I (gf180mcu_fd_sc_mcu7t5v0__clkbuf_16)
     5    0.024623    0.059130    0.147208   25.359449 ^ clkbuf_1_0__f_clk_i/Z (gf180mcu_fd_sc_mcu7t5v0__clkbuf_16)
                                                         clknet_1_0__leaf_clk_i (net)
                      0.059130    0.000121   25.359570 ^ _72_/CLK (gf180mcu_fd_sc_mcu7t5v0__dffq_1)
                                 -0.250000   25.109570   clock uncertainty
                                  0.000000   25.109570   clock reconvergence pessimism
                                 -0.176048   24.933523   library setup time
                                             24.933523   data required time
---------------------------------------------------------------------------------------------
                                             24.933523   data required time
                                             -6.750479   data arrival time
---------------------------------------------------------------------------------------------
                                             18.183043   slack (MET)


Startpoint: en_i (input port clocked by clk_i)
Endpoint: _70_ (rising edge-triggered flip-flop clocked by clk_i)
Path Group: clk_i
Path Type: max

Fanout         Cap        Slew       Delay        Time   Description
---------------------------------------------------------------------------------------------
                                  0.000000    0.000000   clock clk_i (rise edge)
                                  0.000000    0.000000   clock network delay (propagated)
                                  5.000000    5.000000 ^ input external delay
     1    0.003491    0.068258    0.023556    5.023556 ^ en_i (in)
                                                         en_i (net)
                      0.068258    0.000000    5.023556 ^ input1/I (gf180mcu_fd_sc_mcu7t5v0__dlyb_1)
     6    0.038842    0.446723    0.733354    5.756910 ^ input1/Z (gf180mcu_fd_sc_mcu7t5v0__dlyb_1)
                                                         net1 (net)
                      0.446731    0.001061    5.757972 ^ _49_/A1 (gf180mcu_fd_sc_mcu7t5v0__nand4_1)
     8    0.046598    0.790167    0.524547    6.282519 v _49_/ZN (gf180mcu_fd_sc_mcu7t5v0__nand4_1)
                                                         _22_ (net)
                      0.790167    0.000507    6.283025 v _50_/A2 (gf180mcu_fd_sc_mcu7t5v0__nand2_1)
     1    0.004785    0.248888    0.270439    6.553464 ^ _50_/ZN (gf180mcu_fd_sc_mcu7t5v0__nand2_1)
                                                         _23_ (net)
                      0.248888    0.000091    6.553555 ^ _51_/B (gf180mcu_fd_sc_mcu7t5v0__aoi21_1)
     1    0.004019    0.174452    0.135879    6.689434 v _51_/ZN (gf180mcu_fd_sc_mcu7t5v0__aoi21_1)
                                                         _02_ (net)
                      0.174452    0.000079    6.689514 v _70_/D (gf180mcu_fd_sc_mcu7t5v0__dffq_1)
                                              6.689514   data arrival time

                                 25.000000   25.000000   clock clk_i (rise edge)
                                  0.000000   25.000000   clock source latency
     1    0.029133    0.099352    0.049825   25.049824 ^ clk_i (in)
                                                         clk_i (net)
                      0.099355    0.000000   25.049824 ^ clkbuf_0_clk_i/I (gf180mcu_fd_sc_mcu7t5v0__clkbuf_16)
     2    0.046064    0.071498    0.162169   25.211992 ^ clkbuf_0_clk_i/Z (gf180mcu_fd_sc_mcu7t5v0__clkbuf_16)
                                                         clknet_0_clk_i (net)
                      0.071498    0.000247   25.212240 ^ clkbuf_1_0__f_clk_i/I (gf180mcu_fd_sc_mcu7t5v0__clkbuf_16)
     5    0.024623    0.059130    0.147208   25.359449 ^ clkbuf_1_0__f_clk_i/Z (gf180mcu_fd_sc_mcu7t5v0__clkbuf_16)
                                                         clknet_1_0__leaf_clk_i (net)
                      0.059130    0.000037   25.359486 ^ _70_/CLK (gf180mcu_fd_sc_mcu7t5v0__dffq_1)
                                 -0.250000   25.109488   clock uncertainty
                                  0.000000   25.109488   clock reconvergence pessimism
                                 -0.162783   24.946703   library setup time
                                             24.946703   data required time
---------------------------------------------------------------------------------------------
                                             24.946703   data required time
                                             -6.689514   data arrival time
---------------------------------------------------------------------------------------------
                                             18.257191   slack (MET)


Startpoint: en_i (input port clocked by clk_i)
Endpoint: _71_ (rising edge-triggered flip-flop clocked by clk_i)
Path Group: clk_i
Path Type: max

Fanout         Cap        Slew       Delay        Time   Description
---------------------------------------------------------------------------------------------
                                  0.000000    0.000000   clock clk_i (rise edge)
                                  0.000000    0.000000   clock network delay (propagated)
                                  5.000000    5.000000 ^ input external delay
     1    0.003491    0.068258    0.023556    5.023556 ^ en_i (in)
                                                         en_i (net)
                      0.068258    0.000000    5.023556 ^ input1/I (gf180mcu_fd_sc_mcu7t5v0__dlyb_1)
     6    0.038842    0.446723    0.733354    5.756910 ^ input1/Z (gf180mcu_fd_sc_mcu7t5v0__dlyb_1)
                                                         net1 (net)
                      0.446731    0.001061    5.757972 ^ _49_/A1 (gf180mcu_fd_sc_mcu7t5v0__nand4_1)
     8    0.046598    0.790167    0.524547    6.282519 v _49_/ZN (gf180mcu_fd_sc_mcu7t5v0__nand4_1)
                                                         _22_ (net)
                      0.790167    0.000541    6.283060 v _52_/A2 (gf180mcu_fd_sc_mcu7t5v0__oai21_1)
     1    0.004233    0.290317    0.257203    6.540263 ^ _52_/ZN (gf180mcu_fd_sc_mcu7t5v0__oai21_1)
                                                         _24_ (net)
                      0.290317    0.000040    6.540304 ^ _53_/B (gf180mcu_fd_sc_mcu7t5v0__aoi21_1)
     1    0.002877    0.208017    0.132467    6.672771 v _53_/ZN (gf180mcu_fd_sc_mcu7t5v0__aoi21_1)
                                                         _03_ (net)
                      0.208017    0.000028    6.672799 v _71_/D (gf180mcu_fd_sc_mcu7t5v0__dffq_1)
                                              6.672799   data arrival time

                                 25.000000   25.000000   clock clk_i (rise edge)
                                  0.000000   25.000000   clock source latency
     1    0.029133    0.099352    0.049825   25.049824 ^ clk_i (in)
                                                         clk_i (net)
                      0.099355    0.000000   25.049824 ^ clkbuf_0_clk_i/I (gf180mcu_fd_sc_mcu7t5v0__clkbuf_16)
     2    0.046064    0.071498    0.162169   25.211992 ^ clkbuf_0_clk_i/Z (gf180mcu_fd_sc_mcu7t5v0__clkbuf_16)
                                                         clknet_0_clk_i (net)
                      0.071498    0.000247   25.212240 ^ clkbuf_1_0__f_clk_i/I (gf180mcu_fd_sc_mcu7t5v0__clkbuf_16)
     5    0.024623    0.059130    0.147208   25.359449 ^ clkbuf_1_0__f_clk_i/Z (gf180mcu_fd_sc_mcu7t5v0__clkbuf_16)
                                                         clknet_1_0__leaf_clk_i (net)
                      0.059130    0.000155   25.359604 ^ _71_/CLK (gf180mcu_fd_sc_mcu7t5v0__dffq_1)
                                 -0.250000   25.109604   clock uncertainty
                                  0.000000   25.109604   clock reconvergence pessimism
                                 -0.172905   24.936699   library setup time
                                             24.936699   data required time
---------------------------------------------------------------------------------------------
                                             24.936699   data required time
                                             -6.672799   data arrival time
---------------------------------------------------------------------------------------------
                                             18.263901   slack (MET)


Startpoint: rst_ni (input port clocked by clk_i)
Endpoint: _68_ (rising edge-triggered flip-flop clocked by clk_i)
Path Group: clk_i
Path Type: max

Fanout         Cap        Slew       Delay        Time   Description
---------------------------------------------------------------------------------------------
                                  0.000000    0.000000   clock clk_i (rise edge)
                                  0.000000    0.000000   clock network delay (propagated)
                                  5.000000    5.000000 v input external delay
     1    0.004218    0.043932    0.017365    5.017365 v rst_ni (in)
                                                         rst_ni (net)
                      0.043932    0.000000    5.017365 v input2/I (gf180mcu_fd_sc_mcu7t5v0__dlyb_1)
     8    0.049852    0.387435    0.797326    5.814692 v input2/Z (gf180mcu_fd_sc_mcu7t5v0__dlyb_1)
                                                         net2 (net)
                      0.387455    0.001567    5.816259 v _41_/A2 (gf180mcu_fd_sc_mcu7t5v0__nand2_1)
     2    0.011973    0.240834    0.235505    6.051764 ^ _41_/ZN (gf180mcu_fd_sc_mcu7t5v0__nand2_1)
                                                         _16_ (net)
                      0.240834    0.000095    6.051859 ^ _43_/B1 (gf180mcu_fd_sc_mcu7t5v0__aoi22_1)
     1    0.003578    0.184989    0.127391    6.179250 v _43_/ZN (gf180mcu_fd_sc_mcu7t5v0__aoi22_1)
                                                         _00_ (net)
                      0.184989    0.000038    6.179288 v _68_/D (gf180mcu_fd_sc_mcu7t5v0__dffq_1)
                                              6.179288   data arrival time

                                 25.000000   25.000000   clock clk_i (rise edge)
                                  0.000000   25.000000   clock source latency
     1    0.029133    0.099352    0.049825   25.049824 ^ clk_i (in)
                                                         clk_i (net)
                      0.099355    0.000000   25.049824 ^ clkbuf_0_clk_i/I (gf180mcu_fd_sc_mcu7t5v0__clkbuf_16)
     2    0.046064    0.071498    0.162169   25.211992 ^ clkbuf_0_clk_i/Z (gf180mcu_fd_sc_mcu7t5v0__clkbuf_16)
                                                         clknet_0_clk_i (net)
                      0.071498    0.000247   25.212240 ^ clkbuf_1_0__f_clk_i/I (gf180mcu_fd_sc_mcu7t5v0__clkbuf_16)
     5    0.024623    0.059130    0.147208   25.359449 ^ clkbuf_1_0__f_clk_i/Z (gf180mcu_fd_sc_mcu7t5v0__clkbuf_16)
                                                         clknet_1_0__leaf_clk_i (net)
                      0.059130    0.000172   25.359621 ^ _68_/CLK (gf180mcu_fd_sc_mcu7t5v0__dffq_1)
                                 -0.250000   25.109621   clock uncertainty
                                  0.000000   25.109621   clock reconvergence pessimism
                                 -0.165961   24.943663   library setup time
                                             24.943663   data required time
---------------------------------------------------------------------------------------------
                                             24.943663   data required time
                                             -6.179288   data arrival time
---------------------------------------------------------------------------------------------
                                             18.764374   slack (MET)


Startpoint: en_i (input port clocked by clk_i)
Endpoint: _69_ (rising edge-triggered flip-flop clocked by clk_i)
Path Group: clk_i
Path Type: max

Fanout         Cap        Slew       Delay        Time   Description
---------------------------------------------------------------------------------------------
                                  0.000000    0.000000   clock clk_i (rise edge)
                                  0.000000    0.000000   clock network delay (propagated)
                                  5.000000    5.000000 ^ input external delay
     1    0.003491    0.068258    0.023556    5.023556 ^ en_i (in)
                                                         en_i (net)
                      0.068258    0.000000    5.023556 ^ input1/I (gf180mcu_fd_sc_mcu7t5v0__dlyb_1)
     6    0.038842    0.446723    0.733354    5.756910 ^ input1/Z (gf180mcu_fd_sc_mcu7t5v0__dlyb_1)
                                                         net1 (net)
                      0.446732    0.001108    5.758018 ^ _45_/A1 (gf180mcu_fd_sc_mcu7t5v0__nand3_1)
     2    0.012704    0.270540    0.196345    5.954364 v _45_/ZN (gf180mcu_fd_sc_mcu7t5v0__nand3_1)
                                                         _19_ (net)
                      0.270540    0.000084    5.954448 v _46_/A2 (gf180mcu_fd_sc_mcu7t5v0__nand2_1)
     1    0.004774    0.157024    0.150453    6.104901 ^ _46_/ZN (gf180mcu_fd_sc_mcu7t5v0__nand2_1)
                                                         _20_ (net)
                      0.157024    0.000047    6.104948 ^ _47_/A2 (gf180mcu_fd_sc_mcu7t5v0__nor2_1)
     1    0.002962    0.097675    0.080868    6.185816 v _47_/ZN (gf180mcu_fd_sc_mcu7t5v0__nor2_1)
                                                         _01_ (net)
                      0.097675    0.000028    6.185844 v _69_/D (gf180mcu_fd_sc_mcu7t5v0__dffq_1)
                                              6.185844   data arrival time

                                 25.000000   25.000000   clock clk_i (rise edge)
                                  0.000000   25.000000   clock source latency
     1    0.029133    0.099352    0.049825   25.049824 ^ clk_i (in)
                                                         clk_i (net)
                      0.099355    0.000000   25.049824 ^ clkbuf_0_clk_i/I (gf180mcu_fd_sc_mcu7t5v0__clkbuf_16)
     2    0.046064    0.071498    0.162169   25.211992 ^ clkbuf_0_clk_i/Z (gf180mcu_fd_sc_mcu7t5v0__clkbuf_16)
                                                         clknet_0_clk_i (net)
                      0.071498    0.000247   25.212240 ^ clkbuf_1_0__f_clk_i/I (gf180mcu_fd_sc_mcu7t5v0__clkbuf_16)
     5    0.024623    0.059130    0.147208   25.359449 ^ clkbuf_1_0__f_clk_i/Z (gf180mcu_fd_sc_mcu7t5v0__clkbuf_16)
                                                         clknet_1_0__leaf_clk_i (net)
                      0.059130    0.000162   25.359610 ^ _69_/CLK (gf180mcu_fd_sc_mcu7t5v0__dffq_1)
                                 -0.250000   25.109612   clock uncertainty
                                  0.000000   25.109612   clock reconvergence pessimism
                                 -0.139663   24.969948   library setup time
                                             24.969948   data required time
---------------------------------------------------------------------------------------------
                                             24.969948   data required time
                                             -6.185844   data arrival time
---------------------------------------------------------------------------------------------
                                             18.784103   slack (MET)



