
===========================================================================
report_checks -unconstrained
===========================================================================
======================= min_ss_125C_4v50 Corner ===================================

Startpoint: en_i (input port clocked by clk_i)
Endpoint: _75_ (rising edge-triggered flip-flop clocked by clk_i)
Path Group: clk_i
Path Type: max

Fanout         Cap        Slew       Delay        Time   Description
---------------------------------------------------------------------------------------------
                                  0.000000    0.000000   clock clk_i (rise edge)
                                  0.000000    0.000000   clock network delay (propagated)
                                  5.000000    5.000000 ^ input external delay
     1    0.003456    0.185318    0.055815    5.055815 ^ en_i (in)
                                                         en_i (net)
                      0.185318    0.000000    5.055815 ^ input1/I (gf180mcu_fd_sc_mcu7t5v0__dlyb_1)
     6    0.038217    1.145384    2.224134    7.279949 ^ input1/Z (gf180mcu_fd_sc_mcu7t5v0__dlyb_1)
                                                         net1 (net)
                      1.145384    0.000965    7.280914 ^ _49_/A1 (gf180mcu_fd_sc_mcu7t5v0__nand4_1)
     8    0.046071    2.365501    1.570269    8.851183 v _49_/ZN (gf180mcu_fd_sc_mcu7t5v0__nand4_1)
                                                         _22_ (net)
                      2.365501    0.001172    8.852356 v _64_/A3 (gf180mcu_fd_sc_mcu7t5v0__or4_1)
     2    0.008680    0.610829    2.139973   10.992329 v _64_/Z (gf180mcu_fd_sc_mcu7t5v0__or4_1)
                                                         _32_ (net)
                      0.610829    0.000059   10.992387 v _65_/A3 (gf180mcu_fd_sc_mcu7t5v0__and3_1)
     1    0.002917    0.224484    0.710461   11.702847 v _65_/Z (gf180mcu_fd_sc_mcu7t5v0__and3_1)
                                                         _07_ (net)
                      0.224484    0.000028   11.702876 v _75_/D (gf180mcu_fd_sc_mcu7t5v0__dffq_1)
                                             11.702876   data arrival time

                                 25.000000   25.000000   clock clk_i (rise edge)
                                  0.000000   25.000000   clock source latency
     1    0.028878    0.259493    0.117879   25.117878 ^ clk_i (in)
                                                         clk_i (net)
                      0.259493    0.000000   25.117878 ^ clkbuf_0_clk_i/I (gf180mcu_fd_sc_mcu7t5v0__clkbuf_16)
     2    0.046472    0.199560    0.453248   25.571127 ^ clkbuf_0_clk_i/Z (gf180mcu_fd_sc_mcu7t5v0__clkbuf_16)
                                                         clknet_0_clk_i (net)
                      0.199560    0.000231   25.571358 ^ clkbuf_1_1__f_clk_i/I (gf180mcu_fd_sc_mcu7t5v0__clkbuf_16)
     5    0.022225    0.161556    0.409349   25.980707 ^ clkbuf_1_1__f_clk_i/Z (gf180mcu_fd_sc_mcu7t5v0__clkbuf_16)
                                                         clknet_1_1__leaf_clk_i (net)
                      0.161556    0.000373   25.981079 ^ _75_/CLK (gf180mcu_fd_sc_mcu7t5v0__dffq_1)
                                 -0.250000   25.731081   clock uncertainty
                                  0.000000   25.731081   clock reconvergence pessimism
                                 -0.478877   25.252203   library setup time
                                             25.252203   data required time
---------------------------------------------------------------------------------------------
                                             25.252203   data required time
                                            -11.702876   data arrival time
---------------------------------------------------------------------------------------------
                                             13.549327   slack (MET)




===========================================================================
report_checks --slack_max -0.01
============================================================================
======================= min_ss_125C_4v50 Corner ===================================

No paths found.


===========================================================================
 report_check_types -max_slew -max_cap -max_fanout -violators
============================================================================
======================= min_ss_125C_4v50 Corner ===================================



===========================================================================
report_parasitic_annotation -report_unannotated
============================================================================
Found 1 unannotated drivers.
 clkload0/Z
Found 0 partially unannotated drivers.

===========================================================================
max slew violation count 0
max fanout violation count 0
max cap violation count 0
============================================================================

===========================================================================
check_setup -verbose -unconstrained_endpoints -multiple_clock -no_clock -no_input_delay -loops -generated_clocks
===========================================================================
