Clock: clk_i
Sources: clk_i 
Generated: no
Virtual: yes
Propagated: no
Period: 25.000000

===========================================================================
report_clock_properties
============================================================================
Clock                   Period          Waveform
----------------------------------------------------
clk_i                25.000000    0.000000 12.500000

===========================================================================
report_clock_latency
============================================================================
Clock clk_i
rise -> rise
    min     max
0.000000 0.000000 source latency
0.981066         network latency _73_/CLK
        0.983385 network latency _68_/CLK
---------------
0.981066 0.983385 latency
        0.002319 skew

fall -> fall
    min     max
0.000000 0.000000 source latency
0.900820         network latency _73_/CLK
        0.903318 network latency _68_/CLK
---------------
0.900820 0.903318 latency
        0.002498 skew



===========================================================================
report_clock_min_period
============================================================================
clk_i period_min = 7.00 fmax = 142.87
