
===========================================================================
report_checks -path_delay max (Setup)
============================================================================
======================= min_ss_125C_4v50 Corner ===================================

Startpoint: en_i (input port clocked by clk_i)
Endpoint: _75_ (rising edge-triggered flip-flop clocked by clk_i)
Path Group: clk_i
Path Type: max

Fanout         Cap        Slew       Delay        Time   Description
---------------------------------------------------------------------------------------------
                                  0.000000    0.000000   clock clk_i (rise edge)
                                  0.000000    0.000000   clock network delay (propagated)
                                  5.000000    5.000000 ^ input external delay
     1    0.003456    0.185318    0.055815    5.055815 ^ en_i (in)
                                                         en_i (net)
                      0.185318    0.000000    5.055815 ^ input1/I (gf180mcu_fd_sc_mcu7t5v0__dlyb_1)
     6    0.038217    1.145384    2.224134    7.279949 ^ input1/Z (gf180mcu_fd_sc_mcu7t5v0__dlyb_1)
                                                         net1 (net)
                      1.145384    0.000965    7.280914 ^ _49_/A1 (gf180mcu_fd_sc_mcu7t5v0__nand4_1)
     8    0.046071    2.365501    1.570269    8.851183 v _49_/ZN (gf180mcu_fd_sc_mcu7t5v0__nand4_1)
                                                         _22_ (net)
                      2.365501    0.001172    8.852356 v _64_/A3 (gf180mcu_fd_sc_mcu7t5v0__or4_1)
     2    0.008680    0.610829    2.139973   10.992329 v _64_/Z (gf180mcu_fd_sc_mcu7t5v0__or4_1)
                                                         _32_ (net)
                      0.610829    0.000059   10.992387 v _65_/A3 (gf180mcu_fd_sc_mcu7t5v0__and3_1)
     1    0.002917    0.224484    0.710461   11.702847 v _65_/Z (gf180mcu_fd_sc_mcu7t5v0__and3_1)
                                                         _07_ (net)
                      0.224484    0.000028   11.702876 v _75_/D (gf180mcu_fd_sc_mcu7t5v0__dffq_1)
                                             11.702876   data arrival time

                                 25.000000   25.000000   clock clk_i (rise edge)
                                  0.000000   25.000000   clock source latency
     1    0.028878    0.259493    0.117879   25.117878 ^ clk_i (in)
                                                         clk_i (net)
                      0.259493    0.000000   25.117878 ^ clkbuf_0_clk_i/I (gf180mcu_fd_sc_mcu7t5v0__clkbuf_16)
     2    0.046472    0.199560    0.453248   25.571127 ^ clkbuf_0_clk_i/Z (gf180mcu_fd_sc_mcu7t5v0__clkbuf_16)
                                                         clknet_0_clk_i (net)
                      0.199560    0.000231   25.571358 ^ clkbuf_1_1__f_clk_i/I (gf180mcu_fd_sc_mcu7t5v0__clkbuf_16)
     5    0.022225    0.161556    0.409349   25.980707 ^ clkbuf_1_1__f_clk_i/Z (gf180mcu_fd_sc_mcu7t5v0__clkbuf_16)
                                                         clknet_1_1__leaf_clk_i (net)
                      0.161556    0.000373   25.981079 ^ _75_/CLK (gf180mcu_fd_sc_mcu7t5v0__dffq_1)
                                 -0.250000   25.731081   clock uncertainty
                                  0.000000   25.731081   clock reconvergence pessimism
                                 -0.478877   25.252203   library setup time
                                             25.252203   data required time
---------------------------------------------------------------------------------------------
                                             25.252203   data required time
                                            -11.702876   data arrival time
---------------------------------------------------------------------------------------------
                                             13.549327   slack (MET)


Startpoint: en_i (input port clocked by clk_i)
Endpoint: _76_ (rising edge-triggered flip-flop clocked by clk_i)
Path Group: clk_i
Path Type: max

Fanout         Cap        Slew       Delay        Time   Description
---------------------------------------------------------------------------------------------
                                  0.000000    0.000000   clock clk_i (rise edge)
                                  0.000000    0.000000   clock network delay (propagated)
                                  5.000000    5.000000 ^ input external delay
     1    0.003456    0.185318    0.055815    5.055815 ^ en_i (in)
                                                         en_i (net)
                      0.185318    0.000000    5.055815 ^ input1/I (gf180mcu_fd_sc_mcu7t5v0__dlyb_1)
     6    0.038217    1.145384    2.224134    7.279949 ^ input1/Z (gf180mcu_fd_sc_mcu7t5v0__dlyb_1)
                                                         net1 (net)
                      1.145384    0.000965    7.280914 ^ _49_/A1 (gf180mcu_fd_sc_mcu7t5v0__nand4_1)
     8    0.046071    2.365501    1.570269    8.851183 v _49_/ZN (gf180mcu_fd_sc_mcu7t5v0__nand4_1)
                                                         _22_ (net)
                      2.365501    0.001172    8.852356 v _64_/A3 (gf180mcu_fd_sc_mcu7t5v0__or4_1)
     2    0.008680    0.610829    2.139973   10.992329 v _64_/Z (gf180mcu_fd_sc_mcu7t5v0__or4_1)
                                                         _32_ (net)
                      0.610829    0.000126   10.992455 v _67_/A2 (gf180mcu_fd_sc_mcu7t5v0__oai21_1)
     1    0.003900    0.540161    0.442522   11.434977 ^ _67_/ZN (gf180mcu_fd_sc_mcu7t5v0__oai21_1)
                                                         _08_ (net)
                      0.540161    0.000043   11.435019 ^ _76_/D (gf180mcu_fd_sc_mcu7t5v0__dffq_1)
                                             11.435019   data arrival time

                                 25.000000   25.000000   clock clk_i (rise edge)
                                  0.000000   25.000000   clock source latency
     1    0.028878    0.259493    0.117879   25.117878 ^ clk_i (in)
                                                         clk_i (net)
                      0.259493    0.000000   25.117878 ^ clkbuf_0_clk_i/I (gf180mcu_fd_sc_mcu7t5v0__clkbuf_16)
     2    0.046472    0.199560    0.453248   25.571127 ^ clkbuf_0_clk_i/Z (gf180mcu_fd_sc_mcu7t5v0__clkbuf_16)
                                                         clknet_0_clk_i (net)
                      0.199560    0.000231   25.571358 ^ clkbuf_1_1__f_clk_i/I (gf180mcu_fd_sc_mcu7t5v0__clkbuf_16)
     5    0.022225    0.161556    0.409349   25.980707 ^ clkbuf_1_1__f_clk_i/Z (gf180mcu_fd_sc_mcu7t5v0__clkbuf_16)
                                                         clknet_1_1__leaf_clk_i (net)
                      0.161556    0.000384   25.981091 ^ _76_/CLK (gf180mcu_fd_sc_mcu7t5v0__dffq_1)
                                 -0.250000   25.731091   clock uncertainty
                                  0.000000   25.731091   clock reconvergence pessimism
                                 -0.512590   25.218500   library setup time
                                             25.218500   data required time
---------------------------------------------------------------------------------------------
                                             25.218500   data required time
                                            -11.435019   data arrival time
---------------------------------------------------------------------------------------------
                                             13.783481   slack (MET)


Startpoint: _68_ (rising edge-triggered flip-flop clocked by clk_i)
Endpoint: count_o[0] (output port clocked by clk_i)
Path Group: clk_i
Path Type: max

Fanout         Cap        Slew       Delay        Time   Description
---------------------------------------------------------------------------------------------
                                  0.000000    0.000000   clock clk_i (rise edge)
                                  0.000000    0.000000   clock source latency
     1    0.028878    0.259493    0.117880    0.117880 ^ clk_i (in)
                                                         clk_i (net)
                      0.259493    0.000000    0.117880 ^ clkbuf_0_clk_i/I (gf180mcu_fd_sc_mcu7t5v0__clkbuf_16)
     2    0.046472    0.199560    0.453248    0.571127 ^ clkbuf_0_clk_i/Z (gf180mcu_fd_sc_mcu7t5v0__clkbuf_16)
                                                         clknet_0_clk_i (net)
                      0.199560    0.000243    0.571370 ^ clkbuf_1_0__f_clk_i/I (gf180mcu_fd_sc_mcu7t5v0__clkbuf_16)
     5    0.023869    0.164167    0.411855    0.983225 ^ clkbuf_1_0__f_clk_i/Z (gf180mcu_fd_sc_mcu7t5v0__clkbuf_16)
                                                         clknet_1_0__leaf_clk_i (net)
                      0.164167    0.000160    0.983385 ^ _68_/CLK (gf180mcu_fd_sc_mcu7t5v0__dffq_1)
     7    0.038694    1.138150    1.906274    2.889659 ^ _68_/Q (gf180mcu_fd_sc_mcu7t5v0__dffq_1)
                                                         net3 (net)
                      1.138150    0.000259    2.889918 ^ output3/I (gf180mcu_fd_sc_mcu7t5v0__dlyb_1)
     1    0.073587    2.165420    2.854318    5.744236 ^ output3/Z (gf180mcu_fd_sc_mcu7t5v0__dlyb_1)
                                                         count_o[0] (net)
                      2.165420    0.000489    5.744725 ^ count_o[0] (out)
                                              5.744725   data arrival time

                                 25.000000   25.000000   clock clk_i (rise edge)
                                  0.000000   25.000000   clock network delay (propagated)
                                 -0.250000   24.750000   clock uncertainty
                                  0.000000   24.750000   clock reconvergence pessimism
                                 -5.000000   19.750000   output external delay
                                             19.750000   data required time
---------------------------------------------------------------------------------------------
                                             19.750000   data required time
                                             -5.744725   data arrival time
---------------------------------------------------------------------------------------------
                                             14.005274   slack (MET)


Startpoint: _72_ (rising edge-triggered flip-flop clocked by clk_i)
Endpoint: count_o[4] (output port clocked by clk_i)
Path Group: clk_i
Path Type: max

Fanout         Cap        Slew       Delay        Time   Description
---------------------------------------------------------------------------------------------
                                  0.000000    0.000000   clock clk_i (rise edge)
                                  0.000000    0.000000   clock source latency
     1    0.028878    0.259493    0.117880    0.117880 ^ clk_i (in)
                                                         clk_i (net)
                      0.259493    0.000000    0.117880 ^ clkbuf_0_clk_i/I (gf180mcu_fd_sc_mcu7t5v0__clkbuf_16)
     2    0.046472    0.199560    0.453248    0.571127 ^ clkbuf_0_clk_i/Z (gf180mcu_fd_sc_mcu7t5v0__clkbuf_16)
                                                         clknet_0_clk_i (net)
                      0.199560    0.000243    0.571370 ^ clkbuf_1_0__f_clk_i/I (gf180mcu_fd_sc_mcu7t5v0__clkbuf_16)
     5    0.023869    0.164167    0.411855    0.983225 ^ clkbuf_1_0__f_clk_i/Z (gf180mcu_fd_sc_mcu7t5v0__clkbuf_16)
                                                         clknet_1_0__leaf_clk_i (net)
                      0.164167    0.000109    0.983335 ^ _72_/CLK (gf180mcu_fd_sc_mcu7t5v0__dffq_1)
     5    0.026865    0.850463    1.723684    2.707019 ^ _72_/Q (gf180mcu_fd_sc_mcu7t5v0__dffq_1)
                                                         net7 (net)
                      0.850463    0.000170    2.707189 ^ output7/I (gf180mcu_fd_sc_mcu7t5v0__dlyb_1)
     1    0.073562    2.164223    2.843008    5.550196 ^ output7/Z (gf180mcu_fd_sc_mcu7t5v0__dlyb_1)
                                                         count_o[4] (net)
                      2.164223    0.000483    5.550679 ^ count_o[4] (out)
                                              5.550679   data arrival time

                                 25.000000   25.000000   clock clk_i (rise edge)
                                  0.000000   25.000000   clock network delay (propagated)
                                 -0.250000   24.750000   clock uncertainty
                                  0.000000   24.750000   clock reconvergence pessimism
                                 -5.000000   19.750000   output external delay
                                             19.750000   data required time
---------------------------------------------------------------------------------------------
                                             19.750000   data required time
                                             -5.550679   data arrival time
---------------------------------------------------------------------------------------------
                                             14.199321   slack (MET)


Startpoint: _69_ (rising edge-triggered flip-flop clocked by clk_i)
Endpoint: count_o[1] (output port clocked by clk_i)
Path Group: clk_i
Path Type: max

Fanout         Cap        Slew       Delay        Time   Description
---------------------------------------------------------------------------------------------
                                  0.000000    0.000000   clock clk_i (rise edge)
                                  0.000000    0.000000   clock source latency
     1    0.028878    0.259493    0.117880    0.117880 ^ clk_i (in)
                                                         clk_i (net)
                      0.259493    0.000000    0.117880 ^ clkbuf_0_clk_i/I (gf180mcu_fd_sc_mcu7t5v0__clkbuf_16)
     2    0.046472    0.199560    0.453248    0.571127 ^ clkbuf_0_clk_i/Z (gf180mcu_fd_sc_mcu7t5v0__clkbuf_16)
                                                         clknet_0_clk_i (net)
                      0.199560    0.000243    0.571370 ^ clkbuf_1_0__f_clk_i/I (gf180mcu_fd_sc_mcu7t5v0__clkbuf_16)
     5    0.023869    0.164167    0.411855    0.983225 ^ clkbuf_1_0__f_clk_i/Z (gf180mcu_fd_sc_mcu7t5v0__clkbuf_16)
                                                         clknet_1_0__leaf_clk_i (net)
                      0.164167    0.000151    0.983377 ^ _69_/CLK (gf180mcu_fd_sc_mcu7t5v0__dffq_1)
     5    0.024090    0.750102    1.680563    2.663940 ^ _69_/Q (gf180mcu_fd_sc_mcu7t5v0__dffq_1)
                                                         net4 (net)
                      0.750102    0.000429    2.664369 ^ output4/I (gf180mcu_fd_sc_mcu7t5v0__dlyb_1)
     1    0.074510    2.118646    2.851783    5.516152 ^ output4/Z (gf180mcu_fd_sc_mcu7t5v0__dlyb_1)
                                                         count_o[1] (net)
                      2.118646    0.000946    5.517098 ^ count_o[1] (out)
                                              5.517098   data arrival time

                                 25.000000   25.000000   clock clk_i (rise edge)
                                  0.000000   25.000000   clock network delay (propagated)
                                 -0.250000   24.750000   clock uncertainty
                                  0.000000   24.750000   clock reconvergence pessimism
                                 -5.000000   19.750000   output external delay
                                             19.750000   data required time
---------------------------------------------------------------------------------------------
                                             19.750000   data required time
                                             -5.517098   data arrival time
---------------------------------------------------------------------------------------------
                                             14.232902   slack (MET)


Startpoint: _71_ (rising edge-triggered flip-flop clocked by clk_i)
Endpoint: count_o[3] (output port clocked by clk_i)
Path Group: clk_i
Path Type: max

Fanout         Cap        Slew       Delay        Time   Description
---------------------------------------------------------------------------------------------
                                  0.000000    0.000000   clock clk_i (rise edge)
                                  0.000000    0.000000   clock source latency
     1    0.028878    0.259493    0.117880    0.117880 ^ clk_i (in)
                                                         clk_i (net)
                      0.259493    0.000000    0.117880 ^ clkbuf_0_clk_i/I (gf180mcu_fd_sc_mcu7t5v0__clkbuf_16)
     2    0.046472    0.199560    0.453248    0.571127 ^ clkbuf_0_clk_i/Z (gf180mcu_fd_sc_mcu7t5v0__clkbuf_16)
                                                         clknet_0_clk_i (net)
                      0.199560    0.000243    0.571370 ^ clkbuf_1_0__f_clk_i/I (gf180mcu_fd_sc_mcu7t5v0__clkbuf_16)
     5    0.023869    0.164167    0.411855    0.983225 ^ clkbuf_1_0__f_clk_i/Z (gf180mcu_fd_sc_mcu7t5v0__clkbuf_16)
                                                         clknet_1_0__leaf_clk_i (net)
                      0.164167    0.000142    0.983368 ^ _71_/CLK (gf180mcu_fd_sc_mcu7t5v0__dffq_1)
     4    0.021416    0.679202    1.639254    2.622622 ^ _71_/Q (gf180mcu_fd_sc_mcu7t5v0__dffq_1)
                                                         net6 (net)
                      0.679202    0.000295    2.622917 ^ output6/I (gf180mcu_fd_sc_mcu7t5v0__dlyb_1)
     1    0.073832    2.171166    2.838331    5.461247 ^ output6/Z (gf180mcu_fd_sc_mcu7t5v0__dlyb_1)
                                                         count_o[3] (net)
                      2.171166    0.000539    5.461787 ^ count_o[3] (out)
                                              5.461787   data arrival time

                                 25.000000   25.000000   clock clk_i (rise edge)
                                  0.000000   25.000000   clock network delay (propagated)
                                 -0.250000   24.750000   clock uncertainty
                                  0.000000   24.750000   clock reconvergence pessimism
                                 -5.000000   19.750000   output external delay
                                             19.750000   data required time
---------------------------------------------------------------------------------------------
                                             19.750000   data required time
                                             -5.461787   data arrival time
---------------------------------------------------------------------------------------------
                                             14.288213   slack (MET)


Startpoint: _70_ (rising edge-triggered flip-flop clocked by clk_i)
Endpoint: count_o[2] (output port clocked by clk_i)
Path Group: clk_i
Path Type: max

Fanout         Cap        Slew       Delay        Time   Description
---------------------------------------------------------------------------------------------
                                  0.000000    0.000000   clock clk_i (rise edge)
                                  0.000000    0.000000   clock source latency
     1    0.028878    0.259493    0.117880    0.117880 ^ clk_i (in)
                                                         clk_i (net)
                      0.259493    0.000000    0.117880 ^ clkbuf_0_clk_i/I (gf180mcu_fd_sc_mcu7t5v0__clkbuf_16)
     2    0.046472    0.199560    0.453248    0.571127 ^ clkbuf_0_clk_i/Z (gf180mcu_fd_sc_mcu7t5v0__clkbuf_16)
                                                         clknet_0_clk_i (net)
                      0.199560    0.000243    0.571370 ^ clkbuf_1_0__f_clk_i/I (gf180mcu_fd_sc_mcu7t5v0__clkbuf_16)
     5    0.023869    0.164167    0.411855    0.983225 ^ clkbuf_1_0__f_clk_i/Z (gf180mcu_fd_sc_mcu7t5v0__clkbuf_16)
                                                         clknet_1_0__leaf_clk_i (net)
                      0.164167    0.000037    0.983262 ^ _70_/CLK (gf180mcu_fd_sc_mcu7t5v0__dffq_1)
     4    0.021173    0.672740    1.635479    2.618741 ^ _70_/Q (gf180mcu_fd_sc_mcu7t5v0__dffq_1)
                                                         net5 (net)
                      0.672740    0.000175    2.618915 ^ output5/I (gf180mcu_fd_sc_mcu7t5v0__dlyb_1)
     1    0.073789    2.098965    2.836675    5.455591 ^ output5/Z (gf180mcu_fd_sc_mcu7t5v0__dlyb_1)
                                                         count_o[2] (net)
                      2.098965    0.000848    5.456439 ^ count_o[2] (out)
                                              5.456439   data arrival time

                                 25.000000   25.000000   clock clk_i (rise edge)
                                  0.000000   25.000000   clock network delay (propagated)
                                 -0.250000   24.750000   clock uncertainty
                                  0.000000   24.750000   clock reconvergence pessimism
                                 -5.000000   19.750000   output external delay
                                             19.750000   data required time
---------------------------------------------------------------------------------------------
                                             19.750000   data required time
                                             -5.456439   data arrival time
---------------------------------------------------------------------------------------------
                                             14.293561   slack (MET)


Startpoint: _73_ (rising edge-triggered flip-flop clocked by clk_i)
Endpoint: count_o[5] (output port clocked by clk_i)
Path Group: clk_i
Path Type: max

Fanout         Cap        Slew       Delay        Time   Description
---------------------------------------------------------------------------------------------
                                  0.000000    0.000000   clock clk_i (rise edge)
                                  0.000000    0.000000   clock source latency
     1    0.028878    0.259493    0.117880    0.117880 ^ clk_i (in)
                                                         clk_i (net)
                      0.259493    0.000000    0.117880 ^ clkbuf_0_clk_i/I (gf180mcu_fd_sc_mcu7t5v0__clkbuf_16)
     2    0.046472    0.199560    0.453248    0.571127 ^ clkbuf_0_clk_i/Z (gf180mcu_fd_sc_mcu7t5v0__clkbuf_16)
                                                         clknet_0_clk_i (net)
                      0.199560    0.000230    0.571358 ^ clkbuf_1_1__f_clk_i/I (gf180mcu_fd_sc_mcu7t5v0__clkbuf_16)
     5    0.022225    0.161556    0.409350    0.980708 ^ clkbuf_1_1__f_clk_i/Z (gf180mcu_fd_sc_mcu7t5v0__clkbuf_16)
                                                         clknet_1_1__leaf_clk_i (net)
                      0.161556    0.000358    0.981066 ^ _73_/CLK (gf180mcu_fd_sc_mcu7t5v0__dffq_1)
     4    0.019466    0.628057    1.608457    2.589523 ^ _73_/Q (gf180mcu_fd_sc_mcu7t5v0__dffq_1)
                                                         net8 (net)
                      0.628057    0.000218    2.589741 ^ output8/I (gf180mcu_fd_sc_mcu7t5v0__dlyb_1)
     1    0.073529    2.162564    2.830996    5.420736 ^ output8/Z (gf180mcu_fd_sc_mcu7t5v0__dlyb_1)
                                                         count_o[5] (net)
                      2.162564    0.000786    5.421523 ^ count_o[5] (out)
                                              5.421523   data arrival time

                                 25.000000   25.000000   clock clk_i (rise edge)
                                  0.000000   25.000000   clock network delay (propagated)
                                 -0.250000   24.750000   clock uncertainty
                                  0.000000   24.750000   clock reconvergence pessimism
                                 -5.000000   19.750000   output external delay
                                             19.750000   data required time
---------------------------------------------------------------------------------------------
                                             19.750000   data required time
                                             -5.421523   data arrival time
---------------------------------------------------------------------------------------------
                                             14.328477   slack (MET)


Startpoint: _74_ (rising edge-triggered flip-flop clocked by clk_i)
Endpoint: count_o[6] (output port clocked by clk_i)
Path Group: clk_i
Path Type: max

Fanout         Cap        Slew       Delay        Time   Description
---------------------------------------------------------------------------------------------
                                  0.000000    0.000000   clock clk_i (rise edge)
                                  0.000000    0.000000   clock source latency
     1    0.028878    0.259493    0.117880    0.117880 ^ clk_i (in)
                                                         clk_i (net)
                      0.259493    0.000000    0.117880 ^ clkbuf_0_clk_i/I (gf180mcu_fd_sc_mcu7t5v0__clkbuf_16)
     2    0.046472    0.199560    0.453248    0.571127 ^ clkbuf_0_clk_i/Z (gf180mcu_fd_sc_mcu7t5v0__clkbuf_16)
                                                         clknet_0_clk_i (net)
                      0.199560    0.000230    0.571358 ^ clkbuf_1_1__f_clk_i/I (gf180mcu_fd_sc_mcu7t5v0__clkbuf_16)
     5    0.022225    0.161556    0.409350    0.980708 ^ clkbuf_1_1__f_clk_i/Z (gf180mcu_fd_sc_mcu7t5v0__clkbuf_16)
                                                         clknet_1_1__leaf_clk_i (net)
                      0.161556    0.000366    0.981074 ^ _74_/CLK (gf180mcu_fd_sc_mcu7t5v0__dffq_1)
     3    0.014968    0.514129    1.538296    2.519370 ^ _74_/Q (gf180mcu_fd_sc_mcu7t5v0__dffq_1)
                                                         net9 (net)
                      0.514129    0.000207    2.519577 ^ output9/I (gf180mcu_fd_sc_mcu7t5v0__dlyb_1)
     1    0.073763    2.097910    2.824043    5.343620 ^ output9/Z (gf180mcu_fd_sc_mcu7t5v0__dlyb_1)
                                                         count_o[6] (net)
                      2.097910    0.000833    5.344452 ^ count_o[6] (out)
                                              5.344452   data arrival time

                                 25.000000   25.000000   clock clk_i (rise edge)
                                  0.000000   25.000000   clock network delay (propagated)
                                 -0.250000   24.750000   clock uncertainty
                                  0.000000   24.750000   clock reconvergence pessimism
                                 -5.000000   19.750000   output external delay
                                             19.750000   data required time
---------------------------------------------------------------------------------------------
                                             19.750000   data required time
                                             -5.344452   data arrival time
---------------------------------------------------------------------------------------------
                                             14.405547   slack (MET)


Startpoint: _76_ (rising edge-triggered flip-flop clocked by clk_i)
Endpoint: ovf_o (output port clocked by clk_i)
Path Group: clk_i
Path Type: max

Fanout         Cap        Slew       Delay        Time   Description
---------------------------------------------------------------------------------------------
                                  0.000000    0.000000   clock clk_i (rise edge)
                                  0.000000    0.000000   clock source latency
     1    0.028878    0.259493    0.117880    0.117880 ^ clk_i (in)
                                                         clk_i (net)
                      0.259493    0.000000    0.117880 ^ clkbuf_0_clk_i/I (gf180mcu_fd_sc_mcu7t5v0__clkbuf_16)
     2    0.046472    0.199560    0.453248    0.571127 ^ clkbuf_0_clk_i/Z (gf180mcu_fd_sc_mcu7t5v0__clkbuf_16)
                                                         clknet_0_clk_i (net)
                      0.199560    0.000230    0.571358 ^ clkbuf_1_1__f_clk_i/I (gf180mcu_fd_sc_mcu7t5v0__clkbuf_16)
     5    0.022225    0.161556    0.409350    0.980708 ^ clkbuf_1_1__f_clk_i/Z (gf180mcu_fd_sc_mcu7t5v0__clkbuf_16)
                                                         clknet_1_1__leaf_clk_i (net)
                      0.161556    0.000384    0.981092 ^ _76_/CLK (gf180mcu_fd_sc_mcu7t5v0__dffq_1)
     2    0.010492    0.400911    1.468484    2.449575 ^ _76_/Q (gf180mcu_fd_sc_mcu7t5v0__dffq_1)
                                                         net11 (net)
                      0.400911    0.000140    2.449716 ^ output11/I (gf180mcu_fd_sc_mcu7t5v0__dlyb_1)
     1    0.073847    2.100188    2.809563    5.259278 ^ output11/Z (gf180mcu_fd_sc_mcu7t5v0__dlyb_1)
                                                         ovf_o (net)
                      2.100188    0.000855    5.260133 ^ ovf_o (out)
                                              5.260133   data arrival time

                                 25.000000   25.000000   clock clk_i (rise edge)
                                  0.000000   25.000000   clock network delay (propagated)
                                 -0.250000   24.750000   clock uncertainty
                                  0.000000   24.750000   clock reconvergence pessimism
                                 -5.000000   19.750000   output external delay
                                             19.750000   data required time
---------------------------------------------------------------------------------------------
                                             19.750000   data required time
                                             -5.260133   data arrival time
---------------------------------------------------------------------------------------------
                                             14.489865   slack (MET)


Startpoint: _75_ (rising edge-triggered flip-flop clocked by clk_i)
Endpoint: count_o[7] (output port clocked by clk_i)
Path Group: clk_i
Path Type: max

Fanout         Cap        Slew       Delay        Time   Description
---------------------------------------------------------------------------------------------
                                  0.000000    0.000000   clock clk_i (rise edge)
                                  0.000000    0.000000   clock source latency
     1    0.028878    0.259493    0.117880    0.117880 ^ clk_i (in)
                                                         clk_i (net)
                      0.259493    0.000000    0.117880 ^ clkbuf_0_clk_i/I (gf180mcu_fd_sc_mcu7t5v0__clkbuf_16)
     2    0.046472    0.199560    0.453248    0.571127 ^ clkbuf_0_clk_i/Z (gf180mcu_fd_sc_mcu7t5v0__clkbuf_16)
                                                         clknet_0_clk_i (net)
                      0.199560    0.000230    0.571358 ^ clkbuf_1_1__f_clk_i/I (gf180mcu_fd_sc_mcu7t5v0__clkbuf_16)
     5    0.022225    0.161556    0.409350    0.980708 ^ clkbuf_1_1__f_clk_i/Z (gf180mcu_fd_sc_mcu7t5v0__clkbuf_16)
                                                         clknet_1_1__leaf_clk_i (net)
                      0.161556    0.000372    0.981080 ^ _75_/CLK (gf180mcu_fd_sc_mcu7t5v0__dffq_1)
     2    0.009219    0.368768    1.448635    2.429715 ^ _75_/Q (gf180mcu_fd_sc_mcu7t5v0__dffq_1)
                                                         net10 (net)
                      0.368768    0.000133    2.429848 ^ output10/I (gf180mcu_fd_sc_mcu7t5v0__dlyb_1)
     1    0.073762    2.097898    2.803779    5.233627 ^ output10/Z (gf180mcu_fd_sc_mcu7t5v0__dlyb_1)
                                                         count_o[7] (net)
                      2.097898    0.000832    5.234459 ^ count_o[7] (out)
                                              5.234459   data arrival time

                                 25.000000   25.000000   clock clk_i (rise edge)
                                  0.000000   25.000000   clock network delay (propagated)
                                 -0.250000   24.750000   clock uncertainty
                                  0.000000   24.750000   clock reconvergence pessimism
                                 -5.000000   19.750000   output external delay
                                             19.750000   data required time
---------------------------------------------------------------------------------------------
                                             19.750000   data required time
                                             -5.234459   data arrival time
---------------------------------------------------------------------------------------------
                                             14.515540   slack (MET)


Startpoint: en_i (input port clocked by clk_i)
Endpoint: _73_ (rising edge-triggered flip-flop clocked by clk_i)
Path Group: clk_i
Path Type: max

Fanout         Cap        Slew       Delay        Time   Description
---------------------------------------------------------------------------------------------
                                  0.000000    0.000000   clock clk_i (rise edge)
                                  0.000000    0.000000   clock network delay (propagated)
                                  5.000000    5.000000 ^ input external delay
     1    0.003456    0.185318    0.055815    5.055815 ^ en_i (in)
                                                         en_i (net)
                      0.185318    0.000000    5.055815 ^ input1/I (gf180mcu_fd_sc_mcu7t5v0__dlyb_1)
     6    0.038217    1.145384    2.224134    7.279949 ^ input1/Z (gf180mcu_fd_sc_mcu7t5v0__dlyb_1)
                                                         net1 (net)
                      1.145384    0.000965    7.280914 ^ _49_/A1 (gf180mcu_fd_sc_mcu7t5v0__nand4_1)
     8    0.046071    2.365501    1.570269    8.851183 v _49_/ZN (gf180mcu_fd_sc_mcu7t5v0__nand4_1)
                                                         _22_ (net)
                      2.365501    0.001077    8.852261 v _57_/A3 (gf180mcu_fd_sc_mcu7t5v0__oai31_1)
     1    0.003166    1.117101    1.067532    9.919792 ^ _57_/ZN (gf180mcu_fd_sc_mcu7t5v0__oai31_1)
                                                         _27_ (net)
                      1.117101    0.000030    9.919823 ^ _59_/A2 (gf180mcu_fd_sc_mcu7t5v0__and3_1)
     1    0.003633    0.304878    0.806998   10.726821 ^ _59_/Z (gf180mcu_fd_sc_mcu7t5v0__and3_1)
                                                         _05_ (net)
                      0.304878    0.000071   10.726892 ^ _73_/D (gf180mcu_fd_sc_mcu7t5v0__dffq_1)
                                             10.726892   data arrival time

                                 25.000000   25.000000   clock clk_i (rise edge)
                                  0.000000   25.000000   clock source latency
     1    0.028878    0.259493    0.117879   25.117878 ^ clk_i (in)
                                                         clk_i (net)
                      0.259493    0.000000   25.117878 ^ clkbuf_0_clk_i/I (gf180mcu_fd_sc_mcu7t5v0__clkbuf_16)
     2    0.046472    0.199560    0.453248   25.571127 ^ clkbuf_0_clk_i/Z (gf180mcu_fd_sc_mcu7t5v0__clkbuf_16)
                                                         clknet_0_clk_i (net)
                      0.199560    0.000231   25.571358 ^ clkbuf_1_1__f_clk_i/I (gf180mcu_fd_sc_mcu7t5v0__clkbuf_16)
     5    0.022225    0.161556    0.409349   25.980707 ^ clkbuf_1_1__f_clk_i/Z (gf180mcu_fd_sc_mcu7t5v0__clkbuf_16)
                                                         clknet_1_1__leaf_clk_i (net)
                      0.161556    0.000359   25.981066 ^ _73_/CLK (gf180mcu_fd_sc_mcu7t5v0__dffq_1)
                                 -0.250000   25.731066   clock uncertainty
                                  0.000000   25.731066   clock reconvergence pessimism
                                 -0.476006   25.255060   library setup time
                                             25.255060   data required time
---------------------------------------------------------------------------------------------
                                             25.255060   data required time
                                            -10.726892   data arrival time
---------------------------------------------------------------------------------------------
                                             14.528170   slack (MET)


Startpoint: en_i (input port clocked by clk_i)
Endpoint: _74_ (rising edge-triggered flip-flop clocked by clk_i)
Path Group: clk_i
Path Type: max

Fanout         Cap        Slew       Delay        Time   Description
---------------------------------------------------------------------------------------------
                                  0.000000    0.000000   clock clk_i (rise edge)
                                  0.000000    0.000000   clock network delay (propagated)
                                  5.000000    5.000000 ^ input external delay
     1    0.003456    0.185318    0.055815    5.055815 ^ en_i (in)
                                                         en_i (net)
                      0.185318    0.000000    5.055815 ^ input1/I (gf180mcu_fd_sc_mcu7t5v0__dlyb_1)
     6    0.038217    1.145384    2.224134    7.279949 ^ input1/Z (gf180mcu_fd_sc_mcu7t5v0__dlyb_1)
                                                         net1 (net)
                      1.145384    0.000965    7.280914 ^ _49_/A1 (gf180mcu_fd_sc_mcu7t5v0__nand4_1)
     8    0.046071    2.365501    1.570269    8.851183 v _49_/ZN (gf180mcu_fd_sc_mcu7t5v0__nand4_1)
                                                         _22_ (net)
                      2.365501    0.001078    8.852262 v _61_/A2 (gf180mcu_fd_sc_mcu7t5v0__nor3_1)
     1    0.006271    1.152527    1.044251    9.896512 ^ _61_/ZN (gf180mcu_fd_sc_mcu7t5v0__nor3_1)
                                                         _30_ (net)
                      1.152527    0.000078    9.896590 ^ _62_/B (gf180mcu_fd_sc_mcu7t5v0__aoi211_1)
     1    0.003024    0.596875    0.473029   10.369619 v _62_/ZN (gf180mcu_fd_sc_mcu7t5v0__aoi211_1)
                                                         _06_ (net)
                      0.596875    0.000054   10.369674 v _74_/D (gf180mcu_fd_sc_mcu7t5v0__dffq_1)
                                             10.369674   data arrival time

                                 25.000000   25.000000   clock clk_i (rise edge)
                                  0.000000   25.000000   clock source latency
     1    0.028878    0.259493    0.117879   25.117878 ^ clk_i (in)
                                                         clk_i (net)
                      0.259493    0.000000   25.117878 ^ clkbuf_0_clk_i/I (gf180mcu_fd_sc_mcu7t5v0__clkbuf_16)
     2    0.046472    0.199560    0.453248   25.571127 ^ clkbuf_0_clk_i/Z (gf180mcu_fd_sc_mcu7t5v0__clkbuf_16)
                                                         clknet_0_clk_i (net)
                      0.199560    0.000231   25.571358 ^ clkbuf_1_1__f_clk_i/I (gf180mcu_fd_sc_mcu7t5v0__clkbuf_16)
     5    0.022225    0.161556    0.409349   25.980707 ^ clkbuf_1_1__f_clk_i/Z (gf180mcu_fd_sc_mcu7t5v0__clkbuf_16)
                                                         clknet_1_1__leaf_clk_i (net)
                      0.161556    0.000368   25.981073 ^ _74_/CLK (gf180mcu_fd_sc_mcu7t5v0__dffq_1)
                                 -0.250000   25.731075   clock uncertainty
                                  0.000000   25.731075   clock reconvergence pessimism
                                 -0.594113   25.136961   library setup time
                                             25.136961   data required time
---------------------------------------------------------------------------------------------
                                             25.136961   data required time
                                            -10.369674   data arrival time
---------------------------------------------------------------------------------------------
                                             14.767288   slack (MET)


Startpoint: en_i (input port clocked by clk_i)
Endpoint: _72_ (rising edge-triggered flip-flop clocked by clk_i)
Path Group: clk_i
Path Type: max

Fanout         Cap        Slew       Delay        Time   Description
---------------------------------------------------------------------------------------------
                                  0.000000    0.000000   clock clk_i (rise edge)
                                  0.000000    0.000000   clock network delay (propagated)
                                  5.000000    5.000000 ^ input external delay
     1    0.003456    0.185318    0.055815    5.055815 ^ en_i (in)
                                                         en_i (net)
                      0.185318    0.000000    5.055815 ^ input1/I (gf180mcu_fd_sc_mcu7t5v0__dlyb_1)
     6    0.038217    1.145384    2.224134    7.279949 ^ input1/Z (gf180mcu_fd_sc_mcu7t5v0__dlyb_1)
                                                         net1 (net)
                      1.145384    0.000965    7.280914 ^ _49_/A1 (gf180mcu_fd_sc_mcu7t5v0__nand4_1)
     8    0.046071    2.365501    1.570269    8.851183 v _49_/ZN (gf180mcu_fd_sc_mcu7t5v0__nand4_1)
                                                         _22_ (net)
                      2.365501    0.000973    8.852157 v _55_/A3 (gf180mcu_fd_sc_mcu7t5v0__nor3_1)
     1    0.006135    1.150941    0.952862    9.805018 ^ _55_/ZN (gf180mcu_fd_sc_mcu7t5v0__nor3_1)
                                                         _26_ (net)
                      1.150941    0.000074    9.805092 ^ _56_/A3 (gf180mcu_fd_sc_mcu7t5v0__nor3_1)
     1    0.004389    0.562950    0.429463   10.234555 v _56_/ZN (gf180mcu_fd_sc_mcu7t5v0__nor3_1)
                                                         _04_ (net)
                      0.562950    0.000052   10.234608 v _72_/D (gf180mcu_fd_sc_mcu7t5v0__dffq_1)
                                             10.234608   data arrival time

                                 25.000000   25.000000   clock clk_i (rise edge)
                                  0.000000   25.000000   clock source latency
     1    0.028878    0.259493    0.117879   25.117878 ^ clk_i (in)
                                                         clk_i (net)
                      0.259493    0.000000   25.117878 ^ clkbuf_0_clk_i/I (gf180mcu_fd_sc_mcu7t5v0__clkbuf_16)
     2    0.046472    0.199560    0.453248   25.571127 ^ clkbuf_0_clk_i/Z (gf180mcu_fd_sc_mcu7t5v0__clkbuf_16)
                                                         clknet_0_clk_i (net)
                      0.199560    0.000243   25.571369 ^ clkbuf_1_0__f_clk_i/I (gf180mcu_fd_sc_mcu7t5v0__clkbuf_16)
     5    0.023869    0.164167    0.411855   25.983225 ^ clkbuf_1_0__f_clk_i/Z (gf180mcu_fd_sc_mcu7t5v0__clkbuf_16)
                                                         clknet_1_0__leaf_clk_i (net)
                      0.164167    0.000108   25.983334 ^ _72_/CLK (gf180mcu_fd_sc_mcu7t5v0__dffq_1)
                                 -0.250000   25.733334   clock uncertainty
                                  0.000000   25.733334   clock reconvergence pessimism
                                 -0.581270   25.152063   library setup time
                                             25.152063   data required time
---------------------------------------------------------------------------------------------
                                             25.152063   data required time
                                            -10.234608   data arrival time
---------------------------------------------------------------------------------------------
                                             14.917458   slack (MET)


Startpoint: en_i (input port clocked by clk_i)
Endpoint: _71_ (rising edge-triggered flip-flop clocked by clk_i)
Path Group: clk_i
Path Type: max

Fanout         Cap        Slew       Delay        Time   Description
---------------------------------------------------------------------------------------------
                                  0.000000    0.000000   clock clk_i (rise edge)
                                  0.000000    0.000000   clock network delay (propagated)
                                  5.000000    5.000000 ^ input external delay
     1    0.003456    0.185318    0.055815    5.055815 ^ en_i (in)
                                                         en_i (net)
                      0.185318    0.000000    5.055815 ^ input1/I (gf180mcu_fd_sc_mcu7t5v0__dlyb_1)
     6    0.038217    1.145384    2.224134    7.279949 ^ input1/Z (gf180mcu_fd_sc_mcu7t5v0__dlyb_1)
                                                         net1 (net)
                      1.145384    0.000965    7.280914 ^ _49_/A1 (gf180mcu_fd_sc_mcu7t5v0__nand4_1)
     8    0.046071    2.365501    1.570269    8.851183 v _49_/ZN (gf180mcu_fd_sc_mcu7t5v0__nand4_1)
                                                         _22_ (net)
                      2.365501    0.000489    8.851672 v _52_/A2 (gf180mcu_fd_sc_mcu7t5v0__oai21_1)
     1    0.004264    0.816694    0.757936    9.609609 ^ _52_/ZN (gf180mcu_fd_sc_mcu7t5v0__oai21_1)
                                                         _24_ (net)
                      0.816694    0.000040    9.609649 ^ _53_/B (gf180mcu_fd_sc_mcu7t5v0__aoi21_1)
     1    0.002784    0.514081    0.378710    9.988358 v _53_/ZN (gf180mcu_fd_sc_mcu7t5v0__aoi21_1)
                                                         _03_ (net)
                      0.514081    0.000027    9.988385 v _71_/D (gf180mcu_fd_sc_mcu7t5v0__dffq_1)
                                              9.988385   data arrival time

                                 25.000000   25.000000   clock clk_i (rise edge)
                                  0.000000   25.000000   clock source latency
     1    0.028878    0.259493    0.117879   25.117878 ^ clk_i (in)
                                                         clk_i (net)
                      0.259493    0.000000   25.117878 ^ clkbuf_0_clk_i/I (gf180mcu_fd_sc_mcu7t5v0__clkbuf_16)
     2    0.046472    0.199560    0.453248   25.571127 ^ clkbuf_0_clk_i/Z (gf180mcu_fd_sc_mcu7t5v0__clkbuf_16)
                                                         clknet_0_clk_i (net)
                      0.199560    0.000243   25.571369 ^ clkbuf_1_0__f_clk_i/I (gf180mcu_fd_sc_mcu7t5v0__clkbuf_16)
     5    0.023869    0.164167    0.411855   25.983225 ^ clkbuf_1_0__f_clk_i/Z (gf180mcu_fd_sc_mcu7t5v0__clkbuf_16)
                                                         clknet_1_0__leaf_clk_i (net)
                      0.164167    0.000142   25.983368 ^ _71_/CLK (gf180mcu_fd_sc_mcu7t5v0__dffq_1)
                                 -0.250000   25.733368   clock uncertainty
                                  0.000000   25.733368   clock reconvergence pessimism
                                 -0.566092   25.167276   library setup time
                                             25.167276   data required time
---------------------------------------------------------------------------------------------
                                             25.167276   data required time
                                             -9.988385   data arrival time
---------------------------------------------------------------------------------------------
                                             15.178891   slack (MET)


Startpoint: en_i (input port clocked by clk_i)
Endpoint: _70_ (rising edge-triggered flip-flop clocked by clk_i)
Path Group: clk_i
Path Type: max

Fanout         Cap        Slew       Delay        Time   Description
---------------------------------------------------------------------------------------------
                                  0.000000    0.000000   clock clk_i (rise edge)
                                  0.000000    0.000000   clock network delay (propagated)
                                  5.000000    5.000000 ^ input external delay
     1    0.003456    0.185318    0.055815    5.055815 ^ en_i (in)
                                                         en_i (net)
                      0.185318    0.000000    5.055815 ^ input1/I (gf180mcu_fd_sc_mcu7t5v0__dlyb_1)
     6    0.038217    1.145384    2.224134    7.279949 ^ input1/Z (gf180mcu_fd_sc_mcu7t5v0__dlyb_1)
                                                         net1 (net)
                      1.145384    0.000965    7.280914 ^ _49_/A1 (gf180mcu_fd_sc_mcu7t5v0__nand4_1)
     8    0.046071    2.365501    1.570269    8.851183 v _49_/ZN (gf180mcu_fd_sc_mcu7t5v0__nand4_1)
                                                         _22_ (net)
                      2.365501    0.000459    8.851643 v _50_/A2 (gf180mcu_fd_sc_mcu7t5v0__nand2_1)
     1    0.004770    0.674086    0.766554    9.618196 ^ _50_/ZN (gf180mcu_fd_sc_mcu7t5v0__nand2_1)
                                                         _23_ (net)
                      0.674086    0.000089    9.618285 ^ _51_/B (gf180mcu_fd_sc_mcu7t5v0__aoi21_1)
     1    0.003777    0.450866    0.378819    9.997104 v _51_/ZN (gf180mcu_fd_sc_mcu7t5v0__aoi21_1)
                                                         _02_ (net)
                      0.450866    0.000074    9.997177 v _70_/D (gf180mcu_fd_sc_mcu7t5v0__dffq_1)
                                              9.997177   data arrival time

                                 25.000000   25.000000   clock clk_i (rise edge)
                                  0.000000   25.000000   clock source latency
     1    0.028878    0.259493    0.117879   25.117878 ^ clk_i (in)
                                                         clk_i (net)
                      0.259493    0.000000   25.117878 ^ clkbuf_0_clk_i/I (gf180mcu_fd_sc_mcu7t5v0__clkbuf_16)
     2    0.046472    0.199560    0.453248   25.571127 ^ clkbuf_0_clk_i/Z (gf180mcu_fd_sc_mcu7t5v0__clkbuf_16)
                                                         clknet_0_clk_i (net)
                      0.199560    0.000243   25.571369 ^ clkbuf_1_0__f_clk_i/I (gf180mcu_fd_sc_mcu7t5v0__clkbuf_16)
     5    0.023869    0.164167    0.411855   25.983225 ^ clkbuf_1_0__f_clk_i/Z (gf180mcu_fd_sc_mcu7t5v0__clkbuf_16)
                                                         clknet_1_0__leaf_clk_i (net)
                      0.164167    0.000036   25.983261 ^ _70_/CLK (gf180mcu_fd_sc_mcu7t5v0__dffq_1)
                                 -0.250000   25.733261   clock uncertainty
                                  0.000000   25.733261   clock reconvergence pessimism
                                 -0.546658   25.186604   library setup time
                                             25.186604   data required time
---------------------------------------------------------------------------------------------
                                             25.186604   data required time
                                             -9.997177   data arrival time
---------------------------------------------------------------------------------------------
                                             15.189425   slack (MET)


Startpoint: en_i (input port clocked by clk_i)
Endpoint: _69_ (rising edge-triggered flip-flop clocked by clk_i)
Path Group: clk_i
Path Type: max

Fanout         Cap        Slew       Delay        Time   Description
---------------------------------------------------------------------------------------------
                                  0.000000    0.000000   clock clk_i (rise edge)
                                  0.000000    0.000000   clock network delay (propagated)
                                  5.000000    5.000000 v input external delay
     1    0.003456    0.106160    0.033986    5.033986 v en_i (in)
                                                         en_i (net)
                      0.106160    0.000000    5.033986 v input1/I (gf180mcu_fd_sc_mcu7t5v0__dlyb_1)
     6    0.038217    0.892513    2.330967    7.364954 v input1/Z (gf180mcu_fd_sc_mcu7t5v0__dlyb_1)
                                                         net1 (net)
                      0.892513    0.001009    7.365963 v _45_/A1 (gf180mcu_fd_sc_mcu7t5v0__nand3_1)
     2    0.012568    0.755515    0.633254    7.999217 ^ _45_/ZN (gf180mcu_fd_sc_mcu7t5v0__nand3_1)
                                                         _19_ (net)
                      0.755515    0.000083    7.999300 ^ _46_/A2 (gf180mcu_fd_sc_mcu7t5v0__nand2_1)
     1    0.004816    0.467722    0.225548    8.224848 v _46_/ZN (gf180mcu_fd_sc_mcu7t5v0__nand2_1)
                                                         _20_ (net)
                      0.467722    0.000046    8.224894 v _47_/A2 (gf180mcu_fd_sc_mcu7t5v0__nor2_1)
     1    0.002839    0.405227    0.347043    8.571938 ^ _47_/ZN (gf180mcu_fd_sc_mcu7t5v0__nor2_1)
                                                         _01_ (net)
                      0.405227    0.000027    8.571964 ^ _69_/D (gf180mcu_fd_sc_mcu7t5v0__dffq_1)
                                              8.571964   data arrival time

                                 25.000000   25.000000   clock clk_i (rise edge)
                                  0.000000   25.000000   clock source latency
     1    0.028878    0.259493    0.117879   25.117878 ^ clk_i (in)
                                                         clk_i (net)
                      0.259493    0.000000   25.117878 ^ clkbuf_0_clk_i/I (gf180mcu_fd_sc_mcu7t5v0__clkbuf_16)
     2    0.046472    0.199560    0.453248   25.571127 ^ clkbuf_0_clk_i/Z (gf180mcu_fd_sc_mcu7t5v0__clkbuf_16)
                                                         clknet_0_clk_i (net)
                      0.199560    0.000243   25.571369 ^ clkbuf_1_0__f_clk_i/I (gf180mcu_fd_sc_mcu7t5v0__clkbuf_16)
     5    0.023869    0.164167    0.411855   25.983225 ^ clkbuf_1_0__f_clk_i/Z (gf180mcu_fd_sc_mcu7t5v0__clkbuf_16)
                                                         clknet_1_0__leaf_clk_i (net)
                      0.164167    0.000151   25.983376 ^ _69_/CLK (gf180mcu_fd_sc_mcu7t5v0__dffq_1)
                                 -0.250000   25.733377   clock uncertainty
                                  0.000000   25.733377   clock reconvergence pessimism
                                 -0.490900   25.242477   library setup time
                                             25.242477   data required time
---------------------------------------------------------------------------------------------
                                             25.242477   data required time
                                             -8.571964   data arrival time
---------------------------------------------------------------------------------------------
                                             16.670513   slack (MET)


Startpoint: rst_ni (input port clocked by clk_i)
Endpoint: _68_ (rising edge-triggered flip-flop clocked by clk_i)
Path Group: clk_i
Path Type: max

Fanout         Cap        Slew       Delay        Time   Description
---------------------------------------------------------------------------------------------
                                  0.000000    0.000000   clock clk_i (rise edge)
                                  0.000000    0.000000   clock network delay (propagated)
                                  5.000000    5.000000 v input external delay
     1    0.004082    0.114260    0.040115    5.040115 v rst_ni (in)
                                                         rst_ni (net)
                      0.114260    0.000000    5.040115 v input2/I (gf180mcu_fd_sc_mcu7t5v0__dlyb_1)
     8    0.048928    1.042160    2.456236    7.496350 v input2/Z (gf180mcu_fd_sc_mcu7t5v0__dlyb_1)
                                                         net2 (net)
                      1.042163    0.001434    7.497784 v _41_/A2 (gf180mcu_fd_sc_mcu7t5v0__nand2_1)
     2    0.011983    0.645662    0.636510    8.134294 ^ _41_/ZN (gf180mcu_fd_sc_mcu7t5v0__nand2_1)
                                                         _16_ (net)
                      0.645662    0.000093    8.134387 ^ _43_/B1 (gf180mcu_fd_sc_mcu7t5v0__aoi22_1)
     1    0.003381    0.483597    0.370461    8.504848 v _43_/ZN (gf180mcu_fd_sc_mcu7t5v0__aoi22_1)
                                                         _00_ (net)
                      0.483597    0.000035    8.504883 v _68_/D (gf180mcu_fd_sc_mcu7t5v0__dffq_1)
                                              8.504883   data arrival time

                                 25.000000   25.000000   clock clk_i (rise edge)
                                  0.000000   25.000000   clock source latency
     1    0.028878    0.259493    0.117879   25.117878 ^ clk_i (in)
                                                         clk_i (net)
                      0.259493    0.000000   25.117878 ^ clkbuf_0_clk_i/I (gf180mcu_fd_sc_mcu7t5v0__clkbuf_16)
     2    0.046472    0.199560    0.453248   25.571127 ^ clkbuf_0_clk_i/Z (gf180mcu_fd_sc_mcu7t5v0__clkbuf_16)
                                                         clknet_0_clk_i (net)
                      0.199560    0.000243   25.571369 ^ clkbuf_1_0__f_clk_i/I (gf180mcu_fd_sc_mcu7t5v0__clkbuf_16)
     5    0.023869    0.164167    0.411855   25.983225 ^ clkbuf_1_0__f_clk_i/Z (gf180mcu_fd_sc_mcu7t5v0__clkbuf_16)
                                                         clknet_1_0__leaf_clk_i (net)
                      0.164167    0.000160   25.983385 ^ _68_/CLK (gf180mcu_fd_sc_mcu7t5v0__dffq_1)
                                 -0.250000   25.733385   clock uncertainty
                                  0.000000   25.733385   clock reconvergence pessimism
                                 -0.556720   25.176664   library setup time
                                             25.176664   data required time
---------------------------------------------------------------------------------------------
                                             25.176664   data required time
                                             -8.504883   data arrival time
---------------------------------------------------------------------------------------------
                                             16.671783   slack (MET)



