
===========================================================================
report_checks -path_delay min (Hold)
============================================================================
======================= min_ss_125C_4v50 Corner ===================================

Startpoint: _76_ (rising edge-triggered flip-flop clocked by clk_i)
Endpoint: _76_ (rising edge-triggered flip-flop clocked by clk_i)
Path Group: clk_i
Path Type: min

Fanout         Cap        Slew       Delay        Time   Description
---------------------------------------------------------------------------------------------
                                  0.000000    0.000000   clock clk_i (rise edge)
                                  0.000000    0.000000   clock source latency
     1    0.028878    0.259493    0.117880    0.117880 ^ clk_i (in)
                                                         clk_i (net)
                      0.259493    0.000000    0.117880 ^ clkbuf_0_clk_i/I (gf180mcu_fd_sc_mcu7t5v0__clkbuf_16)
     2    0.046472    0.199560    0.453248    0.571127 ^ clkbuf_0_clk_i/Z (gf180mcu_fd_sc_mcu7t5v0__clkbuf_16)
                                                         clknet_0_clk_i (net)
                      0.199560    0.000230    0.571358 ^ clkbuf_1_1__f_clk_i/I (gf180mcu_fd_sc_mcu7t5v0__clkbuf_16)
     5    0.022225    0.161556    0.409350    0.980708 ^ clkbuf_1_1__f_clk_i/Z (gf180mcu_fd_sc_mcu7t5v0__clkbuf_16)
                                                         clknet_1_1__leaf_clk_i (net)
                      0.161556    0.000384    0.981092 ^ _76_/CLK (gf180mcu_fd_sc_mcu7t5v0__dffq_1)
     2    0.010492    0.280959    1.277188    2.258279 v _76_/Q (gf180mcu_fd_sc_mcu7t5v0__dffq_1)
                                                         net11 (net)
                      0.280959    0.000180    2.258459 v _66_/A1 (gf180mcu_fd_sc_mcu7t5v0__nand2_1)
     1    0.006198    0.304814    0.269987    2.528446 ^ _66_/ZN (gf180mcu_fd_sc_mcu7t5v0__nand2_1)
                                                         _33_ (net)
                      0.304814    0.000123    2.528570 ^ _67_/B (gf180mcu_fd_sc_mcu7t5v0__oai21_1)
     1    0.003900    0.223813    0.225230    2.753799 v _67_/ZN (gf180mcu_fd_sc_mcu7t5v0__oai21_1)
                                                         _08_ (net)
                      0.223813    0.000043    2.753842 v _76_/D (gf180mcu_fd_sc_mcu7t5v0__dffq_1)
                                              2.753842   data arrival time

                                  0.000000    0.000000   clock clk_i (rise edge)
                                  0.000000    0.000000   clock source latency
     1    0.028878    0.259493    0.117880    0.117880 ^ clk_i (in)
                                                         clk_i (net)
                      0.259493    0.000000    0.117880 ^ clkbuf_0_clk_i/I (gf180mcu_fd_sc_mcu7t5v0__clkbuf_16)
     2    0.046472    0.199560    0.453248    0.571127 ^ clkbuf_0_clk_i/Z (gf180mcu_fd_sc_mcu7t5v0__clkbuf_16)
                                                         clknet_0_clk_i (net)
                      0.199560    0.000230    0.571358 ^ clkbuf_1_1__f_clk_i/I (gf180mcu_fd_sc_mcu7t5v0__clkbuf_16)
     5    0.022225    0.161556    0.409350    0.980708 ^ clkbuf_1_1__f_clk_i/Z (gf180mcu_fd_sc_mcu7t5v0__clkbuf_16)
                                                         clknet_1_1__leaf_clk_i (net)
                      0.161556    0.000384    0.981092 ^ _76_/CLK (gf180mcu_fd_sc_mcu7t5v0__dffq_1)
                                  0.250000    1.231092   clock uncertainty
                                  0.000000    1.231092   clock reconvergence pessimism
                                  0.125385    1.356476   library hold time
                                              1.356476   data required time
---------------------------------------------------------------------------------------------
                                              1.356476   data required time
                                             -2.753842   data arrival time
---------------------------------------------------------------------------------------------
                                              1.397366   slack (MET)


Startpoint: _74_ (rising edge-triggered flip-flop clocked by clk_i)
Endpoint: _74_ (rising edge-triggered flip-flop clocked by clk_i)
Path Group: clk_i
Path Type: min

Fanout         Cap        Slew       Delay        Time   Description
---------------------------------------------------------------------------------------------
                                  0.000000    0.000000   clock clk_i (rise edge)
                                  0.000000    0.000000   clock source latency
     1    0.028878    0.259493    0.117880    0.117880 ^ clk_i (in)
                                                         clk_i (net)
                      0.259493    0.000000    0.117880 ^ clkbuf_0_clk_i/I (gf180mcu_fd_sc_mcu7t5v0__clkbuf_16)
     2    0.046472    0.199560    0.453248    0.571127 ^ clkbuf_0_clk_i/Z (gf180mcu_fd_sc_mcu7t5v0__clkbuf_16)
                                                         clknet_0_clk_i (net)
                      0.199560    0.000230    0.571358 ^ clkbuf_1_1__f_clk_i/I (gf180mcu_fd_sc_mcu7t5v0__clkbuf_16)
     5    0.022225    0.161556    0.409350    0.980708 ^ clkbuf_1_1__f_clk_i/Z (gf180mcu_fd_sc_mcu7t5v0__clkbuf_16)
                                                         clknet_1_1__leaf_clk_i (net)
                      0.161556    0.000366    0.981074 ^ _74_/CLK (gf180mcu_fd_sc_mcu7t5v0__dffq_1)
     3    0.014968    0.343144    1.327883    2.308957 v _74_/Q (gf180mcu_fd_sc_mcu7t5v0__dffq_1)
                                                         net9 (net)
                      0.343144    0.000243    2.309200 v _35_/I (gf180mcu_fd_sc_mcu7t5v0__clkinv_1)
     1    0.006120    0.277373    0.246662    2.555862 ^ _35_/ZN (gf180mcu_fd_sc_mcu7t5v0__clkinv_1)
                                                         _10_ (net)
                      0.277373    0.000122    2.555984 ^ _62_/A1 (gf180mcu_fd_sc_mcu7t5v0__aoi211_1)
     1    0.003024    0.263640    0.232656    2.788639 v _62_/ZN (gf180mcu_fd_sc_mcu7t5v0__aoi211_1)
                                                         _06_ (net)
                      0.263640    0.000055    2.788694 v _74_/D (gf180mcu_fd_sc_mcu7t5v0__dffq_1)
                                              2.788694   data arrival time

                                  0.000000    0.000000   clock clk_i (rise edge)
                                  0.000000    0.000000   clock source latency
     1    0.028878    0.259493    0.117880    0.117880 ^ clk_i (in)
                                                         clk_i (net)
                      0.259493    0.000000    0.117880 ^ clkbuf_0_clk_i/I (gf180mcu_fd_sc_mcu7t5v0__clkbuf_16)
     2    0.046472    0.199560    0.453248    0.571127 ^ clkbuf_0_clk_i/Z (gf180mcu_fd_sc_mcu7t5v0__clkbuf_16)
                                                         clknet_0_clk_i (net)
                      0.199560    0.000230    0.571358 ^ clkbuf_1_1__f_clk_i/I (gf180mcu_fd_sc_mcu7t5v0__clkbuf_16)
     5    0.022225    0.161556    0.409350    0.980708 ^ clkbuf_1_1__f_clk_i/Z (gf180mcu_fd_sc_mcu7t5v0__clkbuf_16)
                                                         clknet_1_1__leaf_clk_i (net)
                      0.161556    0.000366    0.981074 ^ _74_/CLK (gf180mcu_fd_sc_mcu7t5v0__dffq_1)
                                  0.250000    1.231074   clock uncertainty
                                  0.000000    1.231074   clock reconvergence pessimism
                                  0.115220    1.346294   library hold time
                                              1.346294   data required time
---------------------------------------------------------------------------------------------
                                              1.346294   data required time
                                             -2.788694   data arrival time
---------------------------------------------------------------------------------------------
                                              1.442400   slack (MET)


Startpoint: _70_ (rising edge-triggered flip-flop clocked by clk_i)
Endpoint: _70_ (rising edge-triggered flip-flop clocked by clk_i)
Path Group: clk_i
Path Type: min

Fanout         Cap        Slew       Delay        Time   Description
---------------------------------------------------------------------------------------------
                                  0.000000    0.000000   clock clk_i (rise edge)
                                  0.000000    0.000000   clock source latency
     1    0.028878    0.259493    0.117880    0.117880 ^ clk_i (in)
                                                         clk_i (net)
                      0.259493    0.000000    0.117880 ^ clkbuf_0_clk_i/I (gf180mcu_fd_sc_mcu7t5v0__clkbuf_16)
     2    0.046472    0.199560    0.453248    0.571127 ^ clkbuf_0_clk_i/Z (gf180mcu_fd_sc_mcu7t5v0__clkbuf_16)
                                                         clknet_0_clk_i (net)
                      0.199560    0.000243    0.571370 ^ clkbuf_1_0__f_clk_i/I (gf180mcu_fd_sc_mcu7t5v0__clkbuf_16)
     5    0.023869    0.164167    0.411855    0.983225 ^ clkbuf_1_0__f_clk_i/Z (gf180mcu_fd_sc_mcu7t5v0__clkbuf_16)
                                                         clknet_1_0__leaf_clk_i (net)
                      0.164167    0.000037    0.983262 ^ _70_/CLK (gf180mcu_fd_sc_mcu7t5v0__dffq_1)
     4    0.021173    0.431781    1.397376    2.380638 v _70_/Q (gf180mcu_fd_sc_mcu7t5v0__dffq_1)
                                                         net5 (net)
                      0.431781    0.000264    2.380903 v _39_/I (gf180mcu_fd_sc_mcu7t5v0__clkinv_1)
     1    0.007030    0.315436    0.286736    2.667638 ^ _39_/ZN (gf180mcu_fd_sc_mcu7t5v0__clkinv_1)
                                                         _14_ (net)
                      0.315436    0.000091    2.667729 ^ _51_/A1 (gf180mcu_fd_sc_mcu7t5v0__aoi21_1)
     1    0.003777    0.233910    0.205362    2.873091 v _51_/ZN (gf180mcu_fd_sc_mcu7t5v0__aoi21_1)
                                                         _02_ (net)
                      0.233910    0.000073    2.873164 v _70_/D (gf180mcu_fd_sc_mcu7t5v0__dffq_1)
                                              2.873164   data arrival time

                                  0.000000    0.000000   clock clk_i (rise edge)
                                  0.000000    0.000000   clock source latency
     1    0.028878    0.259493    0.117880    0.117880 ^ clk_i (in)
                                                         clk_i (net)
                      0.259493    0.000000    0.117880 ^ clkbuf_0_clk_i/I (gf180mcu_fd_sc_mcu7t5v0__clkbuf_16)
     2    0.046472    0.199560    0.453248    0.571127 ^ clkbuf_0_clk_i/Z (gf180mcu_fd_sc_mcu7t5v0__clkbuf_16)
                                                         clknet_0_clk_i (net)
                      0.199560    0.000243    0.571370 ^ clkbuf_1_0__f_clk_i/I (gf180mcu_fd_sc_mcu7t5v0__clkbuf_16)
     5    0.023869    0.164167    0.411855    0.983225 ^ clkbuf_1_0__f_clk_i/Z (gf180mcu_fd_sc_mcu7t5v0__clkbuf_16)
                                                         clknet_1_0__leaf_clk_i (net)
                      0.164167    0.000037    0.983262 ^ _70_/CLK (gf180mcu_fd_sc_mcu7t5v0__dffq_1)
                                  0.250000    1.233262   clock uncertainty
                                  0.000000    1.233262   clock reconvergence pessimism
                                  0.124062    1.357324   library hold time
                                              1.357324   data required time
---------------------------------------------------------------------------------------------
                                              1.357324   data required time
                                             -2.873164   data arrival time
---------------------------------------------------------------------------------------------
                                              1.515840   slack (MET)


Startpoint: _69_ (rising edge-triggered flip-flop clocked by clk_i)
Endpoint: _69_ (rising edge-triggered flip-flop clocked by clk_i)
Path Group: clk_i
Path Type: min

Fanout         Cap        Slew       Delay        Time   Description
---------------------------------------------------------------------------------------------
                                  0.000000    0.000000   clock clk_i (rise edge)
                                  0.000000    0.000000   clock source latency
     1    0.028878    0.259493    0.117880    0.117880 ^ clk_i (in)
                                                         clk_i (net)
                      0.259493    0.000000    0.117880 ^ clkbuf_0_clk_i/I (gf180mcu_fd_sc_mcu7t5v0__clkbuf_16)
     2    0.046472    0.199560    0.453248    0.571127 ^ clkbuf_0_clk_i/Z (gf180mcu_fd_sc_mcu7t5v0__clkbuf_16)
                                                         clknet_0_clk_i (net)
                      0.199560    0.000243    0.571370 ^ clkbuf_1_0__f_clk_i/I (gf180mcu_fd_sc_mcu7t5v0__clkbuf_16)
     5    0.023869    0.164167    0.411855    0.983225 ^ clkbuf_1_0__f_clk_i/Z (gf180mcu_fd_sc_mcu7t5v0__clkbuf_16)
                                                         clknet_1_0__leaf_clk_i (net)
                      0.164167    0.000151    0.983377 ^ _69_/CLK (gf180mcu_fd_sc_mcu7t5v0__dffq_1)
     5    0.024090    0.473548    1.426885    2.410261 v _69_/Q (gf180mcu_fd_sc_mcu7t5v0__dffq_1)
                                                         net4 (net)
                      0.473548    0.000420    2.410681 v _44_/B (gf180mcu_fd_sc_mcu7t5v0__aoi21_1)
     1    0.005648    0.489648    0.428816    2.839497 ^ _44_/ZN (gf180mcu_fd_sc_mcu7t5v0__aoi21_1)
                                                         _18_ (net)
                      0.489648    0.000109    2.839606 ^ _47_/A1 (gf180mcu_fd_sc_mcu7t5v0__nor2_1)
     1    0.002839    0.224157    0.191184    3.030790 v _47_/ZN (gf180mcu_fd_sc_mcu7t5v0__nor2_1)
                                                         _01_ (net)
                      0.224157    0.000027    3.030817 v _69_/D (gf180mcu_fd_sc_mcu7t5v0__dffq_1)
                                              3.030817   data arrival time

                                  0.000000    0.000000   clock clk_i (rise edge)
                                  0.000000    0.000000   clock source latency
     1    0.028878    0.259493    0.117880    0.117880 ^ clk_i (in)
                                                         clk_i (net)
                      0.259493    0.000000    0.117880 ^ clkbuf_0_clk_i/I (gf180mcu_fd_sc_mcu7t5v0__clkbuf_16)
     2    0.046472    0.199560    0.453248    0.571127 ^ clkbuf_0_clk_i/Z (gf180mcu_fd_sc_mcu7t5v0__clkbuf_16)
                                                         clknet_0_clk_i (net)
                      0.199560    0.000243    0.571370 ^ clkbuf_1_0__f_clk_i/I (gf180mcu_fd_sc_mcu7t5v0__clkbuf_16)
     5    0.023869    0.164167    0.411855    0.983225 ^ clkbuf_1_0__f_clk_i/Z (gf180mcu_fd_sc_mcu7t5v0__clkbuf_16)
                                                         clknet_1_0__leaf_clk_i (net)
                      0.164167    0.000151    0.983377 ^ _69_/CLK (gf180mcu_fd_sc_mcu7t5v0__dffq_1)
                                  0.250000    1.233377   clock uncertainty
                                  0.000000    1.233377   clock reconvergence pessimism
                                  0.125875    1.359252   library hold time
                                              1.359252   data required time
---------------------------------------------------------------------------------------------
                                              1.359252   data required time
                                             -3.030817   data arrival time
---------------------------------------------------------------------------------------------
                                              1.671565   slack (MET)


Startpoint: _68_ (rising edge-triggered flip-flop clocked by clk_i)
Endpoint: _68_ (rising edge-triggered flip-flop clocked by clk_i)
Path Group: clk_i
Path Type: min

Fanout         Cap        Slew       Delay        Time   Description
---------------------------------------------------------------------------------------------
                                  0.000000    0.000000   clock clk_i (rise edge)
                                  0.000000    0.000000   clock source latency
     1    0.028878    0.259493    0.117880    0.117880 ^ clk_i (in)
                                                         clk_i (net)
                      0.259493    0.000000    0.117880 ^ clkbuf_0_clk_i/I (gf180mcu_fd_sc_mcu7t5v0__clkbuf_16)
     2    0.046472    0.199560    0.453248    0.571127 ^ clkbuf_0_clk_i/Z (gf180mcu_fd_sc_mcu7t5v0__clkbuf_16)
                                                         clknet_0_clk_i (net)
                      0.199560    0.000243    0.571370 ^ clkbuf_1_0__f_clk_i/I (gf180mcu_fd_sc_mcu7t5v0__clkbuf_16)
     5    0.023869    0.164167    0.411855    0.983225 ^ clkbuf_1_0__f_clk_i/Z (gf180mcu_fd_sc_mcu7t5v0__clkbuf_16)
                                                         clknet_1_0__leaf_clk_i (net)
                      0.164167    0.000160    0.983385 ^ _68_/CLK (gf180mcu_fd_sc_mcu7t5v0__dffq_1)
     7    0.038694    0.685929    1.574241    2.557626 v _68_/Q (gf180mcu_fd_sc_mcu7t5v0__dffq_1)
                                                         net3 (net)
                      0.685929    0.000477    2.558103 v _43_/A2 (gf180mcu_fd_sc_mcu7t5v0__aoi22_1)
     1    0.003381    0.423201    0.437947    2.996050 ^ _43_/ZN (gf180mcu_fd_sc_mcu7t5v0__aoi22_1)
                                                         _00_ (net)
                      0.423201    0.000035    2.996085 ^ _68_/D (gf180mcu_fd_sc_mcu7t5v0__dffq_1)
                                              2.996085   data arrival time

                                  0.000000    0.000000   clock clk_i (rise edge)
                                  0.000000    0.000000   clock source latency
     1    0.028878    0.259493    0.117880    0.117880 ^ clk_i (in)
                                                         clk_i (net)
                      0.259493    0.000000    0.117880 ^ clkbuf_0_clk_i/I (gf180mcu_fd_sc_mcu7t5v0__clkbuf_16)
     2    0.046472    0.199560    0.453248    0.571127 ^ clkbuf_0_clk_i/Z (gf180mcu_fd_sc_mcu7t5v0__clkbuf_16)
                                                         clknet_0_clk_i (net)
                      0.199560    0.000243    0.571370 ^ clkbuf_1_0__f_clk_i/I (gf180mcu_fd_sc_mcu7t5v0__clkbuf_16)
     5    0.023869    0.164167    0.411855    0.983225 ^ clkbuf_1_0__f_clk_i/Z (gf180mcu_fd_sc_mcu7t5v0__clkbuf_16)
                                                         clknet_1_0__leaf_clk_i (net)
                      0.164167    0.000160    0.983385 ^ _68_/CLK (gf180mcu_fd_sc_mcu7t5v0__dffq_1)
                                  0.250000    1.233385   clock uncertainty
                                  0.000000    1.233385   clock reconvergence pessimism
                                  0.051001    1.284386   library hold time
                                              1.284386   data required time
---------------------------------------------------------------------------------------------
                                              1.284386   data required time
                                             -2.996085   data arrival time
---------------------------------------------------------------------------------------------
                                              1.711698   slack (MET)


Startpoint: _71_ (rising edge-triggered flip-flop clocked by clk_i)
Endpoint: _72_ (rising edge-triggered flip-flop clocked by clk_i)
Path Group: clk_i
Path Type: min

Fanout         Cap        Slew       Delay        Time   Description
---------------------------------------------------------------------------------------------
                                  0.000000    0.000000   clock clk_i (rise edge)
                                  0.000000    0.000000   clock source latency
     1    0.028878    0.259493    0.117880    0.117880 ^ clk_i (in)
                                                         clk_i (net)
                      0.259493    0.000000    0.117880 ^ clkbuf_0_clk_i/I (gf180mcu_fd_sc_mcu7t5v0__clkbuf_16)
     2    0.046472    0.199560    0.453248    0.571127 ^ clkbuf_0_clk_i/Z (gf180mcu_fd_sc_mcu7t5v0__clkbuf_16)
                                                         clknet_0_clk_i (net)
                      0.199560    0.000243    0.571370 ^ clkbuf_1_0__f_clk_i/I (gf180mcu_fd_sc_mcu7t5v0__clkbuf_16)
     5    0.023869    0.164167    0.411855    0.983225 ^ clkbuf_1_0__f_clk_i/Z (gf180mcu_fd_sc_mcu7t5v0__clkbuf_16)
                                                         clknet_1_0__leaf_clk_i (net)
                      0.164167    0.000142    0.983368 ^ _71_/CLK (gf180mcu_fd_sc_mcu7t5v0__dffq_1)
     4    0.021416    0.435270    1.399853    2.383220 v _71_/Q (gf180mcu_fd_sc_mcu7t5v0__dffq_1)
                                                         net6 (net)
                      0.435270    0.000323    2.383543 v _54_/A1 (gf180mcu_fd_sc_mcu7t5v0__aoi21_1)
     1    0.004598    0.460741    0.402129    2.785672 ^ _54_/ZN (gf180mcu_fd_sc_mcu7t5v0__aoi21_1)
                                                         _25_ (net)
                      0.460741    0.000045    2.785717 ^ _56_/A2 (gf180mcu_fd_sc_mcu7t5v0__nor3_1)
     1    0.004389    0.338805    0.314212    3.099930 v _56_/ZN (gf180mcu_fd_sc_mcu7t5v0__nor3_1)
                                                         _04_ (net)
                      0.338805    0.000052    3.099982 v _72_/D (gf180mcu_fd_sc_mcu7t5v0__dffq_1)
                                              3.099982   data arrival time

                                  0.000000    0.000000   clock clk_i (rise edge)
                                  0.000000    0.000000   clock source latency
     1    0.028878    0.259493    0.117880    0.117880 ^ clk_i (in)
                                                         clk_i (net)
                      0.259493    0.000000    0.117880 ^ clkbuf_0_clk_i/I (gf180mcu_fd_sc_mcu7t5v0__clkbuf_16)
     2    0.046472    0.199560    0.453248    0.571127 ^ clkbuf_0_clk_i/Z (gf180mcu_fd_sc_mcu7t5v0__clkbuf_16)
                                                         clknet_0_clk_i (net)
                      0.199560    0.000243    0.571370 ^ clkbuf_1_0__f_clk_i/I (gf180mcu_fd_sc_mcu7t5v0__clkbuf_16)
     5    0.023869    0.164167    0.411855    0.983225 ^ clkbuf_1_0__f_clk_i/Z (gf180mcu_fd_sc_mcu7t5v0__clkbuf_16)
                                                         clknet_1_0__leaf_clk_i (net)
                      0.164167    0.000109    0.983335 ^ _72_/CLK (gf180mcu_fd_sc_mcu7t5v0__dffq_1)
                                  0.250000    1.233335   clock uncertainty
                                  0.000000    1.233335   clock reconvergence pessimism
                                  0.093892    1.327226   library hold time
                                              1.327226   data required time
---------------------------------------------------------------------------------------------
                                              1.327226   data required time
                                             -3.099982   data arrival time
---------------------------------------------------------------------------------------------
                                              1.772756   slack (MET)


Startpoint: _75_ (rising edge-triggered flip-flop clocked by clk_i)
Endpoint: _75_ (rising edge-triggered flip-flop clocked by clk_i)
Path Group: clk_i
Path Type: min

Fanout         Cap        Slew       Delay        Time   Description
---------------------------------------------------------------------------------------------
                                  0.000000    0.000000   clock clk_i (rise edge)
                                  0.000000    0.000000   clock source latency
     1    0.028878    0.259493    0.117880    0.117880 ^ clk_i (in)
                                                         clk_i (net)
                      0.259493    0.000000    0.117880 ^ clkbuf_0_clk_i/I (gf180mcu_fd_sc_mcu7t5v0__clkbuf_16)
     2    0.046472    0.199560    0.453248    0.571127 ^ clkbuf_0_clk_i/Z (gf180mcu_fd_sc_mcu7t5v0__clkbuf_16)
                                                         clknet_0_clk_i (net)
                      0.199560    0.000230    0.571358 ^ clkbuf_1_1__f_clk_i/I (gf180mcu_fd_sc_mcu7t5v0__clkbuf_16)
     5    0.022225    0.161556    0.409350    0.980708 ^ clkbuf_1_1__f_clk_i/Z (gf180mcu_fd_sc_mcu7t5v0__clkbuf_16)
                                                         clknet_1_1__leaf_clk_i (net)
                      0.161556    0.000372    0.981080 ^ _75_/CLK (gf180mcu_fd_sc_mcu7t5v0__dffq_1)
     2    0.009219    0.263342    1.262773    2.243853 v _75_/Q (gf180mcu_fd_sc_mcu7t5v0__dffq_1)
                                                         net10 (net)
                      0.263342    0.000145    2.243998 v _34_/I (gf180mcu_fd_sc_mcu7t5v0__clkinv_1)
     2    0.011533    0.397376    0.311288    2.555286 ^ _34_/ZN (gf180mcu_fd_sc_mcu7t5v0__clkinv_1)
                                                         _09_ (net)
                      0.397376    0.000220    2.555506 ^ _63_/B (gf180mcu_fd_sc_mcu7t5v0__oai31_1)
     1    0.003934    0.274834    0.244761    2.800267 v _63_/ZN (gf180mcu_fd_sc_mcu7t5v0__oai31_1)
                                                         _31_ (net)
                      0.274834    0.000042    2.800309 v _65_/A2 (gf180mcu_fd_sc_mcu7t5v0__and3_1)
     1    0.002917    0.212757    0.570446    3.370755 v _65_/Z (gf180mcu_fd_sc_mcu7t5v0__and3_1)
                                                         _07_ (net)
                      0.212757    0.000028    3.370784 v _75_/D (gf180mcu_fd_sc_mcu7t5v0__dffq_1)
                                              3.370784   data arrival time

                                  0.000000    0.000000   clock clk_i (rise edge)
                                  0.000000    0.000000   clock source latency
     1    0.028878    0.259493    0.117880    0.117880 ^ clk_i (in)
                                                         clk_i (net)
                      0.259493    0.000000    0.117880 ^ clkbuf_0_clk_i/I (gf180mcu_fd_sc_mcu7t5v0__clkbuf_16)
     2    0.046472    0.199560    0.453248    0.571127 ^ clkbuf_0_clk_i/Z (gf180mcu_fd_sc_mcu7t5v0__clkbuf_16)
                                                         clknet_0_clk_i (net)
                      0.199560    0.000230    0.571358 ^ clkbuf_1_1__f_clk_i/I (gf180mcu_fd_sc_mcu7t5v0__clkbuf_16)
     5    0.022225    0.161556    0.409350    0.980708 ^ clkbuf_1_1__f_clk_i/Z (gf180mcu_fd_sc_mcu7t5v0__clkbuf_16)
                                                         clknet_1_1__leaf_clk_i (net)
                      0.161556    0.000372    0.981080 ^ _75_/CLK (gf180mcu_fd_sc_mcu7t5v0__dffq_1)
                                  0.250000    1.231080   clock uncertainty
                                  0.000000    1.231080   clock reconvergence pessimism
                                  0.127440    1.358520   library hold time
                                              1.358520   data required time
---------------------------------------------------------------------------------------------
                                              1.358520   data required time
                                             -3.370784   data arrival time
---------------------------------------------------------------------------------------------
                                              2.012263   slack (MET)


Startpoint: _73_ (rising edge-triggered flip-flop clocked by clk_i)
Endpoint: _73_ (rising edge-triggered flip-flop clocked by clk_i)
Path Group: clk_i
Path Type: min

Fanout         Cap        Slew       Delay        Time   Description
---------------------------------------------------------------------------------------------
                                  0.000000    0.000000   clock clk_i (rise edge)
                                  0.000000    0.000000   clock source latency
     1    0.028878    0.259493    0.117880    0.117880 ^ clk_i (in)
                                                         clk_i (net)
                      0.259493    0.000000    0.117880 ^ clkbuf_0_clk_i/I (gf180mcu_fd_sc_mcu7t5v0__clkbuf_16)
     2    0.046472    0.199560    0.453248    0.571127 ^ clkbuf_0_clk_i/Z (gf180mcu_fd_sc_mcu7t5v0__clkbuf_16)
                                                         clknet_0_clk_i (net)
                      0.199560    0.000230    0.571358 ^ clkbuf_1_1__f_clk_i/I (gf180mcu_fd_sc_mcu7t5v0__clkbuf_16)
     5    0.022225    0.161556    0.409350    0.980708 ^ clkbuf_1_1__f_clk_i/Z (gf180mcu_fd_sc_mcu7t5v0__clkbuf_16)
                                                         clknet_1_1__leaf_clk_i (net)
                      0.161556    0.000358    0.981066 ^ _73_/CLK (gf180mcu_fd_sc_mcu7t5v0__dffq_1)
     4    0.019466    0.406526    1.378836    2.359902 v _73_/Q (gf180mcu_fd_sc_mcu7t5v0__dffq_1)
                                                         net8 (net)
                      0.406526    0.000287    2.360188 v _36_/I (gf180mcu_fd_sc_mcu7t5v0__clkinv_1)
     1    0.004928    0.268298    0.241697    2.601886 ^ _36_/ZN (gf180mcu_fd_sc_mcu7t5v0__clkinv_1)
                                                         _11_ (net)
                      0.268298    0.000046    2.601932 ^ _57_/B (gf180mcu_fd_sc_mcu7t5v0__oai31_1)
     1    0.003166    0.231337    0.219434    2.821365 v _57_/ZN (gf180mcu_fd_sc_mcu7t5v0__oai31_1)
                                                         _27_ (net)
                      0.231337    0.000030    2.821396 v _59_/A2 (gf180mcu_fd_sc_mcu7t5v0__and3_1)
     1    0.003633    0.222576    0.568316    3.389712 v _59_/Z (gf180mcu_fd_sc_mcu7t5v0__and3_1)
                                                         _05_ (net)
                      0.222576    0.000071    3.389783 v _73_/D (gf180mcu_fd_sc_mcu7t5v0__dffq_1)
                                              3.389783   data arrival time

                                  0.000000    0.000000   clock clk_i (rise edge)
                                  0.000000    0.000000   clock source latency
     1    0.028878    0.259493    0.117880    0.117880 ^ clk_i (in)
                                                         clk_i (net)
                      0.259493    0.000000    0.117880 ^ clkbuf_0_clk_i/I (gf180mcu_fd_sc_mcu7t5v0__clkbuf_16)
     2    0.046472    0.199560    0.453248    0.571127 ^ clkbuf_0_clk_i/Z (gf180mcu_fd_sc_mcu7t5v0__clkbuf_16)
                                                         clknet_0_clk_i (net)
                      0.199560    0.000230    0.571358 ^ clkbuf_1_1__f_clk_i/I (gf180mcu_fd_sc_mcu7t5v0__clkbuf_16)
     5    0.022225    0.161556    0.409350    0.980708 ^ clkbuf_1_1__f_clk_i/Z (gf180mcu_fd_sc_mcu7t5v0__clkbuf_16)
                                                         clknet_1_1__leaf_clk_i (net)
                      0.161556    0.000358    0.981066 ^ _73_/CLK (gf180mcu_fd_sc_mcu7t5v0__dffq_1)
                                  0.250000    1.231066   clock uncertainty
                                  0.000000    1.231066   clock reconvergence pessimism
                                  0.125615    1.356681   library hold time
                                              1.356681   data required time
---------------------------------------------------------------------------------------------
                                              1.356681   data required time
                                             -3.389783   data arrival time
---------------------------------------------------------------------------------------------
                                              2.033103   slack (MET)


Startpoint: _71_ (rising edge-triggered flip-flop clocked by clk_i)
Endpoint: _71_ (rising edge-triggered flip-flop clocked by clk_i)
Path Group: clk_i
Path Type: min

Fanout         Cap        Slew       Delay        Time   Description
---------------------------------------------------------------------------------------------
                                  0.000000    0.000000   clock clk_i (rise edge)
                                  0.000000    0.000000   clock source latency
     1    0.028878    0.259493    0.117880    0.117880 ^ clk_i (in)
                                                         clk_i (net)
                      0.259493    0.000000    0.117880 ^ clkbuf_0_clk_i/I (gf180mcu_fd_sc_mcu7t5v0__clkbuf_16)
     2    0.046472    0.199560    0.453248    0.571127 ^ clkbuf_0_clk_i/Z (gf180mcu_fd_sc_mcu7t5v0__clkbuf_16)
                                                         clknet_0_clk_i (net)
                      0.199560    0.000243    0.571370 ^ clkbuf_1_0__f_clk_i/I (gf180mcu_fd_sc_mcu7t5v0__clkbuf_16)
     5    0.023869    0.164167    0.411855    0.983225 ^ clkbuf_1_0__f_clk_i/Z (gf180mcu_fd_sc_mcu7t5v0__clkbuf_16)
                                                         clknet_1_0__leaf_clk_i (net)
                      0.164167    0.000142    0.983368 ^ _71_/CLK (gf180mcu_fd_sc_mcu7t5v0__dffq_1)
     4    0.021416    0.435270    1.399853    2.383220 v _71_/Q (gf180mcu_fd_sc_mcu7t5v0__dffq_1)
                                                         net6 (net)
                      0.435270    0.000151    2.383371 v _38_/I (gf180mcu_fd_sc_mcu7t5v0__clkinv_1)
     7    0.039488    1.148780    0.798120    3.181492 ^ _38_/ZN (gf180mcu_fd_sc_mcu7t5v0__clkinv_1)
                                                         _13_ (net)
                      1.148780    0.000547    3.182038 ^ _53_/A1 (gf180mcu_fd_sc_mcu7t5v0__aoi21_1)
     1    0.002784    0.323990    0.219438    3.401476 v _53_/ZN (gf180mcu_fd_sc_mcu7t5v0__aoi21_1)
                                                         _03_ (net)
                      0.323990    0.000027    3.401503 v _71_/D (gf180mcu_fd_sc_mcu7t5v0__dffq_1)
                                              3.401503   data arrival time

                                  0.000000    0.000000   clock clk_i (rise edge)
                                  0.000000    0.000000   clock source latency
     1    0.028878    0.259493    0.117880    0.117880 ^ clk_i (in)
                                                         clk_i (net)
                      0.259493    0.000000    0.117880 ^ clkbuf_0_clk_i/I (gf180mcu_fd_sc_mcu7t5v0__clkbuf_16)
     2    0.046472    0.199560    0.453248    0.571127 ^ clkbuf_0_clk_i/Z (gf180mcu_fd_sc_mcu7t5v0__clkbuf_16)
                                                         clknet_0_clk_i (net)
                      0.199560    0.000243    0.571370 ^ clkbuf_1_0__f_clk_i/I (gf180mcu_fd_sc_mcu7t5v0__clkbuf_16)
     5    0.023869    0.164167    0.411855    0.983225 ^ clkbuf_1_0__f_clk_i/Z (gf180mcu_fd_sc_mcu7t5v0__clkbuf_16)
                                                         clknet_1_0__leaf_clk_i (net)
                      0.164167    0.000142    0.983368 ^ _71_/CLK (gf180mcu_fd_sc_mcu7t5v0__dffq_1)
                                  0.250000    1.233368   clock uncertainty
                                  0.000000    1.233368   clock reconvergence pessimism
                                  0.098203    1.331571   library hold time
                                              1.331571   data required time
---------------------------------------------------------------------------------------------
                                              1.331571   data required time
                                             -3.401503   data arrival time
---------------------------------------------------------------------------------------------
                                              2.069932   slack (MET)


Startpoint: _75_ (rising edge-triggered flip-flop clocked by clk_i)
Endpoint: count_o[7] (output port clocked by clk_i)
Path Group: clk_i
Path Type: min

Fanout         Cap        Slew       Delay        Time   Description
---------------------------------------------------------------------------------------------
                                  0.000000    0.000000   clock clk_i (rise edge)
                                  0.000000    0.000000   clock source latency
     1    0.028878    0.259493    0.117880    0.117880 ^ clk_i (in)
                                                         clk_i (net)
                      0.259493    0.000000    0.117880 ^ clkbuf_0_clk_i/I (gf180mcu_fd_sc_mcu7t5v0__clkbuf_16)
     2    0.046472    0.199560    0.453248    0.571127 ^ clkbuf_0_clk_i/Z (gf180mcu_fd_sc_mcu7t5v0__clkbuf_16)
                                                         clknet_0_clk_i (net)
                      0.199560    0.000230    0.571358 ^ clkbuf_1_1__f_clk_i/I (gf180mcu_fd_sc_mcu7t5v0__clkbuf_16)
     5    0.022225    0.161556    0.409350    0.980708 ^ clkbuf_1_1__f_clk_i/Z (gf180mcu_fd_sc_mcu7t5v0__clkbuf_16)
                                                         clknet_1_1__leaf_clk_i (net)
                      0.161556    0.000372    0.981080 ^ _75_/CLK (gf180mcu_fd_sc_mcu7t5v0__dffq_1)
     2    0.009219    0.263342    1.262773    2.243853 v _75_/Q (gf180mcu_fd_sc_mcu7t5v0__dffq_1)
                                                         net10 (net)
                      0.263342    0.000133    2.243986 v output10/I (gf180mcu_fd_sc_mcu7t5v0__dlyb_1)
     1    0.073762    1.396380    2.777873    5.021860 v output10/Z (gf180mcu_fd_sc_mcu7t5v0__dlyb_1)
                                                         count_o[7] (net)
                      1.396380    0.000832    5.022692 v count_o[7] (out)
                                              5.022692   data arrival time

                                  0.000000    0.000000   clock clk_i (rise edge)
                                  0.000000    0.000000   clock network delay (propagated)
                                  0.250000    0.250000   clock uncertainty
                                  0.000000    0.250000   clock reconvergence pessimism
                                 -5.000000   -4.750000   output external delay
                                             -4.750000   data required time
---------------------------------------------------------------------------------------------
                                             -4.750000   data required time
                                             -5.022692   data arrival time
---------------------------------------------------------------------------------------------
                                              9.772692   slack (MET)


Startpoint: _76_ (rising edge-triggered flip-flop clocked by clk_i)
Endpoint: ovf_o (output port clocked by clk_i)
Path Group: clk_i
Path Type: min

Fanout         Cap        Slew       Delay        Time   Description
---------------------------------------------------------------------------------------------
                                  0.000000    0.000000   clock clk_i (rise edge)
                                  0.000000    0.000000   clock source latency
     1    0.028878    0.259493    0.117880    0.117880 ^ clk_i (in)
                                                         clk_i (net)
                      0.259493    0.000000    0.117880 ^ clkbuf_0_clk_i/I (gf180mcu_fd_sc_mcu7t5v0__clkbuf_16)
     2    0.046472    0.199560    0.453248    0.571127 ^ clkbuf_0_clk_i/Z (gf180mcu_fd_sc_mcu7t5v0__clkbuf_16)
                                                         clknet_0_clk_i (net)
                      0.199560    0.000230    0.571358 ^ clkbuf_1_1__f_clk_i/I (gf180mcu_fd_sc_mcu7t5v0__clkbuf_16)
     5    0.022225    0.161556    0.409350    0.980708 ^ clkbuf_1_1__f_clk_i/Z (gf180mcu_fd_sc_mcu7t5v0__clkbuf_16)
                                                         clknet_1_1__leaf_clk_i (net)
                      0.161556    0.000384    0.981092 ^ _76_/CLK (gf180mcu_fd_sc_mcu7t5v0__dffq_1)
     2    0.010492    0.280959    1.277188    2.258279 v _76_/Q (gf180mcu_fd_sc_mcu7t5v0__dffq_1)
                                                         net11 (net)
                      0.280959    0.000140    2.258420 v output11/I (gf180mcu_fd_sc_mcu7t5v0__dlyb_1)
     1    0.073847    1.397566    2.785116    5.043536 v output11/Z (gf180mcu_fd_sc_mcu7t5v0__dlyb_1)
                                                         ovf_o (net)
                      1.397566    0.000855    5.044390 v ovf_o (out)
                                              5.044390   data arrival time

                                  0.000000    0.000000   clock clk_i (rise edge)
                                  0.000000    0.000000   clock network delay (propagated)
                                  0.250000    0.250000   clock uncertainty
                                  0.000000    0.250000   clock reconvergence pessimism
                                 -5.000000   -4.750000   output external delay
                                             -4.750000   data required time
---------------------------------------------------------------------------------------------
                                             -4.750000   data required time
                                             -5.044390   data arrival time
---------------------------------------------------------------------------------------------
                                              9.794391   slack (MET)


Startpoint: _74_ (rising edge-triggered flip-flop clocked by clk_i)
Endpoint: count_o[6] (output port clocked by clk_i)
Path Group: clk_i
Path Type: min

Fanout         Cap        Slew       Delay        Time   Description
---------------------------------------------------------------------------------------------
                                  0.000000    0.000000   clock clk_i (rise edge)
                                  0.000000    0.000000   clock source latency
     1    0.028878    0.259493    0.117880    0.117880 ^ clk_i (in)
                                                         clk_i (net)
                      0.259493    0.000000    0.117880 ^ clkbuf_0_clk_i/I (gf180mcu_fd_sc_mcu7t5v0__clkbuf_16)
     2    0.046472    0.199560    0.453248    0.571127 ^ clkbuf_0_clk_i/Z (gf180mcu_fd_sc_mcu7t5v0__clkbuf_16)
                                                         clknet_0_clk_i (net)
                      0.199560    0.000230    0.571358 ^ clkbuf_1_1__f_clk_i/I (gf180mcu_fd_sc_mcu7t5v0__clkbuf_16)
     5    0.022225    0.161556    0.409350    0.980708 ^ clkbuf_1_1__f_clk_i/Z (gf180mcu_fd_sc_mcu7t5v0__clkbuf_16)
                                                         clknet_1_1__leaf_clk_i (net)
                      0.161556    0.000366    0.981074 ^ _74_/CLK (gf180mcu_fd_sc_mcu7t5v0__dffq_1)
     3    0.014968    0.343144    1.327883    2.308957 v _74_/Q (gf180mcu_fd_sc_mcu7t5v0__dffq_1)
                                                         net9 (net)
                      0.343144    0.000207    2.309164 v output9/I (gf180mcu_fd_sc_mcu7t5v0__dlyb_1)
     1    0.073763    1.396195    2.806709    5.115873 v output9/Z (gf180mcu_fd_sc_mcu7t5v0__dlyb_1)
                                                         count_o[6] (net)
                      1.396195    0.000833    5.116705 v count_o[6] (out)
                                              5.116705   data arrival time

                                  0.000000    0.000000   clock clk_i (rise edge)
                                  0.000000    0.000000   clock network delay (propagated)
                                  0.250000    0.250000   clock uncertainty
                                  0.000000    0.250000   clock reconvergence pessimism
                                 -5.000000   -4.750000   output external delay
                                             -4.750000   data required time
---------------------------------------------------------------------------------------------
                                             -4.750000   data required time
                                             -5.116705   data arrival time
---------------------------------------------------------------------------------------------
                                              9.866705   slack (MET)


Startpoint: _73_ (rising edge-triggered flip-flop clocked by clk_i)
Endpoint: count_o[5] (output port clocked by clk_i)
Path Group: clk_i
Path Type: min

Fanout         Cap        Slew       Delay        Time   Description
---------------------------------------------------------------------------------------------
                                  0.000000    0.000000   clock clk_i (rise edge)
                                  0.000000    0.000000   clock source latency
     1    0.028878    0.259493    0.117880    0.117880 ^ clk_i (in)
                                                         clk_i (net)
                      0.259493    0.000000    0.117880 ^ clkbuf_0_clk_i/I (gf180mcu_fd_sc_mcu7t5v0__clkbuf_16)
     2    0.046472    0.199560    0.453248    0.571127 ^ clkbuf_0_clk_i/Z (gf180mcu_fd_sc_mcu7t5v0__clkbuf_16)
                                                         clknet_0_clk_i (net)
                      0.199560    0.000230    0.571358 ^ clkbuf_1_1__f_clk_i/I (gf180mcu_fd_sc_mcu7t5v0__clkbuf_16)
     5    0.022225    0.161556    0.409350    0.980708 ^ clkbuf_1_1__f_clk_i/Z (gf180mcu_fd_sc_mcu7t5v0__clkbuf_16)
                                                         clknet_1_1__leaf_clk_i (net)
                      0.161556    0.000358    0.981066 ^ _73_/CLK (gf180mcu_fd_sc_mcu7t5v0__dffq_1)
     4    0.019466    0.406526    1.378836    2.359902 v _73_/Q (gf180mcu_fd_sc_mcu7t5v0__dffq_1)
                                                         net8 (net)
                      0.406526    0.000218    2.360120 v output8/I (gf180mcu_fd_sc_mcu7t5v0__dlyb_1)
     1    0.073529    1.392678    2.827188    5.187308 v output8/Z (gf180mcu_fd_sc_mcu7t5v0__dlyb_1)
                                                         count_o[5] (net)
                      1.392678    0.000786    5.188095 v count_o[5] (out)
                                              5.188095   data arrival time

                                  0.000000    0.000000   clock clk_i (rise edge)
                                  0.000000    0.000000   clock network delay (propagated)
                                  0.250000    0.250000   clock uncertainty
                                  0.000000    0.250000   clock reconvergence pessimism
                                 -5.000000   -4.750000   output external delay
                                             -4.750000   data required time
---------------------------------------------------------------------------------------------
                                             -4.750000   data required time
                                             -5.188095   data arrival time
---------------------------------------------------------------------------------------------
                                              9.938095   slack (MET)


Startpoint: _70_ (rising edge-triggered flip-flop clocked by clk_i)
Endpoint: count_o[2] (output port clocked by clk_i)
Path Group: clk_i
Path Type: min

Fanout         Cap        Slew       Delay        Time   Description
---------------------------------------------------------------------------------------------
                                  0.000000    0.000000   clock clk_i (rise edge)
                                  0.000000    0.000000   clock source latency
     1    0.028878    0.259493    0.117880    0.117880 ^ clk_i (in)
                                                         clk_i (net)
                      0.259493    0.000000    0.117880 ^ clkbuf_0_clk_i/I (gf180mcu_fd_sc_mcu7t5v0__clkbuf_16)
     2    0.046472    0.199560    0.453248    0.571127 ^ clkbuf_0_clk_i/Z (gf180mcu_fd_sc_mcu7t5v0__clkbuf_16)
                                                         clknet_0_clk_i (net)
                      0.199560    0.000243    0.571370 ^ clkbuf_1_0__f_clk_i/I (gf180mcu_fd_sc_mcu7t5v0__clkbuf_16)
     5    0.023869    0.164167    0.411855    0.983225 ^ clkbuf_1_0__f_clk_i/Z (gf180mcu_fd_sc_mcu7t5v0__clkbuf_16)
                                                         clknet_1_0__leaf_clk_i (net)
                      0.164167    0.000037    0.983262 ^ _70_/CLK (gf180mcu_fd_sc_mcu7t5v0__dffq_1)
     4    0.021173    0.431781    1.397376    2.380638 v _70_/Q (gf180mcu_fd_sc_mcu7t5v0__dffq_1)
                                                         net5 (net)
                      0.431781    0.000175    2.380813 v output5/I (gf180mcu_fd_sc_mcu7t5v0__dlyb_1)
     1    0.073789    1.396356    2.838993    5.219806 v output5/Z (gf180mcu_fd_sc_mcu7t5v0__dlyb_1)
                                                         count_o[2] (net)
                      1.396356    0.000848    5.220654 v count_o[2] (out)
                                              5.220654   data arrival time

                                  0.000000    0.000000   clock clk_i (rise edge)
                                  0.000000    0.000000   clock network delay (propagated)
                                  0.250000    0.250000   clock uncertainty
                                  0.000000    0.250000   clock reconvergence pessimism
                                 -5.000000   -4.750000   output external delay
                                             -4.750000   data required time
---------------------------------------------------------------------------------------------
                                             -4.750000   data required time
                                             -5.220654   data arrival time
---------------------------------------------------------------------------------------------
                                              9.970654   slack (MET)


Startpoint: _71_ (rising edge-triggered flip-flop clocked by clk_i)
Endpoint: count_o[3] (output port clocked by clk_i)
Path Group: clk_i
Path Type: min

Fanout         Cap        Slew       Delay        Time   Description
---------------------------------------------------------------------------------------------
                                  0.000000    0.000000   clock clk_i (rise edge)
                                  0.000000    0.000000   clock source latency
     1    0.028878    0.259493    0.117880    0.117880 ^ clk_i (in)
                                                         clk_i (net)
                      0.259493    0.000000    0.117880 ^ clkbuf_0_clk_i/I (gf180mcu_fd_sc_mcu7t5v0__clkbuf_16)
     2    0.046472    0.199560    0.453248    0.571127 ^ clkbuf_0_clk_i/Z (gf180mcu_fd_sc_mcu7t5v0__clkbuf_16)
                                                         clknet_0_clk_i (net)
                      0.199560    0.000243    0.571370 ^ clkbuf_1_0__f_clk_i/I (gf180mcu_fd_sc_mcu7t5v0__clkbuf_16)
     5    0.023869    0.164167    0.411855    0.983225 ^ clkbuf_1_0__f_clk_i/Z (gf180mcu_fd_sc_mcu7t5v0__clkbuf_16)
                                                         clknet_1_0__leaf_clk_i (net)
                      0.164167    0.000142    0.983368 ^ _71_/CLK (gf180mcu_fd_sc_mcu7t5v0__dffq_1)
     4    0.021416    0.435270    1.399853    2.383220 v _71_/Q (gf180mcu_fd_sc_mcu7t5v0__dffq_1)
                                                         net6 (net)
                      0.435270    0.000295    2.383515 v output6/I (gf180mcu_fd_sc_mcu7t5v0__dlyb_1)
     1    0.073832    1.396990    2.840949    5.224464 v output6/Z (gf180mcu_fd_sc_mcu7t5v0__dlyb_1)
                                                         count_o[3] (net)
                      1.396990    0.000539    5.225004 v count_o[3] (out)
                                              5.225004   data arrival time

                                  0.000000    0.000000   clock clk_i (rise edge)
                                  0.000000    0.000000   clock network delay (propagated)
                                  0.250000    0.250000   clock uncertainty
                                  0.000000    0.250000   clock reconvergence pessimism
                                 -5.000000   -4.750000   output external delay
                                             -4.750000   data required time
---------------------------------------------------------------------------------------------
                                             -4.750000   data required time
                                             -5.225004   data arrival time
---------------------------------------------------------------------------------------------
                                              9.975004   slack (MET)


Startpoint: _69_ (rising edge-triggered flip-flop clocked by clk_i)
Endpoint: count_o[1] (output port clocked by clk_i)
Path Group: clk_i
Path Type: min

Fanout         Cap        Slew       Delay        Time   Description
---------------------------------------------------------------------------------------------
                                  0.000000    0.000000   clock clk_i (rise edge)
                                  0.000000    0.000000   clock source latency
     1    0.028878    0.259493    0.117880    0.117880 ^ clk_i (in)
                                                         clk_i (net)
                      0.259493    0.000000    0.117880 ^ clkbuf_0_clk_i/I (gf180mcu_fd_sc_mcu7t5v0__clkbuf_16)
     2    0.046472    0.199560    0.453248    0.571127 ^ clkbuf_0_clk_i/Z (gf180mcu_fd_sc_mcu7t5v0__clkbuf_16)
                                                         clknet_0_clk_i (net)
                      0.199560    0.000243    0.571370 ^ clkbuf_1_0__f_clk_i/I (gf180mcu_fd_sc_mcu7t5v0__clkbuf_16)
     5    0.023869    0.164167    0.411855    0.983225 ^ clkbuf_1_0__f_clk_i/Z (gf180mcu_fd_sc_mcu7t5v0__clkbuf_16)
                                                         clknet_1_0__leaf_clk_i (net)
                      0.164167    0.000151    0.983377 ^ _69_/CLK (gf180mcu_fd_sc_mcu7t5v0__dffq_1)
     5    0.024090    0.473548    1.426885    2.410261 v _69_/Q (gf180mcu_fd_sc_mcu7t5v0__dffq_1)
                                                         net4 (net)
                      0.473548    0.000429    2.410690 v output4/I (gf180mcu_fd_sc_mcu7t5v0__dlyb_1)
     1    0.074510    1.406639    2.861574    5.272264 v output4/Z (gf180mcu_fd_sc_mcu7t5v0__dlyb_1)
                                                         count_o[1] (net)
                      1.406639    0.000946    5.273211 v count_o[1] (out)
                                              5.273211   data arrival time

                                  0.000000    0.000000   clock clk_i (rise edge)
                                  0.000000    0.000000   clock network delay (propagated)
                                  0.250000    0.250000   clock uncertainty
                                  0.000000    0.250000   clock reconvergence pessimism
                                 -5.000000   -4.750000   output external delay
                                             -4.750000   data required time
---------------------------------------------------------------------------------------------
                                             -4.750000   data required time
                                             -5.273211   data arrival time
---------------------------------------------------------------------------------------------
                                             10.023211   slack (MET)


Startpoint: _72_ (rising edge-triggered flip-flop clocked by clk_i)
Endpoint: count_o[4] (output port clocked by clk_i)
Path Group: clk_i
Path Type: min

Fanout         Cap        Slew       Delay        Time   Description
---------------------------------------------------------------------------------------------
                                  0.000000    0.000000   clock clk_i (rise edge)
                                  0.000000    0.000000   clock source latency
     1    0.028878    0.259493    0.117880    0.117880 ^ clk_i (in)
                                                         clk_i (net)
                      0.259493    0.000000    0.117880 ^ clkbuf_0_clk_i/I (gf180mcu_fd_sc_mcu7t5v0__clkbuf_16)
     2    0.046472    0.199560    0.453248    0.571127 ^ clkbuf_0_clk_i/Z (gf180mcu_fd_sc_mcu7t5v0__clkbuf_16)
                                                         clknet_0_clk_i (net)
                      0.199560    0.000243    0.571370 ^ clkbuf_1_0__f_clk_i/I (gf180mcu_fd_sc_mcu7t5v0__clkbuf_16)
     5    0.023869    0.164167    0.411855    0.983225 ^ clkbuf_1_0__f_clk_i/Z (gf180mcu_fd_sc_mcu7t5v0__clkbuf_16)
                                                         clknet_1_0__leaf_clk_i (net)
                      0.164167    0.000109    0.983335 ^ _72_/CLK (gf180mcu_fd_sc_mcu7t5v0__dffq_1)
     5    0.026865    0.513532    1.455041    2.438376 v _72_/Q (gf180mcu_fd_sc_mcu7t5v0__dffq_1)
                                                         net7 (net)
                      0.513532    0.000170    2.438546 v output7/I (gf180mcu_fd_sc_mcu7t5v0__dlyb_1)
     1    0.073562    1.439326    2.866824    5.305370 v output7/Z (gf180mcu_fd_sc_mcu7t5v0__dlyb_1)
                                                         count_o[4] (net)
                      1.439326    0.000483    5.305852 v count_o[4] (out)
                                              5.305852   data arrival time

                                  0.000000    0.000000   clock clk_i (rise edge)
                                  0.000000    0.000000   clock network delay (propagated)
                                  0.250000    0.250000   clock uncertainty
                                  0.000000    0.250000   clock reconvergence pessimism
                                 -5.000000   -4.750000   output external delay
                                             -4.750000   data required time
---------------------------------------------------------------------------------------------
                                             -4.750000   data required time
                                             -5.305852   data arrival time
---------------------------------------------------------------------------------------------
                                             10.055853   slack (MET)


Startpoint: _68_ (rising edge-triggered flip-flop clocked by clk_i)
Endpoint: count_o[0] (output port clocked by clk_i)
Path Group: clk_i
Path Type: min

Fanout         Cap        Slew       Delay        Time   Description
---------------------------------------------------------------------------------------------
                                  0.000000    0.000000   clock clk_i (rise edge)
                                  0.000000    0.000000   clock source latency
     1    0.028878    0.259493    0.117880    0.117880 ^ clk_i (in)
                                                         clk_i (net)
                      0.259493    0.000000    0.117880 ^ clkbuf_0_clk_i/I (gf180mcu_fd_sc_mcu7t5v0__clkbuf_16)
     2    0.046472    0.199560    0.453248    0.571127 ^ clkbuf_0_clk_i/Z (gf180mcu_fd_sc_mcu7t5v0__clkbuf_16)
                                                         clknet_0_clk_i (net)
                      0.199560    0.000243    0.571370 ^ clkbuf_1_0__f_clk_i/I (gf180mcu_fd_sc_mcu7t5v0__clkbuf_16)
     5    0.023869    0.164167    0.411855    0.983225 ^ clkbuf_1_0__f_clk_i/Z (gf180mcu_fd_sc_mcu7t5v0__clkbuf_16)
                                                         clknet_1_0__leaf_clk_i (net)
                      0.164167    0.000160    0.983385 ^ _68_/CLK (gf180mcu_fd_sc_mcu7t5v0__dffq_1)
     7    0.038694    0.685929    1.574241    2.557626 v _68_/Q (gf180mcu_fd_sc_mcu7t5v0__dffq_1)
                                                         net3 (net)
                      0.685929    0.000259    2.557886 v output3/I (gf180mcu_fd_sc_mcu7t5v0__dlyb_1)
     1    0.073587    1.439684    2.930210    5.488095 v output3/Z (gf180mcu_fd_sc_mcu7t5v0__dlyb_1)
                                                         count_o[0] (net)
                      1.439684    0.000489    5.488585 v count_o[0] (out)
                                              5.488585   data arrival time

                                  0.000000    0.000000   clock clk_i (rise edge)
                                  0.000000    0.000000   clock network delay (propagated)
                                  0.250000    0.250000   clock uncertainty
                                  0.000000    0.250000   clock reconvergence pessimism
                                 -5.000000   -4.750000   output external delay
                                             -4.750000   data required time
---------------------------------------------------------------------------------------------
                                             -4.750000   data required time
                                             -5.488585   data arrival time
---------------------------------------------------------------------------------------------
                                             10.238585   slack (MET)



