 time 1ns
 capacitance 1pF
 resistance 1ohm
 voltage 1v
 current 1mA
 power 1uW
 distance 1um
== Technology LEF Values ==
=== Routing Layers ===
Name                Direction           Res/Unit Distance   Cap/Unit Distance   
Metal1              HORIZONTAL          3.913043e-01        9.200000e-05        
Metal2              VERTICAL            3.214286e-01        8.400000e-05        
Metal3              HORIZONTAL          3.214286e-01        7.840000e-05        
Metal4              VERTICAL            3.214286e-01        7.756000e-05        
Metal5              HORIZONTAL          1.363636e-01        1.733600e-05        
=== Vias ===
Name                Cut Resistance      
CON                 0.000000e+00        
Via1                4.500000e+00        
Via2                4.500000e+00        
Via3                4.500000e+00        
Via4                4.500000e+00        
