
===========================================================================
report_checks -unconstrained
===========================================================================
======================= max_ff_n40C_5v50 Corner ===================================

Startpoint: en_i (input port clocked by clk_i)
Endpoint: _75_ (rising edge-triggered flip-flop clocked by clk_i)
Path Group: clk_i
Path Type: max

Fanout         Cap        Slew       Delay        Time   Description
---------------------------------------------------------------------------------------------
                                  0.000000    0.000000   clock clk_i (rise edge)
                                  0.000000    0.000000   clock network delay (propagated)
                                  5.000000    5.000000 ^ input external delay
     1    0.004113    0.074780    0.027705    5.027705 ^ en_i (in)
                                                         en_i (net)
                      0.074780    0.000000    5.027705 ^ input1/I (gf180mcu_fd_sc_mcu7t5v0__dlyb_1)
     6    0.032585    0.381420    0.695645    5.723350 ^ input1/Z (gf180mcu_fd_sc_mcu7t5v0__dlyb_1)
                                                         net1 (net)
                      0.381422    0.000518    5.723867 ^ _49_/A1 (gf180mcu_fd_sc_mcu7t5v0__nand4_1)
     8    0.049887    0.836833    0.542195    6.266063 v _49_/ZN (gf180mcu_fd_sc_mcu7t5v0__nand4_1)
                                                         _22_ (net)
                      0.836835    0.000863    6.266926 v _64_/A3 (gf180mcu_fd_sc_mcu7t5v0__or4_1)
     2    0.009848    0.212314    0.697363    6.964288 v _64_/Z (gf180mcu_fd_sc_mcu7t5v0__or4_1)
                                                         _32_ (net)
                      0.212314    0.000128    6.964417 v _65_/A3 (gf180mcu_fd_sc_mcu7t5v0__and3_1)
     1    0.003170    0.084031    0.244192    7.208609 v _65_/Z (gf180mcu_fd_sc_mcu7t5v0__and3_1)
                                                         _07_ (net)
                      0.084031    0.000032    7.208642 v _75_/D (gf180mcu_fd_sc_mcu7t5v0__dffq_1)
                                              7.208642   data arrival time

                                 25.000000   25.000000   clock clk_i (rise edge)
                                  0.000000   25.000000   clock source latency
     1    0.028130    0.096678    0.048104   25.048103 ^ clk_i (in)
                                                         clk_i (net)
                      0.096680    0.000000   25.048103 ^ clkbuf_0_clk_i/I (gf180mcu_fd_sc_mcu7t5v0__clkbuf_16)
     2    0.047753    0.072438    0.162350   25.210453 ^ clkbuf_0_clk_i/Z (gf180mcu_fd_sc_mcu7t5v0__clkbuf_16)
                                                         clknet_0_clk_i (net)
                      0.072439    0.000284   25.210737 ^ clkbuf_1_1__f_clk_i/I (gf180mcu_fd_sc_mcu7t5v0__clkbuf_16)
     5    0.022316    0.057763    0.146066   25.356804 ^ clkbuf_1_1__f_clk_i/Z (gf180mcu_fd_sc_mcu7t5v0__clkbuf_16)
                                                         clknet_1_1__leaf_clk_i (net)
                      0.057763    0.000123   25.356926 ^ _75_/CLK (gf180mcu_fd_sc_mcu7t5v0__dffq_1)
                                 -0.250000   25.106928   clock uncertainty
                                  0.000000   25.106928   clock reconvergence pessimism
                                 -0.136045   24.970881   library setup time
                                             24.970881   data required time
---------------------------------------------------------------------------------------------
                                             24.970881   data required time
                                             -7.208642   data arrival time
---------------------------------------------------------------------------------------------
                                             17.762239   slack (MET)




===========================================================================
report_checks --slack_max -0.01
============================================================================
======================= max_ff_n40C_5v50 Corner ===================================

No paths found.


===========================================================================
 report_check_types -max_slew -max_cap -max_fanout -violators
============================================================================
======================= max_ff_n40C_5v50 Corner ===================================



===========================================================================
report_parasitic_annotation -report_unannotated
============================================================================
Found 1 unannotated drivers.
 clkload0/Z
Found 0 partially unannotated drivers.

===========================================================================
max slew violation count 0
max fanout violation count 0
max cap violation count 0
============================================================================

===========================================================================
check_setup -verbose -unconstrained_endpoints -multiple_clock -no_clock -no_input_delay -loops -generated_clocks
===========================================================================
