Clock: clk_i
Sources: clk_i 
Generated: no
Virtual: yes
Propagated: no
Period: 25.000000

===========================================================================
report_clock_properties
============================================================================
Clock                   Period          Waveform
----------------------------------------------------
clk_i                25.000000    0.000000 12.500000

===========================================================================
report_clock_latency
============================================================================
Clock clk_i
rise -> rise
    min     max
0.000000 0.000000 source latency
0.356926         network latency _75_/CLK
        0.358297 network latency _70_/CLK
---------------
0.356926 0.358297 latency
        0.001370 skew

fall -> fall
    min     max
0.000000 0.000000 source latency
0.325905         network latency _75_/CLK
        0.327336 network latency _70_/CLK
---------------
0.325905 0.327336 latency
        0.001431 skew



===========================================================================
report_clock_min_period
============================================================================
clk_i period_min = 2.49 fmax = 402.24
