
===========================================================================
report_checks -path_delay min (Hold)
============================================================================
======================= max_ff_n40C_5v50 Corner ===================================

Startpoint: _76_ (rising edge-triggered flip-flop clocked by clk_i)
Endpoint: _76_ (rising edge-triggered flip-flop clocked by clk_i)
Path Group: clk_i
Path Type: min

Fanout         Cap        Slew       Delay        Time   Description
---------------------------------------------------------------------------------------------
                                  0.000000    0.000000   clock clk_i (rise edge)
                                  0.000000    0.000000   clock source latency
     1    0.028130    0.096678    0.048103    0.048103 ^ clk_i (in)
                                                         clk_i (net)
                      0.096680    0.000000    0.048103 ^ clkbuf_0_clk_i/I (gf180mcu_fd_sc_mcu7t5v0__clkbuf_16)
     2    0.047753    0.072438    0.162350    0.210453 ^ clkbuf_0_clk_i/Z (gf180mcu_fd_sc_mcu7t5v0__clkbuf_16)
                                                         clknet_0_clk_i (net)
                      0.072439    0.000284    0.210737 ^ clkbuf_1_1__f_clk_i/I (gf180mcu_fd_sc_mcu7t5v0__clkbuf_16)
     5    0.022316    0.057763    0.146067    0.356805 ^ clkbuf_1_1__f_clk_i/Z (gf180mcu_fd_sc_mcu7t5v0__clkbuf_16)
                                                         clknet_1_1__leaf_clk_i (net)
                      0.057763    0.000384    0.357189 ^ _76_/CLK (gf180mcu_fd_sc_mcu7t5v0__dffq_1)
     2    0.009666    0.101017    0.427605    0.784794 v _76_/Q (gf180mcu_fd_sc_mcu7t5v0__dffq_1)
                                                         net11 (net)
                      0.101017    0.000077    0.784871 v _66_/A1 (gf180mcu_fd_sc_mcu7t5v0__nand2_1)
     1    0.006464    0.114954    0.100234    0.885105 ^ _66_/ZN (gf180mcu_fd_sc_mcu7t5v0__nand2_1)
                                                         _33_ (net)
                      0.114954    0.000138    0.885243 ^ _67_/B (gf180mcu_fd_sc_mcu7t5v0__oai21_1)
     1    0.002833    0.075130    0.072147    0.957390 v _67_/ZN (gf180mcu_fd_sc_mcu7t5v0__oai21_1)
                                                         _08_ (net)
                      0.075130    0.000027    0.957417 v _76_/D (gf180mcu_fd_sc_mcu7t5v0__dffq_1)
                                              0.957417   data arrival time

                                  0.000000    0.000000   clock clk_i (rise edge)
                                  0.000000    0.000000   clock source latency
     1    0.028130    0.096678    0.048103    0.048103 ^ clk_i (in)
                                                         clk_i (net)
                      0.096680    0.000000    0.048103 ^ clkbuf_0_clk_i/I (gf180mcu_fd_sc_mcu7t5v0__clkbuf_16)
     2    0.047753    0.072438    0.162350    0.210453 ^ clkbuf_0_clk_i/Z (gf180mcu_fd_sc_mcu7t5v0__clkbuf_16)
                                                         clknet_0_clk_i (net)
                      0.072439    0.000284    0.210737 ^ clkbuf_1_1__f_clk_i/I (gf180mcu_fd_sc_mcu7t5v0__clkbuf_16)
     5    0.022316    0.057763    0.146067    0.356805 ^ clkbuf_1_1__f_clk_i/Z (gf180mcu_fd_sc_mcu7t5v0__clkbuf_16)
                                                         clknet_1_1__leaf_clk_i (net)
                      0.057763    0.000384    0.357189 ^ _76_/CLK (gf180mcu_fd_sc_mcu7t5v0__dffq_1)
                                  0.250000    0.607189   clock uncertainty
                                  0.000000    0.607189   clock reconvergence pessimism
                                  0.059995    0.667184   library hold time
                                              0.667184   data required time
---------------------------------------------------------------------------------------------
                                              0.667184   data required time
                                             -0.957417   data arrival time
---------------------------------------------------------------------------------------------
                                              0.290233   slack (MET)


Startpoint: _74_ (rising edge-triggered flip-flop clocked by clk_i)
Endpoint: _74_ (rising edge-triggered flip-flop clocked by clk_i)
Path Group: clk_i
Path Type: min

Fanout         Cap        Slew       Delay        Time   Description
---------------------------------------------------------------------------------------------
                                  0.000000    0.000000   clock clk_i (rise edge)
                                  0.000000    0.000000   clock source latency
     1    0.028130    0.096678    0.048103    0.048103 ^ clk_i (in)
                                                         clk_i (net)
                      0.096680    0.000000    0.048103 ^ clkbuf_0_clk_i/I (gf180mcu_fd_sc_mcu7t5v0__clkbuf_16)
     2    0.047753    0.072438    0.162350    0.210453 ^ clkbuf_0_clk_i/Z (gf180mcu_fd_sc_mcu7t5v0__clkbuf_16)
                                                         clknet_0_clk_i (net)
                      0.072439    0.000349    0.210802 ^ clkbuf_1_0__f_clk_i/I (gf180mcu_fd_sc_mcu7t5v0__clkbuf_16)
     5    0.024079    0.058809    0.147063    0.357865 ^ clkbuf_1_0__f_clk_i/Z (gf180mcu_fd_sc_mcu7t5v0__clkbuf_16)
                                                         clknet_1_0__leaf_clk_i (net)
                      0.058809    0.000092    0.357957 ^ _74_/CLK (gf180mcu_fd_sc_mcu7t5v0__dffq_1)
     3    0.013804    0.124052    0.446023    0.803980 v _74_/Q (gf180mcu_fd_sc_mcu7t5v0__dffq_1)
                                                         net9 (net)
                      0.124052    0.000192    0.804172 v _35_/I (gf180mcu_fd_sc_mcu7t5v0__clkinv_1)
     1    0.006901    0.110303    0.094652    0.898825 ^ _35_/ZN (gf180mcu_fd_sc_mcu7t5v0__clkinv_1)
                                                         _10_ (net)
                      0.110304    0.000146    0.898971 ^ _62_/A1 (gf180mcu_fd_sc_mcu7t5v0__aoi211_1)
     1    0.003504    0.093713    0.082369    0.981339 v _62_/ZN (gf180mcu_fd_sc_mcu7t5v0__aoi211_1)
                                                         _06_ (net)
                      0.093713    0.000067    0.981407 v _74_/D (gf180mcu_fd_sc_mcu7t5v0__dffq_1)
                                              0.981407   data arrival time

                                  0.000000    0.000000   clock clk_i (rise edge)
                                  0.000000    0.000000   clock source latency
     1    0.028130    0.096678    0.048103    0.048103 ^ clk_i (in)
                                                         clk_i (net)
                      0.096680    0.000000    0.048103 ^ clkbuf_0_clk_i/I (gf180mcu_fd_sc_mcu7t5v0__clkbuf_16)
     2    0.047753    0.072438    0.162350    0.210453 ^ clkbuf_0_clk_i/Z (gf180mcu_fd_sc_mcu7t5v0__clkbuf_16)
                                                         clknet_0_clk_i (net)
                      0.072439    0.000349    0.210802 ^ clkbuf_1_0__f_clk_i/I (gf180mcu_fd_sc_mcu7t5v0__clkbuf_16)
     5    0.024079    0.058809    0.147063    0.357865 ^ clkbuf_1_0__f_clk_i/Z (gf180mcu_fd_sc_mcu7t5v0__clkbuf_16)
                                                         clknet_1_0__leaf_clk_i (net)
                      0.058809    0.000092    0.357957 ^ _74_/CLK (gf180mcu_fd_sc_mcu7t5v0__dffq_1)
                                  0.250000    0.607957   clock uncertainty
                                  0.000000    0.607957   clock reconvergence pessimism
                                  0.056105    0.664062   library hold time
                                              0.664062   data required time
---------------------------------------------------------------------------------------------
                                              0.664062   data required time
                                             -0.981407   data arrival time
---------------------------------------------------------------------------------------------
                                              0.317345   slack (MET)


Startpoint: _70_ (rising edge-triggered flip-flop clocked by clk_i)
Endpoint: _70_ (rising edge-triggered flip-flop clocked by clk_i)
Path Group: clk_i
Path Type: min

Fanout         Cap        Slew       Delay        Time   Description
---------------------------------------------------------------------------------------------
                                  0.000000    0.000000   clock clk_i (rise edge)
                                  0.000000    0.000000   clock source latency
     1    0.028130    0.096678    0.048103    0.048103 ^ clk_i (in)
                                                         clk_i (net)
                      0.096680    0.000000    0.048103 ^ clkbuf_0_clk_i/I (gf180mcu_fd_sc_mcu7t5v0__clkbuf_16)
     2    0.047753    0.072438    0.162350    0.210453 ^ clkbuf_0_clk_i/Z (gf180mcu_fd_sc_mcu7t5v0__clkbuf_16)
                                                         clknet_0_clk_i (net)
                      0.072439    0.000349    0.210802 ^ clkbuf_1_0__f_clk_i/I (gf180mcu_fd_sc_mcu7t5v0__clkbuf_16)
     5    0.024079    0.058809    0.147063    0.357865 ^ clkbuf_1_0__f_clk_i/Z (gf180mcu_fd_sc_mcu7t5v0__clkbuf_16)
                                                         clknet_1_0__leaf_clk_i (net)
                      0.058810    0.000431    0.358297 ^ _70_/CLK (gf180mcu_fd_sc_mcu7t5v0__dffq_1)
     4    0.016058    0.136635    0.455991    0.814287 v _70_/Q (gf180mcu_fd_sc_mcu7t5v0__dffq_1)
                                                         net5 (net)
                      0.136636    0.000187    0.814474 v _39_/I (gf180mcu_fd_sc_mcu7t5v0__clkinv_1)
     1    0.007374    0.117176    0.100996    0.915470 ^ _39_/ZN (gf180mcu_fd_sc_mcu7t5v0__clkinv_1)
                                                         _14_ (net)
                      0.117176    0.000165    0.915636 ^ _51_/A1 (gf180mcu_fd_sc_mcu7t5v0__aoi21_1)
     1    0.004120    0.084361    0.072216    0.987852 v _51_/ZN (gf180mcu_fd_sc_mcu7t5v0__aoi21_1)
                                                         _02_ (net)
                      0.084361    0.000048    0.987900 v _70_/D (gf180mcu_fd_sc_mcu7t5v0__dffq_1)
                                              0.987900   data arrival time

                                  0.000000    0.000000   clock clk_i (rise edge)
                                  0.000000    0.000000   clock source latency
     1    0.028130    0.096678    0.048103    0.048103 ^ clk_i (in)
                                                         clk_i (net)
                      0.096680    0.000000    0.048103 ^ clkbuf_0_clk_i/I (gf180mcu_fd_sc_mcu7t5v0__clkbuf_16)
     2    0.047753    0.072438    0.162350    0.210453 ^ clkbuf_0_clk_i/Z (gf180mcu_fd_sc_mcu7t5v0__clkbuf_16)
                                                         clknet_0_clk_i (net)
                      0.072439    0.000349    0.210802 ^ clkbuf_1_0__f_clk_i/I (gf180mcu_fd_sc_mcu7t5v0__clkbuf_16)
     5    0.024079    0.058809    0.147063    0.357865 ^ clkbuf_1_0__f_clk_i/Z (gf180mcu_fd_sc_mcu7t5v0__clkbuf_16)
                                                         clknet_1_0__leaf_clk_i (net)
                      0.058810    0.000431    0.358297 ^ _70_/CLK (gf180mcu_fd_sc_mcu7t5v0__dffq_1)
                                  0.250000    0.608297   clock uncertainty
                                  0.000000    0.608297   clock reconvergence pessimism
                                  0.058156    0.666453   library hold time
                                              0.666453   data required time
---------------------------------------------------------------------------------------------
                                              0.666453   data required time
                                             -0.987900   data arrival time
---------------------------------------------------------------------------------------------
                                              0.321447   slack (MET)


Startpoint: _69_ (rising edge-triggered flip-flop clocked by clk_i)
Endpoint: _69_ (rising edge-triggered flip-flop clocked by clk_i)
Path Group: clk_i
Path Type: min

Fanout         Cap        Slew       Delay        Time   Description
---------------------------------------------------------------------------------------------
                                  0.000000    0.000000   clock clk_i (rise edge)
                                  0.000000    0.000000   clock source latency
     1    0.028130    0.096678    0.048103    0.048103 ^ clk_i (in)
                                                         clk_i (net)
                      0.096680    0.000000    0.048103 ^ clkbuf_0_clk_i/I (gf180mcu_fd_sc_mcu7t5v0__clkbuf_16)
     2    0.047753    0.072438    0.162350    0.210453 ^ clkbuf_0_clk_i/Z (gf180mcu_fd_sc_mcu7t5v0__clkbuf_16)
                                                         clknet_0_clk_i (net)
                      0.072439    0.000284    0.210737 ^ clkbuf_1_1__f_clk_i/I (gf180mcu_fd_sc_mcu7t5v0__clkbuf_16)
     5    0.022316    0.057763    0.146067    0.356805 ^ clkbuf_1_1__f_clk_i/Z (gf180mcu_fd_sc_mcu7t5v0__clkbuf_16)
                                                         clknet_1_1__leaf_clk_i (net)
                      0.057764    0.000480    0.357285 ^ _69_/CLK (gf180mcu_fd_sc_mcu7t5v0__dffq_1)
     5    0.022704    0.175283    0.483697    0.840982 v _69_/Q (gf180mcu_fd_sc_mcu7t5v0__dffq_1)
                                                         net4 (net)
                      0.175286    0.000421    0.841403 v _44_/B (gf180mcu_fd_sc_mcu7t5v0__aoi21_1)
     1    0.006484    0.185326    0.150892    0.992295 ^ _44_/ZN (gf180mcu_fd_sc_mcu7t5v0__aoi21_1)
                                                         _18_ (net)
                      0.185326    0.000076    0.992371 ^ _47_/A1 (gf180mcu_fd_sc_mcu7t5v0__nor2_1)
     1    0.003070    0.084783    0.066870    1.059241 v _47_/ZN (gf180mcu_fd_sc_mcu7t5v0__nor2_1)
                                                         _01_ (net)
                      0.084783    0.000031    1.059272 v _69_/D (gf180mcu_fd_sc_mcu7t5v0__dffq_1)
                                              1.059272   data arrival time

                                  0.000000    0.000000   clock clk_i (rise edge)
                                  0.000000    0.000000   clock source latency
     1    0.028130    0.096678    0.048103    0.048103 ^ clk_i (in)
                                                         clk_i (net)
                      0.096680    0.000000    0.048103 ^ clkbuf_0_clk_i/I (gf180mcu_fd_sc_mcu7t5v0__clkbuf_16)
     2    0.047753    0.072438    0.162350    0.210453 ^ clkbuf_0_clk_i/Z (gf180mcu_fd_sc_mcu7t5v0__clkbuf_16)
                                                         clknet_0_clk_i (net)
                      0.072439    0.000284    0.210737 ^ clkbuf_1_1__f_clk_i/I (gf180mcu_fd_sc_mcu7t5v0__clkbuf_16)
     5    0.022316    0.057763    0.146067    0.356805 ^ clkbuf_1_1__f_clk_i/Z (gf180mcu_fd_sc_mcu7t5v0__clkbuf_16)
                                                         clknet_1_1__leaf_clk_i (net)
                      0.057764    0.000480    0.357285 ^ _69_/CLK (gf180mcu_fd_sc_mcu7t5v0__dffq_1)
                                  0.250000    0.607285   clock uncertainty
                                  0.000000    0.607285   clock reconvergence pessimism
                                  0.057887    0.665171   library hold time
                                              0.665171   data required time
---------------------------------------------------------------------------------------------
                                              0.665171   data required time
                                             -1.059272   data arrival time
---------------------------------------------------------------------------------------------
                                              0.394100   slack (MET)


Startpoint: _68_ (rising edge-triggered flip-flop clocked by clk_i)
Endpoint: _68_ (rising edge-triggered flip-flop clocked by clk_i)
Path Group: clk_i
Path Type: min

Fanout         Cap        Slew       Delay        Time   Description
---------------------------------------------------------------------------------------------
                                  0.000000    0.000000   clock clk_i (rise edge)
                                  0.000000    0.000000   clock source latency
     1    0.028130    0.096678    0.048103    0.048103 ^ clk_i (in)
                                                         clk_i (net)
                      0.096680    0.000000    0.048103 ^ clkbuf_0_clk_i/I (gf180mcu_fd_sc_mcu7t5v0__clkbuf_16)
     2    0.047753    0.072438    0.162350    0.210453 ^ clkbuf_0_clk_i/Z (gf180mcu_fd_sc_mcu7t5v0__clkbuf_16)
                                                         clknet_0_clk_i (net)
                      0.072439    0.000284    0.210737 ^ clkbuf_1_1__f_clk_i/I (gf180mcu_fd_sc_mcu7t5v0__clkbuf_16)
     5    0.022316    0.057763    0.146067    0.356805 ^ clkbuf_1_1__f_clk_i/Z (gf180mcu_fd_sc_mcu7t5v0__clkbuf_16)
                                                         clknet_1_1__leaf_clk_i (net)
                      0.057763    0.000364    0.357169 ^ _68_/CLK (gf180mcu_fd_sc_mcu7t5v0__dffq_1)
     7    0.036303    0.416406    0.638624    0.995793 ^ _68_/Q (gf180mcu_fd_sc_mcu7t5v0__dffq_1)
                                                         net3 (net)
                      0.416408    0.000504    0.996297 ^ _43_/A2 (gf180mcu_fd_sc_mcu7t5v0__aoi22_1)
     1    0.003690    0.121709    0.064937    1.061234 v _43_/ZN (gf180mcu_fd_sc_mcu7t5v0__aoi22_1)
                                                         _00_ (net)
                      0.121709    0.000069    1.061303 v _68_/D (gf180mcu_fd_sc_mcu7t5v0__dffq_1)
                                              1.061303   data arrival time

                                  0.000000    0.000000   clock clk_i (rise edge)
                                  0.000000    0.000000   clock source latency
     1    0.028130    0.096678    0.048103    0.048103 ^ clk_i (in)
                                                         clk_i (net)
                      0.096680    0.000000    0.048103 ^ clkbuf_0_clk_i/I (gf180mcu_fd_sc_mcu7t5v0__clkbuf_16)
     2    0.047753    0.072438    0.162350    0.210453 ^ clkbuf_0_clk_i/Z (gf180mcu_fd_sc_mcu7t5v0__clkbuf_16)
                                                         clknet_0_clk_i (net)
                      0.072439    0.000284    0.210737 ^ clkbuf_1_1__f_clk_i/I (gf180mcu_fd_sc_mcu7t5v0__clkbuf_16)
     5    0.022316    0.057763    0.146067    0.356805 ^ clkbuf_1_1__f_clk_i/Z (gf180mcu_fd_sc_mcu7t5v0__clkbuf_16)
                                                         clknet_1_1__leaf_clk_i (net)
                      0.057763    0.000364    0.357169 ^ _68_/CLK (gf180mcu_fd_sc_mcu7t5v0__dffq_1)
                                  0.250000    0.607169   clock uncertainty
                                  0.000000    0.607169   clock reconvergence pessimism
                                  0.047953    0.655122   library hold time
                                              0.655122   data required time
---------------------------------------------------------------------------------------------
                                              0.655122   data required time
                                             -1.061303   data arrival time
---------------------------------------------------------------------------------------------
                                              0.406181   slack (MET)


Startpoint: _71_ (rising edge-triggered flip-flop clocked by clk_i)
Endpoint: _72_ (rising edge-triggered flip-flop clocked by clk_i)
Path Group: clk_i
Path Type: min

Fanout         Cap        Slew       Delay        Time   Description
---------------------------------------------------------------------------------------------
                                  0.000000    0.000000   clock clk_i (rise edge)
                                  0.000000    0.000000   clock source latency
     1    0.028130    0.096678    0.048103    0.048103 ^ clk_i (in)
                                                         clk_i (net)
                      0.096680    0.000000    0.048103 ^ clkbuf_0_clk_i/I (gf180mcu_fd_sc_mcu7t5v0__clkbuf_16)
     2    0.047753    0.072438    0.162350    0.210453 ^ clkbuf_0_clk_i/Z (gf180mcu_fd_sc_mcu7t5v0__clkbuf_16)
                                                         clknet_0_clk_i (net)
                      0.072439    0.000349    0.210802 ^ clkbuf_1_0__f_clk_i/I (gf180mcu_fd_sc_mcu7t5v0__clkbuf_16)
     5    0.024079    0.058809    0.147063    0.357865 ^ clkbuf_1_0__f_clk_i/Z (gf180mcu_fd_sc_mcu7t5v0__clkbuf_16)
                                                         clknet_1_0__leaf_clk_i (net)
                      0.058810    0.000407    0.358273 ^ _71_/CLK (gf180mcu_fd_sc_mcu7t5v0__dffq_1)
     4    0.021846    0.170241    0.480476    0.838749 v _71_/Q (gf180mcu_fd_sc_mcu7t5v0__dffq_1)
                                                         net6 (net)
                      0.170242    0.000319    0.839068 v _54_/A1 (gf180mcu_fd_sc_mcu7t5v0__aoi21_1)
     1    0.005541    0.178704    0.150428    0.989496 ^ _54_/ZN (gf180mcu_fd_sc_mcu7t5v0__aoi21_1)
                                                         _25_ (net)
                      0.178704    0.000109    0.989605 ^ _56_/A2 (gf180mcu_fd_sc_mcu7t5v0__nor3_1)
     1    0.004506    0.130645    0.111957    1.101562 v _56_/ZN (gf180mcu_fd_sc_mcu7t5v0__nor3_1)
                                                         _04_ (net)
                      0.130645    0.000055    1.101617 v _72_/D (gf180mcu_fd_sc_mcu7t5v0__dffq_1)
                                              1.101617   data arrival time

                                  0.000000    0.000000   clock clk_i (rise edge)
                                  0.000000    0.000000   clock source latency
     1    0.028130    0.096678    0.048103    0.048103 ^ clk_i (in)
                                                         clk_i (net)
                      0.096680    0.000000    0.048103 ^ clkbuf_0_clk_i/I (gf180mcu_fd_sc_mcu7t5v0__clkbuf_16)
     2    0.047753    0.072438    0.162350    0.210453 ^ clkbuf_0_clk_i/Z (gf180mcu_fd_sc_mcu7t5v0__clkbuf_16)
                                                         clknet_0_clk_i (net)
                      0.072439    0.000349    0.210802 ^ clkbuf_1_0__f_clk_i/I (gf180mcu_fd_sc_mcu7t5v0__clkbuf_16)
     5    0.024079    0.058809    0.147063    0.357865 ^ clkbuf_1_0__f_clk_i/Z (gf180mcu_fd_sc_mcu7t5v0__clkbuf_16)
                                                         clknet_1_0__leaf_clk_i (net)
                      0.058809    0.000252    0.358117 ^ _72_/CLK (gf180mcu_fd_sc_mcu7t5v0__dffq_1)
                                  0.250000    0.608117   clock uncertainty
                                  0.000000    0.608117   clock reconvergence pessimism
                                  0.045383    0.653500   library hold time
                                              0.653500   data required time
---------------------------------------------------------------------------------------------
                                              0.653500   data required time
                                             -1.101617   data arrival time
---------------------------------------------------------------------------------------------
                                              0.448117   slack (MET)


Startpoint: _75_ (rising edge-triggered flip-flop clocked by clk_i)
Endpoint: _75_ (rising edge-triggered flip-flop clocked by clk_i)
Path Group: clk_i
Path Type: min

Fanout         Cap        Slew       Delay        Time   Description
---------------------------------------------------------------------------------------------
                                  0.000000    0.000000   clock clk_i (rise edge)
                                  0.000000    0.000000   clock source latency
     1    0.028130    0.096678    0.048103    0.048103 ^ clk_i (in)
                                                         clk_i (net)
                      0.096680    0.000000    0.048103 ^ clkbuf_0_clk_i/I (gf180mcu_fd_sc_mcu7t5v0__clkbuf_16)
     2    0.047753    0.072438    0.162350    0.210453 ^ clkbuf_0_clk_i/Z (gf180mcu_fd_sc_mcu7t5v0__clkbuf_16)
                                                         clknet_0_clk_i (net)
                      0.072439    0.000284    0.210737 ^ clkbuf_1_1__f_clk_i/I (gf180mcu_fd_sc_mcu7t5v0__clkbuf_16)
     5    0.022316    0.057763    0.146067    0.356805 ^ clkbuf_1_1__f_clk_i/Z (gf180mcu_fd_sc_mcu7t5v0__clkbuf_16)
                                                         clknet_1_1__leaf_clk_i (net)
                      0.057763    0.000122    0.356926 ^ _75_/CLK (gf180mcu_fd_sc_mcu7t5v0__dffq_1)
     2    0.009051    0.097599    0.424874    0.781800 v _75_/Q (gf180mcu_fd_sc_mcu7t5v0__dffq_1)
                                                         net10 (net)
                      0.097599    0.000116    0.781916 v _34_/I (gf180mcu_fd_sc_mcu7t5v0__clkinv_1)
     2    0.010827    0.144378    0.112581    0.894497 ^ _34_/ZN (gf180mcu_fd_sc_mcu7t5v0__clkinv_1)
                                                         _09_ (net)
                      0.144378    0.000230    0.894727 ^ _63_/B (gf180mcu_fd_sc_mcu7t5v0__oai31_1)
     1    0.005201    0.109193    0.091291    0.986018 v _63_/ZN (gf180mcu_fd_sc_mcu7t5v0__oai31_1)
                                                         _31_ (net)
                      0.109193    0.000072    0.986090 v _65_/A2 (gf180mcu_fd_sc_mcu7t5v0__and3_1)
     1    0.003170    0.078881    0.200689    1.186779 v _65_/Z (gf180mcu_fd_sc_mcu7t5v0__and3_1)
                                                         _07_ (net)
                      0.078881    0.000033    1.186812 v _75_/D (gf180mcu_fd_sc_mcu7t5v0__dffq_1)
                                              1.186812   data arrival time

                                  0.000000    0.000000   clock clk_i (rise edge)
                                  0.000000    0.000000   clock source latency
     1    0.028130    0.096678    0.048103    0.048103 ^ clk_i (in)
                                                         clk_i (net)
                      0.096680    0.000000    0.048103 ^ clkbuf_0_clk_i/I (gf180mcu_fd_sc_mcu7t5v0__clkbuf_16)
     2    0.047753    0.072438    0.162350    0.210453 ^ clkbuf_0_clk_i/Z (gf180mcu_fd_sc_mcu7t5v0__clkbuf_16)
                                                         clknet_0_clk_i (net)
                      0.072439    0.000284    0.210737 ^ clkbuf_1_1__f_clk_i/I (gf180mcu_fd_sc_mcu7t5v0__clkbuf_16)
     5    0.022316    0.057763    0.146067    0.356805 ^ clkbuf_1_1__f_clk_i/Z (gf180mcu_fd_sc_mcu7t5v0__clkbuf_16)
                                                         clknet_1_1__leaf_clk_i (net)
                      0.057763    0.000122    0.356926 ^ _75_/CLK (gf180mcu_fd_sc_mcu7t5v0__dffq_1)
                                  0.250000    0.606926   clock uncertainty
                                  0.000000    0.606926   clock reconvergence pessimism
                                  0.059176    0.666102   library hold time
                                              0.666102   data required time
---------------------------------------------------------------------------------------------
                                              0.666102   data required time
                                             -1.186812   data arrival time
---------------------------------------------------------------------------------------------
                                              0.520710   slack (MET)


Startpoint: _73_ (rising edge-triggered flip-flop clocked by clk_i)
Endpoint: _73_ (rising edge-triggered flip-flop clocked by clk_i)
Path Group: clk_i
Path Type: min

Fanout         Cap        Slew       Delay        Time   Description
---------------------------------------------------------------------------------------------
                                  0.000000    0.000000   clock clk_i (rise edge)
                                  0.000000    0.000000   clock source latency
     1    0.028130    0.096678    0.048103    0.048103 ^ clk_i (in)
                                                         clk_i (net)
                      0.096680    0.000000    0.048103 ^ clkbuf_0_clk_i/I (gf180mcu_fd_sc_mcu7t5v0__clkbuf_16)
     2    0.047753    0.072438    0.162350    0.210453 ^ clkbuf_0_clk_i/Z (gf180mcu_fd_sc_mcu7t5v0__clkbuf_16)
                                                         clknet_0_clk_i (net)
                      0.072439    0.000349    0.210802 ^ clkbuf_1_0__f_clk_i/I (gf180mcu_fd_sc_mcu7t5v0__clkbuf_16)
     5    0.024079    0.058809    0.147063    0.357865 ^ clkbuf_1_0__f_clk_i/Z (gf180mcu_fd_sc_mcu7t5v0__clkbuf_16)
                                                         clknet_1_0__leaf_clk_i (net)
                      0.058809    0.000044    0.357909 ^ _73_/CLK (gf180mcu_fd_sc_mcu7t5v0__dffq_1)
     4    0.024440    0.185622    0.491034    0.848944 v _73_/Q (gf180mcu_fd_sc_mcu7t5v0__dffq_1)
                                                         net8 (net)
                      0.185624    0.000383    0.849326 v _36_/I (gf180mcu_fd_sc_mcu7t5v0__clkinv_1)
     1    0.004809    0.105450    0.094314    0.943640 ^ _36_/ZN (gf180mcu_fd_sc_mcu7t5v0__clkinv_1)
                                                         _11_ (net)
                      0.105450    0.000046    0.943686 ^ _57_/B (gf180mcu_fd_sc_mcu7t5v0__oai31_1)
     1    0.003500    0.088855    0.079557    1.023243 v _57_/ZN (gf180mcu_fd_sc_mcu7t5v0__oai31_1)
                                                         _27_ (net)
                      0.088855    0.000036    1.023278 v _59_/A2 (gf180mcu_fd_sc_mcu7t5v0__and3_1)
     1    0.004480    0.086655    0.203136    1.226414 v _59_/Z (gf180mcu_fd_sc_mcu7t5v0__and3_1)
                                                         _05_ (net)
                      0.086655    0.000055    1.226470 v _73_/D (gf180mcu_fd_sc_mcu7t5v0__dffq_1)
                                              1.226470   data arrival time

                                  0.000000    0.000000   clock clk_i (rise edge)
                                  0.000000    0.000000   clock source latency
     1    0.028130    0.096678    0.048103    0.048103 ^ clk_i (in)
                                                         clk_i (net)
                      0.096680    0.000000    0.048103 ^ clkbuf_0_clk_i/I (gf180mcu_fd_sc_mcu7t5v0__clkbuf_16)
     2    0.047753    0.072438    0.162350    0.210453 ^ clkbuf_0_clk_i/Z (gf180mcu_fd_sc_mcu7t5v0__clkbuf_16)
                                                         clknet_0_clk_i (net)
                      0.072439    0.000349    0.210802 ^ clkbuf_1_0__f_clk_i/I (gf180mcu_fd_sc_mcu7t5v0__clkbuf_16)
     5    0.024079    0.058809    0.147063    0.357865 ^ clkbuf_1_0__f_clk_i/Z (gf180mcu_fd_sc_mcu7t5v0__clkbuf_16)
                                                         clknet_1_0__leaf_clk_i (net)
                      0.058809    0.000044    0.357909 ^ _73_/CLK (gf180mcu_fd_sc_mcu7t5v0__dffq_1)
                                  0.250000    0.607909   clock uncertainty
                                  0.000000    0.607909   clock reconvergence pessimism
                                  0.057653    0.665563   library hold time
                                              0.665563   data required time
---------------------------------------------------------------------------------------------
                                              0.665563   data required time
                                             -1.226470   data arrival time
---------------------------------------------------------------------------------------------
                                              0.560907   slack (MET)


Startpoint: _71_ (rising edge-triggered flip-flop clocked by clk_i)
Endpoint: _71_ (rising edge-triggered flip-flop clocked by clk_i)
Path Group: clk_i
Path Type: min

Fanout         Cap        Slew       Delay        Time   Description
---------------------------------------------------------------------------------------------
                                  0.000000    0.000000   clock clk_i (rise edge)
                                  0.000000    0.000000   clock source latency
     1    0.028130    0.096678    0.048103    0.048103 ^ clk_i (in)
                                                         clk_i (net)
                      0.096680    0.000000    0.048103 ^ clkbuf_0_clk_i/I (gf180mcu_fd_sc_mcu7t5v0__clkbuf_16)
     2    0.047753    0.072438    0.162350    0.210453 ^ clkbuf_0_clk_i/Z (gf180mcu_fd_sc_mcu7t5v0__clkbuf_16)
                                                         clknet_0_clk_i (net)
                      0.072439    0.000349    0.210802 ^ clkbuf_1_0__f_clk_i/I (gf180mcu_fd_sc_mcu7t5v0__clkbuf_16)
     5    0.024079    0.058809    0.147063    0.357865 ^ clkbuf_1_0__f_clk_i/Z (gf180mcu_fd_sc_mcu7t5v0__clkbuf_16)
                                                         clknet_1_0__leaf_clk_i (net)
                      0.058810    0.000407    0.358273 ^ _71_/CLK (gf180mcu_fd_sc_mcu7t5v0__dffq_1)
     4    0.021846    0.170241    0.480476    0.838749 v _71_/Q (gf180mcu_fd_sc_mcu7t5v0__dffq_1)
                                                         net6 (net)
                      0.170242    0.000289    0.839038 v _38_/I (gf180mcu_fd_sc_mcu7t5v0__clkinv_1)
     7    0.041212    0.465948    0.321076    1.160114 ^ _38_/ZN (gf180mcu_fd_sc_mcu7t5v0__clkinv_1)
                                                         _13_ (net)
                      0.465949    0.000468    1.160582 ^ _53_/A1 (gf180mcu_fd_sc_mcu7t5v0__aoi21_1)
     1    0.003011    0.130208    0.066755    1.227337 v _53_/ZN (gf180mcu_fd_sc_mcu7t5v0__aoi21_1)
                                                         _03_ (net)
                      0.130208    0.000031    1.227368 v _71_/D (gf180mcu_fd_sc_mcu7t5v0__dffq_1)
                                              1.227368   data arrival time

                                  0.000000    0.000000   clock clk_i (rise edge)
                                  0.000000    0.000000   clock source latency
     1    0.028130    0.096678    0.048103    0.048103 ^ clk_i (in)
                                                         clk_i (net)
                      0.096680    0.000000    0.048103 ^ clkbuf_0_clk_i/I (gf180mcu_fd_sc_mcu7t5v0__clkbuf_16)
     2    0.047753    0.072438    0.162350    0.210453 ^ clkbuf_0_clk_i/Z (gf180mcu_fd_sc_mcu7t5v0__clkbuf_16)
                                                         clknet_0_clk_i (net)
                      0.072439    0.000349    0.210802 ^ clkbuf_1_0__f_clk_i/I (gf180mcu_fd_sc_mcu7t5v0__clkbuf_16)
     5    0.024079    0.058809    0.147063    0.357865 ^ clkbuf_1_0__f_clk_i/Z (gf180mcu_fd_sc_mcu7t5v0__clkbuf_16)
                                                         clknet_1_0__leaf_clk_i (net)
                      0.058810    0.000407    0.358273 ^ _71_/CLK (gf180mcu_fd_sc_mcu7t5v0__dffq_1)
                                  0.250000    0.608273   clock uncertainty
                                  0.000000    0.608273   clock reconvergence pessimism
                                  0.045517    0.653790   library hold time
                                              0.653790   data required time
---------------------------------------------------------------------------------------------
                                              0.653790   data required time
                                             -1.227368   data arrival time
---------------------------------------------------------------------------------------------
                                              0.573578   slack (MET)


Startpoint: _75_ (rising edge-triggered flip-flop clocked by clk_i)
Endpoint: count_o[7] (output port clocked by clk_i)
Path Group: clk_i
Path Type: min

Fanout         Cap        Slew       Delay        Time   Description
---------------------------------------------------------------------------------------------
                                  0.000000    0.000000   clock clk_i (rise edge)
                                  0.000000    0.000000   clock source latency
     1    0.028130    0.096678    0.048103    0.048103 ^ clk_i (in)
                                                         clk_i (net)
                      0.096680    0.000000    0.048103 ^ clkbuf_0_clk_i/I (gf180mcu_fd_sc_mcu7t5v0__clkbuf_16)
     2    0.047753    0.072438    0.162350    0.210453 ^ clkbuf_0_clk_i/Z (gf180mcu_fd_sc_mcu7t5v0__clkbuf_16)
                                                         clknet_0_clk_i (net)
                      0.072439    0.000284    0.210737 ^ clkbuf_1_1__f_clk_i/I (gf180mcu_fd_sc_mcu7t5v0__clkbuf_16)
     5    0.022316    0.057763    0.146067    0.356805 ^ clkbuf_1_1__f_clk_i/Z (gf180mcu_fd_sc_mcu7t5v0__clkbuf_16)
                                                         clknet_1_1__leaf_clk_i (net)
                      0.057763    0.000122    0.356926 ^ _75_/CLK (gf180mcu_fd_sc_mcu7t5v0__dffq_1)
     2    0.009051    0.097599    0.424874    0.781800 v _75_/Q (gf180mcu_fd_sc_mcu7t5v0__dffq_1)
                                                         net10 (net)
                      0.097599    0.000103    0.781903 v output10/I (gf180mcu_fd_sc_mcu7t5v0__dlyb_1)
     1    0.073833    0.528242    0.914842    1.696745 v output10/Z (gf180mcu_fd_sc_mcu7t5v0__dlyb_1)
                                                         count_o[7] (net)
                      0.528247    0.000916    1.697660 v count_o[7] (out)
                                              1.697660   data arrival time

                                  0.000000    0.000000   clock clk_i (rise edge)
                                  0.000000    0.000000   clock network delay (propagated)
                                  0.250000    0.250000   clock uncertainty
                                  0.000000    0.250000   clock reconvergence pessimism
                                 -5.000000   -4.750000   output external delay
                                             -4.750000   data required time
---------------------------------------------------------------------------------------------
                                             -4.750000   data required time
                                             -1.697660   data arrival time
---------------------------------------------------------------------------------------------
                                              6.447660   slack (MET)


Startpoint: _76_ (rising edge-triggered flip-flop clocked by clk_i)
Endpoint: ovf_o (output port clocked by clk_i)
Path Group: clk_i
Path Type: min

Fanout         Cap        Slew       Delay        Time   Description
---------------------------------------------------------------------------------------------
                                  0.000000    0.000000   clock clk_i (rise edge)
                                  0.000000    0.000000   clock source latency
     1    0.028130    0.096678    0.048103    0.048103 ^ clk_i (in)
                                                         clk_i (net)
                      0.096680    0.000000    0.048103 ^ clkbuf_0_clk_i/I (gf180mcu_fd_sc_mcu7t5v0__clkbuf_16)
     2    0.047753    0.072438    0.162350    0.210453 ^ clkbuf_0_clk_i/Z (gf180mcu_fd_sc_mcu7t5v0__clkbuf_16)
                                                         clknet_0_clk_i (net)
                      0.072439    0.000284    0.210737 ^ clkbuf_1_1__f_clk_i/I (gf180mcu_fd_sc_mcu7t5v0__clkbuf_16)
     5    0.022316    0.057763    0.146067    0.356805 ^ clkbuf_1_1__f_clk_i/Z (gf180mcu_fd_sc_mcu7t5v0__clkbuf_16)
                                                         clknet_1_1__leaf_clk_i (net)
                      0.057763    0.000384    0.357189 ^ _76_/CLK (gf180mcu_fd_sc_mcu7t5v0__dffq_1)
     2    0.009666    0.101017    0.427605    0.784794 v _76_/Q (gf180mcu_fd_sc_mcu7t5v0__dffq_1)
                                                         net11 (net)
                      0.101017    0.000079    0.784873 v output11/I (gf180mcu_fd_sc_mcu7t5v0__dlyb_1)
     1    0.073610    0.526932    0.915330    1.700204 v output11/Z (gf180mcu_fd_sc_mcu7t5v0__dlyb_1)
                                                         ovf_o (net)
                      0.526932    0.000524    1.700727 v ovf_o (out)
                                              1.700727   data arrival time

                                  0.000000    0.000000   clock clk_i (rise edge)
                                  0.000000    0.000000   clock network delay (propagated)
                                  0.250000    0.250000   clock uncertainty
                                  0.000000    0.250000   clock reconvergence pessimism
                                 -5.000000   -4.750000   output external delay
                                             -4.750000   data required time
---------------------------------------------------------------------------------------------
                                             -4.750000   data required time
                                             -1.700727   data arrival time
---------------------------------------------------------------------------------------------
                                              6.450727   slack (MET)


Startpoint: _74_ (rising edge-triggered flip-flop clocked by clk_i)
Endpoint: count_o[6] (output port clocked by clk_i)
Path Group: clk_i
Path Type: min

Fanout         Cap        Slew       Delay        Time   Description
---------------------------------------------------------------------------------------------
                                  0.000000    0.000000   clock clk_i (rise edge)
                                  0.000000    0.000000   clock source latency
     1    0.028130    0.096678    0.048103    0.048103 ^ clk_i (in)
                                                         clk_i (net)
                      0.096680    0.000000    0.048103 ^ clkbuf_0_clk_i/I (gf180mcu_fd_sc_mcu7t5v0__clkbuf_16)
     2    0.047753    0.072438    0.162350    0.210453 ^ clkbuf_0_clk_i/Z (gf180mcu_fd_sc_mcu7t5v0__clkbuf_16)
                                                         clknet_0_clk_i (net)
                      0.072439    0.000349    0.210802 ^ clkbuf_1_0__f_clk_i/I (gf180mcu_fd_sc_mcu7t5v0__clkbuf_16)
     5    0.024079    0.058809    0.147063    0.357865 ^ clkbuf_1_0__f_clk_i/Z (gf180mcu_fd_sc_mcu7t5v0__clkbuf_16)
                                                         clknet_1_0__leaf_clk_i (net)
                      0.058809    0.000092    0.357957 ^ _74_/CLK (gf180mcu_fd_sc_mcu7t5v0__dffq_1)
     3    0.013804    0.124052    0.446023    0.803980 v _74_/Q (gf180mcu_fd_sc_mcu7t5v0__dffq_1)
                                                         net9 (net)
                      0.124052    0.000113    0.804093 v output9/I (gf180mcu_fd_sc_mcu7t5v0__dlyb_1)
     1    0.073628    0.527047    0.923436    1.727529 v output9/Z (gf180mcu_fd_sc_mcu7t5v0__dlyb_1)
                                                         count_o[6] (net)
                      0.527051    0.000854    1.728383 v count_o[6] (out)
                                              1.728383   data arrival time

                                  0.000000    0.000000   clock clk_i (rise edge)
                                  0.000000    0.000000   clock network delay (propagated)
                                  0.250000    0.250000   clock uncertainty
                                  0.000000    0.250000   clock reconvergence pessimism
                                 -5.000000   -4.750000   output external delay
                                             -4.750000   data required time
---------------------------------------------------------------------------------------------
                                             -4.750000   data required time
                                             -1.728383   data arrival time
---------------------------------------------------------------------------------------------
                                              6.478383   slack (MET)


Startpoint: _70_ (rising edge-triggered flip-flop clocked by clk_i)
Endpoint: count_o[2] (output port clocked by clk_i)
Path Group: clk_i
Path Type: min

Fanout         Cap        Slew       Delay        Time   Description
---------------------------------------------------------------------------------------------
                                  0.000000    0.000000   clock clk_i (rise edge)
                                  0.000000    0.000000   clock source latency
     1    0.028130    0.096678    0.048103    0.048103 ^ clk_i (in)
                                                         clk_i (net)
                      0.096680    0.000000    0.048103 ^ clkbuf_0_clk_i/I (gf180mcu_fd_sc_mcu7t5v0__clkbuf_16)
     2    0.047753    0.072438    0.162350    0.210453 ^ clkbuf_0_clk_i/Z (gf180mcu_fd_sc_mcu7t5v0__clkbuf_16)
                                                         clknet_0_clk_i (net)
                      0.072439    0.000349    0.210802 ^ clkbuf_1_0__f_clk_i/I (gf180mcu_fd_sc_mcu7t5v0__clkbuf_16)
     5    0.024079    0.058809    0.147063    0.357865 ^ clkbuf_1_0__f_clk_i/Z (gf180mcu_fd_sc_mcu7t5v0__clkbuf_16)
                                                         clknet_1_0__leaf_clk_i (net)
                      0.058810    0.000431    0.358297 ^ _70_/CLK (gf180mcu_fd_sc_mcu7t5v0__dffq_1)
     4    0.016058    0.136635    0.455991    0.814287 v _70_/Q (gf180mcu_fd_sc_mcu7t5v0__dffq_1)
                                                         net5 (net)
                      0.136636    0.000182    0.814469 v output5/I (gf180mcu_fd_sc_mcu7t5v0__dlyb_1)
     1    0.073582    0.526790    0.927797    1.742267 v output5/Z (gf180mcu_fd_sc_mcu7t5v0__dlyb_1)
                                                         count_o[2] (net)
                      0.526794    0.000838    1.743105 v count_o[2] (out)
                                              1.743105   data arrival time

                                  0.000000    0.000000   clock clk_i (rise edge)
                                  0.000000    0.000000   clock network delay (propagated)
                                  0.250000    0.250000   clock uncertainty
                                  0.000000    0.250000   clock reconvergence pessimism
                                 -5.000000   -4.750000   output external delay
                                             -4.750000   data required time
---------------------------------------------------------------------------------------------
                                             -4.750000   data required time
                                             -1.743105   data arrival time
---------------------------------------------------------------------------------------------
                                              6.493105   slack (MET)


Startpoint: _71_ (rising edge-triggered flip-flop clocked by clk_i)
Endpoint: count_o[3] (output port clocked by clk_i)
Path Group: clk_i
Path Type: min

Fanout         Cap        Slew       Delay        Time   Description
---------------------------------------------------------------------------------------------
                                  0.000000    0.000000   clock clk_i (rise edge)
                                  0.000000    0.000000   clock source latency
     1    0.028130    0.096678    0.048103    0.048103 ^ clk_i (in)
                                                         clk_i (net)
                      0.096680    0.000000    0.048103 ^ clkbuf_0_clk_i/I (gf180mcu_fd_sc_mcu7t5v0__clkbuf_16)
     2    0.047753    0.072438    0.162350    0.210453 ^ clkbuf_0_clk_i/Z (gf180mcu_fd_sc_mcu7t5v0__clkbuf_16)
                                                         clknet_0_clk_i (net)
                      0.072439    0.000349    0.210802 ^ clkbuf_1_0__f_clk_i/I (gf180mcu_fd_sc_mcu7t5v0__clkbuf_16)
     5    0.024079    0.058809    0.147063    0.357865 ^ clkbuf_1_0__f_clk_i/Z (gf180mcu_fd_sc_mcu7t5v0__clkbuf_16)
                                                         clknet_1_0__leaf_clk_i (net)
                      0.058810    0.000407    0.358273 ^ _71_/CLK (gf180mcu_fd_sc_mcu7t5v0__dffq_1)
     4    0.021846    0.170241    0.480476    0.838749 v _71_/Q (gf180mcu_fd_sc_mcu7t5v0__dffq_1)
                                                         net6 (net)
                      0.170242    0.000303    0.839052 v output6/I (gf180mcu_fd_sc_mcu7t5v0__dlyb_1)
     1    0.073892    0.528697    0.941161    1.780213 v output6/Z (gf180mcu_fd_sc_mcu7t5v0__dlyb_1)
                                                         count_o[3] (net)
                      0.528701    0.000872    1.781086 v count_o[3] (out)
                                              1.781086   data arrival time

                                  0.000000    0.000000   clock clk_i (rise edge)
                                  0.000000    0.000000   clock network delay (propagated)
                                  0.250000    0.250000   clock uncertainty
                                  0.000000    0.250000   clock reconvergence pessimism
                                 -5.000000   -4.750000   output external delay
                                             -4.750000   data required time
---------------------------------------------------------------------------------------------
                                             -4.750000   data required time
                                             -1.781086   data arrival time
---------------------------------------------------------------------------------------------
                                              6.531086   slack (MET)


Startpoint: _69_ (rising edge-triggered flip-flop clocked by clk_i)
Endpoint: count_o[1] (output port clocked by clk_i)
Path Group: clk_i
Path Type: min

Fanout         Cap        Slew       Delay        Time   Description
---------------------------------------------------------------------------------------------
                                  0.000000    0.000000   clock clk_i (rise edge)
                                  0.000000    0.000000   clock source latency
     1    0.028130    0.096678    0.048103    0.048103 ^ clk_i (in)
                                                         clk_i (net)
                      0.096680    0.000000    0.048103 ^ clkbuf_0_clk_i/I (gf180mcu_fd_sc_mcu7t5v0__clkbuf_16)
     2    0.047753    0.072438    0.162350    0.210453 ^ clkbuf_0_clk_i/Z (gf180mcu_fd_sc_mcu7t5v0__clkbuf_16)
                                                         clknet_0_clk_i (net)
                      0.072439    0.000284    0.210737 ^ clkbuf_1_1__f_clk_i/I (gf180mcu_fd_sc_mcu7t5v0__clkbuf_16)
     5    0.022316    0.057763    0.146067    0.356805 ^ clkbuf_1_1__f_clk_i/Z (gf180mcu_fd_sc_mcu7t5v0__clkbuf_16)
                                                         clknet_1_1__leaf_clk_i (net)
                      0.057764    0.000480    0.357285 ^ _69_/CLK (gf180mcu_fd_sc_mcu7t5v0__dffq_1)
     5    0.022704    0.175283    0.483697    0.840982 v _69_/Q (gf180mcu_fd_sc_mcu7t5v0__dffq_1)
                                                         net4 (net)
                      0.175284    0.000275    0.841257 v output4/I (gf180mcu_fd_sc_mcu7t5v0__dlyb_1)
     1    0.074269    0.530963    0.944425    1.785682 v output4/Z (gf180mcu_fd_sc_mcu7t5v0__dlyb_1)
                                                         count_o[1] (net)
                      0.530968    0.000999    1.786680 v count_o[1] (out)
                                              1.786680   data arrival time

                                  0.000000    0.000000   clock clk_i (rise edge)
                                  0.000000    0.000000   clock network delay (propagated)
                                  0.250000    0.250000   clock uncertainty
                                  0.000000    0.250000   clock reconvergence pessimism
                                 -5.000000   -4.750000   output external delay
                                             -4.750000   data required time
---------------------------------------------------------------------------------------------
                                             -4.750000   data required time
                                             -1.786680   data arrival time
---------------------------------------------------------------------------------------------
                                              6.536680   slack (MET)


Startpoint: _73_ (rising edge-triggered flip-flop clocked by clk_i)
Endpoint: count_o[5] (output port clocked by clk_i)
Path Group: clk_i
Path Type: min

Fanout         Cap        Slew       Delay        Time   Description
---------------------------------------------------------------------------------------------
                                  0.000000    0.000000   clock clk_i (rise edge)
                                  0.000000    0.000000   clock source latency
     1    0.028130    0.096678    0.048103    0.048103 ^ clk_i (in)
                                                         clk_i (net)
                      0.096680    0.000000    0.048103 ^ clkbuf_0_clk_i/I (gf180mcu_fd_sc_mcu7t5v0__clkbuf_16)
     2    0.047753    0.072438    0.162350    0.210453 ^ clkbuf_0_clk_i/Z (gf180mcu_fd_sc_mcu7t5v0__clkbuf_16)
                                                         clknet_0_clk_i (net)
                      0.072439    0.000349    0.210802 ^ clkbuf_1_0__f_clk_i/I (gf180mcu_fd_sc_mcu7t5v0__clkbuf_16)
     5    0.024079    0.058809    0.147063    0.357865 ^ clkbuf_1_0__f_clk_i/Z (gf180mcu_fd_sc_mcu7t5v0__clkbuf_16)
                                                         clknet_1_0__leaf_clk_i (net)
                      0.058809    0.000044    0.357909 ^ _73_/CLK (gf180mcu_fd_sc_mcu7t5v0__dffq_1)
     4    0.024440    0.185622    0.491034    0.848944 v _73_/Q (gf180mcu_fd_sc_mcu7t5v0__dffq_1)
                                                         net8 (net)
                      0.185622    0.000187    0.849130 v output8/I (gf180mcu_fd_sc_mcu7t5v0__dlyb_1)
     1    0.073614    0.527076    0.945855    1.794985 v output8/Z (gf180mcu_fd_sc_mcu7t5v0__dlyb_1)
                                                         count_o[5] (net)
                      0.527076    0.000524    1.795509 v count_o[5] (out)
                                              1.795509   data arrival time

                                  0.000000    0.000000   clock clk_i (rise edge)
                                  0.000000    0.000000   clock network delay (propagated)
                                  0.250000    0.250000   clock uncertainty
                                  0.000000    0.250000   clock reconvergence pessimism
                                 -5.000000   -4.750000   output external delay
                                             -4.750000   data required time
---------------------------------------------------------------------------------------------
                                             -4.750000   data required time
                                             -1.795509   data arrival time
---------------------------------------------------------------------------------------------
                                              6.545510   slack (MET)


Startpoint: _72_ (rising edge-triggered flip-flop clocked by clk_i)
Endpoint: count_o[4] (output port clocked by clk_i)
Path Group: clk_i
Path Type: min

Fanout         Cap        Slew       Delay        Time   Description
---------------------------------------------------------------------------------------------
                                  0.000000    0.000000   clock clk_i (rise edge)
                                  0.000000    0.000000   clock source latency
     1    0.028130    0.096678    0.048103    0.048103 ^ clk_i (in)
                                                         clk_i (net)
                      0.096680    0.000000    0.048103 ^ clkbuf_0_clk_i/I (gf180mcu_fd_sc_mcu7t5v0__clkbuf_16)
     2    0.047753    0.072438    0.162350    0.210453 ^ clkbuf_0_clk_i/Z (gf180mcu_fd_sc_mcu7t5v0__clkbuf_16)
                                                         clknet_0_clk_i (net)
                      0.072439    0.000349    0.210802 ^ clkbuf_1_0__f_clk_i/I (gf180mcu_fd_sc_mcu7t5v0__clkbuf_16)
     5    0.024079    0.058809    0.147063    0.357865 ^ clkbuf_1_0__f_clk_i/Z (gf180mcu_fd_sc_mcu7t5v0__clkbuf_16)
                                                         clknet_1_0__leaf_clk_i (net)
                      0.058809    0.000252    0.358117 ^ _72_/CLK (gf180mcu_fd_sc_mcu7t5v0__dffq_1)
     5    0.028061    0.207196    0.505630    0.863747 v _72_/Q (gf180mcu_fd_sc_mcu7t5v0__dffq_1)
                                                         net7 (net)
                      0.207196    0.000153    0.863900 v output7/I (gf180mcu_fd_sc_mcu7t5v0__dlyb_1)
     1    0.073986    0.529338    0.955088    1.818988 v output7/Z (gf180mcu_fd_sc_mcu7t5v0__dlyb_1)
                                                         count_o[4] (net)
                      0.529340    0.000617    1.819605 v count_o[4] (out)
                                              1.819605   data arrival time

                                  0.000000    0.000000   clock clk_i (rise edge)
                                  0.000000    0.000000   clock network delay (propagated)
                                  0.250000    0.250000   clock uncertainty
                                  0.000000    0.250000   clock reconvergence pessimism
                                 -5.000000   -4.750000   output external delay
                                             -4.750000   data required time
---------------------------------------------------------------------------------------------
                                             -4.750000   data required time
                                             -1.819605   data arrival time
---------------------------------------------------------------------------------------------
                                              6.569605   slack (MET)


Startpoint: _68_ (rising edge-triggered flip-flop clocked by clk_i)
Endpoint: count_o[0] (output port clocked by clk_i)
Path Group: clk_i
Path Type: min

Fanout         Cap        Slew       Delay        Time   Description
---------------------------------------------------------------------------------------------
                                  0.000000    0.000000   clock clk_i (rise edge)
                                  0.000000    0.000000   clock source latency
     1    0.028130    0.096678    0.048103    0.048103 ^ clk_i (in)
                                                         clk_i (net)
                      0.096680    0.000000    0.048103 ^ clkbuf_0_clk_i/I (gf180mcu_fd_sc_mcu7t5v0__clkbuf_16)
     2    0.047753    0.072438    0.162350    0.210453 ^ clkbuf_0_clk_i/Z (gf180mcu_fd_sc_mcu7t5v0__clkbuf_16)
                                                         clknet_0_clk_i (net)
                      0.072439    0.000284    0.210737 ^ clkbuf_1_1__f_clk_i/I (gf180mcu_fd_sc_mcu7t5v0__clkbuf_16)
     5    0.022316    0.057763    0.146067    0.356805 ^ clkbuf_1_1__f_clk_i/Z (gf180mcu_fd_sc_mcu7t5v0__clkbuf_16)
                                                         clknet_1_1__leaf_clk_i (net)
                      0.057763    0.000364    0.357169 ^ _68_/CLK (gf180mcu_fd_sc_mcu7t5v0__dffq_1)
     7    0.036303    0.256724    0.539017    0.896186 v _68_/Q (gf180mcu_fd_sc_mcu7t5v0__dffq_1)
                                                         net3 (net)
                      0.256727    0.000480    0.896666 v output3/I (gf180mcu_fd_sc_mcu7t5v0__dlyb_1)
     1    0.074751    0.533883    0.975835    1.872502 v output3/Z (gf180mcu_fd_sc_mcu7t5v0__dlyb_1)
                                                         count_o[0] (net)
                      0.533890    0.001160    1.873662 v count_o[0] (out)
                                              1.873662   data arrival time

                                  0.000000    0.000000   clock clk_i (rise edge)
                                  0.000000    0.000000   clock network delay (propagated)
                                  0.250000    0.250000   clock uncertainty
                                  0.000000    0.250000   clock reconvergence pessimism
                                 -5.000000   -4.750000   output external delay
                                             -4.750000   data required time
---------------------------------------------------------------------------------------------
                                             -4.750000   data required time
                                             -1.873662   data arrival time
---------------------------------------------------------------------------------------------
                                              6.623662   slack (MET)



