+ define_corners nom_tt_025C_5v00
Reading timing models for corner nom_tt_025C_5v00…
Reading cell library for the 'nom_tt_025C_5v00' corner at '/home/windyphony/.ciel/ciel/gf180mcu/versions/54435919abffb937387ec956209f9cf5fd2dfbee/gf180mcuD/libs.ref/gf180mcu_fd_sc_mcu7t5v0/lib/gf180mcu_fd_sc_mcu7t5v0__tt_025C_5v00.lib'…
Reading top-level netlist at '/home/windyphony/heichips25-workshop/exercise_4/counter_8bit/runs/RUN_2026-05-11_22-31-40/06-yosys-synthesis/counter_8bit.nl.v'…
Linking design 'counter_8bit' from netlist…
Reading design constraints file at '/home/windyphony/unic-cass/envs/librelane/lib/python3.12/site-packages/librelane/scripts/base.sdc'…
[INFO] Using clock clk_i…
[INFO] Setting output delay to: 5
[INFO] Setting input delay to: 5
[INFO] Setting load to: 0.07291
[INFO] Setting clock uncertainty to: 0.25
[INFO] Setting clock transition to: 0.1499999999999999944488848768742172978818416595458984375
[INFO] Setting timing derate to: 5%
%OL_CREATE_REPORT min.rpt

===========================================================================
report_checks -path_delay min (Hold)
============================================================================
======================= nom_tt_025C_5v00 Corner ===================================

Startpoint: _70_ (rising edge-triggered flip-flop clocked by clk_i)
Endpoint: _70_ (rising edge-triggered flip-flop clocked by clk_i)
Path Group: clk_i
Path Type: min

Fanout         Cap        Slew       Delay        Time   Description
---------------------------------------------------------------------------------------------
                      0.150000    0.000000    0.000000   clock clk_i (rise edge)
                                  0.000000    0.000000   clock network delay (ideal)
                      0.150000    0.000000    0.000000 ^ _70_/CLK (gf180mcu_fd_sc_mcu7t5v0__dffq_1)
     4    0.084158    0.858836    1.145476    1.145476 v _70_/Q (gf180mcu_fd_sc_mcu7t5v0__dffq_1)
                                                         count_o[2] (net)
                      0.858836    0.000000    1.145476 v _39_/I (gf180mcu_fd_sc_mcu7t5v0__clkinv_1)
     1    0.004870    0.274177    0.238077    1.383553 ^ _39_/ZN (gf180mcu_fd_sc_mcu7t5v0__clkinv_1)
                                                         _14_ (net)
                      0.274177    0.000000    1.383553 ^ _51_/A1 (gf180mcu_fd_sc_mcu7t5v0__aoi21_1)
     1    0.002389    0.127664    0.103736    1.487289 v _51_/ZN (gf180mcu_fd_sc_mcu7t5v0__aoi21_1)
                                                         _02_ (net)
                      0.127664    0.000000    1.487289 v _70_/D (gf180mcu_fd_sc_mcu7t5v0__dffq_1)
                                              1.487289   data arrival time

                      0.150000    0.000000    0.000000   clock clk_i (rise edge)
                                  0.000000    0.000000   clock network delay (ideal)
                                  0.250000    0.250000   clock uncertainty
                                  0.000000    0.250000   clock reconvergence pessimism
                                              0.250000 ^ _70_/CLK (gf180mcu_fd_sc_mcu7t5v0__dffq_1)
                                  0.088131    0.338131   library hold time
                                              0.338131   data required time
---------------------------------------------------------------------------------------------
                                              0.338131   data required time
                                             -1.487289   data arrival time
---------------------------------------------------------------------------------------------
                                              1.149157   slack (MET)


Startpoint: _76_ (rising edge-triggered flip-flop clocked by clk_i)
Endpoint: _76_ (rising edge-triggered flip-flop clocked by clk_i)
Path Group: clk_i
Path Type: min

Fanout         Cap        Slew       Delay        Time   Description
---------------------------------------------------------------------------------------------
                      0.150000    0.000000    0.000000   clock clk_i (rise edge)
                                  0.000000    0.000000   clock network delay (ideal)
                      0.150000    0.000000    0.000000 ^ _76_/CLK (gf180mcu_fd_sc_mcu7t5v0__dffq_1)
     2    0.077714    0.796144    1.107701    1.107701 v _76_/Q (gf180mcu_fd_sc_mcu7t5v0__dffq_1)
                                                         ovf_o (net)
                      0.796144    0.000000    1.107701 v _66_/A1 (gf180mcu_fd_sc_mcu7t5v0__nand2_1)
     1    0.004783    0.203192    0.278193    1.385894 ^ _66_/ZN (gf180mcu_fd_sc_mcu7t5v0__nand2_1)
                                                         _33_ (net)
                      0.203192    0.000000    1.385894 ^ _67_/B (gf180mcu_fd_sc_mcu7t5v0__oai21_1)
     1    0.002389    0.118446    0.112938    1.498832 v _67_/ZN (gf180mcu_fd_sc_mcu7t5v0__oai21_1)
                                                         _08_ (net)
                      0.118446    0.000000    1.498832 v _76_/D (gf180mcu_fd_sc_mcu7t5v0__dffq_1)
                                              1.498832   data arrival time

                      0.150000    0.000000    0.000000   clock clk_i (rise edge)
                                  0.000000    0.000000   clock network delay (ideal)
                                  0.250000    0.250000   clock uncertainty
                                  0.000000    0.250000   clock reconvergence pessimism
                                              0.250000 ^ _76_/CLK (gf180mcu_fd_sc_mcu7t5v0__dffq_1)
                                  0.090311    0.340311   library hold time
                                              0.340311   data required time
---------------------------------------------------------------------------------------------
                                              0.340311   data required time
                                             -1.498832   data arrival time
---------------------------------------------------------------------------------------------
                                              1.158521   slack (MET)


Startpoint: _74_ (rising edge-triggered flip-flop clocked by clk_i)
Endpoint: _74_ (rising edge-triggered flip-flop clocked by clk_i)
Path Group: clk_i
Path Type: min

Fanout         Cap        Slew       Delay        Time   Description
---------------------------------------------------------------------------------------------
                      0.150000    0.000000    0.000000   clock clk_i (rise edge)
                                  0.000000    0.000000   clock network delay (ideal)
                      0.150000    0.000000    0.000000 ^ _74_/CLK (gf180mcu_fd_sc_mcu7t5v0__dffq_1)
     3    0.081530    0.833269    1.130071    1.130071 v _74_/Q (gf180mcu_fd_sc_mcu7t5v0__dffq_1)
                                                         count_o[6] (net)
                      0.833269    0.000000    1.130071 v _35_/I (gf180mcu_fd_sc_mcu7t5v0__clkinv_1)
     1    0.004697    0.266726    0.231796    1.361867 ^ _35_/ZN (gf180mcu_fd_sc_mcu7t5v0__clkinv_1)
                                                         _10_ (net)
                      0.266726    0.000000    1.361867 ^ _62_/A1 (gf180mcu_fd_sc_mcu7t5v0__aoi211_1)
     1    0.002389    0.155889    0.130387    1.492254 v _62_/ZN (gf180mcu_fd_sc_mcu7t5v0__aoi211_1)
                                                         _06_ (net)
                      0.155889    0.000000    1.492254 v _74_/D (gf180mcu_fd_sc_mcu7t5v0__dffq_1)
                                              1.492254   data arrival time

                      0.150000    0.000000    0.000000   clock clk_i (rise edge)
                                  0.000000    0.000000   clock network delay (ideal)
                                  0.250000    0.250000   clock uncertainty
                                  0.000000    0.250000   clock reconvergence pessimism
                                              0.250000 ^ _74_/CLK (gf180mcu_fd_sc_mcu7t5v0__dffq_1)
                                  0.080841    0.330841   library hold time
                                              0.330841   data required time
---------------------------------------------------------------------------------------------
                                              0.330841   data required time
                                             -1.492254   data arrival time
---------------------------------------------------------------------------------------------
                                              1.161413   slack (MET)


Startpoint: _69_ (rising edge-triggered flip-flop clocked by clk_i)
Endpoint: _69_ (rising edge-triggered flip-flop clocked by clk_i)
Path Group: clk_i
Path Type: min

Fanout         Cap        Slew       Delay        Time   Description
---------------------------------------------------------------------------------------------
                      0.150000    0.000000    0.000000   clock clk_i (rise edge)
                                  0.000000    0.000000   clock network delay (ideal)
                      0.150000    0.000000    0.000000 ^ _69_/CLK (gf180mcu_fd_sc_mcu7t5v0__dffq_1)
     5    0.088020    0.896409    1.168115    1.168115 v _69_/Q (gf180mcu_fd_sc_mcu7t5v0__dffq_1)
                                                         count_o[1] (net)
                      0.896409    0.000000    1.168115 v _44_/B (gf180mcu_fd_sc_mcu7t5v0__aoi21_1)
     1    0.004482    0.276865    0.324333    1.492448 ^ _44_/ZN (gf180mcu_fd_sc_mcu7t5v0__aoi21_1)
                                                         _18_ (net)
                      0.276865    0.000000    1.492448 ^ _47_/A1 (gf180mcu_fd_sc_mcu7t5v0__nor2_1)
     1    0.002389    0.121798    0.098433    1.590881 v _47_/ZN (gf180mcu_fd_sc_mcu7t5v0__nor2_1)
                                                         _01_ (net)
                      0.121798    0.000000    1.590881 v _69_/D (gf180mcu_fd_sc_mcu7t5v0__dffq_1)
                                              1.590881   data arrival time

                      0.150000    0.000000    0.000000   clock clk_i (rise edge)
                                  0.000000    0.000000   clock network delay (ideal)
                                  0.250000    0.250000   clock uncertainty
                                  0.000000    0.250000   clock reconvergence pessimism
                                              0.250000 ^ _69_/CLK (gf180mcu_fd_sc_mcu7t5v0__dffq_1)
                                  0.089518    0.339518   library hold time
                                              0.339518   data required time
---------------------------------------------------------------------------------------------
                                              0.339518   data required time
                                             -1.590881   data arrival time
---------------------------------------------------------------------------------------------
                                              1.251362   slack (MET)


Startpoint: _68_ (rising edge-triggered flip-flop clocked by clk_i)
Endpoint: _68_ (rising edge-triggered flip-flop clocked by clk_i)
Path Group: clk_i
Path Type: min

Fanout         Cap        Slew       Delay        Time   Description
---------------------------------------------------------------------------------------------
                      0.150000    0.000000    0.000000   clock clk_i (rise edge)
                                  0.000000    0.000000   clock network delay (ideal)
                      0.150000    0.000000    0.000000 ^ _68_/CLK (gf180mcu_fd_sc_mcu7t5v0__dffq_1)
     7    0.098458    1.674606    1.604849    1.604849 ^ _68_/Q (gf180mcu_fd_sc_mcu7t5v0__dffq_1)
                                                         count_o[0] (net)
                      1.674606    0.000000    1.604849 ^ _43_/A2 (gf180mcu_fd_sc_mcu7t5v0__aoi22_1)
     1    0.002389    0.171447    0.003833    1.608683 v _43_/ZN (gf180mcu_fd_sc_mcu7t5v0__aoi22_1)
                                                         _00_ (net)
                      0.171447    0.000000    1.608683 v _68_/D (gf180mcu_fd_sc_mcu7t5v0__dffq_1)
                                              1.608683   data arrival time

                      0.150000    0.000000    0.000000   clock clk_i (rise edge)
                                  0.000000    0.000000   clock network delay (ideal)
                                  0.250000    0.250000   clock uncertainty
                                  0.000000    0.250000   clock reconvergence pessimism
                                              0.250000 ^ _68_/CLK (gf180mcu_fd_sc_mcu7t5v0__dffq_1)
                                  0.076362    0.326362   library hold time
                                              0.326362   data required time
---------------------------------------------------------------------------------------------
                                              0.326362   data required time
                                             -1.608683   data arrival time
---------------------------------------------------------------------------------------------
                                              1.282321   slack (MET)


Startpoint: _72_ (rising edge-triggered flip-flop clocked by clk_i)
Endpoint: _72_ (rising edge-triggered flip-flop clocked by clk_i)
Path Group: clk_i
Path Type: min

Fanout         Cap        Slew       Delay        Time   Description
---------------------------------------------------------------------------------------------
                      0.150000    0.000000    0.000000   clock clk_i (rise edge)
                                  0.000000    0.000000   clock network delay (ideal)
                      0.150000    0.000000    0.000000 ^ _72_/CLK (gf180mcu_fd_sc_mcu7t5v0__dffq_1)
     5    0.089418    0.910010    1.176310    1.176310 v _72_/Q (gf180mcu_fd_sc_mcu7t5v0__dffq_1)
                                                         count_o[4] (net)
                      0.910010    0.000000    1.176310 v _54_/B (gf180mcu_fd_sc_mcu7t5v0__aoi21_1)
     1    0.003979    0.311779    0.317297    1.493607 ^ _54_/ZN (gf180mcu_fd_sc_mcu7t5v0__aoi21_1)
                                                         _25_ (net)
                      0.311779    0.000000    1.493607 ^ _56_/A2 (gf180mcu_fd_sc_mcu7t5v0__nor3_1)
     1    0.002389    0.143636    0.158245    1.651852 v _56_/ZN (gf180mcu_fd_sc_mcu7t5v0__nor3_1)
                                                         _04_ (net)
                      0.143636    0.000000    1.651852 v _72_/D (gf180mcu_fd_sc_mcu7t5v0__dffq_1)
                                              1.651852   data arrival time

                      0.150000    0.000000    0.000000   clock clk_i (rise edge)
                                  0.000000    0.000000   clock network delay (ideal)
                                  0.250000    0.250000   clock uncertainty
                                  0.000000    0.250000   clock reconvergence pessimism
                                              0.250000 ^ _72_/CLK (gf180mcu_fd_sc_mcu7t5v0__dffq_1)
                                  0.084355    0.334355   library hold time
                                              0.334355   data required time
---------------------------------------------------------------------------------------------
                                              0.334355   data required time
                                             -1.651852   data arrival time
---------------------------------------------------------------------------------------------
                                              1.317497   slack (MET)


Startpoint: _75_ (rising edge-triggered flip-flop clocked by clk_i)
Endpoint: _75_ (rising edge-triggered flip-flop clocked by clk_i)
Path Group: clk_i
Path Type: min

Fanout         Cap        Slew       Delay        Time   Description
---------------------------------------------------------------------------------------------
                      0.150000    0.000000    0.000000   clock clk_i (rise edge)
                                  0.000000    0.000000   clock network delay (ideal)
                      0.150000    0.000000    0.000000 ^ _75_/CLK (gf180mcu_fd_sc_mcu7t5v0__dffq_1)
     2    0.077128    0.790443    1.104266    1.104266 v _75_/Q (gf180mcu_fd_sc_mcu7t5v0__dffq_1)
                                                         count_o[7] (net)
                      0.790443    0.000000    1.104266 v _34_/I (gf180mcu_fd_sc_mcu7t5v0__clkinv_1)
     2    0.007473    0.306953    0.271561    1.375827 ^ _34_/ZN (gf180mcu_fd_sc_mcu7t5v0__clkinv_1)
                                                         _09_ (net)
                      0.306953    0.000000    1.375827 ^ _63_/B (gf180mcu_fd_sc_mcu7t5v0__oai31_1)
     1    0.002748    0.160458    0.132417    1.508243 v _63_/ZN (gf180mcu_fd_sc_mcu7t5v0__oai31_1)
                                                         _31_ (net)
                      0.160458    0.000000    1.508243 v _65_/A2 (gf180mcu_fd_sc_mcu7t5v0__and3_1)
     1    0.002389    0.110752    0.307588    1.815832 v _65_/Z (gf180mcu_fd_sc_mcu7t5v0__and3_1)
                                                         _07_ (net)
                      0.110752    0.000000    1.815832 v _75_/D (gf180mcu_fd_sc_mcu7t5v0__dffq_1)
                                              1.815832   data arrival time

                      0.150000    0.000000    0.000000   clock clk_i (rise edge)
                                  0.000000    0.000000   clock network delay (ideal)
                                  0.250000    0.250000   clock uncertainty
                                  0.000000    0.250000   clock reconvergence pessimism
                                              0.250000 ^ _75_/CLK (gf180mcu_fd_sc_mcu7t5v0__dffq_1)
                                  0.092130    0.342130   library hold time
                                              0.342130   data required time
---------------------------------------------------------------------------------------------
                                              0.342130   data required time
                                             -1.815832   data arrival time
---------------------------------------------------------------------------------------------
                                              1.473702   slack (MET)


Startpoint: _73_ (rising edge-triggered flip-flop clocked by clk_i)
Endpoint: _73_ (rising edge-triggered flip-flop clocked by clk_i)
Path Group: clk_i
Path Type: min

Fanout         Cap        Slew       Delay        Time   Description
---------------------------------------------------------------------------------------------
                      0.150000    0.000000    0.000000   clock clk_i (rise edge)
                                  0.000000    0.000000   clock network delay (ideal)
                      0.150000    0.000000    0.000000 ^ _73_/CLK (gf180mcu_fd_sc_mcu7t5v0__dffq_1)
     4    0.085395    0.870871    1.152727    1.152727 v _73_/Q (gf180mcu_fd_sc_mcu7t5v0__dffq_1)
                                                         count_o[5] (net)
                      0.870871    0.000000    1.152727 v _36_/I (gf180mcu_fd_sc_mcu7t5v0__clkinv_1)
     1    0.004672    0.272734    0.236303    1.389030 ^ _36_/ZN (gf180mcu_fd_sc_mcu7t5v0__clkinv_1)
                                                         _11_ (net)
                      0.272734    0.000000    1.389030 ^ _57_/B (gf180mcu_fd_sc_mcu7t5v0__oai31_1)
     1    0.002748    0.154921    0.129534    1.518565 v _57_/ZN (gf180mcu_fd_sc_mcu7t5v0__oai31_1)
                                                         _27_ (net)
                      0.154921    0.000000    1.518565 v _59_/A2 (gf180mcu_fd_sc_mcu7t5v0__and3_1)
     1    0.002389    0.110752    0.305900    1.824465 v _59_/Z (gf180mcu_fd_sc_mcu7t5v0__and3_1)
                                                         _05_ (net)
                      0.110752    0.000000    1.824465 v _73_/D (gf180mcu_fd_sc_mcu7t5v0__dffq_1)
                                              1.824465   data arrival time

                      0.150000    0.000000    0.000000   clock clk_i (rise edge)
                                  0.000000    0.000000   clock network delay (ideal)
                                  0.250000    0.250000   clock uncertainty
                                  0.000000    0.250000   clock reconvergence pessimism
                                              0.250000 ^ _73_/CLK (gf180mcu_fd_sc_mcu7t5v0__dffq_1)
                                  0.092130    0.342130   library hold time
                                              0.342130   data required time
---------------------------------------------------------------------------------------------
                                              0.342130   data required time
                                             -1.824465   data arrival time
---------------------------------------------------------------------------------------------
                                              1.482335   slack (MET)


Startpoint: _71_ (rising edge-triggered flip-flop clocked by clk_i)
Endpoint: _71_ (rising edge-triggered flip-flop clocked by clk_i)
Path Group: clk_i
Path Type: min

Fanout         Cap        Slew       Delay        Time   Description
---------------------------------------------------------------------------------------------
                      0.150000    0.000000    0.000000   clock clk_i (rise edge)
                                  0.000000    0.000000   clock network delay (ideal)
                      0.150000    0.000000    0.000000 ^ _71_/CLK (gf180mcu_fd_sc_mcu7t5v0__dffq_1)
     4    0.085947    0.876241    1.155963    1.155963 v _71_/Q (gf180mcu_fd_sc_mcu7t5v0__dffq_1)
                                                         count_o[3] (net)
                      0.876241    0.000000    1.155963 v _38_/I (gf180mcu_fd_sc_mcu7t5v0__clkinv_1)
     7    0.029892    0.632415    0.549871    1.705834 ^ _38_/ZN (gf180mcu_fd_sc_mcu7t5v0__clkinv_1)
                                                         _13_ (net)
                      0.632415    0.000000    1.705834 ^ _53_/A1 (gf180mcu_fd_sc_mcu7t5v0__aoi21_1)
     1    0.002389    0.169969    0.105792    1.811626 v _53_/ZN (gf180mcu_fd_sc_mcu7t5v0__aoi21_1)
                                                         _03_ (net)
                      0.169969    0.000000    1.811626 v _71_/D (gf180mcu_fd_sc_mcu7t5v0__dffq_1)
                                              1.811626   data arrival time

                      0.150000    0.000000    0.000000   clock clk_i (rise edge)
                                  0.000000    0.000000   clock network delay (ideal)
                                  0.250000    0.250000   clock uncertainty
                                  0.000000    0.250000   clock reconvergence pessimism
                                              0.250000 ^ _71_/CLK (gf180mcu_fd_sc_mcu7t5v0__dffq_1)
                                  0.076787    0.326787   library hold time
                                              0.326787   data required time
---------------------------------------------------------------------------------------------
                                              0.326787   data required time
                                             -1.811626   data arrival time
---------------------------------------------------------------------------------------------
                                              1.484839   slack (MET)


Startpoint: _75_ (rising edge-triggered flip-flop clocked by clk_i)
Endpoint: count_o[7] (output port clocked by clk_i)
Path Group: clk_i
Path Type: min

Fanout         Cap        Slew       Delay        Time   Description
---------------------------------------------------------------------------------------------
                      0.150000    0.000000    0.000000   clock clk_i (rise edge)
                                  0.000000    0.000000   clock network delay (ideal)
                      0.150000    0.000000    0.000000 ^ _75_/CLK (gf180mcu_fd_sc_mcu7t5v0__dffq_1)
     2    0.077128    0.790443    1.104266    1.104266 v _75_/Q (gf180mcu_fd_sc_mcu7t5v0__dffq_1)
                                                         count_o[7] (net)
                      0.790443    0.000000    1.104266 v count_o[7] (out)
                                              1.104266   data arrival time

                      0.150000    0.000000    0.000000   clock clk_i (rise edge)
                                  0.000000    0.000000   clock network delay (ideal)
                                  0.250000    0.250000   clock uncertainty
                                  0.000000    0.250000   clock reconvergence pessimism
                                 -5.000000   -4.750000   output external delay
                                             -4.750000   data required time
---------------------------------------------------------------------------------------------
                                             -4.750000   data required time
                                             -1.104266   data arrival time
---------------------------------------------------------------------------------------------
                                              5.854267   slack (MET)


Startpoint: _76_ (rising edge-triggered flip-flop clocked by clk_i)
Endpoint: ovf_o (output port clocked by clk_i)
Path Group: clk_i
Path Type: min

Fanout         Cap        Slew       Delay        Time   Description
---------------------------------------------------------------------------------------------
                      0.150000    0.000000    0.000000   clock clk_i (rise edge)
                                  0.000000    0.000000   clock network delay (ideal)
                      0.150000    0.000000    0.000000 ^ _76_/CLK (gf180mcu_fd_sc_mcu7t5v0__dffq_1)
     2    0.077714    0.796144    1.107701    1.107701 v _76_/Q (gf180mcu_fd_sc_mcu7t5v0__dffq_1)
                                                         ovf_o (net)
                      0.796144    0.000000    1.107701 v ovf_o (out)
                                              1.107701   data arrival time

                      0.150000    0.000000    0.000000   clock clk_i (rise edge)
                                  0.000000    0.000000   clock network delay (ideal)
                                  0.250000    0.250000   clock uncertainty
                                  0.000000    0.250000   clock reconvergence pessimism
                                 -5.000000   -4.750000   output external delay
                                             -4.750000   data required time
---------------------------------------------------------------------------------------------
                                             -4.750000   data required time
                                             -1.107701   data arrival time
---------------------------------------------------------------------------------------------
                                              5.857701   slack (MET)


Startpoint: _74_ (rising edge-triggered flip-flop clocked by clk_i)
Endpoint: count_o[6] (output port clocked by clk_i)
Path Group: clk_i
Path Type: min

Fanout         Cap        Slew       Delay        Time   Description
---------------------------------------------------------------------------------------------
                      0.150000    0.000000    0.000000   clock clk_i (rise edge)
                                  0.000000    0.000000   clock network delay (ideal)
                      0.150000    0.000000    0.000000 ^ _74_/CLK (gf180mcu_fd_sc_mcu7t5v0__dffq_1)
     3    0.081530    0.833269    1.130071    1.130071 v _74_/Q (gf180mcu_fd_sc_mcu7t5v0__dffq_1)
                                                         count_o[6] (net)
                      0.833269    0.000000    1.130071 v count_o[6] (out)
                                              1.130071   data arrival time

                      0.150000    0.000000    0.000000   clock clk_i (rise edge)
                                  0.000000    0.000000   clock network delay (ideal)
                                  0.250000    0.250000   clock uncertainty
                                  0.000000    0.250000   clock reconvergence pessimism
                                 -5.000000   -4.750000   output external delay
                                             -4.750000   data required time
---------------------------------------------------------------------------------------------
                                             -4.750000   data required time
                                             -1.130071   data arrival time
---------------------------------------------------------------------------------------------
                                              5.880071   slack (MET)


Startpoint: _70_ (rising edge-triggered flip-flop clocked by clk_i)
Endpoint: count_o[2] (output port clocked by clk_i)
Path Group: clk_i
Path Type: min

Fanout         Cap        Slew       Delay        Time   Description
---------------------------------------------------------------------------------------------
                      0.150000    0.000000    0.000000   clock clk_i (rise edge)
                                  0.000000    0.000000   clock network delay (ideal)
                      0.150000    0.000000    0.000000 ^ _70_/CLK (gf180mcu_fd_sc_mcu7t5v0__dffq_1)
     4    0.084158    0.858836    1.145476    1.145476 v _70_/Q (gf180mcu_fd_sc_mcu7t5v0__dffq_1)
                                                         count_o[2] (net)
                      0.858836    0.000000    1.145476 v count_o[2] (out)
                                              1.145476   data arrival time

                      0.150000    0.000000    0.000000   clock clk_i (rise edge)
                                  0.000000    0.000000   clock network delay (ideal)
                                  0.250000    0.250000   clock uncertainty
                                  0.000000    0.250000   clock reconvergence pessimism
                                 -5.000000   -4.750000   output external delay
                                             -4.750000   data required time
---------------------------------------------------------------------------------------------
                                             -4.750000   data required time
                                             -1.145476   data arrival time
---------------------------------------------------------------------------------------------
                                              5.895476   slack (MET)


Startpoint: _73_ (rising edge-triggered flip-flop clocked by clk_i)
Endpoint: count_o[5] (output port clocked by clk_i)
Path Group: clk_i
Path Type: min

Fanout         Cap        Slew       Delay        Time   Description
---------------------------------------------------------------------------------------------
                      0.150000    0.000000    0.000000   clock clk_i (rise edge)
                                  0.000000    0.000000   clock network delay (ideal)
                      0.150000    0.000000    0.000000 ^ _73_/CLK (gf180mcu_fd_sc_mcu7t5v0__dffq_1)
     4    0.085395    0.870871    1.152727    1.152727 v _73_/Q (gf180mcu_fd_sc_mcu7t5v0__dffq_1)
                                                         count_o[5] (net)
                      0.870871    0.000000    1.152727 v count_o[5] (out)
                                              1.152727   data arrival time

                      0.150000    0.000000    0.000000   clock clk_i (rise edge)
                                  0.000000    0.000000   clock network delay (ideal)
                                  0.250000    0.250000   clock uncertainty
                                  0.000000    0.250000   clock reconvergence pessimism
                                 -5.000000   -4.750000   output external delay
                                             -4.750000   data required time
---------------------------------------------------------------------------------------------
                                             -4.750000   data required time
                                             -1.152727   data arrival time
---------------------------------------------------------------------------------------------
                                              5.902727   slack (MET)


Startpoint: _71_ (rising edge-triggered flip-flop clocked by clk_i)
Endpoint: count_o[3] (output port clocked by clk_i)
Path Group: clk_i
Path Type: min

Fanout         Cap        Slew       Delay        Time   Description
---------------------------------------------------------------------------------------------
                      0.150000    0.000000    0.000000   clock clk_i (rise edge)
                                  0.000000    0.000000   clock network delay (ideal)
                      0.150000    0.000000    0.000000 ^ _71_/CLK (gf180mcu_fd_sc_mcu7t5v0__dffq_1)
     4    0.085947    0.876241    1.155963    1.155963 v _71_/Q (gf180mcu_fd_sc_mcu7t5v0__dffq_1)
                                                         count_o[3] (net)
                      0.876241    0.000000    1.155963 v count_o[3] (out)
                                              1.155963   data arrival time

                      0.150000    0.000000    0.000000   clock clk_i (rise edge)
                                  0.000000    0.000000   clock network delay (ideal)
                                  0.250000    0.250000   clock uncertainty
                                  0.000000    0.250000   clock reconvergence pessimism
                                 -5.000000   -4.750000   output external delay
                                             -4.750000   data required time
---------------------------------------------------------------------------------------------
                                             -4.750000   data required time
                                             -1.155963   data arrival time
---------------------------------------------------------------------------------------------
                                              5.905963   slack (MET)


Startpoint: _69_ (rising edge-triggered flip-flop clocked by clk_i)
Endpoint: count_o[1] (output port clocked by clk_i)
Path Group: clk_i
Path Type: min

Fanout         Cap        Slew       Delay        Time   Description
---------------------------------------------------------------------------------------------
                      0.150000    0.000000    0.000000   clock clk_i (rise edge)
                                  0.000000    0.000000   clock network delay (ideal)
                      0.150000    0.000000    0.000000 ^ _69_/CLK (gf180mcu_fd_sc_mcu7t5v0__dffq_1)
     5    0.088020    0.896409    1.168115    1.168115 v _69_/Q (gf180mcu_fd_sc_mcu7t5v0__dffq_1)
                                                         count_o[1] (net)
                      0.896409    0.000000    1.168115 v count_o[1] (out)
                                              1.168115   data arrival time

                      0.150000    0.000000    0.000000   clock clk_i (rise edge)
                                  0.000000    0.000000   clock network delay (ideal)
                                  0.250000    0.250000   clock uncertainty
                                  0.000000    0.250000   clock reconvergence pessimism
                                 -5.000000   -4.750000   output external delay
                                             -4.750000   data required time
---------------------------------------------------------------------------------------------
                                             -4.750000   data required time
                                             -1.168115   data arrival time
---------------------------------------------------------------------------------------------
                                              5.918115   slack (MET)


Startpoint: _72_ (rising edge-triggered flip-flop clocked by clk_i)
Endpoint: count_o[4] (output port clocked by clk_i)
Path Group: clk_i
Path Type: min

Fanout         Cap        Slew       Delay        Time   Description
---------------------------------------------------------------------------------------------
                      0.150000    0.000000    0.000000   clock clk_i (rise edge)
                                  0.000000    0.000000   clock network delay (ideal)
                      0.150000    0.000000    0.000000 ^ _72_/CLK (gf180mcu_fd_sc_mcu7t5v0__dffq_1)
     5    0.089418    0.910010    1.176310    1.176310 v _72_/Q (gf180mcu_fd_sc_mcu7t5v0__dffq_1)
                                                         count_o[4] (net)
                      0.910010    0.000000    1.176310 v count_o[4] (out)
                                              1.176310   data arrival time

                      0.150000    0.000000    0.000000   clock clk_i (rise edge)
                                  0.000000    0.000000   clock network delay (ideal)
                                  0.250000    0.250000   clock uncertainty
                                  0.000000    0.250000   clock reconvergence pessimism
                                 -5.000000   -4.750000   output external delay
                                             -4.750000   data required time
---------------------------------------------------------------------------------------------
                                             -4.750000   data required time
                                             -1.176310   data arrival time
---------------------------------------------------------------------------------------------
                                              5.926310   slack (MET)


Startpoint: _68_ (rising edge-triggered flip-flop clocked by clk_i)
Endpoint: count_o[0] (output port clocked by clk_i)
Path Group: clk_i
Path Type: min

Fanout         Cap        Slew       Delay        Time   Description
---------------------------------------------------------------------------------------------
                      0.150000    0.000000    0.000000   clock clk_i (rise edge)
                                  0.000000    0.000000   clock network delay (ideal)
                      0.150000    0.000000    0.000000 ^ _68_/CLK (gf180mcu_fd_sc_mcu7t5v0__dffq_1)
     7    0.098458    0.998382    1.229455    1.229455 v _68_/Q (gf180mcu_fd_sc_mcu7t5v0__dffq_1)
                                                         count_o[0] (net)
                      0.998382    0.000000    1.229455 v count_o[0] (out)
                                              1.229455   data arrival time

                      0.150000    0.000000    0.000000   clock clk_i (rise edge)
                                  0.000000    0.000000   clock network delay (ideal)
                                  0.250000    0.250000   clock uncertainty
                                  0.000000    0.250000   clock reconvergence pessimism
                                 -5.000000   -4.750000   output external delay
                                             -4.750000   data required time
---------------------------------------------------------------------------------------------
                                             -4.750000   data required time
                                             -1.229455   data arrival time
---------------------------------------------------------------------------------------------
                                              5.979455   slack (MET)



%OL_END_REPORT
%OL_CREATE_REPORT max.rpt

===========================================================================
report_checks -path_delay max (Setup)
============================================================================
======================= nom_tt_025C_5v00 Corner ===================================

Startpoint: en_i (input port clocked by clk_i)
Endpoint: _75_ (rising edge-triggered flip-flop clocked by clk_i)
Path Group: clk_i
Path Type: max

Fanout         Cap        Slew       Delay        Time   Description
---------------------------------------------------------------------------------------------
                      0.150000    0.000000    0.000000   clock clk_i (rise edge)
                                  0.000000    0.000000   clock network delay (ideal)
                                  5.000000    5.000000 ^ input external delay
     6    0.026080    0.481264    0.247305    5.247305 ^ en_i (in)
                                                         en_i (net)
                      0.481264    0.000000    5.247305 ^ _49_/A1 (gf180mcu_fd_sc_mcu7t5v0__nand4_1)
     8    0.033764    1.109741    0.635313    5.882618 v _49_/ZN (gf180mcu_fd_sc_mcu7t5v0__nand4_1)
                                                         _22_ (net)
                      1.109741    0.000000    5.882618 v _64_/A3 (gf180mcu_fd_sc_mcu7t5v0__or4_1)
     2    0.007601    0.320800    1.050118    6.932736 v _64_/Z (gf180mcu_fd_sc_mcu7t5v0__or4_1)
                                                         _32_ (net)
                      0.320800    0.000000    6.932736 v _65_/A3 (gf180mcu_fd_sc_mcu7t5v0__and3_1)
     1    0.002389    0.121928    0.375009    7.307746 v _65_/Z (gf180mcu_fd_sc_mcu7t5v0__and3_1)
                                                         _07_ (net)
                      0.121928    0.000000    7.307746 v _75_/D (gf180mcu_fd_sc_mcu7t5v0__dffq_1)
                                              7.307746   data arrival time

                      0.150000   25.000000   25.000000   clock clk_i (rise edge)
                                  0.000000   25.000000   clock network delay (ideal)
                                 -0.250000   24.750000   clock uncertainty
                                  0.000000   24.750000   clock reconvergence pessimism
                                             24.750000 ^ _75_/CLK (gf180mcu_fd_sc_mcu7t5v0__dffq_1)
                                 -0.223816   24.526184   library setup time
                                             24.526184   data required time
---------------------------------------------------------------------------------------------
                                             24.526184   data required time
                                             -7.307746   data arrival time
---------------------------------------------------------------------------------------------
                                             17.218439   slack (MET)


Startpoint: en_i (input port clocked by clk_i)
Endpoint: _76_ (rising edge-triggered flip-flop clocked by clk_i)
Path Group: clk_i
Path Type: max

Fanout         Cap        Slew       Delay        Time   Description
---------------------------------------------------------------------------------------------
                      0.150000    0.000000    0.000000   clock clk_i (rise edge)
                                  0.000000    0.000000   clock network delay (ideal)
                                  5.000000    5.000000 ^ input external delay
     6    0.026080    0.481264    0.247305    5.247305 ^ en_i (in)
                                                         en_i (net)
                      0.481264    0.000000    5.247305 ^ _49_/A1 (gf180mcu_fd_sc_mcu7t5v0__nand4_1)
     8    0.033764    1.109741    0.635313    5.882618 v _49_/ZN (gf180mcu_fd_sc_mcu7t5v0__nand4_1)
                                                         _22_ (net)
                      1.109741    0.000000    5.882618 v _64_/A3 (gf180mcu_fd_sc_mcu7t5v0__or4_1)
     2    0.007601    0.320800    1.050118    6.932736 v _64_/Z (gf180mcu_fd_sc_mcu7t5v0__or4_1)
                                                         _32_ (net)
                      0.320800    0.000000    6.932736 v _67_/A2 (gf180mcu_fd_sc_mcu7t5v0__oai21_1)
     1    0.002389    0.275131    0.207979    7.140715 ^ _67_/ZN (gf180mcu_fd_sc_mcu7t5v0__oai21_1)
                                                         _08_ (net)
                      0.275131    0.000000    7.140715 ^ _76_/D (gf180mcu_fd_sc_mcu7t5v0__dffq_1)
                                              7.140715   data arrival time

                      0.150000   25.000000   25.000000   clock clk_i (rise edge)
                                  0.000000   25.000000   clock network delay (ideal)
                                 -0.250000   24.750000   clock uncertainty
                                  0.000000   24.750000   clock reconvergence pessimism
                                             24.750000 ^ _76_/CLK (gf180mcu_fd_sc_mcu7t5v0__dffq_1)
                                 -0.226068   24.523932   library setup time
                                             24.523932   data required time
---------------------------------------------------------------------------------------------
                                             24.523932   data required time
                                             -7.140715   data arrival time
---------------------------------------------------------------------------------------------
                                             17.383217   slack (MET)


Startpoint: en_i (input port clocked by clk_i)
Endpoint: _73_ (rising edge-triggered flip-flop clocked by clk_i)
Path Group: clk_i
Path Type: max

Fanout         Cap        Slew       Delay        Time   Description
---------------------------------------------------------------------------------------------
                      0.150000    0.000000    0.000000   clock clk_i (rise edge)
                                  0.000000    0.000000   clock network delay (ideal)
                                  5.000000    5.000000 ^ input external delay
     6    0.026080    0.481264    0.247305    5.247305 ^ en_i (in)
                                                         en_i (net)
                      0.481264    0.000000    5.247305 ^ _49_/A1 (gf180mcu_fd_sc_mcu7t5v0__nand4_1)
     8    0.033764    1.109741    0.635313    5.882618 v _49_/ZN (gf180mcu_fd_sc_mcu7t5v0__nand4_1)
                                                         _22_ (net)
                      1.109741    0.000000    5.882618 v _57_/A3 (gf180mcu_fd_sc_mcu7t5v0__oai31_1)
     1    0.002748    0.559143    0.527940    6.410559 ^ _57_/ZN (gf180mcu_fd_sc_mcu7t5v0__oai31_1)
                                                         _27_ (net)
                      0.559143    0.000000    6.410559 ^ _59_/A2 (gf180mcu_fd_sc_mcu7t5v0__and3_1)
     1    0.002389    0.146347    0.397593    6.808151 ^ _59_/Z (gf180mcu_fd_sc_mcu7t5v0__and3_1)
                                                         _05_ (net)
                      0.146347    0.000000    6.808151 ^ _73_/D (gf180mcu_fd_sc_mcu7t5v0__dffq_1)
                                              6.808151   data arrival time

                      0.150000   25.000000   25.000000   clock clk_i (rise edge)
                                  0.000000   25.000000   clock network delay (ideal)
                                 -0.250000   24.750000   clock uncertainty
                                  0.000000   24.750000   clock reconvergence pessimism
                                             24.750000 ^ _73_/CLK (gf180mcu_fd_sc_mcu7t5v0__dffq_1)
                                 -0.212008   24.537992   library setup time
                                             24.537992   data required time
---------------------------------------------------------------------------------------------
                                             24.537992   data required time
                                             -6.808151   data arrival time
---------------------------------------------------------------------------------------------
                                             17.729841   slack (MET)


Startpoint: en_i (input port clocked by clk_i)
Endpoint: _74_ (rising edge-triggered flip-flop clocked by clk_i)
Path Group: clk_i
Path Type: max

Fanout         Cap        Slew       Delay        Time   Description
---------------------------------------------------------------------------------------------
                      0.150000    0.000000    0.000000   clock clk_i (rise edge)
                                  0.000000    0.000000   clock network delay (ideal)
                                  5.000000    5.000000 ^ input external delay
     6    0.026080    0.481264    0.247305    5.247305 ^ en_i (in)
                                                         en_i (net)
                      0.481264    0.000000    5.247305 ^ _49_/A1 (gf180mcu_fd_sc_mcu7t5v0__nand4_1)
     8    0.033764    1.109741    0.635313    5.882618 v _49_/ZN (gf180mcu_fd_sc_mcu7t5v0__nand4_1)
                                                         _22_ (net)
                      1.109741    0.000000    5.882618 v _61_/A2 (gf180mcu_fd_sc_mcu7t5v0__nor3_1)
     1    0.004045    0.521979    0.473886    6.356504 ^ _61_/ZN (gf180mcu_fd_sc_mcu7t5v0__nor3_1)
                                                         _30_ (net)
                      0.521979    0.000000    6.356504 ^ _62_/B (gf180mcu_fd_sc_mcu7t5v0__aoi211_1)
     1    0.002389    0.300595    0.233917    6.590421 v _62_/ZN (gf180mcu_fd_sc_mcu7t5v0__aoi211_1)
                                                         _06_ (net)
                      0.300595    0.000000    6.590421 v _74_/D (gf180mcu_fd_sc_mcu7t5v0__dffq_1)
                                              6.590421   data arrival time

                      0.150000   25.000000   25.000000   clock clk_i (rise edge)
                                  0.000000   25.000000   clock network delay (ideal)
                                 -0.250000   24.750000   clock uncertainty
                                  0.000000   24.750000   clock reconvergence pessimism
                                             24.750000 ^ _74_/CLK (gf180mcu_fd_sc_mcu7t5v0__dffq_1)
                                 -0.277948   24.472052   library setup time
                                             24.472052   data required time
---------------------------------------------------------------------------------------------
                                             24.472052   data required time
                                             -6.590421   data arrival time
---------------------------------------------------------------------------------------------
                                             17.881632   slack (MET)


Startpoint: en_i (input port clocked by clk_i)
Endpoint: _72_ (rising edge-triggered flip-flop clocked by clk_i)
Path Group: clk_i
Path Type: max

Fanout         Cap        Slew       Delay        Time   Description
---------------------------------------------------------------------------------------------
                      0.150000    0.000000    0.000000   clock clk_i (rise edge)
                                  0.000000    0.000000   clock network delay (ideal)
                                  5.000000    5.000000 ^ input external delay
     6    0.026080    0.481264    0.247305    5.247305 ^ en_i (in)
                                                         en_i (net)
                      0.481264    0.000000    5.247305 ^ _49_/A1 (gf180mcu_fd_sc_mcu7t5v0__nand4_1)
     8    0.033764    1.109741    0.635313    5.882618 v _49_/ZN (gf180mcu_fd_sc_mcu7t5v0__nand4_1)
                                                         _22_ (net)
                      1.109741    0.000000    5.882618 v _55_/A3 (gf180mcu_fd_sc_mcu7t5v0__nor3_1)
     1    0.004090    0.531898    0.434799    6.317418 ^ _55_/ZN (gf180mcu_fd_sc_mcu7t5v0__nor3_1)
                                                         _26_ (net)
                      0.531898    0.000000    6.317418 ^ _56_/A3 (gf180mcu_fd_sc_mcu7t5v0__nor3_1)
     1    0.002389    0.269160    0.192790    6.510208 v _56_/ZN (gf180mcu_fd_sc_mcu7t5v0__nor3_1)
                                                         _04_ (net)
                      0.269160    0.000000    6.510208 v _72_/D (gf180mcu_fd_sc_mcu7t5v0__dffq_1)
                                              6.510208   data arrival time

                      0.150000   25.000000   25.000000   clock clk_i (rise edge)
                                  0.000000   25.000000   clock network delay (ideal)
                                 -0.250000   24.750000   clock uncertainty
                                  0.000000   24.750000   clock reconvergence pessimism
                                             24.750000 ^ _72_/CLK (gf180mcu_fd_sc_mcu7t5v0__dffq_1)
                                 -0.267863   24.482138   library setup time
                                             24.482138   data required time
---------------------------------------------------------------------------------------------
                                             24.482138   data required time
                                             -6.510208   data arrival time
---------------------------------------------------------------------------------------------
                                             17.971930   slack (MET)


Startpoint: en_i (input port clocked by clk_i)
Endpoint: _71_ (rising edge-triggered flip-flop clocked by clk_i)
Path Group: clk_i
Path Type: max

Fanout         Cap        Slew       Delay        Time   Description
---------------------------------------------------------------------------------------------
                      0.150000    0.000000    0.000000   clock clk_i (rise edge)
                                  0.000000    0.000000   clock network delay (ideal)
                                  5.000000    5.000000 ^ input external delay
     6    0.026080    0.481264    0.247305    5.247305 ^ en_i (in)
                                                         en_i (net)
                      0.481264    0.000000    5.247305 ^ _49_/A1 (gf180mcu_fd_sc_mcu7t5v0__nand4_1)
     8    0.033764    1.109741    0.635313    5.882618 v _49_/ZN (gf180mcu_fd_sc_mcu7t5v0__nand4_1)
                                                         _22_ (net)
                      1.109741    0.000000    5.882618 v _52_/A2 (gf180mcu_fd_sc_mcu7t5v0__oai21_1)
     1    0.004011    0.420736    0.380067    6.262686 ^ _52_/ZN (gf180mcu_fd_sc_mcu7t5v0__oai21_1)
                                                         _24_ (net)
                      0.420736    0.000000    6.262686 ^ _53_/B (gf180mcu_fd_sc_mcu7t5v0__aoi21_1)
     1    0.002389    0.264224    0.198883    6.461568 v _53_/ZN (gf180mcu_fd_sc_mcu7t5v0__aoi21_1)
                                                         _03_ (net)
                      0.264224    0.000000    6.461568 v _71_/D (gf180mcu_fd_sc_mcu7t5v0__dffq_1)
                                              6.461568   data arrival time

                      0.150000   25.000000   25.000000   clock clk_i (rise edge)
                                  0.000000   25.000000   clock network delay (ideal)
                                 -0.250000   24.750000   clock uncertainty
                                  0.000000   24.750000   clock reconvergence pessimism
                                             24.750000 ^ _71_/CLK (gf180mcu_fd_sc_mcu7t5v0__dffq_1)
                                 -0.266279   24.483721   library setup time
                                             24.483721   data required time
---------------------------------------------------------------------------------------------
                                             24.483721   data required time
                                             -6.461568   data arrival time
---------------------------------------------------------------------------------------------
                                             18.022154   slack (MET)


Startpoint: en_i (input port clocked by clk_i)
Endpoint: _70_ (rising edge-triggered flip-flop clocked by clk_i)
Path Group: clk_i
Path Type: max

Fanout         Cap        Slew       Delay        Time   Description
---------------------------------------------------------------------------------------------
                      0.150000    0.000000    0.000000   clock clk_i (rise edge)
                                  0.000000    0.000000   clock network delay (ideal)
                                  5.000000    5.000000 ^ input external delay
     6    0.026080    0.481264    0.247305    5.247305 ^ en_i (in)
                                                         en_i (net)
                      0.481264    0.000000    5.247305 ^ _49_/A1 (gf180mcu_fd_sc_mcu7t5v0__nand4_1)
     8    0.033764    1.109741    0.635313    5.882618 v _49_/ZN (gf180mcu_fd_sc_mcu7t5v0__nand4_1)
                                                         _22_ (net)
                      1.109741    0.000000    5.882618 v _50_/A2 (gf180mcu_fd_sc_mcu7t5v0__nand2_1)
     1    0.004011    0.344167    0.376012    6.258630 ^ _50_/ZN (gf180mcu_fd_sc_mcu7t5v0__nand2_1)
                                                         _23_ (net)
                      0.344167    0.000000    6.258630 ^ _51_/B (gf180mcu_fd_sc_mcu7t5v0__aoi21_1)
     1    0.002389    0.236258    0.189978    6.448608 v _51_/ZN (gf180mcu_fd_sc_mcu7t5v0__aoi21_1)
                                                         _02_ (net)
                      0.236258    0.000000    6.448608 v _70_/D (gf180mcu_fd_sc_mcu7t5v0__dffq_1)
                                              6.448608   data arrival time

                      0.150000   25.000000   25.000000   clock clk_i (rise edge)
                                  0.000000   25.000000   clock network delay (ideal)
                                 -0.250000   24.750000   clock uncertainty
                                  0.000000   24.750000   clock reconvergence pessimism
                                             24.750000 ^ _70_/CLK (gf180mcu_fd_sc_mcu7t5v0__dffq_1)
                                 -0.257307   24.492693   library setup time
                                             24.492693   data required time
---------------------------------------------------------------------------------------------
                                             24.492693   data required time
                                             -6.448608   data arrival time
---------------------------------------------------------------------------------------------
                                             18.044085   slack (MET)


Startpoint: _68_ (rising edge-triggered flip-flop clocked by clk_i)
Endpoint: count_o[0] (output port clocked by clk_i)
Path Group: clk_i
Path Type: max

Fanout         Cap        Slew       Delay        Time   Description
---------------------------------------------------------------------------------------------
                      0.150000    0.000000    0.000000   clock clk_i (rise edge)
                                  0.000000    0.000000   clock network delay (ideal)
                      0.150000    0.000000    0.000000 ^ _68_/CLK (gf180mcu_fd_sc_mcu7t5v0__dffq_1)
     7    0.098458    1.674606    1.604849    1.604849 ^ _68_/Q (gf180mcu_fd_sc_mcu7t5v0__dffq_1)
                                                         count_o[0] (net)
                      1.674606    0.000000    1.604849 ^ count_o[0] (out)
                                              1.604849   data arrival time

                      0.150000   25.000000   25.000000   clock clk_i (rise edge)
                                  0.000000   25.000000   clock network delay (ideal)
                                 -0.250000   24.750000   clock uncertainty
                                  0.000000   24.750000   clock reconvergence pessimism
                                 -5.000000   19.750000   output external delay
                                             19.750000   data required time
---------------------------------------------------------------------------------------------
                                             19.750000   data required time
                                             -1.604849   data arrival time
---------------------------------------------------------------------------------------------
                                             18.145149   slack (MET)


Startpoint: _72_ (rising edge-triggered flip-flop clocked by clk_i)
Endpoint: count_o[4] (output port clocked by clk_i)
Path Group: clk_i
Path Type: max

Fanout         Cap        Slew       Delay        Time   Description
---------------------------------------------------------------------------------------------
                      0.150000    0.000000    0.000000   clock clk_i (rise edge)
                                  0.000000    0.000000   clock network delay (ideal)
                      0.150000    0.000000    0.000000 ^ _72_/CLK (gf180mcu_fd_sc_mcu7t5v0__dffq_1)
     5    0.089418    1.525683    1.521014    1.521014 ^ _72_/Q (gf180mcu_fd_sc_mcu7t5v0__dffq_1)
                                                         count_o[4] (net)
                      1.525683    0.000000    1.521014 ^ count_o[4] (out)
                                              1.521014   data arrival time

                      0.150000   25.000000   25.000000   clock clk_i (rise edge)
                                  0.000000   25.000000   clock network delay (ideal)
                                 -0.250000   24.750000   clock uncertainty
                                  0.000000   24.750000   clock reconvergence pessimism
                                 -5.000000   19.750000   output external delay
                                             19.750000   data required time
---------------------------------------------------------------------------------------------
                                             19.750000   data required time
                                             -1.521014   data arrival time
---------------------------------------------------------------------------------------------
                                             18.228985   slack (MET)


Startpoint: _69_ (rising edge-triggered flip-flop clocked by clk_i)
Endpoint: count_o[1] (output port clocked by clk_i)
Path Group: clk_i
Path Type: max

Fanout         Cap        Slew       Delay        Time   Description
---------------------------------------------------------------------------------------------
                      0.150000    0.000000    0.000000   clock clk_i (rise edge)
                                  0.000000    0.000000   clock network delay (ideal)
                      0.150000    0.000000    0.000000 ^ _69_/CLK (gf180mcu_fd_sc_mcu7t5v0__dffq_1)
     5    0.088020    1.502679    1.508103    1.508103 ^ _69_/Q (gf180mcu_fd_sc_mcu7t5v0__dffq_1)
                                                         count_o[1] (net)
                      1.502679    0.000000    1.508103 ^ count_o[1] (out)
                                              1.508103   data arrival time

                      0.150000   25.000000   25.000000   clock clk_i (rise edge)
                                  0.000000   25.000000   clock network delay (ideal)
                                 -0.250000   24.750000   clock uncertainty
                                  0.000000   24.750000   clock reconvergence pessimism
                                 -5.000000   19.750000   output external delay
                                             19.750000   data required time
---------------------------------------------------------------------------------------------
                                             19.750000   data required time
                                             -1.508103   data arrival time
---------------------------------------------------------------------------------------------
                                             18.241896   slack (MET)


Startpoint: _71_ (rising edge-triggered flip-flop clocked by clk_i)
Endpoint: count_o[3] (output port clocked by clk_i)
Path Group: clk_i
Path Type: max

Fanout         Cap        Slew       Delay        Time   Description
---------------------------------------------------------------------------------------------
                      0.150000    0.000000    0.000000   clock clk_i (rise edge)
                                  0.000000    0.000000   clock network delay (ideal)
                      0.150000    0.000000    0.000000 ^ _71_/CLK (gf180mcu_fd_sc_mcu7t5v0__dffq_1)
     4    0.085947    1.468569    1.488959    1.488959 ^ _71_/Q (gf180mcu_fd_sc_mcu7t5v0__dffq_1)
                                                         count_o[3] (net)
                      1.468569    0.000000    1.488959 ^ count_o[3] (out)
                                              1.488959   data arrival time

                      0.150000   25.000000   25.000000   clock clk_i (rise edge)
                                  0.000000   25.000000   clock network delay (ideal)
                                 -0.250000   24.750000   clock uncertainty
                                  0.000000   24.750000   clock reconvergence pessimism
                                 -5.000000   19.750000   output external delay
                                             19.750000   data required time
---------------------------------------------------------------------------------------------
                                             19.750000   data required time
                                             -1.488959   data arrival time
---------------------------------------------------------------------------------------------
                                             18.261042   slack (MET)


Startpoint: _73_ (rising edge-triggered flip-flop clocked by clk_i)
Endpoint: count_o[5] (output port clocked by clk_i)
Path Group: clk_i
Path Type: max

Fanout         Cap        Slew       Delay        Time   Description
---------------------------------------------------------------------------------------------
                      0.150000    0.000000    0.000000   clock clk_i (rise edge)
                                  0.000000    0.000000   clock network delay (ideal)
                      0.150000    0.000000    0.000000 ^ _73_/CLK (gf180mcu_fd_sc_mcu7t5v0__dffq_1)
     4    0.085395    1.459487    1.483861    1.483861 ^ _73_/Q (gf180mcu_fd_sc_mcu7t5v0__dffq_1)
                                                         count_o[5] (net)
                      1.459487    0.000000    1.483861 ^ count_o[5] (out)
                                              1.483861   data arrival time

                      0.150000   25.000000   25.000000   clock clk_i (rise edge)
                                  0.000000   25.000000   clock network delay (ideal)
                                 -0.250000   24.750000   clock uncertainty
                                  0.000000   24.750000   clock reconvergence pessimism
                                 -5.000000   19.750000   output external delay
                                             19.750000   data required time
---------------------------------------------------------------------------------------------
                                             19.750000   data required time
                                             -1.483861   data arrival time
---------------------------------------------------------------------------------------------
                                             18.266140   slack (MET)


Startpoint: _70_ (rising edge-triggered flip-flop clocked by clk_i)
Endpoint: count_o[2] (output port clocked by clk_i)
Path Group: clk_i
Path Type: max

Fanout         Cap        Slew       Delay        Time   Description
---------------------------------------------------------------------------------------------
                      0.150000    0.000000    0.000000   clock clk_i (rise edge)
                                  0.000000    0.000000   clock network delay (ideal)
                      0.150000    0.000000    0.000000 ^ _70_/CLK (gf180mcu_fd_sc_mcu7t5v0__dffq_1)
     4    0.084158    1.439132    1.472437    1.472437 ^ _70_/Q (gf180mcu_fd_sc_mcu7t5v0__dffq_1)
                                                         count_o[2] (net)
                      1.439132    0.000000    1.472437 ^ count_o[2] (out)
                                              1.472437   data arrival time

                      0.150000   25.000000   25.000000   clock clk_i (rise edge)
                                  0.000000   25.000000   clock network delay (ideal)
                                 -0.250000   24.750000   clock uncertainty
                                  0.000000   24.750000   clock reconvergence pessimism
                                 -5.000000   19.750000   output external delay
                                             19.750000   data required time
---------------------------------------------------------------------------------------------
                                             19.750000   data required time
                                             -1.472437   data arrival time
---------------------------------------------------------------------------------------------
                                             18.277563   slack (MET)


Startpoint: _74_ (rising edge-triggered flip-flop clocked by clk_i)
Endpoint: count_o[6] (output port clocked by clk_i)
Path Group: clk_i
Path Type: max

Fanout         Cap        Slew       Delay        Time   Description
---------------------------------------------------------------------------------------------
                      0.150000    0.000000    0.000000   clock clk_i (rise edge)
                                  0.000000    0.000000   clock network delay (ideal)
                      0.150000    0.000000    0.000000 ^ _74_/CLK (gf180mcu_fd_sc_mcu7t5v0__dffq_1)
     3    0.081530    1.395890    1.448167    1.448167 ^ _74_/Q (gf180mcu_fd_sc_mcu7t5v0__dffq_1)
                                                         count_o[6] (net)
                      1.395890    0.000000    1.448167 ^ count_o[6] (out)
                                              1.448167   data arrival time

                      0.150000   25.000000   25.000000   clock clk_i (rise edge)
                                  0.000000   25.000000   clock network delay (ideal)
                                 -0.250000   24.750000   clock uncertainty
                                  0.000000   24.750000   clock reconvergence pessimism
                                 -5.000000   19.750000   output external delay
                                             19.750000   data required time
---------------------------------------------------------------------------------------------
                                             19.750000   data required time
                                             -1.448167   data arrival time
---------------------------------------------------------------------------------------------
                                             18.301834   slack (MET)


Startpoint: _76_ (rising edge-triggered flip-flop clocked by clk_i)
Endpoint: ovf_o (output port clocked by clk_i)
Path Group: clk_i
Path Type: max

Fanout         Cap        Slew       Delay        Time   Description
---------------------------------------------------------------------------------------------
                      0.150000    0.000000    0.000000   clock clk_i (rise edge)
                                  0.000000    0.000000   clock network delay (ideal)
                      0.150000    0.000000    0.000000 ^ _76_/CLK (gf180mcu_fd_sc_mcu7t5v0__dffq_1)
     2    0.077714    1.333100    1.412925    1.412925 ^ _76_/Q (gf180mcu_fd_sc_mcu7t5v0__dffq_1)
                                                         ovf_o (net)
                      1.333100    0.000000    1.412925 ^ ovf_o (out)
                                              1.412925   data arrival time

                      0.150000   25.000000   25.000000   clock clk_i (rise edge)
                                  0.000000   25.000000   clock network delay (ideal)
                                 -0.250000   24.750000   clock uncertainty
                                  0.000000   24.750000   clock reconvergence pessimism
                                 -5.000000   19.750000   output external delay
                                             19.750000   data required time
---------------------------------------------------------------------------------------------
                                             19.750000   data required time
                                             -1.412925   data arrival time
---------------------------------------------------------------------------------------------
                                             18.337074   slack (MET)


Startpoint: _75_ (rising edge-triggered flip-flop clocked by clk_i)
Endpoint: count_o[7] (output port clocked by clk_i)
Path Group: clk_i
Path Type: max

Fanout         Cap        Slew       Delay        Time   Description
---------------------------------------------------------------------------------------------
                      0.150000    0.000000    0.000000   clock clk_i (rise edge)
                                  0.000000    0.000000   clock network delay (ideal)
                      0.150000    0.000000    0.000000 ^ _75_/CLK (gf180mcu_fd_sc_mcu7t5v0__dffq_1)
     2    0.077128    1.323458    1.407513    1.407513 ^ _75_/Q (gf180mcu_fd_sc_mcu7t5v0__dffq_1)
                                                         count_o[7] (net)
                      1.323458    0.000000    1.407513 ^ count_o[7] (out)
                                              1.407513   data arrival time

                      0.150000   25.000000   25.000000   clock clk_i (rise edge)
                                  0.000000   25.000000   clock network delay (ideal)
                                 -0.250000   24.750000   clock uncertainty
                                  0.000000   24.750000   clock reconvergence pessimism
                                 -5.000000   19.750000   output external delay
                                             19.750000   data required time
---------------------------------------------------------------------------------------------
                                             19.750000   data required time
                                             -1.407513   data arrival time
---------------------------------------------------------------------------------------------
                                             18.342485   slack (MET)


Startpoint: en_i (input port clocked by clk_i)
Endpoint: _69_ (rising edge-triggered flip-flop clocked by clk_i)
Path Group: clk_i
Path Type: max

Fanout         Cap        Slew       Delay        Time   Description
---------------------------------------------------------------------------------------------
                      0.150000    0.000000    0.000000   clock clk_i (rise edge)
                                  0.000000    0.000000   clock network delay (ideal)
                                  5.000000    5.000000 ^ input external delay
     6    0.026080    0.481264    0.247305    5.247305 ^ en_i (in)
                                                         en_i (net)
                      0.481264    0.000000    5.247305 ^ _45_/A1 (gf180mcu_fd_sc_mcu7t5v0__nand3_1)
     2    0.009298    0.519786    0.244903    5.492208 v _45_/ZN (gf180mcu_fd_sc_mcu7t5v0__nand3_1)
                                                         _19_ (net)
                      0.519786    0.000000    5.492208 v _46_/A2 (gf180mcu_fd_sc_mcu7t5v0__nand2_1)
     1    0.004243    0.244002    0.250094    5.742302 ^ _46_/ZN (gf180mcu_fd_sc_mcu7t5v0__nand2_1)
                                                         _20_ (net)
                      0.244002    0.000000    5.742302 ^ _47_/A2 (gf180mcu_fd_sc_mcu7t5v0__nor2_1)
     1    0.002389    0.153623    0.121626    5.863928 v _47_/ZN (gf180mcu_fd_sc_mcu7t5v0__nor2_1)
                                                         _01_ (net)
                      0.153623    0.000000    5.863928 v _69_/D (gf180mcu_fd_sc_mcu7t5v0__dffq_1)
                                              5.863928   data arrival time

                      0.150000   25.000000   25.000000   clock clk_i (rise edge)
                                  0.000000   25.000000   clock network delay (ideal)
                                 -0.250000   24.750000   clock uncertainty
                                  0.000000   24.750000   clock reconvergence pessimism
                                             24.750000 ^ _69_/CLK (gf180mcu_fd_sc_mcu7t5v0__dffq_1)
                                 -0.230794   24.519205   library setup time
                                             24.519205   data required time
---------------------------------------------------------------------------------------------
                                             24.519205   data required time
                                             -5.863928   data arrival time
---------------------------------------------------------------------------------------------
                                             18.655277   slack (MET)


Startpoint: rst_ni (input port clocked by clk_i)
Endpoint: _68_ (rising edge-triggered flip-flop clocked by clk_i)
Path Group: clk_i
Path Type: max

Fanout         Cap        Slew       Delay        Time   Description
---------------------------------------------------------------------------------------------
                      0.150000    0.000000    0.000000   clock clk_i (rise edge)
                                  0.000000    0.000000   clock network delay (ideal)
                                  5.000000    5.000000 ^ input external delay
     8    0.033301    0.600783    0.314740    5.314740 ^ rst_ni (in)
                                                         rst_ni (net)
                      0.600783    0.000000    5.314740 ^ _42_/A2 (gf180mcu_fd_sc_mcu7t5v0__nand2_1)
     1    0.004594    0.399818    0.120747    5.435487 v _42_/ZN (gf180mcu_fd_sc_mcu7t5v0__nand2_1)
                                                         _17_ (net)
                      0.399818    0.000000    5.435487 v _43_/B2 (gf180mcu_fd_sc_mcu7t5v0__aoi22_1)
     1    0.002389    0.422063    0.325331    5.760818 ^ _43_/ZN (gf180mcu_fd_sc_mcu7t5v0__aoi22_1)
                                                         _00_ (net)
                      0.422063    0.000000    5.760818 ^ _68_/D (gf180mcu_fd_sc_mcu7t5v0__dffq_1)
                                              5.760818   data arrival time

                      0.150000   25.000000   25.000000   clock clk_i (rise edge)
                                  0.000000   25.000000   clock network delay (ideal)
                                 -0.250000   24.750000   clock uncertainty
                                  0.000000   24.750000   clock reconvergence pessimism
                                             24.750000 ^ _68_/CLK (gf180mcu_fd_sc_mcu7t5v0__dffq_1)
                                 -0.238004   24.511995   library setup time
                                             24.511995   data required time
---------------------------------------------------------------------------------------------
                                             24.511995   data required time
                                             -5.760818   data arrival time
---------------------------------------------------------------------------------------------
                                             18.751177   slack (MET)



%OL_END_REPORT
%OL_CREATE_REPORT checks.rpt

===========================================================================
report_checks -unconstrained
===========================================================================
======================= nom_tt_025C_5v00 Corner ===================================

Startpoint: en_i (input port clocked by clk_i)
Endpoint: _75_ (rising edge-triggered flip-flop clocked by clk_i)
Path Group: clk_i
Path Type: max

Fanout         Cap        Slew       Delay        Time   Description
---------------------------------------------------------------------------------------------
                      0.150000    0.000000    0.000000   clock clk_i (rise edge)
                                  0.000000    0.000000   clock network delay (ideal)
                                  5.000000    5.000000 ^ input external delay
     6    0.026080    0.481264    0.247305    5.247305 ^ en_i (in)
                                                         en_i (net)
                      0.481264    0.000000    5.247305 ^ _49_/A1 (gf180mcu_fd_sc_mcu7t5v0__nand4_1)
     8    0.033764    1.109741    0.635313    5.882618 v _49_/ZN (gf180mcu_fd_sc_mcu7t5v0__nand4_1)
                                                         _22_ (net)
                      1.109741    0.000000    5.882618 v _64_/A3 (gf180mcu_fd_sc_mcu7t5v0__or4_1)
     2    0.007601    0.320800    1.050118    6.932736 v _64_/Z (gf180mcu_fd_sc_mcu7t5v0__or4_1)
                                                         _32_ (net)
                      0.320800    0.000000    6.932736 v _65_/A3 (gf180mcu_fd_sc_mcu7t5v0__and3_1)
     1    0.002389    0.121928    0.375009    7.307746 v _65_/Z (gf180mcu_fd_sc_mcu7t5v0__and3_1)
                                                         _07_ (net)
                      0.121928    0.000000    7.307746 v _75_/D (gf180mcu_fd_sc_mcu7t5v0__dffq_1)
                                              7.307746   data arrival time

                      0.150000   25.000000   25.000000   clock clk_i (rise edge)
                                  0.000000   25.000000   clock network delay (ideal)
                                 -0.250000   24.750000   clock uncertainty
                                  0.000000   24.750000   clock reconvergence pessimism
                                             24.750000 ^ _75_/CLK (gf180mcu_fd_sc_mcu7t5v0__dffq_1)
                                 -0.223816   24.526184   library setup time
                                             24.526184   data required time
---------------------------------------------------------------------------------------------
                                             24.526184   data required time
                                             -7.307746   data arrival time
---------------------------------------------------------------------------------------------
                                             17.218439   slack (MET)




===========================================================================
report_checks --slack_max -0.01
============================================================================
======================= nom_tt_025C_5v00 Corner ===================================

No paths found.


===========================================================================
 report_check_types -max_slew -max_cap -max_fanout -violators
============================================================================
======================= nom_tt_025C_5v00 Corner ===================================



===========================================================================
report_parasitic_annotation -report_unannotated
============================================================================
Found 46 unannotated drivers.
 clk_i
 en_i
 rst_ni
 _34_/ZN
 _35_/ZN
 _36_/ZN
 _37_/ZN
 _38_/ZN
 _39_/ZN
 _40_/ZN
 _41_/ZN
 _42_/ZN
 _43_/ZN
 _44_/ZN
 _45_/ZN
 _46_/ZN
 _47_/ZN
 _48_/Z
 _49_/ZN
 _50_/ZN
 _51_/ZN
 _52_/ZN
 _53_/ZN
 _54_/ZN
 _55_/ZN
 _56_/ZN
 _57_/ZN
 _58_/ZN
 _59_/Z
 _60_/ZN
 _61_/ZN
 _62_/ZN
 _63_/ZN
 _64_/Z
 _65_/Z
 _66_/ZN
 _67_/ZN
 _68_/Q
 _69_/Q
 _70_/Q
 _71_/Q
 _72_/Q
 _73_/Q
 _74_/Q
 _75_/Q
 _76_/Q
Found 0 partially unannotated drivers.

===========================================================================
max slew violation count 0
%OL_METRIC_I design__max_slew_violation__count__corner:nom_tt_025C_5v00 0
max fanout violation count 0
%OL_METRIC_I design__max_fanout_violation__count__corner:nom_tt_025C_5v00 0
max cap violation count 0
%OL_METRIC_I design__max_cap_violation__count__corner:nom_tt_025C_5v00 0
============================================================================

===========================================================================
check_setup -verbose -unconstrained_endpoints -multiple_clock -no_clock -no_input_delay -loops -generated_clocks
===========================================================================
%OL_END_REPORT
%OL_CREATE_REPORT power.rpt

===========================================================================
 report_power
============================================================================
======================= nom_tt_025C_5v00 Corner ===================================

Group                    Internal    Switching      Leakage        Total
                            Power        Power        Power        Power (Watts)
------------------------------------------------------------------------
Sequential           1.867835e-04 1.874555e-05 3.561724e-09 2.055326e-04  94.5%
Combinational        8.429449e-06 3.471045e-06 3.245402e-09 1.190374e-05   5.5%
Clock                0.000000e+00 0.000000e+00 0.000000e+00 0.000000e+00   0.0%
Macro                0.000000e+00 0.000000e+00 0.000000e+00 0.000000e+00   0.0%
Pad                  0.000000e+00 0.000000e+00 0.000000e+00 0.000000e+00   0.0%
------------------------------------------------------------------------
Total                1.952130e-04 2.221660e-05 6.807127e-09 2.174364e-04 100.0%
                            89.8%        10.2%         0.0%
%OL_METRIC_F power__internal__total 0.00019521296781022102
%OL_METRIC_F power__switching__total 2.2216596335056238e-5
%OL_METRIC_F power__leakage__total 6.807127306274197e-9
%OL_METRIC_F power__total 0.00021743637626059353

%OL_END_REPORT
%OL_CREATE_REPORT skew.min.rpt

===========================================================================
Clock Skew (Hold)
============================================================================
%OL_METRIC_F clock__skew__worst_hold__corner:nom_tt_025C_5v00 -0.25
======================= nom_tt_025C_5v00 Corner ===================================

Clock clk_i
0.072655 source latency _68_/CLK ^
-0.072655 target latency _68_/CLK ^
-0.250000 clock uncertainty
0.000000 CRPR
--------------
-0.250000 hold skew

%OL_END_REPORT
%OL_CREATE_REPORT skew.max.rpt

===========================================================================
Clock Skew (Setup)
============================================================================
%OL_METRIC_F clock__skew__worst_setup__corner:nom_tt_025C_5v00 0.25
======================= nom_tt_025C_5v00 Corner ===================================

Clock clk_i
0.072655 source latency _68_/CLK ^
-0.072655 target latency _68_/CLK ^
0.250000 clock uncertainty
0.000000 CRPR
--------------
0.250000 setup skew

%OL_END_REPORT
%OL_CREATE_REPORT ws.min.rpt

===========================================================================
Worst Slack (Hold)
============================================================================
%OL_METRIC_F timing__hold__ws__corner:nom_tt_025C_5v00 1.1491573573538234
nom_tt_025C_5v00: 1.1491573573538234
%OL_END_REPORT
%OL_CREATE_REPORT ws.max.rpt

===========================================================================
Worst Slack (Setup)
============================================================================
%OL_METRIC_F timing__setup__ws__corner:nom_tt_025C_5v00 17.21843871774122
nom_tt_025C_5v00: 17.21843871774122
%OL_END_REPORT
%OL_CREATE_REPORT tns.min.rpt

===========================================================================
Total Negative Slack (Hold)
============================================================================
%OL_METRIC_F timing__hold__tns__corner:nom_tt_025C_5v00 0.0
nom_tt_025C_5v00: 0.0
%OL_END_REPORT
%OL_CREATE_REPORT tns.max.rpt

===========================================================================
Total Negative Slack (Setup)
============================================================================
%OL_METRIC_F timing__setup__tns__corner:nom_tt_025C_5v00 0.0
nom_tt_025C_5v00: 0.0
%OL_END_REPORT
%OL_CREATE_REPORT wns.min.rpt

===========================================================================
Worst Negative Slack (Hold)
============================================================================
%OL_METRIC_F timing__hold__wns__corner:nom_tt_025C_5v00 0
nom_tt_025C_5v00: 0
%OL_END_REPORT
%OL_CREATE_REPORT wns.max.rpt

===========================================================================
Worst Negative Slack (Setup)
============================================================================
%OL_METRIC_F timing__setup__wns__corner:nom_tt_025C_5v00 0.0
nom_tt_025C_5v00: 0.0
%OL_END_REPORT
%OL_CREATE_REPORT violator_list.rpt

===========================================================================
Violator List
============================================================================
%OL_METRIC_I timing__hold_vio__count__corner:nom_tt_025C_5v00 0
%OL_METRIC_F timing__hold_r2r__ws__corner:nom_tt_025C_5v00 1.149157
%OL_METRIC_I timing__hold_r2r_vio__count__corner:nom_tt_025C_5v00 0
%OL_METRIC_I timing__setup_vio__count__corner:nom_tt_025C_5v00 0
%OL_METRIC_F timing__setup_r2r__ws__corner:nom_tt_025C_5v00 inf
%OL_METRIC_I timing__setup_r2r_vio__count__corner:nom_tt_025C_5v00 0
%OL_END_REPORT
%OL_CREATE_REPORT unpropagated.rpt
clk_i
%OL_END_REPORT
%OL_CREATE_REPORT clock.rpt
Clock: clk_i
Sources: clk_i 
Generated: no
Virtual: no
Propagated: no
Period: 25.000000

===========================================================================
report_clock_properties
============================================================================
Clock                   Period          Waveform
----------------------------------------------------
clk_i                25.000000    0.000000 12.500000

===========================================================================
report_clock_latency
============================================================================
Clock clk_i
rise -> rise
    min     max
0.000000 0.000000 source latency
0.072655         network latency _68_/CLK
        0.072655 network latency _68_/CLK
---------------
0.072655 0.072655 latency
        0.000000 skew

fall -> fall
    min     max
0.000000 0.000000 source latency
0.044196         network latency _68_/CLK
        0.044196 network latency _68_/CLK
---------------
0.044196 0.044196 latency
        0.000000 skew



===========================================================================
report_clock_min_period
============================================================================
clk_i period_min = 0.00 fmax = inf
%OL_END_REPORT
Writing SDF files for all corners…
