
===========================================================================
report_checks -unconstrained
===========================================================================
======================= min_ss_125C_4v50 Corner ===================================

Startpoint: en_i (input port clocked by clk_i)
Endpoint: _75_ (rising edge-triggered flip-flop clocked by clk_i)
Path Group: clk_i
Path Type: max

Fanout         Cap        Slew       Delay        Time   Description
---------------------------------------------------------------------------------------------
                                  0.000000    0.000000   clock clk_i (rise edge)
                                  0.000000    0.000000   clock network delay (propagated)
                                  5.000000    5.000000 ^ input external delay
     1    0.003888    0.194397    0.062647    5.062647 ^ en_i (in)
                                                         en_i (net)
                      0.194397    0.000000    5.062647 ^ input1/I (gf180mcu_fd_sc_mcu7t5v0__dlyb_1)
     6    0.031898    0.981819    2.127243    7.189890 ^ input1/Z (gf180mcu_fd_sc_mcu7t5v0__dlyb_1)
                                                         net1 (net)
                      0.981819    0.000492    7.190382 ^ _49_/A1 (gf180mcu_fd_sc_mcu7t5v0__nand4_1)
     8    0.047190    2.492950    1.571717    8.762099 v _49_/ZN (gf180mcu_fd_sc_mcu7t5v0__nand4_1)
                                                         _22_ (net)
                      2.492950    0.000708    8.762807 v _64_/A3 (gf180mcu_fd_sc_mcu7t5v0__or4_1)
     2    0.009602    0.637901    2.195247   10.958054 v _64_/Z (gf180mcu_fd_sc_mcu7t5v0__or4_1)
                                                         _32_ (net)
                      0.637901    0.000115   10.958168 v _65_/A3 (gf180mcu_fd_sc_mcu7t5v0__and3_1)
     1    0.002992    0.226421    0.720598   11.678766 v _65_/Z (gf180mcu_fd_sc_mcu7t5v0__and3_1)
                                                         _07_ (net)
                      0.226421    0.000029   11.678795 v _75_/D (gf180mcu_fd_sc_mcu7t5v0__dffq_1)
                                             11.678795   data arrival time

                                 25.000000   25.000000   clock clk_i (rise edge)
                                  0.000000   25.000000   clock source latency
     1    0.027437    0.249816    0.112054   25.112053 ^ clk_i (in)
                                                         clk_i (net)
                      0.249816    0.000000   25.112053 ^ clkbuf_0_clk_i/I (gf180mcu_fd_sc_mcu7t5v0__clkbuf_16)
     2    0.047809    0.201490    0.452539   25.564592 ^ clkbuf_0_clk_i/Z (gf180mcu_fd_sc_mcu7t5v0__clkbuf_16)
                                                         clknet_0_clk_i (net)
                      0.201490    0.000266   25.564859 ^ clkbuf_1_1__f_clk_i/I (gf180mcu_fd_sc_mcu7t5v0__clkbuf_16)
     5    0.021363    0.160186    0.408487   25.973347 ^ clkbuf_1_1__f_clk_i/Z (gf180mcu_fd_sc_mcu7t5v0__clkbuf_16)
                                                         clknet_1_1__leaf_clk_i (net)
                      0.160186    0.000115   25.973463 ^ _75_/CLK (gf180mcu_fd_sc_mcu7t5v0__dffq_1)
                                 -0.250000   25.723463   clock uncertainty
                                  0.000000   25.723463   clock reconvergence pessimism
                                 -0.479584   25.243879   library setup time
                                             25.243879   data required time
---------------------------------------------------------------------------------------------
                                             25.243879   data required time
                                            -11.678795   data arrival time
---------------------------------------------------------------------------------------------
                                             13.565084   slack (MET)




===========================================================================
report_checks --slack_max -0.01
============================================================================
======================= min_ss_125C_4v50 Corner ===================================

No paths found.


===========================================================================
 report_check_types -max_slew -max_cap -max_fanout -violators
============================================================================
======================= min_ss_125C_4v50 Corner ===================================



===========================================================================
report_parasitic_annotation -report_unannotated
============================================================================
Found 1 unannotated drivers.
 clkload0/Z
Found 0 partially unannotated drivers.

===========================================================================
max slew violation count 0
max fanout violation count 0
max cap violation count 0
============================================================================

===========================================================================
check_setup -verbose -unconstrained_endpoints -multiple_clock -no_clock -no_input_delay -loops -generated_clocks
===========================================================================
