Clock: clk_i
Sources: clk_i 
Generated: no
Virtual: yes
Propagated: no
Period: 25.000000

===========================================================================
report_clock_properties
============================================================================
Clock                   Period          Waveform
----------------------------------------------------
clk_i                25.000000    0.000000 12.500000

===========================================================================
report_clock_latency
============================================================================
Clock clk_i
rise -> rise
    min     max
0.000000 0.000000 source latency
0.973464         network latency _75_/CLK
        0.975870 network latency _70_/CLK
---------------
0.973464 0.975870 latency
        0.002406 skew

fall -> fall
    min     max
0.000000 0.000000 source latency
0.896260         network latency _75_/CLK
        0.898813 network latency _70_/CLK
---------------
0.896260 0.898813 latency
        0.002554 skew



===========================================================================
report_clock_min_period
============================================================================
clk_i period_min = 7.04 fmax = 142.06
