
===========================================================================
report_checks -unconstrained
===========================================================================
======================= max_ff_n40C_5v50 Corner ===================================

Startpoint: en_i (input port clocked by clk_i)
Endpoint: _75_ (rising edge-triggered flip-flop clocked by clk_i)
Path Group: clk_i
Path Type: max

Fanout         Cap        Slew       Delay        Time   Description
---------------------------------------------------------------------------------------------
                                  0.000000    0.000000   clock clk_i (rise edge)
                                  0.000000    0.000000   clock network delay (propagated)
                                  5.000000    5.000000 ^ input external delay
     1    0.003546    0.068835    0.023923    5.023923 ^ en_i (in)
                                                         en_i (net)
                      0.068835    0.000000    5.023923 ^ input1/I (gf180mcu_fd_sc_mcu7t5v0__dlyb_1)
     6    0.040549    0.464748    0.744008    5.767931 ^ input1/Z (gf180mcu_fd_sc_mcu7t5v0__dlyb_1)
                                                         net1 (net)
                      0.464758    0.001191    5.769121 ^ _49_/A1 (gf180mcu_fd_sc_mcu7t5v0__nand4_1)
     8    0.048218    0.815420    0.541629    6.310750 v _49_/ZN (gf180mcu_fd_sc_mcu7t5v0__nand4_1)
                                                         _22_ (net)
                      0.815420    0.001398    6.312148 v _64_/A3 (gf180mcu_fd_sc_mcu7t5v0__or4_1)
     2    0.008606    0.203778    0.681413    6.993561 v _64_/Z (gf180mcu_fd_sc_mcu7t5v0__or4_1)
                                                         _32_ (net)
                      0.203778    0.000061    6.993622 v _65_/A3 (gf180mcu_fd_sc_mcu7t5v0__and3_1)
     1    0.003077    0.083435    0.240994    7.234616 v _65_/Z (gf180mcu_fd_sc_mcu7t5v0__and3_1)
                                                         _07_ (net)
                      0.083435    0.000031    7.234647 v _75_/D (gf180mcu_fd_sc_mcu7t5v0__dffq_1)
                                              7.234647   data arrival time

                                 25.000000   25.000000   clock clk_i (rise edge)
                                  0.000000   25.000000   clock source latency
     1    0.029760    0.101159    0.050907   25.050905 ^ clk_i (in)
                                                         clk_i (net)
                      0.101162    0.000000   25.050905 ^ clkbuf_0_clk_i/I (gf180mcu_fd_sc_mcu7t5v0__clkbuf_16)
     2    0.046200    0.071587    0.162601   25.213507 ^ clkbuf_0_clk_i/Z (gf180mcu_fd_sc_mcu7t5v0__clkbuf_16)
                                                         clknet_0_clk_i (net)
                      0.071587    0.000236   25.213743 ^ clkbuf_1_1__f_clk_i/I (gf180mcu_fd_sc_mcu7t5v0__clkbuf_16)
     5    0.023191    0.058284    0.146372   25.360115 ^ clkbuf_1_1__f_clk_i/Z (gf180mcu_fd_sc_mcu7t5v0__clkbuf_16)
                                                         clknet_1_1__leaf_clk_i (net)
                      0.058284    0.000433   25.360548 ^ _75_/CLK (gf180mcu_fd_sc_mcu7t5v0__dffq_1)
                                 -0.250000   25.110550   clock uncertainty
                                  0.000000   25.110550   clock reconvergence pessimism
                                 -0.135750   24.974798   library setup time
                                             24.974798   data required time
---------------------------------------------------------------------------------------------
                                             24.974798   data required time
                                             -7.234647   data arrival time
---------------------------------------------------------------------------------------------
                                             17.740150   slack (MET)




===========================================================================
report_checks --slack_max -0.01
============================================================================
======================= max_ff_n40C_5v50 Corner ===================================

No paths found.


===========================================================================
 report_check_types -max_slew -max_cap -max_fanout -violators
============================================================================
======================= max_ff_n40C_5v50 Corner ===================================



===========================================================================
report_parasitic_annotation -report_unannotated
============================================================================
Found 1 unannotated drivers.
 clkload0/Z
Found 0 partially unannotated drivers.

===========================================================================
max slew violation count 0
max fanout violation count 0
max cap violation count 0
============================================================================

===========================================================================
check_setup -verbose -unconstrained_endpoints -multiple_clock -no_clock -no_input_delay -loops -generated_clocks
===========================================================================
