Clock: clk_i
Sources: clk_i 
Generated: no
Virtual: yes
Propagated: no
Period: 25.000000

===========================================================================
report_clock_properties
============================================================================
Clock                   Period          Waveform
----------------------------------------------------
clk_i                25.000000    0.000000 12.500000

===========================================================================
report_clock_latency
============================================================================
Clock clk_i
rise -> rise
    min     max
0.000000 0.000000 source latency
0.360522         network latency _73_/CLK
        0.361721 network latency _68_/CLK
---------------
0.360522 0.361721 latency
        0.001199 skew

fall -> fall
    min     max
0.000000 0.000000 source latency
0.328225         network latency _73_/CLK
        0.329512 network latency _68_/CLK
---------------
0.328225 0.329512 latency
        0.001286 skew



===========================================================================
report_clock_min_period
============================================================================
clk_i period_min = 2.48 fmax = 403.47
