
===========================================================================
report_checks -unconstrained
===========================================================================
======================= nom_tt_025C_5v00 Corner ===================================

Startpoint: en_i (input port clocked by clk_i)
Endpoint: _75_ (rising edge-triggered flip-flop clocked by clk_i)
Path Group: clk_i
Path Type: max

Fanout         Cap        Slew       Delay        Time   Description
---------------------------------------------------------------------------------------------
                      0.150000    0.000000    0.000000   clock clk_i (rise edge)
                                  0.000000    0.000000   clock network delay (ideal)
                                  5.000000    5.000000 ^ input external delay
     6    0.026080    0.481264    0.247305    5.247305 ^ en_i (in)
                                                         en_i (net)
                      0.481264    0.000000    5.247305 ^ _49_/A1 (gf180mcu_fd_sc_mcu7t5v0__nand4_1)
     8    0.033764    1.109741    0.635313    5.882618 v _49_/ZN (gf180mcu_fd_sc_mcu7t5v0__nand4_1)
                                                         _22_ (net)
                      1.109741    0.000000    5.882618 v _64_/A3 (gf180mcu_fd_sc_mcu7t5v0__or4_1)
     2    0.007601    0.320800    1.050118    6.932736 v _64_/Z (gf180mcu_fd_sc_mcu7t5v0__or4_1)
                                                         _32_ (net)
                      0.320800    0.000000    6.932736 v _65_/A3 (gf180mcu_fd_sc_mcu7t5v0__and3_1)
     1    0.002389    0.121928    0.375009    7.307746 v _65_/Z (gf180mcu_fd_sc_mcu7t5v0__and3_1)
                                                         _07_ (net)
                      0.121928    0.000000    7.307746 v _75_/D (gf180mcu_fd_sc_mcu7t5v0__dffq_1)
                                              7.307746   data arrival time

                      0.150000   25.000000   25.000000   clock clk_i (rise edge)
                                  0.000000   25.000000   clock network delay (ideal)
                                 -0.250000   24.750000   clock uncertainty
                                  0.000000   24.750000   clock reconvergence pessimism
                                             24.750000 ^ _75_/CLK (gf180mcu_fd_sc_mcu7t5v0__dffq_1)
                                 -0.223816   24.526184   library setup time
                                             24.526184   data required time
---------------------------------------------------------------------------------------------
                                             24.526184   data required time
                                             -7.307746   data arrival time
---------------------------------------------------------------------------------------------
                                             17.218439   slack (MET)




===========================================================================
report_checks --slack_max -0.01
============================================================================
======================= nom_tt_025C_5v00 Corner ===================================

No paths found.


===========================================================================
 report_check_types -max_slew -max_cap -max_fanout -violators
============================================================================
======================= nom_tt_025C_5v00 Corner ===================================



===========================================================================
report_parasitic_annotation -report_unannotated
============================================================================
Found 46 unannotated drivers.
 clk_i
 en_i
 rst_ni
 _34_/ZN
 _35_/ZN
 _36_/ZN
 _37_/ZN
 _38_/ZN
 _39_/ZN
 _40_/ZN
 _41_/ZN
 _42_/ZN
 _43_/ZN
 _44_/ZN
 _45_/ZN
 _46_/ZN
 _47_/ZN
 _48_/Z
 _49_/ZN
 _50_/ZN
 _51_/ZN
 _52_/ZN
 _53_/ZN
 _54_/ZN
 _55_/ZN
 _56_/ZN
 _57_/ZN
 _58_/ZN
 _59_/Z
 _60_/ZN
 _61_/ZN
 _62_/ZN
 _63_/ZN
 _64_/Z
 _65_/Z
 _66_/ZN
 _67_/ZN
 _68_/Q
 _69_/Q
 _70_/Q
 _71_/Q
 _72_/Q
 _73_/Q
 _74_/Q
 _75_/Q
 _76_/Q
Found 0 partially unannotated drivers.

===========================================================================
max slew violation count 0
max fanout violation count 0
max cap violation count 0
============================================================================

===========================================================================
check_setup -verbose -unconstrained_endpoints -multiple_clock -no_clock -no_input_delay -loops -generated_clocks
===========================================================================
