Clock: clk_i
Sources: clk_i 
Generated: no
Virtual: yes
Propagated: no
Period: 25.000000

===========================================================================
report_clock_properties
============================================================================
Clock                   Period          Waveform
----------------------------------------------------
clk_i                25.000000    0.000000 12.500000

===========================================================================
report_clock_latency
============================================================================
Clock clk_i
rise -> rise
    min     max
0.000000 0.000000 source latency
0.353953         network latency _75_/CLK
        0.355064 network latency _70_/CLK
---------------
0.353953 0.355064 latency
        0.001111 skew

fall -> fall
    min     max
0.000000 0.000000 source latency
0.323534         network latency _75_/CLK
        0.324694 network latency _70_/CLK
---------------
0.323534 0.324694 latency
        0.001160 skew



===========================================================================
report_clock_min_period
============================================================================
clk_i period_min = 2.42 fmax = 413.07
