
===========================================================================
report_checks -path_delay max (Setup)
============================================================================
======================= min_ff_n40C_5v50 Corner ===================================

Startpoint: _68_ (rising edge-triggered flip-flop clocked by clk_i)
Endpoint: count_o[0] (output port clocked by clk_i)
Path Group: clk_i
Path Type: max

Fanout         Cap        Slew       Delay        Time   Description
---------------------------------------------------------------------------------------------
                                  0.000000    0.000000   clock clk_i (rise edge)
                                  0.000000    0.000000   clock source latency
     1    0.027177    0.094246    0.046455    0.046455 ^ clk_i (in)
                                                         clk_i (net)
                      0.094248    0.000000    0.046455 ^ clkbuf_0_clk_i/I (gf180mcu_fd_sc_mcu7t5v0__clkbuf_16)
     2    0.047289    0.072181    0.161682    0.208137 ^ clkbuf_0_clk_i/Z (gf180mcu_fd_sc_mcu7t5v0__clkbuf_16)
                                                         clknet_0_clk_i (net)
                      0.072181    0.000262    0.208400 ^ clkbuf_1_1__f_clk_i/I (gf180mcu_fd_sc_mcu7t5v0__clkbuf_16)
     5    0.021248    0.057126    0.145438    0.353838 ^ clkbuf_1_1__f_clk_i/Z (gf180mcu_fd_sc_mcu7t5v0__clkbuf_16)
                                                         clknet_1_1__leaf_clk_i (net)
                      0.057127    0.000325    0.354163 ^ _68_/CLK (gf180mcu_fd_sc_mcu7t5v0__dffq_1)
     7    0.034524    0.397606    0.627483    0.981646 ^ _68_/Q (gf180mcu_fd_sc_mcu7t5v0__dffq_1)
                                                         net3 (net)
                      0.397607    0.000432    0.982078 ^ output3/I (gf180mcu_fd_sc_mcu7t5v0__dlyb_1)
     1    0.074500    0.824556    0.975268    1.957346 ^ output3/Z (gf180mcu_fd_sc_mcu7t5v0__dlyb_1)
                                                         count_o[0] (net)
                      0.824560    0.001025    1.958371 ^ count_o[0] (out)
                                              1.958371   data arrival time

                                 25.000000   25.000000   clock clk_i (rise edge)
                                  0.000000   25.000000   clock network delay (propagated)
                                 -0.250000   24.750000   clock uncertainty
                                  0.000000   24.750000   clock reconvergence pessimism
                                 -5.000000   19.750000   output external delay
                                             19.750000   data required time
---------------------------------------------------------------------------------------------
                                             19.750000   data required time
                                             -1.958371   data arrival time
---------------------------------------------------------------------------------------------
                                             17.791628   slack (MET)


Startpoint: en_i (input port clocked by clk_i)
Endpoint: _75_ (rising edge-triggered flip-flop clocked by clk_i)
Path Group: clk_i
Path Type: max

Fanout         Cap        Slew       Delay        Time   Description
---------------------------------------------------------------------------------------------
                                  0.000000    0.000000   clock clk_i (rise edge)
                                  0.000000    0.000000   clock network delay (propagated)
                                  5.000000    5.000000 ^ input external delay
     1    0.003877    0.072303    0.026132    5.026132 ^ en_i (in)
                                                         en_i (net)
                      0.072303    0.000000    5.026132 ^ input1/I (gf180mcu_fd_sc_mcu7t5v0__dlyb_1)
     6    0.031104    0.366155    0.686164    5.712296 ^ input1/Z (gf180mcu_fd_sc_mcu7t5v0__dlyb_1)
                                                         net1 (net)
                      0.366157    0.000480    5.712776 ^ _49_/A1 (gf180mcu_fd_sc_mcu7t5v0__nand4_1)
     8    0.046374    0.783936    0.509379    6.222155 v _49_/ZN (gf180mcu_fd_sc_mcu7t5v0__nand4_1)
                                                         _22_ (net)
                      0.783936    0.000699    6.222855 v _64_/A3 (gf180mcu_fd_sc_mcu7t5v0__or4_1)
     2    0.009367    0.208385    0.675690    6.898545 v _64_/Z (gf180mcu_fd_sc_mcu7t5v0__or4_1)
                                                         _32_ (net)
                      0.208385    0.000113    6.898658 v _65_/A3 (gf180mcu_fd_sc_mcu7t5v0__and3_1)
     1    0.003053    0.083312    0.242260    7.140917 v _65_/Z (gf180mcu_fd_sc_mcu7t5v0__and3_1)
                                                         _07_ (net)
                      0.083312    0.000030    7.140948 v _75_/D (gf180mcu_fd_sc_mcu7t5v0__dffq_1)
                                              7.140948   data arrival time

                                 25.000000   25.000000   clock clk_i (rise edge)
                                  0.000000   25.000000   clock source latency
     1    0.027177    0.094246    0.046455   25.046455 ^ clk_i (in)
                                                         clk_i (net)
                      0.094248    0.000000   25.046455 ^ clkbuf_0_clk_i/I (gf180mcu_fd_sc_mcu7t5v0__clkbuf_16)
     2    0.047289    0.072181    0.161682   25.208138 ^ clkbuf_0_clk_i/Z (gf180mcu_fd_sc_mcu7t5v0__clkbuf_16)
                                                         clknet_0_clk_i (net)
                      0.072181    0.000263   25.208399 ^ clkbuf_1_1__f_clk_i/I (gf180mcu_fd_sc_mcu7t5v0__clkbuf_16)
     5    0.021248    0.057126    0.145437   25.353838 ^ clkbuf_1_1__f_clk_i/Z (gf180mcu_fd_sc_mcu7t5v0__clkbuf_16)
                                                         clknet_1_1__leaf_clk_i (net)
                      0.057127    0.000115   25.353952 ^ _75_/CLK (gf180mcu_fd_sc_mcu7t5v0__dffq_1)
                                 -0.250000   25.103954   clock uncertainty
                                  0.000000   25.103954   clock reconvergence pessimism
                                 -0.135988   24.967966   library setup time
                                             24.967966   data required time
---------------------------------------------------------------------------------------------
                                             24.967966   data required time
                                             -7.140948   data arrival time
---------------------------------------------------------------------------------------------
                                             17.827019   slack (MET)


Startpoint: _72_ (rising edge-triggered flip-flop clocked by clk_i)
Endpoint: count_o[4] (output port clocked by clk_i)
Path Group: clk_i
Path Type: max

Fanout         Cap        Slew       Delay        Time   Description
---------------------------------------------------------------------------------------------
                                  0.000000    0.000000   clock clk_i (rise edge)
                                  0.000000    0.000000   clock source latency
     1    0.027177    0.094246    0.046455    0.046455 ^ clk_i (in)
                                                         clk_i (net)
                      0.094248    0.000000    0.046455 ^ clkbuf_0_clk_i/I (gf180mcu_fd_sc_mcu7t5v0__clkbuf_16)
     2    0.047289    0.072181    0.161682    0.208137 ^ clkbuf_0_clk_i/Z (gf180mcu_fd_sc_mcu7t5v0__clkbuf_16)
                                                         clknet_0_clk_i (net)
                      0.072181    0.000310    0.208447 ^ clkbuf_1_0__f_clk_i/I (gf180mcu_fd_sc_mcu7t5v0__clkbuf_16)
     5    0.022670    0.057973    0.146244    0.354691 ^ clkbuf_1_0__f_clk_i/Z (gf180mcu_fd_sc_mcu7t5v0__clkbuf_16)
                                                         clknet_1_0__leaf_clk_i (net)
                      0.057973    0.000228    0.354919 ^ _72_/CLK (gf180mcu_fd_sc_mcu7t5v0__dffq_1)
     5    0.026292    0.311207    0.576737    0.931656 ^ _72_/Q (gf180mcu_fd_sc_mcu7t5v0__dffq_1)
                                                         net7 (net)
                      0.311207    0.000142    0.931797 ^ output7/I (gf180mcu_fd_sc_mcu7t5v0__dlyb_1)
     1    0.073835    0.817974    0.969699    1.901496 ^ output7/Z (gf180mcu_fd_sc_mcu7t5v0__dlyb_1)
                                                         count_o[4] (net)
                      0.817974    0.000540    1.902035 ^ count_o[4] (out)
                                              1.902035   data arrival time

                                 25.000000   25.000000   clock clk_i (rise edge)
                                  0.000000   25.000000   clock network delay (propagated)
                                 -0.250000   24.750000   clock uncertainty
                                  0.000000   24.750000   clock reconvergence pessimism
                                 -5.000000   19.750000   output external delay
                                             19.750000   data required time
---------------------------------------------------------------------------------------------
                                             19.750000   data required time
                                             -1.902035   data arrival time
---------------------------------------------------------------------------------------------
                                             17.847963   slack (MET)


Startpoint: _73_ (rising edge-triggered flip-flop clocked by clk_i)
Endpoint: count_o[5] (output port clocked by clk_i)
Path Group: clk_i
Path Type: max

Fanout         Cap        Slew       Delay        Time   Description
---------------------------------------------------------------------------------------------
                                  0.000000    0.000000   clock clk_i (rise edge)
                                  0.000000    0.000000   clock source latency
     1    0.027177    0.094246    0.046455    0.046455 ^ clk_i (in)
                                                         clk_i (net)
                      0.094248    0.000000    0.046455 ^ clkbuf_0_clk_i/I (gf180mcu_fd_sc_mcu7t5v0__clkbuf_16)
     2    0.047289    0.072181    0.161682    0.208137 ^ clkbuf_0_clk_i/Z (gf180mcu_fd_sc_mcu7t5v0__clkbuf_16)
                                                         clknet_0_clk_i (net)
                      0.072181    0.000310    0.208447 ^ clkbuf_1_0__f_clk_i/I (gf180mcu_fd_sc_mcu7t5v0__clkbuf_16)
     5    0.022670    0.057973    0.146244    0.354691 ^ clkbuf_1_0__f_clk_i/Z (gf180mcu_fd_sc_mcu7t5v0__clkbuf_16)
                                                         clknet_1_0__leaf_clk_i (net)
                      0.057973    0.000040    0.354731 ^ _73_/CLK (gf180mcu_fd_sc_mcu7t5v0__dffq_1)
     4    0.022571    0.272297    0.553861    0.908593 ^ _73_/Q (gf180mcu_fd_sc_mcu7t5v0__dffq_1)
                                                         net8 (net)
                      0.272297    0.000168    0.908761 ^ output8/I (gf180mcu_fd_sc_mcu7t5v0__dlyb_1)
     1    0.073522    0.814810    0.966982    1.875743 ^ output8/Z (gf180mcu_fd_sc_mcu7t5v0__dlyb_1)
                                                         count_o[5] (net)
                      0.814810    0.000472    1.876214 ^ count_o[5] (out)
                                              1.876214   data arrival time

                                 25.000000   25.000000   clock clk_i (rise edge)
                                  0.000000   25.000000   clock network delay (propagated)
                                 -0.250000   24.750000   clock uncertainty
                                  0.000000   24.750000   clock reconvergence pessimism
                                 -5.000000   19.750000   output external delay
                                             19.750000   data required time
---------------------------------------------------------------------------------------------
                                             19.750000   data required time
                                             -1.876214   data arrival time
---------------------------------------------------------------------------------------------
                                             17.873785   slack (MET)


Startpoint: _69_ (rising edge-triggered flip-flop clocked by clk_i)
Endpoint: count_o[1] (output port clocked by clk_i)
Path Group: clk_i
Path Type: max

Fanout         Cap        Slew       Delay        Time   Description
---------------------------------------------------------------------------------------------
                                  0.000000    0.000000   clock clk_i (rise edge)
                                  0.000000    0.000000   clock source latency
     1    0.027177    0.094246    0.046455    0.046455 ^ clk_i (in)
                                                         clk_i (net)
                      0.094248    0.000000    0.046455 ^ clkbuf_0_clk_i/I (gf180mcu_fd_sc_mcu7t5v0__clkbuf_16)
     2    0.047289    0.072181    0.161682    0.208137 ^ clkbuf_0_clk_i/Z (gf180mcu_fd_sc_mcu7t5v0__clkbuf_16)
                                                         clknet_0_clk_i (net)
                      0.072181    0.000262    0.208400 ^ clkbuf_1_1__f_clk_i/I (gf180mcu_fd_sc_mcu7t5v0__clkbuf_16)
     5    0.021248    0.057126    0.145438    0.353838 ^ clkbuf_1_1__f_clk_i/Z (gf180mcu_fd_sc_mcu7t5v0__clkbuf_16)
                                                         clknet_1_1__leaf_clk_i (net)
                      0.057127    0.000423    0.354261 ^ _69_/CLK (gf180mcu_fd_sc_mcu7t5v0__dffq_1)
     5    0.021799    0.264172    0.548851    0.903112 ^ _69_/Q (gf180mcu_fd_sc_mcu7t5v0__dffq_1)
                                                         net4 (net)
                      0.264172    0.000253    0.903365 ^ output4/I (gf180mcu_fd_sc_mcu7t5v0__dlyb_1)
     1    0.074080    0.820661    0.969965    1.873330 ^ output4/Z (gf180mcu_fd_sc_mcu7t5v0__dlyb_1)
                                                         count_o[1] (net)
                      0.820664    0.000907    1.874237 ^ count_o[1] (out)
                                              1.874237   data arrival time

                                 25.000000   25.000000   clock clk_i (rise edge)
                                  0.000000   25.000000   clock network delay (propagated)
                                 -0.250000   24.750000   clock uncertainty
                                  0.000000   24.750000   clock reconvergence pessimism
                                 -5.000000   19.750000   output external delay
                                             19.750000   data required time
---------------------------------------------------------------------------------------------
                                             19.750000   data required time
                                             -1.874237   data arrival time
---------------------------------------------------------------------------------------------
                                             17.875761   slack (MET)


Startpoint: _71_ (rising edge-triggered flip-flop clocked by clk_i)
Endpoint: count_o[3] (output port clocked by clk_i)
Path Group: clk_i
Path Type: max

Fanout         Cap        Slew       Delay        Time   Description
---------------------------------------------------------------------------------------------
                                  0.000000    0.000000   clock clk_i (rise edge)
                                  0.000000    0.000000   clock source latency
     1    0.027177    0.094246    0.046455    0.046455 ^ clk_i (in)
                                                         clk_i (net)
                      0.094248    0.000000    0.046455 ^ clkbuf_0_clk_i/I (gf180mcu_fd_sc_mcu7t5v0__clkbuf_16)
     2    0.047289    0.072181    0.161682    0.208137 ^ clkbuf_0_clk_i/Z (gf180mcu_fd_sc_mcu7t5v0__clkbuf_16)
                                                         clknet_0_clk_i (net)
                      0.072181    0.000310    0.208447 ^ clkbuf_1_0__f_clk_i/I (gf180mcu_fd_sc_mcu7t5v0__clkbuf_16)
     5    0.022670    0.057973    0.146244    0.354691 ^ clkbuf_1_0__f_clk_i/Z (gf180mcu_fd_sc_mcu7t5v0__clkbuf_16)
                                                         clknet_1_0__leaf_clk_i (net)
                      0.057973    0.000357    0.355047 ^ _71_/CLK (gf180mcu_fd_sc_mcu7t5v0__dffq_1)
     4    0.020482    0.250461    0.540940    0.895987 ^ _71_/Q (gf180mcu_fd_sc_mcu7t5v0__dffq_1)
                                                         net6 (net)
                      0.250461    0.000267    0.896254 ^ output6/I (gf180mcu_fd_sc_mcu7t5v0__dlyb_1)
     1    0.073718    0.816886    0.967482    1.863736 ^ output6/Z (gf180mcu_fd_sc_mcu7t5v0__dlyb_1)
                                                         count_o[3] (net)
                      0.816886    0.000814    1.864551 ^ count_o[3] (out)
                                              1.864551   data arrival time

                                 25.000000   25.000000   clock clk_i (rise edge)
                                  0.000000   25.000000   clock network delay (propagated)
                                 -0.250000   24.750000   clock uncertainty
                                  0.000000   24.750000   clock reconvergence pessimism
                                 -5.000000   19.750000   output external delay
                                             19.750000   data required time
---------------------------------------------------------------------------------------------
                                             19.750000   data required time
                                             -1.864551   data arrival time
---------------------------------------------------------------------------------------------
                                             17.885448   slack (MET)


Startpoint: _70_ (rising edge-triggered flip-flop clocked by clk_i)
Endpoint: count_o[2] (output port clocked by clk_i)
Path Group: clk_i
Path Type: max

Fanout         Cap        Slew       Delay        Time   Description
---------------------------------------------------------------------------------------------
                                  0.000000    0.000000   clock clk_i (rise edge)
                                  0.000000    0.000000   clock source latency
     1    0.027177    0.094246    0.046455    0.046455 ^ clk_i (in)
                                                         clk_i (net)
                      0.094248    0.000000    0.046455 ^ clkbuf_0_clk_i/I (gf180mcu_fd_sc_mcu7t5v0__clkbuf_16)
     2    0.047289    0.072181    0.161682    0.208137 ^ clkbuf_0_clk_i/Z (gf180mcu_fd_sc_mcu7t5v0__clkbuf_16)
                                                         clknet_0_clk_i (net)
                      0.072181    0.000310    0.208447 ^ clkbuf_1_0__f_clk_i/I (gf180mcu_fd_sc_mcu7t5v0__clkbuf_16)
     5    0.022670    0.057973    0.146244    0.354691 ^ clkbuf_1_0__f_clk_i/Z (gf180mcu_fd_sc_mcu7t5v0__clkbuf_16)
                                                         clknet_1_0__leaf_clk_i (net)
                      0.057973    0.000374    0.355064 ^ _70_/CLK (gf180mcu_fd_sc_mcu7t5v0__dffq_1)
     4    0.015708    0.201457    0.511790    0.866854 ^ _70_/Q (gf180mcu_fd_sc_mcu7t5v0__dffq_1)
                                                         net5 (net)
                      0.201457    0.000166    0.867020 ^ output5/I (gf180mcu_fd_sc_mcu7t5v0__dlyb_1)
     1    0.073489    0.814581    0.963796    1.830815 ^ output5/Z (gf180mcu_fd_sc_mcu7t5v0__dlyb_1)
                                                         count_o[2] (net)
                      0.814581    0.000790    1.831605 ^ count_o[2] (out)
                                              1.831605   data arrival time

                                 25.000000   25.000000   clock clk_i (rise edge)
                                  0.000000   25.000000   clock network delay (propagated)
                                 -0.250000   24.750000   clock uncertainty
                                  0.000000   24.750000   clock reconvergence pessimism
                                 -5.000000   19.750000   output external delay
                                             19.750000   data required time
---------------------------------------------------------------------------------------------
                                             19.750000   data required time
                                             -1.831605   data arrival time
---------------------------------------------------------------------------------------------
                                             17.918394   slack (MET)


Startpoint: en_i (input port clocked by clk_i)
Endpoint: _76_ (rising edge-triggered flip-flop clocked by clk_i)
Path Group: clk_i
Path Type: max

Fanout         Cap        Slew       Delay        Time   Description
---------------------------------------------------------------------------------------------
                                  0.000000    0.000000   clock clk_i (rise edge)
                                  0.000000    0.000000   clock network delay (propagated)
                                  5.000000    5.000000 ^ input external delay
     1    0.003877    0.072303    0.026132    5.026132 ^ en_i (in)
                                                         en_i (net)
                      0.072303    0.000000    5.026132 ^ input1/I (gf180mcu_fd_sc_mcu7t5v0__dlyb_1)
     6    0.031104    0.366155    0.686164    5.712296 ^ input1/Z (gf180mcu_fd_sc_mcu7t5v0__dlyb_1)
                                                         net1 (net)
                      0.366157    0.000480    5.712776 ^ _49_/A1 (gf180mcu_fd_sc_mcu7t5v0__nand4_1)
     8    0.046374    0.783936    0.509379    6.222155 v _49_/ZN (gf180mcu_fd_sc_mcu7t5v0__nand4_1)
                                                         _22_ (net)
                      0.783936    0.000699    6.222855 v _64_/A3 (gf180mcu_fd_sc_mcu7t5v0__or4_1)
     2    0.009367    0.208385    0.675690    6.898545 v _64_/Z (gf180mcu_fd_sc_mcu7t5v0__or4_1)
                                                         _32_ (net)
                      0.208385    0.000081    6.898626 v _67_/A2 (gf180mcu_fd_sc_mcu7t5v0__oai21_1)
     1    0.002767    0.167728    0.133916    7.032542 ^ _67_/ZN (gf180mcu_fd_sc_mcu7t5v0__oai21_1)
                                                         _08_ (net)
                      0.167728    0.000026    7.032568 ^ _76_/D (gf180mcu_fd_sc_mcu7t5v0__dffq_1)
                                              7.032568   data arrival time

                                 25.000000   25.000000   clock clk_i (rise edge)
                                  0.000000   25.000000   clock source latency
     1    0.027177    0.094246    0.046455   25.046455 ^ clk_i (in)
                                                         clk_i (net)
                      0.094248    0.000000   25.046455 ^ clkbuf_0_clk_i/I (gf180mcu_fd_sc_mcu7t5v0__clkbuf_16)
     2    0.047289    0.072181    0.161682   25.208138 ^ clkbuf_0_clk_i/Z (gf180mcu_fd_sc_mcu7t5v0__clkbuf_16)
                                                         clknet_0_clk_i (net)
                      0.072181    0.000263   25.208399 ^ clkbuf_1_1__f_clk_i/I (gf180mcu_fd_sc_mcu7t5v0__clkbuf_16)
     5    0.021248    0.057126    0.145437   25.353838 ^ clkbuf_1_1__f_clk_i/Z (gf180mcu_fd_sc_mcu7t5v0__clkbuf_16)
                                                         clknet_1_1__leaf_clk_i (net)
                      0.057127    0.000339   25.354176 ^ _76_/CLK (gf180mcu_fd_sc_mcu7t5v0__dffq_1)
                                 -0.250000   25.104177   clock uncertainty
                                  0.000000   25.104177   clock reconvergence pessimism
                                 -0.140527   24.963650   library setup time
                                             24.963650   data required time
---------------------------------------------------------------------------------------------
                                             24.963650   data required time
                                             -7.032568   data arrival time
---------------------------------------------------------------------------------------------
                                             17.931084   slack (MET)


Startpoint: _74_ (rising edge-triggered flip-flop clocked by clk_i)
Endpoint: count_o[6] (output port clocked by clk_i)
Path Group: clk_i
Path Type: max

Fanout         Cap        Slew       Delay        Time   Description
---------------------------------------------------------------------------------------------
                                  0.000000    0.000000   clock clk_i (rise edge)
                                  0.000000    0.000000   clock source latency
     1    0.027177    0.094246    0.046455    0.046455 ^ clk_i (in)
                                                         clk_i (net)
                      0.094248    0.000000    0.046455 ^ clkbuf_0_clk_i/I (gf180mcu_fd_sc_mcu7t5v0__clkbuf_16)
     2    0.047289    0.072181    0.161682    0.208137 ^ clkbuf_0_clk_i/Z (gf180mcu_fd_sc_mcu7t5v0__clkbuf_16)
                                                         clknet_0_clk_i (net)
                      0.072181    0.000310    0.208447 ^ clkbuf_1_0__f_clk_i/I (gf180mcu_fd_sc_mcu7t5v0__clkbuf_16)
     5    0.022670    0.057973    0.146244    0.354691 ^ clkbuf_1_0__f_clk_i/Z (gf180mcu_fd_sc_mcu7t5v0__clkbuf_16)
                                                         clknet_1_0__leaf_clk_i (net)
                      0.057973    0.000084    0.354775 ^ _74_/CLK (gf180mcu_fd_sc_mcu7t5v0__dffq_1)
     3    0.013423    0.178076    0.497851    0.852626 ^ _74_/Q (gf180mcu_fd_sc_mcu7t5v0__dffq_1)
                                                         net9 (net)
                      0.178076    0.000108    0.852734 ^ output9/I (gf180mcu_fd_sc_mcu7t5v0__dlyb_1)
     1    0.073530    0.815046    0.961960    1.814694 ^ output9/Z (gf180mcu_fd_sc_mcu7t5v0__dlyb_1)
                                                         count_o[6] (net)
                      0.815046    0.000801    1.815495 ^ count_o[6] (out)
                                              1.815495   data arrival time

                                 25.000000   25.000000   clock clk_i (rise edge)
                                  0.000000   25.000000   clock network delay (propagated)
                                 -0.250000   24.750000   clock uncertainty
                                  0.000000   24.750000   clock reconvergence pessimism
                                 -5.000000   19.750000   output external delay
                                             19.750000   data required time
---------------------------------------------------------------------------------------------
                                             19.750000   data required time
                                             -1.815495   data arrival time
---------------------------------------------------------------------------------------------
                                             17.934504   slack (MET)


Startpoint: _76_ (rising edge-triggered flip-flop clocked by clk_i)
Endpoint: ovf_o (output port clocked by clk_i)
Path Group: clk_i
Path Type: max

Fanout         Cap        Slew       Delay        Time   Description
---------------------------------------------------------------------------------------------
                                  0.000000    0.000000   clock clk_i (rise edge)
                                  0.000000    0.000000   clock source latency
     1    0.027177    0.094246    0.046455    0.046455 ^ clk_i (in)
                                                         clk_i (net)
                      0.094248    0.000000    0.046455 ^ clkbuf_0_clk_i/I (gf180mcu_fd_sc_mcu7t5v0__clkbuf_16)
     2    0.047289    0.072181    0.161682    0.208137 ^ clkbuf_0_clk_i/Z (gf180mcu_fd_sc_mcu7t5v0__clkbuf_16)
                                                         clknet_0_clk_i (net)
                      0.072181    0.000262    0.208400 ^ clkbuf_1_1__f_clk_i/I (gf180mcu_fd_sc_mcu7t5v0__clkbuf_16)
     5    0.021248    0.057126    0.145438    0.353838 ^ clkbuf_1_1__f_clk_i/Z (gf180mcu_fd_sc_mcu7t5v0__clkbuf_16)
                                                         clknet_1_1__leaf_clk_i (net)
                      0.057127    0.000340    0.354178 ^ _76_/CLK (gf180mcu_fd_sc_mcu7t5v0__dffq_1)
     2    0.009330    0.136239    0.472796    0.826974 ^ _76_/Q (gf180mcu_fd_sc_mcu7t5v0__dffq_1)
                                                         net11 (net)
                      0.136239    0.000071    0.827045 ^ output11/I (gf180mcu_fd_sc_mcu7t5v0__dlyb_1)
     1    0.073518    0.815056    0.958417    1.785462 ^ output11/Z (gf180mcu_fd_sc_mcu7t5v0__dlyb_1)
                                                         ovf_o (net)
                      0.815056    0.000471    1.785933 ^ ovf_o (out)
                                              1.785933   data arrival time

                                 25.000000   25.000000   clock clk_i (rise edge)
                                  0.000000   25.000000   clock network delay (propagated)
                                 -0.250000   24.750000   clock uncertainty
                                  0.000000   24.750000   clock reconvergence pessimism
                                 -5.000000   19.750000   output external delay
                                             19.750000   data required time
---------------------------------------------------------------------------------------------
                                             19.750000   data required time
                                             -1.785933   data arrival time
---------------------------------------------------------------------------------------------
                                             17.964066   slack (MET)


Startpoint: _75_ (rising edge-triggered flip-flop clocked by clk_i)
Endpoint: count_o[7] (output port clocked by clk_i)
Path Group: clk_i
Path Type: max

Fanout         Cap        Slew       Delay        Time   Description
---------------------------------------------------------------------------------------------
                                  0.000000    0.000000   clock clk_i (rise edge)
                                  0.000000    0.000000   clock source latency
     1    0.027177    0.094246    0.046455    0.046455 ^ clk_i (in)
                                                         clk_i (net)
                      0.094248    0.000000    0.046455 ^ clkbuf_0_clk_i/I (gf180mcu_fd_sc_mcu7t5v0__clkbuf_16)
     2    0.047289    0.072181    0.161682    0.208137 ^ clkbuf_0_clk_i/Z (gf180mcu_fd_sc_mcu7t5v0__clkbuf_16)
                                                         clknet_0_clk_i (net)
                      0.072181    0.000262    0.208400 ^ clkbuf_1_1__f_clk_i/I (gf180mcu_fd_sc_mcu7t5v0__clkbuf_16)
     5    0.021248    0.057126    0.145438    0.353838 ^ clkbuf_1_1__f_clk_i/Z (gf180mcu_fd_sc_mcu7t5v0__clkbuf_16)
                                                         clknet_1_1__leaf_clk_i (net)
                      0.057127    0.000115    0.353953 ^ _75_/CLK (gf180mcu_fd_sc_mcu7t5v0__dffq_1)
     2    0.008735    0.130148    0.469154    0.823107 ^ _75_/Q (gf180mcu_fd_sc_mcu7t5v0__dffq_1)
                                                         net10 (net)
                      0.130148    0.000096    0.823203 ^ output10/I (gf180mcu_fd_sc_mcu7t5v0__dlyb_1)
     1    0.073708    0.816975    0.958756    1.781959 ^ output10/Z (gf180mcu_fd_sc_mcu7t5v0__dlyb_1)
                                                         count_o[7] (net)
                      0.816978    0.000846    1.782805 ^ count_o[7] (out)
                                              1.782805   data arrival time

                                 25.000000   25.000000   clock clk_i (rise edge)
                                  0.000000   25.000000   clock network delay (propagated)
                                 -0.250000   24.750000   clock uncertainty
                                  0.000000   24.750000   clock reconvergence pessimism
                                 -5.000000   19.750000   output external delay
                                             19.750000   data required time
---------------------------------------------------------------------------------------------
                                             19.750000   data required time
                                             -1.782805   data arrival time
---------------------------------------------------------------------------------------------
                                             17.967194   slack (MET)


Startpoint: en_i (input port clocked by clk_i)
Endpoint: _73_ (rising edge-triggered flip-flop clocked by clk_i)
Path Group: clk_i
Path Type: max

Fanout         Cap        Slew       Delay        Time   Description
---------------------------------------------------------------------------------------------
                                  0.000000    0.000000   clock clk_i (rise edge)
                                  0.000000    0.000000   clock network delay (propagated)
                                  5.000000    5.000000 ^ input external delay
     1    0.003877    0.072303    0.026132    5.026132 ^ en_i (in)
                                                         en_i (net)
                      0.072303    0.000000    5.026132 ^ input1/I (gf180mcu_fd_sc_mcu7t5v0__dlyb_1)
     6    0.031104    0.366155    0.686164    5.712296 ^ input1/Z (gf180mcu_fd_sc_mcu7t5v0__dlyb_1)
                                                         net1 (net)
                      0.366157    0.000480    5.712776 ^ _49_/A1 (gf180mcu_fd_sc_mcu7t5v0__nand4_1)
     8    0.046374    0.783936    0.509379    6.222155 v _49_/ZN (gf180mcu_fd_sc_mcu7t5v0__nand4_1)
                                                         _22_ (net)
                      0.783936    0.000584    6.222739 v _57_/A3 (gf180mcu_fd_sc_mcu7t5v0__oai31_1)
     1    0.003340    0.382018    0.359734    6.582473 ^ _57_/ZN (gf180mcu_fd_sc_mcu7t5v0__oai31_1)
                                                         _27_ (net)
                      0.382018    0.000033    6.582506 ^ _59_/A2 (gf180mcu_fd_sc_mcu7t5v0__and3_1)
     1    0.004055    0.110065    0.256982    6.839489 ^ _59_/Z (gf180mcu_fd_sc_mcu7t5v0__and3_1)
                                                         _05_ (net)
                      0.110065    0.000046    6.839534 ^ _73_/D (gf180mcu_fd_sc_mcu7t5v0__dffq_1)
                                              6.839534   data arrival time

                                 25.000000   25.000000   clock clk_i (rise edge)
                                  0.000000   25.000000   clock source latency
     1    0.027177    0.094246    0.046455   25.046455 ^ clk_i (in)
                                                         clk_i (net)
                      0.094248    0.000000   25.046455 ^ clkbuf_0_clk_i/I (gf180mcu_fd_sc_mcu7t5v0__clkbuf_16)
     2    0.047289    0.072181    0.161682   25.208138 ^ clkbuf_0_clk_i/Z (gf180mcu_fd_sc_mcu7t5v0__clkbuf_16)
                                                         clknet_0_clk_i (net)
                      0.072181    0.000309   25.208447 ^ clkbuf_1_0__f_clk_i/I (gf180mcu_fd_sc_mcu7t5v0__clkbuf_16)
     5    0.022670    0.057973    0.146244   25.354691 ^ clkbuf_1_0__f_clk_i/Z (gf180mcu_fd_sc_mcu7t5v0__clkbuf_16)
                                                         clknet_1_0__leaf_clk_i (net)
                      0.057973    0.000041   25.354731 ^ _73_/CLK (gf180mcu_fd_sc_mcu7t5v0__dffq_1)
                                 -0.250000   25.104731   clock uncertainty
                                  0.000000   25.104731   clock reconvergence pessimism
                                 -0.133828   24.970903   library setup time
                                             24.970903   data required time
---------------------------------------------------------------------------------------------
                                             24.970903   data required time
                                             -6.839534   data arrival time
---------------------------------------------------------------------------------------------
                                             18.131367   slack (MET)


Startpoint: en_i (input port clocked by clk_i)
Endpoint: _74_ (rising edge-triggered flip-flop clocked by clk_i)
Path Group: clk_i
Path Type: max

Fanout         Cap        Slew       Delay        Time   Description
---------------------------------------------------------------------------------------------
                                  0.000000    0.000000   clock clk_i (rise edge)
                                  0.000000    0.000000   clock network delay (propagated)
                                  5.000000    5.000000 ^ input external delay
     1    0.003877    0.072303    0.026132    5.026132 ^ en_i (in)
                                                         en_i (net)
                      0.072303    0.000000    5.026132 ^ input1/I (gf180mcu_fd_sc_mcu7t5v0__dlyb_1)
     6    0.031104    0.366155    0.686164    5.712296 ^ input1/Z (gf180mcu_fd_sc_mcu7t5v0__dlyb_1)
                                                         net1 (net)
                      0.366157    0.000480    5.712776 ^ _49_/A1 (gf180mcu_fd_sc_mcu7t5v0__nand4_1)
     8    0.046374    0.783936    0.509379    6.222155 v _49_/ZN (gf180mcu_fd_sc_mcu7t5v0__nand4_1)
                                                         _22_ (net)
                      0.783936    0.000747    6.222902 v _61_/A2 (gf180mcu_fd_sc_mcu7t5v0__nor3_1)
     1    0.005066    0.364041    0.331364    6.554266 ^ _61_/ZN (gf180mcu_fd_sc_mcu7t5v0__nor3_1)
                                                         _30_ (net)
                      0.364041    0.000099    6.554365 ^ _62_/B (gf180mcu_fd_sc_mcu7t5v0__aoi211_1)
     1    0.003294    0.212803    0.156578    6.710943 v _62_/ZN (gf180mcu_fd_sc_mcu7t5v0__aoi211_1)
                                                         _06_ (net)
                      0.212803    0.000062    6.711004 v _74_/D (gf180mcu_fd_sc_mcu7t5v0__dffq_1)
                                              6.711004   data arrival time

                                 25.000000   25.000000   clock clk_i (rise edge)
                                  0.000000   25.000000   clock source latency
     1    0.027177    0.094246    0.046455   25.046455 ^ clk_i (in)
                                                         clk_i (net)
                      0.094248    0.000000   25.046455 ^ clkbuf_0_clk_i/I (gf180mcu_fd_sc_mcu7t5v0__clkbuf_16)
     2    0.047289    0.072181    0.161682   25.208138 ^ clkbuf_0_clk_i/Z (gf180mcu_fd_sc_mcu7t5v0__clkbuf_16)
                                                         clknet_0_clk_i (net)
                      0.072181    0.000309   25.208447 ^ clkbuf_1_0__f_clk_i/I (gf180mcu_fd_sc_mcu7t5v0__clkbuf_16)
     5    0.022670    0.057973    0.146244   25.354691 ^ clkbuf_1_0__f_clk_i/Z (gf180mcu_fd_sc_mcu7t5v0__clkbuf_16)
                                                         clknet_1_0__leaf_clk_i (net)
                      0.057973    0.000083   25.354773 ^ _74_/CLK (gf180mcu_fd_sc_mcu7t5v0__dffq_1)
                                 -0.250000   25.104774   clock uncertainty
                                  0.000000   25.104774   clock reconvergence pessimism
                                 -0.174598   24.930176   library setup time
                                             24.930176   data required time
---------------------------------------------------------------------------------------------
                                             24.930176   data required time
                                             -6.711004   data arrival time
---------------------------------------------------------------------------------------------
                                             18.219172   slack (MET)


Startpoint: en_i (input port clocked by clk_i)
Endpoint: _72_ (rising edge-triggered flip-flop clocked by clk_i)
Path Group: clk_i
Path Type: max

Fanout         Cap        Slew       Delay        Time   Description
---------------------------------------------------------------------------------------------
                                  0.000000    0.000000   clock clk_i (rise edge)
                                  0.000000    0.000000   clock network delay (propagated)
                                  5.000000    5.000000 ^ input external delay
     1    0.003877    0.072303    0.026132    5.026132 ^ en_i (in)
                                                         en_i (net)
                      0.072303    0.000000    5.026132 ^ input1/I (gf180mcu_fd_sc_mcu7t5v0__dlyb_1)
     6    0.031104    0.366155    0.686164    5.712296 ^ input1/Z (gf180mcu_fd_sc_mcu7t5v0__dlyb_1)
                                                         net1 (net)
                      0.366157    0.000480    5.712776 ^ _49_/A1 (gf180mcu_fd_sc_mcu7t5v0__nand4_1)
     8    0.046374    0.783936    0.509379    6.222155 v _49_/ZN (gf180mcu_fd_sc_mcu7t5v0__nand4_1)
                                                         _22_ (net)
                      0.783936    0.000558    6.222713 v _55_/A3 (gf180mcu_fd_sc_mcu7t5v0__nor3_1)
     1    0.005560    0.384975    0.307041    6.529754 ^ _55_/ZN (gf180mcu_fd_sc_mcu7t5v0__nor3_1)
                                                         _26_ (net)
                      0.384975    0.000109    6.529863 ^ _56_/A3 (gf180mcu_fd_sc_mcu7t5v0__nor3_1)
     1    0.004115    0.209747    0.140987    6.670850 v _56_/ZN (gf180mcu_fd_sc_mcu7t5v0__nor3_1)
                                                         _04_ (net)
                      0.209747    0.000046    6.670896 v _72_/D (gf180mcu_fd_sc_mcu7t5v0__dffq_1)
                                              6.670896   data arrival time

                                 25.000000   25.000000   clock clk_i (rise edge)
                                  0.000000   25.000000   clock source latency
     1    0.027177    0.094246    0.046455   25.046455 ^ clk_i (in)
                                                         clk_i (net)
                      0.094248    0.000000   25.046455 ^ clkbuf_0_clk_i/I (gf180mcu_fd_sc_mcu7t5v0__clkbuf_16)
     2    0.047289    0.072181    0.161682   25.208138 ^ clkbuf_0_clk_i/Z (gf180mcu_fd_sc_mcu7t5v0__clkbuf_16)
                                                         clknet_0_clk_i (net)
                      0.072181    0.000309   25.208447 ^ clkbuf_1_0__f_clk_i/I (gf180mcu_fd_sc_mcu7t5v0__clkbuf_16)
     5    0.022670    0.057973    0.146244   25.354691 ^ clkbuf_1_0__f_clk_i/Z (gf180mcu_fd_sc_mcu7t5v0__clkbuf_16)
                                                         clknet_1_0__leaf_clk_i (net)
                      0.057973    0.000229   25.354919 ^ _72_/CLK (gf180mcu_fd_sc_mcu7t5v0__dffq_1)
                                 -0.250000   25.104919   clock uncertainty
                                  0.000000   25.104919   clock reconvergence pessimism
                                 -0.173676   24.931244   library setup time
                                             24.931244   data required time
---------------------------------------------------------------------------------------------
                                             24.931244   data required time
                                             -6.670896   data arrival time
---------------------------------------------------------------------------------------------
                                             18.260349   slack (MET)


Startpoint: en_i (input port clocked by clk_i)
Endpoint: _71_ (rising edge-triggered flip-flop clocked by clk_i)
Path Group: clk_i
Path Type: max

Fanout         Cap        Slew       Delay        Time   Description
---------------------------------------------------------------------------------------------
                                  0.000000    0.000000   clock clk_i (rise edge)
                                  0.000000    0.000000   clock network delay (propagated)
                                  5.000000    5.000000 ^ input external delay
     1    0.003877    0.072303    0.026132    5.026132 ^ en_i (in)
                                                         en_i (net)
                      0.072303    0.000000    5.026132 ^ input1/I (gf180mcu_fd_sc_mcu7t5v0__dlyb_1)
     6    0.031104    0.366155    0.686164    5.712296 ^ input1/Z (gf180mcu_fd_sc_mcu7t5v0__dlyb_1)
                                                         net1 (net)
                      0.366157    0.000480    5.712776 ^ _49_/A1 (gf180mcu_fd_sc_mcu7t5v0__nand4_1)
     8    0.046374    0.783936    0.509379    6.222155 v _49_/ZN (gf180mcu_fd_sc_mcu7t5v0__nand4_1)
                                                         _22_ (net)
                      0.783936    0.000524    6.222680 v _52_/A2 (gf180mcu_fd_sc_mcu7t5v0__oai21_1)
     1    0.005143    0.303297    0.268842    6.491521 ^ _52_/ZN (gf180mcu_fd_sc_mcu7t5v0__oai21_1)
                                                         _24_ (net)
                      0.303297    0.000054    6.491575 ^ _53_/B (gf180mcu_fd_sc_mcu7t5v0__aoi21_1)
     1    0.002927    0.208009    0.134371    6.625946 v _53_/ZN (gf180mcu_fd_sc_mcu7t5v0__aoi21_1)
                                                         _03_ (net)
                      0.208009    0.000028    6.625975 v _71_/D (gf180mcu_fd_sc_mcu7t5v0__dffq_1)
                                              6.625975   data arrival time

                                 25.000000   25.000000   clock clk_i (rise edge)
                                  0.000000   25.000000   clock source latency
     1    0.027177    0.094246    0.046455   25.046455 ^ clk_i (in)
                                                         clk_i (net)
                      0.094248    0.000000   25.046455 ^ clkbuf_0_clk_i/I (gf180mcu_fd_sc_mcu7t5v0__clkbuf_16)
     2    0.047289    0.072181    0.161682   25.208138 ^ clkbuf_0_clk_i/Z (gf180mcu_fd_sc_mcu7t5v0__clkbuf_16)
                                                         clknet_0_clk_i (net)
                      0.072181    0.000309   25.208447 ^ clkbuf_1_0__f_clk_i/I (gf180mcu_fd_sc_mcu7t5v0__clkbuf_16)
     5    0.022670    0.057973    0.146244   25.354691 ^ clkbuf_1_0__f_clk_i/Z (gf180mcu_fd_sc_mcu7t5v0__clkbuf_16)
                                                         clknet_1_0__leaf_clk_i (net)
                      0.057973    0.000357   25.355047 ^ _71_/CLK (gf180mcu_fd_sc_mcu7t5v0__dffq_1)
                                 -0.250000   25.105047   clock uncertainty
                                  0.000000   25.105047   clock reconvergence pessimism
                                 -0.173152   24.931896   library setup time
                                             24.931896   data required time
---------------------------------------------------------------------------------------------
                                             24.931896   data required time
                                             -6.625975   data arrival time
---------------------------------------------------------------------------------------------
                                             18.305922   slack (MET)


Startpoint: en_i (input port clocked by clk_i)
Endpoint: _70_ (rising edge-triggered flip-flop clocked by clk_i)
Path Group: clk_i
Path Type: max

Fanout         Cap        Slew       Delay        Time   Description
---------------------------------------------------------------------------------------------
                                  0.000000    0.000000   clock clk_i (rise edge)
                                  0.000000    0.000000   clock network delay (propagated)
                                  5.000000    5.000000 ^ input external delay
     1    0.003877    0.072303    0.026132    5.026132 ^ en_i (in)
                                                         en_i (net)
                      0.072303    0.000000    5.026132 ^ input1/I (gf180mcu_fd_sc_mcu7t5v0__dlyb_1)
     6    0.031104    0.366155    0.686164    5.712296 ^ input1/Z (gf180mcu_fd_sc_mcu7t5v0__dlyb_1)
                                                         net1 (net)
                      0.366157    0.000480    5.712776 ^ _49_/A1 (gf180mcu_fd_sc_mcu7t5v0__nand4_1)
     8    0.046374    0.783936    0.509379    6.222155 v _49_/ZN (gf180mcu_fd_sc_mcu7t5v0__nand4_1)
                                                         _22_ (net)
                      0.783936    0.000464    6.222619 v _50_/A2 (gf180mcu_fd_sc_mcu7t5v0__nand2_1)
     1    0.005274    0.253683    0.274390    6.497009 ^ _50_/ZN (gf180mcu_fd_sc_mcu7t5v0__nand2_1)
                                                         _23_ (net)
                      0.253683    0.000103    6.497113 ^ _51_/B (gf180mcu_fd_sc_mcu7t5v0__aoi21_1)
     1    0.003756    0.174066    0.134580    6.631693 v _51_/ZN (gf180mcu_fd_sc_mcu7t5v0__aoi21_1)
                                                         _02_ (net)
                      0.174066    0.000041    6.631734 v _70_/D (gf180mcu_fd_sc_mcu7t5v0__dffq_1)
                                              6.631734   data arrival time

                                 25.000000   25.000000   clock clk_i (rise edge)
                                  0.000000   25.000000   clock source latency
     1    0.027177    0.094246    0.046455   25.046455 ^ clk_i (in)
                                                         clk_i (net)
                      0.094248    0.000000   25.046455 ^ clkbuf_0_clk_i/I (gf180mcu_fd_sc_mcu7t5v0__clkbuf_16)
     2    0.047289    0.072181    0.161682   25.208138 ^ clkbuf_0_clk_i/Z (gf180mcu_fd_sc_mcu7t5v0__clkbuf_16)
                                                         clknet_0_clk_i (net)
                      0.072181    0.000309   25.208447 ^ clkbuf_1_0__f_clk_i/I (gf180mcu_fd_sc_mcu7t5v0__clkbuf_16)
     5    0.022670    0.057973    0.146244   25.354691 ^ clkbuf_1_0__f_clk_i/Z (gf180mcu_fd_sc_mcu7t5v0__clkbuf_16)
                                                         clknet_1_0__leaf_clk_i (net)
                      0.057973    0.000373   25.355062 ^ _70_/CLK (gf180mcu_fd_sc_mcu7t5v0__dffq_1)
                                 -0.250000   25.105064   clock uncertainty
                                  0.000000   25.105064   clock reconvergence pessimism
                                 -0.162921   24.942142   library setup time
                                             24.942142   data required time
---------------------------------------------------------------------------------------------
                                             24.942142   data required time
                                             -6.631734   data arrival time
---------------------------------------------------------------------------------------------
                                             18.310410   slack (MET)


Startpoint: rst_ni (input port clocked by clk_i)
Endpoint: _68_ (rising edge-triggered flip-flop clocked by clk_i)
Path Group: clk_i
Path Type: max

Fanout         Cap        Slew       Delay        Time   Description
---------------------------------------------------------------------------------------------
                                  0.000000    0.000000   clock clk_i (rise edge)
                                  0.000000    0.000000   clock network delay (propagated)
                                  5.000000    5.000000 v input external delay
     1    0.003786    0.041131    0.015583    5.015583 v rst_ni (in)
                                                         rst_ni (net)
                      0.041131    0.000000    5.015583 v input2/I (gf180mcu_fd_sc_mcu7t5v0__dlyb_1)
     8    0.046663    0.368859    0.783198    5.798780 v input2/Z (gf180mcu_fd_sc_mcu7t5v0__dlyb_1)
                                                         net2 (net)
                      0.368864    0.000890    5.799670 v _41_/A2 (gf180mcu_fd_sc_mcu7t5v0__nand2_1)
     2    0.013264    0.249005    0.239018    6.038688 ^ _41_/ZN (gf180mcu_fd_sc_mcu7t5v0__nand2_1)
                                                         _16_ (net)
                      0.249005    0.000101    6.038789 ^ _43_/B1 (gf180mcu_fd_sc_mcu7t5v0__aoi22_1)
     1    0.003430    0.176716    0.127168    6.165957 v _43_/ZN (gf180mcu_fd_sc_mcu7t5v0__aoi22_1)
                                                         _00_ (net)
                      0.176716    0.000063    6.166020 v _68_/D (gf180mcu_fd_sc_mcu7t5v0__dffq_1)
                                              6.166020   data arrival time

                                 25.000000   25.000000   clock clk_i (rise edge)
                                  0.000000   25.000000   clock source latency
     1    0.027177    0.094246    0.046455   25.046455 ^ clk_i (in)
                                                         clk_i (net)
                      0.094248    0.000000   25.046455 ^ clkbuf_0_clk_i/I (gf180mcu_fd_sc_mcu7t5v0__clkbuf_16)
     2    0.047289    0.072181    0.161682   25.208138 ^ clkbuf_0_clk_i/Z (gf180mcu_fd_sc_mcu7t5v0__clkbuf_16)
                                                         clknet_0_clk_i (net)
                      0.072181    0.000263   25.208399 ^ clkbuf_1_1__f_clk_i/I (gf180mcu_fd_sc_mcu7t5v0__clkbuf_16)
     5    0.021248    0.057126    0.145437   25.353838 ^ clkbuf_1_1__f_clk_i/Z (gf180mcu_fd_sc_mcu7t5v0__clkbuf_16)
                                                         clknet_1_1__leaf_clk_i (net)
                      0.057127    0.000325   25.354162 ^ _68_/CLK (gf180mcu_fd_sc_mcu7t5v0__dffq_1)
                                 -0.250000   25.104162   clock uncertainty
                                  0.000000   25.104162   clock reconvergence pessimism
                                 -0.163906   24.940256   library setup time
                                             24.940256   data required time
---------------------------------------------------------------------------------------------
                                             24.940256   data required time
                                             -6.166020   data arrival time
---------------------------------------------------------------------------------------------
                                             18.774239   slack (MET)


Startpoint: en_i (input port clocked by clk_i)
Endpoint: _69_ (rising edge-triggered flip-flop clocked by clk_i)
Path Group: clk_i
Path Type: max

Fanout         Cap        Slew       Delay        Time   Description
---------------------------------------------------------------------------------------------
                                  0.000000    0.000000   clock clk_i (rise edge)
                                  0.000000    0.000000   clock network delay (propagated)
                                  5.000000    5.000000 v input external delay
     1    0.003877    0.041718    0.015956    5.015956 v en_i (in)
                                                         en_i (net)
                      0.041718    0.000000    5.015956 v input1/I (gf180mcu_fd_sc_mcu7t5v0__dlyb_1)
     6    0.031104    0.279834    0.713848    5.729805 v input1/Z (gf180mcu_fd_sc_mcu7t5v0__dlyb_1)
                                                         net1 (net)
                      0.279837    0.000616    5.730420 v _45_/A1 (gf180mcu_fd_sc_mcu7t5v0__nand3_1)
     2    0.012208    0.276219    0.211911    5.942330 ^ _45_/ZN (gf180mcu_fd_sc_mcu7t5v0__nand3_1)
                                                         _19_ (net)
                      0.276219    0.000208    5.942538 ^ _46_/A2 (gf180mcu_fd_sc_mcu7t5v0__nand2_1)
     1    0.005854    0.182447    0.084154    6.026692 v _46_/ZN (gf180mcu_fd_sc_mcu7t5v0__nand2_1)
                                                         _20_ (net)
                      0.182447    0.000068    6.026760 v _47_/A2 (gf180mcu_fd_sc_mcu7t5v0__nor2_1)
     1    0.002968    0.139287    0.119623    6.146383 ^ _47_/ZN (gf180mcu_fd_sc_mcu7t5v0__nor2_1)
                                                         _01_ (net)
                      0.139287    0.000029    6.146412 ^ _69_/D (gf180mcu_fd_sc_mcu7t5v0__dffq_1)
                                              6.146412   data arrival time

                                 25.000000   25.000000   clock clk_i (rise edge)
                                  0.000000   25.000000   clock source latency
     1    0.027177    0.094246    0.046455   25.046455 ^ clk_i (in)
                                                         clk_i (net)
                      0.094248    0.000000   25.046455 ^ clkbuf_0_clk_i/I (gf180mcu_fd_sc_mcu7t5v0__clkbuf_16)
     2    0.047289    0.072181    0.161682   25.208138 ^ clkbuf_0_clk_i/Z (gf180mcu_fd_sc_mcu7t5v0__clkbuf_16)
                                                         clknet_0_clk_i (net)
                      0.072181    0.000263   25.208399 ^ clkbuf_1_1__f_clk_i/I (gf180mcu_fd_sc_mcu7t5v0__clkbuf_16)
     5    0.021248    0.057126    0.145437   25.353838 ^ clkbuf_1_1__f_clk_i/Z (gf180mcu_fd_sc_mcu7t5v0__clkbuf_16)
                                                         clknet_1_1__leaf_clk_i (net)
                      0.057127    0.000423   25.354259 ^ _69_/CLK (gf180mcu_fd_sc_mcu7t5v0__dffq_1)
                                 -0.250000   25.104261   clock uncertainty
                                  0.000000   25.104261   clock reconvergence pessimism
                                 -0.137327   24.966934   library setup time
                                             24.966934   data required time
---------------------------------------------------------------------------------------------
                                             24.966934   data required time
                                             -6.146412   data arrival time
---------------------------------------------------------------------------------------------
                                             18.820522   slack (MET)



