
===========================================================================
report_checks -path_delay min (Hold)
============================================================================
======================= min_ff_n40C_5v50 Corner ===================================

Startpoint: _76_ (rising edge-triggered flip-flop clocked by clk_i)
Endpoint: _76_ (rising edge-triggered flip-flop clocked by clk_i)
Path Group: clk_i
Path Type: min

Fanout         Cap        Slew       Delay        Time   Description
---------------------------------------------------------------------------------------------
                                  0.000000    0.000000   clock clk_i (rise edge)
                                  0.000000    0.000000   clock source latency
     1    0.027177    0.094246    0.046455    0.046455 ^ clk_i (in)
                                                         clk_i (net)
                      0.094248    0.000000    0.046455 ^ clkbuf_0_clk_i/I (gf180mcu_fd_sc_mcu7t5v0__clkbuf_16)
     2    0.047289    0.072181    0.161682    0.208137 ^ clkbuf_0_clk_i/Z (gf180mcu_fd_sc_mcu7t5v0__clkbuf_16)
                                                         clknet_0_clk_i (net)
                      0.072181    0.000262    0.208400 ^ clkbuf_1_1__f_clk_i/I (gf180mcu_fd_sc_mcu7t5v0__clkbuf_16)
     5    0.021248    0.057126    0.145438    0.353838 ^ clkbuf_1_1__f_clk_i/Z (gf180mcu_fd_sc_mcu7t5v0__clkbuf_16)
                                                         clknet_1_1__leaf_clk_i (net)
                      0.057127    0.000340    0.354178 ^ _76_/CLK (gf180mcu_fd_sc_mcu7t5v0__dffq_1)
     2    0.009330    0.099155    0.426003    0.780181 v _76_/Q (gf180mcu_fd_sc_mcu7t5v0__dffq_1)
                                                         net11 (net)
                      0.099155    0.000072    0.780253 v _66_/A1 (gf180mcu_fd_sc_mcu7t5v0__nand2_1)
     1    0.006171    0.111834    0.097764    0.878016 ^ _66_/ZN (gf180mcu_fd_sc_mcu7t5v0__nand2_1)
                                                         _33_ (net)
                      0.111834    0.000125    0.878141 ^ _67_/B (gf180mcu_fd_sc_mcu7t5v0__oai21_1)
     1    0.002767    0.074035    0.071614    0.949755 v _67_/ZN (gf180mcu_fd_sc_mcu7t5v0__oai21_1)
                                                         _08_ (net)
                      0.074035    0.000026    0.949781 v _76_/D (gf180mcu_fd_sc_mcu7t5v0__dffq_1)
                                              0.949781   data arrival time

                                  0.000000    0.000000   clock clk_i (rise edge)
                                  0.000000    0.000000   clock source latency
     1    0.027177    0.094246    0.046455    0.046455 ^ clk_i (in)
                                                         clk_i (net)
                      0.094248    0.000000    0.046455 ^ clkbuf_0_clk_i/I (gf180mcu_fd_sc_mcu7t5v0__clkbuf_16)
     2    0.047289    0.072181    0.161682    0.208137 ^ clkbuf_0_clk_i/Z (gf180mcu_fd_sc_mcu7t5v0__clkbuf_16)
                                                         clknet_0_clk_i (net)
                      0.072181    0.000262    0.208400 ^ clkbuf_1_1__f_clk_i/I (gf180mcu_fd_sc_mcu7t5v0__clkbuf_16)
     5    0.021248    0.057126    0.145438    0.353838 ^ clkbuf_1_1__f_clk_i/Z (gf180mcu_fd_sc_mcu7t5v0__clkbuf_16)
                                                         clknet_1_1__leaf_clk_i (net)
                      0.057127    0.000340    0.354178 ^ _76_/CLK (gf180mcu_fd_sc_mcu7t5v0__dffq_1)
                                  0.250000    0.604178   clock uncertainty
                                  0.000000    0.604178   clock reconvergence pessimism
                                  0.060120    0.664298   library hold time
                                              0.664298   data required time
---------------------------------------------------------------------------------------------
                                              0.664298   data required time
                                             -0.949781   data arrival time
---------------------------------------------------------------------------------------------
                                              0.285484   slack (MET)


Startpoint: _74_ (rising edge-triggered flip-flop clocked by clk_i)
Endpoint: _74_ (rising edge-triggered flip-flop clocked by clk_i)
Path Group: clk_i
Path Type: min

Fanout         Cap        Slew       Delay        Time   Description
---------------------------------------------------------------------------------------------
                                  0.000000    0.000000   clock clk_i (rise edge)
                                  0.000000    0.000000   clock source latency
     1    0.027177    0.094246    0.046455    0.046455 ^ clk_i (in)
                                                         clk_i (net)
                      0.094248    0.000000    0.046455 ^ clkbuf_0_clk_i/I (gf180mcu_fd_sc_mcu7t5v0__clkbuf_16)
     2    0.047289    0.072181    0.161682    0.208137 ^ clkbuf_0_clk_i/Z (gf180mcu_fd_sc_mcu7t5v0__clkbuf_16)
                                                         clknet_0_clk_i (net)
                      0.072181    0.000310    0.208447 ^ clkbuf_1_0__f_clk_i/I (gf180mcu_fd_sc_mcu7t5v0__clkbuf_16)
     5    0.022670    0.057973    0.146244    0.354691 ^ clkbuf_1_0__f_clk_i/Z (gf180mcu_fd_sc_mcu7t5v0__clkbuf_16)
                                                         clknet_1_0__leaf_clk_i (net)
                      0.057973    0.000084    0.354775 ^ _74_/CLK (gf180mcu_fd_sc_mcu7t5v0__dffq_1)
     3    0.013423    0.121928    0.444191    0.798966 v _74_/Q (gf180mcu_fd_sc_mcu7t5v0__dffq_1)
                                                         net9 (net)
                      0.121928    0.000176    0.799142 v _35_/I (gf180mcu_fd_sc_mcu7t5v0__clkinv_1)
     1    0.006404    0.105574    0.090823    0.889965 ^ _35_/ZN (gf180mcu_fd_sc_mcu7t5v0__clkinv_1)
                                                         _10_ (net)
                      0.105574    0.000130    0.890095 ^ _62_/A1 (gf180mcu_fd_sc_mcu7t5v0__aoi211_1)
     1    0.003294    0.090837    0.080463    0.970558 v _62_/ZN (gf180mcu_fd_sc_mcu7t5v0__aoi211_1)
                                                         _06_ (net)
                      0.090837    0.000062    0.970620 v _74_/D (gf180mcu_fd_sc_mcu7t5v0__dffq_1)
                                              0.970620   data arrival time

                                  0.000000    0.000000   clock clk_i (rise edge)
                                  0.000000    0.000000   clock source latency
     1    0.027177    0.094246    0.046455    0.046455 ^ clk_i (in)
                                                         clk_i (net)
                      0.094248    0.000000    0.046455 ^ clkbuf_0_clk_i/I (gf180mcu_fd_sc_mcu7t5v0__clkbuf_16)
     2    0.047289    0.072181    0.161682    0.208137 ^ clkbuf_0_clk_i/Z (gf180mcu_fd_sc_mcu7t5v0__clkbuf_16)
                                                         clknet_0_clk_i (net)
                      0.072181    0.000310    0.208447 ^ clkbuf_1_0__f_clk_i/I (gf180mcu_fd_sc_mcu7t5v0__clkbuf_16)
     5    0.022670    0.057973    0.146244    0.354691 ^ clkbuf_1_0__f_clk_i/Z (gf180mcu_fd_sc_mcu7t5v0__clkbuf_16)
                                                         clknet_1_0__leaf_clk_i (net)
                      0.057973    0.000084    0.354775 ^ _74_/CLK (gf180mcu_fd_sc_mcu7t5v0__dffq_1)
                                  0.250000    0.604775   clock uncertainty
                                  0.000000    0.604775   clock reconvergence pessimism
                                  0.056599    0.661373   library hold time
                                              0.661373   data required time
---------------------------------------------------------------------------------------------
                                              0.661373   data required time
                                             -0.970620   data arrival time
---------------------------------------------------------------------------------------------
                                              0.309246   slack (MET)


Startpoint: _70_ (rising edge-triggered flip-flop clocked by clk_i)
Endpoint: _70_ (rising edge-triggered flip-flop clocked by clk_i)
Path Group: clk_i
Path Type: min

Fanout         Cap        Slew       Delay        Time   Description
---------------------------------------------------------------------------------------------
                                  0.000000    0.000000   clock clk_i (rise edge)
                                  0.000000    0.000000   clock source latency
     1    0.027177    0.094246    0.046455    0.046455 ^ clk_i (in)
                                                         clk_i (net)
                      0.094248    0.000000    0.046455 ^ clkbuf_0_clk_i/I (gf180mcu_fd_sc_mcu7t5v0__clkbuf_16)
     2    0.047289    0.072181    0.161682    0.208137 ^ clkbuf_0_clk_i/Z (gf180mcu_fd_sc_mcu7t5v0__clkbuf_16)
                                                         clknet_0_clk_i (net)
                      0.072181    0.000310    0.208447 ^ clkbuf_1_0__f_clk_i/I (gf180mcu_fd_sc_mcu7t5v0__clkbuf_16)
     5    0.022670    0.057973    0.146244    0.354691 ^ clkbuf_1_0__f_clk_i/Z (gf180mcu_fd_sc_mcu7t5v0__clkbuf_16)
                                                         clknet_1_0__leaf_clk_i (net)
                      0.057973    0.000374    0.355064 ^ _70_/CLK (gf180mcu_fd_sc_mcu7t5v0__dffq_1)
     4    0.015708    0.134671    0.454297    0.809361 v _70_/Q (gf180mcu_fd_sc_mcu7t5v0__dffq_1)
                                                         net5 (net)
                      0.134672    0.000173    0.809534 v _39_/I (gf180mcu_fd_sc_mcu7t5v0__clkinv_1)
     1    0.006882    0.112373    0.097149    0.906683 ^ _39_/ZN (gf180mcu_fd_sc_mcu7t5v0__clkinv_1)
                                                         _14_ (net)
                      0.112373    0.000145    0.906828 ^ _51_/A1 (gf180mcu_fd_sc_mcu7t5v0__aoi21_1)
     1    0.003756    0.080544    0.069485    0.976313 v _51_/ZN (gf180mcu_fd_sc_mcu7t5v0__aoi21_1)
                                                         _02_ (net)
                      0.080544    0.000041    0.976354 v _70_/D (gf180mcu_fd_sc_mcu7t5v0__dffq_1)
                                              0.976354   data arrival time

                                  0.000000    0.000000   clock clk_i (rise edge)
                                  0.000000    0.000000   clock source latency
     1    0.027177    0.094246    0.046455    0.046455 ^ clk_i (in)
                                                         clk_i (net)
                      0.094248    0.000000    0.046455 ^ clkbuf_0_clk_i/I (gf180mcu_fd_sc_mcu7t5v0__clkbuf_16)
     2    0.047289    0.072181    0.161682    0.208137 ^ clkbuf_0_clk_i/Z (gf180mcu_fd_sc_mcu7t5v0__clkbuf_16)
                                                         clknet_0_clk_i (net)
                      0.072181    0.000310    0.208447 ^ clkbuf_1_0__f_clk_i/I (gf180mcu_fd_sc_mcu7t5v0__clkbuf_16)
     5    0.022670    0.057973    0.146244    0.354691 ^ clkbuf_1_0__f_clk_i/Z (gf180mcu_fd_sc_mcu7t5v0__clkbuf_16)
                                                         clknet_1_0__leaf_clk_i (net)
                      0.057973    0.000374    0.355064 ^ _70_/CLK (gf180mcu_fd_sc_mcu7t5v0__dffq_1)
                                  0.250000    0.605064   clock uncertainty
                                  0.000000    0.605064   clock reconvergence pessimism
                                  0.058849    0.663913   library hold time
                                              0.663913   data required time
---------------------------------------------------------------------------------------------
                                              0.663913   data required time
                                             -0.976354   data arrival time
---------------------------------------------------------------------------------------------
                                              0.312441   slack (MET)


Startpoint: _69_ (rising edge-triggered flip-flop clocked by clk_i)
Endpoint: _69_ (rising edge-triggered flip-flop clocked by clk_i)
Path Group: clk_i
Path Type: min

Fanout         Cap        Slew       Delay        Time   Description
---------------------------------------------------------------------------------------------
                                  0.000000    0.000000   clock clk_i (rise edge)
                                  0.000000    0.000000   clock source latency
     1    0.027177    0.094246    0.046455    0.046455 ^ clk_i (in)
                                                         clk_i (net)
                      0.094248    0.000000    0.046455 ^ clkbuf_0_clk_i/I (gf180mcu_fd_sc_mcu7t5v0__clkbuf_16)
     2    0.047289    0.072181    0.161682    0.208137 ^ clkbuf_0_clk_i/Z (gf180mcu_fd_sc_mcu7t5v0__clkbuf_16)
                                                         clknet_0_clk_i (net)
                      0.072181    0.000262    0.208400 ^ clkbuf_1_1__f_clk_i/I (gf180mcu_fd_sc_mcu7t5v0__clkbuf_16)
     5    0.021248    0.057126    0.145438    0.353838 ^ clkbuf_1_1__f_clk_i/Z (gf180mcu_fd_sc_mcu7t5v0__clkbuf_16)
                                                         clknet_1_1__leaf_clk_i (net)
                      0.057127    0.000423    0.354261 ^ _69_/CLK (gf180mcu_fd_sc_mcu7t5v0__dffq_1)
     5    0.021799    0.169930    0.479921    0.834182 v _69_/Q (gf180mcu_fd_sc_mcu7t5v0__dffq_1)
                                                         net4 (net)
                      0.169932    0.000376    0.834558 v _44_/B (gf180mcu_fd_sc_mcu7t5v0__aoi21_1)
     1    0.005979    0.178428    0.145686    0.980244 ^ _44_/ZN (gf180mcu_fd_sc_mcu7t5v0__aoi21_1)
                                                         _18_ (net)
                      0.178428    0.000066    0.980309 ^ _47_/A1 (gf180mcu_fd_sc_mcu7t5v0__nor2_1)
     1    0.002968    0.082401    0.065625    1.045934 v _47_/ZN (gf180mcu_fd_sc_mcu7t5v0__nor2_1)
                                                         _01_ (net)
                      0.082401    0.000029    1.045963 v _69_/D (gf180mcu_fd_sc_mcu7t5v0__dffq_1)
                                              1.045963   data arrival time

                                  0.000000    0.000000   clock clk_i (rise edge)
                                  0.000000    0.000000   clock source latency
     1    0.027177    0.094246    0.046455    0.046455 ^ clk_i (in)
                                                         clk_i (net)
                      0.094248    0.000000    0.046455 ^ clkbuf_0_clk_i/I (gf180mcu_fd_sc_mcu7t5v0__clkbuf_16)
     2    0.047289    0.072181    0.161682    0.208137 ^ clkbuf_0_clk_i/Z (gf180mcu_fd_sc_mcu7t5v0__clkbuf_16)
                                                         clknet_0_clk_i (net)
                      0.072181    0.000262    0.208400 ^ clkbuf_1_1__f_clk_i/I (gf180mcu_fd_sc_mcu7t5v0__clkbuf_16)
     5    0.021248    0.057126    0.145438    0.353838 ^ clkbuf_1_1__f_clk_i/Z (gf180mcu_fd_sc_mcu7t5v0__clkbuf_16)
                                                         clknet_1_1__leaf_clk_i (net)
                      0.057127    0.000423    0.354261 ^ _69_/CLK (gf180mcu_fd_sc_mcu7t5v0__dffq_1)
                                  0.250000    0.604261   clock uncertainty
                                  0.000000    0.604261   clock reconvergence pessimism
                                  0.058298    0.662559   library hold time
                                              0.662559   data required time
---------------------------------------------------------------------------------------------
                                              0.662559   data required time
                                             -1.045963   data arrival time
---------------------------------------------------------------------------------------------
                                              0.383404   slack (MET)


Startpoint: _68_ (rising edge-triggered flip-flop clocked by clk_i)
Endpoint: _68_ (rising edge-triggered flip-flop clocked by clk_i)
Path Group: clk_i
Path Type: min

Fanout         Cap        Slew       Delay        Time   Description
---------------------------------------------------------------------------------------------
                                  0.000000    0.000000   clock clk_i (rise edge)
                                  0.000000    0.000000   clock source latency
     1    0.027177    0.094246    0.046455    0.046455 ^ clk_i (in)
                                                         clk_i (net)
                      0.094248    0.000000    0.046455 ^ clkbuf_0_clk_i/I (gf180mcu_fd_sc_mcu7t5v0__clkbuf_16)
     2    0.047289    0.072181    0.161682    0.208137 ^ clkbuf_0_clk_i/Z (gf180mcu_fd_sc_mcu7t5v0__clkbuf_16)
                                                         clknet_0_clk_i (net)
                      0.072181    0.000262    0.208400 ^ clkbuf_1_1__f_clk_i/I (gf180mcu_fd_sc_mcu7t5v0__clkbuf_16)
     5    0.021248    0.057126    0.145438    0.353838 ^ clkbuf_1_1__f_clk_i/Z (gf180mcu_fd_sc_mcu7t5v0__clkbuf_16)
                                                         clknet_1_1__leaf_clk_i (net)
                      0.057127    0.000325    0.354163 ^ _68_/CLK (gf180mcu_fd_sc_mcu7t5v0__dffq_1)
     7    0.034524    0.397606    0.627483    0.981646 ^ _68_/Q (gf180mcu_fd_sc_mcu7t5v0__dffq_1)
                                                         net3 (net)
                      0.397607    0.000470    0.982115 ^ _43_/A2 (gf180mcu_fd_sc_mcu7t5v0__aoi22_1)
     1    0.003430    0.118338    0.063685    1.045800 v _43_/ZN (gf180mcu_fd_sc_mcu7t5v0__aoi22_1)
                                                         _00_ (net)
                      0.118338    0.000063    1.045863 v _68_/D (gf180mcu_fd_sc_mcu7t5v0__dffq_1)
                                              1.045863   data arrival time

                                  0.000000    0.000000   clock clk_i (rise edge)
                                  0.000000    0.000000   clock source latency
     1    0.027177    0.094246    0.046455    0.046455 ^ clk_i (in)
                                                         clk_i (net)
                      0.094248    0.000000    0.046455 ^ clkbuf_0_clk_i/I (gf180mcu_fd_sc_mcu7t5v0__clkbuf_16)
     2    0.047289    0.072181    0.161682    0.208137 ^ clkbuf_0_clk_i/Z (gf180mcu_fd_sc_mcu7t5v0__clkbuf_16)
                                                         clknet_0_clk_i (net)
                      0.072181    0.000262    0.208400 ^ clkbuf_1_1__f_clk_i/I (gf180mcu_fd_sc_mcu7t5v0__clkbuf_16)
     5    0.021248    0.057126    0.145438    0.353838 ^ clkbuf_1_1__f_clk_i/Z (gf180mcu_fd_sc_mcu7t5v0__clkbuf_16)
                                                         clknet_1_1__leaf_clk_i (net)
                      0.057127    0.000325    0.354163 ^ _68_/CLK (gf180mcu_fd_sc_mcu7t5v0__dffq_1)
                                  0.250000    0.604163   clock uncertainty
                                  0.000000    0.604163   clock reconvergence pessimism
                                  0.048885    0.653048   library hold time
                                              0.653048   data required time
---------------------------------------------------------------------------------------------
                                              0.653048   data required time
                                             -1.045863   data arrival time
---------------------------------------------------------------------------------------------
                                              0.392815   slack (MET)


Startpoint: _71_ (rising edge-triggered flip-flop clocked by clk_i)
Endpoint: _72_ (rising edge-triggered flip-flop clocked by clk_i)
Path Group: clk_i
Path Type: min

Fanout         Cap        Slew       Delay        Time   Description
---------------------------------------------------------------------------------------------
                                  0.000000    0.000000   clock clk_i (rise edge)
                                  0.000000    0.000000   clock source latency
     1    0.027177    0.094246    0.046455    0.046455 ^ clk_i (in)
                                                         clk_i (net)
                      0.094248    0.000000    0.046455 ^ clkbuf_0_clk_i/I (gf180mcu_fd_sc_mcu7t5v0__clkbuf_16)
     2    0.047289    0.072181    0.161682    0.208137 ^ clkbuf_0_clk_i/Z (gf180mcu_fd_sc_mcu7t5v0__clkbuf_16)
                                                         clknet_0_clk_i (net)
                      0.072181    0.000310    0.208447 ^ clkbuf_1_0__f_clk_i/I (gf180mcu_fd_sc_mcu7t5v0__clkbuf_16)
     5    0.022670    0.057973    0.146244    0.354691 ^ clkbuf_1_0__f_clk_i/Z (gf180mcu_fd_sc_mcu7t5v0__clkbuf_16)
                                                         clknet_1_0__leaf_clk_i (net)
                      0.057973    0.000357    0.355047 ^ _71_/CLK (gf180mcu_fd_sc_mcu7t5v0__dffq_1)
     4    0.020482    0.162205    0.474791    0.829838 v _71_/Q (gf180mcu_fd_sc_mcu7t5v0__dffq_1)
                                                         net6 (net)
                      0.162206    0.000282    0.830120 v _54_/A1 (gf180mcu_fd_sc_mcu7t5v0__aoi21_1)
     1    0.005142    0.172384    0.143862    0.973982 ^ _54_/ZN (gf180mcu_fd_sc_mcu7t5v0__aoi21_1)
                                                         _25_ (net)
                      0.172384    0.000099    0.974081 ^ _56_/A2 (gf180mcu_fd_sc_mcu7t5v0__nor3_1)
     1    0.004115    0.125765    0.108181    1.082262 v _56_/ZN (gf180mcu_fd_sc_mcu7t5v0__nor3_1)
                                                         _04_ (net)
                      0.125765    0.000046    1.082308 v _72_/D (gf180mcu_fd_sc_mcu7t5v0__dffq_1)
                                              1.082308   data arrival time

                                  0.000000    0.000000   clock clk_i (rise edge)
                                  0.000000    0.000000   clock source latency
     1    0.027177    0.094246    0.046455    0.046455 ^ clk_i (in)
                                                         clk_i (net)
                      0.094248    0.000000    0.046455 ^ clkbuf_0_clk_i/I (gf180mcu_fd_sc_mcu7t5v0__clkbuf_16)
     2    0.047289    0.072181    0.161682    0.208137 ^ clkbuf_0_clk_i/Z (gf180mcu_fd_sc_mcu7t5v0__clkbuf_16)
                                                         clknet_0_clk_i (net)
                      0.072181    0.000310    0.208447 ^ clkbuf_1_0__f_clk_i/I (gf180mcu_fd_sc_mcu7t5v0__clkbuf_16)
     5    0.022670    0.057973    0.146244    0.354691 ^ clkbuf_1_0__f_clk_i/Z (gf180mcu_fd_sc_mcu7t5v0__clkbuf_16)
                                                         clknet_1_0__leaf_clk_i (net)
                      0.057973    0.000228    0.354919 ^ _72_/CLK (gf180mcu_fd_sc_mcu7t5v0__dffq_1)
                                  0.250000    0.604919   clock uncertainty
                                  0.000000    0.604919   clock reconvergence pessimism
                                  0.046746    0.651665   library hold time
                                              0.651665   data required time
---------------------------------------------------------------------------------------------
                                              0.651665   data required time
                                             -1.082308   data arrival time
---------------------------------------------------------------------------------------------
                                              0.430643   slack (MET)


Startpoint: _75_ (rising edge-triggered flip-flop clocked by clk_i)
Endpoint: _75_ (rising edge-triggered flip-flop clocked by clk_i)
Path Group: clk_i
Path Type: min

Fanout         Cap        Slew       Delay        Time   Description
---------------------------------------------------------------------------------------------
                                  0.000000    0.000000   clock clk_i (rise edge)
                                  0.000000    0.000000   clock source latency
     1    0.027177    0.094246    0.046455    0.046455 ^ clk_i (in)
                                                         clk_i (net)
                      0.094248    0.000000    0.046455 ^ clkbuf_0_clk_i/I (gf180mcu_fd_sc_mcu7t5v0__clkbuf_16)
     2    0.047289    0.072181    0.161682    0.208137 ^ clkbuf_0_clk_i/Z (gf180mcu_fd_sc_mcu7t5v0__clkbuf_16)
                                                         clknet_0_clk_i (net)
                      0.072181    0.000262    0.208400 ^ clkbuf_1_1__f_clk_i/I (gf180mcu_fd_sc_mcu7t5v0__clkbuf_16)
     5    0.021248    0.057126    0.145438    0.353838 ^ clkbuf_1_1__f_clk_i/Z (gf180mcu_fd_sc_mcu7t5v0__clkbuf_16)
                                                         clknet_1_1__leaf_clk_i (net)
                      0.057127    0.000115    0.353953 ^ _75_/CLK (gf180mcu_fd_sc_mcu7t5v0__dffq_1)
     2    0.008735    0.095848    0.423360    0.777313 v _75_/Q (gf180mcu_fd_sc_mcu7t5v0__dffq_1)
                                                         net10 (net)
                      0.095848    0.000110    0.777422 v _34_/I (gf180mcu_fd_sc_mcu7t5v0__clkinv_1)
     2    0.010262    0.138449    0.108631    0.886053 ^ _34_/ZN (gf180mcu_fd_sc_mcu7t5v0__clkinv_1)
                                                         _09_ (net)
                      0.138449    0.000202    0.886255 ^ _63_/B (gf180mcu_fd_sc_mcu7t5v0__oai31_1)
     1    0.004793    0.105343    0.088690    0.974945 v _63_/ZN (gf180mcu_fd_sc_mcu7t5v0__oai31_1)
                                                         _31_ (net)
                      0.105343    0.000059    0.975004 v _65_/A2 (gf180mcu_fd_sc_mcu7t5v0__and3_1)
     1    0.003053    0.078157    0.198842    1.173846 v _65_/Z (gf180mcu_fd_sc_mcu7t5v0__and3_1)
                                                         _07_ (net)
                      0.078157    0.000030    1.173876 v _75_/D (gf180mcu_fd_sc_mcu7t5v0__dffq_1)
                                              1.173876   data arrival time

                                  0.000000    0.000000   clock clk_i (rise edge)
                                  0.000000    0.000000   clock source latency
     1    0.027177    0.094246    0.046455    0.046455 ^ clk_i (in)
                                                         clk_i (net)
                      0.094248    0.000000    0.046455 ^ clkbuf_0_clk_i/I (gf180mcu_fd_sc_mcu7t5v0__clkbuf_16)
     2    0.047289    0.072181    0.161682    0.208137 ^ clkbuf_0_clk_i/Z (gf180mcu_fd_sc_mcu7t5v0__clkbuf_16)
                                                         clknet_0_clk_i (net)
                      0.072181    0.000262    0.208400 ^ clkbuf_1_1__f_clk_i/I (gf180mcu_fd_sc_mcu7t5v0__clkbuf_16)
     5    0.021248    0.057126    0.145438    0.353838 ^ clkbuf_1_1__f_clk_i/Z (gf180mcu_fd_sc_mcu7t5v0__clkbuf_16)
                                                         clknet_1_1__leaf_clk_i (net)
                      0.057127    0.000115    0.353953 ^ _75_/CLK (gf180mcu_fd_sc_mcu7t5v0__dffq_1)
                                  0.250000    0.603953   clock uncertainty
                                  0.000000    0.603953   clock reconvergence pessimism
                                  0.059222    0.663175   library hold time
                                              0.663175   data required time
---------------------------------------------------------------------------------------------
                                              0.663175   data required time
                                             -1.173876   data arrival time
---------------------------------------------------------------------------------------------
                                              0.510701   slack (MET)


Startpoint: _73_ (rising edge-triggered flip-flop clocked by clk_i)
Endpoint: _73_ (rising edge-triggered flip-flop clocked by clk_i)
Path Group: clk_i
Path Type: min

Fanout         Cap        Slew       Delay        Time   Description
---------------------------------------------------------------------------------------------
                                  0.000000    0.000000   clock clk_i (rise edge)
                                  0.000000    0.000000   clock source latency
     1    0.027177    0.094246    0.046455    0.046455 ^ clk_i (in)
                                                         clk_i (net)
                      0.094248    0.000000    0.046455 ^ clkbuf_0_clk_i/I (gf180mcu_fd_sc_mcu7t5v0__clkbuf_16)
     2    0.047289    0.072181    0.161682    0.208137 ^ clkbuf_0_clk_i/Z (gf180mcu_fd_sc_mcu7t5v0__clkbuf_16)
                                                         clknet_0_clk_i (net)
                      0.072181    0.000310    0.208447 ^ clkbuf_1_0__f_clk_i/I (gf180mcu_fd_sc_mcu7t5v0__clkbuf_16)
     5    0.022670    0.057973    0.146244    0.354691 ^ clkbuf_1_0__f_clk_i/Z (gf180mcu_fd_sc_mcu7t5v0__clkbuf_16)
                                                         clknet_1_0__leaf_clk_i (net)
                      0.057973    0.000040    0.354731 ^ _73_/CLK (gf180mcu_fd_sc_mcu7t5v0__dffq_1)
     4    0.022571    0.174537    0.483307    0.838038 v _73_/Q (gf180mcu_fd_sc_mcu7t5v0__dffq_1)
                                                         net8 (net)
                      0.174538    0.000311    0.838350 v _36_/I (gf180mcu_fd_sc_mcu7t5v0__clkinv_1)
     1    0.004792    0.102942    0.091742    0.930091 ^ _36_/ZN (gf180mcu_fd_sc_mcu7t5v0__clkinv_1)
                                                         _11_ (net)
                      0.102942    0.000045    0.930136 ^ _57_/B (gf180mcu_fd_sc_mcu7t5v0__oai31_1)
     1    0.003340    0.087282    0.078567    1.008703 v _57_/ZN (gf180mcu_fd_sc_mcu7t5v0__oai31_1)
                                                         _27_ (net)
                      0.087282    0.000033    1.008736 v _59_/A2 (gf180mcu_fd_sc_mcu7t5v0__and3_1)
     1    0.004055    0.084137    0.200160    1.208896 v _59_/Z (gf180mcu_fd_sc_mcu7t5v0__and3_1)
                                                         _05_ (net)
                      0.084137    0.000046    1.208942 v _73_/D (gf180mcu_fd_sc_mcu7t5v0__dffq_1)
                                              1.208942   data arrival time

                                  0.000000    0.000000   clock clk_i (rise edge)
                                  0.000000    0.000000   clock source latency
     1    0.027177    0.094246    0.046455    0.046455 ^ clk_i (in)
                                                         clk_i (net)
                      0.094248    0.000000    0.046455 ^ clkbuf_0_clk_i/I (gf180mcu_fd_sc_mcu7t5v0__clkbuf_16)
     2    0.047289    0.072181    0.161682    0.208137 ^ clkbuf_0_clk_i/Z (gf180mcu_fd_sc_mcu7t5v0__clkbuf_16)
                                                         clknet_0_clk_i (net)
                      0.072181    0.000310    0.208447 ^ clkbuf_1_0__f_clk_i/I (gf180mcu_fd_sc_mcu7t5v0__clkbuf_16)
     5    0.022670    0.057973    0.146244    0.354691 ^ clkbuf_1_0__f_clk_i/Z (gf180mcu_fd_sc_mcu7t5v0__clkbuf_16)
                                                         clknet_1_0__leaf_clk_i (net)
                      0.057973    0.000040    0.354731 ^ _73_/CLK (gf180mcu_fd_sc_mcu7t5v0__dffq_1)
                                  0.250000    0.604731   clock uncertainty
                                  0.000000    0.604731   clock reconvergence pessimism
                                  0.058063    0.662795   library hold time
                                              0.662795   data required time
---------------------------------------------------------------------------------------------
                                              0.662795   data required time
                                             -1.208942   data arrival time
---------------------------------------------------------------------------------------------
                                              0.546147   slack (MET)


Startpoint: _71_ (rising edge-triggered flip-flop clocked by clk_i)
Endpoint: _71_ (rising edge-triggered flip-flop clocked by clk_i)
Path Group: clk_i
Path Type: min

Fanout         Cap        Slew       Delay        Time   Description
---------------------------------------------------------------------------------------------
                                  0.000000    0.000000   clock clk_i (rise edge)
                                  0.000000    0.000000   clock source latency
     1    0.027177    0.094246    0.046455    0.046455 ^ clk_i (in)
                                                         clk_i (net)
                      0.094248    0.000000    0.046455 ^ clkbuf_0_clk_i/I (gf180mcu_fd_sc_mcu7t5v0__clkbuf_16)
     2    0.047289    0.072181    0.161682    0.208137 ^ clkbuf_0_clk_i/Z (gf180mcu_fd_sc_mcu7t5v0__clkbuf_16)
                                                         clknet_0_clk_i (net)
                      0.072181    0.000310    0.208447 ^ clkbuf_1_0__f_clk_i/I (gf180mcu_fd_sc_mcu7t5v0__clkbuf_16)
     5    0.022670    0.057973    0.146244    0.354691 ^ clkbuf_1_0__f_clk_i/Z (gf180mcu_fd_sc_mcu7t5v0__clkbuf_16)
                                                         clknet_1_0__leaf_clk_i (net)
                      0.057973    0.000357    0.355047 ^ _71_/CLK (gf180mcu_fd_sc_mcu7t5v0__dffq_1)
     4    0.020482    0.162205    0.474791    0.829838 v _71_/Q (gf180mcu_fd_sc_mcu7t5v0__dffq_1)
                                                         net6 (net)
                      0.162205    0.000259    0.830097 v _38_/I (gf180mcu_fd_sc_mcu7t5v0__clkinv_1)
     7    0.038746    0.439689    0.303597    1.133695 ^ _38_/ZN (gf180mcu_fd_sc_mcu7t5v0__clkinv_1)
                                                         _13_ (net)
                      0.439689    0.000431    1.134125 ^ _53_/A1 (gf180mcu_fd_sc_mcu7t5v0__aoi21_1)
     1    0.002927    0.127458    0.067070    1.201195 v _53_/ZN (gf180mcu_fd_sc_mcu7t5v0__aoi21_1)
                                                         _03_ (net)
                      0.127458    0.000029    1.201224 v _71_/D (gf180mcu_fd_sc_mcu7t5v0__dffq_1)
                                              1.201224   data arrival time

                                  0.000000    0.000000   clock clk_i (rise edge)
                                  0.000000    0.000000   clock source latency
     1    0.027177    0.094246    0.046455    0.046455 ^ clk_i (in)
                                                         clk_i (net)
                      0.094248    0.000000    0.046455 ^ clkbuf_0_clk_i/I (gf180mcu_fd_sc_mcu7t5v0__clkbuf_16)
     2    0.047289    0.072181    0.161682    0.208137 ^ clkbuf_0_clk_i/Z (gf180mcu_fd_sc_mcu7t5v0__clkbuf_16)
                                                         clknet_0_clk_i (net)
                      0.072181    0.000310    0.208447 ^ clkbuf_1_0__f_clk_i/I (gf180mcu_fd_sc_mcu7t5v0__clkbuf_16)
     5    0.022670    0.057973    0.146244    0.354691 ^ clkbuf_1_0__f_clk_i/Z (gf180mcu_fd_sc_mcu7t5v0__clkbuf_16)
                                                         clknet_1_0__leaf_clk_i (net)
                      0.057973    0.000357    0.355047 ^ _71_/CLK (gf180mcu_fd_sc_mcu7t5v0__dffq_1)
                                  0.250000    0.605047   clock uncertainty
                                  0.000000    0.605047   clock reconvergence pessimism
                                  0.046228    0.651276   library hold time
                                              0.651276   data required time
---------------------------------------------------------------------------------------------
                                              0.651276   data required time
                                             -1.201224   data arrival time
---------------------------------------------------------------------------------------------
                                              0.549949   slack (MET)


Startpoint: _75_ (rising edge-triggered flip-flop clocked by clk_i)
Endpoint: count_o[7] (output port clocked by clk_i)
Path Group: clk_i
Path Type: min

Fanout         Cap        Slew       Delay        Time   Description
---------------------------------------------------------------------------------------------
                                  0.000000    0.000000   clock clk_i (rise edge)
                                  0.000000    0.000000   clock source latency
     1    0.027177    0.094246    0.046455    0.046455 ^ clk_i (in)
                                                         clk_i (net)
                      0.094248    0.000000    0.046455 ^ clkbuf_0_clk_i/I (gf180mcu_fd_sc_mcu7t5v0__clkbuf_16)
     2    0.047289    0.072181    0.161682    0.208137 ^ clkbuf_0_clk_i/Z (gf180mcu_fd_sc_mcu7t5v0__clkbuf_16)
                                                         clknet_0_clk_i (net)
                      0.072181    0.000262    0.208400 ^ clkbuf_1_1__f_clk_i/I (gf180mcu_fd_sc_mcu7t5v0__clkbuf_16)
     5    0.021248    0.057126    0.145438    0.353838 ^ clkbuf_1_1__f_clk_i/Z (gf180mcu_fd_sc_mcu7t5v0__clkbuf_16)
                                                         clknet_1_1__leaf_clk_i (net)
                      0.057127    0.000115    0.353953 ^ _75_/CLK (gf180mcu_fd_sc_mcu7t5v0__dffq_1)
     2    0.008735    0.095848    0.423360    0.777313 v _75_/Q (gf180mcu_fd_sc_mcu7t5v0__dffq_1)
                                                         net10 (net)
                      0.095848    0.000096    0.777408 v output10/I (gf180mcu_fd_sc_mcu7t5v0__dlyb_1)
     1    0.073708    0.527501    0.913854    1.691262 v output10/Z (gf180mcu_fd_sc_mcu7t5v0__dlyb_1)
                                                         count_o[7] (net)
                      0.527505    0.000846    1.692109 v count_o[7] (out)
                                              1.692109   data arrival time

                                  0.000000    0.000000   clock clk_i (rise edge)
                                  0.000000    0.000000   clock network delay (propagated)
                                  0.250000    0.250000   clock uncertainty
                                  0.000000    0.250000   clock reconvergence pessimism
                                 -5.000000   -4.750000   output external delay
                                             -4.750000   data required time
---------------------------------------------------------------------------------------------
                                             -4.750000   data required time
                                             -1.692109   data arrival time
---------------------------------------------------------------------------------------------
                                              6.442108   slack (MET)


Startpoint: _76_ (rising edge-triggered flip-flop clocked by clk_i)
Endpoint: ovf_o (output port clocked by clk_i)
Path Group: clk_i
Path Type: min

Fanout         Cap        Slew       Delay        Time   Description
---------------------------------------------------------------------------------------------
                                  0.000000    0.000000   clock clk_i (rise edge)
                                  0.000000    0.000000   clock source latency
     1    0.027177    0.094246    0.046455    0.046455 ^ clk_i (in)
                                                         clk_i (net)
                      0.094248    0.000000    0.046455 ^ clkbuf_0_clk_i/I (gf180mcu_fd_sc_mcu7t5v0__clkbuf_16)
     2    0.047289    0.072181    0.161682    0.208137 ^ clkbuf_0_clk_i/Z (gf180mcu_fd_sc_mcu7t5v0__clkbuf_16)
                                                         clknet_0_clk_i (net)
                      0.072181    0.000262    0.208400 ^ clkbuf_1_1__f_clk_i/I (gf180mcu_fd_sc_mcu7t5v0__clkbuf_16)
     5    0.021248    0.057126    0.145438    0.353838 ^ clkbuf_1_1__f_clk_i/Z (gf180mcu_fd_sc_mcu7t5v0__clkbuf_16)
                                                         clknet_1_1__leaf_clk_i (net)
                      0.057127    0.000340    0.354178 ^ _76_/CLK (gf180mcu_fd_sc_mcu7t5v0__dffq_1)
     2    0.009330    0.099155    0.426003    0.780181 v _76_/Q (gf180mcu_fd_sc_mcu7t5v0__dffq_1)
                                                         net11 (net)
                      0.099155    0.000071    0.780252 v output11/I (gf180mcu_fd_sc_mcu7t5v0__dlyb_1)
     1    0.073518    0.526389    0.914393    1.694645 v output11/Z (gf180mcu_fd_sc_mcu7t5v0__dlyb_1)
                                                         ovf_o (net)
                      0.526389    0.000471    1.695116 v ovf_o (out)
                                              1.695116   data arrival time

                                  0.000000    0.000000   clock clk_i (rise edge)
                                  0.000000    0.000000   clock network delay (propagated)
                                  0.250000    0.250000   clock uncertainty
                                  0.000000    0.250000   clock reconvergence pessimism
                                 -5.000000   -4.750000   output external delay
                                             -4.750000   data required time
---------------------------------------------------------------------------------------------
                                             -4.750000   data required time
                                             -1.695116   data arrival time
---------------------------------------------------------------------------------------------
                                              6.445116   slack (MET)


Startpoint: _74_ (rising edge-triggered flip-flop clocked by clk_i)
Endpoint: count_o[6] (output port clocked by clk_i)
Path Group: clk_i
Path Type: min

Fanout         Cap        Slew       Delay        Time   Description
---------------------------------------------------------------------------------------------
                                  0.000000    0.000000   clock clk_i (rise edge)
                                  0.000000    0.000000   clock source latency
     1    0.027177    0.094246    0.046455    0.046455 ^ clk_i (in)
                                                         clk_i (net)
                      0.094248    0.000000    0.046455 ^ clkbuf_0_clk_i/I (gf180mcu_fd_sc_mcu7t5v0__clkbuf_16)
     2    0.047289    0.072181    0.161682    0.208137 ^ clkbuf_0_clk_i/Z (gf180mcu_fd_sc_mcu7t5v0__clkbuf_16)
                                                         clknet_0_clk_i (net)
                      0.072181    0.000310    0.208447 ^ clkbuf_1_0__f_clk_i/I (gf180mcu_fd_sc_mcu7t5v0__clkbuf_16)
     5    0.022670    0.057973    0.146244    0.354691 ^ clkbuf_1_0__f_clk_i/Z (gf180mcu_fd_sc_mcu7t5v0__clkbuf_16)
                                                         clknet_1_0__leaf_clk_i (net)
                      0.057973    0.000084    0.354775 ^ _74_/CLK (gf180mcu_fd_sc_mcu7t5v0__dffq_1)
     3    0.013423    0.121928    0.444191    0.798966 v _74_/Q (gf180mcu_fd_sc_mcu7t5v0__dffq_1)
                                                         net9 (net)
                      0.121928    0.000108    0.799074 v output9/I (gf180mcu_fd_sc_mcu7t5v0__dlyb_1)
     1    0.073530    0.526462    0.922313    1.721387 v output9/Z (gf180mcu_fd_sc_mcu7t5v0__dlyb_1)
                                                         count_o[6] (net)
                      0.526466    0.000801    1.722187 v count_o[6] (out)
                                              1.722187   data arrival time

                                  0.000000    0.000000   clock clk_i (rise edge)
                                  0.000000    0.000000   clock network delay (propagated)
                                  0.250000    0.250000   clock uncertainty
                                  0.000000    0.250000   clock reconvergence pessimism
                                 -5.000000   -4.750000   output external delay
                                             -4.750000   data required time
---------------------------------------------------------------------------------------------
                                             -4.750000   data required time
                                             -1.722187   data arrival time
---------------------------------------------------------------------------------------------
                                              6.472188   slack (MET)


Startpoint: _70_ (rising edge-triggered flip-flop clocked by clk_i)
Endpoint: count_o[2] (output port clocked by clk_i)
Path Group: clk_i
Path Type: min

Fanout         Cap        Slew       Delay        Time   Description
---------------------------------------------------------------------------------------------
                                  0.000000    0.000000   clock clk_i (rise edge)
                                  0.000000    0.000000   clock source latency
     1    0.027177    0.094246    0.046455    0.046455 ^ clk_i (in)
                                                         clk_i (net)
                      0.094248    0.000000    0.046455 ^ clkbuf_0_clk_i/I (gf180mcu_fd_sc_mcu7t5v0__clkbuf_16)
     2    0.047289    0.072181    0.161682    0.208137 ^ clkbuf_0_clk_i/Z (gf180mcu_fd_sc_mcu7t5v0__clkbuf_16)
                                                         clknet_0_clk_i (net)
                      0.072181    0.000310    0.208447 ^ clkbuf_1_0__f_clk_i/I (gf180mcu_fd_sc_mcu7t5v0__clkbuf_16)
     5    0.022670    0.057973    0.146244    0.354691 ^ clkbuf_1_0__f_clk_i/Z (gf180mcu_fd_sc_mcu7t5v0__clkbuf_16)
                                                         clknet_1_0__leaf_clk_i (net)
                      0.057973    0.000374    0.355064 ^ _70_/CLK (gf180mcu_fd_sc_mcu7t5v0__dffq_1)
     4    0.015708    0.134671    0.454297    0.809361 v _70_/Q (gf180mcu_fd_sc_mcu7t5v0__dffq_1)
                                                         net5 (net)
                      0.134672    0.000166    0.809527 v output5/I (gf180mcu_fd_sc_mcu7t5v0__dlyb_1)
     1    0.073489    0.526229    0.926746    1.736272 v output5/Z (gf180mcu_fd_sc_mcu7t5v0__dlyb_1)
                                                         count_o[2] (net)
                      0.526233    0.000789    1.737062 v count_o[2] (out)
                                              1.737062   data arrival time

                                  0.000000    0.000000   clock clk_i (rise edge)
                                  0.000000    0.000000   clock network delay (propagated)
                                  0.250000    0.250000   clock uncertainty
                                  0.000000    0.250000   clock reconvergence pessimism
                                 -5.000000   -4.750000   output external delay
                                             -4.750000   data required time
---------------------------------------------------------------------------------------------
                                             -4.750000   data required time
                                             -1.737062   data arrival time
---------------------------------------------------------------------------------------------
                                              6.487062   slack (MET)


Startpoint: _71_ (rising edge-triggered flip-flop clocked by clk_i)
Endpoint: count_o[3] (output port clocked by clk_i)
Path Group: clk_i
Path Type: min

Fanout         Cap        Slew       Delay        Time   Description
---------------------------------------------------------------------------------------------
                                  0.000000    0.000000   clock clk_i (rise edge)
                                  0.000000    0.000000   clock source latency
     1    0.027177    0.094246    0.046455    0.046455 ^ clk_i (in)
                                                         clk_i (net)
                      0.094248    0.000000    0.046455 ^ clkbuf_0_clk_i/I (gf180mcu_fd_sc_mcu7t5v0__clkbuf_16)
     2    0.047289    0.072181    0.161682    0.208137 ^ clkbuf_0_clk_i/Z (gf180mcu_fd_sc_mcu7t5v0__clkbuf_16)
                                                         clknet_0_clk_i (net)
                      0.072181    0.000310    0.208447 ^ clkbuf_1_0__f_clk_i/I (gf180mcu_fd_sc_mcu7t5v0__clkbuf_16)
     5    0.022670    0.057973    0.146244    0.354691 ^ clkbuf_1_0__f_clk_i/Z (gf180mcu_fd_sc_mcu7t5v0__clkbuf_16)
                                                         clknet_1_0__leaf_clk_i (net)
                      0.057973    0.000357    0.355047 ^ _71_/CLK (gf180mcu_fd_sc_mcu7t5v0__dffq_1)
     4    0.020482    0.162205    0.474791    0.829838 v _71_/Q (gf180mcu_fd_sc_mcu7t5v0__dffq_1)
                                                         net6 (net)
                      0.162206    0.000267    0.830105 v output6/I (gf180mcu_fd_sc_mcu7t5v0__dlyb_1)
     1    0.073718    0.527646    0.937597    1.767702 v output6/Z (gf180mcu_fd_sc_mcu7t5v0__dlyb_1)
                                                         count_o[3] (net)
                      0.527649    0.000814    1.768516 v count_o[3] (out)
                                              1.768516   data arrival time

                                  0.000000    0.000000   clock clk_i (rise edge)
                                  0.000000    0.000000   clock network delay (propagated)
                                  0.250000    0.250000   clock uncertainty
                                  0.000000    0.250000   clock reconvergence pessimism
                                 -5.000000   -4.750000   output external delay
                                             -4.750000   data required time
---------------------------------------------------------------------------------------------
                                             -4.750000   data required time
                                             -1.768516   data arrival time
---------------------------------------------------------------------------------------------
                                              6.518516   slack (MET)


Startpoint: _69_ (rising edge-triggered flip-flop clocked by clk_i)
Endpoint: count_o[1] (output port clocked by clk_i)
Path Group: clk_i
Path Type: min

Fanout         Cap        Slew       Delay        Time   Description
---------------------------------------------------------------------------------------------
                                  0.000000    0.000000   clock clk_i (rise edge)
                                  0.000000    0.000000   clock source latency
     1    0.027177    0.094246    0.046455    0.046455 ^ clk_i (in)
                                                         clk_i (net)
                      0.094248    0.000000    0.046455 ^ clkbuf_0_clk_i/I (gf180mcu_fd_sc_mcu7t5v0__clkbuf_16)
     2    0.047289    0.072181    0.161682    0.208137 ^ clkbuf_0_clk_i/Z (gf180mcu_fd_sc_mcu7t5v0__clkbuf_16)
                                                         clknet_0_clk_i (net)
                      0.072181    0.000262    0.208400 ^ clkbuf_1_1__f_clk_i/I (gf180mcu_fd_sc_mcu7t5v0__clkbuf_16)
     5    0.021248    0.057126    0.145438    0.353838 ^ clkbuf_1_1__f_clk_i/Z (gf180mcu_fd_sc_mcu7t5v0__clkbuf_16)
                                                         clknet_1_1__leaf_clk_i (net)
                      0.057127    0.000423    0.354261 ^ _69_/CLK (gf180mcu_fd_sc_mcu7t5v0__dffq_1)
     5    0.021799    0.169930    0.479921    0.834182 v _69_/Q (gf180mcu_fd_sc_mcu7t5v0__dffq_1)
                                                         net4 (net)
                      0.169930    0.000253    0.834435 v output4/I (gf180mcu_fd_sc_mcu7t5v0__dlyb_1)
     1    0.074080    0.529824    0.941793    1.776228 v output4/Z (gf180mcu_fd_sc_mcu7t5v0__dlyb_1)
                                                         count_o[1] (net)
                      0.529829    0.000907    1.777135 v count_o[1] (out)
                                              1.777135   data arrival time

                                  0.000000    0.000000   clock clk_i (rise edge)
                                  0.000000    0.000000   clock network delay (propagated)
                                  0.250000    0.250000   clock uncertainty
                                  0.000000    0.250000   clock reconvergence pessimism
                                 -5.000000   -4.750000   output external delay
                                             -4.750000   data required time
---------------------------------------------------------------------------------------------
                                             -4.750000   data required time
                                             -1.777135   data arrival time
---------------------------------------------------------------------------------------------
                                              6.527135   slack (MET)


Startpoint: _73_ (rising edge-triggered flip-flop clocked by clk_i)
Endpoint: count_o[5] (output port clocked by clk_i)
Path Group: clk_i
Path Type: min

Fanout         Cap        Slew       Delay        Time   Description
---------------------------------------------------------------------------------------------
                                  0.000000    0.000000   clock clk_i (rise edge)
                                  0.000000    0.000000   clock source latency
     1    0.027177    0.094246    0.046455    0.046455 ^ clk_i (in)
                                                         clk_i (net)
                      0.094248    0.000000    0.046455 ^ clkbuf_0_clk_i/I (gf180mcu_fd_sc_mcu7t5v0__clkbuf_16)
     2    0.047289    0.072181    0.161682    0.208137 ^ clkbuf_0_clk_i/Z (gf180mcu_fd_sc_mcu7t5v0__clkbuf_16)
                                                         clknet_0_clk_i (net)
                      0.072181    0.000310    0.208447 ^ clkbuf_1_0__f_clk_i/I (gf180mcu_fd_sc_mcu7t5v0__clkbuf_16)
     5    0.022670    0.057973    0.146244    0.354691 ^ clkbuf_1_0__f_clk_i/Z (gf180mcu_fd_sc_mcu7t5v0__clkbuf_16)
                                                         clknet_1_0__leaf_clk_i (net)
                      0.057973    0.000040    0.354731 ^ _73_/CLK (gf180mcu_fd_sc_mcu7t5v0__dffq_1)
     4    0.022571    0.174537    0.483307    0.838038 v _73_/Q (gf180mcu_fd_sc_mcu7t5v0__dffq_1)
                                                         net8 (net)
                      0.174537    0.000168    0.838206 v output8/I (gf180mcu_fd_sc_mcu7t5v0__dlyb_1)
     1    0.073522    0.526514    0.941525    1.779732 v output8/Z (gf180mcu_fd_sc_mcu7t5v0__dlyb_1)
                                                         count_o[5] (net)
                      0.526514    0.000472    1.780203 v count_o[5] (out)
                                              1.780203   data arrival time

                                  0.000000    0.000000   clock clk_i (rise edge)
                                  0.000000    0.000000   clock network delay (propagated)
                                  0.250000    0.250000   clock uncertainty
                                  0.000000    0.250000   clock reconvergence pessimism
                                 -5.000000   -4.750000   output external delay
                                             -4.750000   data required time
---------------------------------------------------------------------------------------------
                                             -4.750000   data required time
                                             -1.780203   data arrival time
---------------------------------------------------------------------------------------------
                                              6.530203   slack (MET)


Startpoint: _72_ (rising edge-triggered flip-flop clocked by clk_i)
Endpoint: count_o[4] (output port clocked by clk_i)
Path Group: clk_i
Path Type: min

Fanout         Cap        Slew       Delay        Time   Description
---------------------------------------------------------------------------------------------
                                  0.000000    0.000000   clock clk_i (rise edge)
                                  0.000000    0.000000   clock source latency
     1    0.027177    0.094246    0.046455    0.046455 ^ clk_i (in)
                                                         clk_i (net)
                      0.094248    0.000000    0.046455 ^ clkbuf_0_clk_i/I (gf180mcu_fd_sc_mcu7t5v0__clkbuf_16)
     2    0.047289    0.072181    0.161682    0.208137 ^ clkbuf_0_clk_i/Z (gf180mcu_fd_sc_mcu7t5v0__clkbuf_16)
                                                         clknet_0_clk_i (net)
                      0.072181    0.000310    0.208447 ^ clkbuf_1_0__f_clk_i/I (gf180mcu_fd_sc_mcu7t5v0__clkbuf_16)
     5    0.022670    0.057973    0.146244    0.354691 ^ clkbuf_1_0__f_clk_i/Z (gf180mcu_fd_sc_mcu7t5v0__clkbuf_16)
                                                         clknet_1_0__leaf_clk_i (net)
                      0.057973    0.000228    0.354919 ^ _72_/CLK (gf180mcu_fd_sc_mcu7t5v0__dffq_1)
     5    0.026292    0.196628    0.498327    0.853245 v _72_/Q (gf180mcu_fd_sc_mcu7t5v0__dffq_1)
                                                         net7 (net)
                      0.196628    0.000142    0.853387 v output7/I (gf180mcu_fd_sc_mcu7t5v0__dlyb_1)
     1    0.073835    0.528423    0.950722    1.804109 v output7/Z (gf180mcu_fd_sc_mcu7t5v0__dlyb_1)
                                                         count_o[4] (net)
                      0.528424    0.000539    1.804649 v count_o[4] (out)
                                              1.804649   data arrival time

                                  0.000000    0.000000   clock clk_i (rise edge)
                                  0.000000    0.000000   clock network delay (propagated)
                                  0.250000    0.250000   clock uncertainty
                                  0.000000    0.250000   clock reconvergence pessimism
                                 -5.000000   -4.750000   output external delay
                                             -4.750000   data required time
---------------------------------------------------------------------------------------------
                                             -4.750000   data required time
                                             -1.804649   data arrival time
---------------------------------------------------------------------------------------------
                                              6.554648   slack (MET)


Startpoint: _68_ (rising edge-triggered flip-flop clocked by clk_i)
Endpoint: count_o[0] (output port clocked by clk_i)
Path Group: clk_i
Path Type: min

Fanout         Cap        Slew       Delay        Time   Description
---------------------------------------------------------------------------------------------
                                  0.000000    0.000000   clock clk_i (rise edge)
                                  0.000000    0.000000   clock source latency
     1    0.027177    0.094246    0.046455    0.046455 ^ clk_i (in)
                                                         clk_i (net)
                      0.094248    0.000000    0.046455 ^ clkbuf_0_clk_i/I (gf180mcu_fd_sc_mcu7t5v0__clkbuf_16)
     2    0.047289    0.072181    0.161682    0.208137 ^ clkbuf_0_clk_i/Z (gf180mcu_fd_sc_mcu7t5v0__clkbuf_16)
                                                         clknet_0_clk_i (net)
                      0.072181    0.000262    0.208400 ^ clkbuf_1_1__f_clk_i/I (gf180mcu_fd_sc_mcu7t5v0__clkbuf_16)
     5    0.021248    0.057126    0.145438    0.353838 ^ clkbuf_1_1__f_clk_i/Z (gf180mcu_fd_sc_mcu7t5v0__clkbuf_16)
                                                         clknet_1_1__leaf_clk_i (net)
                      0.057127    0.000325    0.354163 ^ _68_/CLK (gf180mcu_fd_sc_mcu7t5v0__dffq_1)
     7    0.034524    0.246117    0.531710    0.885873 v _68_/Q (gf180mcu_fd_sc_mcu7t5v0__dffq_1)
                                                         net3 (net)
                      0.246119    0.000432    0.886305 v output3/I (gf180mcu_fd_sc_mcu7t5v0__dlyb_1)
     1    0.074500    0.532395    0.971036    1.857341 v output3/Z (gf180mcu_fd_sc_mcu7t5v0__dlyb_1)
                                                         count_o[0] (net)
                      0.532401    0.001025    1.858366 v count_o[0] (out)
                                              1.858366   data arrival time

                                  0.000000    0.000000   clock clk_i (rise edge)
                                  0.000000    0.000000   clock network delay (propagated)
                                  0.250000    0.250000   clock uncertainty
                                  0.000000    0.250000   clock reconvergence pessimism
                                 -5.000000   -4.750000   output external delay
                                             -4.750000   data required time
---------------------------------------------------------------------------------------------
                                             -4.750000   data required time
                                             -1.858366   data arrival time
---------------------------------------------------------------------------------------------
                                              6.608366   slack (MET)



