Clock: clk_i
Sources: clk_i 
Generated: no
Virtual: yes
Propagated: no
Period: 25.000000

===========================================================================
report_clock_properties
============================================================================
Clock                   Period          Waveform
----------------------------------------------------
clk_i                25.000000    0.000000 12.500000

===========================================================================
report_clock_latency
============================================================================
Clock clk_i
rise -> rise
    min     max
0.000000 0.000000 source latency
0.357122         network latency _73_/CLK
        0.357914 network latency _68_/CLK
---------------
0.357122 0.357914 latency
        0.000792 skew

fall -> fall
    min     max
0.000000 0.000000 source latency
0.325635         network latency _73_/CLK
        0.326488 network latency _68_/CLK
---------------
0.325635 0.326488 latency
        0.000854 skew



===========================================================================
report_clock_min_period
============================================================================
clk_i period_min = 2.42 fmax = 413.36
