
===========================================================================
report_checks -path_delay max (Setup)
============================================================================
======================= min_ff_n40C_5v50 Corner ===================================

Startpoint: _68_ (rising edge-triggered flip-flop clocked by clk_i)
Endpoint: count_o[0] (output port clocked by clk_i)
Path Group: clk_i
Path Type: max

Fanout         Cap        Slew       Delay        Time   Description
---------------------------------------------------------------------------------------------
                                  0.000000    0.000000   clock clk_i (rise edge)
                                  0.000000    0.000000   clock source latency
     1    0.028618    0.097979    0.048925    0.048925 ^ clk_i (in)
                                                         clk_i (net)
                      0.097981    0.000000    0.048925 ^ clkbuf_0_clk_i/I (gf180mcu_fd_sc_mcu7t5v0__clkbuf_16)
     2    0.045952    0.071436    0.161854    0.210779 ^ clkbuf_0_clk_i/Z (gf180mcu_fd_sc_mcu7t5v0__clkbuf_16)
                                                         clknet_0_clk_i (net)
                      0.071436    0.000240    0.211019 ^ clkbuf_1_0__f_clk_i/I (gf180mcu_fd_sc_mcu7t5v0__clkbuf_16)
     5    0.023784    0.058634    0.146735    0.357755 ^ clkbuf_1_0__f_clk_i/Z (gf180mcu_fd_sc_mcu7t5v0__clkbuf_16)
                                                         clknet_1_0__leaf_clk_i (net)
                      0.058634    0.000159    0.357914 ^ _68_/CLK (gf180mcu_fd_sc_mcu7t5v0__dffq_1)
     7    0.038006    0.434448    0.649427    1.007341 ^ _68_/Q (gf180mcu_fd_sc_mcu7t5v0__dffq_1)
                                                         net3 (net)
                      0.434448    0.000255    1.007596 ^ output3/I (gf180mcu_fd_sc_mcu7t5v0__dlyb_1)
     1    0.073587    0.815093    0.969474    1.977070 ^ output3/Z (gf180mcu_fd_sc_mcu7t5v0__dlyb_1)
                                                         count_o[0] (net)
                      0.815093    0.000489    1.977559 ^ count_o[0] (out)
                                              1.977559   data arrival time

                                 25.000000   25.000000   clock clk_i (rise edge)
                                  0.000000   25.000000   clock network delay (propagated)
                                 -0.250000   24.750000   clock uncertainty
                                  0.000000   24.750000   clock reconvergence pessimism
                                 -5.000000   19.750000   output external delay
                                             19.750000   data required time
---------------------------------------------------------------------------------------------
                                             19.750000   data required time
                                             -1.977559   data arrival time
---------------------------------------------------------------------------------------------
                                             17.772440   slack (MET)


Startpoint: en_i (input port clocked by clk_i)
Endpoint: _75_ (rising edge-triggered flip-flop clocked by clk_i)
Path Group: clk_i
Path Type: max

Fanout         Cap        Slew       Delay        Time   Description
---------------------------------------------------------------------------------------------
                                  0.000000    0.000000   clock clk_i (rise edge)
                                  0.000000    0.000000   clock network delay (propagated)
                                  5.000000    5.000000 ^ input external delay
     1    0.003445    0.067776    0.023249    5.023250 ^ en_i (in)
                                                         en_i (net)
                      0.067776    0.000000    5.023250 ^ input1/I (gf180mcu_fd_sc_mcu7t5v0__dlyb_1)
     6    0.037423    0.431744    0.724501    5.747751 ^ input1/Z (gf180mcu_fd_sc_mcu7t5v0__dlyb_1)
                                                         net1 (net)
                      0.431751    0.000945    5.748695 ^ _49_/A1 (gf180mcu_fd_sc_mcu7t5v0__nand4_1)
     8    0.045255    0.769010    0.510362    6.259058 v _49_/ZN (gf180mcu_fd_sc_mcu7t5v0__nand4_1)
                                                         _22_ (net)
                      0.769010    0.001157    6.260215 v _64_/A3 (gf180mcu_fd_sc_mcu7t5v0__or4_1)
     2    0.008445    0.202055    0.664187    6.924402 v _64_/Z (gf180mcu_fd_sc_mcu7t5v0__or4_1)
                                                         _32_ (net)
                      0.202055    0.000057    6.924459 v _65_/A3 (gf180mcu_fd_sc_mcu7t5v0__and3_1)
     1    0.002978    0.082835    0.239851    7.164310 v _65_/Z (gf180mcu_fd_sc_mcu7t5v0__and3_1)
                                                         _07_ (net)
                      0.082835    0.000029    7.164340 v _75_/D (gf180mcu_fd_sc_mcu7t5v0__dffq_1)
                                              7.164340   data arrival time

                                 25.000000   25.000000   clock clk_i (rise edge)
                                  0.000000   25.000000   clock source latency
     1    0.028618    0.097979    0.048924   25.048923 ^ clk_i (in)
                                                         clk_i (net)
                      0.097981    0.000000   25.048923 ^ clkbuf_0_clk_i/I (gf180mcu_fd_sc_mcu7t5v0__clkbuf_16)
     2    0.045952    0.071436    0.161855   25.210777 ^ clkbuf_0_clk_i/Z (gf180mcu_fd_sc_mcu7t5v0__clkbuf_16)
                                                         clknet_0_clk_i (net)
                      0.071436    0.000227   25.211006 ^ clkbuf_1_1__f_clk_i/I (gf180mcu_fd_sc_mcu7t5v0__clkbuf_16)
     5    0.022110    0.057641    0.145761   25.356766 ^ clkbuf_1_1__f_clk_i/Z (gf180mcu_fd_sc_mcu7t5v0__clkbuf_16)
                                                         clknet_1_1__leaf_clk_i (net)
                      0.057641    0.000369   25.357136 ^ _75_/CLK (gf180mcu_fd_sc_mcu7t5v0__dffq_1)
                                 -0.250000   25.107136   clock uncertainty
                                  0.000000   25.107136   clock reconvergence pessimism
                                 -0.135729   24.971407   library setup time
                                             24.971407   data required time
---------------------------------------------------------------------------------------------
                                             24.971407   data required time
                                             -7.164340   data arrival time
---------------------------------------------------------------------------------------------
                                             17.807068   slack (MET)


Startpoint: _72_ (rising edge-triggered flip-flop clocked by clk_i)
Endpoint: count_o[4] (output port clocked by clk_i)
Path Group: clk_i
Path Type: max

Fanout         Cap        Slew       Delay        Time   Description
---------------------------------------------------------------------------------------------
                                  0.000000    0.000000   clock clk_i (rise edge)
                                  0.000000    0.000000   clock source latency
     1    0.028618    0.097979    0.048925    0.048925 ^ clk_i (in)
                                                         clk_i (net)
                      0.097981    0.000000    0.048925 ^ clkbuf_0_clk_i/I (gf180mcu_fd_sc_mcu7t5v0__clkbuf_16)
     2    0.045952    0.071436    0.161854    0.210779 ^ clkbuf_0_clk_i/Z (gf180mcu_fd_sc_mcu7t5v0__clkbuf_16)
                                                         clknet_0_clk_i (net)
                      0.071436    0.000240    0.211019 ^ clkbuf_1_0__f_clk_i/I (gf180mcu_fd_sc_mcu7t5v0__clkbuf_16)
     5    0.023784    0.058634    0.146735    0.357755 ^ clkbuf_1_0__f_clk_i/Z (gf180mcu_fd_sc_mcu7t5v0__clkbuf_16)
                                                         clknet_1_0__leaf_clk_i (net)
                      0.058634    0.000109    0.357864 ^ _72_/CLK (gf180mcu_fd_sc_mcu7t5v0__dffq_1)
     5    0.026497    0.313447    0.578281    0.936145 ^ _72_/Q (gf180mcu_fd_sc_mcu7t5v0__dffq_1)
                                                         net7 (net)
                      0.313447    0.000168    0.936313 ^ output7/I (gf180mcu_fd_sc_mcu7t5v0__dlyb_1)
     1    0.073562    0.815076    0.968074    1.904387 ^ output7/Z (gf180mcu_fd_sc_mcu7t5v0__dlyb_1)
                                                         count_o[4] (net)
                      0.815076    0.000483    1.904870 ^ count_o[4] (out)
                                              1.904870   data arrival time

                                 25.000000   25.000000   clock clk_i (rise edge)
                                  0.000000   25.000000   clock network delay (propagated)
                                 -0.250000   24.750000   clock uncertainty
                                  0.000000   24.750000   clock reconvergence pessimism
                                 -5.000000   19.750000   output external delay
                                             19.750000   data required time
---------------------------------------------------------------------------------------------
                                             19.750000   data required time
                                             -1.904870   data arrival time
---------------------------------------------------------------------------------------------
                                             17.845131   slack (MET)


Startpoint: _69_ (rising edge-triggered flip-flop clocked by clk_i)
Endpoint: count_o[1] (output port clocked by clk_i)
Path Group: clk_i
Path Type: max

Fanout         Cap        Slew       Delay        Time   Description
---------------------------------------------------------------------------------------------
                                  0.000000    0.000000   clock clk_i (rise edge)
                                  0.000000    0.000000   clock source latency
     1    0.028618    0.097979    0.048925    0.048925 ^ clk_i (in)
                                                         clk_i (net)
                      0.097981    0.000000    0.048925 ^ clkbuf_0_clk_i/I (gf180mcu_fd_sc_mcu7t5v0__clkbuf_16)
     2    0.045952    0.071436    0.161854    0.210779 ^ clkbuf_0_clk_i/Z (gf180mcu_fd_sc_mcu7t5v0__clkbuf_16)
                                                         clknet_0_clk_i (net)
                      0.071436    0.000240    0.211019 ^ clkbuf_1_0__f_clk_i/I (gf180mcu_fd_sc_mcu7t5v0__clkbuf_16)
     5    0.023784    0.058634    0.146735    0.357755 ^ clkbuf_1_0__f_clk_i/Z (gf180mcu_fd_sc_mcu7t5v0__clkbuf_16)
                                                         clknet_1_0__leaf_clk_i (net)
                      0.058634    0.000151    0.357906 ^ _69_/CLK (gf180mcu_fd_sc_mcu7t5v0__dffq_1)
     5    0.023910    0.286269    0.562220    0.920125 ^ _69_/Q (gf180mcu_fd_sc_mcu7t5v0__dffq_1)
                                                         net4 (net)
                      0.286317    0.000426    0.920551 ^ output4/I (gf180mcu_fd_sc_mcu7t5v0__dlyb_1)
     1    0.074510    0.825135    0.973091    1.893643 ^ output4/Z (gf180mcu_fd_sc_mcu7t5v0__dlyb_1)
                                                         count_o[1] (net)
                      0.825138    0.000946    1.894589 ^ count_o[1] (out)
                                              1.894589   data arrival time

                                 25.000000   25.000000   clock clk_i (rise edge)
                                  0.000000   25.000000   clock network delay (propagated)
                                 -0.250000   24.750000   clock uncertainty
                                  0.000000   24.750000   clock reconvergence pessimism
                                 -5.000000   19.750000   output external delay
                                             19.750000   data required time
---------------------------------------------------------------------------------------------
                                             19.750000   data required time
                                             -1.894589   data arrival time
---------------------------------------------------------------------------------------------
                                             17.855410   slack (MET)


Startpoint: _71_ (rising edge-triggered flip-flop clocked by clk_i)
Endpoint: count_o[3] (output port clocked by clk_i)
Path Group: clk_i
Path Type: max

Fanout         Cap        Slew       Delay        Time   Description
---------------------------------------------------------------------------------------------
                                  0.000000    0.000000   clock clk_i (rise edge)
                                  0.000000    0.000000   clock source latency
     1    0.028618    0.097979    0.048925    0.048925 ^ clk_i (in)
                                                         clk_i (net)
                      0.097981    0.000000    0.048925 ^ clkbuf_0_clk_i/I (gf180mcu_fd_sc_mcu7t5v0__clkbuf_16)
     2    0.045952    0.071436    0.161854    0.210779 ^ clkbuf_0_clk_i/Z (gf180mcu_fd_sc_mcu7t5v0__clkbuf_16)
                                                         clknet_0_clk_i (net)
                      0.071436    0.000240    0.211019 ^ clkbuf_1_0__f_clk_i/I (gf180mcu_fd_sc_mcu7t5v0__clkbuf_16)
     5    0.023784    0.058634    0.146735    0.357755 ^ clkbuf_1_0__f_clk_i/Z (gf180mcu_fd_sc_mcu7t5v0__clkbuf_16)
                                                         clknet_1_0__leaf_clk_i (net)
                      0.058634    0.000142    0.357897 ^ _71_/CLK (gf180mcu_fd_sc_mcu7t5v0__dffq_1)
     4    0.021071    0.256612    0.544704    0.902601 ^ _71_/Q (gf180mcu_fd_sc_mcu7t5v0__dffq_1)
                                                         net6 (net)
                      0.256612    0.000292    0.902892 ^ output6/I (gf180mcu_fd_sc_mcu7t5v0__dlyb_1)
     1    0.073832    0.818148    0.968550    1.871442 ^ output6/Z (gf180mcu_fd_sc_mcu7t5v0__dlyb_1)
                                                         count_o[3] (net)
                      0.818148    0.000539    1.871981 ^ count_o[3] (out)
                                              1.871981   data arrival time

                                 25.000000   25.000000   clock clk_i (rise edge)
                                  0.000000   25.000000   clock network delay (propagated)
                                 -0.250000   24.750000   clock uncertainty
                                  0.000000   24.750000   clock reconvergence pessimism
                                 -5.000000   19.750000   output external delay
                                             19.750000   data required time
---------------------------------------------------------------------------------------------
                                             19.750000   data required time
                                             -1.871981   data arrival time
---------------------------------------------------------------------------------------------
                                             17.878017   slack (MET)


Startpoint: _70_ (rising edge-triggered flip-flop clocked by clk_i)
Endpoint: count_o[2] (output port clocked by clk_i)
Path Group: clk_i
Path Type: max

Fanout         Cap        Slew       Delay        Time   Description
---------------------------------------------------------------------------------------------
                                  0.000000    0.000000   clock clk_i (rise edge)
                                  0.000000    0.000000   clock source latency
     1    0.028618    0.097979    0.048925    0.048925 ^ clk_i (in)
                                                         clk_i (net)
                      0.097981    0.000000    0.048925 ^ clkbuf_0_clk_i/I (gf180mcu_fd_sc_mcu7t5v0__clkbuf_16)
     2    0.045952    0.071436    0.161854    0.210779 ^ clkbuf_0_clk_i/Z (gf180mcu_fd_sc_mcu7t5v0__clkbuf_16)
                                                         clknet_0_clk_i (net)
                      0.071436    0.000240    0.211019 ^ clkbuf_1_0__f_clk_i/I (gf180mcu_fd_sc_mcu7t5v0__clkbuf_16)
     5    0.023784    0.058634    0.146735    0.357755 ^ clkbuf_1_0__f_clk_i/Z (gf180mcu_fd_sc_mcu7t5v0__clkbuf_16)
                                                         clknet_1_0__leaf_clk_i (net)
                      0.058634    0.000036    0.357791 ^ _70_/CLK (gf180mcu_fd_sc_mcu7t5v0__dffq_1)
     4    0.020914    0.254959    0.543718    0.901509 ^ _70_/Q (gf180mcu_fd_sc_mcu7t5v0__dffq_1)
                                                         net5 (net)
                      0.254959    0.000173    0.901682 ^ output5/I (gf180mcu_fd_sc_mcu7t5v0__dlyb_1)
     1    0.073789    0.817612    0.967993    1.869675 ^ output5/Z (gf180mcu_fd_sc_mcu7t5v0__dlyb_1)
                                                         count_o[2] (net)
                      0.817614    0.000848    1.870522 ^ count_o[2] (out)
                                              1.870522   data arrival time

                                 25.000000   25.000000   clock clk_i (rise edge)
                                  0.000000   25.000000   clock network delay (propagated)
                                 -0.250000   24.750000   clock uncertainty
                                  0.000000   24.750000   clock reconvergence pessimism
                                 -5.000000   19.750000   output external delay
                                             19.750000   data required time
---------------------------------------------------------------------------------------------
                                             19.750000   data required time
                                             -1.870522   data arrival time
---------------------------------------------------------------------------------------------
                                             17.879478   slack (MET)


Startpoint: _73_ (rising edge-triggered flip-flop clocked by clk_i)
Endpoint: count_o[5] (output port clocked by clk_i)
Path Group: clk_i
Path Type: max

Fanout         Cap        Slew       Delay        Time   Description
---------------------------------------------------------------------------------------------
                                  0.000000    0.000000   clock clk_i (rise edge)
                                  0.000000    0.000000   clock source latency
     1    0.028618    0.097979    0.048925    0.048925 ^ clk_i (in)
                                                         clk_i (net)
                      0.097981    0.000000    0.048925 ^ clkbuf_0_clk_i/I (gf180mcu_fd_sc_mcu7t5v0__clkbuf_16)
     2    0.045952    0.071436    0.161854    0.210779 ^ clkbuf_0_clk_i/Z (gf180mcu_fd_sc_mcu7t5v0__clkbuf_16)
                                                         clknet_0_clk_i (net)
                      0.071436    0.000228    0.211007 ^ clkbuf_1_1__f_clk_i/I (gf180mcu_fd_sc_mcu7t5v0__clkbuf_16)
     5    0.022110    0.057641    0.145759    0.356766 ^ clkbuf_1_1__f_clk_i/Z (gf180mcu_fd_sc_mcu7t5v0__clkbuf_16)
                                                         clknet_1_1__leaf_clk_i (net)
                      0.057641    0.000356    0.357122 ^ _73_/CLK (gf180mcu_fd_sc_mcu7t5v0__dffq_1)
     4    0.019144    0.236480    0.532610    0.889732 ^ _73_/Q (gf180mcu_fd_sc_mcu7t5v0__dffq_1)
                                                         net8 (net)
                      0.236480    0.000215    0.889947 ^ output8/I (gf180mcu_fd_sc_mcu7t5v0__dlyb_1)
     1    0.073529    0.814932    0.966028    1.855975 ^ output8/Z (gf180mcu_fd_sc_mcu7t5v0__dlyb_1)
                                                         count_o[5] (net)
                      0.814932    0.000787    1.856762 ^ count_o[5] (out)
                                              1.856762   data arrival time

                                 25.000000   25.000000   clock clk_i (rise edge)
                                  0.000000   25.000000   clock network delay (propagated)
                                 -0.250000   24.750000   clock uncertainty
                                  0.000000   24.750000   clock reconvergence pessimism
                                 -5.000000   19.750000   output external delay
                                             19.750000   data required time
---------------------------------------------------------------------------------------------
                                             19.750000   data required time
                                             -1.856762   data arrival time
---------------------------------------------------------------------------------------------
                                             17.893238   slack (MET)


Startpoint: en_i (input port clocked by clk_i)
Endpoint: _76_ (rising edge-triggered flip-flop clocked by clk_i)
Path Group: clk_i
Path Type: max

Fanout         Cap        Slew       Delay        Time   Description
---------------------------------------------------------------------------------------------
                                  0.000000    0.000000   clock clk_i (rise edge)
                                  0.000000    0.000000   clock network delay (propagated)
                                  5.000000    5.000000 ^ input external delay
     1    0.003445    0.067776    0.023249    5.023250 ^ en_i (in)
                                                         en_i (net)
                      0.067776    0.000000    5.023250 ^ input1/I (gf180mcu_fd_sc_mcu7t5v0__dlyb_1)
     6    0.037423    0.431744    0.724501    5.747751 ^ input1/Z (gf180mcu_fd_sc_mcu7t5v0__dlyb_1)
                                                         net1 (net)
                      0.431751    0.000945    5.748695 ^ _49_/A1 (gf180mcu_fd_sc_mcu7t5v0__nand4_1)
     8    0.045255    0.769010    0.510362    6.259058 v _49_/ZN (gf180mcu_fd_sc_mcu7t5v0__nand4_1)
                                                         _22_ (net)
                      0.769010    0.001157    6.260215 v _64_/A3 (gf180mcu_fd_sc_mcu7t5v0__or4_1)
     2    0.008445    0.202055    0.664187    6.924402 v _64_/Z (gf180mcu_fd_sc_mcu7t5v0__or4_1)
                                                         _32_ (net)
                      0.202055    0.000121    6.924523 v _67_/A2 (gf180mcu_fd_sc_mcu7t5v0__oai21_1)
     1    0.003961    0.181993    0.145299    7.069822 ^ _67_/ZN (gf180mcu_fd_sc_mcu7t5v0__oai21_1)
                                                         _08_ (net)
                      0.181993    0.000044    7.069866 ^ _76_/D (gf180mcu_fd_sc_mcu7t5v0__dffq_1)
                                              7.069866   data arrival time

                                 25.000000   25.000000   clock clk_i (rise edge)
                                  0.000000   25.000000   clock source latency
     1    0.028618    0.097979    0.048924   25.048923 ^ clk_i (in)
                                                         clk_i (net)
                      0.097981    0.000000   25.048923 ^ clkbuf_0_clk_i/I (gf180mcu_fd_sc_mcu7t5v0__clkbuf_16)
     2    0.045952    0.071436    0.161855   25.210777 ^ clkbuf_0_clk_i/Z (gf180mcu_fd_sc_mcu7t5v0__clkbuf_16)
                                                         clknet_0_clk_i (net)
                      0.071436    0.000227   25.211006 ^ clkbuf_1_1__f_clk_i/I (gf180mcu_fd_sc_mcu7t5v0__clkbuf_16)
     5    0.022110    0.057641    0.145761   25.356766 ^ clkbuf_1_1__f_clk_i/Z (gf180mcu_fd_sc_mcu7t5v0__clkbuf_16)
                                                         clknet_1_1__leaf_clk_i (net)
                      0.057641    0.000382   25.357149 ^ _76_/CLK (gf180mcu_fd_sc_mcu7t5v0__dffq_1)
                                 -0.250000   25.107149   clock uncertainty
                                  0.000000   25.107149   clock reconvergence pessimism
                                 -0.141997   24.965153   library setup time
                                             24.965153   data required time
---------------------------------------------------------------------------------------------
                                             24.965153   data required time
                                             -7.069866   data arrival time
---------------------------------------------------------------------------------------------
                                             17.895287   slack (MET)


Startpoint: _74_ (rising edge-triggered flip-flop clocked by clk_i)
Endpoint: count_o[6] (output port clocked by clk_i)
Path Group: clk_i
Path Type: max

Fanout         Cap        Slew       Delay        Time   Description
---------------------------------------------------------------------------------------------
                                  0.000000    0.000000   clock clk_i (rise edge)
                                  0.000000    0.000000   clock source latency
     1    0.028618    0.097979    0.048925    0.048925 ^ clk_i (in)
                                                         clk_i (net)
                      0.097981    0.000000    0.048925 ^ clkbuf_0_clk_i/I (gf180mcu_fd_sc_mcu7t5v0__clkbuf_16)
     2    0.045952    0.071436    0.161854    0.210779 ^ clkbuf_0_clk_i/Z (gf180mcu_fd_sc_mcu7t5v0__clkbuf_16)
                                                         clknet_0_clk_i (net)
                      0.071436    0.000228    0.211007 ^ clkbuf_1_1__f_clk_i/I (gf180mcu_fd_sc_mcu7t5v0__clkbuf_16)
     5    0.022110    0.057641    0.145759    0.356766 ^ clkbuf_1_1__f_clk_i/Z (gf180mcu_fd_sc_mcu7t5v0__clkbuf_16)
                                                         clknet_1_1__leaf_clk_i (net)
                      0.057641    0.000364    0.357130 ^ _74_/CLK (gf180mcu_fd_sc_mcu7t5v0__dffq_1)
     3    0.014676    0.190873    0.505394    0.862524 ^ _74_/Q (gf180mcu_fd_sc_mcu7t5v0__dffq_1)
                                                         net9 (net)
                      0.190873    0.000203    0.862728 ^ output9/I (gf180mcu_fd_sc_mcu7t5v0__dlyb_1)
     1    0.073763    0.817502    0.964537    1.827265 ^ output9/Z (gf180mcu_fd_sc_mcu7t5v0__dlyb_1)
                                                         count_o[6] (net)
                      0.817505    0.000832    1.828097 ^ count_o[6] (out)
                                              1.828097   data arrival time

                                 25.000000   25.000000   clock clk_i (rise edge)
                                  0.000000   25.000000   clock network delay (propagated)
                                 -0.250000   24.750000   clock uncertainty
                                  0.000000   24.750000   clock reconvergence pessimism
                                 -5.000000   19.750000   output external delay
                                             19.750000   data required time
---------------------------------------------------------------------------------------------
                                             19.750000   data required time
                                             -1.828097   data arrival time
---------------------------------------------------------------------------------------------
                                             17.921904   slack (MET)


Startpoint: _76_ (rising edge-triggered flip-flop clocked by clk_i)
Endpoint: ovf_o (output port clocked by clk_i)
Path Group: clk_i
Path Type: max

Fanout         Cap        Slew       Delay        Time   Description
---------------------------------------------------------------------------------------------
                                  0.000000    0.000000   clock clk_i (rise edge)
                                  0.000000    0.000000   clock source latency
     1    0.028618    0.097979    0.048925    0.048925 ^ clk_i (in)
                                                         clk_i (net)
                      0.097981    0.000000    0.048925 ^ clkbuf_0_clk_i/I (gf180mcu_fd_sc_mcu7t5v0__clkbuf_16)
     2    0.045952    0.071436    0.161854    0.210779 ^ clkbuf_0_clk_i/Z (gf180mcu_fd_sc_mcu7t5v0__clkbuf_16)
                                                         clknet_0_clk_i (net)
                      0.071436    0.000228    0.211007 ^ clkbuf_1_1__f_clk_i/I (gf180mcu_fd_sc_mcu7t5v0__clkbuf_16)
     5    0.022110    0.057641    0.145759    0.356766 ^ clkbuf_1_1__f_clk_i/Z (gf180mcu_fd_sc_mcu7t5v0__clkbuf_16)
                                                         clknet_1_1__leaf_clk_i (net)
                      0.057641    0.000382    0.357148 ^ _76_/CLK (gf180mcu_fd_sc_mcu7t5v0__dffq_1)
     2    0.010292    0.146025    0.478709    0.835857 ^ _76_/Q (gf180mcu_fd_sc_mcu7t5v0__dffq_1)
                                                         net11 (net)
                      0.146025    0.000138    0.835995 ^ output11/I (gf180mcu_fd_sc_mcu7t5v0__dlyb_1)
     1    0.073847    0.818441    0.961042    1.797037 ^ output11/Z (gf180mcu_fd_sc_mcu7t5v0__dlyb_1)
                                                         ovf_o (net)
                      0.818444    0.000855    1.797892 ^ ovf_o (out)
                                              1.797892   data arrival time

                                 25.000000   25.000000   clock clk_i (rise edge)
                                  0.000000   25.000000   clock network delay (propagated)
                                 -0.250000   24.750000   clock uncertainty
                                  0.000000   24.750000   clock reconvergence pessimism
                                 -5.000000   19.750000   output external delay
                                             19.750000   data required time
---------------------------------------------------------------------------------------------
                                             19.750000   data required time
                                             -1.797892   data arrival time
---------------------------------------------------------------------------------------------
                                             17.952108   slack (MET)


Startpoint: _75_ (rising edge-triggered flip-flop clocked by clk_i)
Endpoint: count_o[7] (output port clocked by clk_i)
Path Group: clk_i
Path Type: max

Fanout         Cap        Slew       Delay        Time   Description
---------------------------------------------------------------------------------------------
                                  0.000000    0.000000   clock clk_i (rise edge)
                                  0.000000    0.000000   clock source latency
     1    0.028618    0.097979    0.048925    0.048925 ^ clk_i (in)
                                                         clk_i (net)
                      0.097981    0.000000    0.048925 ^ clkbuf_0_clk_i/I (gf180mcu_fd_sc_mcu7t5v0__clkbuf_16)
     2    0.045952    0.071436    0.161854    0.210779 ^ clkbuf_0_clk_i/Z (gf180mcu_fd_sc_mcu7t5v0__clkbuf_16)
                                                         clknet_0_clk_i (net)
                      0.071436    0.000228    0.211007 ^ clkbuf_1_1__f_clk_i/I (gf180mcu_fd_sc_mcu7t5v0__clkbuf_16)
     5    0.022110    0.057641    0.145759    0.356766 ^ clkbuf_1_1__f_clk_i/Z (gf180mcu_fd_sc_mcu7t5v0__clkbuf_16)
                                                         clknet_1_1__leaf_clk_i (net)
                      0.057641    0.000370    0.357137 ^ _75_/CLK (gf180mcu_fd_sc_mcu7t5v0__dffq_1)
     2    0.009064    0.133493    0.471238    0.828374 ^ _75_/Q (gf180mcu_fd_sc_mcu7t5v0__dffq_1)
                                                         net10 (net)
                      0.133493    0.000131    0.828506 ^ output10/I (gf180mcu_fd_sc_mcu7t5v0__dlyb_1)
     1    0.073762    0.817552    0.959406    1.787911 ^ output10/Z (gf180mcu_fd_sc_mcu7t5v0__dlyb_1)
                                                         count_o[7] (net)
                      0.817555    0.000832    1.788743 ^ count_o[7] (out)
                                              1.788743   data arrival time

                                 25.000000   25.000000   clock clk_i (rise edge)
                                  0.000000   25.000000   clock network delay (propagated)
                                 -0.250000   24.750000   clock uncertainty
                                  0.000000   24.750000   clock reconvergence pessimism
                                 -5.000000   19.750000   output external delay
                                             19.750000   data required time
---------------------------------------------------------------------------------------------
                                             19.750000   data required time
                                             -1.788743   data arrival time
---------------------------------------------------------------------------------------------
                                             17.961256   slack (MET)


Startpoint: en_i (input port clocked by clk_i)
Endpoint: _73_ (rising edge-triggered flip-flop clocked by clk_i)
Path Group: clk_i
Path Type: max

Fanout         Cap        Slew       Delay        Time   Description
---------------------------------------------------------------------------------------------
                                  0.000000    0.000000   clock clk_i (rise edge)
                                  0.000000    0.000000   clock network delay (propagated)
                                  5.000000    5.000000 ^ input external delay
     1    0.003445    0.067776    0.023249    5.023250 ^ en_i (in)
                                                         en_i (net)
                      0.067776    0.000000    5.023250 ^ input1/I (gf180mcu_fd_sc_mcu7t5v0__dlyb_1)
     6    0.037423    0.431744    0.724501    5.747751 ^ input1/Z (gf180mcu_fd_sc_mcu7t5v0__dlyb_1)
                                                         net1 (net)
                      0.431751    0.000945    5.748695 ^ _49_/A1 (gf180mcu_fd_sc_mcu7t5v0__nand4_1)
     8    0.045255    0.769010    0.510362    6.259058 v _49_/ZN (gf180mcu_fd_sc_mcu7t5v0__nand4_1)
                                                         _22_ (net)
                      0.769010    0.001061    6.260119 v _57_/A3 (gf180mcu_fd_sc_mcu7t5v0__oai31_1)
     1    0.003171    0.374910    0.353390    6.613509 ^ _57_/ZN (gf180mcu_fd_sc_mcu7t5v0__oai31_1)
                                                         _27_ (net)
                      0.374910    0.000030    6.613539 ^ _59_/A2 (gf180mcu_fd_sc_mcu7t5v0__and3_1)
     1    0.003694    0.107059    0.253589    6.867128 ^ _59_/Z (gf180mcu_fd_sc_mcu7t5v0__and3_1)
                                                         _05_ (net)
                      0.107059    0.000072    6.867200 ^ _73_/D (gf180mcu_fd_sc_mcu7t5v0__dffq_1)
                                              6.867200   data arrival time

                                 25.000000   25.000000   clock clk_i (rise edge)
                                  0.000000   25.000000   clock source latency
     1    0.028618    0.097979    0.048924   25.048923 ^ clk_i (in)
                                                         clk_i (net)
                      0.097981    0.000000   25.048923 ^ clkbuf_0_clk_i/I (gf180mcu_fd_sc_mcu7t5v0__clkbuf_16)
     2    0.045952    0.071436    0.161855   25.210777 ^ clkbuf_0_clk_i/Z (gf180mcu_fd_sc_mcu7t5v0__clkbuf_16)
                                                         clknet_0_clk_i (net)
                      0.071436    0.000227   25.211006 ^ clkbuf_1_1__f_clk_i/I (gf180mcu_fd_sc_mcu7t5v0__clkbuf_16)
     5    0.022110    0.057641    0.145761   25.356766 ^ clkbuf_1_1__f_clk_i/Z (gf180mcu_fd_sc_mcu7t5v0__clkbuf_16)
                                                         clknet_1_1__leaf_clk_i (net)
                      0.057641    0.000355   25.357122 ^ _73_/CLK (gf180mcu_fd_sc_mcu7t5v0__dffq_1)
                                 -0.250000   25.107122   clock uncertainty
                                  0.000000   25.107122   clock reconvergence pessimism
                                 -0.133573   24.973549   library setup time
                                             24.973549   data required time
---------------------------------------------------------------------------------------------
                                             24.973549   data required time
                                             -6.867200   data arrival time
---------------------------------------------------------------------------------------------
                                             18.106348   slack (MET)


Startpoint: en_i (input port clocked by clk_i)
Endpoint: _74_ (rising edge-triggered flip-flop clocked by clk_i)
Path Group: clk_i
Path Type: max

Fanout         Cap        Slew       Delay        Time   Description
---------------------------------------------------------------------------------------------
                                  0.000000    0.000000   clock clk_i (rise edge)
                                  0.000000    0.000000   clock network delay (propagated)
                                  5.000000    5.000000 ^ input external delay
     1    0.003445    0.067776    0.023249    5.023250 ^ en_i (in)
                                                         en_i (net)
                      0.067776    0.000000    5.023250 ^ input1/I (gf180mcu_fd_sc_mcu7t5v0__dlyb_1)
     6    0.037423    0.431744    0.724501    5.747751 ^ input1/Z (gf180mcu_fd_sc_mcu7t5v0__dlyb_1)
                                                         net1 (net)
                      0.431751    0.000945    5.748695 ^ _49_/A1 (gf180mcu_fd_sc_mcu7t5v0__nand4_1)
     8    0.045255    0.769010    0.510362    6.259058 v _49_/ZN (gf180mcu_fd_sc_mcu7t5v0__nand4_1)
                                                         _22_ (net)
                      0.769010    0.001063    6.260120 v _61_/A2 (gf180mcu_fd_sc_mcu7t5v0__nor3_1)
     1    0.006192    0.382770    0.346213    6.606333 ^ _61_/ZN (gf180mcu_fd_sc_mcu7t5v0__nor3_1)
                                                         _30_ (net)
                      0.382770    0.000077    6.606411 ^ _62_/B (gf180mcu_fd_sc_mcu7t5v0__aoi211_1)
     1    0.003085    0.216727    0.156720    6.763131 v _62_/ZN (gf180mcu_fd_sc_mcu7t5v0__aoi211_1)
                                                         _06_ (net)
                      0.216727    0.000056    6.763186 v _74_/D (gf180mcu_fd_sc_mcu7t5v0__dffq_1)
                                              6.763186   data arrival time

                                 25.000000   25.000000   clock clk_i (rise edge)
                                  0.000000   25.000000   clock source latency
     1    0.028618    0.097979    0.048924   25.048923 ^ clk_i (in)
                                                         clk_i (net)
                      0.097981    0.000000   25.048923 ^ clkbuf_0_clk_i/I (gf180mcu_fd_sc_mcu7t5v0__clkbuf_16)
     2    0.045952    0.071436    0.161855   25.210777 ^ clkbuf_0_clk_i/Z (gf180mcu_fd_sc_mcu7t5v0__clkbuf_16)
                                                         clknet_0_clk_i (net)
                      0.071436    0.000227   25.211006 ^ clkbuf_1_1__f_clk_i/I (gf180mcu_fd_sc_mcu7t5v0__clkbuf_16)
     5    0.022110    0.057641    0.145761   25.356766 ^ clkbuf_1_1__f_clk_i/Z (gf180mcu_fd_sc_mcu7t5v0__clkbuf_16)
                                                         clknet_1_1__leaf_clk_i (net)
                      0.057641    0.000364   25.357130 ^ _74_/CLK (gf180mcu_fd_sc_mcu7t5v0__dffq_1)
                                 -0.250000   25.107132   clock uncertainty
                                  0.000000   25.107132   clock reconvergence pessimism
                                 -0.175852   24.931278   library setup time
                                             24.931278   data required time
---------------------------------------------------------------------------------------------
                                             24.931278   data required time
                                             -6.763186   data arrival time
---------------------------------------------------------------------------------------------
                                             18.168091   slack (MET)


Startpoint: en_i (input port clocked by clk_i)
Endpoint: _72_ (rising edge-triggered flip-flop clocked by clk_i)
Path Group: clk_i
Path Type: max

Fanout         Cap        Slew       Delay        Time   Description
---------------------------------------------------------------------------------------------
                                  0.000000    0.000000   clock clk_i (rise edge)
                                  0.000000    0.000000   clock network delay (propagated)
                                  5.000000    5.000000 ^ input external delay
     1    0.003445    0.067776    0.023249    5.023250 ^ en_i (in)
                                                         en_i (net)
                      0.067776    0.000000    5.023250 ^ input1/I (gf180mcu_fd_sc_mcu7t5v0__dlyb_1)
     6    0.037423    0.431744    0.724501    5.747751 ^ input1/Z (gf180mcu_fd_sc_mcu7t5v0__dlyb_1)
                                                         net1 (net)
                      0.431751    0.000945    5.748695 ^ _49_/A1 (gf180mcu_fd_sc_mcu7t5v0__nand4_1)
     8    0.045255    0.769010    0.510362    6.259058 v _49_/ZN (gf180mcu_fd_sc_mcu7t5v0__nand4_1)
                                                         _22_ (net)
                      0.769010    0.000958    6.260016 v _55_/A3 (gf180mcu_fd_sc_mcu7t5v0__nor3_1)
     1    0.006015    0.389600    0.312012    6.572028 ^ _55_/ZN (gf180mcu_fd_sc_mcu7t5v0__nor3_1)
                                                         _26_ (net)
                      0.389600    0.000072    6.572100 ^ _56_/A3 (gf180mcu_fd_sc_mcu7t5v0__nor3_1)
     1    0.004450    0.213790    0.144474    6.716574 v _56_/ZN (gf180mcu_fd_sc_mcu7t5v0__nor3_1)
                                                         _04_ (net)
                      0.213790    0.000053    6.716627 v _72_/D (gf180mcu_fd_sc_mcu7t5v0__dffq_1)
                                              6.716627   data arrival time

                                 25.000000   25.000000   clock clk_i (rise edge)
                                  0.000000   25.000000   clock source latency
     1    0.028618    0.097979    0.048924   25.048923 ^ clk_i (in)
                                                         clk_i (net)
                      0.097981    0.000000   25.048923 ^ clkbuf_0_clk_i/I (gf180mcu_fd_sc_mcu7t5v0__clkbuf_16)
     2    0.045952    0.071436    0.161855   25.210777 ^ clkbuf_0_clk_i/Z (gf180mcu_fd_sc_mcu7t5v0__clkbuf_16)
                                                         clknet_0_clk_i (net)
                      0.071436    0.000240   25.211018 ^ clkbuf_1_0__f_clk_i/I (gf180mcu_fd_sc_mcu7t5v0__clkbuf_16)
     5    0.023784    0.058634    0.146736   25.357754 ^ clkbuf_1_0__f_clk_i/Z (gf180mcu_fd_sc_mcu7t5v0__clkbuf_16)
                                                         clknet_1_0__leaf_clk_i (net)
                      0.058634    0.000108   25.357862 ^ _72_/CLK (gf180mcu_fd_sc_mcu7t5v0__dffq_1)
                                 -0.250000   25.107862   clock uncertainty
                                  0.000000   25.107862   clock reconvergence pessimism
                                 -0.174753   24.933111   library setup time
                                             24.933111   data required time
---------------------------------------------------------------------------------------------
                                             24.933111   data required time
                                             -6.716627   data arrival time
---------------------------------------------------------------------------------------------
                                             18.216482   slack (MET)


Startpoint: en_i (input port clocked by clk_i)
Endpoint: _70_ (rising edge-triggered flip-flop clocked by clk_i)
Path Group: clk_i
Path Type: max

Fanout         Cap        Slew       Delay        Time   Description
---------------------------------------------------------------------------------------------
                                  0.000000    0.000000   clock clk_i (rise edge)
                                  0.000000    0.000000   clock network delay (propagated)
                                  5.000000    5.000000 ^ input external delay
     1    0.003445    0.067776    0.023249    5.023250 ^ en_i (in)
                                                         en_i (net)
                      0.067776    0.000000    5.023250 ^ input1/I (gf180mcu_fd_sc_mcu7t5v0__dlyb_1)
     6    0.037423    0.431744    0.724501    5.747751 ^ input1/Z (gf180mcu_fd_sc_mcu7t5v0__dlyb_1)
                                                         net1 (net)
                      0.431751    0.000945    5.748695 ^ _49_/A1 (gf180mcu_fd_sc_mcu7t5v0__nand4_1)
     8    0.045255    0.769010    0.510362    6.259058 v _49_/ZN (gf180mcu_fd_sc_mcu7t5v0__nand4_1)
                                                         _22_ (net)
                      0.769010    0.000451    6.259509 v _50_/A2 (gf180mcu_fd_sc_mcu7t5v0__nand2_1)
     1    0.004729    0.244829    0.265555    6.525064 ^ _50_/ZN (gf180mcu_fd_sc_mcu7t5v0__nand2_1)
                                                         _23_ (net)
                      0.244829    0.000088    6.525152 ^ _51_/B (gf180mcu_fd_sc_mcu7t5v0__aoi21_1)
     1    0.003838    0.171986    0.134071    6.659223 v _51_/ZN (gf180mcu_fd_sc_mcu7t5v0__aoi21_1)
                                                         _02_ (net)
                      0.171986    0.000075    6.659297 v _70_/D (gf180mcu_fd_sc_mcu7t5v0__dffq_1)
                                              6.659297   data arrival time

                                 25.000000   25.000000   clock clk_i (rise edge)
                                  0.000000   25.000000   clock source latency
     1    0.028618    0.097979    0.048924   25.048923 ^ clk_i (in)
                                                         clk_i (net)
                      0.097981    0.000000   25.048923 ^ clkbuf_0_clk_i/I (gf180mcu_fd_sc_mcu7t5v0__clkbuf_16)
     2    0.045952    0.071436    0.161855   25.210777 ^ clkbuf_0_clk_i/Z (gf180mcu_fd_sc_mcu7t5v0__clkbuf_16)
                                                         clknet_0_clk_i (net)
                      0.071436    0.000240   25.211018 ^ clkbuf_1_0__f_clk_i/I (gf180mcu_fd_sc_mcu7t5v0__clkbuf_16)
     5    0.023784    0.058634    0.146736   25.357754 ^ clkbuf_1_0__f_clk_i/Z (gf180mcu_fd_sc_mcu7t5v0__clkbuf_16)
                                                         clknet_1_0__leaf_clk_i (net)
                      0.058634    0.000037   25.357792 ^ _70_/CLK (gf180mcu_fd_sc_mcu7t5v0__dffq_1)
                                 -0.250000   25.107792   clock uncertainty
                                  0.000000   25.107792   clock reconvergence pessimism
                                 -0.162149   24.945642   library setup time
                                             24.945642   data required time
---------------------------------------------------------------------------------------------
                                             24.945642   data required time
                                             -6.659297   data arrival time
---------------------------------------------------------------------------------------------
                                             18.286345   slack (MET)


Startpoint: en_i (input port clocked by clk_i)
Endpoint: _71_ (rising edge-triggered flip-flop clocked by clk_i)
Path Group: clk_i
Path Type: max

Fanout         Cap        Slew       Delay        Time   Description
---------------------------------------------------------------------------------------------
                                  0.000000    0.000000   clock clk_i (rise edge)
                                  0.000000    0.000000   clock network delay (propagated)
                                  5.000000    5.000000 ^ input external delay
     1    0.003445    0.067776    0.023249    5.023250 ^ en_i (in)
                                                         en_i (net)
                      0.067776    0.000000    5.023250 ^ input1/I (gf180mcu_fd_sc_mcu7t5v0__dlyb_1)
     6    0.037423    0.431744    0.724501    5.747751 ^ input1/Z (gf180mcu_fd_sc_mcu7t5v0__dlyb_1)
                                                         net1 (net)
                      0.431751    0.000945    5.748695 ^ _49_/A1 (gf180mcu_fd_sc_mcu7t5v0__nand4_1)
     8    0.045255    0.769010    0.510362    6.259058 v _49_/ZN (gf180mcu_fd_sc_mcu7t5v0__nand4_1)
                                                         _22_ (net)
                      0.769010    0.000480    6.259538 v _52_/A2 (gf180mcu_fd_sc_mcu7t5v0__oai21_1)
     1    0.004223    0.286177    0.253625    6.513163 ^ _52_/ZN (gf180mcu_fd_sc_mcu7t5v0__oai21_1)
                                                         _24_ (net)
                      0.286177    0.000040    6.513203 ^ _53_/B (gf180mcu_fd_sc_mcu7t5v0__aoi21_1)
     1    0.002845    0.204436    0.131751    6.644954 v _53_/ZN (gf180mcu_fd_sc_mcu7t5v0__aoi21_1)
                                                         _03_ (net)
                      0.204436    0.000027    6.644981 v _71_/D (gf180mcu_fd_sc_mcu7t5v0__dffq_1)
                                              6.644981   data arrival time

                                 25.000000   25.000000   clock clk_i (rise edge)
                                  0.000000   25.000000   clock source latency
     1    0.028618    0.097979    0.048924   25.048923 ^ clk_i (in)
                                                         clk_i (net)
                      0.097981    0.000000   25.048923 ^ clkbuf_0_clk_i/I (gf180mcu_fd_sc_mcu7t5v0__clkbuf_16)
     2    0.045952    0.071436    0.161855   25.210777 ^ clkbuf_0_clk_i/Z (gf180mcu_fd_sc_mcu7t5v0__clkbuf_16)
                                                         clknet_0_clk_i (net)
                      0.071436    0.000240   25.211018 ^ clkbuf_1_0__f_clk_i/I (gf180mcu_fd_sc_mcu7t5v0__clkbuf_16)
     5    0.023784    0.058634    0.146736   25.357754 ^ clkbuf_1_0__f_clk_i/Z (gf180mcu_fd_sc_mcu7t5v0__clkbuf_16)
                                                         clknet_1_0__leaf_clk_i (net)
                      0.058634    0.000142   25.357897 ^ _71_/CLK (gf180mcu_fd_sc_mcu7t5v0__dffq_1)
                                 -0.250000   25.107897   clock uncertainty
                                  0.000000   25.107897   clock reconvergence pessimism
                                 -0.171933   24.935965   library setup time
                                             24.935965   data required time
---------------------------------------------------------------------------------------------
                                             24.935965   data required time
                                             -6.644981   data arrival time
---------------------------------------------------------------------------------------------
                                             18.290983   slack (MET)


Startpoint: rst_ni (input port clocked by clk_i)
Endpoint: _68_ (rising edge-triggered flip-flop clocked by clk_i)
Path Group: clk_i
Path Type: max

Fanout         Cap        Slew       Delay        Time   Description
---------------------------------------------------------------------------------------------
                                  0.000000    0.000000   clock clk_i (rise edge)
                                  0.000000    0.000000   clock network delay (propagated)
                                  5.000000    5.000000 v input external delay
     1    0.004071    0.042979    0.016758    5.016758 v rst_ni (in)
                                                         rst_ni (net)
                      0.042979    0.000000    5.016758 v input2/I (gf180mcu_fd_sc_mcu7t5v0__dlyb_1)
     8    0.048000    0.376574    0.789136    5.805894 v input2/Z (gf180mcu_fd_sc_mcu7t5v0__dlyb_1)
                                                         net2 (net)
                      0.376664    0.001406    5.807301 v _41_/A2 (gf180mcu_fd_sc_mcu7t5v0__nand2_1)
     2    0.011707    0.236426    0.230412    6.037713 ^ _41_/ZN (gf180mcu_fd_sc_mcu7t5v0__nand2_1)
                                                         _16_ (net)
                      0.236426    0.000091    6.037803 ^ _43_/B1 (gf180mcu_fd_sc_mcu7t5v0__aoi22_1)
     1    0.003442    0.180626    0.126052    6.163856 v _43_/ZN (gf180mcu_fd_sc_mcu7t5v0__aoi22_1)
                                                         _00_ (net)
                      0.180626    0.000036    6.163891 v _68_/D (gf180mcu_fd_sc_mcu7t5v0__dffq_1)
                                              6.163891   data arrival time

                                 25.000000   25.000000   clock clk_i (rise edge)
                                  0.000000   25.000000   clock source latency
     1    0.028618    0.097979    0.048924   25.048923 ^ clk_i (in)
                                                         clk_i (net)
                      0.097981    0.000000   25.048923 ^ clkbuf_0_clk_i/I (gf180mcu_fd_sc_mcu7t5v0__clkbuf_16)
     2    0.045952    0.071436    0.161855   25.210777 ^ clkbuf_0_clk_i/Z (gf180mcu_fd_sc_mcu7t5v0__clkbuf_16)
                                                         clknet_0_clk_i (net)
                      0.071436    0.000240   25.211018 ^ clkbuf_1_0__f_clk_i/I (gf180mcu_fd_sc_mcu7t5v0__clkbuf_16)
     5    0.023784    0.058634    0.146736   25.357754 ^ clkbuf_1_0__f_clk_i/Z (gf180mcu_fd_sc_mcu7t5v0__clkbuf_16)
                                                         clknet_1_0__leaf_clk_i (net)
                      0.058634    0.000160   25.357914 ^ _68_/CLK (gf180mcu_fd_sc_mcu7t5v0__dffq_1)
                                 -0.250000   25.107914   clock uncertainty
                                  0.000000   25.107914   clock reconvergence pessimism
                                 -0.164754   24.943161   library setup time
                                             24.943161   data required time
---------------------------------------------------------------------------------------------
                                             24.943161   data required time
                                             -6.163891   data arrival time
---------------------------------------------------------------------------------------------
                                             18.779270   slack (MET)


Startpoint: en_i (input port clocked by clk_i)
Endpoint: _69_ (rising edge-triggered flip-flop clocked by clk_i)
Path Group: clk_i
Path Type: max

Fanout         Cap        Slew       Delay        Time   Description
---------------------------------------------------------------------------------------------
                                  0.000000    0.000000   clock clk_i (rise edge)
                                  0.000000    0.000000   clock network delay (propagated)
                                  5.000000    5.000000 v input external delay
     1    0.003445    0.038922    0.014166    5.014166 v en_i (in)
                                                         en_i (net)
                      0.038922    0.000000    5.014166 v input1/I (gf180mcu_fd_sc_mcu7t5v0__dlyb_1)
     6    0.037423    0.315833    0.742507    5.756673 v input1/Z (gf180mcu_fd_sc_mcu7t5v0__dlyb_1)
                                                         net1 (net)
                      0.315841    0.000988    5.757662 v _45_/A1 (gf180mcu_fd_sc_mcu7t5v0__nand3_1)
     2    0.012308    0.280637    0.222737    5.980398 ^ _45_/ZN (gf180mcu_fd_sc_mcu7t5v0__nand3_1)
                                                         _19_ (net)
                      0.280637    0.000081    5.980479 ^ _46_/A2 (gf180mcu_fd_sc_mcu7t5v0__nand2_1)
     1    0.004707    0.173777    0.075871    6.056351 v _46_/ZN (gf180mcu_fd_sc_mcu7t5v0__nand2_1)
                                                         _20_ (net)
                      0.173777    0.000045    6.056396 v _47_/A2 (gf180mcu_fd_sc_mcu7t5v0__nor2_1)
     1    0.002900    0.137078    0.117296    6.173692 ^ _47_/ZN (gf180mcu_fd_sc_mcu7t5v0__nor2_1)
                                                         _01_ (net)
                      0.137078    0.000028    6.173720 ^ _69_/D (gf180mcu_fd_sc_mcu7t5v0__dffq_1)
                                              6.173720   data arrival time

                                 25.000000   25.000000   clock clk_i (rise edge)
                                  0.000000   25.000000   clock source latency
     1    0.028618    0.097979    0.048924   25.048923 ^ clk_i (in)
                                                         clk_i (net)
                      0.097981    0.000000   25.048923 ^ clkbuf_0_clk_i/I (gf180mcu_fd_sc_mcu7t5v0__clkbuf_16)
     2    0.045952    0.071436    0.161855   25.210777 ^ clkbuf_0_clk_i/Z (gf180mcu_fd_sc_mcu7t5v0__clkbuf_16)
                                                         clknet_0_clk_i (net)
                      0.071436    0.000240   25.211018 ^ clkbuf_1_0__f_clk_i/I (gf180mcu_fd_sc_mcu7t5v0__clkbuf_16)
     5    0.023784    0.058634    0.146736   25.357754 ^ clkbuf_1_0__f_clk_i/Z (gf180mcu_fd_sc_mcu7t5v0__clkbuf_16)
                                                         clknet_1_0__leaf_clk_i (net)
                      0.058634    0.000151   25.357904 ^ _69_/CLK (gf180mcu_fd_sc_mcu7t5v0__dffq_1)
                                 -0.250000   25.107906   clock uncertainty
                                  0.000000   25.107906   clock reconvergence pessimism
                                 -0.136696   24.971210   library setup time
                                             24.971210   data required time
---------------------------------------------------------------------------------------------
                                             24.971210   data required time
                                             -6.173720   data arrival time
---------------------------------------------------------------------------------------------
                                             18.797491   slack (MET)



