Netgen 1.5.316 compiled on Fri May  8 07:34:06 UTC 2026
Warning: netgen command 'format' use fully-qualified name '::netgen::format'
Warning: netgen command 'global' use fully-qualified name '::netgen::global'
Warning:  A case-insensitive file has been read and so the	verilog file must be treated case-insensitive to match.
Reading SPICE netlist file '/home/windyphony/.ciel/ciel/gf180mcu/versions/54435919abffb937387ec956209f9cf5fd2dfbee/gf180mcuD/libs.ref/gf180mcu_fd_sc_mcu7t5v0/spice/gf180mcu_fd_sc_mcu7t5v0.spice'...
Call to undefined subcircuit nfet_05v0
Creating placeholder cell definition.
Call to undefined subcircuit pfet_05v0
Creating placeholder cell definition.
Reading Verilog netlist file '/home/windyphony/heichips25-workshop/exercise_4/counter_8bit/runs/RUN_2026-05-11_22-31-40/52-openroad-fillinsertion/counter_8bit.pnl.v'...
Warning:  A case-insensitive file has been read and so the	verilog file must be treated case-insensitive to match.
Note:  Implicit pin VNW in instance PHY_EDGE_ROW_0_Left_17 of gf180mcu_fd_sc_mcu7t5v0__endcap in cell counter_8bit
Note:  Implicit pin VPW in instance PHY_EDGE_ROW_0_Left_17 of gf180mcu_fd_sc_mcu7t5v0__endcap in cell counter_8bit
Note:  Implicit pin VNW in instance PHY_EDGE_ROW_0_Right_0 of gf180mcu_fd_sc_mcu7t5v0__endcap in cell counter_8bit
Note:  Implicit pin VPW in instance PHY_EDGE_ROW_0_Right_0 of gf180mcu_fd_sc_mcu7t5v0__endcap in cell counter_8bit
Note:  Implicit pin VNW in instance PHY_EDGE_ROW_10_Left_27 of gf180mcu_fd_sc_mcu7t5v0__endcap in cell counter_8bit
Note:  Implicit pin VPW in instance PHY_EDGE_ROW_10_Left_27 of gf180mcu_fd_sc_mcu7t5v0__endcap in cell counter_8bit
Note:  Implicit pin VNW in instance PHY_EDGE_ROW_10_Right_10 of gf180mcu_fd_sc_mcu7t5v0__endcap in cell counter_8bit
Note:  Implicit pin VPW in instance PHY_EDGE_ROW_10_Right_10 of gf180mcu_fd_sc_mcu7t5v0__endcap in cell counter_8bit
Note:  Implicit pin VNW in instance PHY_EDGE_ROW_11_Left_28 of gf180mcu_fd_sc_mcu7t5v0__endcap in cell counter_8bit
Note:  Implicit pin VPW in instance PHY_EDGE_ROW_11_Left_28 of gf180mcu_fd_sc_mcu7t5v0__endcap in cell counter_8bit
Note:  Implicit pin VNW in instance PHY_EDGE_ROW_11_Right_11 of gf180mcu_fd_sc_mcu7t5v0__endcap in cell counter_8bit
Note:  Implicit pin VPW in instance PHY_EDGE_ROW_11_Right_11 of gf180mcu_fd_sc_mcu7t5v0__endcap in cell counter_8bit
Note:  Implicit pin VNW in instance PHY_EDGE_ROW_12_Left_29 of gf180mcu_fd_sc_mcu7t5v0__endcap in cell counter_8bit
Note:  Implicit pin VPW in instance PHY_EDGE_ROW_12_Left_29 of gf180mcu_fd_sc_mcu7t5v0__endcap in cell counter_8bit
Note:  Implicit pin VNW in instance PHY_EDGE_ROW_12_Right_12 of gf180mcu_fd_sc_mcu7t5v0__endcap in cell counter_8bit
Note:  Implicit pin VPW in instance PHY_EDGE_ROW_12_Right_12 of gf180mcu_fd_sc_mcu7t5v0__endcap in cell counter_8bit
Note:  Implicit pin VNW in instance PHY_EDGE_ROW_13_Left_30 of gf180mcu_fd_sc_mcu7t5v0__endcap in cell counter_8bit
Note:  Implicit pin VPW in instance PHY_EDGE_ROW_13_Left_30 of gf180mcu_fd_sc_mcu7t5v0__endcap in cell counter_8bit
Note:  Implicit pin VNW in instance PHY_EDGE_ROW_13_Right_13 of gf180mcu_fd_sc_mcu7t5v0__endcap in cell counter_8bit
Note:  Implicit pin VPW in instance PHY_EDGE_ROW_13_Right_13 of gf180mcu_fd_sc_mcu7t5v0__endcap in cell counter_8bit
Note:  Implicit pin VNW in instance PHY_EDGE_ROW_14_Left_31 of gf180mcu_fd_sc_mcu7t5v0__endcap in cell counter_8bit
Note:  Implicit pin VPW in instance PHY_EDGE_ROW_14_Left_31 of gf180mcu_fd_sc_mcu7t5v0__endcap in cell counter_8bit
Note:  Implicit pin VNW in instance PHY_EDGE_ROW_14_Right_14 of gf180mcu_fd_sc_mcu7t5v0__endcap in cell counter_8bit
Note:  Implicit pin VPW in instance PHY_EDGE_ROW_14_Right_14 of gf180mcu_fd_sc_mcu7t5v0__endcap in cell counter_8bit
Note:  Implicit pin VNW in instance PHY_EDGE_ROW_15_Left_32 of gf180mcu_fd_sc_mcu7t5v0__endcap in cell counter_8bit
Note:  Implicit pin VPW in instance PHY_EDGE_ROW_15_Left_32 of gf180mcu_fd_sc_mcu7t5v0__endcap in cell counter_8bit
Note:  Implicit pin VNW in instance PHY_EDGE_ROW_15_Right_15 of gf180mcu_fd_sc_mcu7t5v0__endcap in cell counter_8bit
Note:  Implicit pin VPW in instance PHY_EDGE_ROW_15_Right_15 of gf180mcu_fd_sc_mcu7t5v0__endcap in cell counter_8bit
Note:  Implicit pin VNW in instance PHY_EDGE_ROW_16_Left_33 of gf180mcu_fd_sc_mcu7t5v0__endcap in cell counter_8bit
Note:  Implicit pin VPW in instance PHY_EDGE_ROW_16_Left_33 of gf180mcu_fd_sc_mcu7t5v0__endcap in cell counter_8bit
Note:  Implicit pin VNW in instance PHY_EDGE_ROW_16_Right_16 of gf180mcu_fd_sc_mcu7t5v0__endcap in cell counter_8bit
Note:  Implicit pin VPW in instance PHY_EDGE_ROW_16_Right_16 of gf180mcu_fd_sc_mcu7t5v0__endcap in cell counter_8bit
Note:  Implicit pin VNW in instance PHY_EDGE_ROW_1_Left_18 of gf180mcu_fd_sc_mcu7t5v0__endcap in cell counter_8bit
Note:  Implicit pin VPW in instance PHY_EDGE_ROW_1_Left_18 of gf180mcu_fd_sc_mcu7t5v0__endcap in cell counter_8bit
Note:  Implicit pin VNW in instance PHY_EDGE_ROW_1_Right_1 of gf180mcu_fd_sc_mcu7t5v0__endcap in cell counter_8bit
Note:  Implicit pin VPW in instance PHY_EDGE_ROW_1_Right_1 of gf180mcu_fd_sc_mcu7t5v0__endcap in cell counter_8bit
Note:  Implicit pin VNW in instance PHY_EDGE_ROW_2_Left_19 of gf180mcu_fd_sc_mcu7t5v0__endcap in cell counter_8bit
Note:  Implicit pin VPW in instance PHY_EDGE_ROW_2_Left_19 of gf180mcu_fd_sc_mcu7t5v0__endcap in cell counter_8bit
Note:  Implicit pin VNW in instance PHY_EDGE_ROW_2_Right_2 of gf180mcu_fd_sc_mcu7t5v0__endcap in cell counter_8bit
Note:  Implicit pin VPW in instance PHY_EDGE_ROW_2_Right_2 of gf180mcu_fd_sc_mcu7t5v0__endcap in cell counter_8bit
Note:  Implicit pin VNW in instance PHY_EDGE_ROW_3_Left_20 of gf180mcu_fd_sc_mcu7t5v0__endcap in cell counter_8bit
Note:  Implicit pin VPW in instance PHY_EDGE_ROW_3_Left_20 of gf180mcu_fd_sc_mcu7t5v0__endcap in cell counter_8bit
Note:  Implicit pin VNW in instance PHY_EDGE_ROW_3_Right_3 of gf180mcu_fd_sc_mcu7t5v0__endcap in cell counter_8bit
Note:  Implicit pin VPW in instance PHY_EDGE_ROW_3_Right_3 of gf180mcu_fd_sc_mcu7t5v0__endcap in cell counter_8bit
Note:  Implicit pin VNW in instance PHY_EDGE_ROW_4_Left_21 of gf180mcu_fd_sc_mcu7t5v0__endcap in cell counter_8bit
Note:  Implicit pin VPW in instance PHY_EDGE_ROW_4_Left_21 of gf180mcu_fd_sc_mcu7t5v0__endcap in cell counter_8bit
Note:  Implicit pin VNW in instance PHY_EDGE_ROW_4_Right_4 of gf180mcu_fd_sc_mcu7t5v0__endcap in cell counter_8bit
Note:  Implicit pin VPW in instance PHY_EDGE_ROW_4_Right_4 of gf180mcu_fd_sc_mcu7t5v0__endcap in cell counter_8bit
Note:  Implicit pin VNW in instance PHY_EDGE_ROW_5_Left_22 of gf180mcu_fd_sc_mcu7t5v0__endcap in cell counter_8bit
Note:  Implicit pin VPW in instance PHY_EDGE_ROW_5_Left_22 of gf180mcu_fd_sc_mcu7t5v0__endcap in cell counter_8bit
Note:  Implicit pin VNW in instance PHY_EDGE_ROW_5_Right_5 of gf180mcu_fd_sc_mcu7t5v0__endcap in cell counter_8bit
Note:  Implicit pin VPW in instance PHY_EDGE_ROW_5_Right_5 of gf180mcu_fd_sc_mcu7t5v0__endcap in cell counter_8bit
Note:  Implicit pin VNW in instance PHY_EDGE_ROW_6_Left_23 of gf180mcu_fd_sc_mcu7t5v0__endcap in cell counter_8bit
Note:  Implicit pin VPW in instance PHY_EDGE_ROW_6_Left_23 of gf180mcu_fd_sc_mcu7t5v0__endcap in cell counter_8bit
Note:  Implicit pin VNW in instance PHY_EDGE_ROW_6_Right_6 of gf180mcu_fd_sc_mcu7t5v0__endcap in cell counter_8bit
Note:  Implicit pin VPW in instance PHY_EDGE_ROW_6_Right_6 of gf180mcu_fd_sc_mcu7t5v0__endcap in cell counter_8bit
Note:  Implicit pin VNW in instance PHY_EDGE_ROW_7_Left_24 of gf180mcu_fd_sc_mcu7t5v0__endcap in cell counter_8bit
Note:  Implicit pin VPW in instance PHY_EDGE_ROW_7_Left_24 of gf180mcu_fd_sc_mcu7t5v0__endcap in cell counter_8bit
Note:  Implicit pin VNW in instance PHY_EDGE_ROW_7_Right_7 of gf180mcu_fd_sc_mcu7t5v0__endcap in cell counter_8bit
Note:  Implicit pin VPW in instance PHY_EDGE_ROW_7_Right_7 of gf180mcu_fd_sc_mcu7t5v0__endcap in cell counter_8bit
Note:  Implicit pin VNW in instance PHY_EDGE_ROW_8_Left_25 of gf180mcu_fd_sc_mcu7t5v0__endcap in cell counter_8bit
Note:  Implicit pin VPW in instance PHY_EDGE_ROW_8_Left_25 of gf180mcu_fd_sc_mcu7t5v0__endcap in cell counter_8bit
Note:  Implicit pin VNW in instance PHY_EDGE_ROW_8_Right_8 of gf180mcu_fd_sc_mcu7t5v0__endcap in cell counter_8bit
Note:  Implicit pin VPW in instance PHY_EDGE_ROW_8_Right_8 of gf180mcu_fd_sc_mcu7t5v0__endcap in cell counter_8bit
Note:  Implicit pin VNW in instance PHY_EDGE_ROW_9_Left_26 of gf180mcu_fd_sc_mcu7t5v0__endcap in cell counter_8bit
Note:  Implicit pin VPW in instance PHY_EDGE_ROW_9_Left_26 of gf180mcu_fd_sc_mcu7t5v0__endcap in cell counter_8bit
Note:  Implicit pin VNW in instance PHY_EDGE_ROW_9_Right_9 of gf180mcu_fd_sc_mcu7t5v0__endcap in cell counter_8bit
Note:  Implicit pin VPW in instance PHY_EDGE_ROW_9_Right_9 of gf180mcu_fd_sc_mcu7t5v0__endcap in cell counter_8bit
Note:  Implicit pin Z in instance clkload0 of gf180mcu_fd_sc_mcu7t5v0__clkbuf_2 in cell counter_8bit
Treating empty subcircuits as black-box cells
Generating JSON file result

Reading setup file /home/windyphony/unic-cass/envs/librelane/lib/python3.12/site-packages/librelane/scripts/netgen/setup.tcl

Model nfet_05v0 pin 1 == 3
No property par1 found for device nfet_05v0
No property NRD found for device nfet_05v0
No property NRS found for device nfet_05v0
No property par found for device nfet_05v0
No property sa found for device nfet_05v0
No property sb found for device nfet_05v0
No property sd found for device nfet_05v0
No property par found for device nfet_05v0
No property dtemp found for device nfet_05v0
No property nf found for device nfet_05v0
No property as found for device nfet_05v0
No property ad found for device nfet_05v0
No property ps found for device nfet_05v0
No property pd found for device nfet_05v0
No property $D found for device nfet_05v0
No property $X found for device nfet_05v0
No property $Y found for device nfet_05v0
Model pfet_05v0 pin 1 == 3
No property par1 found for device pfet_05v0
No property NRD found for device pfet_05v0
No property NRS found for device pfet_05v0
No property par found for device pfet_05v0
No property sa found for device pfet_05v0
No property sb found for device pfet_05v0
No property sd found for device pfet_05v0
No property par found for device pfet_05v0
No property dtemp found for device pfet_05v0
No property nf found for device pfet_05v0
No property as found for device pfet_05v0
No property ad found for device pfet_05v0
No property ps found for device pfet_05v0
No property pd found for device pfet_05v0
No property $D found for device pfet_05v0
No property $X found for device pfet_05v0
No property $Y found for device pfet_05v0
No property par1 found for device diode_nd2ps_06v0
No property par1 found for device diode_pd2nw_06v0
Comparison output logged to file /home/windyphony/heichips25-workshop/exercise_4/counter_8bit/runs/RUN_2026-05-11_22-31-40/70-netgen-lvs/reports/lvs.netgen.rpt
Logging to file "/home/windyphony/heichips25-workshop/exercise_4/counter_8bit/runs/RUN_2026-05-11_22-31-40/70-netgen-lvs/reports/lvs.netgen.rpt" enabled

Contents of circuit 1:  Circuit: 'gf180mcu_fd_sc_mcu7t5v0__fillcap_8'
Circuit gf180mcu_fd_sc_mcu7t5v0__fillcap_8 contains 0 device instances.
Circuit contains 0 nets, and 4 disconnected pins.
Contents of circuit 2:  Circuit: 'gf180mcu_fd_sc_mcu7t5v0__fillcap_8'
Circuit gf180mcu_fd_sc_mcu7t5v0__fillcap_8 contains 4 device instances.
  Class: pfet_05v0             instances:   2
  Class: nfet_05v0             instances:   2
Circuit contains 8 nets.

Circuit gf180mcu_fd_sc_mcu7t5v0__fillcap_8 contains no devices.

Contents of circuit 1:  Circuit: 'gf180mcu_fd_sc_mcu7t5v0__nand2_1'
Circuit gf180mcu_fd_sc_mcu7t5v0__nand2_1 contains 0 device instances.
Circuit contains 0 nets, and 7 disconnected pins.
Contents of circuit 2:  Circuit: 'gf180mcu_fd_sc_mcu7t5v0__nand2_1'
Circuit gf180mcu_fd_sc_mcu7t5v0__nand2_1 contains 4 device instances.
  Class: pfet_05v0             instances:   2
  Class: nfet_05v0             instances:   2
Circuit contains 8 nets.

Circuit gf180mcu_fd_sc_mcu7t5v0__nand2_1 contains no devices.

Contents of circuit 1:  Circuit: 'gf180mcu_fd_sc_mcu7t5v0__nand4_1'
Circuit gf180mcu_fd_sc_mcu7t5v0__nand4_1 contains 0 device instances.
Circuit contains 0 nets, and 9 disconnected pins.
Contents of circuit 2:  Circuit: 'gf180mcu_fd_sc_mcu7t5v0__nand4_1'
Circuit gf180mcu_fd_sc_mcu7t5v0__nand4_1 contains 8 device instances.
  Class: pfet_05v0             instances:   4
  Class: nfet_05v0             instances:   4
Circuit contains 12 nets.

Circuit gf180mcu_fd_sc_mcu7t5v0__nand4_1 contains no devices.

Contents of circuit 1:  Circuit: 'gf180mcu_fd_sc_mcu7t5v0__fillcap_4'
Circuit gf180mcu_fd_sc_mcu7t5v0__fillcap_4 contains 0 device instances.
Circuit contains 0 nets, and 4 disconnected pins.
Contents of circuit 2:  Circuit: 'gf180mcu_fd_sc_mcu7t5v0__fillcap_4'
Circuit gf180mcu_fd_sc_mcu7t5v0__fillcap_4 contains 2 device instances.
  Class: pfet_05v0             instances:   1
  Class: nfet_05v0             instances:   1
Circuit contains 6 nets.

Circuit gf180mcu_fd_sc_mcu7t5v0__fillcap_4 contains no devices.

Contents of circuit 1:  Circuit: 'gf180mcu_fd_sc_mcu7t5v0__dlyb_1'
Circuit gf180mcu_fd_sc_mcu7t5v0__dlyb_1 contains 0 device instances.
Circuit contains 0 nets, and 6 disconnected pins.
Contents of circuit 2:  Circuit: 'gf180mcu_fd_sc_mcu7t5v0__dlyb_1'
Circuit gf180mcu_fd_sc_mcu7t5v0__dlyb_1 contains 12 device instances.
  Class: pfet_05v0             instances:   6
  Class: nfet_05v0             instances:   6
Circuit contains 13 nets.

Circuit gf180mcu_fd_sc_mcu7t5v0__dlyb_1 contains no devices.

Contents of circuit 1:  Circuit: 'gf180mcu_fd_sc_mcu7t5v0__and3_1'
Circuit gf180mcu_fd_sc_mcu7t5v0__and3_1 contains 0 device instances.
Circuit contains 0 nets, and 8 disconnected pins.
Contents of circuit 2:  Circuit: 'gf180mcu_fd_sc_mcu7t5v0__and3_1'
Circuit gf180mcu_fd_sc_mcu7t5v0__and3_1 contains 8 device instances.
  Class: pfet_05v0             instances:   4
  Class: nfet_05v0             instances:   4
Circuit contains 11 nets.

Circuit gf180mcu_fd_sc_mcu7t5v0__and3_1 contains no devices.

Contents of circuit 1:  Circuit: 'gf180mcu_fd_sc_mcu7t5v0__fillcap_16'
Circuit gf180mcu_fd_sc_mcu7t5v0__fillcap_16 contains 0 device instances.
Circuit contains 0 nets, and 4 disconnected pins.
Contents of circuit 2:  Circuit: 'gf180mcu_fd_sc_mcu7t5v0__fillcap_16'
Circuit gf180mcu_fd_sc_mcu7t5v0__fillcap_16 contains 8 device instances.
  Class: pfet_05v0             instances:   4
  Class: nfet_05v0             instances:   4
Circuit contains 12 nets.

Circuit gf180mcu_fd_sc_mcu7t5v0__fillcap_16 contains no devices.

Contents of circuit 1:  Circuit: 'gf180mcu_fd_sc_mcu7t5v0__and4_1'
Circuit gf180mcu_fd_sc_mcu7t5v0__and4_1 contains 0 device instances.
Circuit contains 0 nets, and 9 disconnected pins.
Contents of circuit 2:  Circuit: 'gf180mcu_fd_sc_mcu7t5v0__and4_1'
Circuit gf180mcu_fd_sc_mcu7t5v0__and4_1 contains 10 device instances.
  Class: pfet_05v0             instances:   5
  Class: nfet_05v0             instances:   5
Circuit contains 13 nets.

Circuit gf180mcu_fd_sc_mcu7t5v0__and4_1 contains no devices.

Contents of circuit 1:  Circuit: 'gf180mcu_fd_sc_mcu7t5v0__or4_1'
Circuit gf180mcu_fd_sc_mcu7t5v0__or4_1 contains 0 device instances.
Circuit contains 0 nets, and 9 disconnected pins.
Contents of circuit 2:  Circuit: 'gf180mcu_fd_sc_mcu7t5v0__or4_1'
Circuit gf180mcu_fd_sc_mcu7t5v0__or4_1 contains 10 device instances.
  Class: pfet_05v0             instances:   5
  Class: nfet_05v0             instances:   5
Circuit contains 13 nets.

Circuit gf180mcu_fd_sc_mcu7t5v0__or4_1 contains no devices.

Contents of circuit 1:  Circuit: 'gf180mcu_fd_sc_mcu7t5v0__nor2_1'
Circuit gf180mcu_fd_sc_mcu7t5v0__nor2_1 contains 0 device instances.
Circuit contains 0 nets, and 7 disconnected pins.
Contents of circuit 2:  Circuit: 'gf180mcu_fd_sc_mcu7t5v0__nor2_1'
Circuit gf180mcu_fd_sc_mcu7t5v0__nor2_1 contains 4 device instances.
  Class: pfet_05v0             instances:   2
  Class: nfet_05v0             instances:   2
Circuit contains 8 nets.

Circuit gf180mcu_fd_sc_mcu7t5v0__nor2_1 contains no devices.

Contents of circuit 1:  Circuit: 'gf180mcu_fd_sc_mcu7t5v0__oai31_1'
Circuit gf180mcu_fd_sc_mcu7t5v0__oai31_1 contains 0 device instances.
Circuit contains 0 nets, and 9 disconnected pins.
Contents of circuit 2:  Circuit: 'gf180mcu_fd_sc_mcu7t5v0__oai31_1'
Circuit gf180mcu_fd_sc_mcu7t5v0__oai31_1 contains 8 device instances.
  Class: pfet_05v0             instances:   4
  Class: nfet_05v0             instances:   4
Circuit contains 12 nets.

Circuit gf180mcu_fd_sc_mcu7t5v0__oai31_1 contains no devices.

Contents of circuit 1:  Circuit: 'gf180mcu_fd_sc_mcu7t5v0__aoi211_1'
Circuit gf180mcu_fd_sc_mcu7t5v0__aoi211_1 contains 0 device instances.
Circuit contains 0 nets, and 9 disconnected pins.
Contents of circuit 2:  Circuit: 'gf180mcu_fd_sc_mcu7t5v0__aoi211_1'
Circuit gf180mcu_fd_sc_mcu7t5v0__aoi211_1 contains 8 device instances.
  Class: pfet_05v0             instances:   4
  Class: nfet_05v0             instances:   4
Circuit contains 12 nets.

Circuit gf180mcu_fd_sc_mcu7t5v0__aoi211_1 contains no devices.

Contents of circuit 1:  Circuit: 'gf180mcu_fd_sc_mcu7t5v0__fillcap_32'
Circuit gf180mcu_fd_sc_mcu7t5v0__fillcap_32 contains 0 device instances.
Circuit contains 0 nets, and 4 disconnected pins.
Contents of circuit 2:  Circuit: 'gf180mcu_fd_sc_mcu7t5v0__fillcap_32'
Circuit gf180mcu_fd_sc_mcu7t5v0__fillcap_32 contains 16 device instances.
  Class: pfet_05v0             instances:   8
  Class: nfet_05v0             instances:   8
Circuit contains 20 nets.

Circuit gf180mcu_fd_sc_mcu7t5v0__fillcap_32 contains no devices.

Contents of circuit 1:  Circuit: 'gf180mcu_fd_sc_mcu7t5v0__clkbuf_2'
Circuit gf180mcu_fd_sc_mcu7t5v0__clkbuf_2 contains 0 device instances.
Circuit contains 0 nets, and 6 disconnected pins.
Contents of circuit 2:  Circuit: 'gf180mcu_fd_sc_mcu7t5v0__clkbuf_2'
Circuit gf180mcu_fd_sc_mcu7t5v0__clkbuf_2 contains 6 device instances.
  Class: pfet_05v0             instances:   3
  Class: nfet_05v0             instances:   3
Circuit contains 7 nets.

Circuit gf180mcu_fd_sc_mcu7t5v0__clkbuf_2 contains no devices.

Contents of circuit 1:  Circuit: 'gf180mcu_fd_sc_mcu7t5v0__nand3_1'
Circuit gf180mcu_fd_sc_mcu7t5v0__nand3_1 contains 0 device instances.
Circuit contains 0 nets, and 8 disconnected pins.
Contents of circuit 2:  Circuit: 'gf180mcu_fd_sc_mcu7t5v0__nand3_1'
Circuit gf180mcu_fd_sc_mcu7t5v0__nand3_1 contains 6 device instances.
  Class: pfet_05v0             instances:   3
  Class: nfet_05v0             instances:   3
Circuit contains 10 nets.

Circuit gf180mcu_fd_sc_mcu7t5v0__nand3_1 contains no devices.

Contents of circuit 1:  Circuit: 'gf180mcu_fd_sc_mcu7t5v0__nor3_1'
Circuit gf180mcu_fd_sc_mcu7t5v0__nor3_1 contains 0 device instances.
Circuit contains 0 nets, and 8 disconnected pins.
Contents of circuit 2:  Circuit: 'gf180mcu_fd_sc_mcu7t5v0__nor3_1'
Circuit gf180mcu_fd_sc_mcu7t5v0__nor3_1 contains 6 device instances.
  Class: pfet_05v0             instances:   3
  Class: nfet_05v0             instances:   3
Circuit contains 10 nets.

Circuit gf180mcu_fd_sc_mcu7t5v0__nor3_1 contains no devices.

Contents of circuit 1:  Circuit: 'gf180mcu_fd_sc_mcu7t5v0__aoi21_1'
Circuit gf180mcu_fd_sc_mcu7t5v0__aoi21_1 contains 0 device instances.
Circuit contains 0 nets, and 8 disconnected pins.
Contents of circuit 2:  Circuit: 'gf180mcu_fd_sc_mcu7t5v0__aoi21_1'
Circuit gf180mcu_fd_sc_mcu7t5v0__aoi21_1 contains 6 device instances.
  Class: pfet_05v0             instances:   3
  Class: nfet_05v0             instances:   3
Circuit contains 10 nets.

Circuit gf180mcu_fd_sc_mcu7t5v0__aoi21_1 contains no devices.

Contents of circuit 1:  Circuit: 'gf180mcu_fd_sc_mcu7t5v0__clkbuf_16'
Circuit gf180mcu_fd_sc_mcu7t5v0__clkbuf_16 contains 0 device instances.
Circuit contains 0 nets, and 6 disconnected pins.
Contents of circuit 2:  Circuit: 'gf180mcu_fd_sc_mcu7t5v0__clkbuf_16'
Circuit gf180mcu_fd_sc_mcu7t5v0__clkbuf_16 contains 46 device instances.
  Class: pfet_05v0             instances:  24
  Class: nfet_05v0             instances:  22
Circuit contains 7 nets.

Circuit gf180mcu_fd_sc_mcu7t5v0__clkbuf_16 contains no devices.

Contents of circuit 1:  Circuit: 'gf180mcu_fd_sc_mcu7t5v0__aoi22_1'
Circuit gf180mcu_fd_sc_mcu7t5v0__aoi22_1 contains 0 device instances.
Circuit contains 0 nets, and 9 disconnected pins.
Contents of circuit 2:  Circuit: 'gf180mcu_fd_sc_mcu7t5v0__aoi22_1'
Circuit gf180mcu_fd_sc_mcu7t5v0__aoi22_1 contains 8 device instances.
  Class: pfet_05v0             instances:   4
  Class: nfet_05v0             instances:   4
Circuit contains 12 nets.

Circuit gf180mcu_fd_sc_mcu7t5v0__aoi22_1 contains no devices.

Contents of circuit 1:  Circuit: 'gf180mcu_fd_sc_mcu7t5v0__clkinv_1'
Circuit gf180mcu_fd_sc_mcu7t5v0__clkinv_1 contains 0 device instances.
Circuit contains 0 nets, and 6 disconnected pins.
Contents of circuit 2:  Circuit: 'gf180mcu_fd_sc_mcu7t5v0__clkinv_1'
Circuit gf180mcu_fd_sc_mcu7t5v0__clkinv_1 contains 2 device instances.
  Class: pfet_05v0             instances:   1
  Class: nfet_05v0             instances:   1
Circuit contains 6 nets.

Circuit gf180mcu_fd_sc_mcu7t5v0__clkinv_1 contains no devices.

Contents of circuit 1:  Circuit: 'gf180mcu_fd_sc_mcu7t5v0__dffq_1'
Circuit gf180mcu_fd_sc_mcu7t5v0__dffq_1 contains 0 device instances.
Circuit contains 0 nets, and 7 disconnected pins.
Contents of circuit 2:  Circuit: 'gf180mcu_fd_sc_mcu7t5v0__dffq_1'
Circuit gf180mcu_fd_sc_mcu7t5v0__dffq_1 contains 24 device instances.
  Class: pfet_05v0             instances:  12
  Class: nfet_05v0             instances:  12
Circuit contains 19 nets.

Circuit gf180mcu_fd_sc_mcu7t5v0__dffq_1 contains no devices.

Contents of circuit 1:  Circuit: 'gf180mcu_fd_sc_mcu7t5v0__oai21_1'
Circuit gf180mcu_fd_sc_mcu7t5v0__oai21_1 contains 0 device instances.
Circuit contains 0 nets, and 8 disconnected pins.
Contents of circuit 2:  Circuit: 'gf180mcu_fd_sc_mcu7t5v0__oai21_1'
Circuit gf180mcu_fd_sc_mcu7t5v0__oai21_1 contains 6 device instances.
  Class: pfet_05v0             instances:   3
  Class: nfet_05v0             instances:   3
Circuit contains 10 nets.

Circuit gf180mcu_fd_sc_mcu7t5v0__oai21_1 contains no devices.

Contents of circuit 1:  Circuit: 'gf180mcu_fd_sc_mcu7t5v0__fillcap_64'
Circuit gf180mcu_fd_sc_mcu7t5v0__fillcap_64 contains 0 device instances.
Circuit contains 0 nets, and 4 disconnected pins.
Contents of circuit 2:  Circuit: 'gf180mcu_fd_sc_mcu7t5v0__fillcap_64'
Circuit gf180mcu_fd_sc_mcu7t5v0__fillcap_64 contains 32 device instances.
  Class: pfet_05v0             instances:  16
  Class: nfet_05v0             instances:  16
Circuit contains 36 nets.

Circuit gf180mcu_fd_sc_mcu7t5v0__fillcap_64 contains no devices.

Contents of circuit 1:  Circuit: 'counter_8bit'
Circuit counter_8bit contains 135 device instances.
  Class: gf180mcu_fd_sc_mcu7t5v0__nand3_1 instances:   2
  Class: gf180mcu_fd_sc_mcu7t5v0__dffq_1 instances:   9
  Class: gf180mcu_fd_sc_mcu7t5v0__dlyb_1 instances:  11
  Class: gf180mcu_fd_sc_mcu7t5v0__and3_1 instances:   2
  Class: gf180mcu_fd_sc_mcu7t5v0__nand2_1 instances:   5
  Class: gf180mcu_fd_sc_mcu7t5v0__aoi22_1 instances:   1
  Class: gf180mcu_fd_sc_mcu7t5v0__clkbuf_2 instances:   1
  Class: gf180mcu_fd_sc_mcu7t5v0__or4_1 instances:   1
  Class: gf180mcu_fd_sc_mcu7t5v0__clkinv_1 instances:   7
  Class: gf180mcu_fd_sc_mcu7t5v0__oai31_1 instances:   2
  Class: gf180mcu_fd_sc_mcu7t5v0__clkbuf_16 instances:   3
  Class: gf180mcu_fd_sc_mcu7t5v0__aoi21_1 instances:   4
  Class: gf180mcu_fd_sc_mcu7t5v0__aoi211_1 instances:   1
  Class: gf180mcu_fd_sc_mcu7t5v0__nor3_1 instances:   3
  Class: gf180mcu_fd_sc_mcu7t5v0__oai21_1 instances:   2
  Class: gf180mcu_fd_sc_mcu7t5v0__fillcap_4 instances:  26
  Class: gf180mcu_fd_sc_mcu7t5v0__fillcap_8 instances:  24
  Class: gf180mcu_fd_sc_mcu7t5v0__fillcap_64 instances:   2
  Class: gf180mcu_fd_sc_mcu7t5v0__fillcap_16 instances:  13
  Class: gf180mcu_fd_sc_mcu7t5v0__nor2_1 instances:   1
  Class: gf180mcu_fd_sc_mcu7t5v0__nand4_1 instances:   2
  Class: gf180mcu_fd_sc_mcu7t5v0__fillcap_32 instances:  12
  Class: gf180mcu_fd_sc_mcu7t5v0__and4_1 instances:   1
Circuit contains 63 nets.
Contents of circuit 2:  Circuit: 'counter_8bit'
Circuit counter_8bit contains 135 device instances.
  Class: gf180mcu_fd_sc_mcu7t5v0__nand3_1 instances:   2
  Class: gf180mcu_fd_sc_mcu7t5v0__dffq_1 instances:   9
  Class: gf180mcu_fd_sc_mcu7t5v0__dlyb_1 instances:  11
  Class: gf180mcu_fd_sc_mcu7t5v0__and3_1 instances:   2
  Class: gf180mcu_fd_sc_mcu7t5v0__nand2_1 instances:   5
  Class: gf180mcu_fd_sc_mcu7t5v0__aoi22_1 instances:   1
  Class: gf180mcu_fd_sc_mcu7t5v0__clkbuf_2 instances:   1
  Class: gf180mcu_fd_sc_mcu7t5v0__or4_1 instances:   1
  Class: gf180mcu_fd_sc_mcu7t5v0__oai31_1 instances:   2
  Class: gf180mcu_fd_sc_mcu7t5v0__clkinv_1 instances:   7
  Class: gf180mcu_fd_sc_mcu7t5v0__clkbuf_16 instances:   3
  Class: gf180mcu_fd_sc_mcu7t5v0__aoi21_1 instances:   4
  Class: gf180mcu_fd_sc_mcu7t5v0__aoi211_1 instances:   1
  Class: gf180mcu_fd_sc_mcu7t5v0__nor3_1 instances:   3
  Class: gf180mcu_fd_sc_mcu7t5v0__oai21_1 instances:   2
  Class: gf180mcu_fd_sc_mcu7t5v0__fillcap_4 instances:  26
  Class: gf180mcu_fd_sc_mcu7t5v0__fillcap_8 instances:  24
  Class: gf180mcu_fd_sc_mcu7t5v0__fillcap_64 instances:   2
  Class: gf180mcu_fd_sc_mcu7t5v0__fillcap_16 instances:  13
  Class: gf180mcu_fd_sc_mcu7t5v0__nor2_1 instances:   1
  Class: gf180mcu_fd_sc_mcu7t5v0__nand4_1 instances:   2
  Class: gf180mcu_fd_sc_mcu7t5v0__fillcap_32 instances:  12
  Class: gf180mcu_fd_sc_mcu7t5v0__and4_1 instances:   1
Circuit contains 131 nets.

Circuit was modified by parallel/series device merging.
New circuit summary:

Contents of circuit 1:  Circuit: 'counter_8bit'
Circuit counter_8bit contains 63 device instances.
  Class: gf180mcu_fd_sc_mcu7t5v0__nand3_1 instances:   2
  Class: gf180mcu_fd_sc_mcu7t5v0__dffq_1 instances:   9
  Class: gf180mcu_fd_sc_mcu7t5v0__dlyb_1 instances:  11
  Class: gf180mcu_fd_sc_mcu7t5v0__and3_1 instances:   2
  Class: gf180mcu_fd_sc_mcu7t5v0__nand2_1 instances:   5
  Class: gf180mcu_fd_sc_mcu7t5v0__aoi22_1 instances:   1
  Class: gf180mcu_fd_sc_mcu7t5v0__clkbuf_2 instances:   1
  Class: gf180mcu_fd_sc_mcu7t5v0__or4_1 instances:   1
  Class: gf180mcu_fd_sc_mcu7t5v0__clkinv_1 instances:   7
  Class: gf180mcu_fd_sc_mcu7t5v0__oai31_1 instances:   2
  Class: gf180mcu_fd_sc_mcu7t5v0__clkbuf_16 instances:   3
  Class: gf180mcu_fd_sc_mcu7t5v0__aoi21_1 instances:   4
  Class: gf180mcu_fd_sc_mcu7t5v0__aoi211_1 instances:   1
  Class: gf180mcu_fd_sc_mcu7t5v0__nor3_1 instances:   3
  Class: gf180mcu_fd_sc_mcu7t5v0__oai21_1 instances:   2
  Class: gf180mcu_fd_sc_mcu7t5v0__fillcap_4 instances:   1
  Class: gf180mcu_fd_sc_mcu7t5v0__fillcap_8 instances:   1
  Class: gf180mcu_fd_sc_mcu7t5v0__fillcap_64 instances:   1
  Class: gf180mcu_fd_sc_mcu7t5v0__fillcap_16 instances:   1
  Class: gf180mcu_fd_sc_mcu7t5v0__nor2_1 instances:   1
  Class: gf180mcu_fd_sc_mcu7t5v0__nand4_1 instances:   2
  Class: gf180mcu_fd_sc_mcu7t5v0__fillcap_32 instances:   1
  Class: gf180mcu_fd_sc_mcu7t5v0__and4_1 instances:   1
Circuit contains 63 nets.
Contents of circuit 2:  Circuit: 'counter_8bit'
Circuit counter_8bit contains 63 device instances.
  Class: gf180mcu_fd_sc_mcu7t5v0__nand3_1 instances:   2
  Class: gf180mcu_fd_sc_mcu7t5v0__dffq_1 instances:   9
  Class: gf180mcu_fd_sc_mcu7t5v0__dlyb_1 instances:  11
  Class: gf180mcu_fd_sc_mcu7t5v0__and3_1 instances:   2
  Class: gf180mcu_fd_sc_mcu7t5v0__nand2_1 instances:   5
  Class: gf180mcu_fd_sc_mcu7t5v0__aoi22_1 instances:   1
  Class: gf180mcu_fd_sc_mcu7t5v0__clkbuf_2 instances:   1
  Class: gf180mcu_fd_sc_mcu7t5v0__or4_1 instances:   1
  Class: gf180mcu_fd_sc_mcu7t5v0__oai31_1 instances:   2
  Class: gf180mcu_fd_sc_mcu7t5v0__clkinv_1 instances:   7
  Class: gf180mcu_fd_sc_mcu7t5v0__clkbuf_16 instances:   3
  Class: gf180mcu_fd_sc_mcu7t5v0__aoi21_1 instances:   4
  Class: gf180mcu_fd_sc_mcu7t5v0__aoi211_1 instances:   1
  Class: gf180mcu_fd_sc_mcu7t5v0__nor3_1 instances:   3
  Class: gf180mcu_fd_sc_mcu7t5v0__oai21_1 instances:   2
  Class: gf180mcu_fd_sc_mcu7t5v0__fillcap_4 instances:   1
  Class: gf180mcu_fd_sc_mcu7t5v0__fillcap_8 instances:   1
  Class: gf180mcu_fd_sc_mcu7t5v0__fillcap_64 instances:   1
  Class: gf180mcu_fd_sc_mcu7t5v0__fillcap_16 instances:   1
  Class: gf180mcu_fd_sc_mcu7t5v0__nor2_1 instances:   1
  Class: gf180mcu_fd_sc_mcu7t5v0__nand4_1 instances:   2
  Class: gf180mcu_fd_sc_mcu7t5v0__fillcap_32 instances:   1
  Class: gf180mcu_fd_sc_mcu7t5v0__and4_1 instances:   1
Circuit contains 131 nets.

Circuit 1 contains 63 devices, Circuit 2 contains 63 devices.
Circuit 1 contains 63 nets,    Circuit 2 contains 63 nets.


Final result: 
Circuits match uniquely.
.
Logging to file "/home/windyphony/heichips25-workshop/exercise_4/counter_8bit/runs/RUN_2026-05-11_22-31-40/70-netgen-lvs/reports/lvs.netgen.rpt" disabled
LVS Done.
