
===========================================================================
report_checks -path_delay min (Hold)
============================================================================
======================= nom_tt_025C_5v00 Corner ===================================

Startpoint: _70_ (rising edge-triggered flip-flop clocked by clk_i)
Endpoint: _70_ (rising edge-triggered flip-flop clocked by clk_i)
Path Group: clk_i
Path Type: min

Fanout         Cap        Slew       Delay        Time   Description
---------------------------------------------------------------------------------------------
                                  0.000000    0.000000   clock clk_i (rise edge)
                                  0.000000    0.000000   clock source latency
     9    0.037737    0.186777    0.092714    0.092714 ^ clk_i (in)
                                                         clk_i (net)
                      0.186777    0.000000    0.092714 ^ _70_/CLK (gf180mcu_fd_sc_mcu7t5v0__dffq_1)
     4    0.085621    0.848570    1.161351    1.254065 v _70_/Q (gf180mcu_fd_sc_mcu7t5v0__dffq_1)
                                                         count_o[2] (net)
                      0.848570    0.000199    1.254264 v _39_/I (gf180mcu_fd_sc_mcu7t5v0__clkinv_1)
     1    0.004966    0.274091    0.238330    1.492594 ^ _39_/ZN (gf180mcu_fd_sc_mcu7t5v0__clkinv_1)
                                                         _14_ (net)
                      0.274091    0.000002    1.492597 ^ _51_/A1 (gf180mcu_fd_sc_mcu7t5v0__aoi21_1)
     1    0.002495    0.131786    0.104955    1.597552 v _51_/ZN (gf180mcu_fd_sc_mcu7t5v0__aoi21_1)
                                                         _02_ (net)
                      0.131786    0.000001    1.597553 v _70_/D (gf180mcu_fd_sc_mcu7t5v0__dffq_1)
                                              1.597553   data arrival time

                                  0.000000    0.000000   clock clk_i (rise edge)
                                  0.000000    0.000000   clock source latency
     9    0.037737    0.186777    0.092714    0.092714 ^ clk_i (in)
                                                         clk_i (net)
                      0.186777    0.000000    0.092714 ^ _70_/CLK (gf180mcu_fd_sc_mcu7t5v0__dffq_1)
                                  0.250000    0.342714   clock uncertainty
                                  0.000000    0.342714   clock reconvergence pessimism
                                  0.094797    0.437511   library hold time
                                              0.437511   data required time
---------------------------------------------------------------------------------------------
                                              0.437511   data required time
                                             -1.597553   data arrival time
---------------------------------------------------------------------------------------------
                                              1.160042   slack (MET)


Startpoint: _74_ (rising edge-triggered flip-flop clocked by clk_i)
Endpoint: _74_ (rising edge-triggered flip-flop clocked by clk_i)
Path Group: clk_i
Path Type: min

Fanout         Cap        Slew       Delay        Time   Description
---------------------------------------------------------------------------------------------
                                  0.000000    0.000000   clock clk_i (rise edge)
                                  0.000000    0.000000   clock source latency
     9    0.037737    0.186777    0.092808    0.092808 ^ clk_i (in)
                                                         clk_i (net)
                      0.186777    0.000000    0.092808 ^ _74_/CLK (gf180mcu_fd_sc_mcu7t5v0__dffq_1)
     3    0.083288    0.826416    1.147702    1.240511 v _74_/Q (gf180mcu_fd_sc_mcu7t5v0__dffq_1)
                                                         count_o[6] (net)
                      0.826416    0.000050    1.240561 v _35_/I (gf180mcu_fd_sc_mcu7t5v0__clkinv_1)
     1    0.004907    0.269213    0.234395    1.474955 ^ _35_/ZN (gf180mcu_fd_sc_mcu7t5v0__clkinv_1)
                                                         _10_ (net)
                      0.269213    0.000005    1.474960 ^ _62_/A1 (gf180mcu_fd_sc_mcu7t5v0__aoi211_1)
     1    0.002601    0.159639    0.133254    1.608214 v _62_/ZN (gf180mcu_fd_sc_mcu7t5v0__aoi211_1)
                                                         _06_ (net)
                      0.159639    0.000002    1.608216 v _74_/D (gf180mcu_fd_sc_mcu7t5v0__dffq_1)
                                              1.608216   data arrival time

                                  0.000000    0.000000   clock clk_i (rise edge)
                                  0.000000    0.000000   clock source latency
     9    0.037737    0.186777    0.092808    0.092808 ^ clk_i (in)
                                                         clk_i (net)
                      0.186777    0.000000    0.092808 ^ _74_/CLK (gf180mcu_fd_sc_mcu7t5v0__dffq_1)
                                  0.250000    0.342808   clock uncertainty
                                  0.000000    0.342808   clock reconvergence pessimism
                                  0.087552    0.430361   library hold time
                                              0.430361   data required time
---------------------------------------------------------------------------------------------
                                              0.430361   data required time
                                             -1.608216   data arrival time
---------------------------------------------------------------------------------------------
                                              1.177856   slack (MET)


Startpoint: _76_ (rising edge-triggered flip-flop clocked by clk_i)
Endpoint: _76_ (rising edge-triggered flip-flop clocked by clk_i)
Path Group: clk_i
Path Type: min

Fanout         Cap        Slew       Delay        Time   Description
---------------------------------------------------------------------------------------------
                                  0.000000    0.000000   clock clk_i (rise edge)
                                  0.000000    0.000000   clock source latency
     9    0.037737    0.186777    0.092765    0.092765 ^ clk_i (in)
                                                         clk_i (net)
                      0.186777    0.000000    0.092765 ^ _76_/CLK (gf180mcu_fd_sc_mcu7t5v0__dffq_1)
     2    0.080077    0.795873    1.128642    1.221407 v _76_/Q (gf180mcu_fd_sc_mcu7t5v0__dffq_1)
                                                         ovf_o (net)
                      0.795873    0.000119    1.221526 v _66_/A1 (gf180mcu_fd_sc_mcu7t5v0__nand2_1)
     1    0.004979    0.209303    0.281263    1.502789 ^ _66_/ZN (gf180mcu_fd_sc_mcu7t5v0__nand2_1)
                                                         _33_ (net)
                      0.209303    0.000004    1.502793 ^ _67_/B (gf180mcu_fd_sc_mcu7t5v0__oai21_1)
     1    0.002767    0.124314    0.116425    1.619218 v _67_/ZN (gf180mcu_fd_sc_mcu7t5v0__oai21_1)
                                                         _08_ (net)
                      0.124314    0.000004    1.619222 v _76_/D (gf180mcu_fd_sc_mcu7t5v0__dffq_1)
                                              1.619222   data arrival time

                                  0.000000    0.000000   clock clk_i (rise edge)
                                  0.000000    0.000000   clock source latency
     9    0.037737    0.186777    0.092765    0.092765 ^ clk_i (in)
                                                         clk_i (net)
                      0.186777    0.000000    0.092765 ^ _76_/CLK (gf180mcu_fd_sc_mcu7t5v0__dffq_1)
                                  0.250000    0.342765   clock uncertainty
                                  0.000000    0.342765   clock reconvergence pessimism
                                  0.096471    0.439236   library hold time
                                              0.439236   data required time
---------------------------------------------------------------------------------------------
                                              0.439236   data required time
                                             -1.619222   data arrival time
---------------------------------------------------------------------------------------------
                                              1.179986   slack (MET)


Startpoint: _69_ (rising edge-triggered flip-flop clocked by clk_i)
Endpoint: _69_ (rising edge-triggered flip-flop clocked by clk_i)
Path Group: clk_i
Path Type: min

Fanout         Cap        Slew       Delay        Time   Description
---------------------------------------------------------------------------------------------
                                  0.000000    0.000000   clock clk_i (rise edge)
                                  0.000000    0.000000   clock source latency
     9    0.037737    0.186777    0.092650    0.092650 ^ clk_i (in)
                                                         clk_i (net)
                      0.186777    0.000000    0.092650 ^ _69_/CLK (gf180mcu_fd_sc_mcu7t5v0__dffq_1)
     5    0.090320    0.893199    1.188798    1.281448 v _69_/Q (gf180mcu_fd_sc_mcu7t5v0__dffq_1)
                                                         count_o[1] (net)
                      0.893199    0.000284    1.281732 v _44_/B (gf180mcu_fd_sc_mcu7t5v0__aoi21_1)
     1    0.004631    0.281732    0.326532    1.608264 ^ _44_/ZN (gf180mcu_fd_sc_mcu7t5v0__aoi21_1)
                                                         _18_ (net)
                      0.281732    0.000003    1.608267 ^ _47_/A1 (gf180mcu_fd_sc_mcu7t5v0__nor2_1)
     1    0.002543    0.124787    0.100604    1.708871 v _47_/ZN (gf180mcu_fd_sc_mcu7t5v0__nor2_1)
                                                         _01_ (net)
                      0.124787    0.000002    1.708872 v _69_/D (gf180mcu_fd_sc_mcu7t5v0__dffq_1)
                                              1.708872   data arrival time

                                  0.000000    0.000000   clock clk_i (rise edge)
                                  0.000000    0.000000   clock source latency
     9    0.037737    0.186777    0.092650    0.092650 ^ clk_i (in)
                                                         clk_i (net)
                      0.186777    0.000000    0.092650 ^ _69_/CLK (gf180mcu_fd_sc_mcu7t5v0__dffq_1)
                                  0.250000    0.342650   clock uncertainty
                                  0.000000    0.342650   clock reconvergence pessimism
                                  0.096365    0.439015   library hold time
                                              0.439015   data required time
---------------------------------------------------------------------------------------------
                                              0.439015   data required time
                                             -1.708872   data arrival time
---------------------------------------------------------------------------------------------
                                              1.269857   slack (MET)


Startpoint: _68_ (rising edge-triggered flip-flop clocked by clk_i)
Endpoint: _68_ (rising edge-triggered flip-flop clocked by clk_i)
Path Group: clk_i
Path Type: min

Fanout         Cap        Slew       Delay        Time   Description
---------------------------------------------------------------------------------------------
                                  0.000000    0.000000   clock clk_i (rise edge)
                                  0.000000    0.000000   clock source latency
     9    0.037737    0.186777    0.092718    0.092718 ^ clk_i (in)
                                                         clk_i (net)
                      0.186777    0.000000    0.092718 ^ _68_/CLK (gf180mcu_fd_sc_mcu7t5v0__dffq_1)
     7    0.101324    1.667719    1.638499    1.731217 ^ _68_/Q (gf180mcu_fd_sc_mcu7t5v0__dffq_1)
                                                         count_o[0] (net)
                      1.667719    0.000224    1.731440 ^ _43_/A2 (gf180mcu_fd_sc_mcu7t5v0__aoi22_1)
     1    0.002536    0.175119    0.007500    1.738941 v _43_/ZN (gf180mcu_fd_sc_mcu7t5v0__aoi22_1)
                                                         _00_ (net)
                      0.175119    0.000002    1.738942 v _68_/D (gf180mcu_fd_sc_mcu7t5v0__dffq_1)
                                              1.738942   data arrival time

                                  0.000000    0.000000   clock clk_i (rise edge)
                                  0.000000    0.000000   clock source latency
     9    0.037737    0.186777    0.092718    0.092718 ^ clk_i (in)
                                                         clk_i (net)
                      0.186777    0.000000    0.092718 ^ _68_/CLK (gf180mcu_fd_sc_mcu7t5v0__dffq_1)
                                  0.250000    0.342718   clock uncertainty
                                  0.000000    0.342718   clock reconvergence pessimism
                                  0.083096    0.425814   library hold time
                                              0.425814   data required time
---------------------------------------------------------------------------------------------
                                              0.425814   data required time
                                             -1.738942   data arrival time
---------------------------------------------------------------------------------------------
                                              1.313129   slack (MET)


Startpoint: _72_ (rising edge-triggered flip-flop clocked by clk_i)
Endpoint: _72_ (rising edge-triggered flip-flop clocked by clk_i)
Path Group: clk_i
Path Type: min

Fanout         Cap        Slew       Delay        Time   Description
---------------------------------------------------------------------------------------------
                                  0.000000    0.000000   clock clk_i (rise edge)
                                  0.000000    0.000000   clock source latency
     9    0.037737    0.186777    0.092811    0.092811 ^ clk_i (in)
                                                         clk_i (net)
                      0.186777    0.000000    0.092811 ^ _72_/CLK (gf180mcu_fd_sc_mcu7t5v0__dffq_1)
     5    0.092670    0.916042    1.202601    1.295411 v _72_/Q (gf180mcu_fd_sc_mcu7t5v0__dffq_1)
                                                         count_o[4] (net)
                      0.916042    0.000081    1.295493 v _54_/B (gf180mcu_fd_sc_mcu7t5v0__aoi21_1)
     1    0.004047    0.314213    0.319481    1.614973 ^ _54_/ZN (gf180mcu_fd_sc_mcu7t5v0__aoi21_1)
                                                         _25_ (net)
                      0.314213    0.000001    1.614974 ^ _56_/A2 (gf180mcu_fd_sc_mcu7t5v0__nor3_1)
     1    0.003217    0.166829    0.168974    1.783949 v _56_/ZN (gf180mcu_fd_sc_mcu7t5v0__nor3_1)
                                                         _04_ (net)
                      0.166829    0.000010    1.783958 v _72_/D (gf180mcu_fd_sc_mcu7t5v0__dffq_1)
                                              1.783958   data arrival time

                                  0.000000    0.000000   clock clk_i (rise edge)
                                  0.000000    0.000000   clock source latency
     9    0.037737    0.186777    0.092811    0.092811 ^ clk_i (in)
                                                         clk_i (net)
                      0.186777    0.000000    0.092811 ^ _72_/CLK (gf180mcu_fd_sc_mcu7t5v0__dffq_1)
                                  0.250000    0.342811   clock uncertainty
                                  0.000000    0.342811   clock reconvergence pessimism
                                  0.085482    0.428293   library hold time
                                              0.428293   data required time
---------------------------------------------------------------------------------------------
                                              0.428293   data required time
                                             -1.783958   data arrival time
---------------------------------------------------------------------------------------------
                                              1.355665   slack (MET)


Startpoint: _75_ (rising edge-triggered flip-flop clocked by clk_i)
Endpoint: _75_ (rising edge-triggered flip-flop clocked by clk_i)
Path Group: clk_i
Path Type: min

Fanout         Cap        Slew       Delay        Time   Description
---------------------------------------------------------------------------------------------
                                  0.000000    0.000000   clock clk_i (rise edge)
                                  0.000000    0.000000   clock source latency
     9    0.037737    0.186777    0.092788    0.092788 ^ clk_i (in)
                                                         clk_i (net)
                      0.186777    0.000000    0.092788 ^ _75_/CLK (gf180mcu_fd_sc_mcu7t5v0__dffq_1)
     2    0.078233    0.801206    1.118337    1.211126 v _75_/Q (gf180mcu_fd_sc_mcu7t5v0__dffq_1)
                                                         count_o[7] (net)
                      0.801206    0.000007    1.211133 v _34_/I (gf180mcu_fd_sc_mcu7t5v0__clkinv_1)
     2    0.008453    0.324709    0.287873    1.499006 ^ _34_/ZN (gf180mcu_fd_sc_mcu7t5v0__clkinv_1)
                                                         _09_ (net)
                      0.324709    0.000035    1.499040 ^ _63_/B (gf180mcu_fd_sc_mcu7t5v0__oai31_1)
     1    0.003007    0.166481    0.136366    1.635406 v _63_/ZN (gf180mcu_fd_sc_mcu7t5v0__oai31_1)
                                                         _31_ (net)
                      0.166481    0.000003    1.635409 v _65_/A2 (gf180mcu_fd_sc_mcu7t5v0__and3_1)
     1    0.002662    0.115381    0.312537    1.947947 v _65_/Z (gf180mcu_fd_sc_mcu7t5v0__and3_1)
                                                         _07_ (net)
                      0.115381    0.000003    1.947950 v _75_/D (gf180mcu_fd_sc_mcu7t5v0__dffq_1)
                                              1.947950   data arrival time

                                  0.000000    0.000000   clock clk_i (rise edge)
                                  0.000000    0.000000   clock source latency
     9    0.037737    0.186777    0.092788    0.092788 ^ clk_i (in)
                                                         clk_i (net)
                      0.186777    0.000000    0.092788 ^ _75_/CLK (gf180mcu_fd_sc_mcu7t5v0__dffq_1)
                                  0.250000    0.342788   clock uncertainty
                                  0.000000    0.342788   clock reconvergence pessimism
                                  0.098472    0.441260   library hold time
                                              0.441260   data required time
---------------------------------------------------------------------------------------------
                                              0.441260   data required time
                                             -1.947950   data arrival time
---------------------------------------------------------------------------------------------
                                              1.506689   slack (MET)


Startpoint: _73_ (rising edge-triggered flip-flop clocked by clk_i)
Endpoint: _73_ (rising edge-triggered flip-flop clocked by clk_i)
Path Group: clk_i
Path Type: min

Fanout         Cap        Slew       Delay        Time   Description
---------------------------------------------------------------------------------------------
                                  0.000000    0.000000   clock clk_i (rise edge)
                                  0.000000    0.000000   clock source latency
     9    0.037737    0.186777    0.092819    0.092819 ^ clk_i (in)
                                                         clk_i (net)
                      0.186777    0.000000    0.092819 ^ _73_/CLK (gf180mcu_fd_sc_mcu7t5v0__dffq_1)
     4    0.088942    0.880093    1.180601    1.273420 v _73_/Q (gf180mcu_fd_sc_mcu7t5v0__dffq_1)
                                                         count_o[5] (net)
                      0.880093    0.000153    1.273573 v _36_/I (gf180mcu_fd_sc_mcu7t5v0__clkinv_1)
     1    0.004829    0.277119    0.240192    1.513765 ^ _36_/ZN (gf180mcu_fd_sc_mcu7t5v0__clkinv_1)
                                                         _11_ (net)
                      0.277119    0.000003    1.513768 ^ _57_/B (gf180mcu_fd_sc_mcu7t5v0__oai31_1)
     1    0.002893    0.157442    0.131195    1.644963 v _57_/ZN (gf180mcu_fd_sc_mcu7t5v0__oai31_1)
                                                         _27_ (net)
                      0.157442    0.000002    1.644965 v _59_/A2 (gf180mcu_fd_sc_mcu7t5v0__and3_1)
     1    0.003251    0.121242    0.315348    1.960313 v _59_/Z (gf180mcu_fd_sc_mcu7t5v0__and3_1)
                                                         _05_ (net)
                      0.121242    0.000010    1.960323 v _73_/D (gf180mcu_fd_sc_mcu7t5v0__dffq_1)
                                              1.960323   data arrival time

                                  0.000000    0.000000   clock clk_i (rise edge)
                                  0.000000    0.000000   clock source latency
     9    0.037737    0.186777    0.092819    0.092819 ^ clk_i (in)
                                                         clk_i (net)
                      0.186777    0.000000    0.092819 ^ _73_/CLK (gf180mcu_fd_sc_mcu7t5v0__dffq_1)
                                  0.250000    0.342819   clock uncertainty
                                  0.000000    0.342819   clock reconvergence pessimism
                                  0.097159    0.439978   library hold time
                                              0.439978   data required time
---------------------------------------------------------------------------------------------
                                              0.439978   data required time
                                             -1.960323   data arrival time
---------------------------------------------------------------------------------------------
                                              1.520345   slack (MET)


Startpoint: _71_ (rising edge-triggered flip-flop clocked by clk_i)
Endpoint: _71_ (rising edge-triggered flip-flop clocked by clk_i)
Path Group: clk_i
Path Type: min

Fanout         Cap        Slew       Delay        Time   Description
---------------------------------------------------------------------------------------------
                                  0.000000    0.000000   clock clk_i (rise edge)
                                  0.000000    0.000000   clock source latency
     9    0.037737    0.186777    0.092763    0.092763 ^ clk_i (in)
                                                         clk_i (net)
                      0.186777    0.000000    0.092763 ^ _71_/CLK (gf180mcu_fd_sc_mcu7t5v0__dffq_1)
     4    0.087669    0.868021    1.173298    1.266061 v _71_/Q (gf180mcu_fd_sc_mcu7t5v0__dffq_1)
                                                         count_o[3] (net)
                      0.868021    0.000183    1.266243 v _38_/I (gf180mcu_fd_sc_mcu7t5v0__clkinv_1)
     7    0.032497    0.664936    0.574973    1.841216 ^ _38_/ZN (gf180mcu_fd_sc_mcu7t5v0__clkinv_1)
                                                         _13_ (net)
                      0.664936    0.000007    1.841223 ^ _53_/A1 (gf180mcu_fd_sc_mcu7t5v0__aoi21_1)
     1    0.002598    0.175352    0.107846    1.949069 v _53_/ZN (gf180mcu_fd_sc_mcu7t5v0__aoi21_1)
                                                         _03_ (net)
                      0.175352    0.000002    1.949071 v _71_/D (gf180mcu_fd_sc_mcu7t5v0__dffq_1)
                                              1.949071   data arrival time

                                  0.000000    0.000000   clock clk_i (rise edge)
                                  0.000000    0.000000   clock source latency
     9    0.037737    0.186777    0.092763    0.092763 ^ clk_i (in)
                                                         clk_i (net)
                      0.186777    0.000000    0.092763 ^ _71_/CLK (gf180mcu_fd_sc_mcu7t5v0__dffq_1)
                                  0.250000    0.342763   clock uncertainty
                                  0.000000    0.342763   clock reconvergence pessimism
                                  0.083029    0.425791   library hold time
                                              0.425791   data required time
---------------------------------------------------------------------------------------------
                                              0.425791   data required time
                                             -1.949071   data arrival time
---------------------------------------------------------------------------------------------
                                              1.523280   slack (MET)


Startpoint: _75_ (rising edge-triggered flip-flop clocked by clk_i)
Endpoint: count_o[7] (output port clocked by clk_i)
Path Group: clk_i
Path Type: min

Fanout         Cap        Slew       Delay        Time   Description
---------------------------------------------------------------------------------------------
                                  0.000000    0.000000   clock clk_i (rise edge)
                                  0.000000    0.000000   clock source latency
     9    0.037737    0.186777    0.092788    0.092788 ^ clk_i (in)
                                                         clk_i (net)
                      0.186777    0.000000    0.092788 ^ _75_/CLK (gf180mcu_fd_sc_mcu7t5v0__dffq_1)
     2    0.078233    0.801206    1.118337    1.211126 v _75_/Q (gf180mcu_fd_sc_mcu7t5v0__dffq_1)
                                                         count_o[7] (net)
                      0.801206    0.000260    1.211386 v count_o[7] (out)
                                              1.211386   data arrival time

                                  0.000000    0.000000   clock clk_i (rise edge)
                                  0.000000    0.000000   clock network delay (propagated)
                                  0.250000    0.250000   clock uncertainty
                                  0.000000    0.250000   clock reconvergence pessimism
                                 -5.000000   -4.750000   output external delay
                                             -4.750000   data required time
---------------------------------------------------------------------------------------------
                                             -4.750000   data required time
                                             -1.211386   data arrival time
---------------------------------------------------------------------------------------------
                                              5.961386   slack (MET)


Startpoint: _76_ (rising edge-triggered flip-flop clocked by clk_i)
Endpoint: ovf_o (output port clocked by clk_i)
Path Group: clk_i
Path Type: min

Fanout         Cap        Slew       Delay        Time   Description
---------------------------------------------------------------------------------------------
                                  0.000000    0.000000   clock clk_i (rise edge)
                                  0.000000    0.000000   clock source latency
     9    0.037737    0.186777    0.092765    0.092765 ^ clk_i (in)
                                                         clk_i (net)
                      0.186777    0.000000    0.092765 ^ _76_/CLK (gf180mcu_fd_sc_mcu7t5v0__dffq_1)
     2    0.080077    0.795873    1.128642    1.221407 v _76_/Q (gf180mcu_fd_sc_mcu7t5v0__dffq_1)
                                                         ovf_o (net)
                      0.795873    0.000611    1.222018 v ovf_o (out)
                                              1.222018   data arrival time

                                  0.000000    0.000000   clock clk_i (rise edge)
                                  0.000000    0.000000   clock network delay (propagated)
                                  0.250000    0.250000   clock uncertainty
                                  0.000000    0.250000   clock reconvergence pessimism
                                 -5.000000   -4.750000   output external delay
                                             -4.750000   data required time
---------------------------------------------------------------------------------------------
                                             -4.750000   data required time
                                             -1.222018   data arrival time
---------------------------------------------------------------------------------------------
                                              5.972018   slack (MET)


Startpoint: _74_ (rising edge-triggered flip-flop clocked by clk_i)
Endpoint: count_o[6] (output port clocked by clk_i)
Path Group: clk_i
Path Type: min

Fanout         Cap        Slew       Delay        Time   Description
---------------------------------------------------------------------------------------------
                                  0.000000    0.000000   clock clk_i (rise edge)
                                  0.000000    0.000000   clock source latency
     9    0.037737    0.186777    0.092808    0.092808 ^ clk_i (in)
                                                         clk_i (net)
                      0.186777    0.000000    0.092808 ^ _74_/CLK (gf180mcu_fd_sc_mcu7t5v0__dffq_1)
     3    0.083288    0.826416    1.147702    1.240511 v _74_/Q (gf180mcu_fd_sc_mcu7t5v0__dffq_1)
                                                         count_o[6] (net)
                      0.826416    0.000337    1.240848 v count_o[6] (out)
                                              1.240848   data arrival time

                                  0.000000    0.000000   clock clk_i (rise edge)
                                  0.000000    0.000000   clock network delay (propagated)
                                  0.250000    0.250000   clock uncertainty
                                  0.000000    0.250000   clock reconvergence pessimism
                                 -5.000000   -4.750000   output external delay
                                             -4.750000   data required time
---------------------------------------------------------------------------------------------
                                             -4.750000   data required time
                                             -1.240848   data arrival time
---------------------------------------------------------------------------------------------
                                              5.990849   slack (MET)


Startpoint: _70_ (rising edge-triggered flip-flop clocked by clk_i)
Endpoint: count_o[2] (output port clocked by clk_i)
Path Group: clk_i
Path Type: min

Fanout         Cap        Slew       Delay        Time   Description
---------------------------------------------------------------------------------------------
                                  0.000000    0.000000   clock clk_i (rise edge)
                                  0.000000    0.000000   clock source latency
     9    0.037737    0.186777    0.092714    0.092714 ^ clk_i (in)
                                                         clk_i (net)
                      0.186777    0.000000    0.092714 ^ _70_/CLK (gf180mcu_fd_sc_mcu7t5v0__dffq_1)
     4    0.085621    0.848570    1.161351    1.254065 v _70_/Q (gf180mcu_fd_sc_mcu7t5v0__dffq_1)
                                                         count_o[2] (net)
                      0.848570    0.000370    1.254435 v count_o[2] (out)
                                              1.254435   data arrival time

                                  0.000000    0.000000   clock clk_i (rise edge)
                                  0.000000    0.000000   clock network delay (propagated)
                                  0.250000    0.250000   clock uncertainty
                                  0.000000    0.250000   clock reconvergence pessimism
                                 -5.000000   -4.750000   output external delay
                                             -4.750000   data required time
---------------------------------------------------------------------------------------------
                                             -4.750000   data required time
                                             -1.254435   data arrival time
---------------------------------------------------------------------------------------------
                                              6.004436   slack (MET)


Startpoint: _71_ (rising edge-triggered flip-flop clocked by clk_i)
Endpoint: count_o[3] (output port clocked by clk_i)
Path Group: clk_i
Path Type: min

Fanout         Cap        Slew       Delay        Time   Description
---------------------------------------------------------------------------------------------
                                  0.000000    0.000000   clock clk_i (rise edge)
                                  0.000000    0.000000   clock source latency
     9    0.037737    0.186777    0.092763    0.092763 ^ clk_i (in)
                                                         clk_i (net)
                      0.186777    0.000000    0.092763 ^ _71_/CLK (gf180mcu_fd_sc_mcu7t5v0__dffq_1)
     4    0.087669    0.868021    1.173298    1.266061 v _71_/Q (gf180mcu_fd_sc_mcu7t5v0__dffq_1)
                                                         count_o[3] (net)
                      0.868021    0.000451    1.266512 v count_o[3] (out)
                                              1.266512   data arrival time

                                  0.000000    0.000000   clock clk_i (rise edge)
                                  0.000000    0.000000   clock network delay (propagated)
                                  0.250000    0.250000   clock uncertainty
                                  0.000000    0.250000   clock reconvergence pessimism
                                 -5.000000   -4.750000   output external delay
                                             -4.750000   data required time
---------------------------------------------------------------------------------------------
                                             -4.750000   data required time
                                             -1.266512   data arrival time
---------------------------------------------------------------------------------------------
                                              6.016512   slack (MET)


Startpoint: _73_ (rising edge-triggered flip-flop clocked by clk_i)
Endpoint: count_o[5] (output port clocked by clk_i)
Path Group: clk_i
Path Type: min

Fanout         Cap        Slew       Delay        Time   Description
---------------------------------------------------------------------------------------------
                                  0.000000    0.000000   clock clk_i (rise edge)
                                  0.000000    0.000000   clock source latency
     9    0.037737    0.186777    0.092819    0.092819 ^ clk_i (in)
                                                         clk_i (net)
                      0.186777    0.000000    0.092819 ^ _73_/CLK (gf180mcu_fd_sc_mcu7t5v0__dffq_1)
     4    0.088942    0.880093    1.180601    1.273420 v _73_/Q (gf180mcu_fd_sc_mcu7t5v0__dffq_1)
                                                         count_o[5] (net)
                      0.880093    0.000667    1.274087 v count_o[5] (out)
                                              1.274087   data arrival time

                                  0.000000    0.000000   clock clk_i (rise edge)
                                  0.000000    0.000000   clock network delay (propagated)
                                  0.250000    0.250000   clock uncertainty
                                  0.000000    0.250000   clock reconvergence pessimism
                                 -5.000000   -4.750000   output external delay
                                             -4.750000   data required time
---------------------------------------------------------------------------------------------
                                             -4.750000   data required time
                                             -1.274087   data arrival time
---------------------------------------------------------------------------------------------
                                              6.024087   slack (MET)


Startpoint: _69_ (rising edge-triggered flip-flop clocked by clk_i)
Endpoint: count_o[1] (output port clocked by clk_i)
Path Group: clk_i
Path Type: min

Fanout         Cap        Slew       Delay        Time   Description
---------------------------------------------------------------------------------------------
                                  0.000000    0.000000   clock clk_i (rise edge)
                                  0.000000    0.000000   clock source latency
     9    0.037737    0.186777    0.092650    0.092650 ^ clk_i (in)
                                                         clk_i (net)
                      0.186777    0.000000    0.092650 ^ _69_/CLK (gf180mcu_fd_sc_mcu7t5v0__dffq_1)
     5    0.090320    0.893199    1.188798    1.281448 v _69_/Q (gf180mcu_fd_sc_mcu7t5v0__dffq_1)
                                                         count_o[1] (net)
                      0.893199    0.000490    1.281937 v count_o[1] (out)
                                              1.281937   data arrival time

                                  0.000000    0.000000   clock clk_i (rise edge)
                                  0.000000    0.000000   clock network delay (propagated)
                                  0.250000    0.250000   clock uncertainty
                                  0.000000    0.250000   clock reconvergence pessimism
                                 -5.000000   -4.750000   output external delay
                                             -4.750000   data required time
---------------------------------------------------------------------------------------------
                                             -4.750000   data required time
                                             -1.281937   data arrival time
---------------------------------------------------------------------------------------------
                                              6.031938   slack (MET)


Startpoint: _72_ (rising edge-triggered flip-flop clocked by clk_i)
Endpoint: count_o[4] (output port clocked by clk_i)
Path Group: clk_i
Path Type: min

Fanout         Cap        Slew       Delay        Time   Description
---------------------------------------------------------------------------------------------
                                  0.000000    0.000000   clock clk_i (rise edge)
                                  0.000000    0.000000   clock source latency
     9    0.037737    0.186777    0.092811    0.092811 ^ clk_i (in)
                                                         clk_i (net)
                      0.186777    0.000000    0.092811 ^ _72_/CLK (gf180mcu_fd_sc_mcu7t5v0__dffq_1)
     5    0.092670    0.916042    1.202601    1.295411 v _72_/Q (gf180mcu_fd_sc_mcu7t5v0__dffq_1)
                                                         count_o[4] (net)
                      0.916042    0.000502    1.295914 v count_o[4] (out)
                                              1.295914   data arrival time

                                  0.000000    0.000000   clock clk_i (rise edge)
                                  0.000000    0.000000   clock network delay (propagated)
                                  0.250000    0.250000   clock uncertainty
                                  0.000000    0.250000   clock reconvergence pessimism
                                 -5.000000   -4.750000   output external delay
                                             -4.750000   data required time
---------------------------------------------------------------------------------------------
                                             -4.750000   data required time
                                             -1.295914   data arrival time
---------------------------------------------------------------------------------------------
                                              6.045914   slack (MET)


Startpoint: _68_ (rising edge-triggered flip-flop clocked by clk_i)
Endpoint: count_o[0] (output port clocked by clk_i)
Path Group: clk_i
Path Type: min

Fanout         Cap        Slew       Delay        Time   Description
---------------------------------------------------------------------------------------------
                                  0.000000    0.000000   clock clk_i (rise edge)
                                  0.000000    0.000000   clock source latency
     9    0.037737    0.186777    0.092718    0.092718 ^ clk_i (in)
                                                         clk_i (net)
                      0.186777    0.000000    0.092718 ^ _68_/CLK (gf180mcu_fd_sc_mcu7t5v0__dffq_1)
     7    0.101324    0.998802    1.253116    1.345834 v _68_/Q (gf180mcu_fd_sc_mcu7t5v0__dffq_1)
                                                         count_o[0] (net)
                      0.998806    0.001083    1.346917 v count_o[0] (out)
                                              1.346917   data arrival time

                                  0.000000    0.000000   clock clk_i (rise edge)
                                  0.000000    0.000000   clock network delay (propagated)
                                  0.250000    0.250000   clock uncertainty
                                  0.000000    0.250000   clock reconvergence pessimism
                                 -5.000000   -4.750000   output external delay
                                             -4.750000   data required time
---------------------------------------------------------------------------------------------
                                             -4.750000   data required time
                                             -1.346917   data arrival time
---------------------------------------------------------------------------------------------
                                              6.096917   slack (MET)



