Clock: clk_i
Sources: clk_i 
Generated: no
Virtual: yes
Propagated: no
Period: 25.000000

===========================================================================
report_clock_properties
============================================================================
Clock                   Period          Waveform
----------------------------------------------------
clk_i                25.000000    0.000000 12.500000

===========================================================================
report_clock_latency
============================================================================
Clock clk_i
rise -> rise
    min     max
0.000000 0.000000 source latency
0.355287         network latency _75_/CLK
        0.356511 network latency _70_/CLK
---------------
0.355287 0.356511 latency
        0.001225 skew

fall -> fall
    min     max
0.000000 0.000000 source latency
0.324599         network latency _75_/CLK
        0.325876 network latency _70_/CLK
---------------
0.324599 0.325876 latency
        0.001277 skew



===========================================================================
report_clock_min_period
============================================================================
clk_i period_min = 2.45 fmax = 408.10
