
===========================================================================
report_checks -unconstrained
===========================================================================
======================= nom_ss_125C_4v50 Corner ===================================

Startpoint: en_i (input port clocked by clk_i)
Endpoint: _75_ (rising edge-triggered flip-flop clocked by clk_i)
Path Group: clk_i
Path Type: max

Fanout         Cap        Slew       Delay        Time   Description
---------------------------------------------------------------------------------------------
                                  0.000000    0.000000   clock clk_i (rise edge)
                                  0.000000    0.000000   clock network delay (propagated)
                                  5.000000    5.000000 ^ input external delay
     1    0.003997    0.197335    0.064371    5.064371 ^ en_i (in)
                                                         en_i (net)
                      0.197335    0.000000    5.064371 ^ input1/I (gf180mcu_fd_sc_mcu7t5v0__dlyb_1)
     6    0.032570    0.999133    2.138319    7.202690 ^ input1/Z (gf180mcu_fd_sc_mcu7t5v0__dlyb_1)
                                                         net1 (net)
                      0.999133    0.000510    7.203200 ^ _49_/A1 (gf180mcu_fd_sc_mcu7t5v0__nand4_1)
     8    0.048792    2.567885    1.616941    8.820141 v _49_/ZN (gf180mcu_fd_sc_mcu7t5v0__nand4_1)
                                                         _22_ (net)
                      2.567885    0.000786    8.820928 v _64_/A3 (gf180mcu_fd_sc_mcu7t5v0__or4_1)
     2    0.009820    0.643079    2.221349   11.042275 v _64_/Z (gf180mcu_fd_sc_mcu7t5v0__or4_1)
                                                         _32_ (net)
                      0.643079    0.000123   11.042398 v _65_/A3 (gf180mcu_fd_sc_mcu7t5v0__and3_1)
     1    0.003044    0.227433    0.723165   11.765563 v _65_/Z (gf180mcu_fd_sc_mcu7t5v0__and3_1)
                                                         _07_ (net)
                      0.227433    0.000030   11.765594 v _75_/D (gf180mcu_fd_sc_mcu7t5v0__dffq_1)
                                             11.765594   data arrival time

                                 25.000000   25.000000   clock clk_i (rise edge)
                                  0.000000   25.000000   clock source latency
     1    0.027862    0.252662    0.113783   25.113783 ^ clk_i (in)
                                                         clk_i (net)
                      0.252662    0.000000   25.113783 ^ clkbuf_0_clk_i/I (gf180mcu_fd_sc_mcu7t5v0__clkbuf_16)
     2    0.048016    0.201821    0.453449   25.567230 ^ clkbuf_0_clk_i/Z (gf180mcu_fd_sc_mcu7t5v0__clkbuf_16)
                                                         clknet_0_clk_i (net)
                      0.201821    0.000275   25.567507 ^ clkbuf_1_1__f_clk_i/I (gf180mcu_fd_sc_mcu7t5v0__clkbuf_16)
     5    0.021849    0.160961    0.409282   25.976788 ^ clkbuf_1_1__f_clk_i/Z (gf180mcu_fd_sc_mcu7t5v0__clkbuf_16)
                                                         clknet_1_1__leaf_clk_i (net)
                      0.160961    0.000119   25.976906 ^ _75_/CLK (gf180mcu_fd_sc_mcu7t5v0__dffq_1)
                                 -0.250000   25.726908   clock uncertainty
                                  0.000000   25.726908   clock reconvergence pessimism
                                 -0.479627   25.247280   library setup time
                                             25.247280   data required time
---------------------------------------------------------------------------------------------
                                             25.247280   data required time
                                            -11.765594   data arrival time
---------------------------------------------------------------------------------------------
                                             13.481688   slack (MET)




===========================================================================
report_checks --slack_max -0.01
============================================================================
======================= nom_ss_125C_4v50 Corner ===================================

No paths found.


===========================================================================
 report_check_types -max_slew -max_cap -max_fanout -violators
============================================================================
======================= nom_ss_125C_4v50 Corner ===================================



===========================================================================
report_parasitic_annotation -report_unannotated
============================================================================
Found 1 unannotated drivers.
 clkload0/Z
Found 0 partially unannotated drivers.

===========================================================================
max slew violation count 0
max fanout violation count 0
max cap violation count 0
============================================================================

===========================================================================
check_setup -verbose -unconstrained_endpoints -multiple_clock -no_clock -no_input_delay -loops -generated_clocks
===========================================================================
