Clock: clk_i
Sources: clk_i 
Generated: no
Virtual: yes
Propagated: no
Period: 25.000000

===========================================================================
report_clock_properties
============================================================================
Clock                   Period          Waveform
----------------------------------------------------
clk_i                25.000000    0.000000 12.500000

===========================================================================
report_clock_latency
============================================================================
Clock clk_i
rise -> rise
    min     max
0.000000 0.000000 source latency
0.976907         network latency _75_/CLK
        0.979562 network latency _70_/CLK
---------------
0.976907 0.979562 latency
        0.002654 skew

fall -> fall
    min     max
0.000000 0.000000 source latency
0.898963         network latency _75_/CLK
        0.901781 network latency _70_/CLK
---------------
0.898963 0.901781 latency
        0.002818 skew



===========================================================================
report_clock_min_period
============================================================================
clk_i period_min = 7.12 fmax = 140.39
