Reading timing models for corner nom_tt_025C_5v00…
Reading timing library for the 'nom_tt_025C_5v00' corner at '/home/windyphony/.ciel/ciel/gf180mcu/versions/54435919abffb937387ec956209f9cf5fd2dfbee/gf180mcuD/libs.ref/gf180mcu_fd_sc_mcu7t5v0/lib/gf180mcu_fd_sc_mcu7t5v0__tt_025C_5v00.lib'…
Reading OpenROAD database at '/home/windyphony/heichips25-workshop/exercise_4/counter_8bit/runs/RUN_2026-05-11_21-45-40/25-openroad-ioplacement/counter_8bit.odb'…
Reading design constraints file at '/home/windyphony/unic-cass/envs/librelane/lib/python3.12/site-packages/librelane/scripts/base.sdc'…
[INFO] Using clock clk_i…
[INFO] Setting output delay to: 5
[INFO] Setting input delay to: 5
[INFO] Setting load to: 0.07291
[INFO] Setting clock uncertainty to: 0.25
[INFO] Setting clock transition to: 0.1499999999999999944488848768742172978818416595458984375
[INFO] Setting timing derate to: 5%
[INFO] Setting signal min routing layer to: Metal2 and clock min routing layer to Metal2. 
[INFO] Setting signal max routing layer to: Metal4 and clock max routing layer to Metal4. 
+ global_placement -density 0.6 -routability_driven -pad_right 0 -pad_left 0 -init_wirelength_coef 0.25
[INFO GPL-0001] ---- Initialize GPL Main Data Structures
[INFO GPL-0002] DBU: 2000
[INFO GPL-0003] SiteSize: (  0.560  3.920 ) um
[INFO GPL-0004] CoreBBox: (  3.360  3.920 ) ( 96.320 94.080 ) um
[INFO GPL-0036] Movable instances area:       1115.162 um^2
[INFO GPL-0037] Total instances area:         1334.682 um^2
[INFO GPL-0035] Pin density area adjust:       150.511 um^2
[INFO GPL-0032] ---- Initialize Region: Top-level
[INFO GPL-0006] Number of instances:                93
[INFO GPL-0007] Movable instances:                  43
[INFO GPL-0008] Fixed instances:                    50
[INFO GPL-0009] Dummy instances:                     0
[INFO GPL-0010] Number of nets:                     46
[INFO GPL-0011] Number of pins:                    163
[INFO GPL-0012] Die BBox:  (  0.000  0.000 ) ( 100.000 100.000 ) um
[INFO GPL-0013] Core BBox: (  3.360  3.920 ) ( 96.320 94.080 ) um
[INFO GPL-0016] Core area:                    8381.274 um^2
[INFO GPL-0014] Region name: top-level.
[INFO GPL-0015] Region area:                  8381.274 um^2
[INFO GPL-0017] Fixed instances area:          219.520 um^2
[INFO GPL-0018] Movable instances area:       1265.672 um^2
[INFO GPL-0019] Utilization:                    15.507 %
[INFO GPL-0020] Standard cells area:          1265.672 um^2
[INFO GPL-0021] Large instances area:            0.000 um^2
[INFO GPL-0005] ---- Execute Conjugate Gradient Initial Placement.
[INFO GPL-0051] Source of initial instance position counters:
	Odb location = 43	Core center = 0	Region center = 0
[InitialPlace]  Iter: 1 conjugate gradient residual: 0.00000008 HPWL: 2876940
[InitialPlace]  Iter: 2 conjugate gradient residual: 0.00000011 HPWL: 2655424
[InitialPlace]  Iter: 3 conjugate gradient residual: 0.00000007 HPWL: 2603893
[InitialPlace]  Iter: 4 conjugate gradient residual: 0.00000009 HPWL: 2572862
[InitialPlace]  Iter: 5 conjugate gradient residual: 0.00000007 HPWL: 2549053
[INFO GPL-0033] ---- Initialize Nesterov Region: Top-level
[INFO GPL-0023] Placement target density:       0.6000
[INFO GPL-0024] Movable insts average area:     29.434 um^2
[INFO GPL-0025] Ideal bin area:                 49.057 um^2
[INFO GPL-0026] Ideal bin count:                   170
[INFO GPL-0027] Total bin area:               8381.274 um^2
[INFO GPL-0028] Bin count (X, Y):           8 ,      8
[INFO GPL-0029] Bin size (W * H):      11.620 * 11.270 um
[INFO GPL-0030] Number of bins:                     64
[INFO GPL-0007] ---- Execute Nesterov Global Placement.
[INFO GPL-0031] HPWL: Half-Perimeter Wirelength
Iteration | Overflow |     HPWL (um) |  HPWL(%) |   Penalty | Group
---------------------------------------------------------------
        0 |   0.4631 |  8.746820e+02 |   +0.00% |  4.16e-14 |      
[INFO GPL-0038] Routability snapshot saved at iter = 1
        0 |   0.4631 |  8.746820e+02 |          |           |      
       10 |   0.3590 |  9.217080e+02 |   +5.38% |  6.78e-14 |      
       20 |   0.3656 |  9.183500e+02 |   -0.36% |  1.10e-13 |      
       30 |   0.3655 |  9.184545e+02 |   +0.01% |  1.80e-13 |      
       40 |   0.3660 |  9.178875e+02 |   -0.06% |  2.93e-13 |      
       50 |   0.3658 |  9.180385e+02 |   +0.02% |  4.78e-13 |      
       60 |   0.3656 |  9.180285e+02 |   -0.00% |  7.78e-13 |      
       70 |   0.3658 |  9.181580e+02 |   +0.01% |  1.27e-12 |      
       80 |   0.3656 |  9.182980e+02 |   +0.02% |  2.06e-12 |      
       90 |   0.3655 |  9.185955e+02 |   +0.03% |  3.36e-12 |      
      100 |   0.3654 |  9.190725e+02 |   +0.05% |  5.48e-12 |      
      110 |   0.3652 |  9.197555e+02 |   +0.07% |  8.92e-12 |      
      120 |   0.3649 |  9.207105e+02 |   +0.10% |  1.45e-11 |      
      130 |   0.3645 |  9.218055e+02 |   +0.12% |  2.37e-11 |      
      140 |   0.3639 |  9.227255e+02 |   +0.10% |  3.86e-11 |      
      150 |   0.3631 |  9.226385e+02 |   -0.01% |  6.28e-11 |      
      160 |   0.3618 |  9.220525e+02 |   -0.06% |  1.02e-10 |      
      170 |   0.3599 |  9.229195e+02 |   +0.09% |  1.67e-10 |      
      180 |   0.3563 |  9.223105e+02 |   -0.07% |  2.71e-10 |      
      190 |   0.3503 |  9.231550e+02 |   +0.09% |  4.42e-10 |      
      200 |   0.3436 |  9.239705e+02 |   +0.09% |  6.64e-10 |      
      210 |   0.3357 |  9.257330e+02 |   +0.19% |  9.79e-10 |      
      220 |   0.3254 |  9.278635e+02 |   +0.23% |  1.44e-09 |      
      230 |   0.3123 |  9.302425e+02 |   +0.26% |  2.12e-09 |      
[INFO GPL-0040] Routability iteration: 1
[INFO GPL-0041] Total routing overflow: 0.0000
[INFO GPL-0042] Number of overflowed tiles: 0 (0.00%)
[INFO GPL-0043] Average top 0.5% routing congestion: 0.6212
[INFO GPL-0044] Average top 1.0% routing congestion: 0.6137
[INFO GPL-0045] Average top 2.0% routing congestion: 0.5969
[INFO GPL-0046] Average top 5.0% routing congestion: 0.5636
[INFO GPL-0047] Routability iteration weighted routing congestion: 0.6174
[INFO GPL-0050] Weighted routing congestion is lower than target routing congestion(1.0100), end routability optimization.
[INFO GPL-0090] Routability finished. Target routing congestion achieved succesfully.
Iteration | Overflow |     HPWL (um) |  HPWL(%) |   Penalty | Group
---------------------------------------------------------------
      240 |   0.2950 |  9.320120e+02 |   +0.19% |  3.13e-09 |      
      250 |   0.2757 |  9.333515e+02 |   +0.14% |  4.61e-09 |      
      260 |   0.2533 |  9.333915e+02 |   +0.00% |  6.79e-09 |      
      270 |   0.2266 |  9.332415e+02 |   -0.02% |  1.00e-08 |      
      280 |   0.1982 |  9.325830e+02 |   -0.07% |  1.47e-08 |      
      290 |   0.1670 |  9.320395e+02 |   -0.06% |  2.17e-08 |      
      300 |   0.1300 |  9.254390e+02 |   -0.71% |  3.20e-08 |      
      310 |   0.1070 |  9.240460e+02 |   -0.15% |  4.71e-08 |      
      315 |   0.0984 |  9.237490e+02 |          |  5.94e-08 |      
---------------------------------------------------------------
[INFO GPL-1001] Global placement finished at iteration 315
[INFO GPL-1003] Routability mode iteration count: 237
[INFO GPL-1005] Routability final weighted congestion: 0.6071
[INFO GPL-1002] Placed Cell Area             1265.6723
[INFO GPL-1003] Available Free Area          8161.7536
[INFO GPL-1004] Minimum Feasible Density        0.1600 (cell_area / free_area)
[INFO GPL-1006]   Suggested Target Densities:
[INFO GPL-1007]     - For 90% usage of free space: 0.1723
[INFO GPL-1008]     - For 80% usage of free space: 0.1938
[INFO GPL-1009]     - For 50% usage of free space: 0.3101
[INFO GPL-1011] Original area (um^2): 1265.67
[INFO GPL-1012] Total routability artificial inflation: 0.00 (+0.00%)
[INFO GPL-1014] Final placement area: 1265.67 (+0.00%)
Setting global connections for newly added cells…
[INFO] Setting global connections...
[INFO ODB-0403] 0 connections made, 0 conflicts skipped.
Updating metrics…
Cell type report:                       Count       Area
  Endcap cell                              46     201.96
  Tap cell                                 50     219.52
  Inverter                                  7      61.47
  Sequential cell                           9     572.95
  Multi-Input combinational cell           27     480.75
  Total                                   139    1536.64
Writing OpenROAD database to '/home/windyphony/heichips25-workshop/exercise_4/counter_8bit/runs/RUN_2026-05-11_21-45-40/28-openroad-globalplacement/counter_8bit.odb'…
Writing netlist to '/home/windyphony/heichips25-workshop/exercise_4/counter_8bit/runs/RUN_2026-05-11_21-45-40/28-openroad-globalplacement/counter_8bit.nl.v'…
Writing powered netlist to '/home/windyphony/heichips25-workshop/exercise_4/counter_8bit/runs/RUN_2026-05-11_21-45-40/28-openroad-globalplacement/counter_8bit.pnl.v'…
Writing layout to '/home/windyphony/heichips25-workshop/exercise_4/counter_8bit/runs/RUN_2026-05-11_21-45-40/28-openroad-globalplacement/counter_8bit.def'…
Writing timing constraints to '/home/windyphony/heichips25-workshop/exercise_4/counter_8bit/runs/RUN_2026-05-11_21-45-40/28-openroad-globalplacement/counter_8bit.sdc'…
