Clock: clk_i
Sources: clk_i 
Generated: no
Virtual: yes
Propagated: no
Period: 25.000000

===========================================================================
report_clock_properties
============================================================================
Clock                   Period          Waveform
----------------------------------------------------
clk_i                25.000000    0.000000 12.500000

===========================================================================
report_clock_latency
============================================================================
Clock clk_i
rise -> rise
    min     max
0.000000 0.000000 source latency
0.537744         network latency _75_/CLK
        0.539398 network latency _70_/CLK
---------------
0.537744 0.539398 latency
        0.001654 skew

fall -> fall
    min     max
0.000000 0.000000 source latency
0.495539         network latency _75_/CLK
        0.497314 network latency _70_/CLK
---------------
0.495539 0.497314 latency
        0.001775 skew



===========================================================================
report_clock_min_period
============================================================================
clk_i period_min = 3.61 fmax = 277.32
