
===========================================================================
report_checks -unconstrained
===========================================================================
======================= min_tt_025C_5v00 Corner ===================================

Startpoint: en_i (input port clocked by clk_i)
Endpoint: _75_ (rising edge-triggered flip-flop clocked by clk_i)
Path Group: clk_i
Path Type: max

Fanout         Cap        Slew       Delay        Time   Description
---------------------------------------------------------------------------------------------
                                  0.000000    0.000000   clock clk_i (rise edge)
                                  0.000000    0.000000   clock network delay (propagated)
                                  5.000000    5.000000 ^ input external delay
     1    0.003868    0.111611    0.038531    5.038531 ^ en_i (in)
                                                         en_i (net)
                      0.111611    0.000000    5.038531 ^ input1/I (gf180mcu_fd_sc_mcu7t5v0__dlyb_1)
     6    0.031895    0.569736    1.130584    6.169115 ^ input1/Z (gf180mcu_fd_sc_mcu7t5v0__dlyb_1)
                                                         net1 (net)
                      0.569736    0.000491    6.169606 ^ _49_/A1 (gf180mcu_fd_sc_mcu7t5v0__nand4_1)
     8    0.046095    1.261280    0.823190    6.992796 v _49_/ZN (gf180mcu_fd_sc_mcu7t5v0__nand4_1)
                                                         _22_ (net)
                      1.261280    0.000868    6.993664 v _64_/A3 (gf180mcu_fd_sc_mcu7t5v0__or4_1)
     2    0.009405    0.340523    1.120385    8.114048 v _64_/Z (gf180mcu_fd_sc_mcu7t5v0__or4_1)
                                                         _32_ (net)
                      0.340523    0.000113    8.114161 v _65_/A3 (gf180mcu_fd_sc_mcu7t5v0__and3_1)
     1    0.003003    0.128075    0.387674    8.501835 v _65_/Z (gf180mcu_fd_sc_mcu7t5v0__and3_1)
                                                         _07_ (net)
                      0.128075    0.000029    8.501864 v _75_/D (gf180mcu_fd_sc_mcu7t5v0__dffq_1)
                                              8.501864   data arrival time

                                 25.000000   25.000000   clock clk_i (rise edge)
                                  0.000000   25.000000   clock source latency
     1    0.027141    0.144073    0.067825   25.067823 ^ clk_i (in)
                                                         clk_i (net)
                      0.144074    0.000000   25.067823 ^ clkbuf_0_clk_i/I (gf180mcu_fd_sc_mcu7t5v0__clkbuf_16)
     2    0.047541    0.112944    0.251685   25.319510 ^ clkbuf_0_clk_i/Z (gf180mcu_fd_sc_mcu7t5v0__clkbuf_16)
                                                         clknet_0_clk_i (net)
                      0.112944    0.000481   25.319990 ^ clkbuf_1_1__f_clk_i/I (gf180mcu_fd_sc_mcu7t5v0__clkbuf_16)
     5    0.023223    0.091387    0.228551   25.548542 ^ clkbuf_1_1__f_clk_i/Z (gf180mcu_fd_sc_mcu7t5v0__clkbuf_16)
                                                         clknet_1_1__leaf_clk_i (net)
                      0.091387    0.000124   25.548666 ^ _75_/CLK (gf180mcu_fd_sc_mcu7t5v0__dffq_1)
                                 -0.250000   25.298668   clock uncertainty
                                  0.000000   25.298668   clock reconvergence pessimism
                                 -0.237833   25.060835   library setup time
                                             25.060835   data required time
---------------------------------------------------------------------------------------------
                                             25.060835   data required time
                                             -8.501864   data arrival time
---------------------------------------------------------------------------------------------
                                             16.558969   slack (MET)




===========================================================================
report_checks --slack_max -0.01
============================================================================
======================= min_tt_025C_5v00 Corner ===================================

No paths found.


===========================================================================
 report_check_types -max_slew -max_cap -max_fanout -violators
============================================================================
======================= min_tt_025C_5v00 Corner ===================================



===========================================================================
report_parasitic_annotation -report_unannotated
============================================================================
Found 1 unannotated drivers.
 clkload0/Z
Found 0 partially unannotated drivers.

===========================================================================
max slew violation count 0
max fanout violation count 0
max cap violation count 0
============================================================================

===========================================================================
check_setup -verbose -unconstrained_endpoints -multiple_clock -no_clock -no_input_delay -loops -generated_clocks
===========================================================================
