
===========================================================================
report_checks -path_delay max (Setup)
============================================================================
======================= min_tt_025C_5v00 Corner ===================================

Startpoint: en_i (input port clocked by clk_i)
Endpoint: _75_ (rising edge-triggered flip-flop clocked by clk_i)
Path Group: clk_i
Path Type: max

Fanout         Cap        Slew       Delay        Time   Description
---------------------------------------------------------------------------------------------
                                  0.000000    0.000000   clock clk_i (rise edge)
                                  0.000000    0.000000   clock network delay (propagated)
                                  5.000000    5.000000 ^ input external delay
     1    0.003868    0.111611    0.038531    5.038531 ^ en_i (in)
                                                         en_i (net)
                      0.111611    0.000000    5.038531 ^ input1/I (gf180mcu_fd_sc_mcu7t5v0__dlyb_1)
     6    0.031895    0.569736    1.130584    6.169115 ^ input1/Z (gf180mcu_fd_sc_mcu7t5v0__dlyb_1)
                                                         net1 (net)
                      0.569736    0.000491    6.169606 ^ _49_/A1 (gf180mcu_fd_sc_mcu7t5v0__nand4_1)
     8    0.046095    1.261280    0.823190    6.992796 v _49_/ZN (gf180mcu_fd_sc_mcu7t5v0__nand4_1)
                                                         _22_ (net)
                      1.261280    0.000868    6.993664 v _64_/A3 (gf180mcu_fd_sc_mcu7t5v0__or4_1)
     2    0.009405    0.340523    1.120385    8.114048 v _64_/Z (gf180mcu_fd_sc_mcu7t5v0__or4_1)
                                                         _32_ (net)
                      0.340523    0.000113    8.114161 v _65_/A3 (gf180mcu_fd_sc_mcu7t5v0__and3_1)
     1    0.003003    0.128075    0.387674    8.501835 v _65_/Z (gf180mcu_fd_sc_mcu7t5v0__and3_1)
                                                         _07_ (net)
                      0.128075    0.000029    8.501864 v _75_/D (gf180mcu_fd_sc_mcu7t5v0__dffq_1)
                                              8.501864   data arrival time

                                 25.000000   25.000000   clock clk_i (rise edge)
                                  0.000000   25.000000   clock source latency
     1    0.027141    0.144073    0.067825   25.067823 ^ clk_i (in)
                                                         clk_i (net)
                      0.144074    0.000000   25.067823 ^ clkbuf_0_clk_i/I (gf180mcu_fd_sc_mcu7t5v0__clkbuf_16)
     2    0.047541    0.112944    0.251685   25.319510 ^ clkbuf_0_clk_i/Z (gf180mcu_fd_sc_mcu7t5v0__clkbuf_16)
                                                         clknet_0_clk_i (net)
                      0.112944    0.000481   25.319990 ^ clkbuf_1_1__f_clk_i/I (gf180mcu_fd_sc_mcu7t5v0__clkbuf_16)
     5    0.023223    0.091387    0.228551   25.548542 ^ clkbuf_1_1__f_clk_i/Z (gf180mcu_fd_sc_mcu7t5v0__clkbuf_16)
                                                         clknet_1_1__leaf_clk_i (net)
                      0.091387    0.000124   25.548666 ^ _75_/CLK (gf180mcu_fd_sc_mcu7t5v0__dffq_1)
                                 -0.250000   25.298668   clock uncertainty
                                  0.000000   25.298668   clock reconvergence pessimism
                                 -0.237833   25.060835   library setup time
                                             25.060835   data required time
---------------------------------------------------------------------------------------------
                                             25.060835   data required time
                                             -8.501864   data arrival time
---------------------------------------------------------------------------------------------
                                             16.558969   slack (MET)


Startpoint: _68_ (rising edge-triggered flip-flop clocked by clk_i)
Endpoint: count_o[0] (output port clocked by clk_i)
Path Group: clk_i
Path Type: max

Fanout         Cap        Slew       Delay        Time   Description
---------------------------------------------------------------------------------------------
                                  0.000000    0.000000   clock clk_i (rise edge)
                                  0.000000    0.000000   clock source latency
     1    0.027141    0.144073    0.067826    0.067826 ^ clk_i (in)
                                                         clk_i (net)
                      0.144074    0.000000    0.067826 ^ clkbuf_0_clk_i/I (gf180mcu_fd_sc_mcu7t5v0__clkbuf_16)
     2    0.047541    0.112944    0.251684    0.319510 ^ clkbuf_0_clk_i/Z (gf180mcu_fd_sc_mcu7t5v0__clkbuf_16)
                                                         clknet_0_clk_i (net)
                      0.112944    0.000480    0.319990 ^ clkbuf_1_1__f_clk_i/I (gf180mcu_fd_sc_mcu7t5v0__clkbuf_16)
     5    0.023223    0.091387    0.228551    0.548542 ^ clkbuf_1_1__f_clk_i/Z (gf180mcu_fd_sc_mcu7t5v0__clkbuf_16)
                                                         clknet_1_1__leaf_clk_i (net)
                      0.091387    0.000301    0.548843 ^ _68_/CLK (gf180mcu_fd_sc_mcu7t5v0__dffq_1)
     7    0.034646    0.602814    1.002610    1.551454 ^ _68_/Q (gf180mcu_fd_sc_mcu7t5v0__dffq_1)
                                                         net3 (net)
                      0.602814    0.000445    1.551899 ^ output3/I (gf180mcu_fd_sc_mcu7t5v0__dlyb_1)
     1    0.074500    1.244112    1.558471    3.110370 ^ output3/Z (gf180mcu_fd_sc_mcu7t5v0__dlyb_1)
                                                         count_o[0] (net)
                      1.244112    0.001025    3.111395 ^ count_o[0] (out)
                                              3.111395   data arrival time

                                 25.000000   25.000000   clock clk_i (rise edge)
                                  0.000000   25.000000   clock network delay (propagated)
                                 -0.250000   24.750000   clock uncertainty
                                  0.000000   24.750000   clock reconvergence pessimism
                                 -5.000000   19.750000   output external delay
                                             19.750000   data required time
---------------------------------------------------------------------------------------------
                                             19.750000   data required time
                                             -3.111395   data arrival time
---------------------------------------------------------------------------------------------
                                             16.638603   slack (MET)


Startpoint: _72_ (rising edge-triggered flip-flop clocked by clk_i)
Endpoint: count_o[4] (output port clocked by clk_i)
Path Group: clk_i
Path Type: max

Fanout         Cap        Slew       Delay        Time   Description
---------------------------------------------------------------------------------------------
                                  0.000000    0.000000   clock clk_i (rise edge)
                                  0.000000    0.000000   clock source latency
     1    0.027141    0.144073    0.067826    0.067826 ^ clk_i (in)
                                                         clk_i (net)
                      0.144074    0.000000    0.067826 ^ clkbuf_0_clk_i/I (gf180mcu_fd_sc_mcu7t5v0__clkbuf_16)
     2    0.047541    0.112944    0.251684    0.319510 ^ clkbuf_0_clk_i/Z (gf180mcu_fd_sc_mcu7t5v0__clkbuf_16)
                                                         clknet_0_clk_i (net)
                      0.112944    0.000310    0.319819 ^ clkbuf_1_0__f_clk_i/I (gf180mcu_fd_sc_mcu7t5v0__clkbuf_16)
     5    0.022577    0.090799    0.228027    0.547846 ^ clkbuf_1_0__f_clk_i/Z (gf180mcu_fd_sc_mcu7t5v0__clkbuf_16)
                                                         clknet_1_0__leaf_clk_i (net)
                      0.090799    0.000223    0.548069 ^ _72_/CLK (gf180mcu_fd_sc_mcu7t5v0__dffq_1)
     5    0.026558    0.475318    0.928564    1.476633 ^ _72_/Q (gf180mcu_fd_sc_mcu7t5v0__dffq_1)
                                                         net7 (net)
                      0.475318    0.000143    1.476776 ^ output7/I (gf180mcu_fd_sc_mcu7t5v0__dlyb_1)
     1    0.073835    1.234052    1.548446    3.025222 ^ output7/Z (gf180mcu_fd_sc_mcu7t5v0__dlyb_1)
                                                         count_o[4] (net)
                      1.234052    0.000540    3.025762 ^ count_o[4] (out)
                                              3.025762   data arrival time

                                 25.000000   25.000000   clock clk_i (rise edge)
                                  0.000000   25.000000   clock network delay (propagated)
                                 -0.250000   24.750000   clock uncertainty
                                  0.000000   24.750000   clock reconvergence pessimism
                                 -5.000000   19.750000   output external delay
                                             19.750000   data required time
---------------------------------------------------------------------------------------------
                                             19.750000   data required time
                                             -3.025762   data arrival time
---------------------------------------------------------------------------------------------
                                             16.724237   slack (MET)


Startpoint: en_i (input port clocked by clk_i)
Endpoint: _76_ (rising edge-triggered flip-flop clocked by clk_i)
Path Group: clk_i
Path Type: max

Fanout         Cap        Slew       Delay        Time   Description
---------------------------------------------------------------------------------------------
                                  0.000000    0.000000   clock clk_i (rise edge)
                                  0.000000    0.000000   clock network delay (propagated)
                                  5.000000    5.000000 ^ input external delay
     1    0.003868    0.111611    0.038531    5.038531 ^ en_i (in)
                                                         en_i (net)
                      0.111611    0.000000    5.038531 ^ input1/I (gf180mcu_fd_sc_mcu7t5v0__dlyb_1)
     6    0.031895    0.569736    1.130584    6.169115 ^ input1/Z (gf180mcu_fd_sc_mcu7t5v0__dlyb_1)
                                                         net1 (net)
                      0.569736    0.000491    6.169606 ^ _49_/A1 (gf180mcu_fd_sc_mcu7t5v0__nand4_1)
     8    0.046095    1.261280    0.823190    6.992796 v _49_/ZN (gf180mcu_fd_sc_mcu7t5v0__nand4_1)
                                                         _22_ (net)
                      1.261280    0.000868    6.993664 v _64_/A3 (gf180mcu_fd_sc_mcu7t5v0__or4_1)
     2    0.009405    0.340523    1.120385    8.114048 v _64_/Z (gf180mcu_fd_sc_mcu7t5v0__or4_1)
                                                         _32_ (net)
                      0.340523    0.000082    8.114130 v _67_/A2 (gf180mcu_fd_sc_mcu7t5v0__oai21_1)
     1    0.002717    0.263695    0.217276    8.331406 ^ _67_/ZN (gf180mcu_fd_sc_mcu7t5v0__oai21_1)
                                                         _08_ (net)
                      0.263695    0.000026    8.331431 ^ _76_/D (gf180mcu_fd_sc_mcu7t5v0__dffq_1)
                                              8.331431   data arrival time

                                 25.000000   25.000000   clock clk_i (rise edge)
                                  0.000000   25.000000   clock source latency
     1    0.027141    0.144073    0.067825   25.067823 ^ clk_i (in)
                                                         clk_i (net)
                      0.144074    0.000000   25.067823 ^ clkbuf_0_clk_i/I (gf180mcu_fd_sc_mcu7t5v0__clkbuf_16)
     2    0.047541    0.112944    0.251685   25.319510 ^ clkbuf_0_clk_i/Z (gf180mcu_fd_sc_mcu7t5v0__clkbuf_16)
                                                         clknet_0_clk_i (net)
                      0.112944    0.000481   25.319990 ^ clkbuf_1_1__f_clk_i/I (gf180mcu_fd_sc_mcu7t5v0__clkbuf_16)
     5    0.023223    0.091387    0.228551   25.548542 ^ clkbuf_1_1__f_clk_i/Z (gf180mcu_fd_sc_mcu7t5v0__clkbuf_16)
                                                         clknet_1_1__leaf_clk_i (net)
                      0.091387    0.000306   25.548847 ^ _76_/CLK (gf180mcu_fd_sc_mcu7t5v0__dffq_1)
                                 -0.250000   25.298849   clock uncertainty
                                  0.000000   25.298849   clock reconvergence pessimism
                                 -0.237096   25.061752   library setup time
                                             25.061752   data required time
---------------------------------------------------------------------------------------------
                                             25.061752   data required time
                                             -8.331431   data arrival time
---------------------------------------------------------------------------------------------
                                             16.730320   slack (MET)


Startpoint: _69_ (rising edge-triggered flip-flop clocked by clk_i)
Endpoint: count_o[1] (output port clocked by clk_i)
Path Group: clk_i
Path Type: max

Fanout         Cap        Slew       Delay        Time   Description
---------------------------------------------------------------------------------------------
                                  0.000000    0.000000   clock clk_i (rise edge)
                                  0.000000    0.000000   clock source latency
     1    0.027141    0.144073    0.067826    0.067826 ^ clk_i (in)
                                                         clk_i (net)
                      0.144074    0.000000    0.067826 ^ clkbuf_0_clk_i/I (gf180mcu_fd_sc_mcu7t5v0__clkbuf_16)
     2    0.047541    0.112944    0.251684    0.319510 ^ clkbuf_0_clk_i/Z (gf180mcu_fd_sc_mcu7t5v0__clkbuf_16)
                                                         clknet_0_clk_i (net)
                      0.112944    0.000480    0.319990 ^ clkbuf_1_1__f_clk_i/I (gf180mcu_fd_sc_mcu7t5v0__clkbuf_16)
     5    0.023223    0.091387    0.228551    0.548542 ^ clkbuf_1_1__f_clk_i/Z (gf180mcu_fd_sc_mcu7t5v0__clkbuf_16)
                                                         clknet_1_1__leaf_clk_i (net)
                      0.091387    0.000345    0.548887 ^ _69_/CLK (gf180mcu_fd_sc_mcu7t5v0__dffq_1)
     5    0.021968    0.403066    0.886648    1.435534 ^ _69_/Q (gf180mcu_fd_sc_mcu7t5v0__dffq_1)
                                                         net4 (net)
                      0.403066    0.000255    1.435789 ^ output4/I (gf180mcu_fd_sc_mcu7t5v0__dlyb_1)
     1    0.074080    1.238077    1.548008    2.983797 ^ output4/Z (gf180mcu_fd_sc_mcu7t5v0__dlyb_1)
                                                         count_o[1] (net)
                      1.238077    0.000907    2.984704 ^ count_o[1] (out)
                                              2.984704   data arrival time

                                 25.000000   25.000000   clock clk_i (rise edge)
                                  0.000000   25.000000   clock network delay (propagated)
                                 -0.250000   24.750000   clock uncertainty
                                  0.000000   24.750000   clock reconvergence pessimism
                                 -5.000000   19.750000   output external delay
                                             19.750000   data required time
---------------------------------------------------------------------------------------------
                                             19.750000   data required time
                                             -2.984704   data arrival time
---------------------------------------------------------------------------------------------
                                             16.765295   slack (MET)


Startpoint: _73_ (rising edge-triggered flip-flop clocked by clk_i)
Endpoint: count_o[5] (output port clocked by clk_i)
Path Group: clk_i
Path Type: max

Fanout         Cap        Slew       Delay        Time   Description
---------------------------------------------------------------------------------------------
                                  0.000000    0.000000   clock clk_i (rise edge)
                                  0.000000    0.000000   clock source latency
     1    0.027141    0.144073    0.067826    0.067826 ^ clk_i (in)
                                                         clk_i (net)
                      0.144074    0.000000    0.067826 ^ clkbuf_0_clk_i/I (gf180mcu_fd_sc_mcu7t5v0__clkbuf_16)
     2    0.047541    0.112944    0.251684    0.319510 ^ clkbuf_0_clk_i/Z (gf180mcu_fd_sc_mcu7t5v0__clkbuf_16)
                                                         clknet_0_clk_i (net)
                      0.112944    0.000310    0.319819 ^ clkbuf_1_0__f_clk_i/I (gf180mcu_fd_sc_mcu7t5v0__clkbuf_16)
     5    0.022577    0.090799    0.228027    0.547846 ^ clkbuf_1_0__f_clk_i/Z (gf180mcu_fd_sc_mcu7t5v0__clkbuf_16)
                                                         clknet_1_0__leaf_clk_i (net)
                      0.090799    0.000040    0.547886 ^ _73_/CLK (gf180mcu_fd_sc_mcu7t5v0__dffq_1)
     4    0.021938    0.402636    0.886326    1.434213 ^ _73_/Q (gf180mcu_fd_sc_mcu7t5v0__dffq_1)
                                                         net8 (net)
                      0.402636    0.000165    1.434378 ^ output8/I (gf180mcu_fd_sc_mcu7t5v0__dlyb_1)
     1    0.073522    1.229282    1.543168    2.977546 ^ output8/Z (gf180mcu_fd_sc_mcu7t5v0__dlyb_1)
                                                         count_o[5] (net)
                      1.229282    0.000472    2.978018 ^ count_o[5] (out)
                                              2.978018   data arrival time

                                 25.000000   25.000000   clock clk_i (rise edge)
                                  0.000000   25.000000   clock network delay (propagated)
                                 -0.250000   24.750000   clock uncertainty
                                  0.000000   24.750000   clock reconvergence pessimism
                                 -5.000000   19.750000   output external delay
                                             19.750000   data required time
---------------------------------------------------------------------------------------------
                                             19.750000   data required time
                                             -2.978018   data arrival time
---------------------------------------------------------------------------------------------
                                             16.771982   slack (MET)


Startpoint: _71_ (rising edge-triggered flip-flop clocked by clk_i)
Endpoint: count_o[3] (output port clocked by clk_i)
Path Group: clk_i
Path Type: max

Fanout         Cap        Slew       Delay        Time   Description
---------------------------------------------------------------------------------------------
                                  0.000000    0.000000   clock clk_i (rise edge)
                                  0.000000    0.000000   clock source latency
     1    0.027141    0.144073    0.067826    0.067826 ^ clk_i (in)
                                                         clk_i (net)
                      0.144074    0.000000    0.067826 ^ clkbuf_0_clk_i/I (gf180mcu_fd_sc_mcu7t5v0__clkbuf_16)
     2    0.047541    0.112944    0.251684    0.319510 ^ clkbuf_0_clk_i/Z (gf180mcu_fd_sc_mcu7t5v0__clkbuf_16)
                                                         clknet_0_clk_i (net)
                      0.112944    0.000310    0.319819 ^ clkbuf_1_0__f_clk_i/I (gf180mcu_fd_sc_mcu7t5v0__clkbuf_16)
     5    0.022577    0.090799    0.228027    0.547846 ^ clkbuf_1_0__f_clk_i/Z (gf180mcu_fd_sc_mcu7t5v0__clkbuf_16)
                                                         clknet_1_0__leaf_clk_i (net)
                      0.090799    0.000345    0.548191 ^ _71_/CLK (gf180mcu_fd_sc_mcu7t5v0__dffq_1)
     4    0.020570    0.381120    0.873811    1.422002 ^ _71_/Q (gf180mcu_fd_sc_mcu7t5v0__dffq_1)
                                                         net6 (net)
                      0.381120    0.000268    1.422270 ^ output6/I (gf180mcu_fd_sc_mcu7t5v0__dlyb_1)
     1    0.073718    1.232373    1.543993    2.966263 ^ output6/Z (gf180mcu_fd_sc_mcu7t5v0__dlyb_1)
                                                         count_o[3] (net)
                      1.232373    0.000814    2.967078 ^ count_o[3] (out)
                                              2.967078   data arrival time

                                 25.000000   25.000000   clock clk_i (rise edge)
                                  0.000000   25.000000   clock network delay (propagated)
                                 -0.250000   24.750000   clock uncertainty
                                  0.000000   24.750000   clock reconvergence pessimism
                                 -5.000000   19.750000   output external delay
                                             19.750000   data required time
---------------------------------------------------------------------------------------------
                                             19.750000   data required time
                                             -2.967078   data arrival time
---------------------------------------------------------------------------------------------
                                             16.782923   slack (MET)


Startpoint: _70_ (rising edge-triggered flip-flop clocked by clk_i)
Endpoint: count_o[2] (output port clocked by clk_i)
Path Group: clk_i
Path Type: max

Fanout         Cap        Slew       Delay        Time   Description
---------------------------------------------------------------------------------------------
                                  0.000000    0.000000   clock clk_i (rise edge)
                                  0.000000    0.000000   clock source latency
     1    0.027141    0.144073    0.067826    0.067826 ^ clk_i (in)
                                                         clk_i (net)
                      0.144074    0.000000    0.067826 ^ clkbuf_0_clk_i/I (gf180mcu_fd_sc_mcu7t5v0__clkbuf_16)
     2    0.047541    0.112944    0.251684    0.319510 ^ clkbuf_0_clk_i/Z (gf180mcu_fd_sc_mcu7t5v0__clkbuf_16)
                                                         clknet_0_clk_i (net)
                      0.112944    0.000310    0.319819 ^ clkbuf_1_0__f_clk_i/I (gf180mcu_fd_sc_mcu7t5v0__clkbuf_16)
     5    0.022577    0.090799    0.228027    0.547846 ^ clkbuf_1_0__f_clk_i/Z (gf180mcu_fd_sc_mcu7t5v0__clkbuf_16)
                                                         clknet_1_0__leaf_clk_i (net)
                      0.090799    0.000362    0.548208 ^ _70_/CLK (gf180mcu_fd_sc_mcu7t5v0__dffq_1)
     4    0.015755    0.307934    0.829907    1.378116 ^ _70_/Q (gf180mcu_fd_sc_mcu7t5v0__dffq_1)
                                                         net5 (net)
                      0.307934    0.000166    1.378282 ^ output5/I (gf180mcu_fd_sc_mcu7t5v0__dlyb_1)
     1    0.073489    1.228725    1.537884    2.916166 ^ output5/Z (gf180mcu_fd_sc_mcu7t5v0__dlyb_1)
                                                         count_o[2] (net)
                      1.228725    0.000790    2.916956 ^ count_o[2] (out)
                                              2.916956   data arrival time

                                 25.000000   25.000000   clock clk_i (rise edge)
                                  0.000000   25.000000   clock network delay (propagated)
                                 -0.250000   24.750000   clock uncertainty
                                  0.000000   24.750000   clock reconvergence pessimism
                                 -5.000000   19.750000   output external delay
                                             19.750000   data required time
---------------------------------------------------------------------------------------------
                                             19.750000   data required time
                                             -2.916956   data arrival time
---------------------------------------------------------------------------------------------
                                             16.833044   slack (MET)


Startpoint: _74_ (rising edge-triggered flip-flop clocked by clk_i)
Endpoint: count_o[6] (output port clocked by clk_i)
Path Group: clk_i
Path Type: max

Fanout         Cap        Slew       Delay        Time   Description
---------------------------------------------------------------------------------------------
                                  0.000000    0.000000   clock clk_i (rise edge)
                                  0.000000    0.000000   clock source latency
     1    0.027141    0.144073    0.067826    0.067826 ^ clk_i (in)
                                                         clk_i (net)
                      0.144074    0.000000    0.067826 ^ clkbuf_0_clk_i/I (gf180mcu_fd_sc_mcu7t5v0__clkbuf_16)
     2    0.047541    0.112944    0.251684    0.319510 ^ clkbuf_0_clk_i/Z (gf180mcu_fd_sc_mcu7t5v0__clkbuf_16)
                                                         clknet_0_clk_i (net)
                      0.112944    0.000310    0.319819 ^ clkbuf_1_0__f_clk_i/I (gf180mcu_fd_sc_mcu7t5v0__clkbuf_16)
     5    0.022577    0.090799    0.228027    0.547846 ^ clkbuf_1_0__f_clk_i/Z (gf180mcu_fd_sc_mcu7t5v0__clkbuf_16)
                                                         clknet_1_0__leaf_clk_i (net)
                      0.090799    0.000090    0.547936 ^ _74_/CLK (gf180mcu_fd_sc_mcu7t5v0__dffq_1)
     3    0.013553    0.274725    0.809801    1.357737 ^ _74_/Q (gf180mcu_fd_sc_mcu7t5v0__dffq_1)
                                                         net9 (net)
                      0.274725    0.000108    1.357845 ^ output9/I (gf180mcu_fd_sc_mcu7t5v0__dlyb_1)
     1    0.073530    1.229164    1.534583    2.892428 ^ output9/Z (gf180mcu_fd_sc_mcu7t5v0__dlyb_1)
                                                         count_o[6] (net)
                      1.229164    0.000801    2.893229 ^ count_o[6] (out)
                                              2.893229   data arrival time

                                 25.000000   25.000000   clock clk_i (rise edge)
                                  0.000000   25.000000   clock network delay (propagated)
                                 -0.250000   24.750000   clock uncertainty
                                  0.000000   24.750000   clock reconvergence pessimism
                                 -5.000000   19.750000   output external delay
                                             19.750000   data required time
---------------------------------------------------------------------------------------------
                                             19.750000   data required time
                                             -2.893229   data arrival time
---------------------------------------------------------------------------------------------
                                             16.856771   slack (MET)


Startpoint: _76_ (rising edge-triggered flip-flop clocked by clk_i)
Endpoint: ovf_o (output port clocked by clk_i)
Path Group: clk_i
Path Type: max

Fanout         Cap        Slew       Delay        Time   Description
---------------------------------------------------------------------------------------------
                                  0.000000    0.000000   clock clk_i (rise edge)
                                  0.000000    0.000000   clock source latency
     1    0.027141    0.144073    0.067826    0.067826 ^ clk_i (in)
                                                         clk_i (net)
                      0.144074    0.000000    0.067826 ^ clkbuf_0_clk_i/I (gf180mcu_fd_sc_mcu7t5v0__clkbuf_16)
     2    0.047541    0.112944    0.251684    0.319510 ^ clkbuf_0_clk_i/Z (gf180mcu_fd_sc_mcu7t5v0__clkbuf_16)
                                                         clknet_0_clk_i (net)
                      0.112944    0.000480    0.319990 ^ clkbuf_1_1__f_clk_i/I (gf180mcu_fd_sc_mcu7t5v0__clkbuf_16)
     5    0.023223    0.091387    0.228551    0.548542 ^ clkbuf_1_1__f_clk_i/Z (gf180mcu_fd_sc_mcu7t5v0__clkbuf_16)
                                                         clknet_1_1__leaf_clk_i (net)
                      0.091387    0.000307    0.548849 ^ _76_/CLK (gf180mcu_fd_sc_mcu7t5v0__dffq_1)
     2    0.009391    0.212166    0.771970    1.320818 ^ _76_/Q (gf180mcu_fd_sc_mcu7t5v0__dffq_1)
                                                         net11 (net)
                      0.212166    0.000071    1.320889 ^ output11/I (gf180mcu_fd_sc_mcu7t5v0__dlyb_1)
     1    0.073518    1.228658    1.527800    2.848690 ^ output11/Z (gf180mcu_fd_sc_mcu7t5v0__dlyb_1)
                                                         ovf_o (net)
                      1.228658    0.000471    2.849161 ^ ovf_o (out)
                                              2.849161   data arrival time

                                 25.000000   25.000000   clock clk_i (rise edge)
                                  0.000000   25.000000   clock network delay (propagated)
                                 -0.250000   24.750000   clock uncertainty
                                  0.000000   24.750000   clock reconvergence pessimism
                                 -5.000000   19.750000   output external delay
                                             19.750000   data required time
---------------------------------------------------------------------------------------------
                                             19.750000   data required time
                                             -2.849161   data arrival time
---------------------------------------------------------------------------------------------
                                             16.900839   slack (MET)


Startpoint: _75_ (rising edge-triggered flip-flop clocked by clk_i)
Endpoint: count_o[7] (output port clocked by clk_i)
Path Group: clk_i
Path Type: max

Fanout         Cap        Slew       Delay        Time   Description
---------------------------------------------------------------------------------------------
                                  0.000000    0.000000   clock clk_i (rise edge)
                                  0.000000    0.000000   clock source latency
     1    0.027141    0.144073    0.067826    0.067826 ^ clk_i (in)
                                                         clk_i (net)
                      0.144074    0.000000    0.067826 ^ clkbuf_0_clk_i/I (gf180mcu_fd_sc_mcu7t5v0__clkbuf_16)
     2    0.047541    0.112944    0.251684    0.319510 ^ clkbuf_0_clk_i/Z (gf180mcu_fd_sc_mcu7t5v0__clkbuf_16)
                                                         clknet_0_clk_i (net)
                      0.112944    0.000480    0.319990 ^ clkbuf_1_1__f_clk_i/I (gf180mcu_fd_sc_mcu7t5v0__clkbuf_16)
     5    0.023223    0.091387    0.228551    0.548542 ^ clkbuf_1_1__f_clk_i/Z (gf180mcu_fd_sc_mcu7t5v0__clkbuf_16)
                                                         clknet_1_1__leaf_clk_i (net)
                      0.091387    0.000125    0.548666 ^ _75_/CLK (gf180mcu_fd_sc_mcu7t5v0__dffq_1)
     2    0.008778    0.202940    0.766359    1.315026 ^ _75_/Q (gf180mcu_fd_sc_mcu7t5v0__dffq_1)
                                                         net10 (net)
                      0.202940    0.000096    1.315121 ^ output10/I (gf180mcu_fd_sc_mcu7t5v0__dlyb_1)
     1    0.073708    1.231499    1.528237    2.843359 ^ output10/Z (gf180mcu_fd_sc_mcu7t5v0__dlyb_1)
                                                         count_o[7] (net)
                      1.231499    0.000846    2.844205 ^ count_o[7] (out)
                                              2.844205   data arrival time

                                 25.000000   25.000000   clock clk_i (rise edge)
                                  0.000000   25.000000   clock network delay (propagated)
                                 -0.250000   24.750000   clock uncertainty
                                  0.000000   24.750000   clock reconvergence pessimism
                                 -5.000000   19.750000   output external delay
                                             19.750000   data required time
---------------------------------------------------------------------------------------------
                                             19.750000   data required time
                                             -2.844205   data arrival time
---------------------------------------------------------------------------------------------
                                             16.905794   slack (MET)


Startpoint: en_i (input port clocked by clk_i)
Endpoint: _73_ (rising edge-triggered flip-flop clocked by clk_i)
Path Group: clk_i
Path Type: max

Fanout         Cap        Slew       Delay        Time   Description
---------------------------------------------------------------------------------------------
                                  0.000000    0.000000   clock clk_i (rise edge)
                                  0.000000    0.000000   clock network delay (propagated)
                                  5.000000    5.000000 ^ input external delay
     1    0.003868    0.111611    0.038531    5.038531 ^ en_i (in)
                                                         en_i (net)
                      0.111611    0.000000    5.038531 ^ input1/I (gf180mcu_fd_sc_mcu7t5v0__dlyb_1)
     6    0.031895    0.569736    1.130584    6.169115 ^ input1/Z (gf180mcu_fd_sc_mcu7t5v0__dlyb_1)
                                                         net1 (net)
                      0.569736    0.000491    6.169606 ^ _49_/A1 (gf180mcu_fd_sc_mcu7t5v0__nand4_1)
     8    0.046095    1.261280    0.823190    6.992796 v _49_/ZN (gf180mcu_fd_sc_mcu7t5v0__nand4_1)
                                                         _22_ (net)
                      1.261280    0.000698    6.993494 v _57_/A3 (gf180mcu_fd_sc_mcu7t5v0__oai31_1)
     1    0.003318    0.610566    0.577064    7.570558 ^ _57_/ZN (gf180mcu_fd_sc_mcu7t5v0__oai31_1)
                                                         _27_ (net)
                      0.610566    0.000033    7.570590 ^ _59_/A2 (gf180mcu_fd_sc_mcu7t5v0__and3_1)
     1    0.004009    0.172342    0.421692    7.992282 ^ _59_/Z (gf180mcu_fd_sc_mcu7t5v0__and3_1)
                                                         _05_ (net)
                      0.172342    0.000045    7.992328 ^ _73_/D (gf180mcu_fd_sc_mcu7t5v0__dffq_1)
                                              7.992328   data arrival time

                                 25.000000   25.000000   clock clk_i (rise edge)
                                  0.000000   25.000000   clock source latency
     1    0.027141    0.144073    0.067825   25.067823 ^ clk_i (in)
                                                         clk_i (net)
                      0.144074    0.000000   25.067823 ^ clkbuf_0_clk_i/I (gf180mcu_fd_sc_mcu7t5v0__clkbuf_16)
     2    0.047541    0.112944    0.251685   25.319510 ^ clkbuf_0_clk_i/Z (gf180mcu_fd_sc_mcu7t5v0__clkbuf_16)
                                                         clknet_0_clk_i (net)
                      0.112944    0.000309   25.319818 ^ clkbuf_1_0__f_clk_i/I (gf180mcu_fd_sc_mcu7t5v0__clkbuf_16)
     5    0.022577    0.090799    0.228027   25.547846 ^ clkbuf_1_0__f_clk_i/Z (gf180mcu_fd_sc_mcu7t5v0__clkbuf_16)
                                                         clknet_1_0__leaf_clk_i (net)
                      0.090799    0.000041   25.547886 ^ _73_/CLK (gf180mcu_fd_sc_mcu7t5v0__dffq_1)
                                 -0.250000   25.297888   clock uncertainty
                                  0.000000   25.297888   clock reconvergence pessimism
                                 -0.227569   25.070318   library setup time
                                             25.070318   data required time
---------------------------------------------------------------------------------------------
                                             25.070318   data required time
                                             -7.992328   data arrival time
---------------------------------------------------------------------------------------------
                                             17.077991   slack (MET)


Startpoint: en_i (input port clocked by clk_i)
Endpoint: _74_ (rising edge-triggered flip-flop clocked by clk_i)
Path Group: clk_i
Path Type: max

Fanout         Cap        Slew       Delay        Time   Description
---------------------------------------------------------------------------------------------
                                  0.000000    0.000000   clock clk_i (rise edge)
                                  0.000000    0.000000   clock network delay (propagated)
                                  5.000000    5.000000 ^ input external delay
     1    0.003868    0.111611    0.038531    5.038531 ^ en_i (in)
                                                         en_i (net)
                      0.111611    0.000000    5.038531 ^ input1/I (gf180mcu_fd_sc_mcu7t5v0__dlyb_1)
     6    0.031895    0.569736    1.130584    6.169115 ^ input1/Z (gf180mcu_fd_sc_mcu7t5v0__dlyb_1)
                                                         net1 (net)
                      0.569736    0.000491    6.169606 ^ _49_/A1 (gf180mcu_fd_sc_mcu7t5v0__nand4_1)
     8    0.046095    1.261280    0.823190    6.992796 v _49_/ZN (gf180mcu_fd_sc_mcu7t5v0__nand4_1)
                                                         _22_ (net)
                      1.261280    0.000864    6.993660 v _61_/A2 (gf180mcu_fd_sc_mcu7t5v0__nor3_1)
     1    0.004991    0.578466    0.529930    7.523590 ^ _61_/ZN (gf180mcu_fd_sc_mcu7t5v0__nor3_1)
                                                         _30_ (net)
                      0.578466    0.000095    7.523685 ^ _62_/B (gf180mcu_fd_sc_mcu7t5v0__aoi211_1)
     1    0.003307    0.328677    0.252838    7.776523 v _62_/ZN (gf180mcu_fd_sc_mcu7t5v0__aoi211_1)
                                                         _06_ (net)
                      0.328677    0.000062    7.776585 v _74_/D (gf180mcu_fd_sc_mcu7t5v0__dffq_1)
                                              7.776585   data arrival time

                                 25.000000   25.000000   clock clk_i (rise edge)
                                  0.000000   25.000000   clock source latency
     1    0.027141    0.144073    0.067825   25.067823 ^ clk_i (in)
                                                         clk_i (net)
                      0.144074    0.000000   25.067823 ^ clkbuf_0_clk_i/I (gf180mcu_fd_sc_mcu7t5v0__clkbuf_16)
     2    0.047541    0.112944    0.251685   25.319510 ^ clkbuf_0_clk_i/Z (gf180mcu_fd_sc_mcu7t5v0__clkbuf_16)
                                                         clknet_0_clk_i (net)
                      0.112944    0.000309   25.319818 ^ clkbuf_1_0__f_clk_i/I (gf180mcu_fd_sc_mcu7t5v0__clkbuf_16)
     5    0.022577    0.090799    0.228027   25.547846 ^ clkbuf_1_0__f_clk_i/Z (gf180mcu_fd_sc_mcu7t5v0__clkbuf_16)
                                                         clknet_1_0__leaf_clk_i (net)
                      0.090799    0.000091   25.547935 ^ _74_/CLK (gf180mcu_fd_sc_mcu7t5v0__dffq_1)
                                 -0.250000   25.297937   clock uncertainty
                                  0.000000   25.297937   clock reconvergence pessimism
                                 -0.298716   24.999222   library setup time
                                             24.999222   data required time
---------------------------------------------------------------------------------------------
                                             24.999222   data required time
                                             -7.776585   data arrival time
---------------------------------------------------------------------------------------------
                                             17.222637   slack (MET)


Startpoint: en_i (input port clocked by clk_i)
Endpoint: _72_ (rising edge-triggered flip-flop clocked by clk_i)
Path Group: clk_i
Path Type: max

Fanout         Cap        Slew       Delay        Time   Description
---------------------------------------------------------------------------------------------
                                  0.000000    0.000000   clock clk_i (rise edge)
                                  0.000000    0.000000   clock network delay (propagated)
                                  5.000000    5.000000 ^ input external delay
     1    0.003868    0.111611    0.038531    5.038531 ^ en_i (in)
                                                         en_i (net)
                      0.111611    0.000000    5.038531 ^ input1/I (gf180mcu_fd_sc_mcu7t5v0__dlyb_1)
     6    0.031895    0.569736    1.130584    6.169115 ^ input1/Z (gf180mcu_fd_sc_mcu7t5v0__dlyb_1)
                                                         net1 (net)
                      0.569736    0.000491    6.169606 ^ _49_/A1 (gf180mcu_fd_sc_mcu7t5v0__nand4_1)
     8    0.046095    1.261280    0.823190    6.992796 v _49_/ZN (gf180mcu_fd_sc_mcu7t5v0__nand4_1)
                                                         _22_ (net)
                      1.261280    0.000567    6.993363 v _55_/A3 (gf180mcu_fd_sc_mcu7t5v0__nor3_1)
     1    0.005593    0.609535    0.496445    7.489808 ^ _55_/ZN (gf180mcu_fd_sc_mcu7t5v0__nor3_1)
                                                         _26_ (net)
                      0.609535    0.000110    7.489918 ^ _56_/A3 (gf180mcu_fd_sc_mcu7t5v0__nor3_1)
     1    0.004018    0.313581    0.225097    7.715015 v _56_/ZN (gf180mcu_fd_sc_mcu7t5v0__nor3_1)
                                                         _04_ (net)
                      0.313581    0.000044    7.715059 v _72_/D (gf180mcu_fd_sc_mcu7t5v0__dffq_1)
                                              7.715059   data arrival time

                                 25.000000   25.000000   clock clk_i (rise edge)
                                  0.000000   25.000000   clock source latency
     1    0.027141    0.144073    0.067825   25.067823 ^ clk_i (in)
                                                         clk_i (net)
                      0.144074    0.000000   25.067823 ^ clkbuf_0_clk_i/I (gf180mcu_fd_sc_mcu7t5v0__clkbuf_16)
     2    0.047541    0.112944    0.251685   25.319510 ^ clkbuf_0_clk_i/Z (gf180mcu_fd_sc_mcu7t5v0__clkbuf_16)
                                                         clknet_0_clk_i (net)
                      0.112944    0.000309   25.319818 ^ clkbuf_1_0__f_clk_i/I (gf180mcu_fd_sc_mcu7t5v0__clkbuf_16)
     5    0.022577    0.090799    0.228027   25.547846 ^ clkbuf_1_0__f_clk_i/Z (gf180mcu_fd_sc_mcu7t5v0__clkbuf_16)
                                                         clknet_1_0__leaf_clk_i (net)
                      0.090799    0.000222   25.548067 ^ _72_/CLK (gf180mcu_fd_sc_mcu7t5v0__dffq_1)
                                 -0.250000   25.298069   clock uncertainty
                                  0.000000   25.298069   clock reconvergence pessimism
                                 -0.293971   25.004097   library setup time
                                             25.004097   data required time
---------------------------------------------------------------------------------------------
                                             25.004097   data required time
                                             -7.715059   data arrival time
---------------------------------------------------------------------------------------------
                                             17.289038   slack (MET)


Startpoint: en_i (input port clocked by clk_i)
Endpoint: _71_ (rising edge-triggered flip-flop clocked by clk_i)
Path Group: clk_i
Path Type: max

Fanout         Cap        Slew       Delay        Time   Description
---------------------------------------------------------------------------------------------
                                  0.000000    0.000000   clock clk_i (rise edge)
                                  0.000000    0.000000   clock network delay (propagated)
                                  5.000000    5.000000 ^ input external delay
     1    0.003868    0.111611    0.038531    5.038531 ^ en_i (in)
                                                         en_i (net)
                      0.111611    0.000000    5.038531 ^ input1/I (gf180mcu_fd_sc_mcu7t5v0__dlyb_1)
     6    0.031895    0.569736    1.130584    6.169115 ^ input1/Z (gf180mcu_fd_sc_mcu7t5v0__dlyb_1)
                                                         net1 (net)
                      0.569736    0.000491    6.169606 ^ _49_/A1 (gf180mcu_fd_sc_mcu7t5v0__nand4_1)
     8    0.046095    1.261280    0.823190    6.992796 v _49_/ZN (gf180mcu_fd_sc_mcu7t5v0__nand4_1)
                                                         _22_ (net)
                      1.261280    0.000525    6.993321 v _52_/A2 (gf180mcu_fd_sc_mcu7t5v0__oai21_1)
     1    0.005120    0.475850    0.428457    7.421778 ^ _52_/ZN (gf180mcu_fd_sc_mcu7t5v0__oai21_1)
                                                         _24_ (net)
                      0.475850    0.000054    7.421832 ^ _53_/B (gf180mcu_fd_sc_mcu7t5v0__aoi21_1)
     1    0.002913    0.308105    0.211560    7.633392 v _53_/ZN (gf180mcu_fd_sc_mcu7t5v0__aoi21_1)
                                                         _03_ (net)
                      0.308105    0.000028    7.633420 v _71_/D (gf180mcu_fd_sc_mcu7t5v0__dffq_1)
                                              7.633420   data arrival time

                                 25.000000   25.000000   clock clk_i (rise edge)
                                  0.000000   25.000000   clock source latency
     1    0.027141    0.144073    0.067825   25.067823 ^ clk_i (in)
                                                         clk_i (net)
                      0.144074    0.000000   25.067823 ^ clkbuf_0_clk_i/I (gf180mcu_fd_sc_mcu7t5v0__clkbuf_16)
     2    0.047541    0.112944    0.251685   25.319510 ^ clkbuf_0_clk_i/Z (gf180mcu_fd_sc_mcu7t5v0__clkbuf_16)
                                                         clknet_0_clk_i (net)
                      0.112944    0.000309   25.319818 ^ clkbuf_1_0__f_clk_i/I (gf180mcu_fd_sc_mcu7t5v0__clkbuf_16)
     5    0.022577    0.090799    0.228027   25.547846 ^ clkbuf_1_0__f_clk_i/Z (gf180mcu_fd_sc_mcu7t5v0__clkbuf_16)
                                                         clknet_1_0__leaf_clk_i (net)
                      0.090799    0.000345   25.548189 ^ _71_/CLK (gf180mcu_fd_sc_mcu7t5v0__dffq_1)
                                 -0.250000   25.298191   clock uncertainty
                                  0.000000   25.298191   clock reconvergence pessimism
                                 -0.292265   25.005924   library setup time
                                             25.005924   data required time
---------------------------------------------------------------------------------------------
                                             25.005924   data required time
                                             -7.633420   data arrival time
---------------------------------------------------------------------------------------------
                                             17.372503   slack (MET)


Startpoint: en_i (input port clocked by clk_i)
Endpoint: _70_ (rising edge-triggered flip-flop clocked by clk_i)
Path Group: clk_i
Path Type: max

Fanout         Cap        Slew       Delay        Time   Description
---------------------------------------------------------------------------------------------
                                  0.000000    0.000000   clock clk_i (rise edge)
                                  0.000000    0.000000   clock network delay (propagated)
                                  5.000000    5.000000 ^ input external delay
     1    0.003868    0.111611    0.038531    5.038531 ^ en_i (in)
                                                         en_i (net)
                      0.111611    0.000000    5.038531 ^ input1/I (gf180mcu_fd_sc_mcu7t5v0__dlyb_1)
     6    0.031895    0.569736    1.130584    6.169115 ^ input1/Z (gf180mcu_fd_sc_mcu7t5v0__dlyb_1)
                                                         net1 (net)
                      0.569736    0.000491    6.169606 ^ _49_/A1 (gf180mcu_fd_sc_mcu7t5v0__nand4_1)
     8    0.046095    1.261280    0.823190    6.992796 v _49_/ZN (gf180mcu_fd_sc_mcu7t5v0__nand4_1)
                                                         _22_ (net)
                      1.261280    0.000464    6.993259 v _50_/A2 (gf180mcu_fd_sc_mcu7t5v0__nand2_1)
     1    0.005259    0.388715    0.425749    7.419009 ^ _50_/ZN (gf180mcu_fd_sc_mcu7t5v0__nand2_1)
                                                         _23_ (net)
                      0.388715    0.000103    7.419112 ^ _51_/B (gf180mcu_fd_sc_mcu7t5v0__aoi21_1)
     1    0.003706    0.262986    0.209977    7.629089 v _51_/ZN (gf180mcu_fd_sc_mcu7t5v0__aoi21_1)
                                                         _02_ (net)
                      0.262986    0.000041    7.629129 v _70_/D (gf180mcu_fd_sc_mcu7t5v0__dffq_1)
                                              7.629129   data arrival time

                                 25.000000   25.000000   clock clk_i (rise edge)
                                  0.000000   25.000000   clock source latency
     1    0.027141    0.144073    0.067825   25.067823 ^ clk_i (in)
                                                         clk_i (net)
                      0.144074    0.000000   25.067823 ^ clkbuf_0_clk_i/I (gf180mcu_fd_sc_mcu7t5v0__clkbuf_16)
     2    0.047541    0.112944    0.251685   25.319510 ^ clkbuf_0_clk_i/Z (gf180mcu_fd_sc_mcu7t5v0__clkbuf_16)
                                                         clknet_0_clk_i (net)
                      0.112944    0.000309   25.319818 ^ clkbuf_1_0__f_clk_i/I (gf180mcu_fd_sc_mcu7t5v0__clkbuf_16)
     5    0.022577    0.090799    0.228027   25.547846 ^ clkbuf_1_0__f_clk_i/Z (gf180mcu_fd_sc_mcu7t5v0__clkbuf_16)
                                                         clknet_1_0__leaf_clk_i (net)
                      0.090799    0.000362   25.548208 ^ _70_/CLK (gf180mcu_fd_sc_mcu7t5v0__dffq_1)
                                 -0.250000   25.298208   clock uncertainty
                                  0.000000   25.298208   clock reconvergence pessimism
                                 -0.278211   25.019997   library setup time
                                             25.019997   data required time
---------------------------------------------------------------------------------------------
                                             25.019997   data required time
                                             -7.629129   data arrival time
---------------------------------------------------------------------------------------------
                                             17.390867   slack (MET)


Startpoint: rst_ni (input port clocked by clk_i)
Endpoint: _68_ (rising edge-triggered flip-flop clocked by clk_i)
Path Group: clk_i
Path Type: max

Fanout         Cap        Slew       Delay        Time   Description
---------------------------------------------------------------------------------------------
                                  0.000000    0.000000   clock clk_i (rise edge)
                                  0.000000    0.000000   clock network delay (propagated)
                                  5.000000    5.000000 v input external delay
     1    0.003777    0.063891    0.023206    5.023206 v rst_ni (in)
                                                         rst_ni (net)
                      0.063891    0.000000    5.023206 v input2/I (gf180mcu_fd_sc_mcu7t5v0__dlyb_1)
     8    0.046740    0.575726    1.291999    6.315206 v input2/Z (gf180mcu_fd_sc_mcu7t5v0__dlyb_1)
                                                         net2 (net)
                      0.575727    0.000671    6.315876 v _41_/A2 (gf180mcu_fd_sc_mcu7t5v0__nand2_1)
     2    0.014048    0.391921    0.376208    6.692084 ^ _41_/ZN (gf180mcu_fd_sc_mcu7t5v0__nand2_1)
                                                         _16_ (net)
                      0.391921    0.000106    6.692190 ^ _43_/B1 (gf180mcu_fd_sc_mcu7t5v0__aoi22_1)
     1    0.003395    0.273681    0.202855    6.895045 v _43_/ZN (gf180mcu_fd_sc_mcu7t5v0__aoi22_1)
                                                         _00_ (net)
                      0.273681    0.000062    6.895107 v _68_/D (gf180mcu_fd_sc_mcu7t5v0__dffq_1)
                                              6.895107   data arrival time

                                 25.000000   25.000000   clock clk_i (rise edge)
                                  0.000000   25.000000   clock source latency
     1    0.027141    0.144073    0.067825   25.067823 ^ clk_i (in)
                                                         clk_i (net)
                      0.144074    0.000000   25.067823 ^ clkbuf_0_clk_i/I (gf180mcu_fd_sc_mcu7t5v0__clkbuf_16)
     2    0.047541    0.112944    0.251685   25.319510 ^ clkbuf_0_clk_i/Z (gf180mcu_fd_sc_mcu7t5v0__clkbuf_16)
                                                         clknet_0_clk_i (net)
                      0.112944    0.000481   25.319990 ^ clkbuf_1_1__f_clk_i/I (gf180mcu_fd_sc_mcu7t5v0__clkbuf_16)
     5    0.023223    0.091387    0.228551   25.548542 ^ clkbuf_1_1__f_clk_i/Z (gf180mcu_fd_sc_mcu7t5v0__clkbuf_16)
                                                         clknet_1_1__leaf_clk_i (net)
                      0.091387    0.000300   25.548841 ^ _68_/CLK (gf180mcu_fd_sc_mcu7t5v0__dffq_1)
                                 -0.250000   25.298843   clock uncertainty
                                  0.000000   25.298843   clock reconvergence pessimism
                                 -0.281421   25.017422   library setup time
                                             25.017422   data required time
---------------------------------------------------------------------------------------------
                                             25.017422   data required time
                                             -6.895107   data arrival time
---------------------------------------------------------------------------------------------
                                             18.122314   slack (MET)


Startpoint: en_i (input port clocked by clk_i)
Endpoint: _69_ (rising edge-triggered flip-flop clocked by clk_i)
Path Group: clk_i
Path Type: max

Fanout         Cap        Slew       Delay        Time   Description
---------------------------------------------------------------------------------------------
                                  0.000000    0.000000   clock clk_i (rise edge)
                                  0.000000    0.000000   clock network delay (propagated)
                                  5.000000    5.000000 v input external delay
     1    0.003868    0.064747    0.023749    5.023749 v en_i (in)
                                                         en_i (net)
                      0.064747    0.000000    5.023749 v input1/I (gf180mcu_fd_sc_mcu7t5v0__dlyb_1)
     6    0.031895    0.449009    1.189217    6.212966 v input1/Z (gf180mcu_fd_sc_mcu7t5v0__dlyb_1)
                                                         net1 (net)
                      0.449010    0.000631    6.213597 v _45_/A1 (gf180mcu_fd_sc_mcu7t5v0__nand3_1)
     2    0.012144    0.420256    0.332187    6.545784 ^ _45_/ZN (gf180mcu_fd_sc_mcu7t5v0__nand3_1)
                                                         _19_ (net)
                      0.420256    0.000206    6.545990 ^ _46_/A2 (gf180mcu_fd_sc_mcu7t5v0__nand2_1)
     1    0.005878    0.277123    0.133723    6.679713 v _46_/ZN (gf180mcu_fd_sc_mcu7t5v0__nand2_1)
                                                         _20_ (net)
                      0.277123    0.000068    6.679782 v _47_/A2 (gf180mcu_fd_sc_mcu7t5v0__nor2_1)
     1    0.002918    0.224539    0.190263    6.870045 ^ _47_/ZN (gf180mcu_fd_sc_mcu7t5v0__nor2_1)
                                                         _01_ (net)
                      0.224539    0.000029    6.870074 ^ _69_/D (gf180mcu_fd_sc_mcu7t5v0__dffq_1)
                                              6.870074   data arrival time

                                 25.000000   25.000000   clock clk_i (rise edge)
                                  0.000000   25.000000   clock source latency
     1    0.027141    0.144073    0.067825   25.067823 ^ clk_i (in)
                                                         clk_i (net)
                      0.144074    0.000000   25.067823 ^ clkbuf_0_clk_i/I (gf180mcu_fd_sc_mcu7t5v0__clkbuf_16)
     2    0.047541    0.112944    0.251685   25.319510 ^ clkbuf_0_clk_i/Z (gf180mcu_fd_sc_mcu7t5v0__clkbuf_16)
                                                         clknet_0_clk_i (net)
                      0.112944    0.000481   25.319990 ^ clkbuf_1_1__f_clk_i/I (gf180mcu_fd_sc_mcu7t5v0__clkbuf_16)
     5    0.023223    0.091387    0.228551   25.548542 ^ clkbuf_1_1__f_clk_i/Z (gf180mcu_fd_sc_mcu7t5v0__clkbuf_16)
                                                         clknet_1_1__leaf_clk_i (net)
                      0.091387    0.000345   25.548887 ^ _69_/CLK (gf180mcu_fd_sc_mcu7t5v0__dffq_1)
                                 -0.250000   25.298887   clock uncertainty
                                  0.000000   25.298887   clock reconvergence pessimism
                                 -0.232958   25.065929   library setup time
                                             25.065929   data required time
---------------------------------------------------------------------------------------------
                                             25.065929   data required time
                                             -6.870074   data arrival time
---------------------------------------------------------------------------------------------
                                             18.195856   slack (MET)



