Clock: clk_i
Sources: clk_i 
Generated: no
Virtual: yes
Propagated: no
Period: 25.000000

===========================================================================
report_clock_properties
============================================================================
Clock                   Period          Waveform
----------------------------------------------------
clk_i                25.000000    0.000000 12.500000

===========================================================================
report_clock_latency
============================================================================
Clock clk_i
rise -> rise
    min     max
0.000000 0.000000 source latency
0.092650         network latency _69_/CLK
        0.092819 network latency _73_/CLK
---------------
0.092650 0.092819 latency
        0.000169 skew

fall -> fall
    min     max
0.000000 0.000000 source latency
0.056733         network latency _69_/CLK
        0.056902 network latency _73_/CLK
---------------
0.056733 0.056902 latency
        0.000169 skew



===========================================================================
report_clock_min_period
============================================================================
clk_i period_min = 4.26 fmax = 234.91
