Clock: clk_i
Sources: clk_i 
Generated: no
Virtual: yes
Propagated: no
Period: 25.000000

===========================================================================
report_clock_properties
============================================================================
Clock                   Period          Waveform
----------------------------------------------------
clk_i                25.000000    0.000000 12.500000

===========================================================================
report_clock_latency
============================================================================
Clock clk_i
rise -> rise
    min     max
0.000000 0.000000 source latency
0.356172         network latency _73_/CLK
        0.357136 network latency _69_/CLK
---------------
0.356172 0.357136 latency
        0.000964 skew

fall -> fall
    min     max
0.000000 0.000000 source latency
0.325568         network latency _73_/CLK
        0.326557 network latency _69_/CLK
---------------
0.325568 0.326557 latency
        0.000989 skew



===========================================================================
report_clock_min_period
============================================================================
clk_i period_min = 2.44 fmax = 409.50
