 time 1ns
 capacitance 1pF
 resistance 1ohm
 voltage 1v
 current 1mA
 power 1uW
 distance 1um
== Resizer RC Values (After Set RC) ==
=== Corner nom_tt_025C_5v00 ===
==== Estimation RC Values ====
Name                Direction           Res/Unit Distance   Cap/Unit Distance   
Signal              Avg                 2.751623e-01        6.432400e-05        
Clock               Avg                 2.751623e-01        6.432400e-05        
==== Rt. Layer RC Values ====
Name                Direction           Res/Unit Distance   Cap/Unit Distance   
Metal1              HORIZONTAL          0.000000e+00        0.000000e+00        
Metal2              VERTICAL            0.000000e+00        0.000000e+00        
Metal3              HORIZONTAL          0.000000e+00        0.000000e+00        
Metal4              VERTICAL            0.000000e+00        0.000000e+00        
==== Via R Values ====
Name                Res/Unit Distance   
CON                 0.000000e+00        
Via1                0.000000e+00        
Via2                0.000000e+00        
Via3                0.000000e+00        
