Clock: clk_i
Sources: clk_i 
Generated: no
Virtual: yes
Propagated: no
Period: 25.000000

===========================================================================
report_clock_properties
============================================================================
Clock                   Period          Waveform
----------------------------------------------------
clk_i                25.000000    0.000000 12.500000

===========================================================================
report_clock_latency
============================================================================
Clock clk_i
rise -> rise
    min     max
0.000000 0.000000 source latency
0.354741         network latency _73_/CLK
        0.355555 network latency _69_/CLK
---------------
0.354741 0.355555 latency
        0.000815 skew

fall -> fall
    min     max
0.000000 0.000000 source latency
0.324402         network latency _73_/CLK
        0.325235 network latency _69_/CLK
---------------
0.324402 0.325235 latency
        0.000833 skew



===========================================================================
report_clock_min_period
============================================================================
clk_i period_min = 2.41 fmax = 414.21
