
===========================================================================
report_checks -path_delay max (Setup)
============================================================================
======================= min_tt_025C_5v00 Corner ===================================

Startpoint: en_i (input port clocked by clk_i)
Endpoint: _75_ (rising edge-triggered flip-flop clocked by clk_i)
Path Group: clk_i
Path Type: max

Fanout         Cap        Slew       Delay        Time   Description
---------------------------------------------------------------------------------------------
                                  0.000000    0.000000   clock clk_i (rise edge)
                                  0.000000    0.000000   clock network delay (propagated)
                                  5.000000    5.000000 ^ input external delay
     1    0.003436    0.104724    0.034373    5.034373 ^ en_i (in)
                                                         en_i (net)
                      0.104724    0.000000    5.034373 ^ input1/I (gf180mcu_fd_sc_mcu7t5v0__dlyb_1)
     6    0.037667    0.659294    1.182354    6.216728 ^ input1/Z (gf180mcu_fd_sc_mcu7t5v0__dlyb_1)
                                                         net1 (net)
                      0.659298    0.000951    6.217679 ^ _49_/A1 (gf180mcu_fd_sc_mcu7t5v0__nand4_1)
     8    0.045427    1.248002    0.828738    7.046416 v _49_/ZN (gf180mcu_fd_sc_mcu7t5v0__nand4_1)
                                                         _22_ (net)
                      1.248002    0.001159    7.047575 v _64_/A3 (gf180mcu_fd_sc_mcu7t5v0__or4_1)
     2    0.008491    0.331019    1.106132    8.153707 v _64_/Z (gf180mcu_fd_sc_mcu7t5v0__or4_1)
                                                         _32_ (net)
                      0.331019    0.000058    8.153764 v _65_/A3 (gf180mcu_fd_sc_mcu7t5v0__and3_1)
     1    0.002928    0.127080    0.383970    8.537734 v _65_/Z (gf180mcu_fd_sc_mcu7t5v0__and3_1)
                                                         _07_ (net)
                      0.127080    0.000028    8.537763 v _75_/D (gf180mcu_fd_sc_mcu7t5v0__dffq_1)
                                              8.537763   data arrival time

                                 25.000000   25.000000   clock clk_i (rise edge)
                                  0.000000   25.000000   clock source latency
     1    0.028608    0.149847    0.071458   25.071457 ^ clk_i (in)
                                                         clk_i (net)
                      0.149848    0.000000   25.071457 ^ clkbuf_0_clk_i/I (gf180mcu_fd_sc_mcu7t5v0__clkbuf_16)
     2    0.045932    0.111632    0.251942   25.323399 ^ clkbuf_0_clk_i/Z (gf180mcu_fd_sc_mcu7t5v0__clkbuf_16)
                                                         clknet_0_clk_i (net)
                      0.111632    0.000227   25.323627 ^ clkbuf_1_1__f_clk_i/I (gf180mcu_fd_sc_mcu7t5v0__clkbuf_16)
     5    0.022105    0.090366    0.227336   25.550962 ^ clkbuf_1_1__f_clk_i/Z (gf180mcu_fd_sc_mcu7t5v0__clkbuf_16)
                                                         clknet_1_1__leaf_clk_i (net)
                      0.090366    0.000369   25.551332 ^ _75_/CLK (gf180mcu_fd_sc_mcu7t5v0__dffq_1)
                                 -0.250000   25.301332   clock uncertainty
                                  0.000000   25.301332   clock reconvergence pessimism
                                 -0.237861   25.063473   library setup time
                                             25.063473   data required time
---------------------------------------------------------------------------------------------
                                             25.063473   data required time
                                             -8.537763   data arrival time
---------------------------------------------------------------------------------------------
                                             16.525709   slack (MET)


Startpoint: _68_ (rising edge-triggered flip-flop clocked by clk_i)
Endpoint: count_o[0] (output port clocked by clk_i)
Path Group: clk_i
Path Type: max

Fanout         Cap        Slew       Delay        Time   Description
---------------------------------------------------------------------------------------------
                                  0.000000    0.000000   clock clk_i (rise edge)
                                  0.000000    0.000000   clock source latency
     1    0.028608    0.149847    0.071457    0.071457 ^ clk_i (in)
                                                         clk_i (net)
                      0.149848    0.000000    0.071457 ^ clkbuf_0_clk_i/I (gf180mcu_fd_sc_mcu7t5v0__clkbuf_16)
     2    0.045932    0.111632    0.251944    0.323400 ^ clkbuf_0_clk_i/Z (gf180mcu_fd_sc_mcu7t5v0__clkbuf_16)
                                                         clknet_0_clk_i (net)
                      0.111632    0.000240    0.323641 ^ clkbuf_1_0__f_clk_i/I (gf180mcu_fd_sc_mcu7t5v0__clkbuf_16)
     5    0.023779    0.091894    0.228788    0.552428 ^ clkbuf_1_0__f_clk_i/Z (gf180mcu_fd_sc_mcu7t5v0__clkbuf_16)
                                                         clknet_1_0__leaf_clk_i (net)
                      0.091894    0.000159    0.552587 ^ _68_/CLK (gf180mcu_fd_sc_mcu7t5v0__dffq_1)
     7    0.038178    0.658749    1.035168    1.587756 ^ _68_/Q (gf180mcu_fd_sc_mcu7t5v0__dffq_1)
                                                         net3 (net)
                      0.658749    0.000256    1.588012 ^ output3/I (gf180mcu_fd_sc_mcu7t5v0__dlyb_1)
     1    0.073587    1.229728    1.550204    3.138216 ^ output3/Z (gf180mcu_fd_sc_mcu7t5v0__dlyb_1)
                                                         count_o[0] (net)
                      1.229728    0.000489    3.138705 ^ count_o[0] (out)
                                              3.138705   data arrival time

                                 25.000000   25.000000   clock clk_i (rise edge)
                                  0.000000   25.000000   clock network delay (propagated)
                                 -0.250000   24.750000   clock uncertainty
                                  0.000000   24.750000   clock reconvergence pessimism
                                 -5.000000   19.750000   output external delay
                                             19.750000   data required time
---------------------------------------------------------------------------------------------
                                             19.750000   data required time
                                             -3.138705   data arrival time
---------------------------------------------------------------------------------------------
                                             16.611294   slack (MET)


Startpoint: en_i (input port clocked by clk_i)
Endpoint: _76_ (rising edge-triggered flip-flop clocked by clk_i)
Path Group: clk_i
Path Type: max

Fanout         Cap        Slew       Delay        Time   Description
---------------------------------------------------------------------------------------------
                                  0.000000    0.000000   clock clk_i (rise edge)
                                  0.000000    0.000000   clock network delay (propagated)
                                  5.000000    5.000000 ^ input external delay
     1    0.003436    0.104724    0.034373    5.034373 ^ en_i (in)
                                                         en_i (net)
                      0.104724    0.000000    5.034373 ^ input1/I (gf180mcu_fd_sc_mcu7t5v0__dlyb_1)
     6    0.037667    0.659294    1.182354    6.216728 ^ input1/Z (gf180mcu_fd_sc_mcu7t5v0__dlyb_1)
                                                         net1 (net)
                      0.659298    0.000951    6.217679 ^ _49_/A1 (gf180mcu_fd_sc_mcu7t5v0__nand4_1)
     8    0.045427    1.248002    0.828738    7.046416 v _49_/ZN (gf180mcu_fd_sc_mcu7t5v0__nand4_1)
                                                         _22_ (net)
                      1.248002    0.001159    7.047575 v _64_/A3 (gf180mcu_fd_sc_mcu7t5v0__or4_1)
     2    0.008491    0.331019    1.106132    8.153707 v _64_/Z (gf180mcu_fd_sc_mcu7t5v0__or4_1)
                                                         _32_ (net)
                      0.331019    0.000123    8.153829 v _67_/A2 (gf180mcu_fd_sc_mcu7t5v0__oai21_1)
     1    0.003911    0.291455    0.236113    8.389942 ^ _67_/ZN (gf180mcu_fd_sc_mcu7t5v0__oai21_1)
                                                         _08_ (net)
                      0.291455    0.000043    8.389985 ^ _76_/D (gf180mcu_fd_sc_mcu7t5v0__dffq_1)
                                              8.389985   data arrival time

                                 25.000000   25.000000   clock clk_i (rise edge)
                                  0.000000   25.000000   clock source latency
     1    0.028608    0.149847    0.071458   25.071457 ^ clk_i (in)
                                                         clk_i (net)
                      0.149848    0.000000   25.071457 ^ clkbuf_0_clk_i/I (gf180mcu_fd_sc_mcu7t5v0__clkbuf_16)
     2    0.045932    0.111632    0.251942   25.323399 ^ clkbuf_0_clk_i/Z (gf180mcu_fd_sc_mcu7t5v0__clkbuf_16)
                                                         clknet_0_clk_i (net)
                      0.111632    0.000227   25.323627 ^ clkbuf_1_1__f_clk_i/I (gf180mcu_fd_sc_mcu7t5v0__clkbuf_16)
     5    0.022105    0.090366    0.227336   25.550962 ^ clkbuf_1_1__f_clk_i/Z (gf180mcu_fd_sc_mcu7t5v0__clkbuf_16)
                                                         clknet_1_1__leaf_clk_i (net)
                      0.090367    0.000382   25.551346 ^ _76_/CLK (gf180mcu_fd_sc_mcu7t5v0__dffq_1)
                                 -0.250000   25.301346   clock uncertainty
                                  0.000000   25.301346   clock reconvergence pessimism
                                 -0.240243   25.061102   library setup time
                                             25.061102   data required time
---------------------------------------------------------------------------------------------
                                             25.061102   data required time
                                             -8.389985   data arrival time
---------------------------------------------------------------------------------------------
                                             16.671116   slack (MET)


Startpoint: _72_ (rising edge-triggered flip-flop clocked by clk_i)
Endpoint: count_o[4] (output port clocked by clk_i)
Path Group: clk_i
Path Type: max

Fanout         Cap        Slew       Delay        Time   Description
---------------------------------------------------------------------------------------------
                                  0.000000    0.000000   clock clk_i (rise edge)
                                  0.000000    0.000000   clock source latency
     1    0.028608    0.149847    0.071457    0.071457 ^ clk_i (in)
                                                         clk_i (net)
                      0.149848    0.000000    0.071457 ^ clkbuf_0_clk_i/I (gf180mcu_fd_sc_mcu7t5v0__clkbuf_16)
     2    0.045932    0.111632    0.251944    0.323400 ^ clkbuf_0_clk_i/Z (gf180mcu_fd_sc_mcu7t5v0__clkbuf_16)
                                                         clknet_0_clk_i (net)
                      0.111632    0.000240    0.323641 ^ clkbuf_1_0__f_clk_i/I (gf180mcu_fd_sc_mcu7t5v0__clkbuf_16)
     5    0.023779    0.091894    0.228788    0.552428 ^ clkbuf_1_0__f_clk_i/Z (gf180mcu_fd_sc_mcu7t5v0__clkbuf_16)
                                                         clknet_1_0__leaf_clk_i (net)
                      0.091894    0.000109    0.552537 ^ _72_/CLK (gf180mcu_fd_sc_mcu7t5v0__dffq_1)
     5    0.026559    0.475383    0.928862    1.481399 ^ _72_/Q (gf180mcu_fd_sc_mcu7t5v0__dffq_1)
                                                         net7 (net)
                      0.475383    0.000168    1.481567 ^ output7/I (gf180mcu_fd_sc_mcu7t5v0__dlyb_1)
     1    0.073562    1.229696    1.545964    3.027531 ^ output7/Z (gf180mcu_fd_sc_mcu7t5v0__dlyb_1)
                                                         count_o[4] (net)
                      1.229696    0.000483    3.028014 ^ count_o[4] (out)
                                              3.028014   data arrival time

                                 25.000000   25.000000   clock clk_i (rise edge)
                                  0.000000   25.000000   clock network delay (propagated)
                                 -0.250000   24.750000   clock uncertainty
                                  0.000000   24.750000   clock reconvergence pessimism
                                 -5.000000   19.750000   output external delay
                                             19.750000   data required time
---------------------------------------------------------------------------------------------
                                             19.750000   data required time
                                             -3.028014   data arrival time
---------------------------------------------------------------------------------------------
                                             16.721987   slack (MET)


Startpoint: _69_ (rising edge-triggered flip-flop clocked by clk_i)
Endpoint: count_o[1] (output port clocked by clk_i)
Path Group: clk_i
Path Type: max

Fanout         Cap        Slew       Delay        Time   Description
---------------------------------------------------------------------------------------------
                                  0.000000    0.000000   clock clk_i (rise edge)
                                  0.000000    0.000000   clock source latency
     1    0.028608    0.149847    0.071457    0.071457 ^ clk_i (in)
                                                         clk_i (net)
                      0.149848    0.000000    0.071457 ^ clkbuf_0_clk_i/I (gf180mcu_fd_sc_mcu7t5v0__clkbuf_16)
     2    0.045932    0.111632    0.251944    0.323400 ^ clkbuf_0_clk_i/Z (gf180mcu_fd_sc_mcu7t5v0__clkbuf_16)
                                                         clknet_0_clk_i (net)
                      0.111632    0.000240    0.323641 ^ clkbuf_1_0__f_clk_i/I (gf180mcu_fd_sc_mcu7t5v0__clkbuf_16)
     5    0.023779    0.091894    0.228788    0.552428 ^ clkbuf_1_0__f_clk_i/Z (gf180mcu_fd_sc_mcu7t5v0__clkbuf_16)
                                                         clknet_1_0__leaf_clk_i (net)
                      0.091894    0.000151    0.552579 ^ _69_/CLK (gf180mcu_fd_sc_mcu7t5v0__dffq_1)
     5    0.023884    0.433245    0.904319    1.456898 ^ _69_/Q (gf180mcu_fd_sc_mcu7t5v0__dffq_1)
                                                         net4 (net)
                      0.433245    0.000425    1.457324 ^ output4/I (gf180mcu_fd_sc_mcu7t5v0__dlyb_1)
     1    0.074510    1.244854    1.552966    3.010289 ^ output4/Z (gf180mcu_fd_sc_mcu7t5v0__dlyb_1)
                                                         count_o[1] (net)
                      1.244854    0.000946    3.011235 ^ count_o[1] (out)
                                              3.011235   data arrival time

                                 25.000000   25.000000   clock clk_i (rise edge)
                                  0.000000   25.000000   clock network delay (propagated)
                                 -0.250000   24.750000   clock uncertainty
                                  0.000000   24.750000   clock reconvergence pessimism
                                 -5.000000   19.750000   output external delay
                                             19.750000   data required time
---------------------------------------------------------------------------------------------
                                             19.750000   data required time
                                             -3.011235   data arrival time
---------------------------------------------------------------------------------------------
                                             16.738764   slack (MET)


Startpoint: _71_ (rising edge-triggered flip-flop clocked by clk_i)
Endpoint: count_o[3] (output port clocked by clk_i)
Path Group: clk_i
Path Type: max

Fanout         Cap        Slew       Delay        Time   Description
---------------------------------------------------------------------------------------------
                                  0.000000    0.000000   clock clk_i (rise edge)
                                  0.000000    0.000000   clock source latency
     1    0.028608    0.149847    0.071457    0.071457 ^ clk_i (in)
                                                         clk_i (net)
                      0.149848    0.000000    0.071457 ^ clkbuf_0_clk_i/I (gf180mcu_fd_sc_mcu7t5v0__clkbuf_16)
     2    0.045932    0.111632    0.251944    0.323400 ^ clkbuf_0_clk_i/Z (gf180mcu_fd_sc_mcu7t5v0__clkbuf_16)
                                                         clknet_0_clk_i (net)
                      0.111632    0.000240    0.323641 ^ clkbuf_1_0__f_clk_i/I (gf180mcu_fd_sc_mcu7t5v0__clkbuf_16)
     5    0.023779    0.091894    0.228788    0.552428 ^ clkbuf_1_0__f_clk_i/Z (gf180mcu_fd_sc_mcu7t5v0__clkbuf_16)
                                                         clknet_1_0__leaf_clk_i (net)
                      0.091894    0.000142    0.552570 ^ _71_/CLK (gf180mcu_fd_sc_mcu7t5v0__dffq_1)
     4    0.021148    0.390213    0.879316    1.431886 ^ _71_/Q (gf180mcu_fd_sc_mcu7t5v0__dffq_1)
                                                         net6 (net)
                      0.390213    0.000292    1.432178 ^ output6/I (gf180mcu_fd_sc_mcu7t5v0__dlyb_1)
     1    0.073832    1.234261    1.545569    2.977747 ^ output6/Z (gf180mcu_fd_sc_mcu7t5v0__dlyb_1)
                                                         count_o[3] (net)
                      1.234261    0.000539    2.978286 ^ count_o[3] (out)
                                              2.978286   data arrival time

                                 25.000000   25.000000   clock clk_i (rise edge)
                                  0.000000   25.000000   clock network delay (propagated)
                                 -0.250000   24.750000   clock uncertainty
                                  0.000000   24.750000   clock reconvergence pessimism
                                 -5.000000   19.750000   output external delay
                                             19.750000   data required time
---------------------------------------------------------------------------------------------
                                             19.750000   data required time
                                             -2.978286   data arrival time
---------------------------------------------------------------------------------------------
                                             16.771713   slack (MET)


Startpoint: _70_ (rising edge-triggered flip-flop clocked by clk_i)
Endpoint: count_o[2] (output port clocked by clk_i)
Path Group: clk_i
Path Type: max

Fanout         Cap        Slew       Delay        Time   Description
---------------------------------------------------------------------------------------------
                                  0.000000    0.000000   clock clk_i (rise edge)
                                  0.000000    0.000000   clock source latency
     1    0.028608    0.149847    0.071457    0.071457 ^ clk_i (in)
                                                         clk_i (net)
                      0.149848    0.000000    0.071457 ^ clkbuf_0_clk_i/I (gf180mcu_fd_sc_mcu7t5v0__clkbuf_16)
     2    0.045932    0.111632    0.251944    0.323400 ^ clkbuf_0_clk_i/Z (gf180mcu_fd_sc_mcu7t5v0__clkbuf_16)
                                                         clknet_0_clk_i (net)
                      0.111632    0.000240    0.323641 ^ clkbuf_1_0__f_clk_i/I (gf180mcu_fd_sc_mcu7t5v0__clkbuf_16)
     5    0.023779    0.091894    0.228788    0.552428 ^ clkbuf_1_0__f_clk_i/Z (gf180mcu_fd_sc_mcu7t5v0__clkbuf_16)
                                                         clknet_1_0__leaf_clk_i (net)
                      0.091894    0.000036    0.552465 ^ _70_/CLK (gf180mcu_fd_sc_mcu7t5v0__dffq_1)
     4    0.020961    0.387256    0.877589    1.430053 ^ _70_/Q (gf180mcu_fd_sc_mcu7t5v0__dffq_1)
                                                         net5 (net)
                      0.387256    0.000173    1.430227 ^ output5/I (gf180mcu_fd_sc_mcu7t5v0__dlyb_1)
     1    0.073789    1.233476    1.544828    2.975055 ^ output5/Z (gf180mcu_fd_sc_mcu7t5v0__dlyb_1)
                                                         count_o[2] (net)
                      1.233476    0.000848    2.975902 ^ count_o[2] (out)
                                              2.975902   data arrival time

                                 25.000000   25.000000   clock clk_i (rise edge)
                                  0.000000   25.000000   clock network delay (propagated)
                                 -0.250000   24.750000   clock uncertainty
                                  0.000000   24.750000   clock reconvergence pessimism
                                 -5.000000   19.750000   output external delay
                                             19.750000   data required time
---------------------------------------------------------------------------------------------
                                             19.750000   data required time
                                             -2.975902   data arrival time
---------------------------------------------------------------------------------------------
                                             16.774097   slack (MET)


Startpoint: _73_ (rising edge-triggered flip-flop clocked by clk_i)
Endpoint: count_o[5] (output port clocked by clk_i)
Path Group: clk_i
Path Type: max

Fanout         Cap        Slew       Delay        Time   Description
---------------------------------------------------------------------------------------------
                                  0.000000    0.000000   clock clk_i (rise edge)
                                  0.000000    0.000000   clock source latency
     1    0.028608    0.149847    0.071457    0.071457 ^ clk_i (in)
                                                         clk_i (net)
                      0.149848    0.000000    0.071457 ^ clkbuf_0_clk_i/I (gf180mcu_fd_sc_mcu7t5v0__clkbuf_16)
     2    0.045932    0.111632    0.251944    0.323400 ^ clkbuf_0_clk_i/Z (gf180mcu_fd_sc_mcu7t5v0__clkbuf_16)
                                                         clknet_0_clk_i (net)
                      0.111632    0.000228    0.323628 ^ clkbuf_1_1__f_clk_i/I (gf180mcu_fd_sc_mcu7t5v0__clkbuf_16)
     5    0.022105    0.090366    0.227335    0.550963 ^ clkbuf_1_1__f_clk_i/Z (gf180mcu_fd_sc_mcu7t5v0__clkbuf_16)
                                                         clknet_1_1__leaf_clk_i (net)
                      0.090366    0.000356    0.551320 ^ _73_/CLK (gf180mcu_fd_sc_mcu7t5v0__dffq_1)
     4    0.019224    0.360115    0.861417    1.412737 ^ _73_/Q (gf180mcu_fd_sc_mcu7t5v0__dffq_1)
                                                         net8 (net)
                      0.360115    0.000215    1.412952 ^ output8/I (gf180mcu_fd_sc_mcu7t5v0__dlyb_1)
     1    0.073529    1.229416    1.541560    2.954512 ^ output8/Z (gf180mcu_fd_sc_mcu7t5v0__dlyb_1)
                                                         count_o[5] (net)
                      1.229416    0.000787    2.955299 ^ count_o[5] (out)
                                              2.955299   data arrival time

                                 25.000000   25.000000   clock clk_i (rise edge)
                                  0.000000   25.000000   clock network delay (propagated)
                                 -0.250000   24.750000   clock uncertainty
                                  0.000000   24.750000   clock reconvergence pessimism
                                 -5.000000   19.750000   output external delay
                                             19.750000   data required time
---------------------------------------------------------------------------------------------
                                             19.750000   data required time
                                             -2.955299   data arrival time
---------------------------------------------------------------------------------------------
                                             16.794701   slack (MET)


Startpoint: _74_ (rising edge-triggered flip-flop clocked by clk_i)
Endpoint: count_o[6] (output port clocked by clk_i)
Path Group: clk_i
Path Type: max

Fanout         Cap        Slew       Delay        Time   Description
---------------------------------------------------------------------------------------------
                                  0.000000    0.000000   clock clk_i (rise edge)
                                  0.000000    0.000000   clock source latency
     1    0.028608    0.149847    0.071457    0.071457 ^ clk_i (in)
                                                         clk_i (net)
                      0.149848    0.000000    0.071457 ^ clkbuf_0_clk_i/I (gf180mcu_fd_sc_mcu7t5v0__clkbuf_16)
     2    0.045932    0.111632    0.251944    0.323400 ^ clkbuf_0_clk_i/Z (gf180mcu_fd_sc_mcu7t5v0__clkbuf_16)
                                                         clknet_0_clk_i (net)
                      0.111632    0.000228    0.323628 ^ clkbuf_1_1__f_clk_i/I (gf180mcu_fd_sc_mcu7t5v0__clkbuf_16)
     5    0.022105    0.090366    0.227335    0.550963 ^ clkbuf_1_1__f_clk_i/Z (gf180mcu_fd_sc_mcu7t5v0__clkbuf_16)
                                                         clknet_1_1__leaf_clk_i (net)
                      0.090366    0.000364    0.551328 ^ _74_/CLK (gf180mcu_fd_sc_mcu7t5v0__dffq_1)
     3    0.014763    0.292979    0.820725    1.372052 ^ _74_/Q (gf180mcu_fd_sc_mcu7t5v0__dffq_1)
                                                         net9 (net)
                      0.292979    0.000204    1.372257 ^ output9/I (gf180mcu_fd_sc_mcu7t5v0__dlyb_1)
     1    0.073763    1.233006    1.538735    2.910991 ^ output9/Z (gf180mcu_fd_sc_mcu7t5v0__dlyb_1)
                                                         count_o[6] (net)
                      1.233006    0.000832    2.911824 ^ count_o[6] (out)
                                              2.911824   data arrival time

                                 25.000000   25.000000   clock clk_i (rise edge)
                                  0.000000   25.000000   clock network delay (propagated)
                                 -0.250000   24.750000   clock uncertainty
                                  0.000000   24.750000   clock reconvergence pessimism
                                 -5.000000   19.750000   output external delay
                                             19.750000   data required time
---------------------------------------------------------------------------------------------
                                             19.750000   data required time
                                             -2.911824   data arrival time
---------------------------------------------------------------------------------------------
                                             16.838177   slack (MET)


Startpoint: _76_ (rising edge-triggered flip-flop clocked by clk_i)
Endpoint: ovf_o (output port clocked by clk_i)
Path Group: clk_i
Path Type: max

Fanout         Cap        Slew       Delay        Time   Description
---------------------------------------------------------------------------------------------
                                  0.000000    0.000000   clock clk_i (rise edge)
                                  0.000000    0.000000   clock source latency
     1    0.028608    0.149847    0.071457    0.071457 ^ clk_i (in)
                                                         clk_i (net)
                      0.149848    0.000000    0.071457 ^ clkbuf_0_clk_i/I (gf180mcu_fd_sc_mcu7t5v0__clkbuf_16)
     2    0.045932    0.111632    0.251944    0.323400 ^ clkbuf_0_clk_i/Z (gf180mcu_fd_sc_mcu7t5v0__clkbuf_16)
                                                         clknet_0_clk_i (net)
                      0.111632    0.000228    0.323628 ^ clkbuf_1_1__f_clk_i/I (gf180mcu_fd_sc_mcu7t5v0__clkbuf_16)
     5    0.022105    0.090366    0.227335    0.550963 ^ clkbuf_1_1__f_clk_i/Z (gf180mcu_fd_sc_mcu7t5v0__clkbuf_16)
                                                         clknet_1_1__leaf_clk_i (net)
                      0.090367    0.000382    0.551345 ^ _76_/CLK (gf180mcu_fd_sc_mcu7t5v0__dffq_1)
     2    0.010353    0.226597    0.780504    1.331849 ^ _76_/Q (gf180mcu_fd_sc_mcu7t5v0__dffq_1)
                                                         net11 (net)
                      0.226597    0.000139    1.331988 ^ output11/I (gf180mcu_fd_sc_mcu7t5v0__dlyb_1)
     1    0.073847    1.233890    1.532143    2.864131 ^ output11/Z (gf180mcu_fd_sc_mcu7t5v0__dlyb_1)
                                                         ovf_o (net)
                      1.233890    0.000855    2.864986 ^ ovf_o (out)
                                              2.864986   data arrival time

                                 25.000000   25.000000   clock clk_i (rise edge)
                                  0.000000   25.000000   clock network delay (propagated)
                                 -0.250000   24.750000   clock uncertainty
                                  0.000000   24.750000   clock reconvergence pessimism
                                 -5.000000   19.750000   output external delay
                                             19.750000   data required time
---------------------------------------------------------------------------------------------
                                             19.750000   data required time
                                             -2.864986   data arrival time
---------------------------------------------------------------------------------------------
                                             16.885015   slack (MET)


Startpoint: _75_ (rising edge-triggered flip-flop clocked by clk_i)
Endpoint: count_o[7] (output port clocked by clk_i)
Path Group: clk_i
Path Type: max

Fanout         Cap        Slew       Delay        Time   Description
---------------------------------------------------------------------------------------------
                                  0.000000    0.000000   clock clk_i (rise edge)
                                  0.000000    0.000000   clock source latency
     1    0.028608    0.149847    0.071457    0.071457 ^ clk_i (in)
                                                         clk_i (net)
                      0.149848    0.000000    0.071457 ^ clkbuf_0_clk_i/I (gf180mcu_fd_sc_mcu7t5v0__clkbuf_16)
     2    0.045932    0.111632    0.251944    0.323400 ^ clkbuf_0_clk_i/Z (gf180mcu_fd_sc_mcu7t5v0__clkbuf_16)
                                                         clknet_0_clk_i (net)
                      0.111632    0.000228    0.323628 ^ clkbuf_1_1__f_clk_i/I (gf180mcu_fd_sc_mcu7t5v0__clkbuf_16)
     5    0.022105    0.090366    0.227335    0.550963 ^ clkbuf_1_1__f_clk_i/Z (gf180mcu_fd_sc_mcu7t5v0__clkbuf_16)
                                                         clknet_1_1__leaf_clk_i (net)
                      0.090366    0.000370    0.551334 ^ _75_/CLK (gf180mcu_fd_sc_mcu7t5v0__dffq_1)
     2    0.009107    0.207879    0.769144    1.320478 ^ _75_/Q (gf180mcu_fd_sc_mcu7t5v0__dffq_1)
                                                         net10 (net)
                      0.207879    0.000132    1.320610 ^ output10/I (gf180mcu_fd_sc_mcu7t5v0__dlyb_1)
     1    0.073762    1.232405    1.529297    2.849907 ^ output10/Z (gf180mcu_fd_sc_mcu7t5v0__dlyb_1)
                                                         count_o[7] (net)
                      1.232405    0.000832    2.850739 ^ count_o[7] (out)
                                              2.850739   data arrival time

                                 25.000000   25.000000   clock clk_i (rise edge)
                                  0.000000   25.000000   clock network delay (propagated)
                                 -0.250000   24.750000   clock uncertainty
                                  0.000000   24.750000   clock reconvergence pessimism
                                 -5.000000   19.750000   output external delay
                                             19.750000   data required time
---------------------------------------------------------------------------------------------
                                             19.750000   data required time
                                             -2.850739   data arrival time
---------------------------------------------------------------------------------------------
                                             16.899261   slack (MET)


Startpoint: en_i (input port clocked by clk_i)
Endpoint: _73_ (rising edge-triggered flip-flop clocked by clk_i)
Path Group: clk_i
Path Type: max

Fanout         Cap        Slew       Delay        Time   Description
---------------------------------------------------------------------------------------------
                                  0.000000    0.000000   clock clk_i (rise edge)
                                  0.000000    0.000000   clock network delay (propagated)
                                  5.000000    5.000000 ^ input external delay
     1    0.003436    0.104724    0.034373    5.034373 ^ en_i (in)
                                                         en_i (net)
                      0.104724    0.000000    5.034373 ^ input1/I (gf180mcu_fd_sc_mcu7t5v0__dlyb_1)
     6    0.037667    0.659294    1.182354    6.216728 ^ input1/Z (gf180mcu_fd_sc_mcu7t5v0__dlyb_1)
                                                         net1 (net)
                      0.659298    0.000951    6.217679 ^ _49_/A1 (gf180mcu_fd_sc_mcu7t5v0__nand4_1)
     8    0.045427    1.248002    0.828738    7.046416 v _49_/ZN (gf180mcu_fd_sc_mcu7t5v0__nand4_1)
                                                         _22_ (net)
                      1.248002    0.001064    7.047480 v _57_/A3 (gf180mcu_fd_sc_mcu7t5v0__oai31_1)
     1    0.003154    0.601800    0.569608    7.617088 ^ _57_/ZN (gf180mcu_fd_sc_mcu7t5v0__oai31_1)
                                                         _27_ (net)
                      0.601800    0.000030    7.617118 ^ _59_/A2 (gf180mcu_fd_sc_mcu7t5v0__and3_1)
     1    0.003644    0.167524    0.416637    8.033755 ^ _59_/Z (gf180mcu_fd_sc_mcu7t5v0__and3_1)
                                                         _05_ (net)
                      0.167524    0.000072    8.033827 ^ _73_/D (gf180mcu_fd_sc_mcu7t5v0__dffq_1)
                                              8.033827   data arrival time

                                 25.000000   25.000000   clock clk_i (rise edge)
                                  0.000000   25.000000   clock source latency
     1    0.028608    0.149847    0.071458   25.071457 ^ clk_i (in)
                                                         clk_i (net)
                      0.149848    0.000000   25.071457 ^ clkbuf_0_clk_i/I (gf180mcu_fd_sc_mcu7t5v0__clkbuf_16)
     2    0.045932    0.111632    0.251942   25.323399 ^ clkbuf_0_clk_i/Z (gf180mcu_fd_sc_mcu7t5v0__clkbuf_16)
                                                         clknet_0_clk_i (net)
                      0.111632    0.000227   25.323627 ^ clkbuf_1_1__f_clk_i/I (gf180mcu_fd_sc_mcu7t5v0__clkbuf_16)
     5    0.022105    0.090366    0.227336   25.550962 ^ clkbuf_1_1__f_clk_i/Z (gf180mcu_fd_sc_mcu7t5v0__clkbuf_16)
                                                         clknet_1_1__leaf_clk_i (net)
                      0.090366    0.000355   25.551319 ^ _73_/CLK (gf180mcu_fd_sc_mcu7t5v0__dffq_1)
                                 -0.250000   25.301319   clock uncertainty
                                  0.000000   25.301319   clock reconvergence pessimism
                                 -0.227153   25.074165   library setup time
                                             25.074165   data required time
---------------------------------------------------------------------------------------------
                                             25.074165   data required time
                                             -8.033827   data arrival time
---------------------------------------------------------------------------------------------
                                             17.040339   slack (MET)


Startpoint: en_i (input port clocked by clk_i)
Endpoint: _74_ (rising edge-triggered flip-flop clocked by clk_i)
Path Group: clk_i
Path Type: max

Fanout         Cap        Slew       Delay        Time   Description
---------------------------------------------------------------------------------------------
                                  0.000000    0.000000   clock clk_i (rise edge)
                                  0.000000    0.000000   clock network delay (propagated)
                                  5.000000    5.000000 ^ input external delay
     1    0.003436    0.104724    0.034373    5.034373 ^ en_i (in)
                                                         en_i (net)
                      0.104724    0.000000    5.034373 ^ input1/I (gf180mcu_fd_sc_mcu7t5v0__dlyb_1)
     6    0.037667    0.659294    1.182354    6.216728 ^ input1/Z (gf180mcu_fd_sc_mcu7t5v0__dlyb_1)
                                                         net1 (net)
                      0.659298    0.000951    6.217679 ^ _49_/A1 (gf180mcu_fd_sc_mcu7t5v0__nand4_1)
     8    0.045427    1.248002    0.828738    7.046416 v _49_/ZN (gf180mcu_fd_sc_mcu7t5v0__nand4_1)
                                                         _22_ (net)
                      1.248002    0.001065    7.047481 v _61_/A2 (gf180mcu_fd_sc_mcu7t5v0__nor3_1)
     1    0.006197    0.622874    0.558985    7.606466 ^ _61_/ZN (gf180mcu_fd_sc_mcu7t5v0__nor3_1)
                                                         _30_ (net)
                      0.622874    0.000077    7.606543 ^ _62_/B (gf180mcu_fd_sc_mcu7t5v0__aoi211_1)
     1    0.003035    0.337846    0.253998    7.860541 v _62_/ZN (gf180mcu_fd_sc_mcu7t5v0__aoi211_1)
                                                         _06_ (net)
                      0.337846    0.000055    7.860596 v _74_/D (gf180mcu_fd_sc_mcu7t5v0__dffq_1)
                                              7.860596   data arrival time

                                 25.000000   25.000000   clock clk_i (rise edge)
                                  0.000000   25.000000   clock source latency
     1    0.028608    0.149847    0.071458   25.071457 ^ clk_i (in)
                                                         clk_i (net)
                      0.149848    0.000000   25.071457 ^ clkbuf_0_clk_i/I (gf180mcu_fd_sc_mcu7t5v0__clkbuf_16)
     2    0.045932    0.111632    0.251942   25.323399 ^ clkbuf_0_clk_i/Z (gf180mcu_fd_sc_mcu7t5v0__clkbuf_16)
                                                         clknet_0_clk_i (net)
                      0.111632    0.000227   25.323627 ^ clkbuf_1_1__f_clk_i/I (gf180mcu_fd_sc_mcu7t5v0__clkbuf_16)
     5    0.022105    0.090366    0.227336   25.550962 ^ clkbuf_1_1__f_clk_i/Z (gf180mcu_fd_sc_mcu7t5v0__clkbuf_16)
                                                         clknet_1_1__leaf_clk_i (net)
                      0.090366    0.000364   25.551327 ^ _74_/CLK (gf180mcu_fd_sc_mcu7t5v0__dffq_1)
                                 -0.250000   25.301329   clock uncertainty
                                  0.000000   25.301329   clock reconvergence pessimism
                                 -0.302235   24.999094   library setup time
                                             24.999094   data required time
---------------------------------------------------------------------------------------------
                                             24.999094   data required time
                                             -7.860596   data arrival time
---------------------------------------------------------------------------------------------
                                             17.138496   slack (MET)


Startpoint: en_i (input port clocked by clk_i)
Endpoint: _72_ (rising edge-triggered flip-flop clocked by clk_i)
Path Group: clk_i
Path Type: max

Fanout         Cap        Slew       Delay        Time   Description
---------------------------------------------------------------------------------------------
                                  0.000000    0.000000   clock clk_i (rise edge)
                                  0.000000    0.000000   clock network delay (propagated)
                                  5.000000    5.000000 ^ input external delay
     1    0.003436    0.104724    0.034373    5.034373 ^ en_i (in)
                                                         en_i (net)
                      0.104724    0.000000    5.034373 ^ input1/I (gf180mcu_fd_sc_mcu7t5v0__dlyb_1)
     6    0.037667    0.659294    1.182354    6.216728 ^ input1/Z (gf180mcu_fd_sc_mcu7t5v0__dlyb_1)
                                                         net1 (net)
                      0.659298    0.000951    6.217679 ^ _49_/A1 (gf180mcu_fd_sc_mcu7t5v0__nand4_1)
     8    0.045427    1.248002    0.828738    7.046416 v _49_/ZN (gf180mcu_fd_sc_mcu7t5v0__nand4_1)
                                                         _22_ (net)
                      1.248002    0.000961    7.047377 v _55_/A3 (gf180mcu_fd_sc_mcu7t5v0__nor3_1)
     1    0.006048    0.626789    0.506395    7.553771 ^ _55_/ZN (gf180mcu_fd_sc_mcu7t5v0__nor3_1)
                                                         _26_ (net)
                      0.626789    0.000073    7.553844 ^ _56_/A3 (gf180mcu_fd_sc_mcu7t5v0__nor3_1)
     1    0.004400    0.323074    0.231741    7.785585 v _56_/ZN (gf180mcu_fd_sc_mcu7t5v0__nor3_1)
                                                         _04_ (net)
                      0.323074    0.000052    7.785637 v _72_/D (gf180mcu_fd_sc_mcu7t5v0__dffq_1)
                                              7.785637   data arrival time

                                 25.000000   25.000000   clock clk_i (rise edge)
                                  0.000000   25.000000   clock source latency
     1    0.028608    0.149847    0.071458   25.071457 ^ clk_i (in)
                                                         clk_i (net)
                      0.149848    0.000000   25.071457 ^ clkbuf_0_clk_i/I (gf180mcu_fd_sc_mcu7t5v0__clkbuf_16)
     2    0.045932    0.111632    0.251942   25.323399 ^ clkbuf_0_clk_i/Z (gf180mcu_fd_sc_mcu7t5v0__clkbuf_16)
                                                         clknet_0_clk_i (net)
                      0.111632    0.000240   25.323639 ^ clkbuf_1_0__f_clk_i/I (gf180mcu_fd_sc_mcu7t5v0__clkbuf_16)
     5    0.023779    0.091894    0.228788   25.552427 ^ clkbuf_1_0__f_clk_i/Z (gf180mcu_fd_sc_mcu7t5v0__clkbuf_16)
                                                         clknet_1_0__leaf_clk_i (net)
                      0.091894    0.000110   25.552536 ^ _72_/CLK (gf180mcu_fd_sc_mcu7t5v0__dffq_1)
                                 -0.250000   25.302538   clock uncertainty
                                  0.000000   25.302538   clock reconvergence pessimism
                                 -0.296711   25.005825   library setup time
                                             25.005825   data required time
---------------------------------------------------------------------------------------------
                                             25.005825   data required time
                                             -7.785637   data arrival time
---------------------------------------------------------------------------------------------
                                             17.220188   slack (MET)


Startpoint: en_i (input port clocked by clk_i)
Endpoint: _71_ (rising edge-triggered flip-flop clocked by clk_i)
Path Group: clk_i
Path Type: max

Fanout         Cap        Slew       Delay        Time   Description
---------------------------------------------------------------------------------------------
                                  0.000000    0.000000   clock clk_i (rise edge)
                                  0.000000    0.000000   clock network delay (propagated)
                                  5.000000    5.000000 ^ input external delay
     1    0.003436    0.104724    0.034373    5.034373 ^ en_i (in)
                                                         en_i (net)
                      0.104724    0.000000    5.034373 ^ input1/I (gf180mcu_fd_sc_mcu7t5v0__dlyb_1)
     6    0.037667    0.659294    1.182354    6.216728 ^ input1/Z (gf180mcu_fd_sc_mcu7t5v0__dlyb_1)
                                                         net1 (net)
                      0.659298    0.000951    6.217679 ^ _49_/A1 (gf180mcu_fd_sc_mcu7t5v0__nand4_1)
     8    0.045427    1.248002    0.828738    7.046416 v _49_/ZN (gf180mcu_fd_sc_mcu7t5v0__nand4_1)
                                                         _22_ (net)
                      1.248002    0.000482    7.046898 v _52_/A2 (gf180mcu_fd_sc_mcu7t5v0__oai21_1)
     1    0.004208    0.450751    0.406660    7.453558 ^ _52_/ZN (gf180mcu_fd_sc_mcu7t5v0__oai21_1)
                                                         _24_ (net)
                      0.450751    0.000040    7.453598 ^ _53_/B (gf180mcu_fd_sc_mcu7t5v0__aoi21_1)
     1    0.002795    0.303798    0.207151    7.660748 v _53_/ZN (gf180mcu_fd_sc_mcu7t5v0__aoi21_1)
                                                         _03_ (net)
                      0.303798    0.000027    7.660775 v _71_/D (gf180mcu_fd_sc_mcu7t5v0__dffq_1)
                                              7.660775   data arrival time

                                 25.000000   25.000000   clock clk_i (rise edge)
                                  0.000000   25.000000   clock source latency
     1    0.028608    0.149847    0.071458   25.071457 ^ clk_i (in)
                                                         clk_i (net)
                      0.149848    0.000000   25.071457 ^ clkbuf_0_clk_i/I (gf180mcu_fd_sc_mcu7t5v0__clkbuf_16)
     2    0.045932    0.111632    0.251942   25.323399 ^ clkbuf_0_clk_i/Z (gf180mcu_fd_sc_mcu7t5v0__clkbuf_16)
                                                         clknet_0_clk_i (net)
                      0.111632    0.000240   25.323639 ^ clkbuf_1_0__f_clk_i/I (gf180mcu_fd_sc_mcu7t5v0__clkbuf_16)
     5    0.023779    0.091894    0.228788   25.552427 ^ clkbuf_1_0__f_clk_i/Z (gf180mcu_fd_sc_mcu7t5v0__clkbuf_16)
                                                         clknet_1_0__leaf_clk_i (net)
                      0.091894    0.000142   25.552568 ^ _71_/CLK (gf180mcu_fd_sc_mcu7t5v0__dffq_1)
                                 -0.250000   25.302570   clock uncertainty
                                  0.000000   25.302570   clock reconvergence pessimism
                                 -0.290703   25.011868   library setup time
                                             25.011868   data required time
---------------------------------------------------------------------------------------------
                                             25.011868   data required time
                                             -7.660775   data arrival time
---------------------------------------------------------------------------------------------
                                             17.351091   slack (MET)


Startpoint: en_i (input port clocked by clk_i)
Endpoint: _70_ (rising edge-triggered flip-flop clocked by clk_i)
Path Group: clk_i
Path Type: max

Fanout         Cap        Slew       Delay        Time   Description
---------------------------------------------------------------------------------------------
                                  0.000000    0.000000   clock clk_i (rise edge)
                                  0.000000    0.000000   clock network delay (propagated)
                                  5.000000    5.000000 ^ input external delay
     1    0.003436    0.104724    0.034373    5.034373 ^ en_i (in)
                                                         en_i (net)
                      0.104724    0.000000    5.034373 ^ input1/I (gf180mcu_fd_sc_mcu7t5v0__dlyb_1)
     6    0.037667    0.659294    1.182354    6.216728 ^ input1/Z (gf180mcu_fd_sc_mcu7t5v0__dlyb_1)
                                                         net1 (net)
                      0.659298    0.000951    6.217679 ^ _49_/A1 (gf180mcu_fd_sc_mcu7t5v0__nand4_1)
     8    0.045427    1.248002    0.828738    7.046416 v _49_/ZN (gf180mcu_fd_sc_mcu7t5v0__nand4_1)
                                                         _22_ (net)
                      1.248002    0.000453    7.046869 v _50_/A2 (gf180mcu_fd_sc_mcu7t5v0__nand2_1)
     1    0.004714    0.376800    0.414170    7.461039 ^ _50_/ZN (gf180mcu_fd_sc_mcu7t5v0__nand2_1)
                                                         _23_ (net)
                      0.376800    0.000088    7.461127 ^ _51_/B (gf180mcu_fd_sc_mcu7t5v0__aoi21_1)
     1    0.003788    0.260399    0.209369    7.670496 v _51_/ZN (gf180mcu_fd_sc_mcu7t5v0__aoi21_1)
                                                         _02_ (net)
                      0.260399    0.000074    7.670570 v _70_/D (gf180mcu_fd_sc_mcu7t5v0__dffq_1)
                                              7.670570   data arrival time

                                 25.000000   25.000000   clock clk_i (rise edge)
                                  0.000000   25.000000   clock source latency
     1    0.028608    0.149847    0.071458   25.071457 ^ clk_i (in)
                                                         clk_i (net)
                      0.149848    0.000000   25.071457 ^ clkbuf_0_clk_i/I (gf180mcu_fd_sc_mcu7t5v0__clkbuf_16)
     2    0.045932    0.111632    0.251942   25.323399 ^ clkbuf_0_clk_i/Z (gf180mcu_fd_sc_mcu7t5v0__clkbuf_16)
                                                         clknet_0_clk_i (net)
                      0.111632    0.000240   25.323639 ^ clkbuf_1_0__f_clk_i/I (gf180mcu_fd_sc_mcu7t5v0__clkbuf_16)
     5    0.023779    0.091894    0.228788   25.552427 ^ clkbuf_1_0__f_clk_i/Z (gf180mcu_fd_sc_mcu7t5v0__clkbuf_16)
                                                         clknet_1_0__leaf_clk_i (net)
                      0.091894    0.000037   25.552464 ^ _70_/CLK (gf180mcu_fd_sc_mcu7t5v0__dffq_1)
                                 -0.250000   25.302465   clock uncertainty
                                  0.000000   25.302465   clock reconvergence pessimism
                                 -0.277176   25.025290   library setup time
                                             25.025290   data required time
---------------------------------------------------------------------------------------------
                                             25.025290   data required time
                                             -7.670570   data arrival time
---------------------------------------------------------------------------------------------
                                             17.354719   slack (MET)


Startpoint: rst_ni (input port clocked by clk_i)
Endpoint: _68_ (rising edge-triggered flip-flop clocked by clk_i)
Path Group: clk_i
Path Type: max

Fanout         Cap        Slew       Delay        Time   Description
---------------------------------------------------------------------------------------------
                                  0.000000    0.000000   clock clk_i (rise edge)
                                  0.000000    0.000000   clock network delay (propagated)
                                  5.000000    5.000000 v input external delay
     1    0.004062    0.066585    0.024917    5.024917 v rst_ni (in)
                                                         rst_ni (net)
                      0.066585    0.000000    5.024917 v input2/I (gf180mcu_fd_sc_mcu7t5v0__dlyb_1)
     8    0.048289    0.588953    1.302642    6.327559 v input2/Z (gf180mcu_fd_sc_mcu7t5v0__dlyb_1)
                                                         net2 (net)
                      0.588960    0.001415    6.328974 v _41_/A2 (gf180mcu_fd_sc_mcu7t5v0__nand2_1)
     2    0.011789    0.363173    0.355656    6.684629 ^ _41_/ZN (gf180mcu_fd_sc_mcu7t5v0__nand2_1)
                                                         _16_ (net)
                      0.363173    0.000091    6.684721 ^ _43_/B1 (gf180mcu_fd_sc_mcu7t5v0__aoi22_1)
     1    0.003392    0.276156    0.199887    6.884608 v _43_/ZN (gf180mcu_fd_sc_mcu7t5v0__aoi22_1)
                                                         _00_ (net)
                      0.276156    0.000035    6.884643 v _68_/D (gf180mcu_fd_sc_mcu7t5v0__dffq_1)
                                              6.884643   data arrival time

                                 25.000000   25.000000   clock clk_i (rise edge)
                                  0.000000   25.000000   clock source latency
     1    0.028608    0.149847    0.071458   25.071457 ^ clk_i (in)
                                                         clk_i (net)
                      0.149848    0.000000   25.071457 ^ clkbuf_0_clk_i/I (gf180mcu_fd_sc_mcu7t5v0__clkbuf_16)
     2    0.045932    0.111632    0.251942   25.323399 ^ clkbuf_0_clk_i/Z (gf180mcu_fd_sc_mcu7t5v0__clkbuf_16)
                                                         clknet_0_clk_i (net)
                      0.111632    0.000240   25.323639 ^ clkbuf_1_0__f_clk_i/I (gf180mcu_fd_sc_mcu7t5v0__clkbuf_16)
     5    0.023779    0.091894    0.228788   25.552427 ^ clkbuf_1_0__f_clk_i/Z (gf180mcu_fd_sc_mcu7t5v0__clkbuf_16)
                                                         clknet_1_0__leaf_clk_i (net)
                      0.091894    0.000160   25.552586 ^ _68_/CLK (gf180mcu_fd_sc_mcu7t5v0__dffq_1)
                                 -0.250000   25.302588   clock uncertainty
                                  0.000000   25.302588   clock reconvergence pessimism
                                 -0.282088   25.020500   library setup time
                                             25.020500   data required time
---------------------------------------------------------------------------------------------
                                             25.020500   data required time
                                             -6.884643   data arrival time
---------------------------------------------------------------------------------------------
                                             18.135859   slack (MET)


Startpoint: en_i (input port clocked by clk_i)
Endpoint: _69_ (rising edge-triggered flip-flop clocked by clk_i)
Path Group: clk_i
Path Type: max

Fanout         Cap        Slew       Delay        Time   Description
---------------------------------------------------------------------------------------------
                                  0.000000    0.000000   clock clk_i (rise edge)
                                  0.000000    0.000000   clock network delay (propagated)
                                  5.000000    5.000000 v input external delay
     1    0.003436    0.060668    0.021148    5.021149 v en_i (in)
                                                         en_i (net)
                      0.060668    0.000000    5.021149 v input1/I (gf180mcu_fd_sc_mcu7t5v0__dlyb_1)
     6    0.037667    0.499186    1.230409    6.251558 v input1/Z (gf180mcu_fd_sc_mcu7t5v0__dlyb_1)
                                                         net1 (net)
                      0.499186    0.000994    6.252552 v _45_/A1 (gf180mcu_fd_sc_mcu7t5v0__nand3_1)
     2    0.012385    0.429242    0.349353    6.601905 ^ _45_/ZN (gf180mcu_fd_sc_mcu7t5v0__nand3_1)
                                                         _19_ (net)
                      0.429242    0.000082    6.601987 ^ _46_/A2 (gf180mcu_fd_sc_mcu7t5v0__nand2_1)
     1    0.004730    0.267822    0.121027    6.723014 v _46_/ZN (gf180mcu_fd_sc_mcu7t5v0__nand2_1)
                                                         _20_ (net)
                      0.267822    0.000046    6.723060 v _47_/A2 (gf180mcu_fd_sc_mcu7t5v0__nor2_1)
     1    0.002850    0.222301    0.187487    6.910547 ^ _47_/ZN (gf180mcu_fd_sc_mcu7t5v0__nor2_1)
                                                         _01_ (net)
                      0.222301    0.000027    6.910574 ^ _69_/D (gf180mcu_fd_sc_mcu7t5v0__dffq_1)
                                              6.910574   data arrival time

                                 25.000000   25.000000   clock clk_i (rise edge)
                                  0.000000   25.000000   clock source latency
     1    0.028608    0.149847    0.071458   25.071457 ^ clk_i (in)
                                                         clk_i (net)
                      0.149848    0.000000   25.071457 ^ clkbuf_0_clk_i/I (gf180mcu_fd_sc_mcu7t5v0__clkbuf_16)
     2    0.045932    0.111632    0.251942   25.323399 ^ clkbuf_0_clk_i/Z (gf180mcu_fd_sc_mcu7t5v0__clkbuf_16)
                                                         clknet_0_clk_i (net)
                      0.111632    0.000240   25.323639 ^ clkbuf_1_0__f_clk_i/I (gf180mcu_fd_sc_mcu7t5v0__clkbuf_16)
     5    0.023779    0.091894    0.228788   25.552427 ^ clkbuf_1_0__f_clk_i/Z (gf180mcu_fd_sc_mcu7t5v0__clkbuf_16)
                                                         clknet_1_0__leaf_clk_i (net)
                      0.091894    0.000151   25.552578 ^ _69_/CLK (gf180mcu_fd_sc_mcu7t5v0__dffq_1)
                                 -0.250000   25.302578   clock uncertainty
                                  0.000000   25.302578   clock reconvergence pessimism
                                 -0.232613   25.069965   library setup time
                                             25.069965   data required time
---------------------------------------------------------------------------------------------
                                             25.069965   data required time
                                             -6.910574   data arrival time
---------------------------------------------------------------------------------------------
                                             18.159391   slack (MET)



