
===========================================================================
report_checks -unconstrained
===========================================================================
======================= max_tt_025C_5v00 Corner ===================================

Startpoint: en_i (input port clocked by clk_i)
Endpoint: _75_ (rising edge-triggered flip-flop clocked by clk_i)
Path Group: clk_i
Path Type: max

Fanout         Cap        Slew       Delay        Time   Description
---------------------------------------------------------------------------------------------
                                  0.000000    0.000000   clock clk_i (rise edge)
                                  0.000000    0.000000   clock network delay (propagated)
                                  5.000000    5.000000 ^ input external delay
     1    0.004104    0.115378    0.040802    5.040802 ^ en_i (in)
                                                         en_i (net)
                      0.115378    0.000000    5.040802 ^ input1/I (gf180mcu_fd_sc_mcu7t5v0__dlyb_1)
     6    0.033638    0.596655    1.147234    6.188036 ^ input1/Z (gf180mcu_fd_sc_mcu7t5v0__dlyb_1)
                                                         net1 (net)
                      0.596655    0.000533    6.188569 ^ _49_/A1 (gf180mcu_fd_sc_mcu7t5v0__nand4_1)
     8    0.049364    1.340606    0.873448    7.062017 v _49_/ZN (gf180mcu_fd_sc_mcu7t5v0__nand4_1)
                                                         _22_ (net)
                      1.340606    0.001053    7.063070 v _64_/A3 (gf180mcu_fd_sc_mcu7t5v0__or4_1)
     2    0.009892    0.346511    1.150881    8.213951 v _64_/Z (gf180mcu_fd_sc_mcu7t5v0__or4_1)
                                                         _32_ (net)
                      0.346511    0.000128    8.214080 v _65_/A3 (gf180mcu_fd_sc_mcu7t5v0__and3_1)
     1    0.003120    0.129349    0.390679    8.604758 v _65_/Z (gf180mcu_fd_sc_mcu7t5v0__and3_1)
                                                         _07_ (net)
                      0.129349    0.000032    8.604790 v _75_/D (gf180mcu_fd_sc_mcu7t5v0__dffq_1)
                                              8.604790   data arrival time

                                 25.000000   25.000000   clock clk_i (rise edge)
                                  0.000000   25.000000   clock source latency
     1    0.028105    0.147849    0.070230   25.070229 ^ clk_i (in)
                                                         clk_i (net)
                      0.147850    0.000000   25.070229 ^ clkbuf_0_clk_i/I (gf180mcu_fd_sc_mcu7t5v0__clkbuf_16)
     2    0.048066    0.113436    0.252861   25.323090 ^ clkbuf_0_clk_i/Z (gf180mcu_fd_sc_mcu7t5v0__clkbuf_16)
                                                         clknet_0_clk_i (net)
                      0.113436    0.000506   25.323597 ^ clkbuf_1_1__f_clk_i/I (gf180mcu_fd_sc_mcu7t5v0__clkbuf_16)
     5    0.025059    0.093058    0.230175   25.553772 ^ clkbuf_1_1__f_clk_i/Z (gf180mcu_fd_sc_mcu7t5v0__clkbuf_16)
                                                         clknet_1_1__leaf_clk_i (net)
                      0.093058    0.000133   25.553905 ^ _75_/CLK (gf180mcu_fd_sc_mcu7t5v0__dffq_1)
                                 -0.250000   25.303905   clock uncertainty
                                  0.000000   25.303905   clock reconvergence pessimism
                                 -0.237716   25.066191   library setup time
                                             25.066191   data required time
---------------------------------------------------------------------------------------------
                                             25.066191   data required time
                                             -8.604790   data arrival time
---------------------------------------------------------------------------------------------
                                             16.461399   slack (MET)




===========================================================================
report_checks --slack_max -0.01
============================================================================
======================= max_tt_025C_5v00 Corner ===================================

No paths found.


===========================================================================
 report_check_types -max_slew -max_cap -max_fanout -violators
============================================================================
======================= max_tt_025C_5v00 Corner ===================================



===========================================================================
report_parasitic_annotation -report_unannotated
============================================================================
Found 1 unannotated drivers.
 clkload0/Z
Found 0 partially unannotated drivers.

===========================================================================
max slew violation count 0
max fanout violation count 0
max cap violation count 0
============================================================================

===========================================================================
check_setup -verbose -unconstrained_endpoints -multiple_clock -no_clock -no_input_delay -loops -generated_clocks
===========================================================================
