Clock: clk_i
Sources: clk_i 
Generated: no
Virtual: yes
Propagated: no
Period: 25.000000

===========================================================================
report_clock_properties
============================================================================
Clock                   Period          Waveform
----------------------------------------------------
clk_i                25.000000    0.000000 12.500000

===========================================================================
report_clock_latency
============================================================================
Clock clk_i
rise -> rise
    min     max
0.000000 0.000000 source latency
0.552745         network latency _73_/CLK
        0.554190 network latency _69_/CLK
---------------
0.552745 0.554190 latency
        0.001445 skew

fall -> fall
    min     max
0.000000 0.000000 source latency
0.507594         network latency _73_/CLK
        0.509109 network latency _69_/CLK
---------------
0.507594 0.509109 latency
        0.001515 skew



===========================================================================
report_clock_min_period
============================================================================
clk_i period_min = 3.89 fmax = 256.97
