                                                                        Cells by Master                                                                         
┏━━━━━━━━━━━━━━━━━━━━━━━━━━━━━━━━━━━━━━━━━━━━━━━━━━━━━━━━━━━━━━━━━━━━━━━━━━━━━━━━━━━━━━━━━━━━━━━━━━━━━━━━━━━━━━━━━━━━━━━━━━━━━━━━━━━━━┳━━━━━━━━━━━━━━━━━━━━━━━━┓
┃ Cell                                                                                                                                ┃ Count                  ┃
┡━━━━━━━━━━━━━━━━━━━━━━━━━━━━━━━━━━━━━━━━━━━━━━━━━━━━━━━━━━━━━━━━━━━━━━━━━━━━━━━━━━━━━━━━━━━━━━━━━━━━━━━━━━━━━━━━━━━━━━━━━━━━━━━━━━━━━╇━━━━━━━━━━━━━━━━━━━━━━━━┩
│ gf180mcu_fd_sc_mcu7t5v0__and3_1                                                                                                     │ 2                      │
│ gf180mcu_fd_sc_mcu7t5v0__and4_1                                                                                                     │ 1                      │
│ gf180mcu_fd_sc_mcu7t5v0__aoi211_1                                                                                                   │ 1                      │
│ gf180mcu_fd_sc_mcu7t5v0__aoi21_1                                                                                                    │ 4                      │
│ gf180mcu_fd_sc_mcu7t5v0__aoi22_1                                                                                                    │ 1                      │
│ gf180mcu_fd_sc_mcu7t5v0__clkbuf_16                                                                                                  │ 3                      │
│ gf180mcu_fd_sc_mcu7t5v0__clkbuf_2                                                                                                   │ 1                      │
│ gf180mcu_fd_sc_mcu7t5v0__clkinv_1                                                                                                   │ 7                      │
│ gf180mcu_fd_sc_mcu7t5v0__dffq_1                                                                                                     │ 9                      │
│ gf180mcu_fd_sc_mcu7t5v0__dlyb_1                                                                                                     │ 11                     │
│ gf180mcu_fd_sc_mcu7t5v0__endcap                                                                                                     │ 34                     │
│ gf180mcu_fd_sc_mcu7t5v0__fill_1                                                                                                     │ 25                     │
│ gf180mcu_fd_sc_mcu7t5v0__fill_2                                                                                                     │ 25                     │
│ gf180mcu_fd_sc_mcu7t5v0__fillcap_16                                                                                                 │ 13                     │
│ gf180mcu_fd_sc_mcu7t5v0__fillcap_32                                                                                                 │ 12                     │
│ gf180mcu_fd_sc_mcu7t5v0__fillcap_4                                                                                                  │ 26                     │
│ gf180mcu_fd_sc_mcu7t5v0__fillcap_64                                                                                                 │ 2                      │
│ gf180mcu_fd_sc_mcu7t5v0__fillcap_8                                                                                                  │ 24                     │
│ gf180mcu_fd_sc_mcu7t5v0__filltie                                                                                                    │ 28                     │
│ gf180mcu_fd_sc_mcu7t5v0__nand2_1                                                                                                    │ 5                      │
│ gf180mcu_fd_sc_mcu7t5v0__nand3_1                                                                                                    │ 2                      │
│ gf180mcu_fd_sc_mcu7t5v0__nand4_1                                                                                                    │ 2                      │
│ gf180mcu_fd_sc_mcu7t5v0__nor2_1                                                                                                     │ 1                      │
│ gf180mcu_fd_sc_mcu7t5v0__nor3_1                                                                                                     │ 3                      │
│ gf180mcu_fd_sc_mcu7t5v0__oai21_1                                                                                                    │ 2                      │
│ gf180mcu_fd_sc_mcu7t5v0__oai31_1                                                                                                    │ 2                      │
│ gf180mcu_fd_sc_mcu7t5v0__or4_1                                                                                                      │ 1                      │
└─────────────────────────────────────────────────────────────────────────────────────────────────────────────────────────────────────┴────────────────────────┘
