
===========================================================================
report_checks -unconstrained
===========================================================================
======================= nom_tt_025C_5v00 Corner ===================================

Startpoint: en_i (input port clocked by clk_i)
Endpoint: _75_ (rising edge-triggered flip-flop clocked by clk_i)
Path Group: clk_i
Path Type: max

Fanout         Cap        Slew       Delay        Time   Description
---------------------------------------------------------------------------------------------
                                  0.000000    0.000000   clock clk_i (rise edge)
                                  0.000000    0.000000   clock network delay (propagated)
                                  5.000000    5.000000 ^ input external delay
     1    0.003482    0.105458    0.034816    5.034816 ^ en_i (in)
                                                         en_i (net)
                      0.105458    0.000000    5.034816 ^ input1/I (gf180mcu_fd_sc_mcu7t5v0__dlyb_1)
     6    0.039086    0.681645    1.195507    6.230323 ^ input1/Z (gf180mcu_fd_sc_mcu7t5v0__dlyb_1)
                                                         net1 (net)
                      0.681651    0.001068    6.231391 ^ _49_/A1 (gf180mcu_fd_sc_mcu7t5v0__nand4_1)
     8    0.046770    1.281622    0.851466    7.082857 v _49_/ZN (gf180mcu_fd_sc_mcu7t5v0__nand4_1)
                                                         _22_ (net)
                      1.281622    0.001273    7.084130 v _64_/A3 (gf180mcu_fd_sc_mcu7t5v0__or4_1)
     2    0.008564    0.332202    1.117590    8.201720 v _64_/Z (gf180mcu_fd_sc_mcu7t5v0__or4_1)
                                                         _32_ (net)
                      0.332202    0.000060    8.201780 v _65_/A3 (gf180mcu_fd_sc_mcu7t5v0__and3_1)
     1    0.002972    0.127530    0.384768    8.586548 v _65_/Z (gf180mcu_fd_sc_mcu7t5v0__and3_1)
                                                         _07_ (net)
                      0.127530    0.000029    8.586577 v _75_/D (gf180mcu_fd_sc_mcu7t5v0__dffq_1)
                                              8.586577   data arrival time

                                 25.000000   25.000000   clock clk_i (rise edge)
                                  0.000000   25.000000   clock source latency
     1    0.029123    0.152037    0.072740   25.072739 ^ clk_i (in)
                                                         clk_i (net)
                      0.152038    0.000000   25.072739 ^ clkbuf_0_clk_i/I (gf180mcu_fd_sc_mcu7t5v0__clkbuf_16)
     2    0.046044    0.111752    0.252502   25.325241 ^ clkbuf_0_clk_i/Z (gf180mcu_fd_sc_mcu7t5v0__clkbuf_16)
                                                         clknet_0_clk_i (net)
                      0.111752    0.000231   25.325472 ^ clkbuf_1_1__f_clk_i/I (gf180mcu_fd_sc_mcu7t5v0__clkbuf_16)
     5    0.022591    0.090810    0.227761   25.553232 ^ clkbuf_1_1__f_clk_i/Z (gf180mcu_fd_sc_mcu7t5v0__clkbuf_16)
                                                         clknet_1_1__leaf_clk_i (net)
                      0.090810    0.000400   25.553633 ^ _75_/CLK (gf180mcu_fd_sc_mcu7t5v0__dffq_1)
                                 -0.250000   25.303633   clock uncertainty
                                  0.000000   25.303633   clock reconvergence pessimism
                                 -0.237852   25.065781   library setup time
                                             25.065781   data required time
---------------------------------------------------------------------------------------------
                                             25.065781   data required time
                                             -8.586577   data arrival time
---------------------------------------------------------------------------------------------
                                             16.479204   slack (MET)




===========================================================================
report_checks --slack_max -0.01
============================================================================
======================= nom_tt_025C_5v00 Corner ===================================

No paths found.


===========================================================================
 report_check_types -max_slew -max_cap -max_fanout -violators
============================================================================
======================= nom_tt_025C_5v00 Corner ===================================



===========================================================================
report_parasitic_annotation -report_unannotated
============================================================================
Found 1 unannotated drivers.
 clkload0/Z
Found 0 partially unannotated drivers.

===========================================================================
max slew violation count 0
max fanout violation count 0
max cap violation count 0
============================================================================

===========================================================================
check_setup -verbose -unconstrained_endpoints -multiple_clock -no_clock -no_input_delay -loops -generated_clocks
===========================================================================
