Clock: clk_i
Sources: clk_i 
Generated: no
Virtual: yes
Propagated: no
Period: 25.000000

===========================================================================
report_clock_properties
============================================================================
Clock                   Period          Waveform
----------------------------------------------------
clk_i                25.000000    0.000000 12.500000

===========================================================================
report_clock_latency
============================================================================
Clock clk_i
rise -> rise
    min     max
0.000000 0.000000 source latency
0.553614         network latency _73_/CLK
        0.555172 network latency _68_/CLK
---------------
0.553614 0.555172 latency
        0.001558 skew

fall -> fall
    min     max
0.000000 0.000000 source latency
0.506928         network latency _73_/CLK
        0.508630 network latency _68_/CLK
---------------
0.506928 0.508630 latency
        0.001702 skew



===========================================================================
report_clock_min_period
============================================================================
clk_i period_min = 3.84 fmax = 260.22
