
===========================================================================
report_checks -path_delay min (Hold)
============================================================================
======================= nom_tt_025C_5v00 Corner ===================================

Startpoint: _76_ (rising edge-triggered flip-flop clocked by clk_i)
Endpoint: _76_ (rising edge-triggered flip-flop clocked by clk_i)
Path Group: clk_i
Path Type: min

Fanout         Cap        Slew       Delay        Time   Description
---------------------------------------------------------------------------------------------
                                  0.000000    0.000000   clock clk_i (rise edge)
                                  0.000000    0.000000   clock source latency
     1    0.029123    0.152037    0.072739    0.072739 ^ clk_i (in)
                                                         clk_i (net)
                      0.152038    0.000000    0.072739 ^ clkbuf_0_clk_i/I (gf180mcu_fd_sc_mcu7t5v0__clkbuf_16)
     2    0.046044    0.111752    0.252502    0.325241 ^ clkbuf_0_clk_i/Z (gf180mcu_fd_sc_mcu7t5v0__clkbuf_16)
                                                         clknet_0_clk_i (net)
                      0.111752    0.000232    0.325474 ^ clkbuf_1_1__f_clk_i/I (gf180mcu_fd_sc_mcu7t5v0__clkbuf_16)
     5    0.022591    0.090810    0.227760    0.553234 ^ clkbuf_1_1__f_clk_i/Z (gf180mcu_fd_sc_mcu7t5v0__clkbuf_16)
                                                         clknet_1_1__leaf_clk_i (net)
                      0.090810    0.000414    0.553648 ^ _76_/CLK (gf180mcu_fd_sc_mcu7t5v0__dffq_1)
     2    0.010527    0.162362    0.689365    1.243013 v _76_/Q (gf180mcu_fd_sc_mcu7t5v0__dffq_1)
                                                         net11 (net)
                      0.162362    0.000185    1.243199 v _66_/A1 (gf180mcu_fd_sc_mcu7t5v0__nand2_1)
     1    0.006201    0.174891    0.153242    1.396441 ^ _66_/ZN (gf180mcu_fd_sc_mcu7t5v0__nand2_1)
                                                         _33_ (net)
                      0.174891    0.000126    1.396567 ^ _67_/B (gf180mcu_fd_sc_mcu7t5v0__oai21_1)
     1    0.004078    0.130345    0.124284    1.520850 v _67_/ZN (gf180mcu_fd_sc_mcu7t5v0__oai21_1)
                                                         _08_ (net)
                      0.130345    0.000047    1.520897 v _76_/D (gf180mcu_fd_sc_mcu7t5v0__dffq_1)
                                              1.520897   data arrival time

                                  0.000000    0.000000   clock clk_i (rise edge)
                                  0.000000    0.000000   clock source latency
     1    0.029123    0.152037    0.072739    0.072739 ^ clk_i (in)
                                                         clk_i (net)
                      0.152038    0.000000    0.072739 ^ clkbuf_0_clk_i/I (gf180mcu_fd_sc_mcu7t5v0__clkbuf_16)
     2    0.046044    0.111752    0.252502    0.325241 ^ clkbuf_0_clk_i/Z (gf180mcu_fd_sc_mcu7t5v0__clkbuf_16)
                                                         clknet_0_clk_i (net)
                      0.111752    0.000232    0.325474 ^ clkbuf_1_1__f_clk_i/I (gf180mcu_fd_sc_mcu7t5v0__clkbuf_16)
     5    0.022591    0.090810    0.227760    0.553234 ^ clkbuf_1_1__f_clk_i/Z (gf180mcu_fd_sc_mcu7t5v0__clkbuf_16)
                                                         clknet_1_1__leaf_clk_i (net)
                      0.090810    0.000414    0.553648 ^ _76_/CLK (gf180mcu_fd_sc_mcu7t5v0__dffq_1)
                                  0.250000    0.803648   clock uncertainty
                                  0.000000    0.803648   clock reconvergence pessimism
                                  0.077269    0.880917   library hold time
                                              0.880917   data required time
---------------------------------------------------------------------------------------------
                                              0.880917   data required time
                                             -1.520897   data arrival time
---------------------------------------------------------------------------------------------
                                              0.639980   slack (MET)


Startpoint: _74_ (rising edge-triggered flip-flop clocked by clk_i)
Endpoint: _74_ (rising edge-triggered flip-flop clocked by clk_i)
Path Group: clk_i
Path Type: min

Fanout         Cap        Slew       Delay        Time   Description
---------------------------------------------------------------------------------------------
                                  0.000000    0.000000   clock clk_i (rise edge)
                                  0.000000    0.000000   clock source latency
     1    0.029123    0.152037    0.072739    0.072739 ^ clk_i (in)
                                                         clk_i (net)
                      0.152038    0.000000    0.072739 ^ clkbuf_0_clk_i/I (gf180mcu_fd_sc_mcu7t5v0__clkbuf_16)
     2    0.046044    0.111752    0.252502    0.325241 ^ clkbuf_0_clk_i/Z (gf180mcu_fd_sc_mcu7t5v0__clkbuf_16)
                                                         clknet_0_clk_i (net)
                      0.111752    0.000232    0.325474 ^ clkbuf_1_1__f_clk_i/I (gf180mcu_fd_sc_mcu7t5v0__clkbuf_16)
     5    0.022591    0.090810    0.227760    0.553234 ^ clkbuf_1_1__f_clk_i/Z (gf180mcu_fd_sc_mcu7t5v0__clkbuf_16)
                                                         clknet_1_1__leaf_clk_i (net)
                      0.090810    0.000390    0.553624 ^ _74_/CLK (gf180mcu_fd_sc_mcu7t5v0__dffq_1)
     3    0.015042    0.199788    0.719597    1.273221 v _74_/Q (gf180mcu_fd_sc_mcu7t5v0__dffq_1)
                                                         net9 (net)
                      0.199788    0.000255    1.273476 v _35_/I (gf180mcu_fd_sc_mcu7t5v0__clkinv_1)
     1    0.006148    0.161377    0.140197    1.413673 ^ _35_/ZN (gf180mcu_fd_sc_mcu7t5v0__clkinv_1)
                                                         _10_ (net)
                      0.161377    0.000125    1.413798 ^ _62_/A1 (gf180mcu_fd_sc_mcu7t5v0__aoi211_1)
     1    0.003084    0.143233    0.126698    1.540496 v _62_/ZN (gf180mcu_fd_sc_mcu7t5v0__aoi211_1)
                                                         _06_ (net)
                      0.143233    0.000056    1.540552 v _74_/D (gf180mcu_fd_sc_mcu7t5v0__dffq_1)
                                              1.540552   data arrival time

                                  0.000000    0.000000   clock clk_i (rise edge)
                                  0.000000    0.000000   clock source latency
     1    0.029123    0.152037    0.072739    0.072739 ^ clk_i (in)
                                                         clk_i (net)
                      0.152038    0.000000    0.072739 ^ clkbuf_0_clk_i/I (gf180mcu_fd_sc_mcu7t5v0__clkbuf_16)
     2    0.046044    0.111752    0.252502    0.325241 ^ clkbuf_0_clk_i/Z (gf180mcu_fd_sc_mcu7t5v0__clkbuf_16)
                                                         clknet_0_clk_i (net)
                      0.111752    0.000232    0.325474 ^ clkbuf_1_1__f_clk_i/I (gf180mcu_fd_sc_mcu7t5v0__clkbuf_16)
     5    0.022591    0.090810    0.227760    0.553234 ^ clkbuf_1_1__f_clk_i/Z (gf180mcu_fd_sc_mcu7t5v0__clkbuf_16)
                                                         clknet_1_1__leaf_clk_i (net)
                      0.090810    0.000390    0.553624 ^ _74_/CLK (gf180mcu_fd_sc_mcu7t5v0__dffq_1)
                                  0.250000    0.803623   clock uncertainty
                                  0.000000    0.803623   clock reconvergence pessimism
                                  0.074343    0.877966   library hold time
                                              0.877966   data required time
---------------------------------------------------------------------------------------------
                                              0.877966   data required time
                                             -1.540552   data arrival time
---------------------------------------------------------------------------------------------
                                              0.662586   slack (MET)


Startpoint: _70_ (rising edge-triggered flip-flop clocked by clk_i)
Endpoint: _70_ (rising edge-triggered flip-flop clocked by clk_i)
Path Group: clk_i
Path Type: min

Fanout         Cap        Slew       Delay        Time   Description
---------------------------------------------------------------------------------------------
                                  0.000000    0.000000   clock clk_i (rise edge)
                                  0.000000    0.000000   clock source latency
     1    0.029123    0.152037    0.072739    0.072739 ^ clk_i (in)
                                                         clk_i (net)
                      0.152038    0.000000    0.072739 ^ clkbuf_0_clk_i/I (gf180mcu_fd_sc_mcu7t5v0__clkbuf_16)
     2    0.046044    0.111752    0.252502    0.325241 ^ clkbuf_0_clk_i/Z (gf180mcu_fd_sc_mcu7t5v0__clkbuf_16)
                                                         clknet_0_clk_i (net)
                      0.111752    0.000247    0.325488 ^ clkbuf_1_0__f_clk_i/I (gf180mcu_fd_sc_mcu7t5v0__clkbuf_16)
     5    0.024618    0.092657    0.229513    0.555001 ^ clkbuf_1_0__f_clk_i/Z (gf180mcu_fd_sc_mcu7t5v0__clkbuf_16)
                                                         clknet_1_0__leaf_clk_i (net)
                      0.092657    0.000037    0.555038 ^ _70_/CLK (gf180mcu_fd_sc_mcu7t5v0__dffq_1)
     4    0.021770    0.257396    0.763598    1.318636 v _70_/Q (gf180mcu_fd_sc_mcu7t5v0__dffq_1)
                                                         net5 (net)
                      0.257396    0.000281    1.318917 v _39_/I (gf180mcu_fd_sc_mcu7t5v0__clkinv_1)
     1    0.007106    0.185923    0.164885    1.483802 ^ _39_/ZN (gf180mcu_fd_sc_mcu7t5v0__clkinv_1)
                                                         _14_ (net)
                      0.185923    0.000098    1.483899 ^ _51_/A1 (gf180mcu_fd_sc_mcu7t5v0__aoi21_1)
     1    0.003969    0.132548    0.113962    1.597861 v _51_/ZN (gf180mcu_fd_sc_mcu7t5v0__aoi21_1)
                                                         _02_ (net)
                      0.132548    0.000078    1.597939 v _70_/D (gf180mcu_fd_sc_mcu7t5v0__dffq_1)
                                              1.597939   data arrival time

                                  0.000000    0.000000   clock clk_i (rise edge)
                                  0.000000    0.000000   clock source latency
     1    0.029123    0.152037    0.072739    0.072739 ^ clk_i (in)
                                                         clk_i (net)
                      0.152038    0.000000    0.072739 ^ clkbuf_0_clk_i/I (gf180mcu_fd_sc_mcu7t5v0__clkbuf_16)
     2    0.046044    0.111752    0.252502    0.325241 ^ clkbuf_0_clk_i/Z (gf180mcu_fd_sc_mcu7t5v0__clkbuf_16)
                                                         clknet_0_clk_i (net)
                      0.111752    0.000247    0.325488 ^ clkbuf_1_0__f_clk_i/I (gf180mcu_fd_sc_mcu7t5v0__clkbuf_16)
     5    0.024618    0.092657    0.229513    0.555001 ^ clkbuf_1_0__f_clk_i/Z (gf180mcu_fd_sc_mcu7t5v0__clkbuf_16)
                                                         clknet_1_0__leaf_clk_i (net)
                      0.092657    0.000037    0.555038 ^ _70_/CLK (gf180mcu_fd_sc_mcu7t5v0__dffq_1)
                                  0.250000    0.805038   clock uncertainty
                                  0.000000    0.805038   clock reconvergence pessimism
                                  0.077080    0.882119   library hold time
                                              0.882119   data required time
---------------------------------------------------------------------------------------------
                                              0.882119   data required time
                                             -1.597939   data arrival time
---------------------------------------------------------------------------------------------
                                              0.715821   slack (MET)


Startpoint: _69_ (rising edge-triggered flip-flop clocked by clk_i)
Endpoint: _69_ (rising edge-triggered flip-flop clocked by clk_i)
Path Group: clk_i
Path Type: min

Fanout         Cap        Slew       Delay        Time   Description
---------------------------------------------------------------------------------------------
                                  0.000000    0.000000   clock clk_i (rise edge)
                                  0.000000    0.000000   clock source latency
     1    0.029123    0.152037    0.072739    0.072739 ^ clk_i (in)
                                                         clk_i (net)
                      0.152038    0.000000    0.072739 ^ clkbuf_0_clk_i/I (gf180mcu_fd_sc_mcu7t5v0__clkbuf_16)
     2    0.046044    0.111752    0.252502    0.325241 ^ clkbuf_0_clk_i/Z (gf180mcu_fd_sc_mcu7t5v0__clkbuf_16)
                                                         clknet_0_clk_i (net)
                      0.111752    0.000247    0.325488 ^ clkbuf_1_0__f_clk_i/I (gf180mcu_fd_sc_mcu7t5v0__clkbuf_16)
     5    0.024618    0.092657    0.229513    0.555001 ^ clkbuf_1_0__f_clk_i/Z (gf180mcu_fd_sc_mcu7t5v0__clkbuf_16)
                                                         clknet_1_0__leaf_clk_i (net)
                      0.092657    0.000161    0.555162 ^ _69_/CLK (gf180mcu_fd_sc_mcu7t5v0__dffq_1)
     5    0.024494    0.281178    0.780144    1.335306 v _69_/Q (gf180mcu_fd_sc_mcu7t5v0__dffq_1)
                                                         net4 (net)
                      0.281179    0.000440    1.335746 v _44_/B (gf180mcu_fd_sc_mcu7t5v0__aoi21_1)
     1    0.005701    0.278101    0.234338    1.570084 ^ _44_/ZN (gf180mcu_fd_sc_mcu7t5v0__aoi21_1)
                                                         _18_ (net)
                      0.278101    0.000111    1.570195 ^ _47_/A1 (gf180mcu_fd_sc_mcu7t5v0__nor2_1)
     1    0.002912    0.127064    0.104671    1.674865 v _47_/ZN (gf180mcu_fd_sc_mcu7t5v0__nor2_1)
                                                         _01_ (net)
                      0.127064    0.000028    1.674894 v _69_/D (gf180mcu_fd_sc_mcu7t5v0__dffq_1)
                                              1.674894   data arrival time

                                  0.000000    0.000000   clock clk_i (rise edge)
                                  0.000000    0.000000   clock source latency
     1    0.029123    0.152037    0.072739    0.072739 ^ clk_i (in)
                                                         clk_i (net)
                      0.152038    0.000000    0.072739 ^ clkbuf_0_clk_i/I (gf180mcu_fd_sc_mcu7t5v0__clkbuf_16)
     2    0.046044    0.111752    0.252502    0.325241 ^ clkbuf_0_clk_i/Z (gf180mcu_fd_sc_mcu7t5v0__clkbuf_16)
                                                         clknet_0_clk_i (net)
                      0.111752    0.000247    0.325488 ^ clkbuf_1_0__f_clk_i/I (gf180mcu_fd_sc_mcu7t5v0__clkbuf_16)
     5    0.024618    0.092657    0.229513    0.555001 ^ clkbuf_1_0__f_clk_i/Z (gf180mcu_fd_sc_mcu7t5v0__clkbuf_16)
                                                         clknet_1_0__leaf_clk_i (net)
                      0.092657    0.000161    0.555162 ^ _69_/CLK (gf180mcu_fd_sc_mcu7t5v0__dffq_1)
                                  0.250000    0.805162   clock uncertainty
                                  0.000000    0.805162   clock reconvergence pessimism
                                  0.078328    0.883490   library hold time
                                              0.883490   data required time
---------------------------------------------------------------------------------------------
                                              0.883490   data required time
                                             -1.674894   data arrival time
---------------------------------------------------------------------------------------------
                                              0.791404   slack (MET)


Startpoint: _68_ (rising edge-triggered flip-flop clocked by clk_i)
Endpoint: _68_ (rising edge-triggered flip-flop clocked by clk_i)
Path Group: clk_i
Path Type: min

Fanout         Cap        Slew       Delay        Time   Description
---------------------------------------------------------------------------------------------
                                  0.000000    0.000000   clock clk_i (rise edge)
                                  0.000000    0.000000   clock source latency
     1    0.029123    0.152037    0.072739    0.072739 ^ clk_i (in)
                                                         clk_i (net)
                      0.152038    0.000000    0.072739 ^ clkbuf_0_clk_i/I (gf180mcu_fd_sc_mcu7t5v0__clkbuf_16)
     2    0.046044    0.111752    0.252502    0.325241 ^ clkbuf_0_clk_i/Z (gf180mcu_fd_sc_mcu7t5v0__clkbuf_16)
                                                         clknet_0_clk_i (net)
                      0.111752    0.000247    0.325488 ^ clkbuf_1_0__f_clk_i/I (gf180mcu_fd_sc_mcu7t5v0__clkbuf_16)
     5    0.024618    0.092657    0.229513    0.555001 ^ clkbuf_1_0__f_clk_i/Z (gf180mcu_fd_sc_mcu7t5v0__clkbuf_16)
                                                         clknet_1_0__leaf_clk_i (net)
                      0.092657    0.000171    0.555172 ^ _68_/CLK (gf180mcu_fd_sc_mcu7t5v0__dffq_1)
     7    0.039243    0.412440    0.869244    1.424416 v _68_/Q (gf180mcu_fd_sc_mcu7t5v0__dffq_1)
                                                         net3 (net)
                      0.412442    0.000501    1.424917 v _43_/A2 (gf180mcu_fd_sc_mcu7t5v0__aoi22_1)
     1    0.003528    0.238424    0.250095    1.675012 ^ _43_/ZN (gf180mcu_fd_sc_mcu7t5v0__aoi22_1)
                                                         _00_ (net)
                      0.238424    0.000038    1.675049 ^ _68_/D (gf180mcu_fd_sc_mcu7t5v0__dffq_1)
                                              1.675049   data arrival time

                                  0.000000    0.000000   clock clk_i (rise edge)
                                  0.000000    0.000000   clock source latency
     1    0.029123    0.152037    0.072739    0.072739 ^ clk_i (in)
                                                         clk_i (net)
                      0.152038    0.000000    0.072739 ^ clkbuf_0_clk_i/I (gf180mcu_fd_sc_mcu7t5v0__clkbuf_16)
     2    0.046044    0.111752    0.252502    0.325241 ^ clkbuf_0_clk_i/Z (gf180mcu_fd_sc_mcu7t5v0__clkbuf_16)
                                                         clknet_0_clk_i (net)
                      0.111752    0.000247    0.325488 ^ clkbuf_1_0__f_clk_i/I (gf180mcu_fd_sc_mcu7t5v0__clkbuf_16)
     5    0.024618    0.092657    0.229513    0.555001 ^ clkbuf_1_0__f_clk_i/Z (gf180mcu_fd_sc_mcu7t5v0__clkbuf_16)
                                                         clknet_1_0__leaf_clk_i (net)
                      0.092657    0.000171    0.555172 ^ _68_/CLK (gf180mcu_fd_sc_mcu7t5v0__dffq_1)
                                  0.250000    0.805172   clock uncertainty
                                  0.000000    0.805172   clock reconvergence pessimism
                                  0.037489    0.842661   library hold time
                                              0.842661   data required time
---------------------------------------------------------------------------------------------
                                              0.842661   data required time
                                             -1.675049   data arrival time
---------------------------------------------------------------------------------------------
                                              0.832388   slack (MET)


Startpoint: _71_ (rising edge-triggered flip-flop clocked by clk_i)
Endpoint: _72_ (rising edge-triggered flip-flop clocked by clk_i)
Path Group: clk_i
Path Type: min

Fanout         Cap        Slew       Delay        Time   Description
---------------------------------------------------------------------------------------------
                                  0.000000    0.000000   clock clk_i (rise edge)
                                  0.000000    0.000000   clock source latency
     1    0.029123    0.152037    0.072739    0.072739 ^ clk_i (in)
                                                         clk_i (net)
                      0.152038    0.000000    0.072739 ^ clkbuf_0_clk_i/I (gf180mcu_fd_sc_mcu7t5v0__clkbuf_16)
     2    0.046044    0.111752    0.252502    0.325241 ^ clkbuf_0_clk_i/Z (gf180mcu_fd_sc_mcu7t5v0__clkbuf_16)
                                                         clknet_0_clk_i (net)
                      0.111752    0.000247    0.325488 ^ clkbuf_1_0__f_clk_i/I (gf180mcu_fd_sc_mcu7t5v0__clkbuf_16)
     5    0.024618    0.092657    0.229513    0.555001 ^ clkbuf_1_0__f_clk_i/Z (gf180mcu_fd_sc_mcu7t5v0__clkbuf_16)
                                                         clknet_1_0__leaf_clk_i (net)
                      0.092657    0.000154    0.555155 ^ _71_/CLK (gf180mcu_fd_sc_mcu7t5v0__dffq_1)
     4    0.021701    0.256799    0.763193    1.318349 v _71_/Q (gf180mcu_fd_sc_mcu7t5v0__dffq_1)
                                                         net6 (net)
                      0.256800    0.000341    1.318690 v _54_/A1 (gf180mcu_fd_sc_mcu7t5v0__aoi21_1)
     1    0.004622    0.260779    0.223129    1.541819 ^ _54_/ZN (gf180mcu_fd_sc_mcu7t5v0__aoi21_1)
                                                         _25_ (net)
                      0.260779    0.000046    1.541865 ^ _56_/A2 (gf180mcu_fd_sc_mcu7t5v0__nor3_1)
     1    0.004602    0.197181    0.175657    1.717522 v _56_/ZN (gf180mcu_fd_sc_mcu7t5v0__nor3_1)
                                                         _04_ (net)
                      0.197181    0.000058    1.717580 v _72_/D (gf180mcu_fd_sc_mcu7t5v0__dffq_1)
                                              1.717580   data arrival time

                                  0.000000    0.000000   clock clk_i (rise edge)
                                  0.000000    0.000000   clock source latency
     1    0.029123    0.152037    0.072739    0.072739 ^ clk_i (in)
                                                         clk_i (net)
                      0.152038    0.000000    0.072739 ^ clkbuf_0_clk_i/I (gf180mcu_fd_sc_mcu7t5v0__clkbuf_16)
     2    0.046044    0.111752    0.252502    0.325241 ^ clkbuf_0_clk_i/Z (gf180mcu_fd_sc_mcu7t5v0__clkbuf_16)
                                                         clknet_0_clk_i (net)
                      0.111752    0.000247    0.325488 ^ clkbuf_1_0__f_clk_i/I (gf180mcu_fd_sc_mcu7t5v0__clkbuf_16)
     5    0.024618    0.092657    0.229513    0.555001 ^ clkbuf_1_0__f_clk_i/Z (gf180mcu_fd_sc_mcu7t5v0__clkbuf_16)
                                                         clknet_1_0__leaf_clk_i (net)
                      0.092657    0.000121    0.555122 ^ _72_/CLK (gf180mcu_fd_sc_mcu7t5v0__dffq_1)
                                  0.250000    0.805122   clock uncertainty
                                  0.000000    0.805122   clock reconvergence pessimism
                                  0.058697    0.863820   library hold time
                                              0.863820   data required time
---------------------------------------------------------------------------------------------
                                              0.863820   data required time
                                             -1.717580   data arrival time
---------------------------------------------------------------------------------------------
                                              0.853760   slack (MET)


Startpoint: _75_ (rising edge-triggered flip-flop clocked by clk_i)
Endpoint: _75_ (rising edge-triggered flip-flop clocked by clk_i)
Path Group: clk_i
Path Type: min

Fanout         Cap        Slew       Delay        Time   Description
---------------------------------------------------------------------------------------------
                                  0.000000    0.000000   clock clk_i (rise edge)
                                  0.000000    0.000000   clock source latency
     1    0.029123    0.152037    0.072739    0.072739 ^ clk_i (in)
                                                         clk_i (net)
                      0.152038    0.000000    0.072739 ^ clkbuf_0_clk_i/I (gf180mcu_fd_sc_mcu7t5v0__clkbuf_16)
     2    0.046044    0.111752    0.252502    0.325241 ^ clkbuf_0_clk_i/Z (gf180mcu_fd_sc_mcu7t5v0__clkbuf_16)
                                                         clknet_0_clk_i (net)
                      0.111752    0.000232    0.325474 ^ clkbuf_1_1__f_clk_i/I (gf180mcu_fd_sc_mcu7t5v0__clkbuf_16)
     5    0.022591    0.090810    0.227760    0.553234 ^ clkbuf_1_1__f_clk_i/Z (gf180mcu_fd_sc_mcu7t5v0__clkbuf_16)
                                                         clknet_1_1__leaf_clk_i (net)
                      0.090810    0.000401    0.553634 ^ _75_/CLK (gf180mcu_fd_sc_mcu7t5v0__dffq_1)
     2    0.009239    0.151737    0.680746    1.234380 v _75_/Q (gf180mcu_fd_sc_mcu7t5v0__dffq_1)
                                                         net10 (net)
                      0.151737    0.000148    1.234528 v _34_/I (gf180mcu_fd_sc_mcu7t5v0__clkinv_1)
     2    0.011911    0.237446    0.182092    1.416621 ^ _34_/ZN (gf180mcu_fd_sc_mcu7t5v0__clkinv_1)
                                                         _09_ (net)
                      0.237446    0.000237    1.416857 ^ _63_/B (gf180mcu_fd_sc_mcu7t5v0__oai31_1)
     1    0.004079    0.160717    0.136951    1.553808 v _63_/ZN (gf180mcu_fd_sc_mcu7t5v0__oai31_1)
                                                         _31_ (net)
                      0.160717    0.000045    1.553853 v _65_/A2 (gf180mcu_fd_sc_mcu7t5v0__and3_1)
     1    0.002972    0.120684    0.313708    1.867561 v _65_/Z (gf180mcu_fd_sc_mcu7t5v0__and3_1)
                                                         _07_ (net)
                      0.120684    0.000030    1.867590 v _75_/D (gf180mcu_fd_sc_mcu7t5v0__dffq_1)
                                              1.867590   data arrival time

                                  0.000000    0.000000   clock clk_i (rise edge)
                                  0.000000    0.000000   clock source latency
     1    0.029123    0.152037    0.072739    0.072739 ^ clk_i (in)
                                                         clk_i (net)
                      0.152038    0.000000    0.072739 ^ clkbuf_0_clk_i/I (gf180mcu_fd_sc_mcu7t5v0__clkbuf_16)
     2    0.046044    0.111752    0.252502    0.325241 ^ clkbuf_0_clk_i/Z (gf180mcu_fd_sc_mcu7t5v0__clkbuf_16)
                                                         clknet_0_clk_i (net)
                      0.111752    0.000232    0.325474 ^ clkbuf_1_1__f_clk_i/I (gf180mcu_fd_sc_mcu7t5v0__clkbuf_16)
     5    0.022591    0.090810    0.227760    0.553234 ^ clkbuf_1_1__f_clk_i/Z (gf180mcu_fd_sc_mcu7t5v0__clkbuf_16)
                                                         clknet_1_1__leaf_clk_i (net)
                      0.090810    0.000401    0.553634 ^ _75_/CLK (gf180mcu_fd_sc_mcu7t5v0__dffq_1)
                                  0.250000    0.803635   clock uncertainty
                                  0.000000    0.803635   clock reconvergence pessimism
                                  0.079463    0.883098   library hold time
                                              0.883098   data required time
---------------------------------------------------------------------------------------------
                                              0.883098   data required time
                                             -1.867590   data arrival time
---------------------------------------------------------------------------------------------
                                              0.984493   slack (MET)


Startpoint: _73_ (rising edge-triggered flip-flop clocked by clk_i)
Endpoint: _73_ (rising edge-triggered flip-flop clocked by clk_i)
Path Group: clk_i
Path Type: min

Fanout         Cap        Slew       Delay        Time   Description
---------------------------------------------------------------------------------------------
                                  0.000000    0.000000   clock clk_i (rise edge)
                                  0.000000    0.000000   clock source latency
     1    0.029123    0.152037    0.072739    0.072739 ^ clk_i (in)
                                                         clk_i (net)
                      0.152038    0.000000    0.072739 ^ clkbuf_0_clk_i/I (gf180mcu_fd_sc_mcu7t5v0__clkbuf_16)
     2    0.046044    0.111752    0.252502    0.325241 ^ clkbuf_0_clk_i/Z (gf180mcu_fd_sc_mcu7t5v0__clkbuf_16)
                                                         clknet_0_clk_i (net)
                      0.111752    0.000232    0.325474 ^ clkbuf_1_1__f_clk_i/I (gf180mcu_fd_sc_mcu7t5v0__clkbuf_16)
     5    0.022591    0.090810    0.227760    0.553234 ^ clkbuf_1_1__f_clk_i/Z (gf180mcu_fd_sc_mcu7t5v0__clkbuf_16)
                                                         clknet_1_1__leaf_clk_i (net)
                      0.090810    0.000380    0.553614 ^ _73_/CLK (gf180mcu_fd_sc_mcu7t5v0__dffq_1)
     4    0.019524    0.237905    0.749593    1.303207 v _73_/Q (gf180mcu_fd_sc_mcu7t5v0__dffq_1)
                                                         net8 (net)
                      0.237905    0.000300    1.303507 v _36_/I (gf180mcu_fd_sc_mcu7t5v0__clkinv_1)
     1    0.004841    0.152028    0.135679    1.439186 ^ _36_/ZN (gf180mcu_fd_sc_mcu7t5v0__clkinv_1)
                                                         _11_ (net)
                      0.152028    0.000046    1.439231 ^ _57_/B (gf180mcu_fd_sc_mcu7t5v0__oai31_1)
     1    0.003201    0.129945    0.121568    1.560800 v _57_/ZN (gf180mcu_fd_sc_mcu7t5v0__oai31_1)
                                                         _27_ (net)
                      0.129945    0.000031    1.560831 v _59_/A2 (gf180mcu_fd_sc_mcu7t5v0__and3_1)
     1    0.003768    0.127907    0.312364    1.873195 v _59_/Z (gf180mcu_fd_sc_mcu7t5v0__and3_1)
                                                         _05_ (net)
                      0.127907    0.000075    1.873270 v _73_/D (gf180mcu_fd_sc_mcu7t5v0__dffq_1)
                                              1.873270   data arrival time

                                  0.000000    0.000000   clock clk_i (rise edge)
                                  0.000000    0.000000   clock source latency
     1    0.029123    0.152037    0.072739    0.072739 ^ clk_i (in)
                                                         clk_i (net)
                      0.152038    0.000000    0.072739 ^ clkbuf_0_clk_i/I (gf180mcu_fd_sc_mcu7t5v0__clkbuf_16)
     2    0.046044    0.111752    0.252502    0.325241 ^ clkbuf_0_clk_i/Z (gf180mcu_fd_sc_mcu7t5v0__clkbuf_16)
                                                         clknet_0_clk_i (net)
                      0.111752    0.000232    0.325474 ^ clkbuf_1_1__f_clk_i/I (gf180mcu_fd_sc_mcu7t5v0__clkbuf_16)
     5    0.022591    0.090810    0.227760    0.553234 ^ clkbuf_1_1__f_clk_i/Z (gf180mcu_fd_sc_mcu7t5v0__clkbuf_16)
                                                         clknet_1_1__leaf_clk_i (net)
                      0.090810    0.000380    0.553614 ^ _73_/CLK (gf180mcu_fd_sc_mcu7t5v0__dffq_1)
                                  0.250000    0.803614   clock uncertainty
                                  0.000000    0.803614   clock reconvergence pessimism
                                  0.077823    0.881437   library hold time
                                              0.881437   data required time
---------------------------------------------------------------------------------------------
                                              0.881437   data required time
                                             -1.873270   data arrival time
---------------------------------------------------------------------------------------------
                                              0.991833   slack (MET)


Startpoint: _71_ (rising edge-triggered flip-flop clocked by clk_i)
Endpoint: _71_ (rising edge-triggered flip-flop clocked by clk_i)
Path Group: clk_i
Path Type: min

Fanout         Cap        Slew       Delay        Time   Description
---------------------------------------------------------------------------------------------
                                  0.000000    0.000000   clock clk_i (rise edge)
                                  0.000000    0.000000   clock source latency
     1    0.029123    0.152037    0.072739    0.072739 ^ clk_i (in)
                                                         clk_i (net)
                      0.152038    0.000000    0.072739 ^ clkbuf_0_clk_i/I (gf180mcu_fd_sc_mcu7t5v0__clkbuf_16)
     2    0.046044    0.111752    0.252502    0.325241 ^ clkbuf_0_clk_i/Z (gf180mcu_fd_sc_mcu7t5v0__clkbuf_16)
                                                         clknet_0_clk_i (net)
                      0.111752    0.000247    0.325488 ^ clkbuf_1_0__f_clk_i/I (gf180mcu_fd_sc_mcu7t5v0__clkbuf_16)
     5    0.024618    0.092657    0.229513    0.555001 ^ clkbuf_1_0__f_clk_i/Z (gf180mcu_fd_sc_mcu7t5v0__clkbuf_16)
                                                         clknet_1_0__leaf_clk_i (net)
                      0.092657    0.000154    0.555155 ^ _71_/CLK (gf180mcu_fd_sc_mcu7t5v0__dffq_1)
     4    0.021701    0.256799    0.763193    1.318349 v _71_/Q (gf180mcu_fd_sc_mcu7t5v0__dffq_1)
                                                         net6 (net)
                      0.256799    0.000159    1.318507 v _38_/I (gf180mcu_fd_sc_mcu7t5v0__clkinv_1)
     7    0.040036    0.683972    0.471365    1.789872 ^ _38_/ZN (gf180mcu_fd_sc_mcu7t5v0__clkinv_1)
                                                         _13_ (net)
                      0.683972    0.000563    1.790435 ^ _53_/A1 (gf180mcu_fd_sc_mcu7t5v0__aoi21_1)
     1    0.002827    0.188872    0.110864    1.901299 v _53_/ZN (gf180mcu_fd_sc_mcu7t5v0__aoi21_1)
                                                         _03_ (net)
                      0.188872    0.000028    1.901327 v _71_/D (gf180mcu_fd_sc_mcu7t5v0__dffq_1)
                                              1.901327   data arrival time

                                  0.000000    0.000000   clock clk_i (rise edge)
                                  0.000000    0.000000   clock source latency
     1    0.029123    0.152037    0.072739    0.072739 ^ clk_i (in)
                                                         clk_i (net)
                      0.152038    0.000000    0.072739 ^ clkbuf_0_clk_i/I (gf180mcu_fd_sc_mcu7t5v0__clkbuf_16)
     2    0.046044    0.111752    0.252502    0.325241 ^ clkbuf_0_clk_i/Z (gf180mcu_fd_sc_mcu7t5v0__clkbuf_16)
                                                         clknet_0_clk_i (net)
                      0.111752    0.000247    0.325488 ^ clkbuf_1_0__f_clk_i/I (gf180mcu_fd_sc_mcu7t5v0__clkbuf_16)
     5    0.024618    0.092657    0.229513    0.555001 ^ clkbuf_1_0__f_clk_i/Z (gf180mcu_fd_sc_mcu7t5v0__clkbuf_16)
                                                         clknet_1_0__leaf_clk_i (net)
                      0.092657    0.000154    0.555155 ^ _71_/CLK (gf180mcu_fd_sc_mcu7t5v0__dffq_1)
                                  0.250000    0.805155   clock uncertainty
                                  0.000000    0.805155   clock reconvergence pessimism
                                  0.061161    0.866316   library hold time
                                              0.866316   data required time
---------------------------------------------------------------------------------------------
                                              0.866316   data required time
                                             -1.901327   data arrival time
---------------------------------------------------------------------------------------------
                                              1.035010   slack (MET)


Startpoint: _75_ (rising edge-triggered flip-flop clocked by clk_i)
Endpoint: count_o[7] (output port clocked by clk_i)
Path Group: clk_i
Path Type: min

Fanout         Cap        Slew       Delay        Time   Description
---------------------------------------------------------------------------------------------
                                  0.000000    0.000000   clock clk_i (rise edge)
                                  0.000000    0.000000   clock source latency
     1    0.029123    0.152037    0.072739    0.072739 ^ clk_i (in)
                                                         clk_i (net)
                      0.152038    0.000000    0.072739 ^ clkbuf_0_clk_i/I (gf180mcu_fd_sc_mcu7t5v0__clkbuf_16)
     2    0.046044    0.111752    0.252502    0.325241 ^ clkbuf_0_clk_i/Z (gf180mcu_fd_sc_mcu7t5v0__clkbuf_16)
                                                         clknet_0_clk_i (net)
                      0.111752    0.000232    0.325474 ^ clkbuf_1_1__f_clk_i/I (gf180mcu_fd_sc_mcu7t5v0__clkbuf_16)
     5    0.022591    0.090810    0.227760    0.553234 ^ clkbuf_1_1__f_clk_i/Z (gf180mcu_fd_sc_mcu7t5v0__clkbuf_16)
                                                         clknet_1_1__leaf_clk_i (net)
                      0.090810    0.000401    0.553634 ^ _75_/CLK (gf180mcu_fd_sc_mcu7t5v0__dffq_1)
     2    0.009239    0.151737    0.680746    1.234380 v _75_/Q (gf180mcu_fd_sc_mcu7t5v0__dffq_1)
                                                         net10 (net)
                      0.151737    0.000137    1.234518 v output10/I (gf180mcu_fd_sc_mcu7t5v0__dlyb_1)
     1    0.073836    0.809262    1.492821    2.727339 v output10/Z (gf180mcu_fd_sc_mcu7t5v0__dlyb_1)
                                                         count_o[7] (net)
                      0.809265    0.000864    2.728203 v count_o[7] (out)
                                              2.728203   data arrival time

                                  0.000000    0.000000   clock clk_i (rise edge)
                                  0.000000    0.000000   clock network delay (propagated)
                                  0.250000    0.250000   clock uncertainty
                                  0.000000    0.250000   clock reconvergence pessimism
                                 -5.000000   -4.750000   output external delay
                                             -4.750000   data required time
---------------------------------------------------------------------------------------------
                                             -4.750000   data required time
                                             -2.728203   data arrival time
---------------------------------------------------------------------------------------------
                                              7.478203   slack (MET)


Startpoint: _76_ (rising edge-triggered flip-flop clocked by clk_i)
Endpoint: ovf_o (output port clocked by clk_i)
Path Group: clk_i
Path Type: min

Fanout         Cap        Slew       Delay        Time   Description
---------------------------------------------------------------------------------------------
                                  0.000000    0.000000   clock clk_i (rise edge)
                                  0.000000    0.000000   clock source latency
     1    0.029123    0.152037    0.072739    0.072739 ^ clk_i (in)
                                                         clk_i (net)
                      0.152038    0.000000    0.072739 ^ clkbuf_0_clk_i/I (gf180mcu_fd_sc_mcu7t5v0__clkbuf_16)
     2    0.046044    0.111752    0.252502    0.325241 ^ clkbuf_0_clk_i/Z (gf180mcu_fd_sc_mcu7t5v0__clkbuf_16)
                                                         clknet_0_clk_i (net)
                      0.111752    0.000232    0.325474 ^ clkbuf_1_1__f_clk_i/I (gf180mcu_fd_sc_mcu7t5v0__clkbuf_16)
     5    0.022591    0.090810    0.227760    0.553234 ^ clkbuf_1_1__f_clk_i/Z (gf180mcu_fd_sc_mcu7t5v0__clkbuf_16)
                                                         clknet_1_1__leaf_clk_i (net)
                      0.090810    0.000414    0.553648 ^ _76_/CLK (gf180mcu_fd_sc_mcu7t5v0__dffq_1)
     2    0.010527    0.162362    0.689365    1.243013 v _76_/Q (gf180mcu_fd_sc_mcu7t5v0__dffq_1)
                                                         net11 (net)
                      0.162362    0.000144    1.243157 v output11/I (gf180mcu_fd_sc_mcu7t5v0__dlyb_1)
     1    0.073926    0.810046    1.497164    2.740321 v output11/Z (gf180mcu_fd_sc_mcu7t5v0__dlyb_1)
                                                         ovf_o (net)
                      0.810049    0.000891    2.741212 v ovf_o (out)
                                              2.741212   data arrival time

                                  0.000000    0.000000   clock clk_i (rise edge)
                                  0.000000    0.000000   clock network delay (propagated)
                                  0.250000    0.250000   clock uncertainty
                                  0.000000    0.250000   clock reconvergence pessimism
                                 -5.000000   -4.750000   output external delay
                                             -4.750000   data required time
---------------------------------------------------------------------------------------------
                                             -4.750000   data required time
                                             -2.741212   data arrival time
---------------------------------------------------------------------------------------------
                                              7.491212   slack (MET)


Startpoint: _74_ (rising edge-triggered flip-flop clocked by clk_i)
Endpoint: count_o[6] (output port clocked by clk_i)
Path Group: clk_i
Path Type: min

Fanout         Cap        Slew       Delay        Time   Description
---------------------------------------------------------------------------------------------
                                  0.000000    0.000000   clock clk_i (rise edge)
                                  0.000000    0.000000   clock source latency
     1    0.029123    0.152037    0.072739    0.072739 ^ clk_i (in)
                                                         clk_i (net)
                      0.152038    0.000000    0.072739 ^ clkbuf_0_clk_i/I (gf180mcu_fd_sc_mcu7t5v0__clkbuf_16)
     2    0.046044    0.111752    0.252502    0.325241 ^ clkbuf_0_clk_i/Z (gf180mcu_fd_sc_mcu7t5v0__clkbuf_16)
                                                         clknet_0_clk_i (net)
                      0.111752    0.000232    0.325474 ^ clkbuf_1_1__f_clk_i/I (gf180mcu_fd_sc_mcu7t5v0__clkbuf_16)
     5    0.022591    0.090810    0.227760    0.553234 ^ clkbuf_1_1__f_clk_i/Z (gf180mcu_fd_sc_mcu7t5v0__clkbuf_16)
                                                         clknet_1_1__leaf_clk_i (net)
                      0.090810    0.000390    0.553624 ^ _74_/CLK (gf180mcu_fd_sc_mcu7t5v0__dffq_1)
     3    0.015042    0.199788    0.719597    1.273221 v _74_/Q (gf180mcu_fd_sc_mcu7t5v0__dffq_1)
                                                         net9 (net)
                      0.199788    0.000216    1.273437 v output9/I (gf180mcu_fd_sc_mcu7t5v0__dlyb_1)
     1    0.073832    0.809215    1.510023    2.783460 v output9/Z (gf180mcu_fd_sc_mcu7t5v0__dlyb_1)
                                                         count_o[6] (net)
                      0.809218    0.000865    2.784325 v count_o[6] (out)
                                              2.784325   data arrival time

                                  0.000000    0.000000   clock clk_i (rise edge)
                                  0.000000    0.000000   clock network delay (propagated)
                                  0.250000    0.250000   clock uncertainty
                                  0.000000    0.250000   clock reconvergence pessimism
                                 -5.000000   -4.750000   output external delay
                                             -4.750000   data required time
---------------------------------------------------------------------------------------------
                                             -4.750000   data required time
                                             -2.784325   data arrival time
---------------------------------------------------------------------------------------------
                                              7.534326   slack (MET)


Startpoint: _73_ (rising edge-triggered flip-flop clocked by clk_i)
Endpoint: count_o[5] (output port clocked by clk_i)
Path Group: clk_i
Path Type: min

Fanout         Cap        Slew       Delay        Time   Description
---------------------------------------------------------------------------------------------
                                  0.000000    0.000000   clock clk_i (rise edge)
                                  0.000000    0.000000   clock source latency
     1    0.029123    0.152037    0.072739    0.072739 ^ clk_i (in)
                                                         clk_i (net)
                      0.152038    0.000000    0.072739 ^ clkbuf_0_clk_i/I (gf180mcu_fd_sc_mcu7t5v0__clkbuf_16)
     2    0.046044    0.111752    0.252502    0.325241 ^ clkbuf_0_clk_i/Z (gf180mcu_fd_sc_mcu7t5v0__clkbuf_16)
                                                         clknet_0_clk_i (net)
                      0.111752    0.000232    0.325474 ^ clkbuf_1_1__f_clk_i/I (gf180mcu_fd_sc_mcu7t5v0__clkbuf_16)
     5    0.022591    0.090810    0.227760    0.553234 ^ clkbuf_1_1__f_clk_i/Z (gf180mcu_fd_sc_mcu7t5v0__clkbuf_16)
                                                         clknet_1_1__leaf_clk_i (net)
                      0.090810    0.000380    0.553614 ^ _73_/CLK (gf180mcu_fd_sc_mcu7t5v0__dffq_1)
     4    0.019524    0.237905    0.749593    1.303207 v _73_/Q (gf180mcu_fd_sc_mcu7t5v0__dffq_1)
                                                         net8 (net)
                      0.237905    0.000221    1.303428 v output8/I (gf180mcu_fd_sc_mcu7t5v0__dlyb_1)
     1    0.073575    0.806944    1.522133    2.825561 v output8/Z (gf180mcu_fd_sc_mcu7t5v0__dlyb_1)
                                                         count_o[5] (net)
                      0.806946    0.000810    2.826371 v count_o[5] (out)
                                              2.826371   data arrival time

                                  0.000000    0.000000   clock clk_i (rise edge)
                                  0.000000    0.000000   clock network delay (propagated)
                                  0.250000    0.250000   clock uncertainty
                                  0.000000    0.250000   clock reconvergence pessimism
                                 -5.000000   -4.750000   output external delay
                                             -4.750000   data required time
---------------------------------------------------------------------------------------------
                                             -4.750000   data required time
                                             -2.826371   data arrival time
---------------------------------------------------------------------------------------------
                                              7.576371   slack (MET)


Startpoint: _71_ (rising edge-triggered flip-flop clocked by clk_i)
Endpoint: count_o[3] (output port clocked by clk_i)
Path Group: clk_i
Path Type: min

Fanout         Cap        Slew       Delay        Time   Description
---------------------------------------------------------------------------------------------
                                  0.000000    0.000000   clock clk_i (rise edge)
                                  0.000000    0.000000   clock source latency
     1    0.029123    0.152037    0.072739    0.072739 ^ clk_i (in)
                                                         clk_i (net)
                      0.152038    0.000000    0.072739 ^ clkbuf_0_clk_i/I (gf180mcu_fd_sc_mcu7t5v0__clkbuf_16)
     2    0.046044    0.111752    0.252502    0.325241 ^ clkbuf_0_clk_i/Z (gf180mcu_fd_sc_mcu7t5v0__clkbuf_16)
                                                         clknet_0_clk_i (net)
                      0.111752    0.000247    0.325488 ^ clkbuf_1_0__f_clk_i/I (gf180mcu_fd_sc_mcu7t5v0__clkbuf_16)
     5    0.024618    0.092657    0.229513    0.555001 ^ clkbuf_1_0__f_clk_i/Z (gf180mcu_fd_sc_mcu7t5v0__clkbuf_16)
                                                         clknet_1_0__leaf_clk_i (net)
                      0.092657    0.000154    0.555155 ^ _71_/CLK (gf180mcu_fd_sc_mcu7t5v0__dffq_1)
     4    0.021701    0.256799    0.763193    1.318349 v _71_/Q (gf180mcu_fd_sc_mcu7t5v0__dffq_1)
                                                         net6 (net)
                      0.256800    0.000317    1.318665 v output6/I (gf180mcu_fd_sc_mcu7t5v0__dlyb_1)
     1    0.073899    0.809805    1.531113    2.849778 v output6/Z (gf180mcu_fd_sc_mcu7t5v0__dlyb_1)
                                                         count_o[3] (net)
                      0.809805    0.000578    2.850356 v count_o[3] (out)
                                              2.850356   data arrival time

                                  0.000000    0.000000   clock clk_i (rise edge)
                                  0.000000    0.000000   clock network delay (propagated)
                                  0.250000    0.250000   clock uncertainty
                                  0.000000    0.250000   clock reconvergence pessimism
                                 -5.000000   -4.750000   output external delay
                                             -4.750000   data required time
---------------------------------------------------------------------------------------------
                                             -4.750000   data required time
                                             -2.850356   data arrival time
---------------------------------------------------------------------------------------------
                                              7.600356   slack (MET)


Startpoint: _70_ (rising edge-triggered flip-flop clocked by clk_i)
Endpoint: count_o[2] (output port clocked by clk_i)
Path Group: clk_i
Path Type: min

Fanout         Cap        Slew       Delay        Time   Description
---------------------------------------------------------------------------------------------
                                  0.000000    0.000000   clock clk_i (rise edge)
                                  0.000000    0.000000   clock source latency
     1    0.029123    0.152037    0.072739    0.072739 ^ clk_i (in)
                                                         clk_i (net)
                      0.152038    0.000000    0.072739 ^ clkbuf_0_clk_i/I (gf180mcu_fd_sc_mcu7t5v0__clkbuf_16)
     2    0.046044    0.111752    0.252502    0.325241 ^ clkbuf_0_clk_i/Z (gf180mcu_fd_sc_mcu7t5v0__clkbuf_16)
                                                         clknet_0_clk_i (net)
                      0.111752    0.000247    0.325488 ^ clkbuf_1_0__f_clk_i/I (gf180mcu_fd_sc_mcu7t5v0__clkbuf_16)
     5    0.024618    0.092657    0.229513    0.555001 ^ clkbuf_1_0__f_clk_i/Z (gf180mcu_fd_sc_mcu7t5v0__clkbuf_16)
                                                         clknet_1_0__leaf_clk_i (net)
                      0.092657    0.000037    0.555038 ^ _70_/CLK (gf180mcu_fd_sc_mcu7t5v0__dffq_1)
     4    0.021770    0.257396    0.763598    1.318636 v _70_/Q (gf180mcu_fd_sc_mcu7t5v0__dffq_1)
                                                         net5 (net)
                      0.257396    0.000185    1.318822 v output5/I (gf180mcu_fd_sc_mcu7t5v0__dlyb_1)
     1    0.073862    0.809458    1.530846    2.849668 v output5/Z (gf180mcu_fd_sc_mcu7t5v0__dlyb_1)
                                                         count_o[2] (net)
                      0.809460    0.000883    2.850550 v count_o[2] (out)
                                              2.850550   data arrival time

                                  0.000000    0.000000   clock clk_i (rise edge)
                                  0.000000    0.000000   clock network delay (propagated)
                                  0.250000    0.250000   clock uncertainty
                                  0.000000    0.250000   clock reconvergence pessimism
                                 -5.000000   -4.750000   output external delay
                                             -4.750000   data required time
---------------------------------------------------------------------------------------------
                                             -4.750000   data required time
                                             -2.850550   data arrival time
---------------------------------------------------------------------------------------------
                                              7.600551   slack (MET)


Startpoint: _69_ (rising edge-triggered flip-flop clocked by clk_i)
Endpoint: count_o[1] (output port clocked by clk_i)
Path Group: clk_i
Path Type: min

Fanout         Cap        Slew       Delay        Time   Description
---------------------------------------------------------------------------------------------
                                  0.000000    0.000000   clock clk_i (rise edge)
                                  0.000000    0.000000   clock source latency
     1    0.029123    0.152037    0.072739    0.072739 ^ clk_i (in)
                                                         clk_i (net)
                      0.152038    0.000000    0.072739 ^ clkbuf_0_clk_i/I (gf180mcu_fd_sc_mcu7t5v0__clkbuf_16)
     2    0.046044    0.111752    0.252502    0.325241 ^ clkbuf_0_clk_i/Z (gf180mcu_fd_sc_mcu7t5v0__clkbuf_16)
                                                         clknet_0_clk_i (net)
                      0.111752    0.000247    0.325488 ^ clkbuf_1_0__f_clk_i/I (gf180mcu_fd_sc_mcu7t5v0__clkbuf_16)
     5    0.024618    0.092657    0.229513    0.555001 ^ clkbuf_1_0__f_clk_i/Z (gf180mcu_fd_sc_mcu7t5v0__clkbuf_16)
                                                         clknet_1_0__leaf_clk_i (net)
                      0.092657    0.000161    0.555162 ^ _69_/CLK (gf180mcu_fd_sc_mcu7t5v0__dffq_1)
     5    0.024494    0.281178    0.780144    1.335306 v _69_/Q (gf180mcu_fd_sc_mcu7t5v0__dffq_1)
                                                         net4 (net)
                      0.281179    0.000452    1.335758 v output4/I (gf180mcu_fd_sc_mcu7t5v0__dlyb_1)
     1    0.074671    0.816554    1.544304    2.880062 v output4/Z (gf180mcu_fd_sc_mcu7t5v0__dlyb_1)
                                                         count_o[1] (net)
                      0.816558    0.000999    2.881061 v count_o[1] (out)
                                              2.881061   data arrival time

                                  0.000000    0.000000   clock clk_i (rise edge)
                                  0.000000    0.000000   clock network delay (propagated)
                                  0.250000    0.250000   clock uncertainty
                                  0.000000    0.250000   clock reconvergence pessimism
                                 -5.000000   -4.750000   output external delay
                                             -4.750000   data required time
---------------------------------------------------------------------------------------------
                                             -4.750000   data required time
                                             -2.881061   data arrival time
---------------------------------------------------------------------------------------------
                                              7.631061   slack (MET)


Startpoint: _72_ (rising edge-triggered flip-flop clocked by clk_i)
Endpoint: count_o[4] (output port clocked by clk_i)
Path Group: clk_i
Path Type: min

Fanout         Cap        Slew       Delay        Time   Description
---------------------------------------------------------------------------------------------
                                  0.000000    0.000000   clock clk_i (rise edge)
                                  0.000000    0.000000   clock source latency
     1    0.029123    0.152037    0.072739    0.072739 ^ clk_i (in)
                                                         clk_i (net)
                      0.152038    0.000000    0.072739 ^ clkbuf_0_clk_i/I (gf180mcu_fd_sc_mcu7t5v0__clkbuf_16)
     2    0.046044    0.111752    0.252502    0.325241 ^ clkbuf_0_clk_i/Z (gf180mcu_fd_sc_mcu7t5v0__clkbuf_16)
                                                         clknet_0_clk_i (net)
                      0.111752    0.000247    0.325488 ^ clkbuf_1_0__f_clk_i/I (gf180mcu_fd_sc_mcu7t5v0__clkbuf_16)
     5    0.024618    0.092657    0.229513    0.555001 ^ clkbuf_1_0__f_clk_i/Z (gf180mcu_fd_sc_mcu7t5v0__clkbuf_16)
                                                         clknet_1_0__leaf_clk_i (net)
                      0.092657    0.000121    0.555122 ^ _72_/CLK (gf180mcu_fd_sc_mcu7t5v0__dffq_1)
     5    0.027329    0.306139    0.797457    1.352579 v _72_/Q (gf180mcu_fd_sc_mcu7t5v0__dffq_1)
                                                         net7 (net)
                      0.306139    0.000178    1.352757 v output7/I (gf180mcu_fd_sc_mcu7t5v0__dlyb_1)
     1    0.073606    0.807219    1.547033    2.899790 v output7/Z (gf180mcu_fd_sc_mcu7t5v0__dlyb_1)
                                                         count_o[4] (net)
                      0.807219    0.000511    2.900301 v count_o[4] (out)
                                              2.900301   data arrival time

                                  0.000000    0.000000   clock clk_i (rise edge)
                                  0.000000    0.000000   clock network delay (propagated)
                                  0.250000    0.250000   clock uncertainty
                                  0.000000    0.250000   clock reconvergence pessimism
                                 -5.000000   -4.750000   output external delay
                                             -4.750000   data required time
---------------------------------------------------------------------------------------------
                                             -4.750000   data required time
                                             -2.900301   data arrival time
---------------------------------------------------------------------------------------------
                                              7.650301   slack (MET)


Startpoint: _68_ (rising edge-triggered flip-flop clocked by clk_i)
Endpoint: count_o[0] (output port clocked by clk_i)
Path Group: clk_i
Path Type: min

Fanout         Cap        Slew       Delay        Time   Description
---------------------------------------------------------------------------------------------
                                  0.000000    0.000000   clock clk_i (rise edge)
                                  0.000000    0.000000   clock source latency
     1    0.029123    0.152037    0.072739    0.072739 ^ clk_i (in)
                                                         clk_i (net)
                      0.152038    0.000000    0.072739 ^ clkbuf_0_clk_i/I (gf180mcu_fd_sc_mcu7t5v0__clkbuf_16)
     2    0.046044    0.111752    0.252502    0.325241 ^ clkbuf_0_clk_i/Z (gf180mcu_fd_sc_mcu7t5v0__clkbuf_16)
                                                         clknet_0_clk_i (net)
                      0.111752    0.000247    0.325488 ^ clkbuf_1_0__f_clk_i/I (gf180mcu_fd_sc_mcu7t5v0__clkbuf_16)
     5    0.024618    0.092657    0.229513    0.555001 ^ clkbuf_1_0__f_clk_i/Z (gf180mcu_fd_sc_mcu7t5v0__clkbuf_16)
                                                         clknet_1_0__leaf_clk_i (net)
                      0.092657    0.000171    0.555172 ^ _68_/CLK (gf180mcu_fd_sc_mcu7t5v0__dffq_1)
     7    0.039243    0.412440    0.869244    1.424416 v _68_/Q (gf180mcu_fd_sc_mcu7t5v0__dffq_1)
                                                         net3 (net)
                      0.412440    0.000276    1.424692 v output3/I (gf180mcu_fd_sc_mcu7t5v0__dlyb_1)
     1    0.073632    0.807633    1.585343    3.010035 v output3/Z (gf180mcu_fd_sc_mcu7t5v0__dlyb_1)
                                                         count_o[0] (net)
                      0.807633    0.000519    3.010554 v count_o[0] (out)
                                              3.010554   data arrival time

                                  0.000000    0.000000   clock clk_i (rise edge)
                                  0.000000    0.000000   clock network delay (propagated)
                                  0.250000    0.250000   clock uncertainty
                                  0.000000    0.250000   clock reconvergence pessimism
                                 -5.000000   -4.750000   output external delay
                                             -4.750000   data required time
---------------------------------------------------------------------------------------------
                                             -4.750000   data required time
                                             -3.010554   data arrival time
---------------------------------------------------------------------------------------------
                                              7.760553   slack (MET)



