Clock: clk_i
Sources: clk_i 
Generated: no
Virtual: yes
Propagated: no
Period: 25.000000

===========================================================================
report_clock_properties
============================================================================
Clock                   Period          Waveform
----------------------------------------------------
clk_i                25.000000    0.000000 12.500000

===========================================================================
report_clock_latency
============================================================================
Clock clk_i
rise -> rise
    min     max
0.000000 0.000000 source latency
0.548686         network latency _75_/CLK
        0.550357 network latency _70_/CLK
---------------
0.548686 0.550357 latency
        0.001671 skew

fall -> fall
    min     max
0.000000 0.000000 source latency
0.503899         network latency _75_/CLK
        0.505679 network latency _70_/CLK
---------------
0.503899 0.505679 latency
        0.001780 skew



===========================================================================
report_clock_min_period
============================================================================
clk_i period_min = 3.85 fmax = 259.60
