
===========================================================================
report_checks -unconstrained
===========================================================================
======================= max_tt_025C_5v00 Corner ===================================

Startpoint: en_i (input port clocked by clk_i)
Endpoint: _75_ (rising edge-triggered flip-flop clocked by clk_i)
Path Group: clk_i
Path Type: max

Fanout         Cap        Slew       Delay        Time   Description
---------------------------------------------------------------------------------------------
                                  0.000000    0.000000   clock clk_i (rise edge)
                                  0.000000    0.000000   clock network delay (propagated)
                                  5.000000    5.000000 ^ input external delay
     1    0.003537    0.106335    0.035345    5.035345 ^ en_i (in)
                                                         en_i (net)
                      0.106335    0.000000    5.035345 ^ input1/I (gf180mcu_fd_sc_mcu7t5v0__dlyb_1)
     6    0.040793    0.708545    1.211331    6.246676 ^ input1/Z (gf180mcu_fd_sc_mcu7t5v0__dlyb_1)
                                                         net1 (net)
                      0.708551    0.001199    6.247875 ^ _49_/A1 (gf180mcu_fd_sc_mcu7t5v0__nand4_1)
     8    0.048390    1.321762    0.878839    7.126714 v _49_/ZN (gf180mcu_fd_sc_mcu7t5v0__nand4_1)
                                                         _22_ (net)
                      1.321767    0.001400    7.128114 v _64_/A3 (gf180mcu_fd_sc_mcu7t5v0__or4_1)
     2    0.008652    0.333622    1.131283    8.259397 v _64_/Z (gf180mcu_fd_sc_mcu7t5v0__or4_1)
                                                         _32_ (net)
                      0.333622    0.000061    8.259459 v _65_/A3 (gf180mcu_fd_sc_mcu7t5v0__and3_1)
     1    0.003027    0.128081    0.385736    8.645194 v _65_/Z (gf180mcu_fd_sc_mcu7t5v0__and3_1)
                                                         _07_ (net)
                      0.128081    0.000031    8.645226 v _75_/D (gf180mcu_fd_sc_mcu7t5v0__dffq_1)
                                              8.645226   data arrival time

                                 25.000000   25.000000   clock clk_i (rise edge)
                                  0.000000   25.000000   clock source latency
     1    0.029750    0.154634    0.074310   25.074310 ^ clk_i (in)
                                                         clk_i (net)
                      0.154636    0.000000   25.074310 ^ clkbuf_0_clk_i/I (gf180mcu_fd_sc_mcu7t5v0__clkbuf_16)
     2    0.046180    0.111897    0.253166   25.327477 ^ clkbuf_0_clk_i/Z (gf180mcu_fd_sc_mcu7t5v0__clkbuf_16)
                                                         clknet_0_clk_i (net)
                      0.111897    0.000238   25.327715 ^ clkbuf_1_1__f_clk_i/I (gf180mcu_fd_sc_mcu7t5v0__clkbuf_16)
     5    0.023186    0.091353    0.228280   25.555994 ^ clkbuf_1_1__f_clk_i/Z (gf180mcu_fd_sc_mcu7t5v0__clkbuf_16)
                                                         clknet_1_1__leaf_clk_i (net)
                      0.091353    0.000433   25.556427 ^ _75_/CLK (gf180mcu_fd_sc_mcu7t5v0__dffq_1)
                                 -0.250000   25.306427   clock uncertainty
                                  0.000000   25.306427   clock reconvergence pessimism
                                 -0.237842   25.068586   library setup time
                                             25.068586   data required time
---------------------------------------------------------------------------------------------
                                             25.068586   data required time
                                             -8.645226   data arrival time
---------------------------------------------------------------------------------------------
                                             16.423361   slack (MET)




===========================================================================
report_checks --slack_max -0.01
============================================================================
======================= max_tt_025C_5v00 Corner ===================================

No paths found.


===========================================================================
 report_check_types -max_slew -max_cap -max_fanout -violators
============================================================================
======================= max_tt_025C_5v00 Corner ===================================



===========================================================================
report_parasitic_annotation -report_unannotated
============================================================================
Found 1 unannotated drivers.
 clkload0/Z
Found 0 partially unannotated drivers.

===========================================================================
max slew violation count 0
max fanout violation count 0
max cap violation count 0
============================================================================

===========================================================================
check_setup -verbose -unconstrained_endpoints -multiple_clock -no_clock -no_input_delay -loops -generated_clocks
===========================================================================
