
===========================================================================
report_checks -path_delay max (Setup)
============================================================================
======================= max_tt_025C_5v00 Corner ===================================

Startpoint: en_i (input port clocked by clk_i)
Endpoint: _75_ (rising edge-triggered flip-flop clocked by clk_i)
Path Group: clk_i
Path Type: max

Fanout         Cap        Slew       Delay        Time   Description
---------------------------------------------------------------------------------------------
                                  0.000000    0.000000   clock clk_i (rise edge)
                                  0.000000    0.000000   clock network delay (propagated)
                                  5.000000    5.000000 ^ input external delay
     1    0.003537    0.106335    0.035345    5.035345 ^ en_i (in)
                                                         en_i (net)
                      0.106335    0.000000    5.035345 ^ input1/I (gf180mcu_fd_sc_mcu7t5v0__dlyb_1)
     6    0.040793    0.708545    1.211331    6.246676 ^ input1/Z (gf180mcu_fd_sc_mcu7t5v0__dlyb_1)
                                                         net1 (net)
                      0.708551    0.001199    6.247875 ^ _49_/A1 (gf180mcu_fd_sc_mcu7t5v0__nand4_1)
     8    0.048390    1.321762    0.878839    7.126714 v _49_/ZN (gf180mcu_fd_sc_mcu7t5v0__nand4_1)
                                                         _22_ (net)
                      1.321767    0.001400    7.128114 v _64_/A3 (gf180mcu_fd_sc_mcu7t5v0__or4_1)
     2    0.008652    0.333622    1.131283    8.259397 v _64_/Z (gf180mcu_fd_sc_mcu7t5v0__or4_1)
                                                         _32_ (net)
                      0.333622    0.000061    8.259459 v _65_/A3 (gf180mcu_fd_sc_mcu7t5v0__and3_1)
     1    0.003027    0.128081    0.385736    8.645194 v _65_/Z (gf180mcu_fd_sc_mcu7t5v0__and3_1)
                                                         _07_ (net)
                      0.128081    0.000031    8.645226 v _75_/D (gf180mcu_fd_sc_mcu7t5v0__dffq_1)
                                              8.645226   data arrival time

                                 25.000000   25.000000   clock clk_i (rise edge)
                                  0.000000   25.000000   clock source latency
     1    0.029750    0.154634    0.074310   25.074310 ^ clk_i (in)
                                                         clk_i (net)
                      0.154636    0.000000   25.074310 ^ clkbuf_0_clk_i/I (gf180mcu_fd_sc_mcu7t5v0__clkbuf_16)
     2    0.046180    0.111897    0.253166   25.327477 ^ clkbuf_0_clk_i/Z (gf180mcu_fd_sc_mcu7t5v0__clkbuf_16)
                                                         clknet_0_clk_i (net)
                      0.111897    0.000238   25.327715 ^ clkbuf_1_1__f_clk_i/I (gf180mcu_fd_sc_mcu7t5v0__clkbuf_16)
     5    0.023186    0.091353    0.228280   25.555994 ^ clkbuf_1_1__f_clk_i/Z (gf180mcu_fd_sc_mcu7t5v0__clkbuf_16)
                                                         clknet_1_1__leaf_clk_i (net)
                      0.091353    0.000433   25.556427 ^ _75_/CLK (gf180mcu_fd_sc_mcu7t5v0__dffq_1)
                                 -0.250000   25.306427   clock uncertainty
                                  0.000000   25.306427   clock reconvergence pessimism
                                 -0.237842   25.068586   library setup time
                                             25.068586   data required time
---------------------------------------------------------------------------------------------
                                             25.068586   data required time
                                             -8.645226   data arrival time
---------------------------------------------------------------------------------------------
                                             16.423361   slack (MET)


Startpoint: en_i (input port clocked by clk_i)
Endpoint: _76_ (rising edge-triggered flip-flop clocked by clk_i)
Path Group: clk_i
Path Type: max

Fanout         Cap        Slew       Delay        Time   Description
---------------------------------------------------------------------------------------------
                                  0.000000    0.000000   clock clk_i (rise edge)
                                  0.000000    0.000000   clock network delay (propagated)
                                  5.000000    5.000000 ^ input external delay
     1    0.003537    0.106335    0.035345    5.035345 ^ en_i (in)
                                                         en_i (net)
                      0.106335    0.000000    5.035345 ^ input1/I (gf180mcu_fd_sc_mcu7t5v0__dlyb_1)
     6    0.040793    0.708545    1.211331    6.246676 ^ input1/Z (gf180mcu_fd_sc_mcu7t5v0__dlyb_1)
                                                         net1 (net)
                      0.708551    0.001199    6.247875 ^ _49_/A1 (gf180mcu_fd_sc_mcu7t5v0__nand4_1)
     8    0.048390    1.321762    0.878839    7.126714 v _49_/ZN (gf180mcu_fd_sc_mcu7t5v0__nand4_1)
                                                         _22_ (net)
                      1.321767    0.001400    7.128114 v _64_/A3 (gf180mcu_fd_sc_mcu7t5v0__or4_1)
     2    0.008652    0.333622    1.131283    8.259397 v _64_/Z (gf180mcu_fd_sc_mcu7t5v0__or4_1)
                                                         _32_ (net)
                      0.333622    0.000130    8.259526 v _67_/A2 (gf180mcu_fd_sc_mcu7t5v0__oai21_1)
     1    0.004281    0.305855    0.243007    8.502533 ^ _67_/ZN (gf180mcu_fd_sc_mcu7t5v0__oai21_1)
                                                         _08_ (net)
                      0.305855    0.000051    8.502584 ^ _76_/D (gf180mcu_fd_sc_mcu7t5v0__dffq_1)
                                              8.502584   data arrival time

                                 25.000000   25.000000   clock clk_i (rise edge)
                                  0.000000   25.000000   clock source latency
     1    0.029750    0.154634    0.074310   25.074310 ^ clk_i (in)
                                                         clk_i (net)
                      0.154636    0.000000   25.074310 ^ clkbuf_0_clk_i/I (gf180mcu_fd_sc_mcu7t5v0__clkbuf_16)
     2    0.046180    0.111897    0.253166   25.327477 ^ clkbuf_0_clk_i/Z (gf180mcu_fd_sc_mcu7t5v0__clkbuf_16)
                                                         clknet_0_clk_i (net)
                      0.111897    0.000238   25.327715 ^ clkbuf_1_1__f_clk_i/I (gf180mcu_fd_sc_mcu7t5v0__clkbuf_16)
     5    0.023186    0.091353    0.228280   25.555994 ^ clkbuf_1_1__f_clk_i/Z (gf180mcu_fd_sc_mcu7t5v0__clkbuf_16)
                                                         clknet_1_1__leaf_clk_i (net)
                      0.091353    0.000449   25.556442 ^ _76_/CLK (gf180mcu_fd_sc_mcu7t5v0__dffq_1)
                                 -0.250000   25.306444   clock uncertainty
                                  0.000000   25.306444   clock reconvergence pessimism
                                 -0.241558   25.064886   library setup time
                                             25.064886   data required time
---------------------------------------------------------------------------------------------
                                             25.064886   data required time
                                             -8.502584   data arrival time
---------------------------------------------------------------------------------------------
                                             16.562302   slack (MET)


Startpoint: _68_ (rising edge-triggered flip-flop clocked by clk_i)
Endpoint: count_o[0] (output port clocked by clk_i)
Path Group: clk_i
Path Type: max

Fanout         Cap        Slew       Delay        Time   Description
---------------------------------------------------------------------------------------------
                                  0.000000    0.000000   clock clk_i (rise edge)
                                  0.000000    0.000000   clock source latency
     1    0.029750    0.154634    0.074311    0.074311 ^ clk_i (in)
                                                         clk_i (net)
                      0.154636    0.000000    0.074311 ^ clkbuf_0_clk_i/I (gf180mcu_fd_sc_mcu7t5v0__clkbuf_16)
     2    0.046180    0.111897    0.253167    0.327477 ^ clkbuf_0_clk_i/Z (gf180mcu_fd_sc_mcu7t5v0__clkbuf_16)
                                                         clknet_0_clk_i (net)
                      0.111897    0.000254    0.327731 ^ clkbuf_1_0__f_clk_i/I (gf180mcu_fd_sc_mcu7t5v0__clkbuf_16)
     5    0.025617    0.093565    0.230376    0.558107 ^ clkbuf_1_0__f_clk_i/Z (gf180mcu_fd_sc_mcu7t5v0__clkbuf_16)
                                                         clknet_1_0__leaf_clk_i (net)
                      0.093565    0.000185    0.558292 ^ _68_/CLK (gf180mcu_fd_sc_mcu7t5v0__dffq_1)
     7    0.040524    0.696169    1.057166    1.615458 ^ _68_/Q (gf180mcu_fd_sc_mcu7t5v0__dffq_1)
                                                         net3 (net)
                      0.696169    0.000298    1.615756 ^ output3/I (gf180mcu_fd_sc_mcu7t5v0__dlyb_1)
     1    0.073686    1.231336    1.550511    3.166267 ^ output3/Z (gf180mcu_fd_sc_mcu7t5v0__dlyb_1)
                                                         count_o[0] (net)
                      1.231336    0.000548    3.166815 ^ count_o[0] (out)
                                              3.166815   data arrival time

                                 25.000000   25.000000   clock clk_i (rise edge)
                                  0.000000   25.000000   clock network delay (propagated)
                                 -0.250000   24.750000   clock uncertainty
                                  0.000000   24.750000   clock reconvergence pessimism
                                 -5.000000   19.750000   output external delay
                                             19.750000   data required time
---------------------------------------------------------------------------------------------
                                             19.750000   data required time
                                             -3.166815   data arrival time
---------------------------------------------------------------------------------------------
                                             16.583185   slack (MET)


Startpoint: _72_ (rising edge-triggered flip-flop clocked by clk_i)
Endpoint: count_o[4] (output port clocked by clk_i)
Path Group: clk_i
Path Type: max

Fanout         Cap        Slew       Delay        Time   Description
---------------------------------------------------------------------------------------------
                                  0.000000    0.000000   clock clk_i (rise edge)
                                  0.000000    0.000000   clock source latency
     1    0.029750    0.154634    0.074311    0.074311 ^ clk_i (in)
                                                         clk_i (net)
                      0.154636    0.000000    0.074311 ^ clkbuf_0_clk_i/I (gf180mcu_fd_sc_mcu7t5v0__clkbuf_16)
     2    0.046180    0.111897    0.253167    0.327477 ^ clkbuf_0_clk_i/Z (gf180mcu_fd_sc_mcu7t5v0__clkbuf_16)
                                                         clknet_0_clk_i (net)
                      0.111897    0.000254    0.327731 ^ clkbuf_1_0__f_clk_i/I (gf180mcu_fd_sc_mcu7t5v0__clkbuf_16)
     5    0.025617    0.093565    0.230376    0.558107 ^ clkbuf_1_0__f_clk_i/Z (gf180mcu_fd_sc_mcu7t5v0__clkbuf_16)
                                                         clknet_1_0__leaf_clk_i (net)
                      0.093565    0.000134    0.558242 ^ _72_/CLK (gf180mcu_fd_sc_mcu7t5v0__dffq_1)
     5    0.028245    0.501994    0.944588    1.502829 ^ _72_/Q (gf180mcu_fd_sc_mcu7t5v0__dffq_1)
                                                         net7 (net)
                      0.501994    0.000190    1.503019 ^ output7/I (gf180mcu_fd_sc_mcu7t5v0__dlyb_1)
     1    0.073658    1.231130    1.547697    3.050717 ^ output7/Z (gf180mcu_fd_sc_mcu7t5v0__dlyb_1)
                                                         count_o[4] (net)
                      1.231130    0.000539    3.051256 ^ count_o[4] (out)
                                              3.051256   data arrival time

                                 25.000000   25.000000   clock clk_i (rise edge)
                                  0.000000   25.000000   clock network delay (propagated)
                                 -0.250000   24.750000   clock uncertainty
                                  0.000000   24.750000   clock reconvergence pessimism
                                 -5.000000   19.750000   output external delay
                                             19.750000   data required time
---------------------------------------------------------------------------------------------
                                             19.750000   data required time
                                             -3.051256   data arrival time
---------------------------------------------------------------------------------------------
                                             16.698744   slack (MET)


Startpoint: _69_ (rising edge-triggered flip-flop clocked by clk_i)
Endpoint: count_o[1] (output port clocked by clk_i)
Path Group: clk_i
Path Type: max

Fanout         Cap        Slew       Delay        Time   Description
---------------------------------------------------------------------------------------------
                                  0.000000    0.000000   clock clk_i (rise edge)
                                  0.000000    0.000000   clock source latency
     1    0.029750    0.154634    0.074311    0.074311 ^ clk_i (in)
                                                         clk_i (net)
                      0.154636    0.000000    0.074311 ^ clkbuf_0_clk_i/I (gf180mcu_fd_sc_mcu7t5v0__clkbuf_16)
     2    0.046180    0.111897    0.253167    0.327477 ^ clkbuf_0_clk_i/Z (gf180mcu_fd_sc_mcu7t5v0__clkbuf_16)
                                                         clknet_0_clk_i (net)
                      0.111897    0.000254    0.327731 ^ clkbuf_1_0__f_clk_i/I (gf180mcu_fd_sc_mcu7t5v0__clkbuf_16)
     5    0.025617    0.093565    0.230376    0.558107 ^ clkbuf_1_0__f_clk_i/Z (gf180mcu_fd_sc_mcu7t5v0__clkbuf_16)
                                                         clknet_1_0__leaf_clk_i (net)
                      0.093565    0.000173    0.558280 ^ _69_/CLK (gf180mcu_fd_sc_mcu7t5v0__dffq_1)
     5    0.025247    0.454676    0.917088    1.475368 ^ _69_/Q (gf180mcu_fd_sc_mcu7t5v0__dffq_1)
                                                         net4 (net)
                      0.454676    0.000482    1.475850 ^ output4/I (gf180mcu_fd_sc_mcu7t5v0__dlyb_1)
     1    0.074863    1.250417    1.556875    3.032725 ^ output4/Z (gf180mcu_fd_sc_mcu7t5v0__dlyb_1)
                                                         count_o[1] (net)
                      1.250417    0.001052    3.033777 ^ count_o[1] (out)
                                              3.033777   data arrival time

                                 25.000000   25.000000   clock clk_i (rise edge)
                                  0.000000   25.000000   clock network delay (propagated)
                                 -0.250000   24.750000   clock uncertainty
                                  0.000000   24.750000   clock reconvergence pessimism
                                 -5.000000   19.750000   output external delay
                                             19.750000   data required time
---------------------------------------------------------------------------------------------
                                             19.750000   data required time
                                             -3.033777   data arrival time
---------------------------------------------------------------------------------------------
                                             16.716221   slack (MET)


Startpoint: _70_ (rising edge-triggered flip-flop clocked by clk_i)
Endpoint: count_o[2] (output port clocked by clk_i)
Path Group: clk_i
Path Type: max

Fanout         Cap        Slew       Delay        Time   Description
---------------------------------------------------------------------------------------------
                                  0.000000    0.000000   clock clk_i (rise edge)
                                  0.000000    0.000000   clock source latency
     1    0.029750    0.154634    0.074311    0.074311 ^ clk_i (in)
                                                         clk_i (net)
                      0.154636    0.000000    0.074311 ^ clkbuf_0_clk_i/I (gf180mcu_fd_sc_mcu7t5v0__clkbuf_16)
     2    0.046180    0.111897    0.253167    0.327477 ^ clkbuf_0_clk_i/Z (gf180mcu_fd_sc_mcu7t5v0__clkbuf_16)
                                                         clknet_0_clk_i (net)
                      0.111897    0.000254    0.327731 ^ clkbuf_1_0__f_clk_i/I (gf180mcu_fd_sc_mcu7t5v0__clkbuf_16)
     5    0.025617    0.093565    0.230376    0.558107 ^ clkbuf_1_0__f_clk_i/Z (gf180mcu_fd_sc_mcu7t5v0__clkbuf_16)
                                                         clknet_1_0__leaf_clk_i (net)
                      0.093565    0.000038    0.558146 ^ _70_/CLK (gf180mcu_fd_sc_mcu7t5v0__dffq_1)
     4    0.022740    0.415238    0.894162    1.452308 ^ _70_/Q (gf180mcu_fd_sc_mcu7t5v0__dffq_1)
                                                         net5 (net)
                      0.415238    0.000199    1.452507 ^ output5/I (gf180mcu_fd_sc_mcu7t5v0__dlyb_1)
     1    0.073952    1.235976    1.547218    2.999725 ^ output5/Z (gf180mcu_fd_sc_mcu7t5v0__dlyb_1)
                                                         count_o[2] (net)
                      1.235976    0.000918    3.000643 ^ count_o[2] (out)
                                              3.000643   data arrival time

                                 25.000000   25.000000   clock clk_i (rise edge)
                                  0.000000   25.000000   clock network delay (propagated)
                                 -0.250000   24.750000   clock uncertainty
                                  0.000000   24.750000   clock reconvergence pessimism
                                 -5.000000   19.750000   output external delay
                                             19.750000   data required time
---------------------------------------------------------------------------------------------
                                             19.750000   data required time
                                             -3.000643   data arrival time
---------------------------------------------------------------------------------------------
                                             16.749355   slack (MET)


Startpoint: _71_ (rising edge-triggered flip-flop clocked by clk_i)
Endpoint: count_o[3] (output port clocked by clk_i)
Path Group: clk_i
Path Type: max

Fanout         Cap        Slew       Delay        Time   Description
---------------------------------------------------------------------------------------------
                                  0.000000    0.000000   clock clk_i (rise edge)
                                  0.000000    0.000000   clock source latency
     1    0.029750    0.154634    0.074311    0.074311 ^ clk_i (in)
                                                         clk_i (net)
                      0.154636    0.000000    0.074311 ^ clkbuf_0_clk_i/I (gf180mcu_fd_sc_mcu7t5v0__clkbuf_16)
     2    0.046180    0.111897    0.253167    0.327477 ^ clkbuf_0_clk_i/Z (gf180mcu_fd_sc_mcu7t5v0__clkbuf_16)
                                                         clknet_0_clk_i (net)
                      0.111897    0.000254    0.327731 ^ clkbuf_1_0__f_clk_i/I (gf180mcu_fd_sc_mcu7t5v0__clkbuf_16)
     5    0.025617    0.093565    0.230376    0.558107 ^ clkbuf_1_0__f_clk_i/Z (gf180mcu_fd_sc_mcu7t5v0__clkbuf_16)
                                                         clknet_1_0__leaf_clk_i (net)
                      0.093565    0.000168    0.558275 ^ _71_/CLK (gf180mcu_fd_sc_mcu7t5v0__dffq_1)
     4    0.022363    0.409312    0.890731    1.449006 ^ _71_/Q (gf180mcu_fd_sc_mcu7t5v0__dffq_1)
                                                         net6 (net)
                      0.409312    0.000344    1.449349 ^ output6/I (gf180mcu_fd_sc_mcu7t5v0__dlyb_1)
     1    0.073982    1.236583    1.547538    2.996888 ^ output6/Z (gf180mcu_fd_sc_mcu7t5v0__dlyb_1)
                                                         count_o[3] (net)
                      1.236583    0.000617    2.997504 ^ count_o[3] (out)
                                              2.997504   data arrival time

                                 25.000000   25.000000   clock clk_i (rise edge)
                                  0.000000   25.000000   clock network delay (propagated)
                                 -0.250000   24.750000   clock uncertainty
                                  0.000000   24.750000   clock reconvergence pessimism
                                 -5.000000   19.750000   output external delay
                                             19.750000   data required time
---------------------------------------------------------------------------------------------
                                             19.750000   data required time
                                             -2.997504   data arrival time
---------------------------------------------------------------------------------------------
                                             16.752495   slack (MET)


Startpoint: _73_ (rising edge-triggered flip-flop clocked by clk_i)
Endpoint: count_o[5] (output port clocked by clk_i)
Path Group: clk_i
Path Type: max

Fanout         Cap        Slew       Delay        Time   Description
---------------------------------------------------------------------------------------------
                                  0.000000    0.000000   clock clk_i (rise edge)
                                  0.000000    0.000000   clock source latency
     1    0.029750    0.154634    0.074311    0.074311 ^ clk_i (in)
                                                         clk_i (net)
                      0.154636    0.000000    0.074311 ^ clkbuf_0_clk_i/I (gf180mcu_fd_sc_mcu7t5v0__clkbuf_16)
     2    0.046180    0.111897    0.253167    0.327477 ^ clkbuf_0_clk_i/Z (gf180mcu_fd_sc_mcu7t5v0__clkbuf_16)
                                                         clknet_0_clk_i (net)
                      0.111897    0.000237    0.327714 ^ clkbuf_1_1__f_clk_i/I (gf180mcu_fd_sc_mcu7t5v0__clkbuf_16)
     5    0.023186    0.091353    0.228280    0.555994 ^ clkbuf_1_1__f_clk_i/Z (gf180mcu_fd_sc_mcu7t5v0__clkbuf_16)
                                                         clknet_1_1__leaf_clk_i (net)
                      0.091353    0.000407    0.556401 ^ _73_/CLK (gf180mcu_fd_sc_mcu7t5v0__dffq_1)
     4    0.019883    0.370288    0.867610    1.424011 ^ _73_/Q (gf180mcu_fd_sc_mcu7t5v0__dffq_1)
                                                         net8 (net)
                      0.370288    0.000227    1.424239 ^ output8/I (gf180mcu_fd_sc_mcu7t5v0__dlyb_1)
     1    0.073626    1.230927    1.542764    2.967003 ^ output8/Z (gf180mcu_fd_sc_mcu7t5v0__dlyb_1)
                                                         count_o[5] (net)
                      1.230927    0.000834    2.967837 ^ count_o[5] (out)
                                              2.967837   data arrival time

                                 25.000000   25.000000   clock clk_i (rise edge)
                                  0.000000   25.000000   clock network delay (propagated)
                                 -0.250000   24.750000   clock uncertainty
                                  0.000000   24.750000   clock reconvergence pessimism
                                 -5.000000   19.750000   output external delay
                                             19.750000   data required time
---------------------------------------------------------------------------------------------
                                             19.750000   data required time
                                             -2.967837   data arrival time
---------------------------------------------------------------------------------------------
                                             16.782164   slack (MET)


Startpoint: _74_ (rising edge-triggered flip-flop clocked by clk_i)
Endpoint: count_o[6] (output port clocked by clk_i)
Path Group: clk_i
Path Type: max

Fanout         Cap        Slew       Delay        Time   Description
---------------------------------------------------------------------------------------------
                                  0.000000    0.000000   clock clk_i (rise edge)
                                  0.000000    0.000000   clock source latency
     1    0.029750    0.154634    0.074311    0.074311 ^ clk_i (in)
                                                         clk_i (net)
                      0.154636    0.000000    0.074311 ^ clkbuf_0_clk_i/I (gf180mcu_fd_sc_mcu7t5v0__clkbuf_16)
     2    0.046180    0.111897    0.253167    0.327477 ^ clkbuf_0_clk_i/Z (gf180mcu_fd_sc_mcu7t5v0__clkbuf_16)
                                                         clknet_0_clk_i (net)
                      0.111897    0.000237    0.327714 ^ clkbuf_1_1__f_clk_i/I (gf180mcu_fd_sc_mcu7t5v0__clkbuf_16)
     5    0.023186    0.091353    0.228280    0.555994 ^ clkbuf_1_1__f_clk_i/Z (gf180mcu_fd_sc_mcu7t5v0__clkbuf_16)
                                                         clknet_1_1__leaf_clk_i (net)
                      0.091353    0.000418    0.556412 ^ _74_/CLK (gf180mcu_fd_sc_mcu7t5v0__dffq_1)
     3    0.015372    0.302140    0.826465    1.382877 ^ _74_/Q (gf180mcu_fd_sc_mcu7t5v0__dffq_1)
                                                         net9 (net)
                      0.302140    0.000229    1.383106 ^ output9/I (gf180mcu_fd_sc_mcu7t5v0__dlyb_1)
     1    0.073915    1.235483    1.541107    2.924213 ^ output9/Z (gf180mcu_fd_sc_mcu7t5v0__dlyb_1)
                                                         count_o[6] (net)
                      1.235483    0.000897    2.925110 ^ count_o[6] (out)
                                              2.925110   data arrival time

                                 25.000000   25.000000   clock clk_i (rise edge)
                                  0.000000   25.000000   clock network delay (propagated)
                                 -0.250000   24.750000   clock uncertainty
                                  0.000000   24.750000   clock reconvergence pessimism
                                 -5.000000   19.750000   output external delay
                                             19.750000   data required time
---------------------------------------------------------------------------------------------
                                             19.750000   data required time
                                             -2.925110   data arrival time
---------------------------------------------------------------------------------------------
                                             16.824888   slack (MET)


Startpoint: _76_ (rising edge-triggered flip-flop clocked by clk_i)
Endpoint: ovf_o (output port clocked by clk_i)
Path Group: clk_i
Path Type: max

Fanout         Cap        Slew       Delay        Time   Description
---------------------------------------------------------------------------------------------
                                  0.000000    0.000000   clock clk_i (rise edge)
                                  0.000000    0.000000   clock source latency
     1    0.029750    0.154634    0.074311    0.074311 ^ clk_i (in)
                                                         clk_i (net)
                      0.154636    0.000000    0.074311 ^ clkbuf_0_clk_i/I (gf180mcu_fd_sc_mcu7t5v0__clkbuf_16)
     2    0.046180    0.111897    0.253167    0.327477 ^ clkbuf_0_clk_i/Z (gf180mcu_fd_sc_mcu7t5v0__clkbuf_16)
                                                         clknet_0_clk_i (net)
                      0.111897    0.000237    0.327714 ^ clkbuf_1_1__f_clk_i/I (gf180mcu_fd_sc_mcu7t5v0__clkbuf_16)
     5    0.023186    0.091353    0.228280    0.555994 ^ clkbuf_1_1__f_clk_i/Z (gf180mcu_fd_sc_mcu7t5v0__clkbuf_16)
                                                         clknet_1_1__leaf_clk_i (net)
                      0.091353    0.000450    0.556444 ^ _76_/CLK (gf180mcu_fd_sc_mcu7t5v0__dffq_1)
     2    0.010729    0.232237    0.784124    1.340568 ^ _76_/Q (gf180mcu_fd_sc_mcu7t5v0__dffq_1)
                                                         net11 (net)
                      0.232237    0.000149    1.340717 ^ output11/I (gf180mcu_fd_sc_mcu7t5v0__dlyb_1)
     1    0.074021    1.236683    1.534319    2.875036 ^ output11/Z (gf180mcu_fd_sc_mcu7t5v0__dlyb_1)
                                                         ovf_o (net)
                      1.236683    0.000927    2.875963 ^ ovf_o (out)
                                              2.875963   data arrival time

                                 25.000000   25.000000   clock clk_i (rise edge)
                                  0.000000   25.000000   clock network delay (propagated)
                                 -0.250000   24.750000   clock uncertainty
                                  0.000000   24.750000   clock reconvergence pessimism
                                 -5.000000   19.750000   output external delay
                                             19.750000   data required time
---------------------------------------------------------------------------------------------
                                             19.750000   data required time
                                             -2.875963   data arrival time
---------------------------------------------------------------------------------------------
                                             16.874037   slack (MET)


Startpoint: _75_ (rising edge-triggered flip-flop clocked by clk_i)
Endpoint: count_o[7] (output port clocked by clk_i)
Path Group: clk_i
Path Type: max

Fanout         Cap        Slew       Delay        Time   Description
---------------------------------------------------------------------------------------------
                                  0.000000    0.000000   clock clk_i (rise edge)
                                  0.000000    0.000000   clock source latency
     1    0.029750    0.154634    0.074311    0.074311 ^ clk_i (in)
                                                         clk_i (net)
                      0.154636    0.000000    0.074311 ^ clkbuf_0_clk_i/I (gf180mcu_fd_sc_mcu7t5v0__clkbuf_16)
     2    0.046180    0.111897    0.253167    0.327477 ^ clkbuf_0_clk_i/Z (gf180mcu_fd_sc_mcu7t5v0__clkbuf_16)
                                                         clknet_0_clk_i (net)
                      0.111897    0.000237    0.327714 ^ clkbuf_1_1__f_clk_i/I (gf180mcu_fd_sc_mcu7t5v0__clkbuf_16)
     5    0.023186    0.091353    0.228280    0.555994 ^ clkbuf_1_1__f_clk_i/Z (gf180mcu_fd_sc_mcu7t5v0__clkbuf_16)
                                                         clknet_1_1__leaf_clk_i (net)
                      0.091353    0.000434    0.556428 ^ _75_/CLK (gf180mcu_fd_sc_mcu7t5v0__dffq_1)
     2    0.009394    0.212174    0.771950    1.328378 ^ _75_/Q (gf180mcu_fd_sc_mcu7t5v0__dffq_1)
                                                         net10 (net)
                      0.212174    0.000143    1.328521 ^ output10/I (gf180mcu_fd_sc_mcu7t5v0__dlyb_1)
     1    0.073927    1.235039    1.531243    2.859765 ^ output10/Z (gf180mcu_fd_sc_mcu7t5v0__dlyb_1)
                                                         count_o[7] (net)
                      1.235039    0.000896    2.860661 ^ count_o[7] (out)
                                              2.860661   data arrival time

                                 25.000000   25.000000   clock clk_i (rise edge)
                                  0.000000   25.000000   clock network delay (propagated)
                                 -0.250000   24.750000   clock uncertainty
                                  0.000000   24.750000   clock reconvergence pessimism
                                 -5.000000   19.750000   output external delay
                                             19.750000   data required time
---------------------------------------------------------------------------------------------
                                             19.750000   data required time
                                             -2.860661   data arrival time
---------------------------------------------------------------------------------------------
                                             16.889338   slack (MET)


Startpoint: en_i (input port clocked by clk_i)
Endpoint: _73_ (rising edge-triggered flip-flop clocked by clk_i)
Path Group: clk_i
Path Type: max

Fanout         Cap        Slew       Delay        Time   Description
---------------------------------------------------------------------------------------------
                                  0.000000    0.000000   clock clk_i (rise edge)
                                  0.000000    0.000000   clock network delay (propagated)
                                  5.000000    5.000000 ^ input external delay
     1    0.003537    0.106335    0.035345    5.035345 ^ en_i (in)
                                                         en_i (net)
                      0.106335    0.000000    5.035345 ^ input1/I (gf180mcu_fd_sc_mcu7t5v0__dlyb_1)
     6    0.040793    0.708545    1.211331    6.246676 ^ input1/Z (gf180mcu_fd_sc_mcu7t5v0__dlyb_1)
                                                         net1 (net)
                      0.708551    0.001199    6.247875 ^ _49_/A1 (gf180mcu_fd_sc_mcu7t5v0__nand4_1)
     8    0.048390    1.321762    0.878839    7.126714 v _49_/ZN (gf180mcu_fd_sc_mcu7t5v0__nand4_1)
                                                         _22_ (net)
                      1.321762    0.001282    7.127995 v _57_/A3 (gf180mcu_fd_sc_mcu7t5v0__oai31_1)
     1    0.003260    0.620156    0.588999    7.716994 ^ _57_/ZN (gf180mcu_fd_sc_mcu7t5v0__oai31_1)
                                                         _27_ (net)
                      0.620156    0.000032    7.717026 ^ _59_/A2 (gf180mcu_fd_sc_mcu7t5v0__and3_1)
     1    0.003914    0.172323    0.421402    8.138429 ^ _59_/Z (gf180mcu_fd_sc_mcu7t5v0__and3_1)
                                                         _05_ (net)
                      0.172323    0.000080    8.138509 ^ _73_/D (gf180mcu_fd_sc_mcu7t5v0__dffq_1)
                                              8.138509   data arrival time

                                 25.000000   25.000000   clock clk_i (rise edge)
                                  0.000000   25.000000   clock source latency
     1    0.029750    0.154634    0.074310   25.074310 ^ clk_i (in)
                                                         clk_i (net)
                      0.154636    0.000000   25.074310 ^ clkbuf_0_clk_i/I (gf180mcu_fd_sc_mcu7t5v0__clkbuf_16)
     2    0.046180    0.111897    0.253166   25.327477 ^ clkbuf_0_clk_i/Z (gf180mcu_fd_sc_mcu7t5v0__clkbuf_16)
                                                         clknet_0_clk_i (net)
                      0.111897    0.000238   25.327715 ^ clkbuf_1_1__f_clk_i/I (gf180mcu_fd_sc_mcu7t5v0__clkbuf_16)
     5    0.023186    0.091353    0.228280   25.555994 ^ clkbuf_1_1__f_clk_i/Z (gf180mcu_fd_sc_mcu7t5v0__clkbuf_16)
                                                         clknet_1_1__leaf_clk_i (net)
                      0.091353    0.000407   25.556400 ^ _73_/CLK (gf180mcu_fd_sc_mcu7t5v0__dffq_1)
                                 -0.250000   25.306400   clock uncertainty
                                  0.000000   25.306400   clock reconvergence pessimism
                                 -0.227447   25.078955   library setup time
                                             25.078955   data required time
---------------------------------------------------------------------------------------------
                                             25.078955   data required time
                                             -8.138509   data arrival time
---------------------------------------------------------------------------------------------
                                             16.940447   slack (MET)


Startpoint: en_i (input port clocked by clk_i)
Endpoint: _74_ (rising edge-triggered flip-flop clocked by clk_i)
Path Group: clk_i
Path Type: max

Fanout         Cap        Slew       Delay        Time   Description
---------------------------------------------------------------------------------------------
                                  0.000000    0.000000   clock clk_i (rise edge)
                                  0.000000    0.000000   clock network delay (propagated)
                                  5.000000    5.000000 ^ input external delay
     1    0.003537    0.106335    0.035345    5.035345 ^ en_i (in)
                                                         en_i (net)
                      0.106335    0.000000    5.035345 ^ input1/I (gf180mcu_fd_sc_mcu7t5v0__dlyb_1)
     6    0.040793    0.708545    1.211331    6.246676 ^ input1/Z (gf180mcu_fd_sc_mcu7t5v0__dlyb_1)
                                                         net1 (net)
                      0.708551    0.001199    6.247875 ^ _49_/A1 (gf180mcu_fd_sc_mcu7t5v0__nand4_1)
     8    0.048390    1.321762    0.878839    7.126714 v _49_/ZN (gf180mcu_fd_sc_mcu7t5v0__nand4_1)
                                                         _22_ (net)
                      1.321762    0.001286    7.127999 v _61_/A2 (gf180mcu_fd_sc_mcu7t5v0__nor3_1)
     1    0.006780    0.655979    0.590552    7.718551 ^ _61_/ZN (gf180mcu_fd_sc_mcu7t5v0__nor3_1)
                                                         _30_ (net)
                      0.655979    0.000094    7.718646 ^ _62_/B (gf180mcu_fd_sc_mcu7t5v0__aoi211_1)
     1    0.003146    0.347858    0.257431    7.976077 v _62_/ZN (gf180mcu_fd_sc_mcu7t5v0__aoi211_1)
                                                         _06_ (net)
                      0.347858    0.000058    7.976135 v _74_/D (gf180mcu_fd_sc_mcu7t5v0__dffq_1)
                                              7.976135   data arrival time

                                 25.000000   25.000000   clock clk_i (rise edge)
                                  0.000000   25.000000   clock source latency
     1    0.029750    0.154634    0.074310   25.074310 ^ clk_i (in)
                                                         clk_i (net)
                      0.154636    0.000000   25.074310 ^ clkbuf_0_clk_i/I (gf180mcu_fd_sc_mcu7t5v0__clkbuf_16)
     2    0.046180    0.111897    0.253166   25.327477 ^ clkbuf_0_clk_i/Z (gf180mcu_fd_sc_mcu7t5v0__clkbuf_16)
                                                         clknet_0_clk_i (net)
                      0.111897    0.000238   25.327715 ^ clkbuf_1_1__f_clk_i/I (gf180mcu_fd_sc_mcu7t5v0__clkbuf_16)
     5    0.023186    0.091353    0.228280   25.555994 ^ clkbuf_1_1__f_clk_i/Z (gf180mcu_fd_sc_mcu7t5v0__clkbuf_16)
                                                         clknet_1_1__leaf_clk_i (net)
                      0.091353    0.000417   25.556412 ^ _74_/CLK (gf180mcu_fd_sc_mcu7t5v0__dffq_1)
                                 -0.250000   25.306412   clock uncertainty
                                  0.000000   25.306412   clock reconvergence pessimism
                                 -0.305791   25.000622   library setup time
                                             25.000622   data required time
---------------------------------------------------------------------------------------------
                                             25.000622   data required time
                                             -7.976135   data arrival time
---------------------------------------------------------------------------------------------
                                             17.024487   slack (MET)


Startpoint: en_i (input port clocked by clk_i)
Endpoint: _72_ (rising edge-triggered flip-flop clocked by clk_i)
Path Group: clk_i
Path Type: max

Fanout         Cap        Slew       Delay        Time   Description
---------------------------------------------------------------------------------------------
                                  0.000000    0.000000   clock clk_i (rise edge)
                                  0.000000    0.000000   clock network delay (propagated)
                                  5.000000    5.000000 ^ input external delay
     1    0.003537    0.106335    0.035345    5.035345 ^ en_i (in)
                                                         en_i (net)
                      0.106335    0.000000    5.035345 ^ input1/I (gf180mcu_fd_sc_mcu7t5v0__dlyb_1)
     6    0.040793    0.708545    1.211331    6.246676 ^ input1/Z (gf180mcu_fd_sc_mcu7t5v0__dlyb_1)
                                                         net1 (net)
                      0.708551    0.001199    6.247875 ^ _49_/A1 (gf180mcu_fd_sc_mcu7t5v0__nand4_1)
     8    0.048390    1.321762    0.878839    7.126714 v _49_/ZN (gf180mcu_fd_sc_mcu7t5v0__nand4_1)
                                                         _22_ (net)
                      1.321762    0.001158    7.127872 v _55_/A3 (gf180mcu_fd_sc_mcu7t5v0__nor3_1)
     1    0.006599    0.660761    0.532589    7.660461 ^ _55_/ZN (gf180mcu_fd_sc_mcu7t5v0__nor3_1)
                                                         _26_ (net)
                      0.660761    0.000087    7.660548 ^ _56_/A3 (gf180mcu_fd_sc_mcu7t5v0__nor3_1)
     1    0.004847    0.337764    0.240028    7.900576 v _56_/ZN (gf180mcu_fd_sc_mcu7t5v0__nor3_1)
                                                         _04_ (net)
                      0.337764    0.000064    7.900640 v _72_/D (gf180mcu_fd_sc_mcu7t5v0__dffq_1)
                                              7.900640   data arrival time

                                 25.000000   25.000000   clock clk_i (rise edge)
                                  0.000000   25.000000   clock source latency
     1    0.029750    0.154634    0.074310   25.074310 ^ clk_i (in)
                                                         clk_i (net)
                      0.154636    0.000000   25.074310 ^ clkbuf_0_clk_i/I (gf180mcu_fd_sc_mcu7t5v0__clkbuf_16)
     2    0.046180    0.111897    0.253166   25.327477 ^ clkbuf_0_clk_i/Z (gf180mcu_fd_sc_mcu7t5v0__clkbuf_16)
                                                         clknet_0_clk_i (net)
                      0.111897    0.000254   25.327730 ^ clkbuf_1_0__f_clk_i/I (gf180mcu_fd_sc_mcu7t5v0__clkbuf_16)
     5    0.025617    0.093565    0.230377   25.558107 ^ clkbuf_1_0__f_clk_i/Z (gf180mcu_fd_sc_mcu7t5v0__clkbuf_16)
                                                         clknet_1_0__leaf_clk_i (net)
                      0.093565    0.000133   25.558241 ^ _72_/CLK (gf180mcu_fd_sc_mcu7t5v0__dffq_1)
                                 -0.250000   25.308241   clock uncertainty
                                  0.000000   25.308241   clock reconvergence pessimism
                                 -0.301576   25.006666   library setup time
                                             25.006666   data required time
---------------------------------------------------------------------------------------------
                                             25.006666   data required time
                                             -7.900640   data arrival time
---------------------------------------------------------------------------------------------
                                             17.106026   slack (MET)


Startpoint: en_i (input port clocked by clk_i)
Endpoint: _70_ (rising edge-triggered flip-flop clocked by clk_i)
Path Group: clk_i
Path Type: max

Fanout         Cap        Slew       Delay        Time   Description
---------------------------------------------------------------------------------------------
                                  0.000000    0.000000   clock clk_i (rise edge)
                                  0.000000    0.000000   clock network delay (propagated)
                                  5.000000    5.000000 ^ input external delay
     1    0.003537    0.106335    0.035345    5.035345 ^ en_i (in)
                                                         en_i (net)
                      0.106335    0.000000    5.035345 ^ input1/I (gf180mcu_fd_sc_mcu7t5v0__dlyb_1)
     6    0.040793    0.708545    1.211331    6.246676 ^ input1/Z (gf180mcu_fd_sc_mcu7t5v0__dlyb_1)
                                                         net1 (net)
                      0.708551    0.001199    6.247875 ^ _49_/A1 (gf180mcu_fd_sc_mcu7t5v0__nand4_1)
     8    0.048390    1.321762    0.878839    7.126714 v _49_/ZN (gf180mcu_fd_sc_mcu7t5v0__nand4_1)
                                                         _22_ (net)
                      1.321762    0.000570    7.127284 v _50_/A2 (gf180mcu_fd_sc_mcu7t5v0__nand2_1)
     1    0.004839    0.390713    0.430718    7.558002 ^ _50_/ZN (gf180mcu_fd_sc_mcu7t5v0__nand2_1)
                                                         _23_ (net)
                      0.390713    0.000092    7.558094 ^ _51_/B (gf180mcu_fd_sc_mcu7t5v0__aoi21_1)
     1    0.004184    0.268709    0.215604    7.773698 v _51_/ZN (gf180mcu_fd_sc_mcu7t5v0__aoi21_1)
                                                         _02_ (net)
                      0.268709    0.000083    7.773782 v _70_/D (gf180mcu_fd_sc_mcu7t5v0__dffq_1)
                                              7.773782   data arrival time

                                 25.000000   25.000000   clock clk_i (rise edge)
                                  0.000000   25.000000   clock source latency
     1    0.029750    0.154634    0.074310   25.074310 ^ clk_i (in)
                                                         clk_i (net)
                      0.154636    0.000000   25.074310 ^ clkbuf_0_clk_i/I (gf180mcu_fd_sc_mcu7t5v0__clkbuf_16)
     2    0.046180    0.111897    0.253166   25.327477 ^ clkbuf_0_clk_i/Z (gf180mcu_fd_sc_mcu7t5v0__clkbuf_16)
                                                         clknet_0_clk_i (net)
                      0.111897    0.000254   25.327730 ^ clkbuf_1_0__f_clk_i/I (gf180mcu_fd_sc_mcu7t5v0__clkbuf_16)
     5    0.025617    0.093565    0.230377   25.558107 ^ clkbuf_1_0__f_clk_i/Z (gf180mcu_fd_sc_mcu7t5v0__clkbuf_16)
                                                         clknet_1_0__leaf_clk_i (net)
                      0.093565    0.000037   25.558146 ^ _70_/CLK (gf180mcu_fd_sc_mcu7t5v0__dffq_1)
                                 -0.250000   25.308146   clock uncertainty
                                  0.000000   25.308146   clock reconvergence pessimism
                                 -0.279421   25.028725   library setup time
                                             25.028725   data required time
---------------------------------------------------------------------------------------------
                                             25.028725   data required time
                                             -7.773782   data arrival time
---------------------------------------------------------------------------------------------
                                             17.254942   slack (MET)


Startpoint: en_i (input port clocked by clk_i)
Endpoint: _71_ (rising edge-triggered flip-flop clocked by clk_i)
Path Group: clk_i
Path Type: max

Fanout         Cap        Slew       Delay        Time   Description
---------------------------------------------------------------------------------------------
                                  0.000000    0.000000   clock clk_i (rise edge)
                                  0.000000    0.000000   clock network delay (propagated)
                                  5.000000    5.000000 ^ input external delay
     1    0.003537    0.106335    0.035345    5.035345 ^ en_i (in)
                                                         en_i (net)
                      0.106335    0.000000    5.035345 ^ input1/I (gf180mcu_fd_sc_mcu7t5v0__dlyb_1)
     6    0.040793    0.708545    1.211331    6.246676 ^ input1/Z (gf180mcu_fd_sc_mcu7t5v0__dlyb_1)
                                                         net1 (net)
                      0.708551    0.001199    6.247875 ^ _49_/A1 (gf180mcu_fd_sc_mcu7t5v0__nand4_1)
     8    0.048390    1.321762    0.878839    7.126714 v _49_/ZN (gf180mcu_fd_sc_mcu7t5v0__nand4_1)
                                                         _22_ (net)
                      1.321762    0.000612    7.127325 v _52_/A2 (gf180mcu_fd_sc_mcu7t5v0__oai21_1)
     1    0.004229    0.464754    0.419073    7.546398 ^ _52_/ZN (gf180mcu_fd_sc_mcu7t5v0__oai21_1)
                                                         _24_ (net)
                      0.464754    0.000041    7.546439 ^ _53_/B (gf180mcu_fd_sc_mcu7t5v0__aoi21_1)
     1    0.002865    0.315436    0.209650    7.756089 v _53_/ZN (gf180mcu_fd_sc_mcu7t5v0__aoi21_1)
                                                         _03_ (net)
                      0.315436    0.000028    7.756118 v _71_/D (gf180mcu_fd_sc_mcu7t5v0__dffq_1)
                                              7.756118   data arrival time

                                 25.000000   25.000000   clock clk_i (rise edge)
                                  0.000000   25.000000   clock source latency
     1    0.029750    0.154634    0.074310   25.074310 ^ clk_i (in)
                                                         clk_i (net)
                      0.154636    0.000000   25.074310 ^ clkbuf_0_clk_i/I (gf180mcu_fd_sc_mcu7t5v0__clkbuf_16)
     2    0.046180    0.111897    0.253166   25.327477 ^ clkbuf_0_clk_i/Z (gf180mcu_fd_sc_mcu7t5v0__clkbuf_16)
                                                         clknet_0_clk_i (net)
                      0.111897    0.000254   25.327730 ^ clkbuf_1_0__f_clk_i/I (gf180mcu_fd_sc_mcu7t5v0__clkbuf_16)
     5    0.025617    0.093565    0.230377   25.558107 ^ clkbuf_1_0__f_clk_i/Z (gf180mcu_fd_sc_mcu7t5v0__clkbuf_16)
                                                         clknet_1_0__leaf_clk_i (net)
                      0.093565    0.000167   25.558275 ^ _71_/CLK (gf180mcu_fd_sc_mcu7t5v0__dffq_1)
                                 -0.250000   25.308275   clock uncertainty
                                  0.000000   25.308275   clock reconvergence pessimism
                                 -0.293998   25.014278   library setup time
                                             25.014278   data required time
---------------------------------------------------------------------------------------------
                                             25.014278   data required time
                                             -7.756118   data arrival time
---------------------------------------------------------------------------------------------
                                             17.258160   slack (MET)


Startpoint: rst_ni (input port clocked by clk_i)
Endpoint: _68_ (rising edge-triggered flip-flop clocked by clk_i)
Path Group: clk_i
Path Type: max

Fanout         Cap        Slew       Delay        Time   Description
---------------------------------------------------------------------------------------------
                                  0.000000    0.000000   clock clk_i (rise edge)
                                  0.000000    0.000000   clock network delay (propagated)
                                  5.000000    5.000000 v input external delay
     1    0.004383    0.069615    0.026842    5.026842 v rst_ni (in)
                                                         rst_ni (net)
                      0.069615    0.000000    5.026842 v input2/I (gf180mcu_fd_sc_mcu7t5v0__dlyb_1)
     8    0.052349    0.623972    1.330372    6.357214 v input2/Z (gf180mcu_fd_sc_mcu7t5v0__dlyb_1)
                                                         net2 (net)
                      0.624115    0.001757    6.358971 v _41_/A2 (gf180mcu_fd_sc_mcu7t5v0__nand2_1)
     2    0.012372    0.377784    0.372044    6.731015 ^ _41_/ZN (gf180mcu_fd_sc_mcu7t5v0__nand2_1)
                                                         _16_ (net)
                      0.377784    0.000101    6.731116 ^ _43_/B1 (gf180mcu_fd_sc_mcu7t5v0__aoi22_1)
     1    0.003686    0.290399    0.204484    6.935600 v _43_/ZN (gf180mcu_fd_sc_mcu7t5v0__aoi22_1)
                                                         _00_ (net)
                      0.290399    0.000040    6.935640 v _68_/D (gf180mcu_fd_sc_mcu7t5v0__dffq_1)
                                              6.935640   data arrival time

                                 25.000000   25.000000   clock clk_i (rise edge)
                                  0.000000   25.000000   clock source latency
     1    0.029750    0.154634    0.074310   25.074310 ^ clk_i (in)
                                                         clk_i (net)
                      0.154636    0.000000   25.074310 ^ clkbuf_0_clk_i/I (gf180mcu_fd_sc_mcu7t5v0__clkbuf_16)
     2    0.046180    0.111897    0.253166   25.327477 ^ clkbuf_0_clk_i/Z (gf180mcu_fd_sc_mcu7t5v0__clkbuf_16)
                                                         clknet_0_clk_i (net)
                      0.111897    0.000254   25.327730 ^ clkbuf_1_0__f_clk_i/I (gf180mcu_fd_sc_mcu7t5v0__clkbuf_16)
     5    0.025617    0.093565    0.230377   25.558107 ^ clkbuf_1_0__f_clk_i/Z (gf180mcu_fd_sc_mcu7t5v0__clkbuf_16)
                                                         clknet_1_0__leaf_clk_i (net)
                      0.093565    0.000185   25.558292 ^ _68_/CLK (gf180mcu_fd_sc_mcu7t5v0__dffq_1)
                                 -0.250000   25.308292   clock uncertainty
                                  0.000000   25.308292   clock reconvergence pessimism
                                 -0.286187   25.022106   library setup time
                                             25.022106   data required time
---------------------------------------------------------------------------------------------
                                             25.022106   data required time
                                             -6.935640   data arrival time
---------------------------------------------------------------------------------------------
                                             18.086466   slack (MET)


Startpoint: en_i (input port clocked by clk_i)
Endpoint: _69_ (rising edge-triggered flip-flop clocked by clk_i)
Path Group: clk_i
Path Type: max

Fanout         Cap        Slew       Delay        Time   Description
---------------------------------------------------------------------------------------------
                                  0.000000    0.000000   clock clk_i (rise edge)
                                  0.000000    0.000000   clock network delay (propagated)
                                  5.000000    5.000000 v input external delay
     1    0.003537    0.061622    0.021756    5.021756 v en_i (in)
                                                         en_i (net)
                      0.061622    0.000000    5.021756 v input1/I (gf180mcu_fd_sc_mcu7t5v0__dlyb_1)
     6    0.040793    0.525265    1.251403    6.273159 v input1/Z (gf180mcu_fd_sc_mcu7t5v0__dlyb_1)
                                                         net1 (net)
                      0.525272    0.001249    6.274408 v _45_/A1 (gf180mcu_fd_sc_mcu7t5v0__nand3_1)
     2    0.013253    0.447780    0.367685    6.642093 ^ _45_/ZN (gf180mcu_fd_sc_mcu7t5v0__nand3_1)
                                                         _19_ (net)
                      0.447780    0.000088    6.642182 ^ _46_/A2 (gf180mcu_fd_sc_mcu7t5v0__nand2_1)
     1    0.004879    0.281783    0.122873    6.765055 v _46_/ZN (gf180mcu_fd_sc_mcu7t5v0__nand2_1)
                                                         _20_ (net)
                      0.281783    0.000048    6.765103 v _47_/A2 (gf180mcu_fd_sc_mcu7t5v0__nor2_1)
     1    0.002986    0.227236    0.192237    6.957340 ^ _47_/ZN (gf180mcu_fd_sc_mcu7t5v0__nor2_1)
                                                         _01_ (net)
                      0.227236    0.000029    6.957369 ^ _69_/D (gf180mcu_fd_sc_mcu7t5v0__dffq_1)
                                              6.957369   data arrival time

                                 25.000000   25.000000   clock clk_i (rise edge)
                                  0.000000   25.000000   clock source latency
     1    0.029750    0.154634    0.074310   25.074310 ^ clk_i (in)
                                                         clk_i (net)
                      0.154636    0.000000   25.074310 ^ clkbuf_0_clk_i/I (gf180mcu_fd_sc_mcu7t5v0__clkbuf_16)
     2    0.046180    0.111897    0.253166   25.327477 ^ clkbuf_0_clk_i/Z (gf180mcu_fd_sc_mcu7t5v0__clkbuf_16)
                                                         clknet_0_clk_i (net)
                      0.111897    0.000254   25.327730 ^ clkbuf_1_0__f_clk_i/I (gf180mcu_fd_sc_mcu7t5v0__clkbuf_16)
     5    0.025617    0.093565    0.230377   25.558107 ^ clkbuf_1_0__f_clk_i/Z (gf180mcu_fd_sc_mcu7t5v0__clkbuf_16)
                                                         clknet_1_0__leaf_clk_i (net)
                      0.093565    0.000172   25.558279 ^ _69_/CLK (gf180mcu_fd_sc_mcu7t5v0__dffq_1)
                                 -0.250000   25.308281   clock uncertainty
                                  0.000000   25.308281   clock reconvergence pessimism
                                 -0.232779   25.075502   library setup time
                                             25.075502   data required time
---------------------------------------------------------------------------------------------
                                             25.075502   data required time
                                             -6.957369   data arrival time
---------------------------------------------------------------------------------------------
                                             18.118134   slack (MET)



