
===========================================================================
report_checks -unconstrained
===========================================================================
======================= nom_tt_025C_5v00 Corner ===================================

Startpoint: en_i (input port clocked by clk_i)
Endpoint: _75_ (rising edge-triggered flip-flop clocked by clk_i)
Path Group: clk_i
Path Type: max

Fanout         Cap        Slew       Delay        Time   Description
---------------------------------------------------------------------------------------------
                                  0.000000    0.000000   clock clk_i (rise edge)
                                  0.000000    0.000000   clock network delay (propagated)
                                  5.000000    5.000000 ^ input external delay
     1    0.003977    0.113350    0.039579    5.039579 ^ en_i (in)
                                                         en_i (net)
                      0.113350    0.000000    5.039579 ^ input1/I (gf180mcu_fd_sc_mcu7t5v0__dlyb_1)
     6    0.032690    0.581958    1.138175    6.177754 ^ input1/Z (gf180mcu_fd_sc_mcu7t5v0__dlyb_1)
                                                         net1 (net)
                      0.581958    0.000511    6.178265 ^ _49_/A1 (gf180mcu_fd_sc_mcu7t5v0__nand4_1)
     8    0.047576    1.297040    0.845973    7.024238 v _49_/ZN (gf180mcu_fd_sc_mcu7t5v0__nand4_1)
                                                         _22_ (net)
                      1.297040    0.000956    7.025194 v _64_/A3 (gf180mcu_fd_sc_mcu7t5v0__or4_1)
     2    0.009625    0.343234    1.134143    8.159336 v _64_/Z (gf180mcu_fd_sc_mcu7t5v0__or4_1)
                                                         _32_ (net)
                      0.343234    0.000120    8.159456 v _65_/A3 (gf180mcu_fd_sc_mcu7t5v0__and3_1)
     1    0.003055    0.128641    0.389023    8.548479 v _65_/Z (gf180mcu_fd_sc_mcu7t5v0__and3_1)
                                                         _07_ (net)
                      0.128641    0.000031    8.548511 v _75_/D (gf180mcu_fd_sc_mcu7t5v0__dffq_1)
                                              8.548511   data arrival time

                                 25.000000   25.000000   clock clk_i (rise edge)
                                  0.000000   25.000000   clock source latency
     1    0.027569    0.145744    0.068894   25.068893 ^ clk_i (in)
                                                         clk_i (net)
                      0.145745    0.000000   25.068893 ^ clkbuf_0_clk_i/I (gf180mcu_fd_sc_mcu7t5v0__clkbuf_16)
     2    0.047775    0.113163    0.252205   25.321098 ^ clkbuf_0_clk_i/Z (gf180mcu_fd_sc_mcu7t5v0__clkbuf_16)
                                                         clknet_0_clk_i (net)
                      0.113164    0.000494   25.321592 ^ clkbuf_1_1__f_clk_i/I (gf180mcu_fd_sc_mcu7t5v0__clkbuf_16)
     5    0.024061    0.092150    0.229290   25.550882 ^ clkbuf_1_1__f_clk_i/Z (gf180mcu_fd_sc_mcu7t5v0__clkbuf_16)
                                                         clknet_1_1__leaf_clk_i (net)
                      0.092150    0.000130   25.551012 ^ _75_/CLK (gf180mcu_fd_sc_mcu7t5v0__dffq_1)
                                 -0.250000   25.301014   clock uncertainty
                                  0.000000   25.301014   clock reconvergence pessimism
                                 -0.237777   25.063238   library setup time
                                             25.063238   data required time
---------------------------------------------------------------------------------------------
                                             25.063238   data required time
                                             -8.548511   data arrival time
---------------------------------------------------------------------------------------------
                                             16.514727   slack (MET)




===========================================================================
report_checks --slack_max -0.01
============================================================================
======================= nom_tt_025C_5v00 Corner ===================================

No paths found.


===========================================================================
 report_check_types -max_slew -max_cap -max_fanout -violators
============================================================================
======================= nom_tt_025C_5v00 Corner ===================================



===========================================================================
report_parasitic_annotation -report_unannotated
============================================================================
Found 1 unannotated drivers.
 clkload0/Z
Found 0 partially unannotated drivers.

===========================================================================
max slew violation count 0
max fanout violation count 0
max cap violation count 0
============================================================================

===========================================================================
check_setup -verbose -unconstrained_endpoints -multiple_clock -no_clock -no_input_delay -loops -generated_clocks
===========================================================================
