
===========================================================================
report_checks -path_delay max (Setup)
============================================================================
======================= nom_tt_025C_5v00 Corner ===================================

Startpoint: en_i (input port clocked by clk_i)
Endpoint: _75_ (rising edge-triggered flip-flop clocked by clk_i)
Path Group: clk_i
Path Type: max

Fanout         Cap        Slew       Delay        Time   Description
---------------------------------------------------------------------------------------------
                                  0.000000    0.000000   clock clk_i (rise edge)
                                  0.000000    0.000000   clock network delay (propagated)
                                  5.000000    5.000000 ^ input external delay
     1    0.003977    0.113350    0.039579    5.039579 ^ en_i (in)
                                                         en_i (net)
                      0.113350    0.000000    5.039579 ^ input1/I (gf180mcu_fd_sc_mcu7t5v0__dlyb_1)
     6    0.032690    0.581958    1.138175    6.177754 ^ input1/Z (gf180mcu_fd_sc_mcu7t5v0__dlyb_1)
                                                         net1 (net)
                      0.581958    0.000511    6.178265 ^ _49_/A1 (gf180mcu_fd_sc_mcu7t5v0__nand4_1)
     8    0.047576    1.297040    0.845973    7.024238 v _49_/ZN (gf180mcu_fd_sc_mcu7t5v0__nand4_1)
                                                         _22_ (net)
                      1.297040    0.000956    7.025194 v _64_/A3 (gf180mcu_fd_sc_mcu7t5v0__or4_1)
     2    0.009625    0.343234    1.134143    8.159336 v _64_/Z (gf180mcu_fd_sc_mcu7t5v0__or4_1)
                                                         _32_ (net)
                      0.343234    0.000120    8.159456 v _65_/A3 (gf180mcu_fd_sc_mcu7t5v0__and3_1)
     1    0.003055    0.128641    0.389023    8.548479 v _65_/Z (gf180mcu_fd_sc_mcu7t5v0__and3_1)
                                                         _07_ (net)
                      0.128641    0.000031    8.548511 v _75_/D (gf180mcu_fd_sc_mcu7t5v0__dffq_1)
                                              8.548511   data arrival time

                                 25.000000   25.000000   clock clk_i (rise edge)
                                  0.000000   25.000000   clock source latency
     1    0.027569    0.145744    0.068894   25.068893 ^ clk_i (in)
                                                         clk_i (net)
                      0.145745    0.000000   25.068893 ^ clkbuf_0_clk_i/I (gf180mcu_fd_sc_mcu7t5v0__clkbuf_16)
     2    0.047775    0.113163    0.252205   25.321098 ^ clkbuf_0_clk_i/Z (gf180mcu_fd_sc_mcu7t5v0__clkbuf_16)
                                                         clknet_0_clk_i (net)
                      0.113164    0.000494   25.321592 ^ clkbuf_1_1__f_clk_i/I (gf180mcu_fd_sc_mcu7t5v0__clkbuf_16)
     5    0.024061    0.092150    0.229290   25.550882 ^ clkbuf_1_1__f_clk_i/Z (gf180mcu_fd_sc_mcu7t5v0__clkbuf_16)
                                                         clknet_1_1__leaf_clk_i (net)
                      0.092150    0.000130   25.551012 ^ _75_/CLK (gf180mcu_fd_sc_mcu7t5v0__dffq_1)
                                 -0.250000   25.301014   clock uncertainty
                                  0.000000   25.301014   clock reconvergence pessimism
                                 -0.237777   25.063238   library setup time
                                             25.063238   data required time
---------------------------------------------------------------------------------------------
                                             25.063238   data required time
                                             -8.548511   data arrival time
---------------------------------------------------------------------------------------------
                                             16.514727   slack (MET)


Startpoint: _68_ (rising edge-triggered flip-flop clocked by clk_i)
Endpoint: count_o[0] (output port clocked by clk_i)
Path Group: clk_i
Path Type: max

Fanout         Cap        Slew       Delay        Time   Description
---------------------------------------------------------------------------------------------
                                  0.000000    0.000000   clock clk_i (rise edge)
                                  0.000000    0.000000   clock source latency
     1    0.027569    0.145744    0.068894    0.068894 ^ clk_i (in)
                                                         clk_i (net)
                      0.145745    0.000000    0.068894 ^ clkbuf_0_clk_i/I (gf180mcu_fd_sc_mcu7t5v0__clkbuf_16)
     2    0.047775    0.113163    0.252206    0.321100 ^ clkbuf_0_clk_i/Z (gf180mcu_fd_sc_mcu7t5v0__clkbuf_16)
                                                         clknet_0_clk_i (net)
                      0.113164    0.000494    0.321593 ^ clkbuf_1_1__f_clk_i/I (gf180mcu_fd_sc_mcu7t5v0__clkbuf_16)
     5    0.024061    0.092150    0.229291    0.550884 ^ clkbuf_1_1__f_clk_i/Z (gf180mcu_fd_sc_mcu7t5v0__clkbuf_16)
                                                         clknet_1_1__leaf_clk_i (net)
                      0.092150    0.000324    0.551208 ^ _68_/CLK (gf180mcu_fd_sc_mcu7t5v0__dffq_1)
     7    0.035434    0.615254    1.009956    1.561164 ^ _68_/Q (gf180mcu_fd_sc_mcu7t5v0__dffq_1)
                                                         net3 (net)
                      0.615254    0.000470    1.561634 ^ output3/I (gf180mcu_fd_sc_mcu7t5v0__dlyb_1)
     1    0.074613    1.245864    1.559866    3.121500 ^ output3/Z (gf180mcu_fd_sc_mcu7t5v0__dlyb_1)
                                                         count_o[0] (net)
                      1.245864    0.001093    3.122593 ^ count_o[0] (out)
                                              3.122593   data arrival time

                                 25.000000   25.000000   clock clk_i (rise edge)
                                  0.000000   25.000000   clock network delay (propagated)
                                 -0.250000   24.750000   clock uncertainty
                                  0.000000   24.750000   clock reconvergence pessimism
                                 -5.000000   19.750000   output external delay
                                             19.750000   data required time
---------------------------------------------------------------------------------------------
                                             19.750000   data required time
                                             -3.122593   data arrival time
---------------------------------------------------------------------------------------------
                                             16.627407   slack (MET)


Startpoint: en_i (input port clocked by clk_i)
Endpoint: _76_ (rising edge-triggered flip-flop clocked by clk_i)
Path Group: clk_i
Path Type: max

Fanout         Cap        Slew       Delay        Time   Description
---------------------------------------------------------------------------------------------
                                  0.000000    0.000000   clock clk_i (rise edge)
                                  0.000000    0.000000   clock network delay (propagated)
                                  5.000000    5.000000 ^ input external delay
     1    0.003977    0.113350    0.039579    5.039579 ^ en_i (in)
                                                         en_i (net)
                      0.113350    0.000000    5.039579 ^ input1/I (gf180mcu_fd_sc_mcu7t5v0__dlyb_1)
     6    0.032690    0.581958    1.138175    6.177754 ^ input1/Z (gf180mcu_fd_sc_mcu7t5v0__dlyb_1)
                                                         net1 (net)
                      0.581958    0.000511    6.178265 ^ _49_/A1 (gf180mcu_fd_sc_mcu7t5v0__nand4_1)
     8    0.047576    1.297040    0.845973    7.024238 v _49_/ZN (gf180mcu_fd_sc_mcu7t5v0__nand4_1)
                                                         _22_ (net)
                      1.297040    0.000956    7.025194 v _64_/A3 (gf180mcu_fd_sc_mcu7t5v0__or4_1)
     2    0.009625    0.343234    1.134143    8.159336 v _64_/Z (gf180mcu_fd_sc_mcu7t5v0__or4_1)
                                                         _32_ (net)
                      0.343234    0.000086    8.159423 v _67_/A2 (gf180mcu_fd_sc_mcu7t5v0__oai21_1)
     1    0.002746    0.266935    0.218291    8.377714 ^ _67_/ZN (gf180mcu_fd_sc_mcu7t5v0__oai21_1)
                                                         _08_ (net)
                      0.266935    0.000026    8.377740 ^ _76_/D (gf180mcu_fd_sc_mcu7t5v0__dffq_1)
                                              8.377740   data arrival time

                                 25.000000   25.000000   clock clk_i (rise edge)
                                  0.000000   25.000000   clock source latency
     1    0.027569    0.145744    0.068894   25.068893 ^ clk_i (in)
                                                         clk_i (net)
                      0.145745    0.000000   25.068893 ^ clkbuf_0_clk_i/I (gf180mcu_fd_sc_mcu7t5v0__clkbuf_16)
     2    0.047775    0.113163    0.252205   25.321098 ^ clkbuf_0_clk_i/Z (gf180mcu_fd_sc_mcu7t5v0__clkbuf_16)
                                                         clknet_0_clk_i (net)
                      0.113164    0.000494   25.321592 ^ clkbuf_1_1__f_clk_i/I (gf180mcu_fd_sc_mcu7t5v0__clkbuf_16)
     5    0.024061    0.092150    0.229290   25.550882 ^ clkbuf_1_1__f_clk_i/Z (gf180mcu_fd_sc_mcu7t5v0__clkbuf_16)
                                                         clknet_1_1__leaf_clk_i (net)
                      0.092150    0.000330   25.551214 ^ _76_/CLK (gf180mcu_fd_sc_mcu7t5v0__dffq_1)
                                 -0.250000   25.301214   clock uncertainty
                                  0.000000   25.301214   clock reconvergence pessimism
                                 -0.237277   25.063938   library setup time
                                             25.063938   data required time
---------------------------------------------------------------------------------------------
                                             25.063938   data required time
                                             -8.377740   data arrival time
---------------------------------------------------------------------------------------------
                                             16.686197   slack (MET)


Startpoint: _72_ (rising edge-triggered flip-flop clocked by clk_i)
Endpoint: count_o[4] (output port clocked by clk_i)
Path Group: clk_i
Path Type: max

Fanout         Cap        Slew       Delay        Time   Description
---------------------------------------------------------------------------------------------
                                  0.000000    0.000000   clock clk_i (rise edge)
                                  0.000000    0.000000   clock source latency
     1    0.027569    0.145744    0.068894    0.068894 ^ clk_i (in)
                                                         clk_i (net)
                      0.145745    0.000000    0.068894 ^ clkbuf_0_clk_i/I (gf180mcu_fd_sc_mcu7t5v0__clkbuf_16)
     2    0.047775    0.113163    0.252206    0.321100 ^ clkbuf_0_clk_i/Z (gf180mcu_fd_sc_mcu7t5v0__clkbuf_16)
                                                         clknet_0_clk_i (net)
                      0.113163    0.000329    0.321429 ^ clkbuf_1_0__f_clk_i/I (gf180mcu_fd_sc_mcu7t5v0__clkbuf_16)
     5    0.023188    0.091355    0.228579    0.550007 ^ clkbuf_1_0__f_clk_i/Z (gf180mcu_fd_sc_mcu7t5v0__clkbuf_16)
                                                         clknet_1_0__leaf_clk_i (net)
                      0.091355    0.000233    0.550240 ^ _72_/CLK (gf180mcu_fd_sc_mcu7t5v0__dffq_1)
     5    0.027415    0.488868    0.936496    1.486736 ^ _72_/Q (gf180mcu_fd_sc_mcu7t5v0__dffq_1)
                                                         net7 (net)
                      0.488868    0.000148    1.486885 ^ output7/I (gf180mcu_fd_sc_mcu7t5v0__dlyb_1)
     1    0.073903    1.235080    1.549496    3.036380 ^ output7/Z (gf180mcu_fd_sc_mcu7t5v0__dlyb_1)
                                                         count_o[4] (net)
                      1.235080    0.000578    3.036958 ^ count_o[4] (out)
                                              3.036958   data arrival time

                                 25.000000   25.000000   clock clk_i (rise edge)
                                  0.000000   25.000000   clock network delay (propagated)
                                 -0.250000   24.750000   clock uncertainty
                                  0.000000   24.750000   clock reconvergence pessimism
                                 -5.000000   19.750000   output external delay
                                             19.750000   data required time
---------------------------------------------------------------------------------------------
                                             19.750000   data required time
                                             -3.036958   data arrival time
---------------------------------------------------------------------------------------------
                                             16.713041   slack (MET)


Startpoint: _69_ (rising edge-triggered flip-flop clocked by clk_i)
Endpoint: count_o[1] (output port clocked by clk_i)
Path Group: clk_i
Path Type: max

Fanout         Cap        Slew       Delay        Time   Description
---------------------------------------------------------------------------------------------
                                  0.000000    0.000000   clock clk_i (rise edge)
                                  0.000000    0.000000   clock source latency
     1    0.027569    0.145744    0.068894    0.068894 ^ clk_i (in)
                                                         clk_i (net)
                      0.145745    0.000000    0.068894 ^ clkbuf_0_clk_i/I (gf180mcu_fd_sc_mcu7t5v0__clkbuf_16)
     2    0.047775    0.113163    0.252206    0.321100 ^ clkbuf_0_clk_i/Z (gf180mcu_fd_sc_mcu7t5v0__clkbuf_16)
                                                         clknet_0_clk_i (net)
                      0.113164    0.000494    0.321593 ^ clkbuf_1_1__f_clk_i/I (gf180mcu_fd_sc_mcu7t5v0__clkbuf_16)
     5    0.024061    0.092150    0.229291    0.550884 ^ clkbuf_1_1__f_clk_i/Z (gf180mcu_fd_sc_mcu7t5v0__clkbuf_16)
                                                         clknet_1_1__leaf_clk_i (net)
                      0.092150    0.000379    0.551264 ^ _69_/CLK (gf180mcu_fd_sc_mcu7t5v0__dffq_1)
     5    0.022423    0.410214    0.890944    1.442207 ^ _69_/Q (gf180mcu_fd_sc_mcu7t5v0__dffq_1)
                                                         net4 (net)
                      0.410214    0.000265    1.442473 ^ output4/I (gf180mcu_fd_sc_mcu7t5v0__dlyb_1)
     1    0.074168    1.239442    1.549023    2.991496 ^ output4/Z (gf180mcu_fd_sc_mcu7t5v0__dlyb_1)
                                                         count_o[1] (net)
                      1.239442    0.000953    2.992449 ^ count_o[1] (out)
                                              2.992449   data arrival time

                                 25.000000   25.000000   clock clk_i (rise edge)
                                  0.000000   25.000000   clock network delay (propagated)
                                 -0.250000   24.750000   clock uncertainty
                                  0.000000   24.750000   clock reconvergence pessimism
                                 -5.000000   19.750000   output external delay
                                             19.750000   data required time
---------------------------------------------------------------------------------------------
                                             19.750000   data required time
                                             -2.992449   data arrival time
---------------------------------------------------------------------------------------------
                                             16.757551   slack (MET)


Startpoint: _73_ (rising edge-triggered flip-flop clocked by clk_i)
Endpoint: count_o[5] (output port clocked by clk_i)
Path Group: clk_i
Path Type: max

Fanout         Cap        Slew       Delay        Time   Description
---------------------------------------------------------------------------------------------
                                  0.000000    0.000000   clock clk_i (rise edge)
                                  0.000000    0.000000   clock source latency
     1    0.027569    0.145744    0.068894    0.068894 ^ clk_i (in)
                                                         clk_i (net)
                      0.145745    0.000000    0.068894 ^ clkbuf_0_clk_i/I (gf180mcu_fd_sc_mcu7t5v0__clkbuf_16)
     2    0.047775    0.113163    0.252206    0.321100 ^ clkbuf_0_clk_i/Z (gf180mcu_fd_sc_mcu7t5v0__clkbuf_16)
                                                         clknet_0_clk_i (net)
                      0.113163    0.000329    0.321429 ^ clkbuf_1_0__f_clk_i/I (gf180mcu_fd_sc_mcu7t5v0__clkbuf_16)
     5    0.023188    0.091355    0.228579    0.550007 ^ clkbuf_1_0__f_clk_i/Z (gf180mcu_fd_sc_mcu7t5v0__clkbuf_16)
                                                         clknet_1_0__leaf_clk_i (net)
                      0.091355    0.000042    0.550050 ^ _73_/CLK (gf180mcu_fd_sc_mcu7t5v0__dffq_1)
     4    0.022646    0.413767    0.892899    1.442948 ^ _73_/Q (gf180mcu_fd_sc_mcu7t5v0__dffq_1)
                                                         net8 (net)
                      0.413767    0.000173    1.443121 ^ output8/I (gf180mcu_fd_sc_mcu7t5v0__dlyb_1)
     1    0.073564    1.229905    1.543905    2.987026 ^ output8/Z (gf180mcu_fd_sc_mcu7t5v0__dlyb_1)
                                                         count_o[5] (net)
                      1.229905    0.000498    2.987524 ^ count_o[5] (out)
                                              2.987524   data arrival time

                                 25.000000   25.000000   clock clk_i (rise edge)
                                  0.000000   25.000000   clock network delay (propagated)
                                 -0.250000   24.750000   clock uncertainty
                                  0.000000   24.750000   clock reconvergence pessimism
                                 -5.000000   19.750000   output external delay
                                             19.750000   data required time
---------------------------------------------------------------------------------------------
                                             19.750000   data required time
                                             -2.987524   data arrival time
---------------------------------------------------------------------------------------------
                                             16.762474   slack (MET)


Startpoint: _71_ (rising edge-triggered flip-flop clocked by clk_i)
Endpoint: count_o[3] (output port clocked by clk_i)
Path Group: clk_i
Path Type: max

Fanout         Cap        Slew       Delay        Time   Description
---------------------------------------------------------------------------------------------
                                  0.000000    0.000000   clock clk_i (rise edge)
                                  0.000000    0.000000   clock source latency
     1    0.027569    0.145744    0.068894    0.068894 ^ clk_i (in)
                                                         clk_i (net)
                      0.145745    0.000000    0.068894 ^ clkbuf_0_clk_i/I (gf180mcu_fd_sc_mcu7t5v0__clkbuf_16)
     2    0.047775    0.113163    0.252206    0.321100 ^ clkbuf_0_clk_i/Z (gf180mcu_fd_sc_mcu7t5v0__clkbuf_16)
                                                         clknet_0_clk_i (net)
                      0.113163    0.000329    0.321429 ^ clkbuf_1_0__f_clk_i/I (gf180mcu_fd_sc_mcu7t5v0__clkbuf_16)
     5    0.023188    0.091355    0.228579    0.550007 ^ clkbuf_1_0__f_clk_i/Z (gf180mcu_fd_sc_mcu7t5v0__clkbuf_16)
                                                         clknet_1_0__leaf_clk_i (net)
                      0.091355    0.000366    0.550373 ^ _71_/CLK (gf180mcu_fd_sc_mcu7t5v0__dffq_1)
     4    0.021193    0.390906    0.879605    1.429978 ^ _71_/Q (gf180mcu_fd_sc_mcu7t5v0__dffq_1)
                                                         net6 (net)
                      0.390906    0.000285    1.430264 ^ output6/I (gf180mcu_fd_sc_mcu7t5v0__dlyb_1)
     1    0.073797    1.233604    1.545033    2.975296 ^ output6/Z (gf180mcu_fd_sc_mcu7t5v0__dlyb_1)
                                                         count_o[3] (net)
                      1.233604    0.000843    2.976139 ^ count_o[3] (out)
                                              2.976139   data arrival time

                                 25.000000   25.000000   clock clk_i (rise edge)
                                  0.000000   25.000000   clock network delay (propagated)
                                 -0.250000   24.750000   clock uncertainty
                                  0.000000   24.750000   clock reconvergence pessimism
                                 -5.000000   19.750000   output external delay
                                             19.750000   data required time
---------------------------------------------------------------------------------------------
                                             19.750000   data required time
                                             -2.976139   data arrival time
---------------------------------------------------------------------------------------------
                                             16.773861   slack (MET)


Startpoint: _70_ (rising edge-triggered flip-flop clocked by clk_i)
Endpoint: count_o[2] (output port clocked by clk_i)
Path Group: clk_i
Path Type: max

Fanout         Cap        Slew       Delay        Time   Description
---------------------------------------------------------------------------------------------
                                  0.000000    0.000000   clock clk_i (rise edge)
                                  0.000000    0.000000   clock source latency
     1    0.027569    0.145744    0.068894    0.068894 ^ clk_i (in)
                                                         clk_i (net)
                      0.145745    0.000000    0.068894 ^ clkbuf_0_clk_i/I (gf180mcu_fd_sc_mcu7t5v0__clkbuf_16)
     2    0.047775    0.113163    0.252206    0.321100 ^ clkbuf_0_clk_i/Z (gf180mcu_fd_sc_mcu7t5v0__clkbuf_16)
                                                         clknet_0_clk_i (net)
                      0.113163    0.000329    0.321429 ^ clkbuf_1_0__f_clk_i/I (gf180mcu_fd_sc_mcu7t5v0__clkbuf_16)
     5    0.023188    0.091355    0.228579    0.550007 ^ clkbuf_1_0__f_clk_i/Z (gf180mcu_fd_sc_mcu7t5v0__clkbuf_16)
                                                         clknet_1_0__leaf_clk_i (net)
                      0.091355    0.000386    0.550394 ^ _70_/CLK (gf180mcu_fd_sc_mcu7t5v0__dffq_1)
     4    0.015914    0.310332    0.831469    1.381863 ^ _70_/Q (gf180mcu_fd_sc_mcu7t5v0__dffq_1)
                                                         net5 (net)
                      0.310332    0.000174    1.382037 ^ output5/I (gf180mcu_fd_sc_mcu7t5v0__dlyb_1)
     1    0.073531    1.229409    1.538521    2.920558 ^ output5/Z (gf180mcu_fd_sc_mcu7t5v0__dlyb_1)
                                                         count_o[2] (net)
                      1.229409    0.000814    2.921372 ^ count_o[2] (out)
                                              2.921372   data arrival time

                                 25.000000   25.000000   clock clk_i (rise edge)
                                  0.000000   25.000000   clock network delay (propagated)
                                 -0.250000   24.750000   clock uncertainty
                                  0.000000   24.750000   clock reconvergence pessimism
                                 -5.000000   19.750000   output external delay
                                             19.750000   data required time
---------------------------------------------------------------------------------------------
                                             19.750000   data required time
                                             -2.921372   data arrival time
---------------------------------------------------------------------------------------------
                                             16.828629   slack (MET)


Startpoint: _74_ (rising edge-triggered flip-flop clocked by clk_i)
Endpoint: count_o[6] (output port clocked by clk_i)
Path Group: clk_i
Path Type: max

Fanout         Cap        Slew       Delay        Time   Description
---------------------------------------------------------------------------------------------
                                  0.000000    0.000000   clock clk_i (rise edge)
                                  0.000000    0.000000   clock source latency
     1    0.027569    0.145744    0.068894    0.068894 ^ clk_i (in)
                                                         clk_i (net)
                      0.145745    0.000000    0.068894 ^ clkbuf_0_clk_i/I (gf180mcu_fd_sc_mcu7t5v0__clkbuf_16)
     2    0.047775    0.113163    0.252206    0.321100 ^ clkbuf_0_clk_i/Z (gf180mcu_fd_sc_mcu7t5v0__clkbuf_16)
                                                         clknet_0_clk_i (net)
                      0.113163    0.000329    0.321429 ^ clkbuf_1_0__f_clk_i/I (gf180mcu_fd_sc_mcu7t5v0__clkbuf_16)
     5    0.023188    0.091355    0.228579    0.550007 ^ clkbuf_1_0__f_clk_i/Z (gf180mcu_fd_sc_mcu7t5v0__clkbuf_16)
                                                         clknet_1_0__leaf_clk_i (net)
                      0.091355    0.000095    0.550102 ^ _74_/CLK (gf180mcu_fd_sc_mcu7t5v0__dffq_1)
     3    0.013737    0.277489    0.811587    1.361689 ^ _74_/Q (gf180mcu_fd_sc_mcu7t5v0__dffq_1)
                                                         net9 (net)
                      0.277489    0.000111    1.361800 ^ output9/I (gf180mcu_fd_sc_mcu7t5v0__dlyb_1)
     1    0.073574    1.229881    1.535277    2.897077 ^ output9/Z (gf180mcu_fd_sc_mcu7t5v0__dlyb_1)
                                                         count_o[6] (net)
                      1.229881    0.000827    2.897904 ^ count_o[6] (out)
                                              2.897904   data arrival time

                                 25.000000   25.000000   clock clk_i (rise edge)
                                  0.000000   25.000000   clock network delay (propagated)
                                 -0.250000   24.750000   clock uncertainty
                                  0.000000   24.750000   clock reconvergence pessimism
                                 -5.000000   19.750000   output external delay
                                             19.750000   data required time
---------------------------------------------------------------------------------------------
                                             19.750000   data required time
                                             -2.897904   data arrival time
---------------------------------------------------------------------------------------------
                                             16.852095   slack (MET)


Startpoint: _76_ (rising edge-triggered flip-flop clocked by clk_i)
Endpoint: ovf_o (output port clocked by clk_i)
Path Group: clk_i
Path Type: max

Fanout         Cap        Slew       Delay        Time   Description
---------------------------------------------------------------------------------------------
                                  0.000000    0.000000   clock clk_i (rise edge)
                                  0.000000    0.000000   clock source latency
     1    0.027569    0.145744    0.068894    0.068894 ^ clk_i (in)
                                                         clk_i (net)
                      0.145745    0.000000    0.068894 ^ clkbuf_0_clk_i/I (gf180mcu_fd_sc_mcu7t5v0__clkbuf_16)
     2    0.047775    0.113163    0.252206    0.321100 ^ clkbuf_0_clk_i/Z (gf180mcu_fd_sc_mcu7t5v0__clkbuf_16)
                                                         clknet_0_clk_i (net)
                      0.113164    0.000494    0.321593 ^ clkbuf_1_1__f_clk_i/I (gf180mcu_fd_sc_mcu7t5v0__clkbuf_16)
     5    0.024061    0.092150    0.229291    0.550884 ^ clkbuf_1_1__f_clk_i/Z (gf180mcu_fd_sc_mcu7t5v0__clkbuf_16)
                                                         clknet_1_1__leaf_clk_i (net)
                      0.092150    0.000330    0.551214 ^ _76_/CLK (gf180mcu_fd_sc_mcu7t5v0__dffq_1)
     2    0.009541    0.214403    0.773482    1.324696 ^ _76_/Q (gf180mcu_fd_sc_mcu7t5v0__dffq_1)
                                                         net11 (net)
                      0.214403    0.000075    1.324771 ^ output11/I (gf180mcu_fd_sc_mcu7t5v0__dlyb_1)
     1    0.073560    1.229325    1.528410    2.853181 ^ output11/Z (gf180mcu_fd_sc_mcu7t5v0__dlyb_1)
                                                         ovf_o (net)
                      1.229325    0.000498    2.853679 ^ ovf_o (out)
                                              2.853679   data arrival time

                                 25.000000   25.000000   clock clk_i (rise edge)
                                  0.000000   25.000000   clock network delay (propagated)
                                 -0.250000   24.750000   clock uncertainty
                                  0.000000   24.750000   clock reconvergence pessimism
                                 -5.000000   19.750000   output external delay
                                             19.750000   data required time
---------------------------------------------------------------------------------------------
                                             19.750000   data required time
                                             -2.853679   data arrival time
---------------------------------------------------------------------------------------------
                                             16.896320   slack (MET)


Startpoint: _75_ (rising edge-triggered flip-flop clocked by clk_i)
Endpoint: count_o[7] (output port clocked by clk_i)
Path Group: clk_i
Path Type: max

Fanout         Cap        Slew       Delay        Time   Description
---------------------------------------------------------------------------------------------
                                  0.000000    0.000000   clock clk_i (rise edge)
                                  0.000000    0.000000   clock source latency
     1    0.027569    0.145744    0.068894    0.068894 ^ clk_i (in)
                                                         clk_i (net)
                      0.145745    0.000000    0.068894 ^ clkbuf_0_clk_i/I (gf180mcu_fd_sc_mcu7t5v0__clkbuf_16)
     2    0.047775    0.113163    0.252206    0.321100 ^ clkbuf_0_clk_i/Z (gf180mcu_fd_sc_mcu7t5v0__clkbuf_16)
                                                         clknet_0_clk_i (net)
                      0.113164    0.000494    0.321593 ^ clkbuf_1_1__f_clk_i/I (gf180mcu_fd_sc_mcu7t5v0__clkbuf_16)
     5    0.024061    0.092150    0.229291    0.550884 ^ clkbuf_1_1__f_clk_i/Z (gf180mcu_fd_sc_mcu7t5v0__clkbuf_16)
                                                         clknet_1_1__leaf_clk_i (net)
                      0.092150    0.000129    0.551013 ^ _75_/CLK (gf180mcu_fd_sc_mcu7t5v0__dffq_1)
     2    0.008919    0.205050    0.767795    1.318808 ^ _75_/Q (gf180mcu_fd_sc_mcu7t5v0__dffq_1)
                                                         net10 (net)
                      0.205050    0.000099    1.318907 ^ output10/I (gf180mcu_fd_sc_mcu7t5v0__dlyb_1)
     1    0.073764    1.232399    1.528964    2.847871 ^ output10/Z (gf180mcu_fd_sc_mcu7t5v0__dlyb_1)
                                                         count_o[7] (net)
                      1.232399    0.000881    2.848752 ^ count_o[7] (out)
                                              2.848752   data arrival time

                                 25.000000   25.000000   clock clk_i (rise edge)
                                  0.000000   25.000000   clock network delay (propagated)
                                 -0.250000   24.750000   clock uncertainty
                                  0.000000   24.750000   clock reconvergence pessimism
                                 -5.000000   19.750000   output external delay
                                             19.750000   data required time
---------------------------------------------------------------------------------------------
                                             19.750000   data required time
                                             -2.848752   data arrival time
---------------------------------------------------------------------------------------------
                                             16.901247   slack (MET)


Startpoint: en_i (input port clocked by clk_i)
Endpoint: _73_ (rising edge-triggered flip-flop clocked by clk_i)
Path Group: clk_i
Path Type: max

Fanout         Cap        Slew       Delay        Time   Description
---------------------------------------------------------------------------------------------
                                  0.000000    0.000000   clock clk_i (rise edge)
                                  0.000000    0.000000   clock network delay (propagated)
                                  5.000000    5.000000 ^ input external delay
     1    0.003977    0.113350    0.039579    5.039579 ^ en_i (in)
                                                         en_i (net)
                      0.113350    0.000000    5.039579 ^ input1/I (gf180mcu_fd_sc_mcu7t5v0__dlyb_1)
     6    0.032690    0.581958    1.138175    6.177754 ^ input1/Z (gf180mcu_fd_sc_mcu7t5v0__dlyb_1)
                                                         net1 (net)
                      0.581958    0.000511    6.178265 ^ _49_/A1 (gf180mcu_fd_sc_mcu7t5v0__nand4_1)
     8    0.047576    1.297040    0.845973    7.024238 v _49_/ZN (gf180mcu_fd_sc_mcu7t5v0__nand4_1)
                                                         _22_ (net)
                      1.297040    0.000768    7.025006 v _57_/A3 (gf180mcu_fd_sc_mcu7t5v0__oai31_1)
     1    0.003391    0.620301    0.586961    7.611967 ^ _57_/ZN (gf180mcu_fd_sc_mcu7t5v0__oai31_1)
                                                         _27_ (net)
                      0.620301    0.000034    7.612001 ^ _59_/A2 (gf180mcu_fd_sc_mcu7t5v0__and3_1)
     1    0.004206    0.175537    0.424794    8.036795 ^ _59_/Z (gf180mcu_fd_sc_mcu7t5v0__and3_1)
                                                         _05_ (net)
                      0.175537    0.000050    8.036844 ^ _73_/D (gf180mcu_fd_sc_mcu7t5v0__dffq_1)
                                              8.036844   data arrival time

                                 25.000000   25.000000   clock clk_i (rise edge)
                                  0.000000   25.000000   clock source latency
     1    0.027569    0.145744    0.068894   25.068893 ^ clk_i (in)
                                                         clk_i (net)
                      0.145745    0.000000   25.068893 ^ clkbuf_0_clk_i/I (gf180mcu_fd_sc_mcu7t5v0__clkbuf_16)
     2    0.047775    0.113163    0.252205   25.321098 ^ clkbuf_0_clk_i/Z (gf180mcu_fd_sc_mcu7t5v0__clkbuf_16)
                                                         clknet_0_clk_i (net)
                      0.113163    0.000329   25.321428 ^ clkbuf_1_0__f_clk_i/I (gf180mcu_fd_sc_mcu7t5v0__clkbuf_16)
     5    0.023188    0.091355    0.228580   25.550007 ^ clkbuf_1_0__f_clk_i/Z (gf180mcu_fd_sc_mcu7t5v0__clkbuf_16)
                                                         clknet_1_0__leaf_clk_i (net)
                      0.091355    0.000041   25.550049 ^ _73_/CLK (gf180mcu_fd_sc_mcu7t5v0__dffq_1)
                                 -0.250000   25.300049   clock uncertainty
                                  0.000000   25.300049   clock reconvergence pessimism
                                 -0.227786   25.072264   library setup time
                                             25.072264   data required time
---------------------------------------------------------------------------------------------
                                             25.072264   data required time
                                             -8.036844   data arrival time
---------------------------------------------------------------------------------------------
                                             17.035419   slack (MET)


Startpoint: en_i (input port clocked by clk_i)
Endpoint: _74_ (rising edge-triggered flip-flop clocked by clk_i)
Path Group: clk_i
Path Type: max

Fanout         Cap        Slew       Delay        Time   Description
---------------------------------------------------------------------------------------------
                                  0.000000    0.000000   clock clk_i (rise edge)
                                  0.000000    0.000000   clock network delay (propagated)
                                  5.000000    5.000000 ^ input external delay
     1    0.003977    0.113350    0.039579    5.039579 ^ en_i (in)
                                                         en_i (net)
                      0.113350    0.000000    5.039579 ^ input1/I (gf180mcu_fd_sc_mcu7t5v0__dlyb_1)
     6    0.032690    0.581958    1.138175    6.177754 ^ input1/Z (gf180mcu_fd_sc_mcu7t5v0__dlyb_1)
                                                         net1 (net)
                      0.581958    0.000511    6.178265 ^ _49_/A1 (gf180mcu_fd_sc_mcu7t5v0__nand4_1)
     8    0.047576    1.297040    0.845973    7.024238 v _49_/ZN (gf180mcu_fd_sc_mcu7t5v0__nand4_1)
                                                         _22_ (net)
                      1.297040    0.000953    7.025192 v _61_/A2 (gf180mcu_fd_sc_mcu7t5v0__nor3_1)
     1    0.005101    0.588446    0.540363    7.565555 ^ _61_/ZN (gf180mcu_fd_sc_mcu7t5v0__nor3_1)
                                                         _30_ (net)
                      0.588446    0.000099    7.565653 ^ _62_/B (gf180mcu_fd_sc_mcu7t5v0__aoi211_1)
     1    0.003419    0.333052    0.255594    7.821247 v _62_/ZN (gf180mcu_fd_sc_mcu7t5v0__aoi211_1)
                                                         _06_ (net)
                      0.333052    0.000065    7.821312 v _74_/D (gf180mcu_fd_sc_mcu7t5v0__dffq_1)
                                              7.821312   data arrival time

                                 25.000000   25.000000   clock clk_i (rise edge)
                                  0.000000   25.000000   clock source latency
     1    0.027569    0.145744    0.068894   25.068893 ^ clk_i (in)
                                                         clk_i (net)
                      0.145745    0.000000   25.068893 ^ clkbuf_0_clk_i/I (gf180mcu_fd_sc_mcu7t5v0__clkbuf_16)
     2    0.047775    0.113163    0.252205   25.321098 ^ clkbuf_0_clk_i/Z (gf180mcu_fd_sc_mcu7t5v0__clkbuf_16)
                                                         clknet_0_clk_i (net)
                      0.113163    0.000329   25.321428 ^ clkbuf_1_0__f_clk_i/I (gf180mcu_fd_sc_mcu7t5v0__clkbuf_16)
     5    0.023188    0.091355    0.228580   25.550007 ^ clkbuf_1_0__f_clk_i/Z (gf180mcu_fd_sc_mcu7t5v0__clkbuf_16)
                                                         clknet_1_0__leaf_clk_i (net)
                      0.091355    0.000094   25.550102 ^ _74_/CLK (gf180mcu_fd_sc_mcu7t5v0__dffq_1)
                                 -0.250000   25.300102   clock uncertainty
                                  0.000000   25.300102   clock reconvergence pessimism
                                 -0.300245   24.999857   library setup time
                                             24.999857   data required time
---------------------------------------------------------------------------------------------
                                             24.999857   data required time
                                             -7.821312   data arrival time
---------------------------------------------------------------------------------------------
                                             17.178545   slack (MET)


Startpoint: en_i (input port clocked by clk_i)
Endpoint: _72_ (rising edge-triggered flip-flop clocked by clk_i)
Path Group: clk_i
Path Type: max

Fanout         Cap        Slew       Delay        Time   Description
---------------------------------------------------------------------------------------------
                                  0.000000    0.000000   clock clk_i (rise edge)
                                  0.000000    0.000000   clock network delay (propagated)
                                  5.000000    5.000000 ^ input external delay
     1    0.003977    0.113350    0.039579    5.039579 ^ en_i (in)
                                                         en_i (net)
                      0.113350    0.000000    5.039579 ^ input1/I (gf180mcu_fd_sc_mcu7t5v0__dlyb_1)
     6    0.032690    0.581958    1.138175    6.177754 ^ input1/Z (gf180mcu_fd_sc_mcu7t5v0__dlyb_1)
                                                         net1 (net)
                      0.581958    0.000511    6.178265 ^ _49_/A1 (gf180mcu_fd_sc_mcu7t5v0__nand4_1)
     8    0.047576    1.297040    0.845973    7.024238 v _49_/ZN (gf180mcu_fd_sc_mcu7t5v0__nand4_1)
                                                         _22_ (net)
                      1.297040    0.000623    7.024861 v _55_/A3 (gf180mcu_fd_sc_mcu7t5v0__nor3_1)
     1    0.005804    0.623808    0.507530    7.532391 ^ _55_/ZN (gf180mcu_fd_sc_mcu7t5v0__nor3_1)
                                                         _26_ (net)
                      0.623808    0.000116    7.532507 ^ _56_/A3 (gf180mcu_fd_sc_mcu7t5v0__nor3_1)
     1    0.004184    0.319585    0.228491    7.760998 v _56_/ZN (gf180mcu_fd_sc_mcu7t5v0__nor3_1)
                                                         _04_ (net)
                      0.319585    0.000047    7.761045 v _72_/D (gf180mcu_fd_sc_mcu7t5v0__dffq_1)
                                              7.761045   data arrival time

                                 25.000000   25.000000   clock clk_i (rise edge)
                                  0.000000   25.000000   clock source latency
     1    0.027569    0.145744    0.068894   25.068893 ^ clk_i (in)
                                                         clk_i (net)
                      0.145745    0.000000   25.068893 ^ clkbuf_0_clk_i/I (gf180mcu_fd_sc_mcu7t5v0__clkbuf_16)
     2    0.047775    0.113163    0.252205   25.321098 ^ clkbuf_0_clk_i/Z (gf180mcu_fd_sc_mcu7t5v0__clkbuf_16)
                                                         clknet_0_clk_i (net)
                      0.113163    0.000329   25.321428 ^ clkbuf_1_0__f_clk_i/I (gf180mcu_fd_sc_mcu7t5v0__clkbuf_16)
     5    0.023188    0.091355    0.228580   25.550007 ^ clkbuf_1_0__f_clk_i/Z (gf180mcu_fd_sc_mcu7t5v0__clkbuf_16)
                                                         clknet_1_0__leaf_clk_i (net)
                      0.091355    0.000233   25.550240 ^ _72_/CLK (gf180mcu_fd_sc_mcu7t5v0__dffq_1)
                                 -0.250000   25.300241   clock uncertainty
                                  0.000000   25.300241   clock reconvergence pessimism
                                 -0.295731   25.004509   library setup time
                                             25.004509   data required time
---------------------------------------------------------------------------------------------
                                             25.004509   data required time
                                             -7.761045   data arrival time
---------------------------------------------------------------------------------------------
                                             17.243464   slack (MET)


Startpoint: en_i (input port clocked by clk_i)
Endpoint: _71_ (rising edge-triggered flip-flop clocked by clk_i)
Path Group: clk_i
Path Type: max

Fanout         Cap        Slew       Delay        Time   Description
---------------------------------------------------------------------------------------------
                                  0.000000    0.000000   clock clk_i (rise edge)
                                  0.000000    0.000000   clock network delay (propagated)
                                  5.000000    5.000000 ^ input external delay
     1    0.003977    0.113350    0.039579    5.039579 ^ en_i (in)
                                                         en_i (net)
                      0.113350    0.000000    5.039579 ^ input1/I (gf180mcu_fd_sc_mcu7t5v0__dlyb_1)
     6    0.032690    0.581958    1.138175    6.177754 ^ input1/Z (gf180mcu_fd_sc_mcu7t5v0__dlyb_1)
                                                         net1 (net)
                      0.581958    0.000511    6.178265 ^ _49_/A1 (gf180mcu_fd_sc_mcu7t5v0__nand4_1)
     8    0.047576    1.297040    0.845973    7.024238 v _49_/ZN (gf180mcu_fd_sc_mcu7t5v0__nand4_1)
                                                         _22_ (net)
                      1.297040    0.000571    7.024809 v _52_/A2 (gf180mcu_fd_sc_mcu7t5v0__oai21_1)
     1    0.005274    0.486175    0.437422    7.462231 ^ _52_/ZN (gf180mcu_fd_sc_mcu7t5v0__oai21_1)
                                                         _24_ (net)
                      0.486175    0.000057    7.462288 ^ _53_/B (gf180mcu_fd_sc_mcu7t5v0__aoi21_1)
     1    0.002956    0.314080    0.213324    7.675612 v _53_/ZN (gf180mcu_fd_sc_mcu7t5v0__aoi21_1)
                                                         _03_ (net)
                      0.314080    0.000029    7.675642 v _71_/D (gf180mcu_fd_sc_mcu7t5v0__dffq_1)
                                              7.675642   data arrival time

                                 25.000000   25.000000   clock clk_i (rise edge)
                                  0.000000   25.000000   clock source latency
     1    0.027569    0.145744    0.068894   25.068893 ^ clk_i (in)
                                                         clk_i (net)
                      0.145745    0.000000   25.068893 ^ clkbuf_0_clk_i/I (gf180mcu_fd_sc_mcu7t5v0__clkbuf_16)
     2    0.047775    0.113163    0.252205   25.321098 ^ clkbuf_0_clk_i/Z (gf180mcu_fd_sc_mcu7t5v0__clkbuf_16)
                                                         clknet_0_clk_i (net)
                      0.113163    0.000329   25.321428 ^ clkbuf_1_0__f_clk_i/I (gf180mcu_fd_sc_mcu7t5v0__clkbuf_16)
     5    0.023188    0.091355    0.228580   25.550007 ^ clkbuf_1_0__f_clk_i/Z (gf180mcu_fd_sc_mcu7t5v0__clkbuf_16)
                                                         clknet_1_0__leaf_clk_i (net)
                      0.091355    0.000366   25.550373 ^ _71_/CLK (gf180mcu_fd_sc_mcu7t5v0__dffq_1)
                                 -0.250000   25.300375   clock uncertainty
                                  0.000000   25.300375   clock reconvergence pessimism
                                 -0.294016   25.006359   library setup time
                                             25.006359   data required time
---------------------------------------------------------------------------------------------
                                             25.006359   data required time
                                             -7.675642   data arrival time
---------------------------------------------------------------------------------------------
                                             17.330717   slack (MET)


Startpoint: en_i (input port clocked by clk_i)
Endpoint: _70_ (rising edge-triggered flip-flop clocked by clk_i)
Path Group: clk_i
Path Type: max

Fanout         Cap        Slew       Delay        Time   Description
---------------------------------------------------------------------------------------------
                                  0.000000    0.000000   clock clk_i (rise edge)
                                  0.000000    0.000000   clock network delay (propagated)
                                  5.000000    5.000000 ^ input external delay
     1    0.003977    0.113350    0.039579    5.039579 ^ en_i (in)
                                                         en_i (net)
                      0.113350    0.000000    5.039579 ^ input1/I (gf180mcu_fd_sc_mcu7t5v0__dlyb_1)
     6    0.032690    0.581958    1.138175    6.177754 ^ input1/Z (gf180mcu_fd_sc_mcu7t5v0__dlyb_1)
                                                         net1 (net)
                      0.581958    0.000511    6.178265 ^ _49_/A1 (gf180mcu_fd_sc_mcu7t5v0__nand4_1)
     8    0.047576    1.297040    0.845973    7.024238 v _49_/ZN (gf180mcu_fd_sc_mcu7t5v0__nand4_1)
                                                         _22_ (net)
                      1.297040    0.000503    7.024741 v _50_/A2 (gf180mcu_fd_sc_mcu7t5v0__nand2_1)
     1    0.005389    0.396822    0.435019    7.459760 ^ _50_/ZN (gf180mcu_fd_sc_mcu7t5v0__nand2_1)
                                                         _23_ (net)
                      0.396822    0.000107    7.459867 ^ _51_/B (gf180mcu_fd_sc_mcu7t5v0__aoi21_1)
     1    0.003873    0.267113    0.212899    7.672767 v _51_/ZN (gf180mcu_fd_sc_mcu7t5v0__aoi21_1)
                                                         _02_ (net)
                      0.267113    0.000044    7.672810 v _70_/D (gf180mcu_fd_sc_mcu7t5v0__dffq_1)
                                              7.672810   data arrival time

                                 25.000000   25.000000   clock clk_i (rise edge)
                                  0.000000   25.000000   clock source latency
     1    0.027569    0.145744    0.068894   25.068893 ^ clk_i (in)
                                                         clk_i (net)
                      0.145745    0.000000   25.068893 ^ clkbuf_0_clk_i/I (gf180mcu_fd_sc_mcu7t5v0__clkbuf_16)
     2    0.047775    0.113163    0.252205   25.321098 ^ clkbuf_0_clk_i/Z (gf180mcu_fd_sc_mcu7t5v0__clkbuf_16)
                                                         clknet_0_clk_i (net)
                      0.113163    0.000329   25.321428 ^ clkbuf_1_0__f_clk_i/I (gf180mcu_fd_sc_mcu7t5v0__clkbuf_16)
     5    0.023188    0.091355    0.228580   25.550007 ^ clkbuf_1_0__f_clk_i/Z (gf180mcu_fd_sc_mcu7t5v0__clkbuf_16)
                                                         clknet_1_0__leaf_clk_i (net)
                      0.091355    0.000385   25.550392 ^ _70_/CLK (gf180mcu_fd_sc_mcu7t5v0__dffq_1)
                                 -0.250000   25.300394   clock uncertainty
                                  0.000000   25.300394   clock reconvergence pessimism
                                 -0.279381   25.021013   library setup time
                                             25.021013   data required time
---------------------------------------------------------------------------------------------
                                             25.021013   data required time
                                             -7.672810   data arrival time
---------------------------------------------------------------------------------------------
                                             17.348204   slack (MET)


Startpoint: rst_ni (input port clocked by clk_i)
Endpoint: _68_ (rising edge-triggered flip-flop clocked by clk_i)
Path Group: clk_i
Path Type: max

Fanout         Cap        Slew       Delay        Time   Description
---------------------------------------------------------------------------------------------
                                  0.000000    0.000000   clock clk_i (rise edge)
                                  0.000000    0.000000   clock network delay (propagated)
                                  5.000000    5.000000 v input external delay
     1    0.003876    0.064819    0.023797    5.023797 v rst_ni (in)
                                                         rst_ni (net)
                      0.064819    0.000000    5.023797 v input2/I (gf180mcu_fd_sc_mcu7t5v0__dlyb_1)
     8    0.048384    0.589807    1.303203    6.327000 v input2/Z (gf180mcu_fd_sc_mcu7t5v0__dlyb_1)
                                                         net2 (net)
                      0.589808    0.000727    6.327726 v _41_/A2 (gf180mcu_fd_sc_mcu7t5v0__nand2_1)
     2    0.014653    0.402667    0.387049    6.714775 ^ _41_/ZN (gf180mcu_fd_sc_mcu7t5v0__nand2_1)
                                                         _16_ (net)
                      0.402667    0.000113    6.714889 ^ _43_/B1 (gf180mcu_fd_sc_mcu7t5v0__aoi22_1)
     1    0.003515    0.277948    0.205233    6.920122 v _43_/ZN (gf180mcu_fd_sc_mcu7t5v0__aoi22_1)
                                                         _00_ (net)
                      0.277948    0.000065    6.920187 v _68_/D (gf180mcu_fd_sc_mcu7t5v0__dffq_1)
                                              6.920187   data arrival time

                                 25.000000   25.000000   clock clk_i (rise edge)
                                  0.000000   25.000000   clock source latency
     1    0.027569    0.145744    0.068894   25.068893 ^ clk_i (in)
                                                         clk_i (net)
                      0.145745    0.000000   25.068893 ^ clkbuf_0_clk_i/I (gf180mcu_fd_sc_mcu7t5v0__clkbuf_16)
     2    0.047775    0.113163    0.252205   25.321098 ^ clkbuf_0_clk_i/Z (gf180mcu_fd_sc_mcu7t5v0__clkbuf_16)
                                                         clknet_0_clk_i (net)
                      0.113164    0.000494   25.321592 ^ clkbuf_1_1__f_clk_i/I (gf180mcu_fd_sc_mcu7t5v0__clkbuf_16)
     5    0.024061    0.092150    0.229290   25.550882 ^ clkbuf_1_1__f_clk_i/Z (gf180mcu_fd_sc_mcu7t5v0__clkbuf_16)
                                                         clknet_1_1__leaf_clk_i (net)
                      0.092150    0.000323   25.551207 ^ _68_/CLK (gf180mcu_fd_sc_mcu7t5v0__dffq_1)
                                 -0.250000   25.301207   clock uncertainty
                                  0.000000   25.301207   clock reconvergence pessimism
                                 -0.282594   25.018614   library setup time
                                             25.018614   data required time
---------------------------------------------------------------------------------------------
                                             25.018614   data required time
                                             -6.920187   data arrival time
---------------------------------------------------------------------------------------------
                                             18.098427   slack (MET)


Startpoint: en_i (input port clocked by clk_i)
Endpoint: _69_ (rising edge-triggered flip-flop clocked by clk_i)
Path Group: clk_i
Path Type: max

Fanout         Cap        Slew       Delay        Time   Description
---------------------------------------------------------------------------------------------
                                  0.000000    0.000000   clock clk_i (rise edge)
                                  0.000000    0.000000   clock network delay (propagated)
                                  5.000000    5.000000 v input external delay
     1    0.003977    0.065777    0.024404    5.024405 v en_i (in)
                                                         en_i (net)
                      0.065777    0.000000    5.024405 v input1/I (gf180mcu_fd_sc_mcu7t5v0__dlyb_1)
     6    0.032690    0.455842    1.195454    6.219859 v input1/Z (gf180mcu_fd_sc_mcu7t5v0__dlyb_1)
                                                         net1 (net)
                      0.455844    0.000662    6.220520 v _45_/A1 (gf180mcu_fd_sc_mcu7t5v0__nand3_1)
     2    0.012405    0.426043    0.337286    6.557806 ^ _45_/ZN (gf180mcu_fd_sc_mcu7t5v0__nand3_1)
                                                         _19_ (net)
                      0.426043    0.000214    6.558021 ^ _46_/A2 (gf180mcu_fd_sc_mcu7t5v0__nand2_1)
     1    0.006076    0.284877    0.136033    6.694054 v _46_/ZN (gf180mcu_fd_sc_mcu7t5v0__nand2_1)
                                                         _20_ (net)
                      0.284877    0.000074    6.694128 v _47_/A2 (gf180mcu_fd_sc_mcu7t5v0__nor2_1)
     1    0.002964    0.226818    0.192409    6.886537 ^ _47_/ZN (gf180mcu_fd_sc_mcu7t5v0__nor2_1)
                                                         _01_ (net)
                      0.226818    0.000030    6.886567 ^ _69_/D (gf180mcu_fd_sc_mcu7t5v0__dffq_1)
                                              6.886567   data arrival time

                                 25.000000   25.000000   clock clk_i (rise edge)
                                  0.000000   25.000000   clock source latency
     1    0.027569    0.145744    0.068894   25.068893 ^ clk_i (in)
                                                         clk_i (net)
                      0.145745    0.000000   25.068893 ^ clkbuf_0_clk_i/I (gf180mcu_fd_sc_mcu7t5v0__clkbuf_16)
     2    0.047775    0.113163    0.252205   25.321098 ^ clkbuf_0_clk_i/Z (gf180mcu_fd_sc_mcu7t5v0__clkbuf_16)
                                                         clknet_0_clk_i (net)
                      0.113164    0.000494   25.321592 ^ clkbuf_1_1__f_clk_i/I (gf180mcu_fd_sc_mcu7t5v0__clkbuf_16)
     5    0.024061    0.092150    0.229290   25.550882 ^ clkbuf_1_1__f_clk_i/Z (gf180mcu_fd_sc_mcu7t5v0__clkbuf_16)
                                                         clknet_1_1__leaf_clk_i (net)
                      0.092150    0.000380   25.551264 ^ _69_/CLK (gf180mcu_fd_sc_mcu7t5v0__dffq_1)
                                 -0.250000   25.301264   clock uncertainty
                                  0.000000   25.301264   clock reconvergence pessimism
                                 -0.233036   25.068228   library setup time
                                             25.068228   data required time
---------------------------------------------------------------------------------------------
                                             25.068228   data required time
                                             -6.886567   data arrival time
---------------------------------------------------------------------------------------------
                                             18.181662   slack (MET)



