
===========================================================================
report_checks -path_delay min (Hold)
============================================================================
======================= nom_tt_025C_5v00 Corner ===================================

Startpoint: _76_ (rising edge-triggered flip-flop clocked by clk_i)
Endpoint: _76_ (rising edge-triggered flip-flop clocked by clk_i)
Path Group: clk_i
Path Type: min

Fanout         Cap        Slew       Delay        Time   Description
---------------------------------------------------------------------------------------------
                                  0.000000    0.000000   clock clk_i (rise edge)
                                  0.000000    0.000000   clock source latency
     1    0.027569    0.145744    0.068894    0.068894 ^ clk_i (in)
                                                         clk_i (net)
                      0.145745    0.000000    0.068894 ^ clkbuf_0_clk_i/I (gf180mcu_fd_sc_mcu7t5v0__clkbuf_16)
     2    0.047775    0.113163    0.252206    0.321100 ^ clkbuf_0_clk_i/Z (gf180mcu_fd_sc_mcu7t5v0__clkbuf_16)
                                                         clknet_0_clk_i (net)
                      0.113164    0.000494    0.321593 ^ clkbuf_1_1__f_clk_i/I (gf180mcu_fd_sc_mcu7t5v0__clkbuf_16)
     5    0.024061    0.092150    0.229291    0.550884 ^ clkbuf_1_1__f_clk_i/Z (gf180mcu_fd_sc_mcu7t5v0__clkbuf_16)
                                                         clknet_1_1__leaf_clk_i (net)
                      0.092150    0.000330    0.551214 ^ _76_/CLK (gf180mcu_fd_sc_mcu7t5v0__dffq_1)
     2    0.009541    0.154234    0.683065    1.234279 v _76_/Q (gf180mcu_fd_sc_mcu7t5v0__dffq_1)
                                                         net11 (net)
                      0.154234    0.000075    1.234354 v _66_/A1 (gf180mcu_fd_sc_mcu7t5v0__nand2_1)
     1    0.006354    0.175828    0.152493    1.386848 ^ _66_/ZN (gf180mcu_fd_sc_mcu7t5v0__nand2_1)
                                                         _33_ (net)
                      0.175828    0.000132    1.386980 ^ _67_/B (gf180mcu_fd_sc_mcu7t5v0__oai21_1)
     1    0.002746    0.117656    0.113985    1.500965 v _67_/ZN (gf180mcu_fd_sc_mcu7t5v0__oai21_1)
                                                         _08_ (net)
                      0.117656    0.000026    1.500991 v _76_/D (gf180mcu_fd_sc_mcu7t5v0__dffq_1)
                                              1.500991   data arrival time

                                  0.000000    0.000000   clock clk_i (rise edge)
                                  0.000000    0.000000   clock source latency
     1    0.027569    0.145744    0.068894    0.068894 ^ clk_i (in)
                                                         clk_i (net)
                      0.145745    0.000000    0.068894 ^ clkbuf_0_clk_i/I (gf180mcu_fd_sc_mcu7t5v0__clkbuf_16)
     2    0.047775    0.113163    0.252206    0.321100 ^ clkbuf_0_clk_i/Z (gf180mcu_fd_sc_mcu7t5v0__clkbuf_16)
                                                         clknet_0_clk_i (net)
                      0.113164    0.000494    0.321593 ^ clkbuf_1_1__f_clk_i/I (gf180mcu_fd_sc_mcu7t5v0__clkbuf_16)
     5    0.024061    0.092150    0.229291    0.550884 ^ clkbuf_1_1__f_clk_i/Z (gf180mcu_fd_sc_mcu7t5v0__clkbuf_16)
                                                         clknet_1_1__leaf_clk_i (net)
                      0.092150    0.000330    0.551214 ^ _76_/CLK (gf180mcu_fd_sc_mcu7t5v0__dffq_1)
                                  0.250000    0.801214   clock uncertainty
                                  0.000000    0.801214   clock reconvergence pessimism
                                  0.080381    0.881595   library hold time
                                              0.881595   data required time
---------------------------------------------------------------------------------------------
                                              0.881595   data required time
                                             -1.500991   data arrival time
---------------------------------------------------------------------------------------------
                                              0.619395   slack (MET)


Startpoint: _70_ (rising edge-triggered flip-flop clocked by clk_i)
Endpoint: _70_ (rising edge-triggered flip-flop clocked by clk_i)
Path Group: clk_i
Path Type: min

Fanout         Cap        Slew       Delay        Time   Description
---------------------------------------------------------------------------------------------
                                  0.000000    0.000000   clock clk_i (rise edge)
                                  0.000000    0.000000   clock source latency
     1    0.027569    0.145744    0.068894    0.068894 ^ clk_i (in)
                                                         clk_i (net)
                      0.145745    0.000000    0.068894 ^ clkbuf_0_clk_i/I (gf180mcu_fd_sc_mcu7t5v0__clkbuf_16)
     2    0.047775    0.113163    0.252206    0.321100 ^ clkbuf_0_clk_i/Z (gf180mcu_fd_sc_mcu7t5v0__clkbuf_16)
                                                         clknet_0_clk_i (net)
                      0.113163    0.000329    0.321429 ^ clkbuf_1_0__f_clk_i/I (gf180mcu_fd_sc_mcu7t5v0__clkbuf_16)
     5    0.023188    0.091355    0.228579    0.550007 ^ clkbuf_1_0__f_clk_i/Z (gf180mcu_fd_sc_mcu7t5v0__clkbuf_16)
                                                         clknet_1_0__leaf_clk_i (net)
                      0.091355    0.000386    0.550394 ^ _70_/CLK (gf180mcu_fd_sc_mcu7t5v0__dffq_1)
     4    0.015914    0.207036    0.725608    1.276002 v _70_/Q (gf180mcu_fd_sc_mcu7t5v0__dffq_1)
                                                         net5 (net)
                      0.207036    0.000181    1.276182 v _39_/I (gf180mcu_fd_sc_mcu7t5v0__clkinv_1)
     1    0.007149    0.176197    0.152242    1.428424 ^ _39_/ZN (gf180mcu_fd_sc_mcu7t5v0__clkinv_1)
                                                         _14_ (net)
                      0.176197    0.000156    1.428580 ^ _51_/A1 (gf180mcu_fd_sc_mcu7t5v0__aoi21_1)
     1    0.003873    0.129336    0.112130    1.540710 v _51_/ZN (gf180mcu_fd_sc_mcu7t5v0__aoi21_1)
                                                         _02_ (net)
                      0.129336    0.000044    1.540754 v _70_/D (gf180mcu_fd_sc_mcu7t5v0__dffq_1)
                                              1.540754   data arrival time

                                  0.000000    0.000000   clock clk_i (rise edge)
                                  0.000000    0.000000   clock source latency
     1    0.027569    0.145744    0.068894    0.068894 ^ clk_i (in)
                                                         clk_i (net)
                      0.145745    0.000000    0.068894 ^ clkbuf_0_clk_i/I (gf180mcu_fd_sc_mcu7t5v0__clkbuf_16)
     2    0.047775    0.113163    0.252206    0.321100 ^ clkbuf_0_clk_i/Z (gf180mcu_fd_sc_mcu7t5v0__clkbuf_16)
                                                         clknet_0_clk_i (net)
                      0.113163    0.000329    0.321429 ^ clkbuf_1_0__f_clk_i/I (gf180mcu_fd_sc_mcu7t5v0__clkbuf_16)
     5    0.023188    0.091355    0.228579    0.550007 ^ clkbuf_1_0__f_clk_i/Z (gf180mcu_fd_sc_mcu7t5v0__clkbuf_16)
                                                         clknet_1_0__leaf_clk_i (net)
                      0.091355    0.000386    0.550394 ^ _70_/CLK (gf180mcu_fd_sc_mcu7t5v0__dffq_1)
                                  0.250000    0.800394   clock uncertainty
                                  0.000000    0.800394   clock reconvergence pessimism
                                  0.077591    0.877985   library hold time
                                              0.877985   data required time
---------------------------------------------------------------------------------------------
                                              0.877985   data required time
                                             -1.540754   data arrival time
---------------------------------------------------------------------------------------------
                                              0.662769   slack (MET)


Startpoint: _74_ (rising edge-triggered flip-flop clocked by clk_i)
Endpoint: _74_ (rising edge-triggered flip-flop clocked by clk_i)
Path Group: clk_i
Path Type: min

Fanout         Cap        Slew       Delay        Time   Description
---------------------------------------------------------------------------------------------
                                  0.000000    0.000000   clock clk_i (rise edge)
                                  0.000000    0.000000   clock source latency
     1    0.027569    0.145744    0.068894    0.068894 ^ clk_i (in)
                                                         clk_i (net)
                      0.145745    0.000000    0.068894 ^ clkbuf_0_clk_i/I (gf180mcu_fd_sc_mcu7t5v0__clkbuf_16)
     2    0.047775    0.113163    0.252206    0.321100 ^ clkbuf_0_clk_i/Z (gf180mcu_fd_sc_mcu7t5v0__clkbuf_16)
                                                         clknet_0_clk_i (net)
                      0.113163    0.000329    0.321429 ^ clkbuf_1_0__f_clk_i/I (gf180mcu_fd_sc_mcu7t5v0__clkbuf_16)
     5    0.023188    0.091355    0.228579    0.550007 ^ clkbuf_1_0__f_clk_i/Z (gf180mcu_fd_sc_mcu7t5v0__clkbuf_16)
                                                         clknet_1_0__leaf_clk_i (net)
                      0.091355    0.000095    0.550102 ^ _74_/CLK (gf180mcu_fd_sc_mcu7t5v0__dffq_1)
     3    0.013737    0.188975    0.710995    1.261097 v _74_/Q (gf180mcu_fd_sc_mcu7t5v0__dffq_1)
                                                         net9 (net)
                      0.188975    0.000186    1.261284 v _35_/I (gf180mcu_fd_sc_mcu7t5v0__clkinv_1)
     1    0.007071    0.171421    0.146769    1.408053 ^ _35_/ZN (gf180mcu_fd_sc_mcu7t5v0__clkinv_1)
                                                         _10_ (net)
                      0.171421    0.000148    1.408201 ^ _62_/A1 (gf180mcu_fd_sc_mcu7t5v0__aoi211_1)
     1    0.003419    0.150118    0.131433    1.539634 v _62_/ZN (gf180mcu_fd_sc_mcu7t5v0__aoi211_1)
                                                         _06_ (net)
                      0.150118    0.000065    1.539698 v _74_/D (gf180mcu_fd_sc_mcu7t5v0__dffq_1)
                                              1.539698   data arrival time

                                  0.000000    0.000000   clock clk_i (rise edge)
                                  0.000000    0.000000   clock source latency
     1    0.027569    0.145744    0.068894    0.068894 ^ clk_i (in)
                                                         clk_i (net)
                      0.145745    0.000000    0.068894 ^ clkbuf_0_clk_i/I (gf180mcu_fd_sc_mcu7t5v0__clkbuf_16)
     2    0.047775    0.113163    0.252206    0.321100 ^ clkbuf_0_clk_i/Z (gf180mcu_fd_sc_mcu7t5v0__clkbuf_16)
                                                         clknet_0_clk_i (net)
                      0.113163    0.000329    0.321429 ^ clkbuf_1_0__f_clk_i/I (gf180mcu_fd_sc_mcu7t5v0__clkbuf_16)
     5    0.023188    0.091355    0.228579    0.550007 ^ clkbuf_1_0__f_clk_i/Z (gf180mcu_fd_sc_mcu7t5v0__clkbuf_16)
                                                         clknet_1_0__leaf_clk_i (net)
                      0.091355    0.000095    0.550102 ^ _74_/CLK (gf180mcu_fd_sc_mcu7t5v0__dffq_1)
                                  0.250000    0.800102   clock uncertainty
                                  0.000000    0.800102   clock reconvergence pessimism
                                  0.072436    0.872539   library hold time
                                              0.872539   data required time
---------------------------------------------------------------------------------------------
                                              0.872539   data required time
                                             -1.539698   data arrival time
---------------------------------------------------------------------------------------------
                                              0.667160   slack (MET)


Startpoint: _69_ (rising edge-triggered flip-flop clocked by clk_i)
Endpoint: _69_ (rising edge-triggered flip-flop clocked by clk_i)
Path Group: clk_i
Path Type: min

Fanout         Cap        Slew       Delay        Time   Description
---------------------------------------------------------------------------------------------
                                  0.000000    0.000000   clock clk_i (rise edge)
                                  0.000000    0.000000   clock source latency
     1    0.027569    0.145744    0.068894    0.068894 ^ clk_i (in)
                                                         clk_i (net)
                      0.145745    0.000000    0.068894 ^ clkbuf_0_clk_i/I (gf180mcu_fd_sc_mcu7t5v0__clkbuf_16)
     2    0.047775    0.113163    0.252206    0.321100 ^ clkbuf_0_clk_i/Z (gf180mcu_fd_sc_mcu7t5v0__clkbuf_16)
                                                         clknet_0_clk_i (net)
                      0.113164    0.000494    0.321593 ^ clkbuf_1_1__f_clk_i/I (gf180mcu_fd_sc_mcu7t5v0__clkbuf_16)
     5    0.024061    0.092150    0.229291    0.550884 ^ clkbuf_1_1__f_clk_i/Z (gf180mcu_fd_sc_mcu7t5v0__clkbuf_16)
                                                         clknet_1_1__leaf_clk_i (net)
                      0.092150    0.000379    0.551264 ^ _69_/CLK (gf180mcu_fd_sc_mcu7t5v0__dffq_1)
     5    0.022423    0.263051    0.767402    1.318666 v _69_/Q (gf180mcu_fd_sc_mcu7t5v0__dffq_1)
                                                         net4 (net)
                      0.263052    0.000401    1.319068 v _44_/B (gf180mcu_fd_sc_mcu7t5v0__aoi21_1)
     1    0.006279    0.287299    0.238173    1.557240 ^ _44_/ZN (gf180mcu_fd_sc_mcu7t5v0__aoi21_1)
                                                         _18_ (net)
                      0.287299    0.000071    1.557311 ^ _47_/A1 (gf180mcu_fd_sc_mcu7t5v0__nor2_1)
     1    0.002964    0.129769    0.106042    1.663353 v _47_/ZN (gf180mcu_fd_sc_mcu7t5v0__nor2_1)
                                                         _01_ (net)
                      0.129769    0.000030    1.663383 v _69_/D (gf180mcu_fd_sc_mcu7t5v0__dffq_1)
                                              1.663383   data arrival time

                                  0.000000    0.000000   clock clk_i (rise edge)
                                  0.000000    0.000000   clock source latency
     1    0.027569    0.145744    0.068894    0.068894 ^ clk_i (in)
                                                         clk_i (net)
                      0.145745    0.000000    0.068894 ^ clkbuf_0_clk_i/I (gf180mcu_fd_sc_mcu7t5v0__clkbuf_16)
     2    0.047775    0.113163    0.252206    0.321100 ^ clkbuf_0_clk_i/Z (gf180mcu_fd_sc_mcu7t5v0__clkbuf_16)
                                                         clknet_0_clk_i (net)
                      0.113164    0.000494    0.321593 ^ clkbuf_1_1__f_clk_i/I (gf180mcu_fd_sc_mcu7t5v0__clkbuf_16)
     5    0.024061    0.092150    0.229291    0.550884 ^ clkbuf_1_1__f_clk_i/Z (gf180mcu_fd_sc_mcu7t5v0__clkbuf_16)
                                                         clknet_1_1__leaf_clk_i (net)
                      0.092150    0.000379    0.551264 ^ _69_/CLK (gf180mcu_fd_sc_mcu7t5v0__dffq_1)
                                  0.250000    0.801264   clock uncertainty
                                  0.000000    0.801264   clock reconvergence pessimism
                                  0.077627    0.878890   library hold time
                                              0.878890   data required time
---------------------------------------------------------------------------------------------
                                              0.878890   data required time
                                             -1.663383   data arrival time
---------------------------------------------------------------------------------------------
                                              0.784493   slack (MET)


Startpoint: _68_ (rising edge-triggered flip-flop clocked by clk_i)
Endpoint: _68_ (rising edge-triggered flip-flop clocked by clk_i)
Path Group: clk_i
Path Type: min

Fanout         Cap        Slew       Delay        Time   Description
---------------------------------------------------------------------------------------------
                                  0.000000    0.000000   clock clk_i (rise edge)
                                  0.000000    0.000000   clock source latency
     1    0.027569    0.145744    0.068894    0.068894 ^ clk_i (in)
                                                         clk_i (net)
                      0.145745    0.000000    0.068894 ^ clkbuf_0_clk_i/I (gf180mcu_fd_sc_mcu7t5v0__clkbuf_16)
     2    0.047775    0.113163    0.252206    0.321100 ^ clkbuf_0_clk_i/Z (gf180mcu_fd_sc_mcu7t5v0__clkbuf_16)
                                                         clknet_0_clk_i (net)
                      0.113164    0.000494    0.321593 ^ clkbuf_1_1__f_clk_i/I (gf180mcu_fd_sc_mcu7t5v0__clkbuf_16)
     5    0.024061    0.092150    0.229291    0.550884 ^ clkbuf_1_1__f_clk_i/Z (gf180mcu_fd_sc_mcu7t5v0__clkbuf_16)
                                                         clknet_1_1__leaf_clk_i (net)
                      0.092150    0.000324    0.551208 ^ _68_/CLK (gf180mcu_fd_sc_mcu7t5v0__dffq_1)
     7    0.035434    0.378057    0.846469    1.397677 v _68_/Q (gf180mcu_fd_sc_mcu7t5v0__dffq_1)
                                                         net3 (net)
                      0.378058    0.000557    1.398234 v _43_/A2 (gf180mcu_fd_sc_mcu7t5v0__aoi22_1)
     1    0.003515    0.228184    0.240202    1.638436 ^ _43_/ZN (gf180mcu_fd_sc_mcu7t5v0__aoi22_1)
                                                         _00_ (net)
                      0.228184    0.000065    1.638501 ^ _68_/D (gf180mcu_fd_sc_mcu7t5v0__dffq_1)
                                              1.638501   data arrival time

                                  0.000000    0.000000   clock clk_i (rise edge)
                                  0.000000    0.000000   clock source latency
     1    0.027569    0.145744    0.068894    0.068894 ^ clk_i (in)
                                                         clk_i (net)
                      0.145745    0.000000    0.068894 ^ clkbuf_0_clk_i/I (gf180mcu_fd_sc_mcu7t5v0__clkbuf_16)
     2    0.047775    0.113163    0.252206    0.321100 ^ clkbuf_0_clk_i/Z (gf180mcu_fd_sc_mcu7t5v0__clkbuf_16)
                                                         clknet_0_clk_i (net)
                      0.113164    0.000494    0.321593 ^ clkbuf_1_1__f_clk_i/I (gf180mcu_fd_sc_mcu7t5v0__clkbuf_16)
     5    0.024061    0.092150    0.229291    0.550884 ^ clkbuf_1_1__f_clk_i/Z (gf180mcu_fd_sc_mcu7t5v0__clkbuf_16)
                                                         clknet_1_1__leaf_clk_i (net)
                      0.092150    0.000324    0.551208 ^ _68_/CLK (gf180mcu_fd_sc_mcu7t5v0__dffq_1)
                                  0.250000    0.801208   clock uncertainty
                                  0.000000    0.801208   clock reconvergence pessimism
                                  0.037577    0.838785   library hold time
                                              0.838785   data required time
---------------------------------------------------------------------------------------------
                                              0.838785   data required time
                                             -1.638501   data arrival time
---------------------------------------------------------------------------------------------
                                              0.799716   slack (MET)


Startpoint: _71_ (rising edge-triggered flip-flop clocked by clk_i)
Endpoint: _72_ (rising edge-triggered flip-flop clocked by clk_i)
Path Group: clk_i
Path Type: min

Fanout         Cap        Slew       Delay        Time   Description
---------------------------------------------------------------------------------------------
                                  0.000000    0.000000   clock clk_i (rise edge)
                                  0.000000    0.000000   clock source latency
     1    0.027569    0.145744    0.068894    0.068894 ^ clk_i (in)
                                                         clk_i (net)
                      0.145745    0.000000    0.068894 ^ clkbuf_0_clk_i/I (gf180mcu_fd_sc_mcu7t5v0__clkbuf_16)
     2    0.047775    0.113163    0.252206    0.321100 ^ clkbuf_0_clk_i/Z (gf180mcu_fd_sc_mcu7t5v0__clkbuf_16)
                                                         clknet_0_clk_i (net)
                      0.113163    0.000329    0.321429 ^ clkbuf_1_0__f_clk_i/I (gf180mcu_fd_sc_mcu7t5v0__clkbuf_16)
     5    0.023188    0.091355    0.228579    0.550007 ^ clkbuf_1_0__f_clk_i/Z (gf180mcu_fd_sc_mcu7t5v0__clkbuf_16)
                                                         clknet_1_0__leaf_clk_i (net)
                      0.091355    0.000366    0.550373 ^ _71_/CLK (gf180mcu_fd_sc_mcu7t5v0__dffq_1)
     4    0.021193    0.252385    0.759841    1.310214 v _71_/Q (gf180mcu_fd_sc_mcu7t5v0__dffq_1)
                                                         net6 (net)
                      0.252385    0.000301    1.310515 v _54_/A1 (gf180mcu_fd_sc_mcu7t5v0__aoi21_1)
     1    0.005316    0.273910    0.233260    1.543775 ^ _54_/ZN (gf180mcu_fd_sc_mcu7t5v0__aoi21_1)
                                                         _25_ (net)
                      0.273910    0.000104    1.543879 ^ _56_/A2 (gf180mcu_fd_sc_mcu7t5v0__nor3_1)
     1    0.004184    0.194592    0.173368    1.717247 v _56_/ZN (gf180mcu_fd_sc_mcu7t5v0__nor3_1)
                                                         _04_ (net)
                      0.194592    0.000047    1.717294 v _72_/D (gf180mcu_fd_sc_mcu7t5v0__dffq_1)
                                              1.717294   data arrival time

                                  0.000000    0.000000   clock clk_i (rise edge)
                                  0.000000    0.000000   clock source latency
     1    0.027569    0.145744    0.068894    0.068894 ^ clk_i (in)
                                                         clk_i (net)
                      0.145745    0.000000    0.068894 ^ clkbuf_0_clk_i/I (gf180mcu_fd_sc_mcu7t5v0__clkbuf_16)
     2    0.047775    0.113163    0.252206    0.321100 ^ clkbuf_0_clk_i/Z (gf180mcu_fd_sc_mcu7t5v0__clkbuf_16)
                                                         clknet_0_clk_i (net)
                      0.113163    0.000329    0.321429 ^ clkbuf_1_0__f_clk_i/I (gf180mcu_fd_sc_mcu7t5v0__clkbuf_16)
     5    0.023188    0.091355    0.228579    0.550007 ^ clkbuf_1_0__f_clk_i/Z (gf180mcu_fd_sc_mcu7t5v0__clkbuf_16)
                                                         clknet_1_0__leaf_clk_i (net)
                      0.091355    0.000233    0.550240 ^ _72_/CLK (gf180mcu_fd_sc_mcu7t5v0__dffq_1)
                                  0.250000    0.800240   clock uncertainty
                                  0.000000    0.800240   clock reconvergence pessimism
                                  0.059238    0.859478   library hold time
                                              0.859478   data required time
---------------------------------------------------------------------------------------------
                                              0.859478   data required time
                                             -1.717294   data arrival time
---------------------------------------------------------------------------------------------
                                              0.857816   slack (MET)


Startpoint: _75_ (rising edge-triggered flip-flop clocked by clk_i)
Endpoint: _75_ (rising edge-triggered flip-flop clocked by clk_i)
Path Group: clk_i
Path Type: min

Fanout         Cap        Slew       Delay        Time   Description
---------------------------------------------------------------------------------------------
                                  0.000000    0.000000   clock clk_i (rise edge)
                                  0.000000    0.000000   clock source latency
     1    0.027569    0.145744    0.068894    0.068894 ^ clk_i (in)
                                                         clk_i (net)
                      0.145745    0.000000    0.068894 ^ clkbuf_0_clk_i/I (gf180mcu_fd_sc_mcu7t5v0__clkbuf_16)
     2    0.047775    0.113163    0.252206    0.321100 ^ clkbuf_0_clk_i/Z (gf180mcu_fd_sc_mcu7t5v0__clkbuf_16)
                                                         clknet_0_clk_i (net)
                      0.113164    0.000494    0.321593 ^ clkbuf_1_1__f_clk_i/I (gf180mcu_fd_sc_mcu7t5v0__clkbuf_16)
     5    0.024061    0.092150    0.229291    0.550884 ^ clkbuf_1_1__f_clk_i/Z (gf180mcu_fd_sc_mcu7t5v0__clkbuf_16)
                                                         clknet_1_1__leaf_clk_i (net)
                      0.092150    0.000129    0.551013 ^ _75_/CLK (gf180mcu_fd_sc_mcu7t5v0__dffq_1)
     2    0.008919    0.149100    0.678883    1.229896 v _75_/Q (gf180mcu_fd_sc_mcu7t5v0__dffq_1)
                                                         net10 (net)
                      0.149100    0.000114    1.230010 v _34_/I (gf180mcu_fd_sc_mcu7t5v0__clkinv_1)
     2    0.010439    0.213940    0.167772    1.397782 ^ _34_/ZN (gf180mcu_fd_sc_mcu7t5v0__clkinv_1)
                                                         _09_ (net)
                      0.213940    0.000215    1.397997 ^ _63_/B (gf180mcu_fd_sc_mcu7t5v0__oai31_1)
     1    0.006094    0.172287    0.148968    1.546965 v _63_/ZN (gf180mcu_fd_sc_mcu7t5v0__oai31_1)
                                                         _31_ (net)
                      0.172287    0.000138    1.547102 v _65_/A2 (gf180mcu_fd_sc_mcu7t5v0__and3_1)
     1    0.003055    0.121493    0.318011    1.865114 v _65_/Z (gf180mcu_fd_sc_mcu7t5v0__and3_1)
                                                         _07_ (net)
                      0.121493    0.000031    1.865144 v _75_/D (gf180mcu_fd_sc_mcu7t5v0__dffq_1)
                                              1.865144   data arrival time

                                  0.000000    0.000000   clock clk_i (rise edge)
                                  0.000000    0.000000   clock source latency
     1    0.027569    0.145744    0.068894    0.068894 ^ clk_i (in)
                                                         clk_i (net)
                      0.145745    0.000000    0.068894 ^ clkbuf_0_clk_i/I (gf180mcu_fd_sc_mcu7t5v0__clkbuf_16)
     2    0.047775    0.113163    0.252206    0.321100 ^ clkbuf_0_clk_i/Z (gf180mcu_fd_sc_mcu7t5v0__clkbuf_16)
                                                         clknet_0_clk_i (net)
                      0.113164    0.000494    0.321593 ^ clkbuf_1_1__f_clk_i/I (gf180mcu_fd_sc_mcu7t5v0__clkbuf_16)
     5    0.024061    0.092150    0.229291    0.550884 ^ clkbuf_1_1__f_clk_i/Z (gf180mcu_fd_sc_mcu7t5v0__clkbuf_16)
                                                         clknet_1_1__leaf_clk_i (net)
                      0.092150    0.000129    0.551013 ^ _75_/CLK (gf180mcu_fd_sc_mcu7t5v0__dffq_1)
                                  0.250000    0.801013   clock uncertainty
                                  0.000000    0.801013   clock reconvergence pessimism
                                  0.079509    0.880522   library hold time
                                              0.880522   data required time
---------------------------------------------------------------------------------------------
                                              0.880522   data required time
                                             -1.865144   data arrival time
---------------------------------------------------------------------------------------------
                                              0.984623   slack (MET)


Startpoint: _73_ (rising edge-triggered flip-flop clocked by clk_i)
Endpoint: _73_ (rising edge-triggered flip-flop clocked by clk_i)
Path Group: clk_i
Path Type: min

Fanout         Cap        Slew       Delay        Time   Description
---------------------------------------------------------------------------------------------
                                  0.000000    0.000000   clock clk_i (rise edge)
                                  0.000000    0.000000   clock source latency
     1    0.027569    0.145744    0.068894    0.068894 ^ clk_i (in)
                                                         clk_i (net)
                      0.145745    0.000000    0.068894 ^ clkbuf_0_clk_i/I (gf180mcu_fd_sc_mcu7t5v0__clkbuf_16)
     2    0.047775    0.113163    0.252206    0.321100 ^ clkbuf_0_clk_i/Z (gf180mcu_fd_sc_mcu7t5v0__clkbuf_16)
                                                         clknet_0_clk_i (net)
                      0.113163    0.000329    0.321429 ^ clkbuf_1_0__f_clk_i/I (gf180mcu_fd_sc_mcu7t5v0__clkbuf_16)
     5    0.023188    0.091355    0.228579    0.550007 ^ clkbuf_1_0__f_clk_i/Z (gf180mcu_fd_sc_mcu7t5v0__clkbuf_16)
                                                         clknet_1_0__leaf_clk_i (net)
                      0.091355    0.000042    0.550050 ^ _73_/CLK (gf180mcu_fd_sc_mcu7t5v0__dffq_1)
     4    0.022646    0.265023    0.768674    1.318724 v _73_/Q (gf180mcu_fd_sc_mcu7t5v0__dffq_1)
                                                         net8 (net)
                      0.265023    0.000369    1.319092 v _36_/I (gf180mcu_fd_sc_mcu7t5v0__clkinv_1)
     1    0.004833    0.157608    0.141811    1.460903 ^ _36_/ZN (gf180mcu_fd_sc_mcu7t5v0__clkinv_1)
                                                         _11_ (net)
                      0.157608    0.000046    1.460949 ^ _57_/B (gf180mcu_fd_sc_mcu7t5v0__oai31_1)
     1    0.003391    0.133174    0.123433    1.584382 v _57_/ZN (gf180mcu_fd_sc_mcu7t5v0__oai31_1)
                                                         _27_ (net)
                      0.133174    0.000034    1.584416 v _59_/A2 (gf180mcu_fd_sc_mcu7t5v0__and3_1)
     1    0.004206    0.131931    0.317380    1.901797 v _59_/Z (gf180mcu_fd_sc_mcu7t5v0__and3_1)
                                                         _05_ (net)
                      0.131931    0.000050    1.901846 v _73_/D (gf180mcu_fd_sc_mcu7t5v0__dffq_1)
                                              1.901846   data arrival time

                                  0.000000    0.000000   clock clk_i (rise edge)
                                  0.000000    0.000000   clock source latency
     1    0.027569    0.145744    0.068894    0.068894 ^ clk_i (in)
                                                         clk_i (net)
                      0.145745    0.000000    0.068894 ^ clkbuf_0_clk_i/I (gf180mcu_fd_sc_mcu7t5v0__clkbuf_16)
     2    0.047775    0.113163    0.252206    0.321100 ^ clkbuf_0_clk_i/Z (gf180mcu_fd_sc_mcu7t5v0__clkbuf_16)
                                                         clknet_0_clk_i (net)
                      0.113163    0.000329    0.321429 ^ clkbuf_1_0__f_clk_i/I (gf180mcu_fd_sc_mcu7t5v0__clkbuf_16)
     5    0.023188    0.091355    0.228579    0.550007 ^ clkbuf_1_0__f_clk_i/Z (gf180mcu_fd_sc_mcu7t5v0__clkbuf_16)
                                                         clknet_1_0__leaf_clk_i (net)
                      0.091355    0.000042    0.550050 ^ _73_/CLK (gf180mcu_fd_sc_mcu7t5v0__dffq_1)
                                  0.250000    0.800050   clock uncertainty
                                  0.000000    0.800050   clock reconvergence pessimism
                                  0.077001    0.877051   library hold time
                                              0.877051   data required time
---------------------------------------------------------------------------------------------
                                              0.877051   data required time
                                             -1.901846   data arrival time
---------------------------------------------------------------------------------------------
                                              1.024796   slack (MET)


Startpoint: _71_ (rising edge-triggered flip-flop clocked by clk_i)
Endpoint: _71_ (rising edge-triggered flip-flop clocked by clk_i)
Path Group: clk_i
Path Type: min

Fanout         Cap        Slew       Delay        Time   Description
---------------------------------------------------------------------------------------------
                                  0.000000    0.000000   clock clk_i (rise edge)
                                  0.000000    0.000000   clock source latency
     1    0.027569    0.145744    0.068894    0.068894 ^ clk_i (in)
                                                         clk_i (net)
                      0.145745    0.000000    0.068894 ^ clkbuf_0_clk_i/I (gf180mcu_fd_sc_mcu7t5v0__clkbuf_16)
     2    0.047775    0.113163    0.252206    0.321100 ^ clkbuf_0_clk_i/Z (gf180mcu_fd_sc_mcu7t5v0__clkbuf_16)
                                                         clknet_0_clk_i (net)
                      0.113163    0.000329    0.321429 ^ clkbuf_1_0__f_clk_i/I (gf180mcu_fd_sc_mcu7t5v0__clkbuf_16)
     5    0.023188    0.091355    0.228579    0.550007 ^ clkbuf_1_0__f_clk_i/Z (gf180mcu_fd_sc_mcu7t5v0__clkbuf_16)
                                                         clknet_1_0__leaf_clk_i (net)
                      0.091355    0.000366    0.550373 ^ _71_/CLK (gf180mcu_fd_sc_mcu7t5v0__dffq_1)
     4    0.021193    0.252385    0.759841    1.310214 v _71_/Q (gf180mcu_fd_sc_mcu7t5v0__dffq_1)
                                                         net6 (net)
                      0.252385    0.000275    1.310489 v _38_/I (gf180mcu_fd_sc_mcu7t5v0__clkinv_1)
     7    0.040311    0.688432    0.472772    1.783261 ^ _38_/ZN (gf180mcu_fd_sc_mcu7t5v0__clkinv_1)
                                                         _13_ (net)
                      0.688432    0.000453    1.783713 ^ _53_/A1 (gf180mcu_fd_sc_mcu7t5v0__aoi21_1)
     1    0.002956    0.193629    0.112846    1.896559 v _53_/ZN (gf180mcu_fd_sc_mcu7t5v0__aoi21_1)
                                                         _03_ (net)
                      0.193629    0.000029    1.896588 v _71_/D (gf180mcu_fd_sc_mcu7t5v0__dffq_1)
                                              1.896588   data arrival time

                                  0.000000    0.000000   clock clk_i (rise edge)
                                  0.000000    0.000000   clock source latency
     1    0.027569    0.145744    0.068894    0.068894 ^ clk_i (in)
                                                         clk_i (net)
                      0.145745    0.000000    0.068894 ^ clkbuf_0_clk_i/I (gf180mcu_fd_sc_mcu7t5v0__clkbuf_16)
     2    0.047775    0.113163    0.252206    0.321100 ^ clkbuf_0_clk_i/Z (gf180mcu_fd_sc_mcu7t5v0__clkbuf_16)
                                                         clknet_0_clk_i (net)
                      0.113163    0.000329    0.321429 ^ clkbuf_1_0__f_clk_i/I (gf180mcu_fd_sc_mcu7t5v0__clkbuf_16)
     5    0.023188    0.091355    0.228579    0.550007 ^ clkbuf_1_0__f_clk_i/Z (gf180mcu_fd_sc_mcu7t5v0__clkbuf_16)
                                                         clknet_1_0__leaf_clk_i (net)
                      0.091355    0.000366    0.550373 ^ _71_/CLK (gf180mcu_fd_sc_mcu7t5v0__dffq_1)
                                  0.250000    0.800373   clock uncertainty
                                  0.000000    0.800373   clock reconvergence pessimism
                                  0.059524    0.859897   library hold time
                                              0.859897   data required time
---------------------------------------------------------------------------------------------
                                              0.859897   data required time
                                             -1.896588   data arrival time
---------------------------------------------------------------------------------------------
                                              1.036691   slack (MET)


Startpoint: _75_ (rising edge-triggered flip-flop clocked by clk_i)
Endpoint: count_o[7] (output port clocked by clk_i)
Path Group: clk_i
Path Type: min

Fanout         Cap        Slew       Delay        Time   Description
---------------------------------------------------------------------------------------------
                                  0.000000    0.000000   clock clk_i (rise edge)
                                  0.000000    0.000000   clock source latency
     1    0.027569    0.145744    0.068894    0.068894 ^ clk_i (in)
                                                         clk_i (net)
                      0.145745    0.000000    0.068894 ^ clkbuf_0_clk_i/I (gf180mcu_fd_sc_mcu7t5v0__clkbuf_16)
     2    0.047775    0.113163    0.252206    0.321100 ^ clkbuf_0_clk_i/Z (gf180mcu_fd_sc_mcu7t5v0__clkbuf_16)
                                                         clknet_0_clk_i (net)
                      0.113164    0.000494    0.321593 ^ clkbuf_1_1__f_clk_i/I (gf180mcu_fd_sc_mcu7t5v0__clkbuf_16)
     5    0.024061    0.092150    0.229291    0.550884 ^ clkbuf_1_1__f_clk_i/Z (gf180mcu_fd_sc_mcu7t5v0__clkbuf_16)
                                                         clknet_1_1__leaf_clk_i (net)
                      0.092150    0.000129    0.551013 ^ _75_/CLK (gf180mcu_fd_sc_mcu7t5v0__dffq_1)
     2    0.008919    0.149100    0.678883    1.229896 v _75_/Q (gf180mcu_fd_sc_mcu7t5v0__dffq_1)
                                                         net10 (net)
                      0.149100    0.000099    1.229995 v output10/I (gf180mcu_fd_sc_mcu7t5v0__dlyb_1)
     1    0.073764    0.808628    1.491416    2.721412 v output10/Z (gf180mcu_fd_sc_mcu7t5v0__dlyb_1)
                                                         count_o[7] (net)
                      0.808631    0.000881    2.722293 v count_o[7] (out)
                                              2.722293   data arrival time

                                  0.000000    0.000000   clock clk_i (rise edge)
                                  0.000000    0.000000   clock network delay (propagated)
                                  0.250000    0.250000   clock uncertainty
                                  0.000000    0.250000   clock reconvergence pessimism
                                 -5.000000   -4.750000   output external delay
                                             -4.750000   data required time
---------------------------------------------------------------------------------------------
                                             -4.750000   data required time
                                             -2.722293   data arrival time
---------------------------------------------------------------------------------------------
                                              7.472293   slack (MET)


Startpoint: _76_ (rising edge-triggered flip-flop clocked by clk_i)
Endpoint: ovf_o (output port clocked by clk_i)
Path Group: clk_i
Path Type: min

Fanout         Cap        Slew       Delay        Time   Description
---------------------------------------------------------------------------------------------
                                  0.000000    0.000000   clock clk_i (rise edge)
                                  0.000000    0.000000   clock source latency
     1    0.027569    0.145744    0.068894    0.068894 ^ clk_i (in)
                                                         clk_i (net)
                      0.145745    0.000000    0.068894 ^ clkbuf_0_clk_i/I (gf180mcu_fd_sc_mcu7t5v0__clkbuf_16)
     2    0.047775    0.113163    0.252206    0.321100 ^ clkbuf_0_clk_i/Z (gf180mcu_fd_sc_mcu7t5v0__clkbuf_16)
                                                         clknet_0_clk_i (net)
                      0.113164    0.000494    0.321593 ^ clkbuf_1_1__f_clk_i/I (gf180mcu_fd_sc_mcu7t5v0__clkbuf_16)
     5    0.024061    0.092150    0.229291    0.550884 ^ clkbuf_1_1__f_clk_i/Z (gf180mcu_fd_sc_mcu7t5v0__clkbuf_16)
                                                         clknet_1_1__leaf_clk_i (net)
                      0.092150    0.000330    0.551214 ^ _76_/CLK (gf180mcu_fd_sc_mcu7t5v0__dffq_1)
     2    0.009541    0.154234    0.683065    1.234279 v _76_/Q (gf180mcu_fd_sc_mcu7t5v0__dffq_1)
                                                         net11 (net)
                      0.154234    0.000075    1.234354 v output11/I (gf180mcu_fd_sc_mcu7t5v0__dlyb_1)
     1    0.073560    0.806852    1.492300    2.726654 v output11/Z (gf180mcu_fd_sc_mcu7t5v0__dlyb_1)
                                                         ovf_o (net)
                      0.806852    0.000498    2.727151 v ovf_o (out)
                                              2.727151   data arrival time

                                  0.000000    0.000000   clock clk_i (rise edge)
                                  0.000000    0.000000   clock network delay (propagated)
                                  0.250000    0.250000   clock uncertainty
                                  0.000000    0.250000   clock reconvergence pessimism
                                 -5.000000   -4.750000   output external delay
                                             -4.750000   data required time
---------------------------------------------------------------------------------------------
                                             -4.750000   data required time
                                             -2.727151   data arrival time
---------------------------------------------------------------------------------------------
                                              7.477151   slack (MET)


Startpoint: _74_ (rising edge-triggered flip-flop clocked by clk_i)
Endpoint: count_o[6] (output port clocked by clk_i)
Path Group: clk_i
Path Type: min

Fanout         Cap        Slew       Delay        Time   Description
---------------------------------------------------------------------------------------------
                                  0.000000    0.000000   clock clk_i (rise edge)
                                  0.000000    0.000000   clock source latency
     1    0.027569    0.145744    0.068894    0.068894 ^ clk_i (in)
                                                         clk_i (net)
                      0.145745    0.000000    0.068894 ^ clkbuf_0_clk_i/I (gf180mcu_fd_sc_mcu7t5v0__clkbuf_16)
     2    0.047775    0.113163    0.252206    0.321100 ^ clkbuf_0_clk_i/Z (gf180mcu_fd_sc_mcu7t5v0__clkbuf_16)
                                                         clknet_0_clk_i (net)
                      0.113163    0.000329    0.321429 ^ clkbuf_1_0__f_clk_i/I (gf180mcu_fd_sc_mcu7t5v0__clkbuf_16)
     5    0.023188    0.091355    0.228579    0.550007 ^ clkbuf_1_0__f_clk_i/Z (gf180mcu_fd_sc_mcu7t5v0__clkbuf_16)
                                                         clknet_1_0__leaf_clk_i (net)
                      0.091355    0.000095    0.550102 ^ _74_/CLK (gf180mcu_fd_sc_mcu7t5v0__dffq_1)
     3    0.013737    0.188975    0.710995    1.261097 v _74_/Q (gf180mcu_fd_sc_mcu7t5v0__dffq_1)
                                                         net9 (net)
                      0.188975    0.000111    1.261208 v output9/I (gf180mcu_fd_sc_mcu7t5v0__dlyb_1)
     1    0.073574    0.806948    1.504575    2.765783 v output9/Z (gf180mcu_fd_sc_mcu7t5v0__dlyb_1)
                                                         count_o[6] (net)
                      0.806950    0.000827    2.766610 v count_o[6] (out)
                                              2.766610   data arrival time

                                  0.000000    0.000000   clock clk_i (rise edge)
                                  0.000000    0.000000   clock network delay (propagated)
                                  0.250000    0.250000   clock uncertainty
                                  0.000000    0.250000   clock reconvergence pessimism
                                 -5.000000   -4.750000   output external delay
                                             -4.750000   data required time
---------------------------------------------------------------------------------------------
                                             -4.750000   data required time
                                             -2.766610   data arrival time
---------------------------------------------------------------------------------------------
                                              7.516611   slack (MET)


Startpoint: _70_ (rising edge-triggered flip-flop clocked by clk_i)
Endpoint: count_o[2] (output port clocked by clk_i)
Path Group: clk_i
Path Type: min

Fanout         Cap        Slew       Delay        Time   Description
---------------------------------------------------------------------------------------------
                                  0.000000    0.000000   clock clk_i (rise edge)
                                  0.000000    0.000000   clock source latency
     1    0.027569    0.145744    0.068894    0.068894 ^ clk_i (in)
                                                         clk_i (net)
                      0.145745    0.000000    0.068894 ^ clkbuf_0_clk_i/I (gf180mcu_fd_sc_mcu7t5v0__clkbuf_16)
     2    0.047775    0.113163    0.252206    0.321100 ^ clkbuf_0_clk_i/Z (gf180mcu_fd_sc_mcu7t5v0__clkbuf_16)
                                                         clknet_0_clk_i (net)
                      0.113163    0.000329    0.321429 ^ clkbuf_1_0__f_clk_i/I (gf180mcu_fd_sc_mcu7t5v0__clkbuf_16)
     5    0.023188    0.091355    0.228579    0.550007 ^ clkbuf_1_0__f_clk_i/Z (gf180mcu_fd_sc_mcu7t5v0__clkbuf_16)
                                                         clknet_1_0__leaf_clk_i (net)
                      0.091355    0.000386    0.550394 ^ _70_/CLK (gf180mcu_fd_sc_mcu7t5v0__dffq_1)
     4    0.015914    0.207036    0.725608    1.276002 v _70_/Q (gf180mcu_fd_sc_mcu7t5v0__dffq_1)
                                                         net5 (net)
                      0.207036    0.000174    1.276176 v output5/I (gf180mcu_fd_sc_mcu7t5v0__dlyb_1)
     1    0.073531    0.806560    1.510788    2.786964 v output5/Z (gf180mcu_fd_sc_mcu7t5v0__dlyb_1)
                                                         count_o[2] (net)
                      0.806562    0.000814    2.787778 v count_o[2] (out)
                                              2.787778   data arrival time

                                  0.000000    0.000000   clock clk_i (rise edge)
                                  0.000000    0.000000   clock network delay (propagated)
                                  0.250000    0.250000   clock uncertainty
                                  0.000000    0.250000   clock reconvergence pessimism
                                 -5.000000   -4.750000   output external delay
                                             -4.750000   data required time
---------------------------------------------------------------------------------------------
                                             -4.750000   data required time
                                             -2.787778   data arrival time
---------------------------------------------------------------------------------------------
                                              7.537778   slack (MET)


Startpoint: _71_ (rising edge-triggered flip-flop clocked by clk_i)
Endpoint: count_o[3] (output port clocked by clk_i)
Path Group: clk_i
Path Type: min

Fanout         Cap        Slew       Delay        Time   Description
---------------------------------------------------------------------------------------------
                                  0.000000    0.000000   clock clk_i (rise edge)
                                  0.000000    0.000000   clock source latency
     1    0.027569    0.145744    0.068894    0.068894 ^ clk_i (in)
                                                         clk_i (net)
                      0.145745    0.000000    0.068894 ^ clkbuf_0_clk_i/I (gf180mcu_fd_sc_mcu7t5v0__clkbuf_16)
     2    0.047775    0.113163    0.252206    0.321100 ^ clkbuf_0_clk_i/Z (gf180mcu_fd_sc_mcu7t5v0__clkbuf_16)
                                                         clknet_0_clk_i (net)
                      0.113163    0.000329    0.321429 ^ clkbuf_1_0__f_clk_i/I (gf180mcu_fd_sc_mcu7t5v0__clkbuf_16)
     5    0.023188    0.091355    0.228579    0.550007 ^ clkbuf_1_0__f_clk_i/Z (gf180mcu_fd_sc_mcu7t5v0__clkbuf_16)
                                                         clknet_1_0__leaf_clk_i (net)
                      0.091355    0.000366    0.550373 ^ _71_/CLK (gf180mcu_fd_sc_mcu7t5v0__dffq_1)
     4    0.021193    0.252385    0.759841    1.310214 v _71_/Q (gf180mcu_fd_sc_mcu7t5v0__dffq_1)
                                                         net6 (net)
                      0.252385    0.000285    1.310500 v output6/I (gf180mcu_fd_sc_mcu7t5v0__dlyb_1)
     1    0.073797    0.808893    1.528679    2.839179 v output6/Z (gf180mcu_fd_sc_mcu7t5v0__dlyb_1)
                                                         count_o[3] (net)
                      0.808896    0.000843    2.840022 v count_o[3] (out)
                                              2.840022   data arrival time

                                  0.000000    0.000000   clock clk_i (rise edge)
                                  0.000000    0.000000   clock network delay (propagated)
                                  0.250000    0.250000   clock uncertainty
                                  0.000000    0.250000   clock reconvergence pessimism
                                 -5.000000   -4.750000   output external delay
                                             -4.750000   data required time
---------------------------------------------------------------------------------------------
                                             -4.750000   data required time
                                             -2.840022   data arrival time
---------------------------------------------------------------------------------------------
                                              7.590022   slack (MET)


Startpoint: _73_ (rising edge-triggered flip-flop clocked by clk_i)
Endpoint: count_o[5] (output port clocked by clk_i)
Path Group: clk_i
Path Type: min

Fanout         Cap        Slew       Delay        Time   Description
---------------------------------------------------------------------------------------------
                                  0.000000    0.000000   clock clk_i (rise edge)
                                  0.000000    0.000000   clock source latency
     1    0.027569    0.145744    0.068894    0.068894 ^ clk_i (in)
                                                         clk_i (net)
                      0.145745    0.000000    0.068894 ^ clkbuf_0_clk_i/I (gf180mcu_fd_sc_mcu7t5v0__clkbuf_16)
     2    0.047775    0.113163    0.252206    0.321100 ^ clkbuf_0_clk_i/Z (gf180mcu_fd_sc_mcu7t5v0__clkbuf_16)
                                                         clknet_0_clk_i (net)
                      0.113163    0.000329    0.321429 ^ clkbuf_1_0__f_clk_i/I (gf180mcu_fd_sc_mcu7t5v0__clkbuf_16)
     5    0.023188    0.091355    0.228579    0.550007 ^ clkbuf_1_0__f_clk_i/Z (gf180mcu_fd_sc_mcu7t5v0__clkbuf_16)
                                                         clknet_1_0__leaf_clk_i (net)
                      0.091355    0.000042    0.550050 ^ _73_/CLK (gf180mcu_fd_sc_mcu7t5v0__dffq_1)
     4    0.022646    0.265023    0.768674    1.318724 v _73_/Q (gf180mcu_fd_sc_mcu7t5v0__dffq_1)
                                                         net8 (net)
                      0.265023    0.000173    1.318897 v output8/I (gf180mcu_fd_sc_mcu7t5v0__dlyb_1)
     1    0.073564    0.806860    1.532041    2.850938 v output8/Z (gf180mcu_fd_sc_mcu7t5v0__dlyb_1)
                                                         count_o[5] (net)
                      0.806860    0.000498    2.851436 v count_o[5] (out)
                                              2.851436   data arrival time

                                  0.000000    0.000000   clock clk_i (rise edge)
                                  0.000000    0.000000   clock network delay (propagated)
                                  0.250000    0.250000   clock uncertainty
                                  0.000000    0.250000   clock reconvergence pessimism
                                 -5.000000   -4.750000   output external delay
                                             -4.750000   data required time
---------------------------------------------------------------------------------------------
                                             -4.750000   data required time
                                             -2.851436   data arrival time
---------------------------------------------------------------------------------------------
                                              7.601436   slack (MET)


Startpoint: _69_ (rising edge-triggered flip-flop clocked by clk_i)
Endpoint: count_o[1] (output port clocked by clk_i)
Path Group: clk_i
Path Type: min

Fanout         Cap        Slew       Delay        Time   Description
---------------------------------------------------------------------------------------------
                                  0.000000    0.000000   clock clk_i (rise edge)
                                  0.000000    0.000000   clock source latency
     1    0.027569    0.145744    0.068894    0.068894 ^ clk_i (in)
                                                         clk_i (net)
                      0.145745    0.000000    0.068894 ^ clkbuf_0_clk_i/I (gf180mcu_fd_sc_mcu7t5v0__clkbuf_16)
     2    0.047775    0.113163    0.252206    0.321100 ^ clkbuf_0_clk_i/Z (gf180mcu_fd_sc_mcu7t5v0__clkbuf_16)
                                                         clknet_0_clk_i (net)
                      0.113164    0.000494    0.321593 ^ clkbuf_1_1__f_clk_i/I (gf180mcu_fd_sc_mcu7t5v0__clkbuf_16)
     5    0.024061    0.092150    0.229291    0.550884 ^ clkbuf_1_1__f_clk_i/Z (gf180mcu_fd_sc_mcu7t5v0__clkbuf_16)
                                                         clknet_1_1__leaf_clk_i (net)
                      0.092150    0.000379    0.551264 ^ _69_/CLK (gf180mcu_fd_sc_mcu7t5v0__dffq_1)
     5    0.022423    0.263051    0.767402    1.318666 v _69_/Q (gf180mcu_fd_sc_mcu7t5v0__dffq_1)
                                                         net4 (net)
                      0.263051    0.000265    1.318931 v output4/I (gf180mcu_fd_sc_mcu7t5v0__dlyb_1)
     1    0.074168    0.812138    1.534714    2.853646 v output4/Z (gf180mcu_fd_sc_mcu7t5v0__dlyb_1)
                                                         count_o[1] (net)
                      0.812141    0.000953    2.854599 v count_o[1] (out)
                                              2.854599   data arrival time

                                  0.000000    0.000000   clock clk_i (rise edge)
                                  0.000000    0.000000   clock network delay (propagated)
                                  0.250000    0.250000   clock uncertainty
                                  0.000000    0.250000   clock reconvergence pessimism
                                 -5.000000   -4.750000   output external delay
                                             -4.750000   data required time
---------------------------------------------------------------------------------------------
                                             -4.750000   data required time
                                             -2.854599   data arrival time
---------------------------------------------------------------------------------------------
                                              7.604598   slack (MET)


Startpoint: _72_ (rising edge-triggered flip-flop clocked by clk_i)
Endpoint: count_o[4] (output port clocked by clk_i)
Path Group: clk_i
Path Type: min

Fanout         Cap        Slew       Delay        Time   Description
---------------------------------------------------------------------------------------------
                                  0.000000    0.000000   clock clk_i (rise edge)
                                  0.000000    0.000000   clock source latency
     1    0.027569    0.145744    0.068894    0.068894 ^ clk_i (in)
                                                         clk_i (net)
                      0.145745    0.000000    0.068894 ^ clkbuf_0_clk_i/I (gf180mcu_fd_sc_mcu7t5v0__clkbuf_16)
     2    0.047775    0.113163    0.252206    0.321100 ^ clkbuf_0_clk_i/Z (gf180mcu_fd_sc_mcu7t5v0__clkbuf_16)
                                                         clknet_0_clk_i (net)
                      0.113163    0.000329    0.321429 ^ clkbuf_1_0__f_clk_i/I (gf180mcu_fd_sc_mcu7t5v0__clkbuf_16)
     5    0.023188    0.091355    0.228579    0.550007 ^ clkbuf_1_0__f_clk_i/Z (gf180mcu_fd_sc_mcu7t5v0__clkbuf_16)
                                                         clknet_1_0__leaf_clk_i (net)
                      0.091355    0.000233    0.550240 ^ _72_/CLK (gf180mcu_fd_sc_mcu7t5v0__dffq_1)
     5    0.027415    0.306872    0.797625    1.347865 v _72_/Q (gf180mcu_fd_sc_mcu7t5v0__dffq_1)
                                                         net7 (net)
                      0.306872    0.000148    1.348013 v output7/I (gf180mcu_fd_sc_mcu7t5v0__dlyb_1)
     1    0.073903    0.809823    1.549088    2.897101 v output7/Z (gf180mcu_fd_sc_mcu7t5v0__dlyb_1)
                                                         count_o[4] (net)
                      0.809823    0.000578    2.897679 v count_o[4] (out)
                                              2.897679   data arrival time

                                  0.000000    0.000000   clock clk_i (rise edge)
                                  0.000000    0.000000   clock network delay (propagated)
                                  0.250000    0.250000   clock uncertainty
                                  0.000000    0.250000   clock reconvergence pessimism
                                 -5.000000   -4.750000   output external delay
                                             -4.750000   data required time
---------------------------------------------------------------------------------------------
                                             -4.750000   data required time
                                             -2.897679   data arrival time
---------------------------------------------------------------------------------------------
                                              7.647679   slack (MET)


Startpoint: _68_ (rising edge-triggered flip-flop clocked by clk_i)
Endpoint: count_o[0] (output port clocked by clk_i)
Path Group: clk_i
Path Type: min

Fanout         Cap        Slew       Delay        Time   Description
---------------------------------------------------------------------------------------------
                                  0.000000    0.000000   clock clk_i (rise edge)
                                  0.000000    0.000000   clock source latency
     1    0.027569    0.145744    0.068894    0.068894 ^ clk_i (in)
                                                         clk_i (net)
                      0.145745    0.000000    0.068894 ^ clkbuf_0_clk_i/I (gf180mcu_fd_sc_mcu7t5v0__clkbuf_16)
     2    0.047775    0.113163    0.252206    0.321100 ^ clkbuf_0_clk_i/Z (gf180mcu_fd_sc_mcu7t5v0__clkbuf_16)
                                                         clknet_0_clk_i (net)
                      0.113164    0.000494    0.321593 ^ clkbuf_1_1__f_clk_i/I (gf180mcu_fd_sc_mcu7t5v0__clkbuf_16)
     5    0.024061    0.092150    0.229291    0.550884 ^ clkbuf_1_1__f_clk_i/Z (gf180mcu_fd_sc_mcu7t5v0__clkbuf_16)
                                                         clknet_1_1__leaf_clk_i (net)
                      0.092150    0.000324    0.551208 ^ _68_/CLK (gf180mcu_fd_sc_mcu7t5v0__dffq_1)
     7    0.035434    0.378057    0.846469    1.397677 v _68_/Q (gf180mcu_fd_sc_mcu7t5v0__dffq_1)
                                                         net3 (net)
                      0.378058    0.000470    1.398147 v output3/I (gf180mcu_fd_sc_mcu7t5v0__dlyb_1)
     1    0.074613    0.816138    1.578630    2.976776 v output3/Z (gf180mcu_fd_sc_mcu7t5v0__dlyb_1)
                                                         count_o[0] (net)
                      0.816143    0.001092    2.977869 v count_o[0] (out)
                                              2.977869   data arrival time

                                  0.000000    0.000000   clock clk_i (rise edge)
                                  0.000000    0.000000   clock network delay (propagated)
                                  0.250000    0.250000   clock uncertainty
                                  0.000000    0.250000   clock reconvergence pessimism
                                 -5.000000   -4.750000   output external delay
                                             -4.750000   data required time
---------------------------------------------------------------------------------------------
                                             -4.750000   data required time
                                             -2.977869   data arrival time
---------------------------------------------------------------------------------------------
                                              7.727869   slack (MET)



