Reading timing models for corner max_ff_n40C_5v50…
Reading timing library for the 'max_ff_n40C_5v50' corner at '/home/windyphony/.ciel/ciel/gf180mcu/versions/54435919abffb937387ec956209f9cf5fd2dfbee/gf180mcuD/libs.ref/gf180mcu_fd_sc_mcu7t5v0/lib/gf180mcu_fd_sc_mcu7t5v0__ff_n40C_5v50.lib'…
Reading timing models for corner max_tt_025C_5v00…
Reading timing library for the 'max_tt_025C_5v00' corner at '/home/windyphony/.ciel/ciel/gf180mcu/versions/54435919abffb937387ec956209f9cf5fd2dfbee/gf180mcuD/libs.ref/gf180mcu_fd_sc_mcu7t5v0/lib/gf180mcu_fd_sc_mcu7t5v0__tt_025C_5v00.lib'…
Reading timing models for corner nom_ff_n40C_5v50…
Reading timing library for the 'nom_ff_n40C_5v50' corner at '/home/windyphony/.ciel/ciel/gf180mcu/versions/54435919abffb937387ec956209f9cf5fd2dfbee/gf180mcuD/libs.ref/gf180mcu_fd_sc_mcu7t5v0/lib/gf180mcu_fd_sc_mcu7t5v0__ff_n40C_5v50.lib'…
[WARNING STA-1140] /home/windyphony/.ciel/ciel/gf180mcu/versions/54435919abffb937387ec956209f9cf5fd2dfbee/gf180mcuD/libs.ref/gf180mcu_fd_sc_mcu7t5v0/lib/gf180mcu_fd_sc_mcu7t5v0__ff_n40C_5v50.lib line 17, library gf180mcu_fd_sc_mcu7t5v0__ff_n40C_5v50 already exists.
Reading timing models for corner nom_tt_025C_5v00…
Reading timing library for the 'nom_tt_025C_5v00' corner at '/home/windyphony/.ciel/ciel/gf180mcu/versions/54435919abffb937387ec956209f9cf5fd2dfbee/gf180mcuD/libs.ref/gf180mcu_fd_sc_mcu7t5v0/lib/gf180mcu_fd_sc_mcu7t5v0__tt_025C_5v00.lib'…
[WARNING STA-1140] /home/windyphony/.ciel/ciel/gf180mcu/versions/54435919abffb937387ec956209f9cf5fd2dfbee/gf180mcuD/libs.ref/gf180mcu_fd_sc_mcu7t5v0/lib/gf180mcu_fd_sc_mcu7t5v0__tt_025C_5v00.lib line 17, library gf180mcu_fd_sc_mcu7t5v0__tt_025C_5v00 already exists.
Reading timing models for corner min_ss_125C_4v50…
Reading timing library for the 'min_ss_125C_4v50' corner at '/home/windyphony/.ciel/ciel/gf180mcu/versions/54435919abffb937387ec956209f9cf5fd2dfbee/gf180mcuD/libs.ref/gf180mcu_fd_sc_mcu7t5v0/lib/gf180mcu_fd_sc_mcu7t5v0__ss_125C_4v50.lib'…
Reading timing models for corner min_ff_n40C_5v50…
Reading timing library for the 'min_ff_n40C_5v50' corner at '/home/windyphony/.ciel/ciel/gf180mcu/versions/54435919abffb937387ec956209f9cf5fd2dfbee/gf180mcuD/libs.ref/gf180mcu_fd_sc_mcu7t5v0/lib/gf180mcu_fd_sc_mcu7t5v0__ff_n40C_5v50.lib'…
[WARNING STA-1140] /home/windyphony/.ciel/ciel/gf180mcu/versions/54435919abffb937387ec956209f9cf5fd2dfbee/gf180mcuD/libs.ref/gf180mcu_fd_sc_mcu7t5v0/lib/gf180mcu_fd_sc_mcu7t5v0__ff_n40C_5v50.lib line 17, library gf180mcu_fd_sc_mcu7t5v0__ff_n40C_5v50 already exists.
Reading timing models for corner min_tt_025C_5v00…
Reading timing library for the 'min_tt_025C_5v00' corner at '/home/windyphony/.ciel/ciel/gf180mcu/versions/54435919abffb937387ec956209f9cf5fd2dfbee/gf180mcuD/libs.ref/gf180mcu_fd_sc_mcu7t5v0/lib/gf180mcu_fd_sc_mcu7t5v0__tt_025C_5v00.lib'…
[WARNING STA-1140] /home/windyphony/.ciel/ciel/gf180mcu/versions/54435919abffb937387ec956209f9cf5fd2dfbee/gf180mcuD/libs.ref/gf180mcu_fd_sc_mcu7t5v0/lib/gf180mcu_fd_sc_mcu7t5v0__tt_025C_5v00.lib line 17, library gf180mcu_fd_sc_mcu7t5v0__tt_025C_5v00 already exists.
Reading timing models for corner max_ss_125C_4v50…
Reading timing library for the 'max_ss_125C_4v50' corner at '/home/windyphony/.ciel/ciel/gf180mcu/versions/54435919abffb937387ec956209f9cf5fd2dfbee/gf180mcuD/libs.ref/gf180mcu_fd_sc_mcu7t5v0/lib/gf180mcu_fd_sc_mcu7t5v0__ss_125C_4v50.lib'…
[WARNING STA-1140] /home/windyphony/.ciel/ciel/gf180mcu/versions/54435919abffb937387ec956209f9cf5fd2dfbee/gf180mcuD/libs.ref/gf180mcu_fd_sc_mcu7t5v0/lib/gf180mcu_fd_sc_mcu7t5v0__ss_125C_4v50.lib line 17, library gf180mcu_fd_sc_mcu7t5v0__ss_125C_4v50 already exists.
Reading timing models for corner nom_ss_125C_4v50…
Reading timing library for the 'nom_ss_125C_4v50' corner at '/home/windyphony/.ciel/ciel/gf180mcu/versions/54435919abffb937387ec956209f9cf5fd2dfbee/gf180mcuD/libs.ref/gf180mcu_fd_sc_mcu7t5v0/lib/gf180mcu_fd_sc_mcu7t5v0__ss_125C_4v50.lib'…
[WARNING STA-1140] /home/windyphony/.ciel/ciel/gf180mcu/versions/54435919abffb937387ec956209f9cf5fd2dfbee/gf180mcuD/libs.ref/gf180mcu_fd_sc_mcu7t5v0/lib/gf180mcu_fd_sc_mcu7t5v0__ss_125C_4v50.lib line 17, library gf180mcu_fd_sc_mcu7t5v0__ss_125C_4v50 already exists.
Reading OpenROAD database at '/home/windyphony/heichips25-workshop/exercise_4/counter_8bit/runs/RUN_2026-05-11_21-47-57/35-openroad-cts/counter_8bit.odb'…
Reading design constraints file at '/home/windyphony/unic-cass/envs/librelane/lib/python3.12/site-packages/librelane/scripts/base.sdc'…
[INFO] Using clock clk_i…
[INFO] Setting output delay to: 5
[INFO] Setting input delay to: 5
[INFO] Setting load to: 0.07291
[INFO] Setting clock uncertainty to: 0.25
[INFO] Setting clock transition to: 0.1499999999999999944488848768742172978818416595458984375
[INFO] Setting timing derate to: 5%
+ repair_timing -verbose -setup -setup_margin 0.05000000000000000277555756156289135105907917022705078125 -max_buffer_percent 50
[INFO RSZ-0100] Repair move sequence: UnbufferMove SizeUpMove SwapPinsMove BufferMove CloneMove SplitLoadMove 
[INFO RSZ-0098] No setup violations found
+ repair_timing -verbose -hold -setup_margin 0.05000000000000000277555756156289135105907917022705078125 -hold_margin 0.1000000000000000055511151231257827021181583404541015625 -max_buffer_percent 50
[INFO RSZ-0033] No hold violations found.
+ detailed_placement -max_displacement  500 100 
Placement Analysis
---------------------------------
total displacement          0.0 u
average displacement        0.0 u
max displacement            0.0 u
original HPWL            1165.7 u
legalized HPWL           1268.6 u
delta HPWL                    9 %

[INFO DPL-0020] Mirrored 23 instances
[INFO DPL-0021] HPWL before            1268.6 u
[INFO DPL-0022] HPWL after             1165.7 u
[INFO DPL-0023] HPWL delta               -8.1 %
Setting global connections for newly added cells…
[INFO] Setting global connections...
[INFO ODB-0403] 0 connections made, 0 conflicts skipped.
Updating metrics…
Cell type report:                       Count       Area
  Endcap cell                              34     149.27
  Tap cell                                 28     122.93
  Clock buffer                              4     346.84
  Timing Repair Buffer                     11     386.36
  Inverter                                  7      61.47
  Sequential cell                           9     572.95
  Multi-Input combinational cell           27     480.75
  Total                                   120    2120.56
Writing OpenROAD database to '/home/windyphony/heichips25-workshop/exercise_4/counter_8bit/runs/RUN_2026-05-11_21-47-57/37-openroad-resizertimingpostcts/counter_8bit.odb'…
Writing netlist to '/home/windyphony/heichips25-workshop/exercise_4/counter_8bit/runs/RUN_2026-05-11_21-47-57/37-openroad-resizertimingpostcts/counter_8bit.nl.v'…
Writing powered netlist to '/home/windyphony/heichips25-workshop/exercise_4/counter_8bit/runs/RUN_2026-05-11_21-47-57/37-openroad-resizertimingpostcts/counter_8bit.pnl.v'…
Writing layout to '/home/windyphony/heichips25-workshop/exercise_4/counter_8bit/runs/RUN_2026-05-11_21-47-57/37-openroad-resizertimingpostcts/counter_8bit.def'…
Writing timing constraints to '/home/windyphony/heichips25-workshop/exercise_4/counter_8bit/runs/RUN_2026-05-11_21-47-57/37-openroad-resizertimingpostcts/counter_8bit.sdc'…
