
Magic 8.3 revision 623 - Compiled on Fri May  8 17:49:10 UTC 2026.
Starting magic under Tcl interpreter
Using the terminal as the console.
Using NULL graphics device.
Processing system .magicrc file
Switching to WIRING tool.
Switching to NETLIST tool.
Switching to PICK tool.
Switching to BOX tool.
Sourcing design .magicrc for technology gf180mcuD ...
10 Magic internal units = 1 Lambda
Input style import: scaleFactor=10, multiplier=2
The following types are not handled by extraction and will be treated as non-electrical types:
    obsactive mvobsactive filldiff fillpoly m1hole obsm1 fillm1 obsv1 m2hole obsm2 fillm2 obsv2 m3hole obsm3 fillm3 m4hole obsm4 fillm4 m5hole obsm5 fillm5 glass fillblock lvstext obscomment 
Scaled tech values by 10 / 1 to match internal grid scaling
Loading gf180mcuD Device Generator Menu ...
Loading "/home/windyphony/unic-cass/envs/librelane/lib/python3.12/site-packages/librelane/scripts/magic/wrapper.tcl" from command line.
> gds read /home/windyphony/.ciel/ciel/gf180mcu/versions/54435919abffb937387ec956209f9cf5fd2dfbee/gf180mcuD/libs.ref/gf180mcu_fd_sc_mcu7t5v0/gds/gf180mcu_fd_sc_mcu7t5v0.gds
Warning: Calma reading is not undoable!  I hope that's OK.
Library written using GDS-II Release 3.0
Library name: gf180mcu_fd_sc_mcu7t5v0
Reading "gf180mcu_fd_sc_mcu7t5v0__nor4_4".
Reading "gf180mcu_fd_sc_mcu7t5v0__oai21_1".
Reading "gf180mcu_fd_sc_mcu7t5v0__oai21_2".
Reading "gf180mcu_fd_sc_mcu7t5v0__oai21_4".
Reading "gf180mcu_fd_sc_mcu7t5v0__oai22_1".
Reading "gf180mcu_fd_sc_mcu7t5v0__oai22_2".
Reading "gf180mcu_fd_sc_mcu7t5v0__oai22_4".
Reading "gf180mcu_fd_sc_mcu7t5v0__oai31_1".
Reading "gf180mcu_fd_sc_mcu7t5v0__oai31_2".
Reading "gf180mcu_fd_sc_mcu7t5v0__oai31_4".
Reading "gf180mcu_fd_sc_mcu7t5v0__oai32_1".
Reading "gf180mcu_fd_sc_mcu7t5v0__oai32_2".
Reading "gf180mcu_fd_sc_mcu7t5v0__oai32_4".
Reading "gf180mcu_fd_sc_mcu7t5v0__oai33_1".
Reading "gf180mcu_fd_sc_mcu7t5v0__oai33_2".
Reading "gf180mcu_fd_sc_mcu7t5v0__oai33_4".
Reading "gf180mcu_fd_sc_mcu7t5v0__oai211_1".
Reading "gf180mcu_fd_sc_mcu7t5v0__oai211_2".
Reading "gf180mcu_fd_sc_mcu7t5v0__oai211_4".
Reading "gf180mcu_fd_sc_mcu7t5v0__oai221_1".
Reading "gf180mcu_fd_sc_mcu7t5v0__oai221_2".
Reading "gf180mcu_fd_sc_mcu7t5v0__oai221_4".
Reading "gf180mcu_fd_sc_mcu7t5v0__oai222_1".
Reading "gf180mcu_fd_sc_mcu7t5v0__oai222_2".
Reading "gf180mcu_fd_sc_mcu7t5v0__oai222_4".
Reading "gf180mcu_fd_sc_mcu7t5v0__or2_1".
Reading "gf180mcu_fd_sc_mcu7t5v0__or2_2".
Reading "gf180mcu_fd_sc_mcu7t5v0__or2_4".
Reading "gf180mcu_fd_sc_mcu7t5v0__or3_1".
Reading "gf180mcu_fd_sc_mcu7t5v0__or3_2".
Reading "gf180mcu_fd_sc_mcu7t5v0__or3_4".
Reading "gf180mcu_fd_sc_mcu7t5v0__or4_1".
Reading "gf180mcu_fd_sc_mcu7t5v0__or4_2".
Reading "gf180mcu_fd_sc_mcu7t5v0__or4_4".
Reading "gf180mcu_fd_sc_mcu7t5v0__sdffq_1".
Reading "gf180mcu_fd_sc_mcu7t5v0__sdffq_2".
Reading "gf180mcu_fd_sc_mcu7t5v0__sdffq_4".
Reading "gf180mcu_fd_sc_mcu7t5v0__sdffrnq_1".
Reading "gf180mcu_fd_sc_mcu7t5v0__sdffrnq_2".
Reading "gf180mcu_fd_sc_mcu7t5v0__sdffrnq_4".
Reading "gf180mcu_fd_sc_mcu7t5v0__sdffrsnq_1".
Reading "gf180mcu_fd_sc_mcu7t5v0__sdffrsnq_2".
Reading "gf180mcu_fd_sc_mcu7t5v0__sdffrsnq_4".
Reading "gf180mcu_fd_sc_mcu7t5v0__sdffsnq_1".
Reading "gf180mcu_fd_sc_mcu7t5v0__sdffsnq_2".
Reading "gf180mcu_fd_sc_mcu7t5v0__sdffsnq_4".
Reading "gf180mcu_fd_sc_mcu7t5v0__tieh".
Reading "gf180mcu_fd_sc_mcu7t5v0__tiel".
Reading "gf180mcu_fd_sc_mcu7t5v0__xnor2_1".
Reading "gf180mcu_fd_sc_mcu7t5v0__xnor2_2".
Reading "gf180mcu_fd_sc_mcu7t5v0__xnor2_4".
Reading "gf180mcu_fd_sc_mcu7t5v0__xnor3_1".
Reading "gf180mcu_fd_sc_mcu7t5v0__xnor3_2".
Reading "gf180mcu_fd_sc_mcu7t5v0__xnor3_4".
Reading "gf180mcu_fd_sc_mcu7t5v0__xor2_1".
Reading "gf180mcu_fd_sc_mcu7t5v0__xor2_2".
Reading "gf180mcu_fd_sc_mcu7t5v0__xor2_4".
Reading "gf180mcu_fd_sc_mcu7t5v0__xor3_1".
Reading "gf180mcu_fd_sc_mcu7t5v0__xor3_2".
Reading "gf180mcu_fd_sc_mcu7t5v0__xor3_4".
Reading "gf180mcu_fd_sc_mcu7t5v0__fillcap_32".
Reading "gf180mcu_fd_sc_mcu7t5v0__fillcap_64".
Reading "gf180mcu_fd_sc_mcu7t5v0__filltie".
Reading "gf180mcu_fd_sc_mcu7t5v0__hold".
Reading "gf180mcu_fd_sc_mcu7t5v0__icgtn_1".
Reading "gf180mcu_fd_sc_mcu7t5v0__icgtn_2".
Reading "gf180mcu_fd_sc_mcu7t5v0__icgtn_4".
Reading "gf180mcu_fd_sc_mcu7t5v0__icgtp_1".
Reading "gf180mcu_fd_sc_mcu7t5v0__icgtp_2".
Reading "gf180mcu_fd_sc_mcu7t5v0__icgtp_4".
Reading "gf180mcu_fd_sc_mcu7t5v0__inv_1".
Reading "gf180mcu_fd_sc_mcu7t5v0__inv_2".
Reading "gf180mcu_fd_sc_mcu7t5v0__inv_3".
Reading "gf180mcu_fd_sc_mcu7t5v0__inv_4".
Reading "gf180mcu_fd_sc_mcu7t5v0__inv_8".
Reading "gf180mcu_fd_sc_mcu7t5v0__inv_12".
Reading "gf180mcu_fd_sc_mcu7t5v0__inv_16".
Reading "gf180mcu_fd_sc_mcu7t5v0__inv_20".
Reading "gf180mcu_fd_sc_mcu7t5v0__invz_1".
Reading "gf180mcu_fd_sc_mcu7t5v0__invz_2".
Reading "gf180mcu_fd_sc_mcu7t5v0__invz_3".
Reading "gf180mcu_fd_sc_mcu7t5v0__invz_4".
Reading "gf180mcu_fd_sc_mcu7t5v0__invz_8".
Reading "gf180mcu_fd_sc_mcu7t5v0__invz_12".
Reading "gf180mcu_fd_sc_mcu7t5v0__invz_16".
Reading "gf180mcu_fd_sc_mcu7t5v0__latq_1".
Reading "gf180mcu_fd_sc_mcu7t5v0__latq_2".
Reading "gf180mcu_fd_sc_mcu7t5v0__latq_4".
Reading "gf180mcu_fd_sc_mcu7t5v0__latrnq_1".
Reading "gf180mcu_fd_sc_mcu7t5v0__latrnq_2".
Reading "gf180mcu_fd_sc_mcu7t5v0__latrnq_4".
Reading "gf180mcu_fd_sc_mcu7t5v0__latrsnq_1".
Reading "gf180mcu_fd_sc_mcu7t5v0__latrsnq_2".
Reading "gf180mcu_fd_sc_mcu7t5v0__latrsnq_4".
Reading "gf180mcu_fd_sc_mcu7t5v0__latsnq_1".
Reading "gf180mcu_fd_sc_mcu7t5v0__latsnq_2".
Reading "gf180mcu_fd_sc_mcu7t5v0__latsnq_4".
Reading "gf180mcu_fd_sc_mcu7t5v0__mux2_1".
Reading "gf180mcu_fd_sc_mcu7t5v0__mux2_2".
Reading "gf180mcu_fd_sc_mcu7t5v0__mux2_4".
Reading "gf180mcu_fd_sc_mcu7t5v0__mux4_1".
Reading "gf180mcu_fd_sc_mcu7t5v0__mux4_2".
Reading "gf180mcu_fd_sc_mcu7t5v0__mux4_4".
Reading "gf180mcu_fd_sc_mcu7t5v0__nand2_1".
Reading "gf180mcu_fd_sc_mcu7t5v0__nand2_2".
Reading "gf180mcu_fd_sc_mcu7t5v0__nand2_4".
Reading "gf180mcu_fd_sc_mcu7t5v0__nand3_1".
Reading "gf180mcu_fd_sc_mcu7t5v0__nand3_2".
Reading "gf180mcu_fd_sc_mcu7t5v0__nand3_4".
Reading "gf180mcu_fd_sc_mcu7t5v0__nand4_1".
Reading "gf180mcu_fd_sc_mcu7t5v0__nand4_2".
Reading "gf180mcu_fd_sc_mcu7t5v0__nand4_4".
Reading "gf180mcu_fd_sc_mcu7t5v0__nor2_1".
Reading "gf180mcu_fd_sc_mcu7t5v0__nor2_2".
Reading "gf180mcu_fd_sc_mcu7t5v0__nor2_4".
Reading "gf180mcu_fd_sc_mcu7t5v0__nor3_1".
Reading "gf180mcu_fd_sc_mcu7t5v0__nor3_2".
Reading "gf180mcu_fd_sc_mcu7t5v0__nor3_4".
Reading "gf180mcu_fd_sc_mcu7t5v0__nor4_1".
Reading "gf180mcu_fd_sc_mcu7t5v0__nor4_2".
Reading "gf180mcu_fd_sc_mcu7t5v0__clkbuf_4".
Reading "gf180mcu_fd_sc_mcu7t5v0__clkbuf_8".
Reading "gf180mcu_fd_sc_mcu7t5v0__clkbuf_12".
Reading "gf180mcu_fd_sc_mcu7t5v0__clkbuf_16".
Reading "gf180mcu_fd_sc_mcu7t5v0__clkbuf_20".
Reading "gf180mcu_fd_sc_mcu7t5v0__clkinv_1".
Reading "gf180mcu_fd_sc_mcu7t5v0__clkinv_2".
Reading "gf180mcu_fd_sc_mcu7t5v0__clkinv_3".
Reading "gf180mcu_fd_sc_mcu7t5v0__clkinv_4".
Reading "gf180mcu_fd_sc_mcu7t5v0__clkinv_8".
Reading "gf180mcu_fd_sc_mcu7t5v0__clkinv_12".
Reading "gf180mcu_fd_sc_mcu7t5v0__clkinv_16".
Reading "gf180mcu_fd_sc_mcu7t5v0__clkinv_20".
Reading "gf180mcu_fd_sc_mcu7t5v0__dffnq_1".
Reading "gf180mcu_fd_sc_mcu7t5v0__dffnq_2".
Reading "gf180mcu_fd_sc_mcu7t5v0__dffnq_4".
Reading "gf180mcu_fd_sc_mcu7t5v0__dffnrnq_1".
Reading "gf180mcu_fd_sc_mcu7t5v0__dffnrnq_2".
Reading "gf180mcu_fd_sc_mcu7t5v0__dffnrnq_4".
Reading "gf180mcu_fd_sc_mcu7t5v0__dffnrsnq_1".
Reading "gf180mcu_fd_sc_mcu7t5v0__dffnrsnq_2".
Reading "gf180mcu_fd_sc_mcu7t5v0__dffnrsnq_4".
Reading "gf180mcu_fd_sc_mcu7t5v0__dffnsnq_1".
Reading "gf180mcu_fd_sc_mcu7t5v0__dffnsnq_2".
Reading "gf180mcu_fd_sc_mcu7t5v0__dffnsnq_4".
Reading "gf180mcu_fd_sc_mcu7t5v0__dffq_1".
Reading "gf180mcu_fd_sc_mcu7t5v0__dffq_2".
Reading "gf180mcu_fd_sc_mcu7t5v0__dffq_4".
Reading "gf180mcu_fd_sc_mcu7t5v0__dffrnq_1".
Reading "gf180mcu_fd_sc_mcu7t5v0__dffrnq_2".
Reading "gf180mcu_fd_sc_mcu7t5v0__dffrnq_4".
Reading "gf180mcu_fd_sc_mcu7t5v0__dffrsnq_1".
Reading "gf180mcu_fd_sc_mcu7t5v0__dffrsnq_2".
Reading "gf180mcu_fd_sc_mcu7t5v0__dffrsnq_4".
Reading "gf180mcu_fd_sc_mcu7t5v0__dffsnq_1".
Reading "gf180mcu_fd_sc_mcu7t5v0__dffsnq_2".
Reading "gf180mcu_fd_sc_mcu7t5v0__dffsnq_4".
Reading "gf180mcu_fd_sc_mcu7t5v0__dlya_1".
Reading "gf180mcu_fd_sc_mcu7t5v0__dlya_2".
Reading "gf180mcu_fd_sc_mcu7t5v0__dlya_4".
Reading "gf180mcu_fd_sc_mcu7t5v0__dlyb_1".
Reading "gf180mcu_fd_sc_mcu7t5v0__dlyb_2".
Reading "gf180mcu_fd_sc_mcu7t5v0__dlyb_4".
Reading "gf180mcu_fd_sc_mcu7t5v0__dlyc_1".
Reading "gf180mcu_fd_sc_mcu7t5v0__dlyc_2".
Reading "gf180mcu_fd_sc_mcu7t5v0__dlyc_4".
Reading "gf180mcu_fd_sc_mcu7t5v0__dlyd_1".
Reading "gf180mcu_fd_sc_mcu7t5v0__dlyd_2".
Reading "gf180mcu_fd_sc_mcu7t5v0__dlyd_4".
Reading "gf180mcu_fd_sc_mcu7t5v0__endcap".
Reading "gf180mcu_fd_sc_mcu7t5v0__fill_1".
Reading "gf180mcu_fd_sc_mcu7t5v0__fill_2".
Reading "gf180mcu_fd_sc_mcu7t5v0__fill_4".
Reading "gf180mcu_fd_sc_mcu7t5v0__fill_8".
Reading "gf180mcu_fd_sc_mcu7t5v0__fill_16".
Reading "gf180mcu_fd_sc_mcu7t5v0__fill_32".
Reading "gf180mcu_fd_sc_mcu7t5v0__fill_64".
Reading "gf180mcu_fd_sc_mcu7t5v0__fillcap_4".
Reading "gf180mcu_fd_sc_mcu7t5v0__fillcap_8".
Reading "gf180mcu_fd_sc_mcu7t5v0__fillcap_16".
Reading "(UNNAMED)".
Note:  cell (UNNAMED) already existed before reading GDS.
Using pre-existing cell definition
Reading "gf180mcu_fd_sc_mcu7t5v0__addf_1".
Reading "gf180mcu_fd_sc_mcu7t5v0__addf_2".
Reading "gf180mcu_fd_sc_mcu7t5v0__addf_4".
Reading "gf180mcu_fd_sc_mcu7t5v0__addh_1".
Reading "gf180mcu_fd_sc_mcu7t5v0__addh_2".
Reading "gf180mcu_fd_sc_mcu7t5v0__addh_4".
Reading "gf180mcu_fd_sc_mcu7t5v0__and2_1".
Reading "gf180mcu_fd_sc_mcu7t5v0__and2_2".
Reading "gf180mcu_fd_sc_mcu7t5v0__and2_4".
Reading "gf180mcu_fd_sc_mcu7t5v0__and3_1".
Reading "gf180mcu_fd_sc_mcu7t5v0__and3_2".
Reading "gf180mcu_fd_sc_mcu7t5v0__and3_4".
Reading "gf180mcu_fd_sc_mcu7t5v0__and4_1".
Reading "gf180mcu_fd_sc_mcu7t5v0__and4_2".
Reading "gf180mcu_fd_sc_mcu7t5v0__and4_4".
Reading "gf180mcu_fd_sc_mcu7t5v0__antenna".
Reading "gf180mcu_fd_sc_mcu7t5v0__aoi21_1".
Reading "gf180mcu_fd_sc_mcu7t5v0__aoi21_2".
Reading "gf180mcu_fd_sc_mcu7t5v0__aoi21_4".
Reading "gf180mcu_fd_sc_mcu7t5v0__aoi22_1".
Reading "gf180mcu_fd_sc_mcu7t5v0__aoi22_2".
Reading "gf180mcu_fd_sc_mcu7t5v0__aoi22_4".
Reading "gf180mcu_fd_sc_mcu7t5v0__aoi211_1".
Reading "gf180mcu_fd_sc_mcu7t5v0__aoi211_2".
Reading "gf180mcu_fd_sc_mcu7t5v0__aoi211_4".
Reading "gf180mcu_fd_sc_mcu7t5v0__aoi221_1".
Reading "gf180mcu_fd_sc_mcu7t5v0__aoi221_2".
Reading "gf180mcu_fd_sc_mcu7t5v0__aoi221_4".
Reading "gf180mcu_fd_sc_mcu7t5v0__aoi222_1".
Reading "gf180mcu_fd_sc_mcu7t5v0__aoi222_2".
Reading "gf180mcu_fd_sc_mcu7t5v0__aoi222_4".
Reading "gf180mcu_fd_sc_mcu7t5v0__buf_1".
Reading "gf180mcu_fd_sc_mcu7t5v0__buf_2".
Reading "gf180mcu_fd_sc_mcu7t5v0__buf_3".
Reading "gf180mcu_fd_sc_mcu7t5v0__buf_4".
Reading "gf180mcu_fd_sc_mcu7t5v0__buf_8".
Reading "gf180mcu_fd_sc_mcu7t5v0__buf_12".
Reading "gf180mcu_fd_sc_mcu7t5v0__buf_16".
Reading "gf180mcu_fd_sc_mcu7t5v0__buf_20".
Reading "gf180mcu_fd_sc_mcu7t5v0__bufz_1".
Reading "gf180mcu_fd_sc_mcu7t5v0__bufz_2".
Reading "gf180mcu_fd_sc_mcu7t5v0__bufz_3".
Reading "gf180mcu_fd_sc_mcu7t5v0__bufz_4".
Reading "gf180mcu_fd_sc_mcu7t5v0__bufz_8".
Reading "gf180mcu_fd_sc_mcu7t5v0__bufz_12".
Reading "gf180mcu_fd_sc_mcu7t5v0__bufz_16".
Reading "gf180mcu_fd_sc_mcu7t5v0__clkbuf_1".
Reading "gf180mcu_fd_sc_mcu7t5v0__clkbuf_2".
Reading "gf180mcu_fd_sc_mcu7t5v0__clkbuf_3".
CIF file read error: Warning:  Cell gf180mcu_fd_sc_mcu7t5v0__clkbuf_3 boundary was redefined.
> lef read /home/windyphony/.ciel/ciel/gf180mcu/versions/54435919abffb937387ec956209f9cf5fd2dfbee/gf180mcuD/libs.ref/gf180mcu_fd_sc_mcu7t5v0/lef/gf180mcu_fd_sc_mcu7t5v0.lef
Reading LEF data from file /home/windyphony/.ciel/ciel/gf180mcu/versions/54435919abffb937387ec956209f9cf5fd2dfbee/gf180mcuD/libs.ref/gf180mcu_fd_sc_mcu7t5v0/lef/gf180mcu_fd_sc_mcu7t5v0.lef.
This action cannot be undone.
LEF read: Processed 26334 lines.
Cell (NEWCELL) couldn't be read
No such file or directory
Creating new cell
> lef read /home/windyphony/.ciel/ciel/gf180mcu/versions/54435919abffb937387ec956209f9cf5fd2dfbee/gf180mcuD/libs.ref/gf180mcu_fd_sc_mcu7t5v0/techlef/gf180mcu_fd_sc_mcu7t5v0__nom.tlef
Reading LEF data from file /home/windyphony/.ciel/ciel/gf180mcu/versions/54435919abffb937387ec956209f9cf5fd2dfbee/gf180mcuD/libs.ref/gf180mcu_fd_sc_mcu7t5v0/techlef/gf180mcu_fd_sc_mcu7t5v0__nom.tlef.
This action cannot be undone.
LEF read, Line 88 (Message): Unknown keyword "MINWIDTH" in LEF file; ignoring.
LEF read, Line 95 (Message): Unknown keyword "ANTENNAMODEL" in LEF file; ignoring.
LEF read, Line 105 (Message): Unknown keyword "DENSITYCHECKWINDOW" in LEF file; ignoring.
LEF read, Line 106 (Message): Unknown keyword "DENSITYCHECKSTEP" in LEF file; ignoring.
LEF read, Line 120 (Message): Unknown keyword "ARRAYSPACING" in LEF file; ignoring.
LEF read, Line 125 (Message): Unknown keyword "ANTENNAMODEL" in LEF file; ignoring.
LEF read, Line 137 (Message): Unknown keyword "MINWIDTH" in LEF file; ignoring.
LEF read, Line 144 (Message): Unknown keyword "ANTENNAMODEL" in LEF file; ignoring.
LEF read, Line 145 (Message): Unknown keyword "ANTENNADIFFSIDEAREARATIO" in LEF file; ignoring.
LEF read, Line 146 (Message): Unknown keyword "ANTENNAGATEPLUSDIFF" in LEF file; ignoring.
LEF read, Line 155 (Message): Unknown keyword "DENSITYCHECKWINDOW" in LEF file; ignoring.
LEF read, Line 156 (Message): Unknown keyword "DENSITYCHECKSTEP" in LEF file; ignoring.
LEF read, Line 172 (Message): Unknown keyword "ARRAYSPACING" in LEF file; ignoring.
LEF read, Line 177 (Message): Unknown keyword "ANTENNAMODEL" in LEF file; ignoring.
LEF read, Line 189 (Message): Unknown keyword "MINWIDTH" in LEF file; ignoring.
LEF read, Line 196 (Message): Unknown keyword "ANTENNAMODEL" in LEF file; ignoring.
LEF read, Line 197 (Message): Unknown keyword "ANTENNADIFFSIDEAREARATIO" in LEF file; ignoring.
LEF read, Line 198 (Message): Unknown keyword "ANTENNAGATEPLUSDIFF" in LEF file; ignoring.
LEF read, Line 207 (Message): Unknown keyword "DENSITYCHECKWINDOW" in LEF file; ignoring.
LEF read, Line 208 (Message): Unknown keyword "DENSITYCHECKSTEP" in LEF file; ignoring.
LEF read, Line 224 (Message): Unknown keyword "ARRAYSPACING" in LEF file; ignoring.
LEF read, Line 229 (Message): Unknown keyword "ANTENNAMODEL" in LEF file; ignoring.
LEF read, Line 241 (Message): Unknown keyword "MINWIDTH" in LEF file; ignoring.
LEF read, Line 248 (Message): Unknown keyword "ANTENNAMODEL" in LEF file; ignoring.
LEF read, Line 249 (Message): Unknown keyword "ANTENNADIFFSIDEAREARATIO" in LEF file; ignoring.
LEF read, Line 250 (Message): Unknown keyword "ANTENNAGATEPLUSDIFF" in LEF file; ignoring.
LEF read, Line 259 (Message): Unknown keyword "DENSITYCHECKWINDOW" in LEF file; ignoring.
LEF read, Line 260 (Message): Unknown keyword "DENSITYCHECKSTEP" in LEF file; ignoring.
LEF read, Line 276 (Message): Unknown keyword "ARRAYSPACING" in LEF file; ignoring.
LEF read, Line 281 (Message): Unknown keyword "ANTENNAMODEL" in LEF file; ignoring.
LEF read, Line 295 (Message): Unknown keyword "MINWIDTH" in LEF file; ignoring.
LEF read, Line 307 (Message): Unknown keyword "ANTENNAMODEL" in LEF file; ignoring.
LEF read, Line 308 (Message): Unknown keyword "ANTENNADIFFSIDEAREARATIO" in LEF file; ignoring.
LEF read, Line 309 (Message): Unknown keyword "ANTENNAGATEPLUSDIFF" in LEF file; ignoring.
LEF read, Line 314 (Message): Unknown keyword "DENSITYCHECKWINDOW" in LEF file; ignoring.
LEF read, Line 315 (Message): Unknown keyword "DENSITYCHECKSTEP" in LEF file; ignoring.
LEF read: Processed 1319 lines.
> def read /home/windyphony/heichips25-workshop/exercise_4/counter_8bit/runs/RUN_2026-05-11_22-31-40/53-odb-cellfrequencytables/counter_8bit.def -noblockage
Reading DEF data from file /home/windyphony/heichips25-workshop/exercise_4/counter_8bit/runs/RUN_2026-05-11_22-31-40/53-odb-cellfrequencytables/counter_8bit.def.
This action cannot be undone.
  Processed 4 vias total.
  Processed 1 non-default rules total.
  Processed 247 subcell instances total.
  Processed 14 pins total.
  Processed 2 special nets total.
  Processed 60 nets total.
DEF read: Processed 1195 lines.
   Copying output for cell gf180mcu_fd_sc_mcu7t5v0__endcap from $PDKPATH/libs.ref/gf180mcu_fd_sc_mcu7t5v0/gds/gf180mcu_fd_sc_mcu7t5v0.gds
   Copying output for cell gf180mcu_fd_sc_mcu7t5v0__fillcap_32 from $PDKPATH/libs.ref/gf180mcu_fd_sc_mcu7t5v0/gds/gf180mcu_fd_sc_mcu7t5v0.gds
   Copying output for cell gf180mcu_fd_sc_mcu7t5v0__dlyb_1 from $PDKPATH/libs.ref/gf180mcu_fd_sc_mcu7t5v0/gds/gf180mcu_fd_sc_mcu7t5v0.gds
   Copying output for cell gf180mcu_fd_sc_mcu7t5v0__filltie from $PDKPATH/libs.ref/gf180mcu_fd_sc_mcu7t5v0/gds/gf180mcu_fd_sc_mcu7t5v0.gds
   Copying output for cell gf180mcu_fd_sc_mcu7t5v0__fill_2 from $PDKPATH/libs.ref/gf180mcu_fd_sc_mcu7t5v0/gds/gf180mcu_fd_sc_mcu7t5v0.gds
   Copying output for cell gf180mcu_fd_sc_mcu7t5v0__fill_1 from $PDKPATH/libs.ref/gf180mcu_fd_sc_mcu7t5v0/gds/gf180mcu_fd_sc_mcu7t5v0.gds
   Copying output for cell gf180mcu_fd_sc_mcu7t5v0__fillcap_16 from $PDKPATH/libs.ref/gf180mcu_fd_sc_mcu7t5v0/gds/gf180mcu_fd_sc_mcu7t5v0.gds
   Copying output for cell gf180mcu_fd_sc_mcu7t5v0__fillcap_8 from $PDKPATH/libs.ref/gf180mcu_fd_sc_mcu7t5v0/gds/gf180mcu_fd_sc_mcu7t5v0.gds
   Copying output for cell gf180mcu_fd_sc_mcu7t5v0__fillcap_4 from $PDKPATH/libs.ref/gf180mcu_fd_sc_mcu7t5v0/gds/gf180mcu_fd_sc_mcu7t5v0.gds
   Copying output for cell gf180mcu_fd_sc_mcu7t5v0__dffq_1 from $PDKPATH/libs.ref/gf180mcu_fd_sc_mcu7t5v0/gds/gf180mcu_fd_sc_mcu7t5v0.gds
   Copying output for cell gf180mcu_fd_sc_mcu7t5v0__clkbuf_16 from $PDKPATH/libs.ref/gf180mcu_fd_sc_mcu7t5v0/gds/gf180mcu_fd_sc_mcu7t5v0.gds
   Copying output for cell gf180mcu_fd_sc_mcu7t5v0__aoi21_1 from $PDKPATH/libs.ref/gf180mcu_fd_sc_mcu7t5v0/gds/gf180mcu_fd_sc_mcu7t5v0.gds
   Copying output for cell gf180mcu_fd_sc_mcu7t5v0__oai21_1 from $PDKPATH/libs.ref/gf180mcu_fd_sc_mcu7t5v0/gds/gf180mcu_fd_sc_mcu7t5v0.gds
   Copying output for cell gf180mcu_fd_sc_mcu7t5v0__clkinv_1 from $PDKPATH/libs.ref/gf180mcu_fd_sc_mcu7t5v0/gds/gf180mcu_fd_sc_mcu7t5v0.gds
   Copying output for cell gf180mcu_fd_sc_mcu7t5v0__nor3_1 from $PDKPATH/libs.ref/gf180mcu_fd_sc_mcu7t5v0/gds/gf180mcu_fd_sc_mcu7t5v0.gds
   Copying output for cell gf180mcu_fd_sc_mcu7t5v0__oai31_1 from $PDKPATH/libs.ref/gf180mcu_fd_sc_mcu7t5v0/gds/gf180mcu_fd_sc_mcu7t5v0.gds
   Copying output for cell gf180mcu_fd_sc_mcu7t5v0__and3_1 from $PDKPATH/libs.ref/gf180mcu_fd_sc_mcu7t5v0/gds/gf180mcu_fd_sc_mcu7t5v0.gds
   Copying output for cell gf180mcu_fd_sc_mcu7t5v0__aoi211_1 from $PDKPATH/libs.ref/gf180mcu_fd_sc_mcu7t5v0/gds/gf180mcu_fd_sc_mcu7t5v0.gds
   Copying output for cell gf180mcu_fd_sc_mcu7t5v0__nand2_1 from $PDKPATH/libs.ref/gf180mcu_fd_sc_mcu7t5v0/gds/gf180mcu_fd_sc_mcu7t5v0.gds
   Copying output for cell gf180mcu_fd_sc_mcu7t5v0__nand4_1 from $PDKPATH/libs.ref/gf180mcu_fd_sc_mcu7t5v0/gds/gf180mcu_fd_sc_mcu7t5v0.gds
   Copying output for cell gf180mcu_fd_sc_mcu7t5v0__nand3_1 from $PDKPATH/libs.ref/gf180mcu_fd_sc_mcu7t5v0/gds/gf180mcu_fd_sc_mcu7t5v0.gds
   Copying output for cell gf180mcu_fd_sc_mcu7t5v0__or4_1 from $PDKPATH/libs.ref/gf180mcu_fd_sc_mcu7t5v0/gds/gf180mcu_fd_sc_mcu7t5v0.gds
   Copying output for cell gf180mcu_fd_sc_mcu7t5v0__and4_1 from $PDKPATH/libs.ref/gf180mcu_fd_sc_mcu7t5v0/gds/gf180mcu_fd_sc_mcu7t5v0.gds
   Copying output for cell gf180mcu_fd_sc_mcu7t5v0__aoi22_1 from $PDKPATH/libs.ref/gf180mcu_fd_sc_mcu7t5v0/gds/gf180mcu_fd_sc_mcu7t5v0.gds
   Copying output for cell gf180mcu_fd_sc_mcu7t5v0__clkbuf_2 from $PDKPATH/libs.ref/gf180mcu_fd_sc_mcu7t5v0/gds/gf180mcu_fd_sc_mcu7t5v0.gds
   Copying output for cell gf180mcu_fd_sc_mcu7t5v0__nor2_1 from $PDKPATH/libs.ref/gf180mcu_fd_sc_mcu7t5v0/gds/gf180mcu_fd_sc_mcu7t5v0.gds
   Copying output for cell gf180mcu_fd_sc_mcu7t5v0__fillcap_64 from $PDKPATH/libs.ref/gf180mcu_fd_sc_mcu7t5v0/gds/gf180mcu_fd_sc_mcu7t5v0.gds
   Generating output for cell counter_8bit
[INFO] GDS Write Complete
