Reading timing models for corner nom_tt_025C_5v00…
Reading timing library for the 'nom_tt_025C_5v00' corner at '/home/windyphony/.ciel/ciel/gf180mcu/versions/54435919abffb937387ec956209f9cf5fd2dfbee/gf180mcuD/libs.ref/gf180mcu_fd_sc_mcu7t5v0/lib/gf180mcu_fd_sc_mcu7t5v0__tt_025C_5v00.lib'…
Reading OpenROAD database at '/home/windyphony/heichips25-workshop/exercise_4/counter_8bit/runs/RUN_2026-05-11_21-47-57/21-openroad-generatepdn/counter_8bit.odb'…
Reading design constraints file at '/home/windyphony/unic-cass/envs/librelane/lib/python3.12/site-packages/librelane/scripts/base.sdc'…
[INFO] Using clock clk_i…
[INFO] Setting output delay to: 5
[INFO] Setting input delay to: 5
[INFO] Setting load to: 0.07291
[INFO] Setting clock uncertainty to: 0.25
[INFO] Setting clock transition to: 0.1499999999999999944488848768742172978818416595458984375
[INFO] Setting timing derate to: 5%
+ global_placement -density 0.6 -skip_io -pad_right 0 -pad_left 0 -init_wirelength_coef 0.25
[INFO GPL-0001] ---- Initialize GPL Main Data Structures
[INFO GPL-0002] DBU: 2000
[INFO GPL-0003] SiteSize: (  0.560  3.920 ) um
[INFO GPL-0004] CoreBBox: (  3.360  3.920 ) ( 71.120 70.560 ) um
[INFO GPL-0036] Movable instances area:       1115.162 um^2
[INFO GPL-0037] Total instances area:         1238.093 um^2
[INFO GPL-0035] Pin density area adjust:       150.511 um^2
[INFO GPL-0032] ---- Initialize Region: Top-level
[INFO GPL-0006] Number of instances:                71
[INFO GPL-0007] Movable instances:                  43
[INFO GPL-0008] Fixed instances:                    28
[INFO GPL-0009] Dummy instances:                     0
[INFO GPL-0010] Number of nets:                     46
[INFO GPL-0011] Number of pins:                    151
[INFO GPL-0012] Die BBox:  (  0.000  0.000 ) ( 75.000 75.000 ) um
[INFO GPL-0013] Core BBox: (  3.360  3.920 ) ( 71.120 70.560 ) um
[INFO GPL-0016] Core area:                    4515.526 um^2
[INFO GPL-0014] Region name: top-level.
[INFO GPL-0015] Region area:                  4515.526 um^2
[INFO GPL-0017] Fixed instances area:          122.931 um^2
[INFO GPL-0018] Movable instances area:       1265.672 um^2
[INFO GPL-0019] Utilization:                    28.814 %
[INFO GPL-0020] Standard cells area:          1265.672 um^2
[INFO GPL-0021] Large instances area:            0.000 um^2
[INFO GPL-0005] ---- Execute Conjugate Gradient Initial Placement.
[INFO GPL-0051] Source of initial instance position counters:
	Odb location = 0	Core center = 43	Region center = 0
[INFO GPL-0033] ---- Initialize Nesterov Region: Top-level
[INFO GPL-0023] Placement target density:       0.6000
[INFO GPL-0024] Movable insts average area:     29.434 um^2
[INFO GPL-0025] Ideal bin area:                 49.057 um^2
[INFO GPL-0026] Ideal bin count:                    92
[INFO GPL-0027] Total bin area:               4515.526 um^2
[INFO GPL-0028] Bin count (X, Y):           8 ,      8
[INFO GPL-0029] Bin size (W * H):       8.470 *  8.330 um
[INFO GPL-0030] Number of bins:                     64
[INFO GPL-0007] ---- Execute Nesterov Global Placement.
[INFO GPL-0031] HPWL: Half-Perimeter Wirelength
Iteration | Overflow |     HPWL (um) |  HPWL(%) |   Penalty | Group
---------------------------------------------------------------
        0 |   0.8703 |  1.852160e+02 |   +0.00% |  6.30e-15 |      
       10 |   0.8604 |  1.680300e+02 |   -9.28% |  1.03e-14 |      
       20 |   0.8606 |  1.680210e+02 |   -0.01% |  1.67e-14 |      
       30 |   0.8606 |  1.680010e+02 |   -0.01% |  2.72e-14 |      
       40 |   0.8606 |  1.680460e+02 |   +0.03% |  4.44e-14 |      
       50 |   0.8606 |  1.680735e+02 |   +0.02% |  7.23e-14 |      
       60 |   0.8605 |  1.681780e+02 |   +0.06% |  1.18e-13 |      
       70 |   0.8605 |  1.684235e+02 |   +0.15% |  1.92e-13 |      
       80 |   0.8604 |  1.689745e+02 |   +0.33% |  3.12e-13 |      
       90 |   0.8603 |  1.699285e+02 |   +0.56% |  5.09e-13 |      
      100 |   0.8600 |  1.711650e+02 |   +0.73% |  8.29e-13 |      
      110 |   0.8593 |  1.720325e+02 |   +0.51% |  1.35e-12 |      
      120 |   0.8571 |  1.719805e+02 |   -0.03% |  2.20e-12 |      
      130 |   0.8527 |  1.710840e+02 |   -0.52% |  3.58e-12 |      
      140 |   0.8459 |  1.703470e+02 |   -0.43% |  5.84e-12 |      
      150 |   0.8382 |  1.698260e+02 |   -0.31% |  9.51e-12 |      
      160 |   0.8347 |  1.704975e+02 |   +0.40% |  1.55e-11 |      
      170 |   0.8377 |  1.710800e+02 |   +0.34% |  2.52e-11 |      
      180 |   0.8361 |  1.743625e+02 |   +1.92% |  4.11e-11 |      
      190 |   0.7976 |  1.853285e+02 |   +6.29% |  6.69e-11 |      
      200 |   0.7520 |  2.090575e+02 |  +12.80% |  1.09e-10 |      
      210 |   0.7363 |  2.263985e+02 |   +8.29% |  1.78e-10 |      
      220 |   0.7010 |  2.851845e+02 |  +25.97% |  2.89e-10 |      
      230 |   0.6287 |  3.306380e+02 |  +15.94% |  4.71e-10 |      
      240 |   0.5777 |  3.627280e+02 |   +9.71% |  7.67e-10 |      
      250 |   0.5228 |  3.969320e+02 |   +9.43% |  1.25e-09 |      
      260 |   0.4697 |  4.285760e+02 |   +7.97% |  2.04e-09 |      
      270 |   0.4269 |  4.693500e+02 |   +9.51% |  3.32e-09 |      
      280 |   0.3810 |  5.019290e+02 |   +6.94% |  5.40e-09 |      
      290 |   0.3302 |  5.452310e+02 |   +8.63% |  8.63e-09 |      
      300 |   0.2880 |  5.641220e+02 |   +3.46% |  1.27e-08 |      
      310 |   0.2560 |  5.931755e+02 |   +5.15% |  1.87e-08 |      
      320 |   0.2202 |  6.159240e+02 |   +3.84% |  2.76e-08 |      
      330 |   0.1881 |  6.336760e+02 |   +2.88% |  4.06e-08 |      
      340 |   0.1664 |  6.508290e+02 |   +2.71% |  5.98e-08 |      
      350 |   0.1369 |  6.661725e+02 |   +2.36% |  8.82e-08 |      
      360 |   0.1024 |  6.737260e+02 |   +1.13% |  1.30e-07 |      
      361 |   0.0978 |  6.752625e+02 |          |  1.40e-07 |      
---------------------------------------------------------------
[INFO GPL-1001] Global placement finished at iteration 361
[INFO GPL-1002] Placed Cell Area             1265.6723
[INFO GPL-1003] Available Free Area          4392.5952
[INFO GPL-1004] Minimum Feasible Density        0.2900 (cell_area / free_area)
[INFO GPL-1006]   Suggested Target Densities:
[INFO GPL-1007]     - For 90% usage of free space: 0.3202
[INFO GPL-1008]     - For 80% usage of free space: 0.3602
[INFO GPL-1009]     - For 50% usage of free space: 0.5763
[INFO GPL-1014] Final placement area: 1265.67 (+0.00%)
Setting global connections for newly added cells…
[INFO] Setting global connections...
[INFO ODB-0403] 0 connections made, 0 conflicts skipped.
Updating metrics…
Cell type report:                       Count       Area
  Endcap cell                              34     149.27
  Tap cell                                 28     122.93
  Inverter                                  7      61.47
  Sequential cell                           9     572.95
  Multi-Input combinational cell           27     480.75
  Total                                   105    1387.37
Writing OpenROAD database to '/home/windyphony/heichips25-workshop/exercise_4/counter_8bit/runs/RUN_2026-05-11_21-47-57/24-openroad-globalplacementskipio/counter_8bit.odb'…
Writing netlist to '/home/windyphony/heichips25-workshop/exercise_4/counter_8bit/runs/RUN_2026-05-11_21-47-57/24-openroad-globalplacementskipio/counter_8bit.nl.v'…
Writing powered netlist to '/home/windyphony/heichips25-workshop/exercise_4/counter_8bit/runs/RUN_2026-05-11_21-47-57/24-openroad-globalplacementskipio/counter_8bit.pnl.v'…
Writing layout to '/home/windyphony/heichips25-workshop/exercise_4/counter_8bit/runs/RUN_2026-05-11_21-47-57/24-openroad-globalplacementskipio/counter_8bit.def'…
Writing timing constraints to '/home/windyphony/heichips25-workshop/exercise_4/counter_8bit/runs/RUN_2026-05-11_21-47-57/24-openroad-globalplacementskipio/counter_8bit.sdc'…
