
===========================================================================
report_checks -unconstrained
===========================================================================
======================= nom_tt_025C_5v00 Corner ===================================

Startpoint: en_i (input port clocked by clk_i)
Endpoint: _75_ (rising edge-triggered flip-flop clocked by clk_i)
Path Group: clk_i
Path Type: max

Fanout         Cap        Slew       Delay        Time   Description
---------------------------------------------------------------------------------------------
                                  0.000000    0.000000   clock clk_i (rise edge)
                                  0.000000    0.000000   clock network delay (propagated)
                                  5.000000    5.000000 ^ input external delay
     6    0.030279    0.532659    0.286655    5.286655 ^ en_i (in)
                                                         en_i (net)
                      0.532659    0.000000    5.286655 ^ _49_/A1 (gf180mcu_fd_sc_mcu7t5v0__nand4_1)
     8    0.037955    1.205623    0.702853    5.989508 v _49_/ZN (gf180mcu_fd_sc_mcu7t5v0__nand4_1)
                                                         _22_ (net)
                      1.205623    0.000092    5.989600 v _64_/A3 (gf180mcu_fd_sc_mcu7t5v0__or4_1)
     2    0.007992    0.327625    1.085964    7.075564 v _64_/Z (gf180mcu_fd_sc_mcu7t5v0__or4_1)
                                                         _32_ (net)
                      0.327625    0.000010    7.075574 v _65_/A3 (gf180mcu_fd_sc_mcu7t5v0__and3_1)
     1    0.002654    0.125092    0.380266    7.455841 v _65_/Z (gf180mcu_fd_sc_mcu7t5v0__and3_1)
                                                         _07_ (net)
                      0.125092    0.000003    7.455843 v _75_/D (gf180mcu_fd_sc_mcu7t5v0__dffq_1)
                                              7.455843   data arrival time

                                 25.000000   25.000000   clock clk_i (rise edge)
                                  0.000000   25.000000   clock source latency
     9    0.037484    0.185585    0.092287   25.092287 ^ clk_i (in)
                                                         clk_i (net)
                      0.185585    0.000000   25.092287 ^ _75_/CLK (gf180mcu_fd_sc_mcu7t5v0__dffq_1)
                                 -0.250000   24.842287   clock uncertainty
                                  0.000000   24.842287   clock reconvergence pessimism
                                 -0.216715   24.625572   library setup time
                                             24.625572   data required time
---------------------------------------------------------------------------------------------
                                             24.625572   data required time
                                             -7.455843   data arrival time
---------------------------------------------------------------------------------------------
                                             17.169729   slack (MET)




===========================================================================
report_checks --slack_max -0.01
============================================================================
======================= nom_tt_025C_5v00 Corner ===================================

No paths found.


===========================================================================
 report_check_types -max_slew -max_cap -max_fanout -violators
============================================================================
======================= nom_tt_025C_5v00 Corner ===================================



===========================================================================
report_parasitic_annotation -report_unannotated
============================================================================
Found 0 unannotated drivers.
Found 0 partially unannotated drivers.

===========================================================================
max slew violation count 0
Writing metric design__max_slew_violation__count__corner:nom_tt_025C_5v00: 0
max fanout violation count 0
Writing metric design__max_fanout_violation__count__corner:nom_tt_025C_5v00: 0
max cap violation count 0
Writing metric design__max_cap_violation__count__corner:nom_tt_025C_5v00: 0
============================================================================

===========================================================================
check_setup -verbose -unconstrained_endpoints -multiple_clock -no_clock -no_input_delay -loops -generated_clocks
===========================================================================
