
===========================================================================
report_checks -path_delay max (Setup)
============================================================================
======================= nom_tt_025C_5v00 Corner ===================================

Startpoint: en_i (input port clocked by clk_i)
Endpoint: _75_ (rising edge-triggered flip-flop clocked by clk_i)
Path Group: clk_i
Path Type: max

Fanout         Cap        Slew       Delay        Time   Description
---------------------------------------------------------------------------------------------
                                  0.000000    0.000000   clock clk_i (rise edge)
                                  0.000000    0.000000   clock network delay (propagated)
                                  5.000000    5.000000 ^ input external delay
     6    0.030279    0.532659    0.286655    5.286655 ^ en_i (in)
                                                         en_i (net)
                      0.532659    0.000000    5.286655 ^ _49_/A1 (gf180mcu_fd_sc_mcu7t5v0__nand4_1)
     8    0.037955    1.205623    0.702853    5.989508 v _49_/ZN (gf180mcu_fd_sc_mcu7t5v0__nand4_1)
                                                         _22_ (net)
                      1.205623    0.000092    5.989600 v _64_/A3 (gf180mcu_fd_sc_mcu7t5v0__or4_1)
     2    0.007992    0.327625    1.085964    7.075564 v _64_/Z (gf180mcu_fd_sc_mcu7t5v0__or4_1)
                                                         _32_ (net)
                      0.327625    0.000010    7.075574 v _65_/A3 (gf180mcu_fd_sc_mcu7t5v0__and3_1)
     1    0.002654    0.125092    0.380266    7.455841 v _65_/Z (gf180mcu_fd_sc_mcu7t5v0__and3_1)
                                                         _07_ (net)
                      0.125092    0.000003    7.455843 v _75_/D (gf180mcu_fd_sc_mcu7t5v0__dffq_1)
                                              7.455843   data arrival time

                                 25.000000   25.000000   clock clk_i (rise edge)
                                  0.000000   25.000000   clock source latency
     9    0.037484    0.185585    0.092287   25.092287 ^ clk_i (in)
                                                         clk_i (net)
                      0.185585    0.000000   25.092287 ^ _75_/CLK (gf180mcu_fd_sc_mcu7t5v0__dffq_1)
                                 -0.250000   24.842287   clock uncertainty
                                  0.000000   24.842287   clock reconvergence pessimism
                                 -0.216715   24.625572   library setup time
                                             24.625572   data required time
---------------------------------------------------------------------------------------------
                                             24.625572   data required time
                                             -7.455843   data arrival time
---------------------------------------------------------------------------------------------
                                             17.169729   slack (MET)


Startpoint: en_i (input port clocked by clk_i)
Endpoint: _76_ (rising edge-triggered flip-flop clocked by clk_i)
Path Group: clk_i
Path Type: max

Fanout         Cap        Slew       Delay        Time   Description
---------------------------------------------------------------------------------------------
                                  0.000000    0.000000   clock clk_i (rise edge)
                                  0.000000    0.000000   clock network delay (propagated)
                                  5.000000    5.000000 ^ input external delay
     6    0.030279    0.532659    0.286655    5.286655 ^ en_i (in)
                                                         en_i (net)
                      0.532659    0.000000    5.286655 ^ _49_/A1 (gf180mcu_fd_sc_mcu7t5v0__nand4_1)
     8    0.037955    1.205623    0.702853    5.989508 v _49_/ZN (gf180mcu_fd_sc_mcu7t5v0__nand4_1)
                                                         _22_ (net)
                      1.205623    0.000092    5.989600 v _64_/A3 (gf180mcu_fd_sc_mcu7t5v0__or4_1)
     2    0.007992    0.327625    1.085964    7.075564 v _64_/Z (gf180mcu_fd_sc_mcu7t5v0__or4_1)
                                                         _32_ (net)
                      0.327625    0.000011    7.075575 v _67_/A2 (gf180mcu_fd_sc_mcu7t5v0__oai21_1)
     1    0.002691    0.281939    0.214410    7.289985 ^ _67_/ZN (gf180mcu_fd_sc_mcu7t5v0__oai21_1)
                                                         _08_ (net)
                      0.281939    0.000003    7.289988 ^ _76_/D (gf180mcu_fd_sc_mcu7t5v0__dffq_1)
                                              7.289988   data arrival time

                                 25.000000   25.000000   clock clk_i (rise edge)
                                  0.000000   25.000000   clock source latency
     9    0.037484    0.185585    0.092278   25.092278 ^ clk_i (in)
                                                         clk_i (net)
                      0.185585    0.000000   25.092278 ^ _76_/CLK (gf180mcu_fd_sc_mcu7t5v0__dffq_1)
                                 -0.250000   24.842278   clock uncertainty
                                  0.000000   24.842278   clock reconvergence pessimism
                                 -0.219901   24.622377   library setup time
                                             24.622377   data required time
---------------------------------------------------------------------------------------------
                                             24.622377   data required time
                                             -7.289988   data arrival time
---------------------------------------------------------------------------------------------
                                             17.332390   slack (MET)


Startpoint: en_i (input port clocked by clk_i)
Endpoint: _73_ (rising edge-triggered flip-flop clocked by clk_i)
Path Group: clk_i
Path Type: max

Fanout         Cap        Slew       Delay        Time   Description
---------------------------------------------------------------------------------------------
                                  0.000000    0.000000   clock clk_i (rise edge)
                                  0.000000    0.000000   clock network delay (propagated)
                                  5.000000    5.000000 ^ input external delay
     6    0.030279    0.532659    0.286655    5.286655 ^ en_i (in)
                                                         en_i (net)
                      0.532659    0.000000    5.286655 ^ _49_/A1 (gf180mcu_fd_sc_mcu7t5v0__nand4_1)
     8    0.037955    1.205623    0.702853    5.989508 v _49_/ZN (gf180mcu_fd_sc_mcu7t5v0__nand4_1)
                                                         _22_ (net)
                      1.205623    0.000224    5.989732 v _57_/A3 (gf180mcu_fd_sc_mcu7t5v0__oai31_1)
     1    0.002891    0.583714    0.552945    6.542677 ^ _57_/ZN (gf180mcu_fd_sc_mcu7t5v0__oai31_1)
                                                         _27_ (net)
                      0.583714    0.000002    6.542678 ^ _59_/A2 (gf180mcu_fd_sc_mcu7t5v0__and3_1)
     1    0.002692    0.152534    0.403961    6.946640 ^ _59_/Z (gf180mcu_fd_sc_mcu7t5v0__and3_1)
                                                         _05_ (net)
                      0.152534    0.000004    6.946643 ^ _73_/D (gf180mcu_fd_sc_mcu7t5v0__dffq_1)
                                              6.946643   data arrival time

                                 25.000000   25.000000   clock clk_i (rise edge)
                                  0.000000   25.000000   clock source latency
     9    0.037484    0.185585    0.092340   25.092340 ^ clk_i (in)
                                                         clk_i (net)
                      0.185585    0.000000   25.092340 ^ _73_/CLK (gf180mcu_fd_sc_mcu7t5v0__dffq_1)
                                 -0.250000   24.842340   clock uncertainty
                                  0.000000   24.842340   clock reconvergence pessimism
                                 -0.205366   24.636974   library setup time
                                             24.636974   data required time
---------------------------------------------------------------------------------------------
                                             24.636974   data required time
                                             -6.946643   data arrival time
---------------------------------------------------------------------------------------------
                                             17.690332   slack (MET)


Startpoint: en_i (input port clocked by clk_i)
Endpoint: _74_ (rising edge-triggered flip-flop clocked by clk_i)
Path Group: clk_i
Path Type: max

Fanout         Cap        Slew       Delay        Time   Description
---------------------------------------------------------------------------------------------
                                  0.000000    0.000000   clock clk_i (rise edge)
                                  0.000000    0.000000   clock network delay (propagated)
                                  5.000000    5.000000 ^ input external delay
     6    0.030279    0.532659    0.286655    5.286655 ^ en_i (in)
                                                         en_i (net)
                      0.532659    0.000000    5.286655 ^ _49_/A1 (gf180mcu_fd_sc_mcu7t5v0__nand4_1)
     8    0.037955    1.205623    0.702853    5.989508 v _49_/ZN (gf180mcu_fd_sc_mcu7t5v0__nand4_1)
                                                         _22_ (net)
                      1.205623    0.000230    5.989738 v _61_/A2 (gf180mcu_fd_sc_mcu7t5v0__nor3_1)
     1    0.004151    0.543110    0.496304    6.486041 ^ _61_/ZN (gf180mcu_fd_sc_mcu7t5v0__nor3_1)
                                                         _30_ (net)
                      0.543110    0.000002    6.486043 ^ _62_/B (gf180mcu_fd_sc_mcu7t5v0__aoi211_1)
     1    0.002592    0.309323    0.239032    6.725075 v _62_/ZN (gf180mcu_fd_sc_mcu7t5v0__aoi211_1)
                                                         _06_ (net)
                      0.309323    0.000002    6.725078 v _74_/D (gf180mcu_fd_sc_mcu7t5v0__dffq_1)
                                              6.725078   data arrival time

                                 25.000000   25.000000   clock clk_i (rise edge)
                                  0.000000   25.000000   clock source latency
     9    0.037484    0.185585    0.092340   25.092340 ^ clk_i (in)
                                                         clk_i (net)
                      0.185585    0.000000   25.092340 ^ _74_/CLK (gf180mcu_fd_sc_mcu7t5v0__dffq_1)
                                 -0.250000   24.842340   clock uncertainty
                                  0.000000   24.842340   clock reconvergence pessimism
                                 -0.273364   24.568977   library setup time
                                             24.568977   data required time
---------------------------------------------------------------------------------------------
                                             24.568977   data required time
                                             -6.725078   data arrival time
---------------------------------------------------------------------------------------------
                                             17.843899   slack (MET)


Startpoint: en_i (input port clocked by clk_i)
Endpoint: _72_ (rising edge-triggered flip-flop clocked by clk_i)
Path Group: clk_i
Path Type: max

Fanout         Cap        Slew       Delay        Time   Description
---------------------------------------------------------------------------------------------
                                  0.000000    0.000000   clock clk_i (rise edge)
                                  0.000000    0.000000   clock network delay (propagated)
                                  5.000000    5.000000 ^ input external delay
     6    0.030279    0.532659    0.286655    5.286655 ^ en_i (in)
                                                         en_i (net)
                      0.532659    0.000000    5.286655 ^ _49_/A1 (gf180mcu_fd_sc_mcu7t5v0__nand4_1)
     8    0.037955    1.205623    0.702853    5.989508 v _49_/ZN (gf180mcu_fd_sc_mcu7t5v0__nand4_1)
                                                         _22_ (net)
                      1.205623    0.000206    5.989713 v _55_/A3 (gf180mcu_fd_sc_mcu7t5v0__nor3_1)
     1    0.004176    0.556014    0.451025    6.440738 ^ _55_/ZN (gf180mcu_fd_sc_mcu7t5v0__nor3_1)
                                                         _26_ (net)
                      0.556014    0.000002    6.440740 ^ _56_/A3 (gf180mcu_fd_sc_mcu7t5v0__nor3_1)
     1    0.002690    0.280364    0.199589    6.640328 v _56_/ZN (gf180mcu_fd_sc_mcu7t5v0__nor3_1)
                                                         _04_ (net)
                      0.280364    0.000004    6.640332 v _72_/D (gf180mcu_fd_sc_mcu7t5v0__dffq_1)
                                              6.640332   data arrival time

                                 25.000000   25.000000   clock clk_i (rise edge)
                                  0.000000   25.000000   clock source latency
     9    0.037484    0.185585    0.092228   25.092228 ^ clk_i (in)
                                                         clk_i (net)
                      0.185585    0.000000   25.092228 ^ _72_/CLK (gf180mcu_fd_sc_mcu7t5v0__dffq_1)
                                 -0.250000   24.842228   clock uncertainty
                                  0.000000   24.842228   clock reconvergence pessimism
                                 -0.264012   24.578217   library setup time
                                             24.578217   data required time
---------------------------------------------------------------------------------------------
                                             24.578217   data required time
                                             -6.640332   data arrival time
---------------------------------------------------------------------------------------------
                                             17.937883   slack (MET)


Startpoint: en_i (input port clocked by clk_i)
Endpoint: _71_ (rising edge-triggered flip-flop clocked by clk_i)
Path Group: clk_i
Path Type: max

Fanout         Cap        Slew       Delay        Time   Description
---------------------------------------------------------------------------------------------
                                  0.000000    0.000000   clock clk_i (rise edge)
                                  0.000000    0.000000   clock network delay (propagated)
                                  5.000000    5.000000 ^ input external delay
     6    0.030279    0.532659    0.286655    5.286655 ^ en_i (in)
                                                         en_i (net)
                      0.532659    0.000000    5.286655 ^ _49_/A1 (gf180mcu_fd_sc_mcu7t5v0__nand4_1)
     8    0.037955    1.205623    0.702853    5.989508 v _49_/ZN (gf180mcu_fd_sc_mcu7t5v0__nand4_1)
                                                         _22_ (net)
                      1.205623    0.000162    5.989669 v _52_/A2 (gf180mcu_fd_sc_mcu7t5v0__oai21_1)
     1    0.004177    0.442252    0.399127    6.388796 ^ _52_/ZN (gf180mcu_fd_sc_mcu7t5v0__oai21_1)
                                                         _24_ (net)
                      0.442252    0.000003    6.388799 ^ _53_/B (gf180mcu_fd_sc_mcu7t5v0__aoi21_1)
     1    0.002615    0.281823    0.204030    6.592829 v _53_/ZN (gf180mcu_fd_sc_mcu7t5v0__aoi21_1)
                                                         _03_ (net)
                      0.281823    0.000003    6.592831 v _71_/D (gf180mcu_fd_sc_mcu7t5v0__dffq_1)
                                              6.592831   data arrival time

                                 25.000000   25.000000   clock clk_i (rise edge)
                                  0.000000   25.000000   clock source latency
     9    0.037484    0.185585    0.092218   25.092216 ^ clk_i (in)
                                                         clk_i (net)
                      0.185585    0.000000   25.092216 ^ _71_/CLK (gf180mcu_fd_sc_mcu7t5v0__dffq_1)
                                 -0.250000   24.842218   clock uncertainty
                                  0.000000   24.842218   clock reconvergence pessimism
                                 -0.264484   24.577734   library setup time
                                             24.577734   data required time
---------------------------------------------------------------------------------------------
                                             24.577734   data required time
                                             -6.592831   data arrival time
---------------------------------------------------------------------------------------------
                                             17.984903   slack (MET)


Startpoint: _68_ (rising edge-triggered flip-flop clocked by clk_i)
Endpoint: count_o[0] (output port clocked by clk_i)
Path Group: clk_i
Path Type: max

Fanout         Cap        Slew       Delay        Time   Description
---------------------------------------------------------------------------------------------
                                  0.000000    0.000000   clock clk_i (rise edge)
                                  0.000000    0.000000   clock source latency
     9    0.037484    0.185585    0.092222    0.092222 ^ clk_i (in)
                                                         clk_i (net)
                      0.185585    0.000000    0.092222 ^ _68_/CLK (gf180mcu_fd_sc_mcu7t5v0__dffq_1)
     7    0.103158    1.697110    1.655486    1.747707 ^ _68_/Q (gf180mcu_fd_sc_mcu7t5v0__dffq_1)
                                                         count_o[0] (net)
                      1.697110    0.000909    1.748617 ^ count_o[0] (out)
                                              1.748617   data arrival time

                                 25.000000   25.000000   clock clk_i (rise edge)
                                  0.000000   25.000000   clock network delay (propagated)
                                 -0.250000   24.750000   clock uncertainty
                                  0.000000   24.750000   clock reconvergence pessimism
                                 -5.000000   19.750000   output external delay
                                             19.750000   data required time
---------------------------------------------------------------------------------------------
                                             19.750000   data required time
                                             -1.748617   data arrival time
---------------------------------------------------------------------------------------------
                                             18.001383   slack (MET)


Startpoint: en_i (input port clocked by clk_i)
Endpoint: _70_ (rising edge-triggered flip-flop clocked by clk_i)
Path Group: clk_i
Path Type: max

Fanout         Cap        Slew       Delay        Time   Description
---------------------------------------------------------------------------------------------
                                  0.000000    0.000000   clock clk_i (rise edge)
                                  0.000000    0.000000   clock network delay (propagated)
                                  5.000000    5.000000 ^ input external delay
     6    0.030279    0.532659    0.286655    5.286655 ^ en_i (in)
                                                         en_i (net)
                      0.532659    0.000000    5.286655 ^ _49_/A1 (gf180mcu_fd_sc_mcu7t5v0__nand4_1)
     8    0.037955    1.205623    0.702853    5.989508 v _49_/ZN (gf180mcu_fd_sc_mcu7t5v0__nand4_1)
                                                         _22_ (net)
                      1.205623    0.000040    5.989548 v _50_/A2 (gf180mcu_fd_sc_mcu7t5v0__nand2_1)
     1    0.004151    0.361541    0.396752    6.386300 ^ _50_/ZN (gf180mcu_fd_sc_mcu7t5v0__nand2_1)
                                                         _23_ (net)
                      0.361541    0.000003    6.386302 ^ _51_/B (gf180mcu_fd_sc_mcu7t5v0__aoi21_1)
     1    0.002663    0.244207    0.195019    6.581321 v _51_/ZN (gf180mcu_fd_sc_mcu7t5v0__aoi21_1)
                                                         _02_ (net)
                      0.244207    0.000003    6.581325 v _70_/D (gf180mcu_fd_sc_mcu7t5v0__dffq_1)
                                              6.581325   data arrival time

                                 25.000000   25.000000   clock clk_i (rise edge)
                                  0.000000   25.000000   clock source latency
     9    0.037484    0.185585    0.092154   25.092154 ^ clk_i (in)
                                                         clk_i (net)
                      0.185585    0.000000   25.092154 ^ _70_/CLK (gf180mcu_fd_sc_mcu7t5v0__dffq_1)
                                 -0.250000   24.842154   clock uncertainty
                                  0.000000   24.842154   clock reconvergence pessimism
                                 -0.252336   24.589819   library setup time
                                             24.589819   data required time
---------------------------------------------------------------------------------------------
                                             24.589819   data required time
                                             -6.581325   data arrival time
---------------------------------------------------------------------------------------------
                                             18.008495   slack (MET)


Startpoint: _72_ (rising edge-triggered flip-flop clocked by clk_i)
Endpoint: count_o[4] (output port clocked by clk_i)
Path Group: clk_i
Path Type: max

Fanout         Cap        Slew       Delay        Time   Description
---------------------------------------------------------------------------------------------
                                  0.000000    0.000000   clock clk_i (rise edge)
                                  0.000000    0.000000   clock source latency
     9    0.037484    0.185585    0.092229    0.092229 ^ clk_i (in)
                                                         clk_i (net)
                      0.185585    0.000000    0.092229 ^ _72_/CLK (gf180mcu_fd_sc_mcu7t5v0__dffq_1)
     5    0.093029    1.535103    1.561267    1.653496 ^ _72_/Q (gf180mcu_fd_sc_mcu7t5v0__dffq_1)
                                                         count_o[4] (net)
                      1.535103    0.001000    1.654495 ^ count_o[4] (out)
                                              1.654495   data arrival time

                                 25.000000   25.000000   clock clk_i (rise edge)
                                  0.000000   25.000000   clock network delay (propagated)
                                 -0.250000   24.750000   clock uncertainty
                                  0.000000   24.750000   clock reconvergence pessimism
                                 -5.000000   19.750000   output external delay
                                             19.750000   data required time
---------------------------------------------------------------------------------------------
                                             19.750000   data required time
                                             -1.654495   data arrival time
---------------------------------------------------------------------------------------------
                                             18.095505   slack (MET)


Startpoint: _69_ (rising edge-triggered flip-flop clocked by clk_i)
Endpoint: count_o[1] (output port clocked by clk_i)
Path Group: clk_i
Path Type: max

Fanout         Cap        Slew       Delay        Time   Description
---------------------------------------------------------------------------------------------
                                  0.000000    0.000000   clock clk_i (rise edge)
                                  0.000000    0.000000   clock source latency
     9    0.037484    0.185585    0.092140    0.092140 ^ clk_i (in)
                                                         clk_i (net)
                      0.185585    0.000000    0.092140 ^ _69_/CLK (gf180mcu_fd_sc_mcu7t5v0__dffq_1)
     5    0.090629    1.496454    1.539220    1.631360 ^ _69_/Q (gf180mcu_fd_sc_mcu7t5v0__dffq_1)
                                                         count_o[1] (net)
                      1.496454    0.000754    1.632114 ^ count_o[1] (out)
                                              1.632114   data arrival time

                                 25.000000   25.000000   clock clk_i (rise edge)
                                  0.000000   25.000000   clock network delay (propagated)
                                 -0.250000   24.750000   clock uncertainty
                                  0.000000   24.750000   clock reconvergence pessimism
                                 -5.000000   19.750000   output external delay
                                             19.750000   data required time
---------------------------------------------------------------------------------------------
                                             19.750000   data required time
                                             -1.632114   data arrival time
---------------------------------------------------------------------------------------------
                                             18.117886   slack (MET)


Startpoint: _71_ (rising edge-triggered flip-flop clocked by clk_i)
Endpoint: count_o[3] (output port clocked by clk_i)
Path Group: clk_i
Path Type: max

Fanout         Cap        Slew       Delay        Time   Description
---------------------------------------------------------------------------------------------
                                  0.000000    0.000000   clock clk_i (rise edge)
                                  0.000000    0.000000   clock source latency
     9    0.037484    0.185585    0.092218    0.092218 ^ clk_i (in)
                                                         clk_i (net)
                      0.185585    0.000000    0.092218 ^ _71_/CLK (gf180mcu_fd_sc_mcu7t5v0__dffq_1)
     4    0.089334    1.475725    1.527143    1.619360 ^ _71_/Q (gf180mcu_fd_sc_mcu7t5v0__dffq_1)
                                                         count_o[3] (net)
                      1.475725    0.000910    1.620271 ^ count_o[3] (out)
                                              1.620271   data arrival time

                                 25.000000   25.000000   clock clk_i (rise edge)
                                  0.000000   25.000000   clock network delay (propagated)
                                 -0.250000   24.750000   clock uncertainty
                                  0.000000   24.750000   clock reconvergence pessimism
                                 -5.000000   19.750000   output external delay
                                             19.750000   data required time
---------------------------------------------------------------------------------------------
                                             19.750000   data required time
                                             -1.620271   data arrival time
---------------------------------------------------------------------------------------------
                                             18.129730   slack (MET)


Startpoint: _73_ (rising edge-triggered flip-flop clocked by clk_i)
Endpoint: count_o[5] (output port clocked by clk_i)
Path Group: clk_i
Path Type: max

Fanout         Cap        Slew       Delay        Time   Description
---------------------------------------------------------------------------------------------
                                  0.000000    0.000000   clock clk_i (rise edge)
                                  0.000000    0.000000   clock source latency
     9    0.037484    0.185585    0.092340    0.092340 ^ clk_i (in)
                                                         clk_i (net)
                      0.185585    0.000000    0.092340 ^ _73_/CLK (gf180mcu_fd_sc_mcu7t5v0__dffq_1)
     4    0.087744    1.498435    1.513062    1.605402 ^ _73_/Q (gf180mcu_fd_sc_mcu7t5v0__dffq_1)
                                                         count_o[5] (net)
                      1.498435    0.000422    1.605824 ^ count_o[5] (out)
                                              1.605824   data arrival time

                                 25.000000   25.000000   clock clk_i (rise edge)
                                  0.000000   25.000000   clock network delay (propagated)
                                 -0.250000   24.750000   clock uncertainty
                                  0.000000   24.750000   clock reconvergence pessimism
                                 -5.000000   19.750000   output external delay
                                             19.750000   data required time
---------------------------------------------------------------------------------------------
                                             19.750000   data required time
                                             -1.605824   data arrival time
---------------------------------------------------------------------------------------------
                                             18.144176   slack (MET)


Startpoint: _70_ (rising edge-triggered flip-flop clocked by clk_i)
Endpoint: count_o[2] (output port clocked by clk_i)
Path Group: clk_i
Path Type: max

Fanout         Cap        Slew       Delay        Time   Description
---------------------------------------------------------------------------------------------
                                  0.000000    0.000000   clock clk_i (rise edge)
                                  0.000000    0.000000   clock source latency
     9    0.037484    0.185585    0.092154    0.092154 ^ clk_i (in)
                                                         clk_i (net)
                      0.185585    0.000000    0.092154 ^ _70_/CLK (gf180mcu_fd_sc_mcu7t5v0__dffq_1)
     4    0.086275    1.426926    1.499006    1.591160 ^ _70_/Q (gf180mcu_fd_sc_mcu7t5v0__dffq_1)
                                                         count_o[2] (net)
                      1.426926    0.000687    1.591847 ^ count_o[2] (out)
                                              1.591847   data arrival time

                                 25.000000   25.000000   clock clk_i (rise edge)
                                  0.000000   25.000000   clock network delay (propagated)
                                 -0.250000   24.750000   clock uncertainty
                                  0.000000   24.750000   clock reconvergence pessimism
                                 -5.000000   19.750000   output external delay
                                             19.750000   data required time
---------------------------------------------------------------------------------------------
                                             19.750000   data required time
                                             -1.591847   data arrival time
---------------------------------------------------------------------------------------------
                                             18.158154   slack (MET)


Startpoint: _74_ (rising edge-triggered flip-flop clocked by clk_i)
Endpoint: count_o[6] (output port clocked by clk_i)
Path Group: clk_i
Path Type: max

Fanout         Cap        Slew       Delay        Time   Description
---------------------------------------------------------------------------------------------
                                  0.000000    0.000000   clock clk_i (rise edge)
                                  0.000000    0.000000   clock source latency
     9    0.037484    0.185585    0.092340    0.092340 ^ clk_i (in)
                                                         clk_i (net)
                      0.185585    0.000000    0.092340 ^ _74_/CLK (gf180mcu_fd_sc_mcu7t5v0__dffq_1)
     3    0.083446    1.427641    1.473346    1.565687 ^ _74_/Q (gf180mcu_fd_sc_mcu7t5v0__dffq_1)
                                                         count_o[6] (net)
                      1.427641    0.000419    1.566106 ^ count_o[6] (out)
                                              1.566106   data arrival time

                                 25.000000   25.000000   clock clk_i (rise edge)
                                  0.000000   25.000000   clock network delay (propagated)
                                 -0.250000   24.750000   clock uncertainty
                                  0.000000   24.750000   clock reconvergence pessimism
                                 -5.000000   19.750000   output external delay
                                             19.750000   data required time
---------------------------------------------------------------------------------------------
                                             19.750000   data required time
                                             -1.566106   data arrival time
---------------------------------------------------------------------------------------------
                                             18.183893   slack (MET)


Startpoint: _76_ (rising edge-triggered flip-flop clocked by clk_i)
Endpoint: ovf_o (output port clocked by clk_i)
Path Group: clk_i
Path Type: max

Fanout         Cap        Slew       Delay        Time   Description
---------------------------------------------------------------------------------------------
                                  0.000000    0.000000   clock clk_i (rise edge)
                                  0.000000    0.000000   clock source latency
     9    0.037484    0.185585    0.092278    0.092278 ^ clk_i (in)
                                                         clk_i (net)
                      0.185585    0.000000    0.092278 ^ _76_/CLK (gf180mcu_fd_sc_mcu7t5v0__dffq_1)
     2    0.079584    1.364019    1.437654    1.529932 ^ _76_/Q (gf180mcu_fd_sc_mcu7t5v0__dffq_1)
                                                         ovf_o (net)
                      1.364019    0.000450    1.530382 ^ ovf_o (out)
                                              1.530382   data arrival time

                                 25.000000   25.000000   clock clk_i (rise edge)
                                  0.000000   25.000000   clock network delay (propagated)
                                 -0.250000   24.750000   clock uncertainty
                                  0.000000   24.750000   clock reconvergence pessimism
                                 -5.000000   19.750000   output external delay
                                             19.750000   data required time
---------------------------------------------------------------------------------------------
                                             19.750000   data required time
                                             -1.530382   data arrival time
---------------------------------------------------------------------------------------------
                                             18.219618   slack (MET)


Startpoint: _75_ (rising edge-triggered flip-flop clocked by clk_i)
Endpoint: count_o[7] (output port clocked by clk_i)
Path Group: clk_i
Path Type: max

Fanout         Cap        Slew       Delay        Time   Description
---------------------------------------------------------------------------------------------
                                  0.000000    0.000000   clock clk_i (rise edge)
                                  0.000000    0.000000   clock source latency
     9    0.037484    0.185585    0.092287    0.092287 ^ clk_i (in)
                                                         clk_i (net)
                      0.185585    0.000000    0.092287 ^ _75_/CLK (gf180mcu_fd_sc_mcu7t5v0__dffq_1)
     2    0.078959    1.353733    1.431883    1.524171 ^ _75_/Q (gf180mcu_fd_sc_mcu7t5v0__dffq_1)
                                                         count_o[7] (net)
                      1.353733    0.000444    1.524614 ^ count_o[7] (out)
                                              1.524614   data arrival time

                                 25.000000   25.000000   clock clk_i (rise edge)
                                  0.000000   25.000000   clock network delay (propagated)
                                 -0.250000   24.750000   clock uncertainty
                                  0.000000   24.750000   clock reconvergence pessimism
                                 -5.000000   19.750000   output external delay
                                             19.750000   data required time
---------------------------------------------------------------------------------------------
                                             19.750000   data required time
                                             -1.524614   data arrival time
---------------------------------------------------------------------------------------------
                                             18.225386   slack (MET)


Startpoint: en_i (input port clocked by clk_i)
Endpoint: _69_ (rising edge-triggered flip-flop clocked by clk_i)
Path Group: clk_i
Path Type: max

Fanout         Cap        Slew       Delay        Time   Description
---------------------------------------------------------------------------------------------
                                  0.000000    0.000000   clock clk_i (rise edge)
                                  0.000000    0.000000   clock network delay (propagated)
                                  5.000000    5.000000 ^ input external delay
     6    0.030279    0.532659    0.286658    5.286658 ^ en_i (in)
                                                         en_i (net)
                      0.532659    0.000000    5.286658 ^ _45_/A1 (gf180mcu_fd_sc_mcu7t5v0__nand3_1)
     2    0.009923    0.531184    0.259197    5.545855 v _45_/ZN (gf180mcu_fd_sc_mcu7t5v0__nand3_1)
                                                         _19_ (net)
                      0.531184    0.000015    5.545870 v _46_/A2 (gf180mcu_fd_sc_mcu7t5v0__nand2_1)
     1    0.004305    0.247196    0.253722    5.799592 ^ _46_/ZN (gf180mcu_fd_sc_mcu7t5v0__nand2_1)
                                                         _20_ (net)
                      0.247196    0.000001    5.799593 ^ _47_/A2 (gf180mcu_fd_sc_mcu7t5v0__nor2_1)
     1    0.002581    0.157323    0.123992    5.923585 v _47_/ZN (gf180mcu_fd_sc_mcu7t5v0__nor2_1)
                                                         _01_ (net)
                      0.157323    0.000002    5.923588 v _69_/D (gf180mcu_fd_sc_mcu7t5v0__dffq_1)
                                              5.923588   data arrival time

                                 25.000000   25.000000   clock clk_i (rise edge)
                                  0.000000   25.000000   clock source latency
     9    0.037484    0.185585    0.092140   25.092138 ^ clk_i (in)
                                                         clk_i (net)
                      0.185585    0.000000   25.092138 ^ _69_/CLK (gf180mcu_fd_sc_mcu7t5v0__dffq_1)
                                 -0.250000   24.842140   clock uncertainty
                                  0.000000   24.842140   clock reconvergence pessimism
                                 -0.224278   24.617863   library setup time
                                             24.617863   data required time
---------------------------------------------------------------------------------------------
                                             24.617863   data required time
                                             -5.923588   data arrival time
---------------------------------------------------------------------------------------------
                                             18.694275   slack (MET)


Startpoint: rst_ni (input port clocked by clk_i)
Endpoint: _68_ (rising edge-triggered flip-flop clocked by clk_i)
Path Group: clk_i
Path Type: max

Fanout         Cap        Slew       Delay        Time   Description
---------------------------------------------------------------------------------------------
                                  0.000000    0.000000   clock clk_i (rise edge)
                                  0.000000    0.000000   clock network delay (propagated)
                                  5.000000    5.000000 ^ input external delay
     8    0.039733    0.683889    0.374691    5.374691 ^ rst_ni (in)
                                                         rst_ni (net)
                      0.683889    0.000000    5.374691 ^ _41_/A2 (gf180mcu_fd_sc_mcu7t5v0__nand2_1)
     2    0.010147    0.294513    0.185697    5.560389 v _41_/ZN (gf180mcu_fd_sc_mcu7t5v0__nand2_1)
                                                         _16_ (net)
                      0.294513    0.000004    5.560393 v _43_/B1 (gf180mcu_fd_sc_mcu7t5v0__aoi22_1)
     1    0.002534    0.428562    0.272974    5.833366 ^ _43_/ZN (gf180mcu_fd_sc_mcu7t5v0__aoi22_1)
                                                         _00_ (net)
                      0.428562    0.000001    5.833368 ^ _68_/D (gf180mcu_fd_sc_mcu7t5v0__dffq_1)
                                              5.833368   data arrival time

                                 25.000000   25.000000   clock clk_i (rise edge)
                                  0.000000   25.000000   clock source latency
     9    0.037484    0.185585    0.092221   25.092220 ^ clk_i (in)
                                                         clk_i (net)
                      0.185585    0.000000   25.092220 ^ _68_/CLK (gf180mcu_fd_sc_mcu7t5v0__dffq_1)
                                 -0.250000   24.842222   clock uncertainty
                                  0.000000   24.842222   clock reconvergence pessimism
                                 -0.231259   24.610962   library setup time
                                             24.610962   data required time
---------------------------------------------------------------------------------------------
                                             24.610962   data required time
                                             -5.833368   data arrival time
---------------------------------------------------------------------------------------------
                                             18.777596   slack (MET)



