Reading timing models for corner nom_tt_025C_5v00…
Reading timing library for the 'nom_tt_025C_5v00' corner at '/home/windyphony/.ciel/ciel/gf180mcu/versions/54435919abffb937387ec956209f9cf5fd2dfbee/gf180mcuD/libs.ref/gf180mcu_fd_sc_mcu7t5v0/lib/gf180mcu_fd_sc_mcu7t5v0__tt_025C_5v00.lib'…
Reading OpenROAD database at '/home/windyphony/heichips25-workshop/exercise_4/counter_8bit/runs/RUN_2026-05-11_21-45-40/28-openroad-globalplacement/counter_8bit.odb'…
Reading design constraints file at '/home/windyphony/unic-cass/envs/librelane/lib/python3.12/site-packages/librelane/scripts/base.sdc'…
[INFO] Using clock clk_i…
[INFO] Setting output delay to: 5
[INFO] Setting input delay to: 5
[INFO] Setting load to: 0.07291
[INFO] Setting clock uncertainty to: 0.25
[INFO] Setting clock transition to: 0.1499999999999999944488848768742172978818416595458984375
[INFO] Setting timing derate to: 5%
%OL_CREATE_REPORT min.rpt

===========================================================================
report_checks -path_delay min (Hold)
============================================================================
======================= nom_tt_025C_5v00 Corner ===================================

Startpoint: _70_ (rising edge-triggered flip-flop clocked by clk_i)
Endpoint: _70_ (rising edge-triggered flip-flop clocked by clk_i)
Path Group: clk_i
Path Type: min

Fanout         Cap        Slew       Delay        Time   Description
---------------------------------------------------------------------------------------------
                                  0.000000    0.000000   clock clk_i (rise edge)
                                  0.000000    0.000000   clock source latency
     9    0.037484    0.185585    0.092154    0.092154 ^ clk_i (in)
                                                         clk_i (net)
                      0.185585    0.000000    0.092154 ^ _70_/CLK (gf180mcu_fd_sc_mcu7t5v0__dffq_1)
     4    0.086275    0.854747    1.164703    1.256857 v _70_/Q (gf180mcu_fd_sc_mcu7t5v0__dffq_1)
                                                         count_o[2] (net)
                      0.854747    0.000136    1.256993 v _39_/I (gf180mcu_fd_sc_mcu7t5v0__clkinv_1)
     1    0.005053    0.276706    0.240628    1.497621 ^ _39_/ZN (gf180mcu_fd_sc_mcu7t5v0__clkinv_1)
                                                         _14_ (net)
                      0.276706    0.000004    1.497624 ^ _51_/A1 (gf180mcu_fd_sc_mcu7t5v0__aoi21_1)
     1    0.002663    0.133495    0.107086    1.604710 v _51_/ZN (gf180mcu_fd_sc_mcu7t5v0__aoi21_1)
                                                         _02_ (net)
                      0.133495    0.000003    1.604713 v _70_/D (gf180mcu_fd_sc_mcu7t5v0__dffq_1)
                                              1.604713   data arrival time

                                  0.000000    0.000000   clock clk_i (rise edge)
                                  0.000000    0.000000   clock source latency
     9    0.037484    0.185585    0.092154    0.092154 ^ clk_i (in)
                                                         clk_i (net)
                      0.185585    0.000000    0.092154 ^ _70_/CLK (gf180mcu_fd_sc_mcu7t5v0__dffq_1)
                                  0.250000    0.342154   clock uncertainty
                                  0.000000    0.342154   clock reconvergence pessimism
                                  0.094166    0.436319   library hold time
                                              0.436319   data required time
---------------------------------------------------------------------------------------------
                                              0.436319   data required time
                                             -1.604713   data arrival time
---------------------------------------------------------------------------------------------
                                              1.168394   slack (MET)


Startpoint: _76_ (rising edge-triggered flip-flop clocked by clk_i)
Endpoint: _76_ (rising edge-triggered flip-flop clocked by clk_i)
Path Group: clk_i
Path Type: min

Fanout         Cap        Slew       Delay        Time   Description
---------------------------------------------------------------------------------------------
                                  0.000000    0.000000   clock clk_i (rise edge)
                                  0.000000    0.000000   clock source latency
     9    0.037484    0.185585    0.092278    0.092278 ^ clk_i (in)
                                                         clk_i (net)
                      0.185585    0.000000    0.092278 ^ _76_/CLK (gf180mcu_fd_sc_mcu7t5v0__dffq_1)
     2    0.079584    0.791209    1.125640    1.217918 v _76_/Q (gf180mcu_fd_sc_mcu7t5v0__dffq_1)
                                                         ovf_o (net)
                      0.791209    0.000023    1.217941 v _66_/A1 (gf180mcu_fd_sc_mcu7t5v0__nand2_1)
     1    0.005029    0.210633    0.281200    1.499141 ^ _66_/ZN (gf180mcu_fd_sc_mcu7t5v0__nand2_1)
                                                         _33_ (net)
                      0.210633    0.000005    1.499146 ^ _67_/B (gf180mcu_fd_sc_mcu7t5v0__oai21_1)
     1    0.002691    0.123568    0.115892    1.615038 v _67_/ZN (gf180mcu_fd_sc_mcu7t5v0__oai21_1)
                                                         _08_ (net)
                      0.123568    0.000003    1.615042 v _76_/D (gf180mcu_fd_sc_mcu7t5v0__dffq_1)
                                              1.615042   data arrival time

                                  0.000000    0.000000   clock clk_i (rise edge)
                                  0.000000    0.000000   clock source latency
     9    0.037484    0.185585    0.092278    0.092278 ^ clk_i (in)
                                                         clk_i (net)
                      0.185585    0.000000    0.092278 ^ _76_/CLK (gf180mcu_fd_sc_mcu7t5v0__dffq_1)
                                  0.250000    0.342278   clock uncertainty
                                  0.000000    0.342278   clock reconvergence pessimism
                                  0.096394    0.438671   library hold time
                                              0.438671   data required time
---------------------------------------------------------------------------------------------
                                              0.438671   data required time
                                             -1.615042   data arrival time
---------------------------------------------------------------------------------------------
                                              1.176370   slack (MET)


Startpoint: _74_ (rising edge-triggered flip-flop clocked by clk_i)
Endpoint: _74_ (rising edge-triggered flip-flop clocked by clk_i)
Path Group: clk_i
Path Type: min

Fanout         Cap        Slew       Delay        Time   Description
---------------------------------------------------------------------------------------------
                                  0.000000    0.000000   clock clk_i (rise edge)
                                  0.000000    0.000000   clock source latency
     9    0.037484    0.185585    0.092340    0.092340 ^ clk_i (in)
                                                         clk_i (net)
                      0.185585    0.000000    0.092340 ^ _74_/CLK (gf180mcu_fd_sc_mcu7t5v0__dffq_1)
     3    0.083446    0.827904    1.148319    1.240659 v _74_/Q (gf180mcu_fd_sc_mcu7t5v0__dffq_1)
                                                         count_o[6] (net)
                      0.827904    0.000034    1.240693 v _35_/I (gf180mcu_fd_sc_mcu7t5v0__clkinv_1)
     1    0.004864    0.268718    0.233873    1.474567 ^ _35_/ZN (gf180mcu_fd_sc_mcu7t5v0__clkinv_1)
                                                         _10_ (net)
                      0.268718    0.000004    1.474570 ^ _62_/A1 (gf180mcu_fd_sc_mcu7t5v0__aoi211_1)
     1    0.002592    0.159401    0.133093    1.607663 v _62_/ZN (gf180mcu_fd_sc_mcu7t5v0__aoi211_1)
                                                         _06_ (net)
                      0.159401    0.000002    1.607666 v _74_/D (gf180mcu_fd_sc_mcu7t5v0__dffq_1)
                                              1.607666   data arrival time

                                  0.000000    0.000000   clock clk_i (rise edge)
                                  0.000000    0.000000   clock source latency
     9    0.037484    0.185585    0.092340    0.092340 ^ clk_i (in)
                                                         clk_i (net)
                      0.185585    0.000000    0.092340 ^ _74_/CLK (gf180mcu_fd_sc_mcu7t5v0__dffq_1)
                                  0.250000    0.342340   clock uncertainty
                                  0.000000    0.342340   clock reconvergence pessimism
                                  0.087368    0.429708   library hold time
                                              0.429708   data required time
---------------------------------------------------------------------------------------------
                                              0.429708   data required time
                                             -1.607666   data arrival time
---------------------------------------------------------------------------------------------
                                              1.177958   slack (MET)


Startpoint: _69_ (rising edge-triggered flip-flop clocked by clk_i)
Endpoint: _69_ (rising edge-triggered flip-flop clocked by clk_i)
Path Group: clk_i
Path Type: min

Fanout         Cap        Slew       Delay        Time   Description
---------------------------------------------------------------------------------------------
                                  0.000000    0.000000   clock clk_i (rise edge)
                                  0.000000    0.000000   clock source latency
     9    0.037484    0.185585    0.092140    0.092140 ^ clk_i (in)
                                                         clk_i (net)
                      0.185585    0.000000    0.092140 ^ _69_/CLK (gf180mcu_fd_sc_mcu7t5v0__dffq_1)
     5    0.090629    0.896115    1.190199    1.282339 v _69_/Q (gf180mcu_fd_sc_mcu7t5v0__dffq_1)
                                                         count_o[1] (net)
                      0.896115    0.000055    1.282393 v _44_/B (gf180mcu_fd_sc_mcu7t5v0__aoi21_1)
     1    0.004701    0.285109    0.328275    1.610669 ^ _44_/ZN (gf180mcu_fd_sc_mcu7t5v0__aoi21_1)
                                                         _18_ (net)
                      0.285109    0.000005    1.610673 ^ _47_/A1 (gf180mcu_fd_sc_mcu7t5v0__nor2_1)
     1    0.002581    0.126024    0.101309    1.711983 v _47_/ZN (gf180mcu_fd_sc_mcu7t5v0__nor2_1)
                                                         _01_ (net)
                      0.126024    0.000002    1.711985 v _69_/D (gf180mcu_fd_sc_mcu7t5v0__dffq_1)
                                              1.711985   data arrival time

                                  0.000000    0.000000   clock clk_i (rise edge)
                                  0.000000    0.000000   clock source latency
     9    0.037484    0.185585    0.092140    0.092140 ^ clk_i (in)
                                                         clk_i (net)
                      0.185585    0.000000    0.092140 ^ _69_/CLK (gf180mcu_fd_sc_mcu7t5v0__dffq_1)
                                  0.250000    0.342140   clock uncertainty
                                  0.000000    0.342140   clock reconvergence pessimism
                                  0.095842    0.437982   library hold time
                                              0.437982   data required time
---------------------------------------------------------------------------------------------
                                              0.437982   data required time
                                             -1.711985   data arrival time
---------------------------------------------------------------------------------------------
                                              1.274003   slack (MET)


Startpoint: _68_ (rising edge-triggered flip-flop clocked by clk_i)
Endpoint: _68_ (rising edge-triggered flip-flop clocked by clk_i)
Path Group: clk_i
Path Type: min

Fanout         Cap        Slew       Delay        Time   Description
---------------------------------------------------------------------------------------------
                                  0.000000    0.000000   clock clk_i (rise edge)
                                  0.000000    0.000000   clock source latency
     9    0.037484    0.185585    0.092222    0.092222 ^ clk_i (in)
                                                         clk_i (net)
                      0.185585    0.000000    0.092222 ^ _68_/CLK (gf180mcu_fd_sc_mcu7t5v0__dffq_1)
     7    0.103158    1.697110    1.655486    1.747707 ^ _68_/Q (gf180mcu_fd_sc_mcu7t5v0__dffq_1)
                                                         count_o[0] (net)
                      1.697110    0.000123    1.747830 ^ _43_/A2 (gf180mcu_fd_sc_mcu7t5v0__aoi22_1)
     1    0.002534    0.175468    0.004377    1.752208 v _43_/ZN (gf180mcu_fd_sc_mcu7t5v0__aoi22_1)
                                                         _00_ (net)
                      0.175468    0.000002    1.752209 v _68_/D (gf180mcu_fd_sc_mcu7t5v0__dffq_1)
                                              1.752209   data arrival time

                                  0.000000    0.000000   clock clk_i (rise edge)
                                  0.000000    0.000000   clock source latency
     9    0.037484    0.185585    0.092222    0.092222 ^ clk_i (in)
                                                         clk_i (net)
                      0.185585    0.000000    0.092222 ^ _68_/CLK (gf180mcu_fd_sc_mcu7t5v0__dffq_1)
                                  0.250000    0.342222   clock uncertainty
                                  0.000000    0.342222   clock reconvergence pessimism
                                  0.082742    0.424964   library hold time
                                              0.424964   data required time
---------------------------------------------------------------------------------------------
                                              0.424964   data required time
                                             -1.752209   data arrival time
---------------------------------------------------------------------------------------------
                                              1.327245   slack (MET)


Startpoint: _72_ (rising edge-triggered flip-flop clocked by clk_i)
Endpoint: _72_ (rising edge-triggered flip-flop clocked by clk_i)
Path Group: clk_i
Path Type: min

Fanout         Cap        Slew       Delay        Time   Description
---------------------------------------------------------------------------------------------
                                  0.000000    0.000000   clock clk_i (rise edge)
                                  0.000000    0.000000   clock source latency
     9    0.037484    0.185585    0.092229    0.092229 ^ clk_i (in)
                                                         clk_i (net)
                      0.185585    0.000000    0.092229 ^ _72_/CLK (gf180mcu_fd_sc_mcu7t5v0__dffq_1)
     5    0.093029    0.919424    1.204109    1.296337 v _72_/Q (gf180mcu_fd_sc_mcu7t5v0__dffq_1)
                                                         count_o[4] (net)
                      0.919424    0.000136    1.296473 v _54_/B (gf180mcu_fd_sc_mcu7t5v0__aoi21_1)
     1    0.004081    0.315533    0.320629    1.617102 ^ _54_/ZN (gf180mcu_fd_sc_mcu7t5v0__aoi21_1)
                                                         _25_ (net)
                      0.315533    0.000002    1.617104 ^ _56_/A2 (gf180mcu_fd_sc_mcu7t5v0__nor3_1)
     1    0.002690    0.158489    0.162587    1.779691 v _56_/ZN (gf180mcu_fd_sc_mcu7t5v0__nor3_1)
                                                         _04_ (net)
                      0.158489    0.000004    1.779695 v _72_/D (gf180mcu_fd_sc_mcu7t5v0__dffq_1)
                                              1.779695   data arrival time

                                  0.000000    0.000000   clock clk_i (rise edge)
                                  0.000000    0.000000   clock source latency
     9    0.037484    0.185585    0.092229    0.092229 ^ clk_i (in)
                                                         clk_i (net)
                      0.185585    0.000000    0.092229 ^ _72_/CLK (gf180mcu_fd_sc_mcu7t5v0__dffq_1)
                                  0.250000    0.342229   clock uncertainty
                                  0.000000    0.342229   clock reconvergence pessimism
                                  0.087631    0.429859   library hold time
                                              0.429859   data required time
---------------------------------------------------------------------------------------------
                                              0.429859   data required time
                                             -1.779695   data arrival time
---------------------------------------------------------------------------------------------
                                              1.349835   slack (MET)


Startpoint: _75_ (rising edge-triggered flip-flop clocked by clk_i)
Endpoint: _75_ (rising edge-triggered flip-flop clocked by clk_i)
Path Group: clk_i
Path Type: min

Fanout         Cap        Slew       Delay        Time   Description
---------------------------------------------------------------------------------------------
                                  0.000000    0.000000   clock clk_i (rise edge)
                                  0.000000    0.000000   clock source latency
     9    0.037484    0.185585    0.092287    0.092287 ^ clk_i (in)
                                                         clk_i (net)
                      0.185585    0.000000    0.092287 ^ _75_/CLK (gf180mcu_fd_sc_mcu7t5v0__dffq_1)
     2    0.078959    0.785278    1.121983    1.214270 v _75_/Q (gf180mcu_fd_sc_mcu7t5v0__dffq_1)
                                                         count_o[7] (net)
                      0.785278    0.000030    1.214300 v _34_/I (gf180mcu_fd_sc_mcu7t5v0__clkinv_1)
     2    0.008195    0.317918    0.282086    1.496387 ^ _34_/ZN (gf180mcu_fd_sc_mcu7t5v0__clkinv_1)
                                                         _09_ (net)
                      0.317918    0.000024    1.496411 ^ _63_/B (gf180mcu_fd_sc_mcu7t5v0__oai31_1)
     1    0.003011    0.165446    0.135813    1.632224 v _63_/ZN (gf180mcu_fd_sc_mcu7t5v0__oai31_1)
                                                         _31_ (net)
                      0.165446    0.000003    1.632227 v _65_/A2 (gf180mcu_fd_sc_mcu7t5v0__and3_1)
     1    0.002654    0.115846    0.312145    1.944372 v _65_/Z (gf180mcu_fd_sc_mcu7t5v0__and3_1)
                                                         _07_ (net)
                      0.115846    0.000003    1.944375 v _75_/D (gf180mcu_fd_sc_mcu7t5v0__dffq_1)
                                              1.944375   data arrival time

                                  0.000000    0.000000   clock clk_i (rise edge)
                                  0.000000    0.000000   clock source latency
     9    0.037484    0.185585    0.092287    0.092287 ^ clk_i (in)
                                                         clk_i (net)
                      0.185585    0.000000    0.092287 ^ _75_/CLK (gf180mcu_fd_sc_mcu7t5v0__dffq_1)
                                  0.250000    0.342287   clock uncertainty
                                  0.000000    0.342287   clock reconvergence pessimism
                                  0.098127    0.440414   library hold time
                                              0.440414   data required time
---------------------------------------------------------------------------------------------
                                              0.440414   data required time
                                             -1.944375   data arrival time
---------------------------------------------------------------------------------------------
                                              1.503961   slack (MET)


Startpoint: _73_ (rising edge-triggered flip-flop clocked by clk_i)
Endpoint: _73_ (rising edge-triggered flip-flop clocked by clk_i)
Path Group: clk_i
Path Type: min

Fanout         Cap        Slew       Delay        Time   Description
---------------------------------------------------------------------------------------------
                                  0.000000    0.000000   clock clk_i (rise edge)
                                  0.000000    0.000000   clock source latency
     9    0.037484    0.185585    0.092340    0.092340 ^ clk_i (in)
                                                         clk_i (net)
                      0.185585    0.000000    0.092340 ^ _73_/CLK (gf180mcu_fd_sc_mcu7t5v0__dffq_1)
     4    0.087744    0.868734    1.173520    1.265860 v _73_/Q (gf180mcu_fd_sc_mcu7t5v0__dffq_1)
                                                         count_o[5] (net)
                      0.868734    0.000057    1.265917 v _36_/I (gf180mcu_fd_sc_mcu7t5v0__clkinv_1)
     1    0.004824    0.275078    0.238614    1.504531 ^ _36_/ZN (gf180mcu_fd_sc_mcu7t5v0__clkinv_1)
                                                         _11_ (net)
                      0.275078    0.000003    1.504535 ^ _57_/B (gf180mcu_fd_sc_mcu7t5v0__oai31_1)
     1    0.002891    0.157091    0.131003    1.635538 v _57_/ZN (gf180mcu_fd_sc_mcu7t5v0__oai31_1)
                                                         _27_ (net)
                      0.157091    0.000002    1.635540 v _59_/A2 (gf180mcu_fd_sc_mcu7t5v0__and3_1)
     1    0.002692    0.116228    0.309963    1.945503 v _59_/Z (gf180mcu_fd_sc_mcu7t5v0__and3_1)
                                                         _05_ (net)
                      0.116228    0.000004    1.945506 v _73_/D (gf180mcu_fd_sc_mcu7t5v0__dffq_1)
                                              1.945506   data arrival time

                                  0.000000    0.000000   clock clk_i (rise edge)
                                  0.000000    0.000000   clock source latency
     9    0.037484    0.185585    0.092340    0.092340 ^ clk_i (in)
                                                         clk_i (net)
                      0.185585    0.000000    0.092340 ^ _73_/CLK (gf180mcu_fd_sc_mcu7t5v0__dffq_1)
                                  0.250000    0.342340   clock uncertainty
                                  0.000000    0.342340   clock reconvergence pessimism
                                  0.098041    0.440381   library hold time
                                              0.440381   data required time
---------------------------------------------------------------------------------------------
                                              0.440381   data required time
                                             -1.945506   data arrival time
---------------------------------------------------------------------------------------------
                                              1.505125   slack (MET)


Startpoint: _71_ (rising edge-triggered flip-flop clocked by clk_i)
Endpoint: _71_ (rising edge-triggered flip-flop clocked by clk_i)
Path Group: clk_i
Path Type: min

Fanout         Cap        Slew       Delay        Time   Description
---------------------------------------------------------------------------------------------
                                  0.000000    0.000000   clock clk_i (rise edge)
                                  0.000000    0.000000   clock source latency
     9    0.037484    0.185585    0.092218    0.092218 ^ clk_i (in)
                                                         clk_i (net)
                      0.185585    0.000000    0.092218 ^ _71_/CLK (gf180mcu_fd_sc_mcu7t5v0__dffq_1)
     4    0.089334    0.883789    1.182488    1.274706 v _71_/Q (gf180mcu_fd_sc_mcu7t5v0__dffq_1)
                                                         count_o[3] (net)
                      0.883789    0.000018    1.274725 v _38_/I (gf180mcu_fd_sc_mcu7t5v0__clkinv_1)
     7    0.032572    0.669350    0.580024    1.854749 ^ _38_/ZN (gf180mcu_fd_sc_mcu7t5v0__clkinv_1)
                                                         _13_ (net)
                      0.669350    0.000033    1.854782 ^ _53_/A1 (gf180mcu_fd_sc_mcu7t5v0__aoi21_1)
     1    0.002615    0.176345    0.107952    1.962734 v _53_/ZN (gf180mcu_fd_sc_mcu7t5v0__aoi21_1)
                                                         _03_ (net)
                      0.176345    0.000002    1.962736 v _71_/D (gf180mcu_fd_sc_mcu7t5v0__dffq_1)
                                              1.962736   data arrival time

                                  0.000000    0.000000   clock clk_i (rise edge)
                                  0.000000    0.000000   clock source latency
     9    0.037484    0.185585    0.092218    0.092218 ^ clk_i (in)
                                                         clk_i (net)
                      0.185585    0.000000    0.092218 ^ _71_/CLK (gf180mcu_fd_sc_mcu7t5v0__dffq_1)
                                  0.250000    0.342218   clock uncertainty
                                  0.000000    0.342218   clock reconvergence pessimism
                                  0.082490    0.424708   library hold time
                                              0.424708   data required time
---------------------------------------------------------------------------------------------
                                              0.424708   data required time
                                             -1.962736   data arrival time
---------------------------------------------------------------------------------------------
                                              1.538029   slack (MET)


Startpoint: _75_ (rising edge-triggered flip-flop clocked by clk_i)
Endpoint: count_o[7] (output port clocked by clk_i)
Path Group: clk_i
Path Type: min

Fanout         Cap        Slew       Delay        Time   Description
---------------------------------------------------------------------------------------------
                                  0.000000    0.000000   clock clk_i (rise edge)
                                  0.000000    0.000000   clock source latency
     9    0.037484    0.185585    0.092287    0.092287 ^ clk_i (in)
                                                         clk_i (net)
                      0.185585    0.000000    0.092287 ^ _75_/CLK (gf180mcu_fd_sc_mcu7t5v0__dffq_1)
     2    0.078959    0.785278    1.121983    1.214270 v _75_/Q (gf180mcu_fd_sc_mcu7t5v0__dffq_1)
                                                         count_o[7] (net)
                      0.785278    0.000444    1.214713 v count_o[7] (out)
                                              1.214713   data arrival time

                                  0.000000    0.000000   clock clk_i (rise edge)
                                  0.000000    0.000000   clock network delay (propagated)
                                  0.250000    0.250000   clock uncertainty
                                  0.000000    0.250000   clock reconvergence pessimism
                                 -5.000000   -4.750000   output external delay
                                             -4.750000   data required time
---------------------------------------------------------------------------------------------
                                             -4.750000   data required time
                                             -1.214713   data arrival time
---------------------------------------------------------------------------------------------
                                              5.964714   slack (MET)


Startpoint: _76_ (rising edge-triggered flip-flop clocked by clk_i)
Endpoint: ovf_o (output port clocked by clk_i)
Path Group: clk_i
Path Type: min

Fanout         Cap        Slew       Delay        Time   Description
---------------------------------------------------------------------------------------------
                                  0.000000    0.000000   clock clk_i (rise edge)
                                  0.000000    0.000000   clock source latency
     9    0.037484    0.185585    0.092278    0.092278 ^ clk_i (in)
                                                         clk_i (net)
                      0.185585    0.000000    0.092278 ^ _76_/CLK (gf180mcu_fd_sc_mcu7t5v0__dffq_1)
     2    0.079584    0.791209    1.125640    1.217918 v _76_/Q (gf180mcu_fd_sc_mcu7t5v0__dffq_1)
                                                         ovf_o (net)
                      0.791209    0.000450    1.218368 v ovf_o (out)
                                              1.218368   data arrival time

                                  0.000000    0.000000   clock clk_i (rise edge)
                                  0.000000    0.000000   clock network delay (propagated)
                                  0.250000    0.250000   clock uncertainty
                                  0.000000    0.250000   clock reconvergence pessimism
                                 -5.000000   -4.750000   output external delay
                                             -4.750000   data required time
---------------------------------------------------------------------------------------------
                                             -4.750000   data required time
                                             -1.218368   data arrival time
---------------------------------------------------------------------------------------------
                                              5.968368   slack (MET)


Startpoint: _74_ (rising edge-triggered flip-flop clocked by clk_i)
Endpoint: count_o[6] (output port clocked by clk_i)
Path Group: clk_i
Path Type: min

Fanout         Cap        Slew       Delay        Time   Description
---------------------------------------------------------------------------------------------
                                  0.000000    0.000000   clock clk_i (rise edge)
                                  0.000000    0.000000   clock source latency
     9    0.037484    0.185585    0.092340    0.092340 ^ clk_i (in)
                                                         clk_i (net)
                      0.185585    0.000000    0.092340 ^ _74_/CLK (gf180mcu_fd_sc_mcu7t5v0__dffq_1)
     3    0.083446    0.827904    1.148319    1.240659 v _74_/Q (gf180mcu_fd_sc_mcu7t5v0__dffq_1)
                                                         count_o[6] (net)
                      0.827904    0.000419    1.241078 v count_o[6] (out)
                                              1.241078   data arrival time

                                  0.000000    0.000000   clock clk_i (rise edge)
                                  0.000000    0.000000   clock network delay (propagated)
                                  0.250000    0.250000   clock uncertainty
                                  0.000000    0.250000   clock reconvergence pessimism
                                 -5.000000   -4.750000   output external delay
                                             -4.750000   data required time
---------------------------------------------------------------------------------------------
                                             -4.750000   data required time
                                             -1.241078   data arrival time
---------------------------------------------------------------------------------------------
                                              5.991078   slack (MET)


Startpoint: _70_ (rising edge-triggered flip-flop clocked by clk_i)
Endpoint: count_o[2] (output port clocked by clk_i)
Path Group: clk_i
Path Type: min

Fanout         Cap        Slew       Delay        Time   Description
---------------------------------------------------------------------------------------------
                                  0.000000    0.000000   clock clk_i (rise edge)
                                  0.000000    0.000000   clock source latency
     9    0.037484    0.185585    0.092154    0.092154 ^ clk_i (in)
                                                         clk_i (net)
                      0.185585    0.000000    0.092154 ^ _70_/CLK (gf180mcu_fd_sc_mcu7t5v0__dffq_1)
     4    0.086275    0.854747    1.164703    1.256857 v _70_/Q (gf180mcu_fd_sc_mcu7t5v0__dffq_1)
                                                         count_o[2] (net)
                      0.854747    0.000687    1.257544 v count_o[2] (out)
                                              1.257544   data arrival time

                                  0.000000    0.000000   clock clk_i (rise edge)
                                  0.000000    0.000000   clock network delay (propagated)
                                  0.250000    0.250000   clock uncertainty
                                  0.000000    0.250000   clock reconvergence pessimism
                                 -5.000000   -4.750000   output external delay
                                             -4.750000   data required time
---------------------------------------------------------------------------------------------
                                             -4.750000   data required time
                                             -1.257544   data arrival time
---------------------------------------------------------------------------------------------
                                              6.007545   slack (MET)


Startpoint: _73_ (rising edge-triggered flip-flop clocked by clk_i)
Endpoint: count_o[5] (output port clocked by clk_i)
Path Group: clk_i
Path Type: min

Fanout         Cap        Slew       Delay        Time   Description
---------------------------------------------------------------------------------------------
                                  0.000000    0.000000   clock clk_i (rise edge)
                                  0.000000    0.000000   clock source latency
     9    0.037484    0.185585    0.092340    0.092340 ^ clk_i (in)
                                                         clk_i (net)
                      0.185585    0.000000    0.092340 ^ _73_/CLK (gf180mcu_fd_sc_mcu7t5v0__dffq_1)
     4    0.087744    0.868734    1.173520    1.265860 v _73_/Q (gf180mcu_fd_sc_mcu7t5v0__dffq_1)
                                                         count_o[5] (net)
                      0.868734    0.000422    1.266282 v count_o[5] (out)
                                              1.266282   data arrival time

                                  0.000000    0.000000   clock clk_i (rise edge)
                                  0.000000    0.000000   clock network delay (propagated)
                                  0.250000    0.250000   clock uncertainty
                                  0.000000    0.250000   clock reconvergence pessimism
                                 -5.000000   -4.750000   output external delay
                                             -4.750000   data required time
---------------------------------------------------------------------------------------------
                                             -4.750000   data required time
                                             -1.266282   data arrival time
---------------------------------------------------------------------------------------------
                                              6.016282   slack (MET)


Startpoint: _71_ (rising edge-triggered flip-flop clocked by clk_i)
Endpoint: count_o[3] (output port clocked by clk_i)
Path Group: clk_i
Path Type: min

Fanout         Cap        Slew       Delay        Time   Description
---------------------------------------------------------------------------------------------
                                  0.000000    0.000000   clock clk_i (rise edge)
                                  0.000000    0.000000   clock source latency
     9    0.037484    0.185585    0.092218    0.092218 ^ clk_i (in)
                                                         clk_i (net)
                      0.185585    0.000000    0.092218 ^ _71_/CLK (gf180mcu_fd_sc_mcu7t5v0__dffq_1)
     4    0.089334    0.883789    1.182488    1.274706 v _71_/Q (gf180mcu_fd_sc_mcu7t5v0__dffq_1)
                                                         count_o[3] (net)
                      0.883792    0.000910    1.275617 v count_o[3] (out)
                                              1.275617   data arrival time

                                  0.000000    0.000000   clock clk_i (rise edge)
                                  0.000000    0.000000   clock network delay (propagated)
                                  0.250000    0.250000   clock uncertainty
                                  0.000000    0.250000   clock reconvergence pessimism
                                 -5.000000   -4.750000   output external delay
                                             -4.750000   data required time
---------------------------------------------------------------------------------------------
                                             -4.750000   data required time
                                             -1.275617   data arrival time
---------------------------------------------------------------------------------------------
                                              6.025617   slack (MET)


Startpoint: _69_ (rising edge-triggered flip-flop clocked by clk_i)
Endpoint: count_o[1] (output port clocked by clk_i)
Path Group: clk_i
Path Type: min

Fanout         Cap        Slew       Delay        Time   Description
---------------------------------------------------------------------------------------------
                                  0.000000    0.000000   clock clk_i (rise edge)
                                  0.000000    0.000000   clock source latency
     9    0.037484    0.185585    0.092140    0.092140 ^ clk_i (in)
                                                         clk_i (net)
                      0.185585    0.000000    0.092140 ^ _69_/CLK (gf180mcu_fd_sc_mcu7t5v0__dffq_1)
     5    0.090629    0.896115    1.190199    1.282339 v _69_/Q (gf180mcu_fd_sc_mcu7t5v0__dffq_1)
                                                         count_o[1] (net)
                      0.896115    0.000754    1.283092 v count_o[1] (out)
                                              1.283092   data arrival time

                                  0.000000    0.000000   clock clk_i (rise edge)
                                  0.000000    0.000000   clock network delay (propagated)
                                  0.250000    0.250000   clock uncertainty
                                  0.000000    0.250000   clock reconvergence pessimism
                                 -5.000000   -4.750000   output external delay
                                             -4.750000   data required time
---------------------------------------------------------------------------------------------
                                             -4.750000   data required time
                                             -1.283092   data arrival time
---------------------------------------------------------------------------------------------
                                              6.033092   slack (MET)


Startpoint: _72_ (rising edge-triggered flip-flop clocked by clk_i)
Endpoint: count_o[4] (output port clocked by clk_i)
Path Group: clk_i
Path Type: min

Fanout         Cap        Slew       Delay        Time   Description
---------------------------------------------------------------------------------------------
                                  0.000000    0.000000   clock clk_i (rise edge)
                                  0.000000    0.000000   clock source latency
     9    0.037484    0.185585    0.092229    0.092229 ^ clk_i (in)
                                                         clk_i (net)
                      0.185585    0.000000    0.092229 ^ _72_/CLK (gf180mcu_fd_sc_mcu7t5v0__dffq_1)
     5    0.093029    0.919424    1.204109    1.296337 v _72_/Q (gf180mcu_fd_sc_mcu7t5v0__dffq_1)
                                                         count_o[4] (net)
                      0.919428    0.000999    1.297337 v count_o[4] (out)
                                              1.297337   data arrival time

                                  0.000000    0.000000   clock clk_i (rise edge)
                                  0.000000    0.000000   clock network delay (propagated)
                                  0.250000    0.250000   clock uncertainty
                                  0.000000    0.250000   clock reconvergence pessimism
                                 -5.000000   -4.750000   output external delay
                                             -4.750000   data required time
---------------------------------------------------------------------------------------------
                                             -4.750000   data required time
                                             -1.297337   data arrival time
---------------------------------------------------------------------------------------------
                                              6.047337   slack (MET)


Startpoint: _68_ (rising edge-triggered flip-flop clocked by clk_i)
Endpoint: count_o[0] (output port clocked by clk_i)
Path Group: clk_i
Path Type: min

Fanout         Cap        Slew       Delay        Time   Description
---------------------------------------------------------------------------------------------
                                  0.000000    0.000000   clock clk_i (rise edge)
                                  0.000000    0.000000   clock source latency
     9    0.037484    0.185585    0.092222    0.092222 ^ clk_i (in)
                                                         clk_i (net)
                      0.185585    0.000000    0.092222 ^ _68_/CLK (gf180mcu_fd_sc_mcu7t5v0__dffq_1)
     7    0.103158    1.016384    1.263889    1.356110 v _68_/Q (gf180mcu_fd_sc_mcu7t5v0__dffq_1)
                                                         count_o[0] (net)
                      1.016384    0.000909    1.357020 v count_o[0] (out)
                                              1.357020   data arrival time

                                  0.000000    0.000000   clock clk_i (rise edge)
                                  0.000000    0.000000   clock network delay (propagated)
                                  0.250000    0.250000   clock uncertainty
                                  0.000000    0.250000   clock reconvergence pessimism
                                 -5.000000   -4.750000   output external delay
                                             -4.750000   data required time
---------------------------------------------------------------------------------------------
                                             -4.750000   data required time
                                             -1.357020   data arrival time
---------------------------------------------------------------------------------------------
                                              6.107020   slack (MET)



%OL_END_REPORT
%OL_CREATE_REPORT max.rpt

===========================================================================
report_checks -path_delay max (Setup)
============================================================================
======================= nom_tt_025C_5v00 Corner ===================================

Startpoint: en_i (input port clocked by clk_i)
Endpoint: _75_ (rising edge-triggered flip-flop clocked by clk_i)
Path Group: clk_i
Path Type: max

Fanout         Cap        Slew       Delay        Time   Description
---------------------------------------------------------------------------------------------
                                  0.000000    0.000000   clock clk_i (rise edge)
                                  0.000000    0.000000   clock network delay (propagated)
                                  5.000000    5.000000 ^ input external delay
     6    0.030279    0.532659    0.286655    5.286655 ^ en_i (in)
                                                         en_i (net)
                      0.532659    0.000000    5.286655 ^ _49_/A1 (gf180mcu_fd_sc_mcu7t5v0__nand4_1)
     8    0.037955    1.205623    0.702853    5.989508 v _49_/ZN (gf180mcu_fd_sc_mcu7t5v0__nand4_1)
                                                         _22_ (net)
                      1.205623    0.000092    5.989600 v _64_/A3 (gf180mcu_fd_sc_mcu7t5v0__or4_1)
     2    0.007992    0.327625    1.085964    7.075564 v _64_/Z (gf180mcu_fd_sc_mcu7t5v0__or4_1)
                                                         _32_ (net)
                      0.327625    0.000010    7.075574 v _65_/A3 (gf180mcu_fd_sc_mcu7t5v0__and3_1)
     1    0.002654    0.125092    0.380266    7.455841 v _65_/Z (gf180mcu_fd_sc_mcu7t5v0__and3_1)
                                                         _07_ (net)
                      0.125092    0.000003    7.455843 v _75_/D (gf180mcu_fd_sc_mcu7t5v0__dffq_1)
                                              7.455843   data arrival time

                                 25.000000   25.000000   clock clk_i (rise edge)
                                  0.000000   25.000000   clock source latency
     9    0.037484    0.185585    0.092287   25.092287 ^ clk_i (in)
                                                         clk_i (net)
                      0.185585    0.000000   25.092287 ^ _75_/CLK (gf180mcu_fd_sc_mcu7t5v0__dffq_1)
                                 -0.250000   24.842287   clock uncertainty
                                  0.000000   24.842287   clock reconvergence pessimism
                                 -0.216715   24.625572   library setup time
                                             24.625572   data required time
---------------------------------------------------------------------------------------------
                                             24.625572   data required time
                                             -7.455843   data arrival time
---------------------------------------------------------------------------------------------
                                             17.169729   slack (MET)


Startpoint: en_i (input port clocked by clk_i)
Endpoint: _76_ (rising edge-triggered flip-flop clocked by clk_i)
Path Group: clk_i
Path Type: max

Fanout         Cap        Slew       Delay        Time   Description
---------------------------------------------------------------------------------------------
                                  0.000000    0.000000   clock clk_i (rise edge)
                                  0.000000    0.000000   clock network delay (propagated)
                                  5.000000    5.000000 ^ input external delay
     6    0.030279    0.532659    0.286655    5.286655 ^ en_i (in)
                                                         en_i (net)
                      0.532659    0.000000    5.286655 ^ _49_/A1 (gf180mcu_fd_sc_mcu7t5v0__nand4_1)
     8    0.037955    1.205623    0.702853    5.989508 v _49_/ZN (gf180mcu_fd_sc_mcu7t5v0__nand4_1)
                                                         _22_ (net)
                      1.205623    0.000092    5.989600 v _64_/A3 (gf180mcu_fd_sc_mcu7t5v0__or4_1)
     2    0.007992    0.327625    1.085964    7.075564 v _64_/Z (gf180mcu_fd_sc_mcu7t5v0__or4_1)
                                                         _32_ (net)
                      0.327625    0.000011    7.075575 v _67_/A2 (gf180mcu_fd_sc_mcu7t5v0__oai21_1)
     1    0.002691    0.281939    0.214410    7.289985 ^ _67_/ZN (gf180mcu_fd_sc_mcu7t5v0__oai21_1)
                                                         _08_ (net)
                      0.281939    0.000003    7.289988 ^ _76_/D (gf180mcu_fd_sc_mcu7t5v0__dffq_1)
                                              7.289988   data arrival time

                                 25.000000   25.000000   clock clk_i (rise edge)
                                  0.000000   25.000000   clock source latency
     9    0.037484    0.185585    0.092278   25.092278 ^ clk_i (in)
                                                         clk_i (net)
                      0.185585    0.000000   25.092278 ^ _76_/CLK (gf180mcu_fd_sc_mcu7t5v0__dffq_1)
                                 -0.250000   24.842278   clock uncertainty
                                  0.000000   24.842278   clock reconvergence pessimism
                                 -0.219901   24.622377   library setup time
                                             24.622377   data required time
---------------------------------------------------------------------------------------------
                                             24.622377   data required time
                                             -7.289988   data arrival time
---------------------------------------------------------------------------------------------
                                             17.332390   slack (MET)


Startpoint: en_i (input port clocked by clk_i)
Endpoint: _73_ (rising edge-triggered flip-flop clocked by clk_i)
Path Group: clk_i
Path Type: max

Fanout         Cap        Slew       Delay        Time   Description
---------------------------------------------------------------------------------------------
                                  0.000000    0.000000   clock clk_i (rise edge)
                                  0.000000    0.000000   clock network delay (propagated)
                                  5.000000    5.000000 ^ input external delay
     6    0.030279    0.532659    0.286655    5.286655 ^ en_i (in)
                                                         en_i (net)
                      0.532659    0.000000    5.286655 ^ _49_/A1 (gf180mcu_fd_sc_mcu7t5v0__nand4_1)
     8    0.037955    1.205623    0.702853    5.989508 v _49_/ZN (gf180mcu_fd_sc_mcu7t5v0__nand4_1)
                                                         _22_ (net)
                      1.205623    0.000224    5.989732 v _57_/A3 (gf180mcu_fd_sc_mcu7t5v0__oai31_1)
     1    0.002891    0.583714    0.552945    6.542677 ^ _57_/ZN (gf180mcu_fd_sc_mcu7t5v0__oai31_1)
                                                         _27_ (net)
                      0.583714    0.000002    6.542678 ^ _59_/A2 (gf180mcu_fd_sc_mcu7t5v0__and3_1)
     1    0.002692    0.152534    0.403961    6.946640 ^ _59_/Z (gf180mcu_fd_sc_mcu7t5v0__and3_1)
                                                         _05_ (net)
                      0.152534    0.000004    6.946643 ^ _73_/D (gf180mcu_fd_sc_mcu7t5v0__dffq_1)
                                              6.946643   data arrival time

                                 25.000000   25.000000   clock clk_i (rise edge)
                                  0.000000   25.000000   clock source latency
     9    0.037484    0.185585    0.092340   25.092340 ^ clk_i (in)
                                                         clk_i (net)
                      0.185585    0.000000   25.092340 ^ _73_/CLK (gf180mcu_fd_sc_mcu7t5v0__dffq_1)
                                 -0.250000   24.842340   clock uncertainty
                                  0.000000   24.842340   clock reconvergence pessimism
                                 -0.205366   24.636974   library setup time
                                             24.636974   data required time
---------------------------------------------------------------------------------------------
                                             24.636974   data required time
                                             -6.946643   data arrival time
---------------------------------------------------------------------------------------------
                                             17.690332   slack (MET)


Startpoint: en_i (input port clocked by clk_i)
Endpoint: _74_ (rising edge-triggered flip-flop clocked by clk_i)
Path Group: clk_i
Path Type: max

Fanout         Cap        Slew       Delay        Time   Description
---------------------------------------------------------------------------------------------
                                  0.000000    0.000000   clock clk_i (rise edge)
                                  0.000000    0.000000   clock network delay (propagated)
                                  5.000000    5.000000 ^ input external delay
     6    0.030279    0.532659    0.286655    5.286655 ^ en_i (in)
                                                         en_i (net)
                      0.532659    0.000000    5.286655 ^ _49_/A1 (gf180mcu_fd_sc_mcu7t5v0__nand4_1)
     8    0.037955    1.205623    0.702853    5.989508 v _49_/ZN (gf180mcu_fd_sc_mcu7t5v0__nand4_1)
                                                         _22_ (net)
                      1.205623    0.000230    5.989738 v _61_/A2 (gf180mcu_fd_sc_mcu7t5v0__nor3_1)
     1    0.004151    0.543110    0.496304    6.486041 ^ _61_/ZN (gf180mcu_fd_sc_mcu7t5v0__nor3_1)
                                                         _30_ (net)
                      0.543110    0.000002    6.486043 ^ _62_/B (gf180mcu_fd_sc_mcu7t5v0__aoi211_1)
     1    0.002592    0.309323    0.239032    6.725075 v _62_/ZN (gf180mcu_fd_sc_mcu7t5v0__aoi211_1)
                                                         _06_ (net)
                      0.309323    0.000002    6.725078 v _74_/D (gf180mcu_fd_sc_mcu7t5v0__dffq_1)
                                              6.725078   data arrival time

                                 25.000000   25.000000   clock clk_i (rise edge)
                                  0.000000   25.000000   clock source latency
     9    0.037484    0.185585    0.092340   25.092340 ^ clk_i (in)
                                                         clk_i (net)
                      0.185585    0.000000   25.092340 ^ _74_/CLK (gf180mcu_fd_sc_mcu7t5v0__dffq_1)
                                 -0.250000   24.842340   clock uncertainty
                                  0.000000   24.842340   clock reconvergence pessimism
                                 -0.273364   24.568977   library setup time
                                             24.568977   data required time
---------------------------------------------------------------------------------------------
                                             24.568977   data required time
                                             -6.725078   data arrival time
---------------------------------------------------------------------------------------------
                                             17.843899   slack (MET)


Startpoint: en_i (input port clocked by clk_i)
Endpoint: _72_ (rising edge-triggered flip-flop clocked by clk_i)
Path Group: clk_i
Path Type: max

Fanout         Cap        Slew       Delay        Time   Description
---------------------------------------------------------------------------------------------
                                  0.000000    0.000000   clock clk_i (rise edge)
                                  0.000000    0.000000   clock network delay (propagated)
                                  5.000000    5.000000 ^ input external delay
     6    0.030279    0.532659    0.286655    5.286655 ^ en_i (in)
                                                         en_i (net)
                      0.532659    0.000000    5.286655 ^ _49_/A1 (gf180mcu_fd_sc_mcu7t5v0__nand4_1)
     8    0.037955    1.205623    0.702853    5.989508 v _49_/ZN (gf180mcu_fd_sc_mcu7t5v0__nand4_1)
                                                         _22_ (net)
                      1.205623    0.000206    5.989713 v _55_/A3 (gf180mcu_fd_sc_mcu7t5v0__nor3_1)
     1    0.004176    0.556014    0.451025    6.440738 ^ _55_/ZN (gf180mcu_fd_sc_mcu7t5v0__nor3_1)
                                                         _26_ (net)
                      0.556014    0.000002    6.440740 ^ _56_/A3 (gf180mcu_fd_sc_mcu7t5v0__nor3_1)
     1    0.002690    0.280364    0.199589    6.640328 v _56_/ZN (gf180mcu_fd_sc_mcu7t5v0__nor3_1)
                                                         _04_ (net)
                      0.280364    0.000004    6.640332 v _72_/D (gf180mcu_fd_sc_mcu7t5v0__dffq_1)
                                              6.640332   data arrival time

                                 25.000000   25.000000   clock clk_i (rise edge)
                                  0.000000   25.000000   clock source latency
     9    0.037484    0.185585    0.092228   25.092228 ^ clk_i (in)
                                                         clk_i (net)
                      0.185585    0.000000   25.092228 ^ _72_/CLK (gf180mcu_fd_sc_mcu7t5v0__dffq_1)
                                 -0.250000   24.842228   clock uncertainty
                                  0.000000   24.842228   clock reconvergence pessimism
                                 -0.264012   24.578217   library setup time
                                             24.578217   data required time
---------------------------------------------------------------------------------------------
                                             24.578217   data required time
                                             -6.640332   data arrival time
---------------------------------------------------------------------------------------------
                                             17.937883   slack (MET)


Startpoint: en_i (input port clocked by clk_i)
Endpoint: _71_ (rising edge-triggered flip-flop clocked by clk_i)
Path Group: clk_i
Path Type: max

Fanout         Cap        Slew       Delay        Time   Description
---------------------------------------------------------------------------------------------
                                  0.000000    0.000000   clock clk_i (rise edge)
                                  0.000000    0.000000   clock network delay (propagated)
                                  5.000000    5.000000 ^ input external delay
     6    0.030279    0.532659    0.286655    5.286655 ^ en_i (in)
                                                         en_i (net)
                      0.532659    0.000000    5.286655 ^ _49_/A1 (gf180mcu_fd_sc_mcu7t5v0__nand4_1)
     8    0.037955    1.205623    0.702853    5.989508 v _49_/ZN (gf180mcu_fd_sc_mcu7t5v0__nand4_1)
                                                         _22_ (net)
                      1.205623    0.000162    5.989669 v _52_/A2 (gf180mcu_fd_sc_mcu7t5v0__oai21_1)
     1    0.004177    0.442252    0.399127    6.388796 ^ _52_/ZN (gf180mcu_fd_sc_mcu7t5v0__oai21_1)
                                                         _24_ (net)
                      0.442252    0.000003    6.388799 ^ _53_/B (gf180mcu_fd_sc_mcu7t5v0__aoi21_1)
     1    0.002615    0.281823    0.204030    6.592829 v _53_/ZN (gf180mcu_fd_sc_mcu7t5v0__aoi21_1)
                                                         _03_ (net)
                      0.281823    0.000003    6.592831 v _71_/D (gf180mcu_fd_sc_mcu7t5v0__dffq_1)
                                              6.592831   data arrival time

                                 25.000000   25.000000   clock clk_i (rise edge)
                                  0.000000   25.000000   clock source latency
     9    0.037484    0.185585    0.092218   25.092216 ^ clk_i (in)
                                                         clk_i (net)
                      0.185585    0.000000   25.092216 ^ _71_/CLK (gf180mcu_fd_sc_mcu7t5v0__dffq_1)
                                 -0.250000   24.842218   clock uncertainty
                                  0.000000   24.842218   clock reconvergence pessimism
                                 -0.264484   24.577734   library setup time
                                             24.577734   data required time
---------------------------------------------------------------------------------------------
                                             24.577734   data required time
                                             -6.592831   data arrival time
---------------------------------------------------------------------------------------------
                                             17.984903   slack (MET)


Startpoint: _68_ (rising edge-triggered flip-flop clocked by clk_i)
Endpoint: count_o[0] (output port clocked by clk_i)
Path Group: clk_i
Path Type: max

Fanout         Cap        Slew       Delay        Time   Description
---------------------------------------------------------------------------------------------
                                  0.000000    0.000000   clock clk_i (rise edge)
                                  0.000000    0.000000   clock source latency
     9    0.037484    0.185585    0.092222    0.092222 ^ clk_i (in)
                                                         clk_i (net)
                      0.185585    0.000000    0.092222 ^ _68_/CLK (gf180mcu_fd_sc_mcu7t5v0__dffq_1)
     7    0.103158    1.697110    1.655486    1.747707 ^ _68_/Q (gf180mcu_fd_sc_mcu7t5v0__dffq_1)
                                                         count_o[0] (net)
                      1.697110    0.000909    1.748617 ^ count_o[0] (out)
                                              1.748617   data arrival time

                                 25.000000   25.000000   clock clk_i (rise edge)
                                  0.000000   25.000000   clock network delay (propagated)
                                 -0.250000   24.750000   clock uncertainty
                                  0.000000   24.750000   clock reconvergence pessimism
                                 -5.000000   19.750000   output external delay
                                             19.750000   data required time
---------------------------------------------------------------------------------------------
                                             19.750000   data required time
                                             -1.748617   data arrival time
---------------------------------------------------------------------------------------------
                                             18.001383   slack (MET)


Startpoint: en_i (input port clocked by clk_i)
Endpoint: _70_ (rising edge-triggered flip-flop clocked by clk_i)
Path Group: clk_i
Path Type: max

Fanout         Cap        Slew       Delay        Time   Description
---------------------------------------------------------------------------------------------
                                  0.000000    0.000000   clock clk_i (rise edge)
                                  0.000000    0.000000   clock network delay (propagated)
                                  5.000000    5.000000 ^ input external delay
     6    0.030279    0.532659    0.286655    5.286655 ^ en_i (in)
                                                         en_i (net)
                      0.532659    0.000000    5.286655 ^ _49_/A1 (gf180mcu_fd_sc_mcu7t5v0__nand4_1)
     8    0.037955    1.205623    0.702853    5.989508 v _49_/ZN (gf180mcu_fd_sc_mcu7t5v0__nand4_1)
                                                         _22_ (net)
                      1.205623    0.000040    5.989548 v _50_/A2 (gf180mcu_fd_sc_mcu7t5v0__nand2_1)
     1    0.004151    0.361541    0.396752    6.386300 ^ _50_/ZN (gf180mcu_fd_sc_mcu7t5v0__nand2_1)
                                                         _23_ (net)
                      0.361541    0.000003    6.386302 ^ _51_/B (gf180mcu_fd_sc_mcu7t5v0__aoi21_1)
     1    0.002663    0.244207    0.195019    6.581321 v _51_/ZN (gf180mcu_fd_sc_mcu7t5v0__aoi21_1)
                                                         _02_ (net)
                      0.244207    0.000003    6.581325 v _70_/D (gf180mcu_fd_sc_mcu7t5v0__dffq_1)
                                              6.581325   data arrival time

                                 25.000000   25.000000   clock clk_i (rise edge)
                                  0.000000   25.000000   clock source latency
     9    0.037484    0.185585    0.092154   25.092154 ^ clk_i (in)
                                                         clk_i (net)
                      0.185585    0.000000   25.092154 ^ _70_/CLK (gf180mcu_fd_sc_mcu7t5v0__dffq_1)
                                 -0.250000   24.842154   clock uncertainty
                                  0.000000   24.842154   clock reconvergence pessimism
                                 -0.252336   24.589819   library setup time
                                             24.589819   data required time
---------------------------------------------------------------------------------------------
                                             24.589819   data required time
                                             -6.581325   data arrival time
---------------------------------------------------------------------------------------------
                                             18.008495   slack (MET)


Startpoint: _72_ (rising edge-triggered flip-flop clocked by clk_i)
Endpoint: count_o[4] (output port clocked by clk_i)
Path Group: clk_i
Path Type: max

Fanout         Cap        Slew       Delay        Time   Description
---------------------------------------------------------------------------------------------
                                  0.000000    0.000000   clock clk_i (rise edge)
                                  0.000000    0.000000   clock source latency
     9    0.037484    0.185585    0.092229    0.092229 ^ clk_i (in)
                                                         clk_i (net)
                      0.185585    0.000000    0.092229 ^ _72_/CLK (gf180mcu_fd_sc_mcu7t5v0__dffq_1)
     5    0.093029    1.535103    1.561267    1.653496 ^ _72_/Q (gf180mcu_fd_sc_mcu7t5v0__dffq_1)
                                                         count_o[4] (net)
                      1.535103    0.001000    1.654495 ^ count_o[4] (out)
                                              1.654495   data arrival time

                                 25.000000   25.000000   clock clk_i (rise edge)
                                  0.000000   25.000000   clock network delay (propagated)
                                 -0.250000   24.750000   clock uncertainty
                                  0.000000   24.750000   clock reconvergence pessimism
                                 -5.000000   19.750000   output external delay
                                             19.750000   data required time
---------------------------------------------------------------------------------------------
                                             19.750000   data required time
                                             -1.654495   data arrival time
---------------------------------------------------------------------------------------------
                                             18.095505   slack (MET)


Startpoint: _69_ (rising edge-triggered flip-flop clocked by clk_i)
Endpoint: count_o[1] (output port clocked by clk_i)
Path Group: clk_i
Path Type: max

Fanout         Cap        Slew       Delay        Time   Description
---------------------------------------------------------------------------------------------
                                  0.000000    0.000000   clock clk_i (rise edge)
                                  0.000000    0.000000   clock source latency
     9    0.037484    0.185585    0.092140    0.092140 ^ clk_i (in)
                                                         clk_i (net)
                      0.185585    0.000000    0.092140 ^ _69_/CLK (gf180mcu_fd_sc_mcu7t5v0__dffq_1)
     5    0.090629    1.496454    1.539220    1.631360 ^ _69_/Q (gf180mcu_fd_sc_mcu7t5v0__dffq_1)
                                                         count_o[1] (net)
                      1.496454    0.000754    1.632114 ^ count_o[1] (out)
                                              1.632114   data arrival time

                                 25.000000   25.000000   clock clk_i (rise edge)
                                  0.000000   25.000000   clock network delay (propagated)
                                 -0.250000   24.750000   clock uncertainty
                                  0.000000   24.750000   clock reconvergence pessimism
                                 -5.000000   19.750000   output external delay
                                             19.750000   data required time
---------------------------------------------------------------------------------------------
                                             19.750000   data required time
                                             -1.632114   data arrival time
---------------------------------------------------------------------------------------------
                                             18.117886   slack (MET)


Startpoint: _71_ (rising edge-triggered flip-flop clocked by clk_i)
Endpoint: count_o[3] (output port clocked by clk_i)
Path Group: clk_i
Path Type: max

Fanout         Cap        Slew       Delay        Time   Description
---------------------------------------------------------------------------------------------
                                  0.000000    0.000000   clock clk_i (rise edge)
                                  0.000000    0.000000   clock source latency
     9    0.037484    0.185585    0.092218    0.092218 ^ clk_i (in)
                                                         clk_i (net)
                      0.185585    0.000000    0.092218 ^ _71_/CLK (gf180mcu_fd_sc_mcu7t5v0__dffq_1)
     4    0.089334    1.475725    1.527143    1.619360 ^ _71_/Q (gf180mcu_fd_sc_mcu7t5v0__dffq_1)
                                                         count_o[3] (net)
                      1.475725    0.000910    1.620271 ^ count_o[3] (out)
                                              1.620271   data arrival time

                                 25.000000   25.000000   clock clk_i (rise edge)
                                  0.000000   25.000000   clock network delay (propagated)
                                 -0.250000   24.750000   clock uncertainty
                                  0.000000   24.750000   clock reconvergence pessimism
                                 -5.000000   19.750000   output external delay
                                             19.750000   data required time
---------------------------------------------------------------------------------------------
                                             19.750000   data required time
                                             -1.620271   data arrival time
---------------------------------------------------------------------------------------------
                                             18.129730   slack (MET)


Startpoint: _73_ (rising edge-triggered flip-flop clocked by clk_i)
Endpoint: count_o[5] (output port clocked by clk_i)
Path Group: clk_i
Path Type: max

Fanout         Cap        Slew       Delay        Time   Description
---------------------------------------------------------------------------------------------
                                  0.000000    0.000000   clock clk_i (rise edge)
                                  0.000000    0.000000   clock source latency
     9    0.037484    0.185585    0.092340    0.092340 ^ clk_i (in)
                                                         clk_i (net)
                      0.185585    0.000000    0.092340 ^ _73_/CLK (gf180mcu_fd_sc_mcu7t5v0__dffq_1)
     4    0.087744    1.498435    1.513062    1.605402 ^ _73_/Q (gf180mcu_fd_sc_mcu7t5v0__dffq_1)
                                                         count_o[5] (net)
                      1.498435    0.000422    1.605824 ^ count_o[5] (out)
                                              1.605824   data arrival time

                                 25.000000   25.000000   clock clk_i (rise edge)
                                  0.000000   25.000000   clock network delay (propagated)
                                 -0.250000   24.750000   clock uncertainty
                                  0.000000   24.750000   clock reconvergence pessimism
                                 -5.000000   19.750000   output external delay
                                             19.750000   data required time
---------------------------------------------------------------------------------------------
                                             19.750000   data required time
                                             -1.605824   data arrival time
---------------------------------------------------------------------------------------------
                                             18.144176   slack (MET)


Startpoint: _70_ (rising edge-triggered flip-flop clocked by clk_i)
Endpoint: count_o[2] (output port clocked by clk_i)
Path Group: clk_i
Path Type: max

Fanout         Cap        Slew       Delay        Time   Description
---------------------------------------------------------------------------------------------
                                  0.000000    0.000000   clock clk_i (rise edge)
                                  0.000000    0.000000   clock source latency
     9    0.037484    0.185585    0.092154    0.092154 ^ clk_i (in)
                                                         clk_i (net)
                      0.185585    0.000000    0.092154 ^ _70_/CLK (gf180mcu_fd_sc_mcu7t5v0__dffq_1)
     4    0.086275    1.426926    1.499006    1.591160 ^ _70_/Q (gf180mcu_fd_sc_mcu7t5v0__dffq_1)
                                                         count_o[2] (net)
                      1.426926    0.000687    1.591847 ^ count_o[2] (out)
                                              1.591847   data arrival time

                                 25.000000   25.000000   clock clk_i (rise edge)
                                  0.000000   25.000000   clock network delay (propagated)
                                 -0.250000   24.750000   clock uncertainty
                                  0.000000   24.750000   clock reconvergence pessimism
                                 -5.000000   19.750000   output external delay
                                             19.750000   data required time
---------------------------------------------------------------------------------------------
                                             19.750000   data required time
                                             -1.591847   data arrival time
---------------------------------------------------------------------------------------------
                                             18.158154   slack (MET)


Startpoint: _74_ (rising edge-triggered flip-flop clocked by clk_i)
Endpoint: count_o[6] (output port clocked by clk_i)
Path Group: clk_i
Path Type: max

Fanout         Cap        Slew       Delay        Time   Description
---------------------------------------------------------------------------------------------
                                  0.000000    0.000000   clock clk_i (rise edge)
                                  0.000000    0.000000   clock source latency
     9    0.037484    0.185585    0.092340    0.092340 ^ clk_i (in)
                                                         clk_i (net)
                      0.185585    0.000000    0.092340 ^ _74_/CLK (gf180mcu_fd_sc_mcu7t5v0__dffq_1)
     3    0.083446    1.427641    1.473346    1.565687 ^ _74_/Q (gf180mcu_fd_sc_mcu7t5v0__dffq_1)
                                                         count_o[6] (net)
                      1.427641    0.000419    1.566106 ^ count_o[6] (out)
                                              1.566106   data arrival time

                                 25.000000   25.000000   clock clk_i (rise edge)
                                  0.000000   25.000000   clock network delay (propagated)
                                 -0.250000   24.750000   clock uncertainty
                                  0.000000   24.750000   clock reconvergence pessimism
                                 -5.000000   19.750000   output external delay
                                             19.750000   data required time
---------------------------------------------------------------------------------------------
                                             19.750000   data required time
                                             -1.566106   data arrival time
---------------------------------------------------------------------------------------------
                                             18.183893   slack (MET)


Startpoint: _76_ (rising edge-triggered flip-flop clocked by clk_i)
Endpoint: ovf_o (output port clocked by clk_i)
Path Group: clk_i
Path Type: max

Fanout         Cap        Slew       Delay        Time   Description
---------------------------------------------------------------------------------------------
                                  0.000000    0.000000   clock clk_i (rise edge)
                                  0.000000    0.000000   clock source latency
     9    0.037484    0.185585    0.092278    0.092278 ^ clk_i (in)
                                                         clk_i (net)
                      0.185585    0.000000    0.092278 ^ _76_/CLK (gf180mcu_fd_sc_mcu7t5v0__dffq_1)
     2    0.079584    1.364019    1.437654    1.529932 ^ _76_/Q (gf180mcu_fd_sc_mcu7t5v0__dffq_1)
                                                         ovf_o (net)
                      1.364019    0.000450    1.530382 ^ ovf_o (out)
                                              1.530382   data arrival time

                                 25.000000   25.000000   clock clk_i (rise edge)
                                  0.000000   25.000000   clock network delay (propagated)
                                 -0.250000   24.750000   clock uncertainty
                                  0.000000   24.750000   clock reconvergence pessimism
                                 -5.000000   19.750000   output external delay
                                             19.750000   data required time
---------------------------------------------------------------------------------------------
                                             19.750000   data required time
                                             -1.530382   data arrival time
---------------------------------------------------------------------------------------------
                                             18.219618   slack (MET)


Startpoint: _75_ (rising edge-triggered flip-flop clocked by clk_i)
Endpoint: count_o[7] (output port clocked by clk_i)
Path Group: clk_i
Path Type: max

Fanout         Cap        Slew       Delay        Time   Description
---------------------------------------------------------------------------------------------
                                  0.000000    0.000000   clock clk_i (rise edge)
                                  0.000000    0.000000   clock source latency
     9    0.037484    0.185585    0.092287    0.092287 ^ clk_i (in)
                                                         clk_i (net)
                      0.185585    0.000000    0.092287 ^ _75_/CLK (gf180mcu_fd_sc_mcu7t5v0__dffq_1)
     2    0.078959    1.353733    1.431883    1.524171 ^ _75_/Q (gf180mcu_fd_sc_mcu7t5v0__dffq_1)
                                                         count_o[7] (net)
                      1.353733    0.000444    1.524614 ^ count_o[7] (out)
                                              1.524614   data arrival time

                                 25.000000   25.000000   clock clk_i (rise edge)
                                  0.000000   25.000000   clock network delay (propagated)
                                 -0.250000   24.750000   clock uncertainty
                                  0.000000   24.750000   clock reconvergence pessimism
                                 -5.000000   19.750000   output external delay
                                             19.750000   data required time
---------------------------------------------------------------------------------------------
                                             19.750000   data required time
                                             -1.524614   data arrival time
---------------------------------------------------------------------------------------------
                                             18.225386   slack (MET)


Startpoint: en_i (input port clocked by clk_i)
Endpoint: _69_ (rising edge-triggered flip-flop clocked by clk_i)
Path Group: clk_i
Path Type: max

Fanout         Cap        Slew       Delay        Time   Description
---------------------------------------------------------------------------------------------
                                  0.000000    0.000000   clock clk_i (rise edge)
                                  0.000000    0.000000   clock network delay (propagated)
                                  5.000000    5.000000 ^ input external delay
     6    0.030279    0.532659    0.286658    5.286658 ^ en_i (in)
                                                         en_i (net)
                      0.532659    0.000000    5.286658 ^ _45_/A1 (gf180mcu_fd_sc_mcu7t5v0__nand3_1)
     2    0.009923    0.531184    0.259197    5.545855 v _45_/ZN (gf180mcu_fd_sc_mcu7t5v0__nand3_1)
                                                         _19_ (net)
                      0.531184    0.000015    5.545870 v _46_/A2 (gf180mcu_fd_sc_mcu7t5v0__nand2_1)
     1    0.004305    0.247196    0.253722    5.799592 ^ _46_/ZN (gf180mcu_fd_sc_mcu7t5v0__nand2_1)
                                                         _20_ (net)
                      0.247196    0.000001    5.799593 ^ _47_/A2 (gf180mcu_fd_sc_mcu7t5v0__nor2_1)
     1    0.002581    0.157323    0.123992    5.923585 v _47_/ZN (gf180mcu_fd_sc_mcu7t5v0__nor2_1)
                                                         _01_ (net)
                      0.157323    0.000002    5.923588 v _69_/D (gf180mcu_fd_sc_mcu7t5v0__dffq_1)
                                              5.923588   data arrival time

                                 25.000000   25.000000   clock clk_i (rise edge)
                                  0.000000   25.000000   clock source latency
     9    0.037484    0.185585    0.092140   25.092138 ^ clk_i (in)
                                                         clk_i (net)
                      0.185585    0.000000   25.092138 ^ _69_/CLK (gf180mcu_fd_sc_mcu7t5v0__dffq_1)
                                 -0.250000   24.842140   clock uncertainty
                                  0.000000   24.842140   clock reconvergence pessimism
                                 -0.224278   24.617863   library setup time
                                             24.617863   data required time
---------------------------------------------------------------------------------------------
                                             24.617863   data required time
                                             -5.923588   data arrival time
---------------------------------------------------------------------------------------------
                                             18.694275   slack (MET)


Startpoint: rst_ni (input port clocked by clk_i)
Endpoint: _68_ (rising edge-triggered flip-flop clocked by clk_i)
Path Group: clk_i
Path Type: max

Fanout         Cap        Slew       Delay        Time   Description
---------------------------------------------------------------------------------------------
                                  0.000000    0.000000   clock clk_i (rise edge)
                                  0.000000    0.000000   clock network delay (propagated)
                                  5.000000    5.000000 ^ input external delay
     8    0.039733    0.683889    0.374691    5.374691 ^ rst_ni (in)
                                                         rst_ni (net)
                      0.683889    0.000000    5.374691 ^ _41_/A2 (gf180mcu_fd_sc_mcu7t5v0__nand2_1)
     2    0.010147    0.294513    0.185697    5.560389 v _41_/ZN (gf180mcu_fd_sc_mcu7t5v0__nand2_1)
                                                         _16_ (net)
                      0.294513    0.000004    5.560393 v _43_/B1 (gf180mcu_fd_sc_mcu7t5v0__aoi22_1)
     1    0.002534    0.428562    0.272974    5.833366 ^ _43_/ZN (gf180mcu_fd_sc_mcu7t5v0__aoi22_1)
                                                         _00_ (net)
                      0.428562    0.000001    5.833368 ^ _68_/D (gf180mcu_fd_sc_mcu7t5v0__dffq_1)
                                              5.833368   data arrival time

                                 25.000000   25.000000   clock clk_i (rise edge)
                                  0.000000   25.000000   clock source latency
     9    0.037484    0.185585    0.092221   25.092220 ^ clk_i (in)
                                                         clk_i (net)
                      0.185585    0.000000   25.092220 ^ _68_/CLK (gf180mcu_fd_sc_mcu7t5v0__dffq_1)
                                 -0.250000   24.842222   clock uncertainty
                                  0.000000   24.842222   clock reconvergence pessimism
                                 -0.231259   24.610962   library setup time
                                             24.610962   data required time
---------------------------------------------------------------------------------------------
                                             24.610962   data required time
                                             -5.833368   data arrival time
---------------------------------------------------------------------------------------------
                                             18.777596   slack (MET)



%OL_END_REPORT
%OL_CREATE_REPORT checks.rpt

===========================================================================
report_checks -unconstrained
===========================================================================
======================= nom_tt_025C_5v00 Corner ===================================

Startpoint: en_i (input port clocked by clk_i)
Endpoint: _75_ (rising edge-triggered flip-flop clocked by clk_i)
Path Group: clk_i
Path Type: max

Fanout         Cap        Slew       Delay        Time   Description
---------------------------------------------------------------------------------------------
                                  0.000000    0.000000   clock clk_i (rise edge)
                                  0.000000    0.000000   clock network delay (propagated)
                                  5.000000    5.000000 ^ input external delay
     6    0.030279    0.532659    0.286655    5.286655 ^ en_i (in)
                                                         en_i (net)
                      0.532659    0.000000    5.286655 ^ _49_/A1 (gf180mcu_fd_sc_mcu7t5v0__nand4_1)
     8    0.037955    1.205623    0.702853    5.989508 v _49_/ZN (gf180mcu_fd_sc_mcu7t5v0__nand4_1)
                                                         _22_ (net)
                      1.205623    0.000092    5.989600 v _64_/A3 (gf180mcu_fd_sc_mcu7t5v0__or4_1)
     2    0.007992    0.327625    1.085964    7.075564 v _64_/Z (gf180mcu_fd_sc_mcu7t5v0__or4_1)
                                                         _32_ (net)
                      0.327625    0.000010    7.075574 v _65_/A3 (gf180mcu_fd_sc_mcu7t5v0__and3_1)
     1    0.002654    0.125092    0.380266    7.455841 v _65_/Z (gf180mcu_fd_sc_mcu7t5v0__and3_1)
                                                         _07_ (net)
                      0.125092    0.000003    7.455843 v _75_/D (gf180mcu_fd_sc_mcu7t5v0__dffq_1)
                                              7.455843   data arrival time

                                 25.000000   25.000000   clock clk_i (rise edge)
                                  0.000000   25.000000   clock source latency
     9    0.037484    0.185585    0.092287   25.092287 ^ clk_i (in)
                                                         clk_i (net)
                      0.185585    0.000000   25.092287 ^ _75_/CLK (gf180mcu_fd_sc_mcu7t5v0__dffq_1)
                                 -0.250000   24.842287   clock uncertainty
                                  0.000000   24.842287   clock reconvergence pessimism
                                 -0.216715   24.625572   library setup time
                                             24.625572   data required time
---------------------------------------------------------------------------------------------
                                             24.625572   data required time
                                             -7.455843   data arrival time
---------------------------------------------------------------------------------------------
                                             17.169729   slack (MET)




===========================================================================
report_checks --slack_max -0.01
============================================================================
======================= nom_tt_025C_5v00 Corner ===================================

No paths found.


===========================================================================
 report_check_types -max_slew -max_cap -max_fanout -violators
============================================================================
======================= nom_tt_025C_5v00 Corner ===================================



===========================================================================
report_parasitic_annotation -report_unannotated
============================================================================
Found 0 unannotated drivers.
Found 0 partially unannotated drivers.

===========================================================================
max slew violation count 0
Writing metric design__max_slew_violation__count__corner:nom_tt_025C_5v00: 0
max fanout violation count 0
Writing metric design__max_fanout_violation__count__corner:nom_tt_025C_5v00: 0
max cap violation count 0
Writing metric design__max_cap_violation__count__corner:nom_tt_025C_5v00: 0
============================================================================

===========================================================================
check_setup -verbose -unconstrained_endpoints -multiple_clock -no_clock -no_input_delay -loops -generated_clocks
===========================================================================
%OL_END_REPORT
%OL_CREATE_REPORT power.rpt

===========================================================================
 report_power
============================================================================
======================= nom_tt_025C_5v00 Corner ===================================

Group                    Internal    Switching      Leakage        Total
                            Power        Power        Power        Power (Watts)
------------------------------------------------------------------------
Sequential           1.870150e-04 1.947558e-05 3.561724e-09 2.064941e-04  94.3%
Combinational        8.601096e-06 3.758014e-06 3.245402e-09 1.236235e-05   5.6%
Clock                0.000000e+00 0.000000e+00 4.800000e-09 4.800000e-09   0.0%
Macro                0.000000e+00 0.000000e+00 0.000000e+00 0.000000e+00   0.0%
Pad                  0.000000e+00 0.000000e+00 0.000000e+00 0.000000e+00   0.0%
------------------------------------------------------------------------
Total                1.956161e-04 2.323359e-05 1.160713e-08 2.188613e-04 100.0%
                            89.4%        10.6%         0.0%
Writing metric power__internal__total: 0.000195616070413962
Writing metric power__switching__total: 2.3233593310578726e-5
Writing metric power__leakage__total: 1.1607127703427977e-8
Writing metric power__total: 0.00021886127069592476

%OL_END_REPORT
%OL_CREATE_REPORT skew.min.rpt

===========================================================================
Clock Skew (Hold)
============================================================================
Writing metric clock__skew__worst_hold__corner:nom_tt_025C_5v00: -0.2502004230171888
======================= nom_tt_025C_5v00 Corner ===================================

Clock clk_i
0.092140 source latency _69_/CLK ^
-0.092340 target latency _74_/CLK ^
-0.250000 clock uncertainty
0.000000 CRPR
--------------
-0.250200 hold skew

%OL_END_REPORT
%OL_CREATE_REPORT skew.max.rpt

===========================================================================
Clock Skew (Setup)
============================================================================
Writing metric clock__skew__worst_setup__corner:nom_tt_025C_5v00: 0.2500817956836526
======================= nom_tt_025C_5v00 Corner ===================================

Clock clk_i
0.092222 source latency _68_/CLK ^
-0.092140 target latency _69_/CLK ^
0.250000 clock uncertainty
0.000000 CRPR
--------------
0.250082 setup skew

%OL_END_REPORT
%OL_CREATE_REPORT ws.min.rpt

===========================================================================
Worst Slack (Hold)
============================================================================
Writing metric timing__hold__ws__corner:nom_tt_025C_5v00: 1.1683937481563358
nom_tt_025C_5v00: 1.1683937481563358
%OL_END_REPORT
%OL_CREATE_REPORT ws.max.rpt

===========================================================================
Worst Slack (Setup)
============================================================================
Writing metric timing__setup__ws__corner:nom_tt_025C_5v00: 17.169729235470427
nom_tt_025C_5v00: 17.169729235470427
%OL_END_REPORT
%OL_CREATE_REPORT tns.min.rpt

===========================================================================
Total Negative Slack (Hold)
============================================================================
Writing metric timing__hold__tns__corner:nom_tt_025C_5v00: 0.0
nom_tt_025C_5v00: 0.0
%OL_END_REPORT
%OL_CREATE_REPORT tns.max.rpt

===========================================================================
Total Negative Slack (Setup)
============================================================================
Writing metric timing__setup__tns__corner:nom_tt_025C_5v00: 0.0
nom_tt_025C_5v00: 0.0
%OL_END_REPORT
%OL_CREATE_REPORT wns.min.rpt

===========================================================================
Worst Negative Slack (Hold)
============================================================================
Writing metric timing__hold__wns__corner:nom_tt_025C_5v00: 0
nom_tt_025C_5v00: 0
%OL_END_REPORT
%OL_CREATE_REPORT wns.max.rpt

===========================================================================
Worst Negative Slack (Setup)
============================================================================
Writing metric timing__setup__wns__corner:nom_tt_025C_5v00: 0.0
nom_tt_025C_5v00: 0.0
%OL_END_REPORT
%OL_CREATE_REPORT violator_list.rpt

===========================================================================
Violator List
============================================================================
Writing metric timing__hold_vio__count__corner:nom_tt_025C_5v00: 0
Writing metric timing__hold_r2r__ws__corner:nom_tt_025C_5v00: 1.168394
Writing metric timing__hold_r2r_vio__count__corner:nom_tt_025C_5v00: 0
Writing metric timing__setup_vio__count__corner:nom_tt_025C_5v00: 0
Writing metric timing__setup_r2r__ws__corner:nom_tt_025C_5v00: 1e30
Writing metric timing__setup_r2r_vio__count__corner:nom_tt_025C_5v00: 0
%OL_END_REPORT
%OL_CREATE_REPORT unpropagated.rpt
%OL_END_REPORT
%OL_CREATE_REPORT clock.rpt
Clock: clk_i
Sources: clk_i 
Generated: no
Virtual: yes
Propagated: no
Period: 25.000000

===========================================================================
report_clock_properties
============================================================================
Clock                   Period          Waveform
----------------------------------------------------
clk_i                25.000000    0.000000 12.500000

===========================================================================
report_clock_latency
============================================================================
Clock clk_i
rise -> rise
    min     max
0.000000 0.000000 source latency
0.092140         network latency _69_/CLK
        0.092340 network latency _74_/CLK
---------------
0.092140 0.092340 latency
        0.000200 skew

fall -> fall
    min     max
0.000000 0.000000 source latency
0.056425         network latency _69_/CLK
        0.056626 network latency _74_/CLK
---------------
0.056425 0.056626 latency
        0.000201 skew



===========================================================================
report_clock_min_period
============================================================================
clk_i period_min = 4.26 fmax = 234.84
%OL_END_REPORT
