Reading timing models for corner nom_tt_025C_5v00…
Reading timing library for the 'nom_tt_025C_5v00' corner at '/home/windyphony/.ciel/ciel/gf180mcu/versions/54435919abffb937387ec956209f9cf5fd2dfbee/gf180mcuD/libs.ref/gf180mcu_fd_sc_mcu7t5v0/lib/gf180mcu_fd_sc_mcu7t5v0__tt_025C_5v00.lib'…
Reading OpenROAD database at '/home/windyphony/heichips25-workshop/exercise_4/counter_8bit/runs/RUN_2026-05-11_21-45-40/21-openroad-generatepdn/counter_8bit.odb'…
Reading design constraints file at '/home/windyphony/unic-cass/envs/librelane/lib/python3.12/site-packages/librelane/scripts/base.sdc'…
[INFO] Using clock clk_i…
[INFO] Setting output delay to: 5
[INFO] Setting input delay to: 5
[INFO] Setting load to: 0.07291
[INFO] Setting clock uncertainty to: 0.25
[INFO] Setting clock transition to: 0.1499999999999999944488848768742172978818416595458984375
[INFO] Setting timing derate to: 5%
+ global_placement -density 0.6 -skip_io -pad_right 0 -pad_left 0 -init_wirelength_coef 0.25
[INFO GPL-0001] ---- Initialize GPL Main Data Structures
[INFO GPL-0002] DBU: 2000
[INFO GPL-0003] SiteSize: (  0.560  3.920 ) um
[INFO GPL-0004] CoreBBox: (  3.360  3.920 ) ( 96.320 94.080 ) um
[INFO GPL-0036] Movable instances area:       1115.162 um^2
[INFO GPL-0037] Total instances area:         1334.682 um^2
[INFO GPL-0035] Pin density area adjust:       150.511 um^2
[INFO GPL-0032] ---- Initialize Region: Top-level
[INFO GPL-0006] Number of instances:                93
[INFO GPL-0007] Movable instances:                  43
[INFO GPL-0008] Fixed instances:                    50
[INFO GPL-0009] Dummy instances:                     0
[INFO GPL-0010] Number of nets:                     46
[INFO GPL-0011] Number of pins:                    151
[INFO GPL-0012] Die BBox:  (  0.000  0.000 ) ( 100.000 100.000 ) um
[INFO GPL-0013] Core BBox: (  3.360  3.920 ) ( 96.320 94.080 ) um
[INFO GPL-0016] Core area:                    8381.274 um^2
[INFO GPL-0014] Region name: top-level.
[INFO GPL-0015] Region area:                  8381.274 um^2
[INFO GPL-0017] Fixed instances area:          219.520 um^2
[INFO GPL-0018] Movable instances area:       1265.672 um^2
[INFO GPL-0019] Utilization:                    15.507 %
[INFO GPL-0020] Standard cells area:          1265.672 um^2
[INFO GPL-0021] Large instances area:            0.000 um^2
[INFO GPL-0005] ---- Execute Conjugate Gradient Initial Placement.
[INFO GPL-0051] Source of initial instance position counters:
	Odb location = 0	Core center = 43	Region center = 0
[INFO GPL-0033] ---- Initialize Nesterov Region: Top-level
[INFO GPL-0023] Placement target density:       0.6000
[INFO GPL-0024] Movable insts average area:     29.434 um^2
[INFO GPL-0025] Ideal bin area:                 49.057 um^2
[INFO GPL-0026] Ideal bin count:                   170
[INFO GPL-0027] Total bin area:               8381.274 um^2
[INFO GPL-0028] Bin count (X, Y):           8 ,      8
[INFO GPL-0029] Bin size (W * H):      11.620 * 11.270 um
[INFO GPL-0030] Number of bins:                     64
[INFO GPL-0007] ---- Execute Nesterov Global Placement.
[INFO GPL-0031] HPWL: Half-Perimeter Wirelength
Iteration | Overflow |     HPWL (um) |  HPWL(%) |   Penalty | Group
---------------------------------------------------------------
        0 |   0.7579 |  1.859565e+02 |   +0.00% |  8.16e-15 |      
       10 |   0.7579 |  1.680290e+02 |   -9.64% |  1.33e-14 |      
       20 |   0.7579 |  1.679680e+02 |   -0.04% |  2.17e-14 |      
       30 |   0.7579 |  1.679520e+02 |   -0.01% |  3.53e-14 |      
       40 |   0.7579 |  1.679080e+02 |   -0.03% |  5.75e-14 |      
       50 |   0.7579 |  1.678475e+02 |   -0.04% |  9.36e-14 |      
       60 |   0.7579 |  1.677335e+02 |   -0.07% |  1.52e-13 |      
       70 |   0.7579 |  1.675990e+02 |   -0.08% |  2.48e-13 |      
       80 |   0.7579 |  1.674680e+02 |   -0.08% |  4.05e-13 |      
       90 |   0.7579 |  1.672765e+02 |   -0.11% |  6.59e-13 |      
      100 |   0.7579 |  1.671910e+02 |   -0.05% |  1.07e-12 |      
      110 |   0.7578 |  1.672345e+02 |   +0.03% |  1.75e-12 |      
      120 |   0.7576 |  1.674260e+02 |   +0.11% |  2.85e-12 |      
      130 |   0.7573 |  1.678585e+02 |   +0.26% |  4.64e-12 |      
      140 |   0.7567 |  1.673640e+02 |   -0.29% |  7.56e-12 |      
      150 |   0.7559 |  1.674155e+02 |   +0.03% |  1.23e-11 |      
      160 |   0.7555 |  1.675475e+02 |   +0.08% |  2.00e-11 |      
      170 |   0.7557 |  1.678235e+02 |   +0.16% |  3.27e-11 |      
      180 |   0.7562 |  1.685065e+02 |   +0.41% |  5.32e-11 |      
      190 |   0.7558 |  1.701440e+02 |   +0.97% |  8.67e-11 |      
      200 |   0.7530 |  1.756410e+02 |   +3.23% |  1.41e-10 |      
      210 |   0.6905 |  2.045750e+02 |  +16.47% |  2.30e-10 |      
      220 |   0.6466 |  2.139765e+02 |   +4.60% |  3.74e-10 |      
      230 |   0.5783 |  2.310190e+02 |   +7.96% |  6.10e-10 |      
      240 |   0.5272 |  2.503530e+02 |   +8.37% |  9.94e-10 |      
      250 |   0.5018 |  3.177630e+02 |  +26.93% |  1.62e-09 |      
      260 |   0.4371 |  3.777215e+02 |  +18.87% |  2.64e-09 |      
      270 |   0.3909 |  4.210235e+02 |  +11.46% |  4.29e-09 |      
      280 |   0.3320 |  4.479150e+02 |   +6.39% |  6.86e-09 |      
      290 |   0.2941 |  4.690345e+02 |   +4.72% |  1.01e-08 |      
      300 |   0.2449 |  4.811635e+02 |   +2.59% |  1.49e-08 |      
      310 |   0.2042 |  5.001825e+02 |   +3.95% |  2.19e-08 |      
      320 |   0.1699 |  5.147890e+02 |   +2.92% |  3.23e-08 |      
      330 |   0.1470 |  5.299250e+02 |   +2.94% |  4.76e-08 |      
      340 |   0.1042 |  5.305220e+02 |   +0.11% |  7.01e-08 |      
      341 |   0.0997 |  5.341530e+02 |          |  7.57e-08 |      
---------------------------------------------------------------
[INFO GPL-1001] Global placement finished at iteration 341
[INFO GPL-1002] Placed Cell Area             1265.6723
[INFO GPL-1003] Available Free Area          8161.7536
[INFO GPL-1004] Minimum Feasible Density        0.1600 (cell_area / free_area)
[INFO GPL-1006]   Suggested Target Densities:
[INFO GPL-1007]     - For 90% usage of free space: 0.1723
[INFO GPL-1008]     - For 80% usage of free space: 0.1938
[INFO GPL-1009]     - For 50% usage of free space: 0.3101
[INFO GPL-1014] Final placement area: 1265.67 (+0.00%)
Setting global connections for newly added cells…
[INFO] Setting global connections...
[INFO ODB-0403] 0 connections made, 0 conflicts skipped.
Updating metrics…
Cell type report:                       Count       Area
  Endcap cell                              46     201.96
  Tap cell                                 50     219.52
  Inverter                                  7      61.47
  Sequential cell                           9     572.95
  Multi-Input combinational cell           27     480.75
  Total                                   139    1536.64
Writing OpenROAD database to '/home/windyphony/heichips25-workshop/exercise_4/counter_8bit/runs/RUN_2026-05-11_21-45-40/24-openroad-globalplacementskipio/counter_8bit.odb'…
Writing netlist to '/home/windyphony/heichips25-workshop/exercise_4/counter_8bit/runs/RUN_2026-05-11_21-45-40/24-openroad-globalplacementskipio/counter_8bit.nl.v'…
Writing powered netlist to '/home/windyphony/heichips25-workshop/exercise_4/counter_8bit/runs/RUN_2026-05-11_21-45-40/24-openroad-globalplacementskipio/counter_8bit.pnl.v'…
Writing layout to '/home/windyphony/heichips25-workshop/exercise_4/counter_8bit/runs/RUN_2026-05-11_21-45-40/24-openroad-globalplacementskipio/counter_8bit.def'…
Writing timing constraints to '/home/windyphony/heichips25-workshop/exercise_4/counter_8bit/runs/RUN_2026-05-11_21-45-40/24-openroad-globalplacementskipio/counter_8bit.sdc'…
