
===========================================================================
report_checks -path_delay max (Setup)
============================================================================
======================= nom_tt_025C_5v00 Corner ===================================

Startpoint: en_i (input port clocked by clk_i)
Endpoint: _75_ (rising edge-triggered flip-flop clocked by clk_i)
Path Group: clk_i
Path Type: max

Fanout         Cap        Slew       Delay        Time   Description
---------------------------------------------------------------------------------------------
                                  0.000000    0.000000   clock clk_i (rise edge)
                                  0.000000    0.000000   clock network delay (propagated)
                                  5.000000    5.000000 ^ input external delay
     1    0.003474    0.105330    0.034770    5.034770 ^ en_i (in)
                                                         en_i (net)
                      0.105330    0.000000    5.034770 ^ input1/I (gf180mcu_fd_sc_mcu7t5v0__dlyb_1)
     6    0.031660    0.566289    1.127500    6.162271 ^ input1/Z (gf180mcu_fd_sc_mcu7t5v0__dlyb_1)
                                                         net1 (net)
                      0.566289    0.000212    6.162483 ^ _49_/A1 (gf180mcu_fd_sc_mcu7t5v0__nand4_1)
     8    0.044149    1.214450    0.795129    6.957612 v _49_/ZN (gf180mcu_fd_sc_mcu7t5v0__nand4_1)
                                                         _22_ (net)
                      1.214450    0.000809    6.958421 v _64_/A3 (gf180mcu_fd_sc_mcu7t5v0__or4_1)
     2    0.010227    0.348340    1.114560    8.072981 v _64_/Z (gf180mcu_fd_sc_mcu7t5v0__or4_1)
                                                         _32_ (net)
                      0.348340    0.000106    8.073087 v _65_/A3 (gf180mcu_fd_sc_mcu7t5v0__and3_1)
     1    0.003774    0.135483    0.397568    8.470654 v _65_/Z (gf180mcu_fd_sc_mcu7t5v0__and3_1)
                                                         _07_ (net)
                      0.135483    0.000044    8.470699 v _75_/D (gf180mcu_fd_sc_mcu7t5v0__dffq_1)
                                              8.470699   data arrival time

                                 25.000000   25.000000   clock clk_i (rise edge)
                                  0.000000   25.000000   clock source latency
     1    0.026785    0.142729    0.067006   25.067005 ^ clk_i (in)
                                                         clk_i (net)
                      0.142730    0.000000   25.067005 ^ clkbuf_0_clk_i/I (gf180mcu_fd_sc_mcu7t5v0__clkbuf_16)
     2    0.049006    0.114186    0.252289   25.319294 ^ clkbuf_0_clk_i/Z (gf180mcu_fd_sc_mcu7t5v0__clkbuf_16)
                                                         clknet_0_clk_i (net)
                      0.114187    0.000814   25.320108 ^ clkbuf_1_1__f_clk_i/I (gf180mcu_fd_sc_mcu7t5v0__clkbuf_16)
     5    0.023777    0.091892    0.229235   25.549343 ^ clkbuf_1_1__f_clk_i/Z (gf180mcu_fd_sc_mcu7t5v0__clkbuf_16)
                                                         clknet_1_1__leaf_clk_i (net)
                      0.091892    0.000373   25.549715 ^ _75_/CLK (gf180mcu_fd_sc_mcu7t5v0__dffq_1)
                                 -0.250000   25.299717   clock uncertainty
                                  0.000000   25.299717   clock reconvergence pessimism
                                 -0.239193   25.060524   library setup time
                                             25.060524   data required time
---------------------------------------------------------------------------------------------
                                             25.060524   data required time
                                             -8.470699   data arrival time
---------------------------------------------------------------------------------------------
                                             16.589823   slack (MET)


Startpoint: _68_ (rising edge-triggered flip-flop clocked by clk_i)
Endpoint: count_o[0] (output port clocked by clk_i)
Path Group: clk_i
Path Type: max

Fanout         Cap        Slew       Delay        Time   Description
---------------------------------------------------------------------------------------------
                                  0.000000    0.000000   clock clk_i (rise edge)
                                  0.000000    0.000000   clock source latency
     1    0.026785    0.142729    0.067006    0.067006 ^ clk_i (in)
                                                         clk_i (net)
                      0.142730    0.000000    0.067006 ^ clkbuf_0_clk_i/I (gf180mcu_fd_sc_mcu7t5v0__clkbuf_16)
     2    0.049006    0.114186    0.252288    0.319294 ^ clkbuf_0_clk_i/Z (gf180mcu_fd_sc_mcu7t5v0__clkbuf_16)
                                                         clknet_0_clk_i (net)
                      0.114187    0.000814    0.320109 ^ clkbuf_1_1__f_clk_i/I (gf180mcu_fd_sc_mcu7t5v0__clkbuf_16)
     5    0.023777    0.091892    0.229235    0.549343 ^ clkbuf_1_1__f_clk_i/Z (gf180mcu_fd_sc_mcu7t5v0__clkbuf_16)
                                                         clknet_1_1__leaf_clk_i (net)
                      0.091892    0.000443    0.549786 ^ _68_/CLK (gf180mcu_fd_sc_mcu7t5v0__dffq_1)
     7    0.035306    0.613284    1.008829    1.558615 ^ _68_/Q (gf180mcu_fd_sc_mcu7t5v0__dffq_1)
                                                         net3 (net)
                      0.613284    0.000411    1.559026 ^ output3/I (gf180mcu_fd_sc_mcu7t5v0__dlyb_1)
     1    0.074624    1.246014    1.559859    3.118886 ^ output3/Z (gf180mcu_fd_sc_mcu7t5v0__dlyb_1)
                                                         count_o[0] (net)
                      1.246014    0.001163    3.120049 ^ count_o[0] (out)
                                              3.120049   data arrival time

                                 25.000000   25.000000   clock clk_i (rise edge)
                                  0.000000   25.000000   clock network delay (propagated)
                                 -0.250000   24.750000   clock uncertainty
                                  0.000000   24.750000   clock reconvergence pessimism
                                 -5.000000   19.750000   output external delay
                                             19.750000   data required time
---------------------------------------------------------------------------------------------
                                             19.750000   data required time
                                             -3.120049   data arrival time
---------------------------------------------------------------------------------------------
                                             16.629951   slack (MET)


Startpoint: _72_ (rising edge-triggered flip-flop clocked by clk_i)
Endpoint: count_o[4] (output port clocked by clk_i)
Path Group: clk_i
Path Type: max

Fanout         Cap        Slew       Delay        Time   Description
---------------------------------------------------------------------------------------------
                                  0.000000    0.000000   clock clk_i (rise edge)
                                  0.000000    0.000000   clock source latency
     1    0.026785    0.142729    0.067006    0.067006 ^ clk_i (in)
                                                         clk_i (net)
                      0.142730    0.000000    0.067006 ^ clkbuf_0_clk_i/I (gf180mcu_fd_sc_mcu7t5v0__clkbuf_16)
     2    0.049006    0.114186    0.252288    0.319294 ^ clkbuf_0_clk_i/Z (gf180mcu_fd_sc_mcu7t5v0__clkbuf_16)
                                                         clknet_0_clk_i (net)
                      0.114186    0.000577    0.319871 ^ clkbuf_1_0__f_clk_i/I (gf180mcu_fd_sc_mcu7t5v0__clkbuf_16)
     5    0.024840    0.092860    0.230108    0.549979 ^ clkbuf_1_0__f_clk_i/Z (gf180mcu_fd_sc_mcu7t5v0__clkbuf_16)
                                                         clknet_1_0__leaf_clk_i (net)
                      0.092860    0.000484    0.550463 ^ _72_/CLK (gf180mcu_fd_sc_mcu7t5v0__dffq_1)
     5    0.024915    0.449443    0.913905    1.464368 ^ _72_/Q (gf180mcu_fd_sc_mcu7t5v0__dffq_1)
                                                         net7 (net)
                      0.449443    0.000178    1.464546 ^ output7/I (gf180mcu_fd_sc_mcu7t5v0__dlyb_1)
     1    0.074641    1.246954    1.554825    3.019371 ^ output7/Z (gf180mcu_fd_sc_mcu7t5v0__dlyb_1)
                                                         count_o[4] (net)
                      1.246954    0.000824    3.020194 ^ count_o[4] (out)
                                              3.020194   data arrival time

                                 25.000000   25.000000   clock clk_i (rise edge)
                                  0.000000   25.000000   clock network delay (propagated)
                                 -0.250000   24.750000   clock uncertainty
                                  0.000000   24.750000   clock reconvergence pessimism
                                 -5.000000   19.750000   output external delay
                                             19.750000   data required time
---------------------------------------------------------------------------------------------
                                             19.750000   data required time
                                             -3.020194   data arrival time
---------------------------------------------------------------------------------------------
                                             16.729805   slack (MET)


Startpoint: en_i (input port clocked by clk_i)
Endpoint: _76_ (rising edge-triggered flip-flop clocked by clk_i)
Path Group: clk_i
Path Type: max

Fanout         Cap        Slew       Delay        Time   Description
---------------------------------------------------------------------------------------------
                                  0.000000    0.000000   clock clk_i (rise edge)
                                  0.000000    0.000000   clock network delay (propagated)
                                  5.000000    5.000000 ^ input external delay
     1    0.003474    0.105330    0.034770    5.034770 ^ en_i (in)
                                                         en_i (net)
                      0.105330    0.000000    5.034770 ^ input1/I (gf180mcu_fd_sc_mcu7t5v0__dlyb_1)
     6    0.031660    0.566289    1.127500    6.162271 ^ input1/Z (gf180mcu_fd_sc_mcu7t5v0__dlyb_1)
                                                         net1 (net)
                      0.566289    0.000212    6.162483 ^ _49_/A1 (gf180mcu_fd_sc_mcu7t5v0__nand4_1)
     8    0.044149    1.214450    0.795129    6.957612 v _49_/ZN (gf180mcu_fd_sc_mcu7t5v0__nand4_1)
                                                         _22_ (net)
                      1.214450    0.000809    6.958421 v _64_/A3 (gf180mcu_fd_sc_mcu7t5v0__or4_1)
     2    0.010227    0.348340    1.114560    8.072981 v _64_/Z (gf180mcu_fd_sc_mcu7t5v0__or4_1)
                                                         _32_ (net)
                      0.348340    0.000190    8.073171 v _67_/A2 (gf180mcu_fd_sc_mcu7t5v0__oai21_1)
     1    0.004060    0.292442    0.242033    8.315204 ^ _67_/ZN (gf180mcu_fd_sc_mcu7t5v0__oai21_1)
                                                         _08_ (net)
                      0.292442    0.000050    8.315253 ^ _76_/D (gf180mcu_fd_sc_mcu7t5v0__dffq_1)
                                              8.315253   data arrival time

                                 25.000000   25.000000   clock clk_i (rise edge)
                                  0.000000   25.000000   clock source latency
     1    0.026785    0.142729    0.067006   25.067005 ^ clk_i (in)
                                                         clk_i (net)
                      0.142730    0.000000   25.067005 ^ clkbuf_0_clk_i/I (gf180mcu_fd_sc_mcu7t5v0__clkbuf_16)
     2    0.049006    0.114186    0.252289   25.319294 ^ clkbuf_0_clk_i/Z (gf180mcu_fd_sc_mcu7t5v0__clkbuf_16)
                                                         clknet_0_clk_i (net)
                      0.114187    0.000814   25.320108 ^ clkbuf_1_1__f_clk_i/I (gf180mcu_fd_sc_mcu7t5v0__clkbuf_16)
     5    0.023777    0.091892    0.229235   25.549343 ^ clkbuf_1_1__f_clk_i/Z (gf180mcu_fd_sc_mcu7t5v0__clkbuf_16)
                                                         clknet_1_1__leaf_clk_i (net)
                      0.091892    0.000462   25.549805 ^ _76_/CLK (gf180mcu_fd_sc_mcu7t5v0__dffq_1)
                                 -0.250000   25.299805   clock uncertainty
                                  0.000000   25.299805   clock reconvergence pessimism
                                 -0.240028   25.059776   library setup time
                                             25.059776   data required time
---------------------------------------------------------------------------------------------
                                             25.059776   data required time
                                             -8.315253   data arrival time
---------------------------------------------------------------------------------------------
                                             16.744522   slack (MET)


Startpoint: _69_ (rising edge-triggered flip-flop clocked by clk_i)
Endpoint: count_o[1] (output port clocked by clk_i)
Path Group: clk_i
Path Type: max

Fanout         Cap        Slew       Delay        Time   Description
---------------------------------------------------------------------------------------------
                                  0.000000    0.000000   clock clk_i (rise edge)
                                  0.000000    0.000000   clock source latency
     1    0.026785    0.142729    0.067006    0.067006 ^ clk_i (in)
                                                         clk_i (net)
                      0.142730    0.000000    0.067006 ^ clkbuf_0_clk_i/I (gf180mcu_fd_sc_mcu7t5v0__clkbuf_16)
     2    0.049006    0.114186    0.252288    0.319294 ^ clkbuf_0_clk_i/Z (gf180mcu_fd_sc_mcu7t5v0__clkbuf_16)
                                                         clknet_0_clk_i (net)
                      0.114187    0.000814    0.320109 ^ clkbuf_1_1__f_clk_i/I (gf180mcu_fd_sc_mcu7t5v0__clkbuf_16)
     5    0.023777    0.091892    0.229235    0.549343 ^ clkbuf_1_1__f_clk_i/Z (gf180mcu_fd_sc_mcu7t5v0__clkbuf_16)
                                                         clknet_1_1__leaf_clk_i (net)
                      0.091892    0.000444    0.549787 ^ _69_/CLK (gf180mcu_fd_sc_mcu7t5v0__dffq_1)
     5    0.023084    0.420591    0.896899    1.446686 ^ _69_/Q (gf180mcu_fd_sc_mcu7t5v0__dffq_1)
                                                         net4 (net)
                      0.420591    0.000330    1.447016 ^ output4/I (gf180mcu_fd_sc_mcu7t5v0__dlyb_1)
     1    0.074397    1.243040    1.551386    2.998402 ^ output4/Z (gf180mcu_fd_sc_mcu7t5v0__dlyb_1)
                                                         count_o[1] (net)
                      1.243040    0.001096    2.999497 ^ count_o[1] (out)
                                              2.999497   data arrival time

                                 25.000000   25.000000   clock clk_i (rise edge)
                                  0.000000   25.000000   clock network delay (propagated)
                                 -0.250000   24.750000   clock uncertainty
                                  0.000000   24.750000   clock reconvergence pessimism
                                 -5.000000   19.750000   output external delay
                                             19.750000   data required time
---------------------------------------------------------------------------------------------
                                             19.750000   data required time
                                             -2.999497   data arrival time
---------------------------------------------------------------------------------------------
                                             16.750502   slack (MET)


Startpoint: _73_ (rising edge-triggered flip-flop clocked by clk_i)
Endpoint: count_o[5] (output port clocked by clk_i)
Path Group: clk_i
Path Type: max

Fanout         Cap        Slew       Delay        Time   Description
---------------------------------------------------------------------------------------------
                                  0.000000    0.000000   clock clk_i (rise edge)
                                  0.000000    0.000000   clock source latency
     1    0.026785    0.142729    0.067006    0.067006 ^ clk_i (in)
                                                         clk_i (net)
                      0.142730    0.000000    0.067006 ^ clkbuf_0_clk_i/I (gf180mcu_fd_sc_mcu7t5v0__clkbuf_16)
     2    0.049006    0.114186    0.252288    0.319294 ^ clkbuf_0_clk_i/Z (gf180mcu_fd_sc_mcu7t5v0__clkbuf_16)
                                                         clknet_0_clk_i (net)
                      0.114186    0.000577    0.319871 ^ clkbuf_1_0__f_clk_i/I (gf180mcu_fd_sc_mcu7t5v0__clkbuf_16)
     5    0.024840    0.092860    0.230108    0.549979 ^ clkbuf_1_0__f_clk_i/Z (gf180mcu_fd_sc_mcu7t5v0__clkbuf_16)
                                                         clknet_1_0__leaf_clk_i (net)
                      0.092860    0.000417    0.550396 ^ _73_/CLK (gf180mcu_fd_sc_mcu7t5v0__dffq_1)
     4    0.021313    0.392824    0.881028    1.431424 ^ _73_/Q (gf180mcu_fd_sc_mcu7t5v0__dffq_1)
                                                         net8 (net)
                      0.392824    0.000167    1.431591 ^ output8/I (gf180mcu_fd_sc_mcu7t5v0__dlyb_1)
     1    0.074461    1.244033    1.550768    2.982359 ^ output8/Z (gf180mcu_fd_sc_mcu7t5v0__dlyb_1)
                                                         count_o[5] (net)
                      1.244038    0.001459    2.983818 ^ count_o[5] (out)
                                              2.983818   data arrival time

                                 25.000000   25.000000   clock clk_i (rise edge)
                                  0.000000   25.000000   clock network delay (propagated)
                                 -0.250000   24.750000   clock uncertainty
                                  0.000000   24.750000   clock reconvergence pessimism
                                 -5.000000   19.750000   output external delay
                                             19.750000   data required time
---------------------------------------------------------------------------------------------
                                             19.750000   data required time
                                             -2.983818   data arrival time
---------------------------------------------------------------------------------------------
                                             16.766182   slack (MET)


Startpoint: _71_ (rising edge-triggered flip-flop clocked by clk_i)
Endpoint: count_o[3] (output port clocked by clk_i)
Path Group: clk_i
Path Type: max

Fanout         Cap        Slew       Delay        Time   Description
---------------------------------------------------------------------------------------------
                                  0.000000    0.000000   clock clk_i (rise edge)
                                  0.000000    0.000000   clock source latency
     1    0.026785    0.142729    0.067006    0.067006 ^ clk_i (in)
                                                         clk_i (net)
                      0.142730    0.000000    0.067006 ^ clkbuf_0_clk_i/I (gf180mcu_fd_sc_mcu7t5v0__clkbuf_16)
     2    0.049006    0.114186    0.252288    0.319294 ^ clkbuf_0_clk_i/Z (gf180mcu_fd_sc_mcu7t5v0__clkbuf_16)
                                                         clknet_0_clk_i (net)
                      0.114186    0.000577    0.319871 ^ clkbuf_1_0__f_clk_i/I (gf180mcu_fd_sc_mcu7t5v0__clkbuf_16)
     5    0.024840    0.092860    0.230108    0.549979 ^ clkbuf_1_0__f_clk_i/Z (gf180mcu_fd_sc_mcu7t5v0__clkbuf_16)
                                                         clknet_1_0__leaf_clk_i (net)
                      0.092861    0.000632    0.550611 ^ _71_/CLK (gf180mcu_fd_sc_mcu7t5v0__dffq_1)
     4    0.021443    0.394842    0.882179    1.432790 ^ _71_/Q (gf180mcu_fd_sc_mcu7t5v0__dffq_1)
                                                         net6 (net)
                      0.394842    0.000317    1.433106 ^ output6/I (gf180mcu_fd_sc_mcu7t5v0__dlyb_1)
     1    0.073653    1.231026    1.543275    2.976381 ^ output6/Z (gf180mcu_fd_sc_mcu7t5v0__dlyb_1)
                                                         count_o[3] (net)
                      1.231032    0.001537    2.977918 ^ count_o[3] (out)
                                              2.977918   data arrival time

                                 25.000000   25.000000   clock clk_i (rise edge)
                                  0.000000   25.000000   clock network delay (propagated)
                                 -0.250000   24.750000   clock uncertainty
                                  0.000000   24.750000   clock reconvergence pessimism
                                 -5.000000   19.750000   output external delay
                                             19.750000   data required time
---------------------------------------------------------------------------------------------
                                             19.750000   data required time
                                             -2.977918   data arrival time
---------------------------------------------------------------------------------------------
                                             16.772081   slack (MET)


Startpoint: _70_ (rising edge-triggered flip-flop clocked by clk_i)
Endpoint: count_o[2] (output port clocked by clk_i)
Path Group: clk_i
Path Type: max

Fanout         Cap        Slew       Delay        Time   Description
---------------------------------------------------------------------------------------------
                                  0.000000    0.000000   clock clk_i (rise edge)
                                  0.000000    0.000000   clock source latency
     1    0.026785    0.142729    0.067006    0.067006 ^ clk_i (in)
                                                         clk_i (net)
                      0.142730    0.000000    0.067006 ^ clkbuf_0_clk_i/I (gf180mcu_fd_sc_mcu7t5v0__clkbuf_16)
     2    0.049006    0.114186    0.252288    0.319294 ^ clkbuf_0_clk_i/Z (gf180mcu_fd_sc_mcu7t5v0__clkbuf_16)
                                                         clknet_0_clk_i (net)
                      0.114186    0.000577    0.319871 ^ clkbuf_1_0__f_clk_i/I (gf180mcu_fd_sc_mcu7t5v0__clkbuf_16)
     5    0.024840    0.092860    0.230108    0.549979 ^ clkbuf_1_0__f_clk_i/Z (gf180mcu_fd_sc_mcu7t5v0__clkbuf_16)
                                                         clknet_1_0__leaf_clk_i (net)
                      0.092861    0.000638    0.550617 ^ _70_/CLK (gf180mcu_fd_sc_mcu7t5v0__dffq_1)
     4    0.017481    0.333923    0.846060    1.396676 ^ _70_/Q (gf180mcu_fd_sc_mcu7t5v0__dffq_1)
                                                         net5 (net)
                      0.333923    0.000210    1.396887 ^ output5/I (gf180mcu_fd_sc_mcu7t5v0__dlyb_1)
     1    0.073649    1.231158    1.541202    2.938089 ^ output5/Z (gf180mcu_fd_sc_mcu7t5v0__dlyb_1)
                                                         count_o[2] (net)
                      1.231164    0.001537    2.939626 ^ count_o[2] (out)
                                              2.939626   data arrival time

                                 25.000000   25.000000   clock clk_i (rise edge)
                                  0.000000   25.000000   clock network delay (propagated)
                                 -0.250000   24.750000   clock uncertainty
                                  0.000000   24.750000   clock reconvergence pessimism
                                 -5.000000   19.750000   output external delay
                                             19.750000   data required time
---------------------------------------------------------------------------------------------
                                             19.750000   data required time
                                             -2.939626   data arrival time
---------------------------------------------------------------------------------------------
                                             16.810373   slack (MET)


Startpoint: _74_ (rising edge-triggered flip-flop clocked by clk_i)
Endpoint: count_o[6] (output port clocked by clk_i)
Path Group: clk_i
Path Type: max

Fanout         Cap        Slew       Delay        Time   Description
---------------------------------------------------------------------------------------------
                                  0.000000    0.000000   clock clk_i (rise edge)
                                  0.000000    0.000000   clock source latency
     1    0.026785    0.142729    0.067006    0.067006 ^ clk_i (in)
                                                         clk_i (net)
                      0.142730    0.000000    0.067006 ^ clkbuf_0_clk_i/I (gf180mcu_fd_sc_mcu7t5v0__clkbuf_16)
     2    0.049006    0.114186    0.252288    0.319294 ^ clkbuf_0_clk_i/Z (gf180mcu_fd_sc_mcu7t5v0__clkbuf_16)
                                                         clknet_0_clk_i (net)
                      0.114186    0.000577    0.319871 ^ clkbuf_1_0__f_clk_i/I (gf180mcu_fd_sc_mcu7t5v0__clkbuf_16)
     5    0.024840    0.092860    0.230108    0.549979 ^ clkbuf_1_0__f_clk_i/Z (gf180mcu_fd_sc_mcu7t5v0__clkbuf_16)
                                                         clknet_1_0__leaf_clk_i (net)
                      0.092860    0.000375    0.550354 ^ _74_/CLK (gf180mcu_fd_sc_mcu7t5v0__dffq_1)
     3    0.015833    0.309080    0.830975    1.381328 ^ _74_/Q (gf180mcu_fd_sc_mcu7t5v0__dffq_1)
                                                         net9 (net)
                      0.309080    0.000124    1.381453 ^ output9/I (gf180mcu_fd_sc_mcu7t5v0__dlyb_1)
     1    0.074786    1.249164    1.549183    2.930635 ^ output9/Z (gf180mcu_fd_sc_mcu7t5v0__dlyb_1)
                                                         count_o[6] (net)
                      1.249173    0.001885    2.932520 ^ count_o[6] (out)
                                              2.932520   data arrival time

                                 25.000000   25.000000   clock clk_i (rise edge)
                                  0.000000   25.000000   clock network delay (propagated)
                                 -0.250000   24.750000   clock uncertainty
                                  0.000000   24.750000   clock reconvergence pessimism
                                 -5.000000   19.750000   output external delay
                                             19.750000   data required time
---------------------------------------------------------------------------------------------
                                             19.750000   data required time
                                             -2.932520   data arrival time
---------------------------------------------------------------------------------------------
                                             16.817480   slack (MET)


Startpoint: _76_ (rising edge-triggered flip-flop clocked by clk_i)
Endpoint: ovf_o (output port clocked by clk_i)
Path Group: clk_i
Path Type: max

Fanout         Cap        Slew       Delay        Time   Description
---------------------------------------------------------------------------------------------
                                  0.000000    0.000000   clock clk_i (rise edge)
                                  0.000000    0.000000   clock source latency
     1    0.026785    0.142729    0.067006    0.067006 ^ clk_i (in)
                                                         clk_i (net)
                      0.142730    0.000000    0.067006 ^ clkbuf_0_clk_i/I (gf180mcu_fd_sc_mcu7t5v0__clkbuf_16)
     2    0.049006    0.114186    0.252288    0.319294 ^ clkbuf_0_clk_i/Z (gf180mcu_fd_sc_mcu7t5v0__clkbuf_16)
                                                         clknet_0_clk_i (net)
                      0.114187    0.000814    0.320109 ^ clkbuf_1_1__f_clk_i/I (gf180mcu_fd_sc_mcu7t5v0__clkbuf_16)
     5    0.023777    0.091892    0.229235    0.549343 ^ clkbuf_1_1__f_clk_i/Z (gf180mcu_fd_sc_mcu7t5v0__clkbuf_16)
                                                         clknet_1_1__leaf_clk_i (net)
                      0.091892    0.000462    0.549805 ^ _76_/CLK (gf180mcu_fd_sc_mcu7t5v0__dffq_1)
     2    0.010633    0.230827    0.783394    1.333200 ^ _76_/Q (gf180mcu_fd_sc_mcu7t5v0__dffq_1)
                                                         net11 (net)
                      0.230827    0.000095    1.333295 ^ output11/I (gf180mcu_fd_sc_mcu7t5v0__dlyb_1)
     1    0.074245    1.240094    1.535872    2.869166 ^ output11/Z (gf180mcu_fd_sc_mcu7t5v0__dlyb_1)
                                                         ovf_o (net)
                      1.240099    0.001390    2.870556 ^ ovf_o (out)
                                              2.870556   data arrival time

                                 25.000000   25.000000   clock clk_i (rise edge)
                                  0.000000   25.000000   clock network delay (propagated)
                                 -0.250000   24.750000   clock uncertainty
                                  0.000000   24.750000   clock reconvergence pessimism
                                 -5.000000   19.750000   output external delay
                                             19.750000   data required time
---------------------------------------------------------------------------------------------
                                             19.750000   data required time
                                             -2.870556   data arrival time
---------------------------------------------------------------------------------------------
                                             16.879444   slack (MET)


Startpoint: _75_ (rising edge-triggered flip-flop clocked by clk_i)
Endpoint: count_o[7] (output port clocked by clk_i)
Path Group: clk_i
Path Type: max

Fanout         Cap        Slew       Delay        Time   Description
---------------------------------------------------------------------------------------------
                                  0.000000    0.000000   clock clk_i (rise edge)
                                  0.000000    0.000000   clock source latency
     1    0.026785    0.142729    0.067006    0.067006 ^ clk_i (in)
                                                         clk_i (net)
                      0.142730    0.000000    0.067006 ^ clkbuf_0_clk_i/I (gf180mcu_fd_sc_mcu7t5v0__clkbuf_16)
     2    0.049006    0.114186    0.252288    0.319294 ^ clkbuf_0_clk_i/Z (gf180mcu_fd_sc_mcu7t5v0__clkbuf_16)
                                                         clknet_0_clk_i (net)
                      0.114187    0.000814    0.320109 ^ clkbuf_1_1__f_clk_i/I (gf180mcu_fd_sc_mcu7t5v0__clkbuf_16)
     5    0.023777    0.091892    0.229235    0.549343 ^ clkbuf_1_1__f_clk_i/Z (gf180mcu_fd_sc_mcu7t5v0__clkbuf_16)
                                                         clknet_1_1__leaf_clk_i (net)
                      0.091892    0.000373    0.549716 ^ _75_/CLK (gf180mcu_fd_sc_mcu7t5v0__dffq_1)
     2    0.009454    0.213088    0.772622    1.322338 ^ _75_/Q (gf180mcu_fd_sc_mcu7t5v0__dffq_1)
                                                         net10 (net)
                      0.213088    0.000088    1.322425 ^ output10/I (gf180mcu_fd_sc_mcu7t5v0__dlyb_1)
     1    0.074648    1.246258    1.537283    2.859709 ^ output10/Z (gf180mcu_fd_sc_mcu7t5v0__dlyb_1)
                                                         count_o[7] (net)
                      1.246266    0.001843    2.861552 ^ count_o[7] (out)
                                              2.861552   data arrival time

                                 25.000000   25.000000   clock clk_i (rise edge)
                                  0.000000   25.000000   clock network delay (propagated)
                                 -0.250000   24.750000   clock uncertainty
                                  0.000000   24.750000   clock reconvergence pessimism
                                 -5.000000   19.750000   output external delay
                                             19.750000   data required time
---------------------------------------------------------------------------------------------
                                             19.750000   data required time
                                             -2.861552   data arrival time
---------------------------------------------------------------------------------------------
                                             16.888447   slack (MET)


Startpoint: en_i (input port clocked by clk_i)
Endpoint: _73_ (rising edge-triggered flip-flop clocked by clk_i)
Path Group: clk_i
Path Type: max

Fanout         Cap        Slew       Delay        Time   Description
---------------------------------------------------------------------------------------------
                                  0.000000    0.000000   clock clk_i (rise edge)
                                  0.000000    0.000000   clock network delay (propagated)
                                  5.000000    5.000000 ^ input external delay
     1    0.003474    0.105330    0.034770    5.034770 ^ en_i (in)
                                                         en_i (net)
                      0.105330    0.000000    5.034770 ^ input1/I (gf180mcu_fd_sc_mcu7t5v0__dlyb_1)
     6    0.031660    0.566289    1.127500    6.162271 ^ input1/Z (gf180mcu_fd_sc_mcu7t5v0__dlyb_1)
                                                         net1 (net)
                      0.566289    0.000212    6.162483 ^ _49_/A1 (gf180mcu_fd_sc_mcu7t5v0__nand4_1)
     8    0.044149    1.214450    0.795129    6.957612 v _49_/ZN (gf180mcu_fd_sc_mcu7t5v0__nand4_1)
                                                         _22_ (net)
                      1.214450    0.000774    6.958385 v _57_/A3 (gf180mcu_fd_sc_mcu7t5v0__oai31_1)
     1    0.003504    0.608719    0.571523    7.529909 ^ _57_/ZN (gf180mcu_fd_sc_mcu7t5v0__oai31_1)
                                                         _27_ (net)
                      0.608719    0.000038    7.529947 ^ _59_/A2 (gf180mcu_fd_sc_mcu7t5v0__and3_1)
     1    0.004594    0.179891    0.428251    7.958198 ^ _59_/Z (gf180mcu_fd_sc_mcu7t5v0__and3_1)
                                                         _05_ (net)
                      0.179891    0.000060    7.958257 ^ _73_/D (gf180mcu_fd_sc_mcu7t5v0__dffq_1)
                                              7.958257   data arrival time

                                 25.000000   25.000000   clock clk_i (rise edge)
                                  0.000000   25.000000   clock source latency
     1    0.026785    0.142729    0.067006   25.067005 ^ clk_i (in)
                                                         clk_i (net)
                      0.142730    0.000000   25.067005 ^ clkbuf_0_clk_i/I (gf180mcu_fd_sc_mcu7t5v0__clkbuf_16)
     2    0.049006    0.114186    0.252289   25.319294 ^ clkbuf_0_clk_i/Z (gf180mcu_fd_sc_mcu7t5v0__clkbuf_16)
                                                         clknet_0_clk_i (net)
                      0.114186    0.000576   25.319870 ^ clkbuf_1_0__f_clk_i/I (gf180mcu_fd_sc_mcu7t5v0__clkbuf_16)
     5    0.024840    0.092860    0.230109   25.549978 ^ clkbuf_1_0__f_clk_i/Z (gf180mcu_fd_sc_mcu7t5v0__clkbuf_16)
                                                         clknet_1_0__leaf_clk_i (net)
                      0.092860    0.000416   25.550394 ^ _73_/CLK (gf180mcu_fd_sc_mcu7t5v0__dffq_1)
                                 -0.250000   25.300396   clock uncertainty
                                  0.000000   25.300396   clock reconvergence pessimism
                                 -0.227922   25.072475   library setup time
                                             25.072475   data required time
---------------------------------------------------------------------------------------------
                                             25.072475   data required time
                                             -7.958257   data arrival time
---------------------------------------------------------------------------------------------
                                             17.114218   slack (MET)


Startpoint: en_i (input port clocked by clk_i)
Endpoint: _74_ (rising edge-triggered flip-flop clocked by clk_i)
Path Group: clk_i
Path Type: max

Fanout         Cap        Slew       Delay        Time   Description
---------------------------------------------------------------------------------------------
                                  0.000000    0.000000   clock clk_i (rise edge)
                                  0.000000    0.000000   clock network delay (propagated)
                                  5.000000    5.000000 ^ input external delay
     1    0.003474    0.105330    0.034770    5.034770 ^ en_i (in)
                                                         en_i (net)
                      0.105330    0.000000    5.034770 ^ input1/I (gf180mcu_fd_sc_mcu7t5v0__dlyb_1)
     6    0.031660    0.566289    1.127500    6.162271 ^ input1/Z (gf180mcu_fd_sc_mcu7t5v0__dlyb_1)
                                                         net1 (net)
                      0.566289    0.000212    6.162483 ^ _49_/A1 (gf180mcu_fd_sc_mcu7t5v0__nand4_1)
     8    0.044149    1.214450    0.795129    6.957612 v _49_/ZN (gf180mcu_fd_sc_mcu7t5v0__nand4_1)
                                                         _22_ (net)
                      1.214450    0.000818    6.958429 v _61_/A2 (gf180mcu_fd_sc_mcu7t5v0__nor3_1)
     1    0.005407    0.584058    0.530981    7.489410 ^ _61_/ZN (gf180mcu_fd_sc_mcu7t5v0__nor3_1)
                                                         _30_ (net)
                      0.584058    0.000109    7.489520 ^ _62_/B (gf180mcu_fd_sc_mcu7t5v0__aoi211_1)
     1    0.003812    0.336706    0.260144    7.749663 v _62_/ZN (gf180mcu_fd_sc_mcu7t5v0__aoi211_1)
                                                         _06_ (net)
                      0.336706    0.000071    7.749734 v _74_/D (gf180mcu_fd_sc_mcu7t5v0__dffq_1)
                                              7.749734   data arrival time

                                 25.000000   25.000000   clock clk_i (rise edge)
                                  0.000000   25.000000   clock source latency
     1    0.026785    0.142729    0.067006   25.067005 ^ clk_i (in)
                                                         clk_i (net)
                      0.142730    0.000000   25.067005 ^ clkbuf_0_clk_i/I (gf180mcu_fd_sc_mcu7t5v0__clkbuf_16)
     2    0.049006    0.114186    0.252289   25.319294 ^ clkbuf_0_clk_i/Z (gf180mcu_fd_sc_mcu7t5v0__clkbuf_16)
                                                         clknet_0_clk_i (net)
                      0.114186    0.000576   25.319870 ^ clkbuf_1_0__f_clk_i/I (gf180mcu_fd_sc_mcu7t5v0__clkbuf_16)
     5    0.024840    0.092860    0.230109   25.549978 ^ clkbuf_1_0__f_clk_i/Z (gf180mcu_fd_sc_mcu7t5v0__clkbuf_16)
                                                         clknet_1_0__leaf_clk_i (net)
                      0.092860    0.000375   25.550354 ^ _74_/CLK (gf180mcu_fd_sc_mcu7t5v0__dffq_1)
                                 -0.250000   25.300354   clock uncertainty
                                  0.000000   25.300354   clock reconvergence pessimism
                                 -0.301318   24.999037   library setup time
                                             24.999037   data required time
---------------------------------------------------------------------------------------------
                                             24.999037   data required time
                                             -7.749734   data arrival time
---------------------------------------------------------------------------------------------
                                             17.249304   slack (MET)


Startpoint: en_i (input port clocked by clk_i)
Endpoint: _72_ (rising edge-triggered flip-flop clocked by clk_i)
Path Group: clk_i
Path Type: max

Fanout         Cap        Slew       Delay        Time   Description
---------------------------------------------------------------------------------------------
                                  0.000000    0.000000   clock clk_i (rise edge)
                                  0.000000    0.000000   clock network delay (propagated)
                                  5.000000    5.000000 ^ input external delay
     1    0.003474    0.105330    0.034770    5.034770 ^ en_i (in)
                                                         en_i (net)
                      0.105330    0.000000    5.034770 ^ input1/I (gf180mcu_fd_sc_mcu7t5v0__dlyb_1)
     6    0.031660    0.566289    1.127500    6.162271 ^ input1/Z (gf180mcu_fd_sc_mcu7t5v0__dlyb_1)
                                                         net1 (net)
                      0.566289    0.000212    6.162483 ^ _49_/A1 (gf180mcu_fd_sc_mcu7t5v0__nand4_1)
     8    0.044149    1.214450    0.795129    6.957612 v _49_/ZN (gf180mcu_fd_sc_mcu7t5v0__nand4_1)
                                                         _22_ (net)
                      1.214450    0.000799    6.958411 v _55_/A3 (gf180mcu_fd_sc_mcu7t5v0__nor3_1)
     1    0.005337    0.591404    0.482585    7.440996 ^ _55_/ZN (gf180mcu_fd_sc_mcu7t5v0__nor3_1)
                                                         _26_ (net)
                      0.591404    0.000107    7.441102 ^ _56_/A3 (gf180mcu_fd_sc_mcu7t5v0__nor3_1)
     1    0.004636    0.315975    0.231849    7.672951 v _56_/ZN (gf180mcu_fd_sc_mcu7t5v0__nor3_1)
                                                         _04_ (net)
                      0.315975    0.000100    7.673052 v _72_/D (gf180mcu_fd_sc_mcu7t5v0__dffq_1)
                                              7.673052   data arrival time

                                 25.000000   25.000000   clock clk_i (rise edge)
                                  0.000000   25.000000   clock source latency
     1    0.026785    0.142729    0.067006   25.067005 ^ clk_i (in)
                                                         clk_i (net)
                      0.142730    0.000000   25.067005 ^ clkbuf_0_clk_i/I (gf180mcu_fd_sc_mcu7t5v0__clkbuf_16)
     2    0.049006    0.114186    0.252289   25.319294 ^ clkbuf_0_clk_i/Z (gf180mcu_fd_sc_mcu7t5v0__clkbuf_16)
                                                         clknet_0_clk_i (net)
                      0.114186    0.000576   25.319870 ^ clkbuf_1_0__f_clk_i/I (gf180mcu_fd_sc_mcu7t5v0__clkbuf_16)
     5    0.024840    0.092860    0.230109   25.549978 ^ clkbuf_1_0__f_clk_i/Z (gf180mcu_fd_sc_mcu7t5v0__clkbuf_16)
                                                         clknet_1_0__leaf_clk_i (net)
                      0.092860    0.000483   25.550463 ^ _72_/CLK (gf180mcu_fd_sc_mcu7t5v0__dffq_1)
                                 -0.250000   25.300463   clock uncertainty
                                  0.000000   25.300463   clock reconvergence pessimism
                                 -0.294306   25.006157   library setup time
                                             25.006157   data required time
---------------------------------------------------------------------------------------------
                                             25.006157   data required time
                                             -7.673052   data arrival time
---------------------------------------------------------------------------------------------
                                             17.333105   slack (MET)


Startpoint: en_i (input port clocked by clk_i)
Endpoint: _71_ (rising edge-triggered flip-flop clocked by clk_i)
Path Group: clk_i
Path Type: max

Fanout         Cap        Slew       Delay        Time   Description
---------------------------------------------------------------------------------------------
                                  0.000000    0.000000   clock clk_i (rise edge)
                                  0.000000    0.000000   clock network delay (propagated)
                                  5.000000    5.000000 ^ input external delay
     1    0.003474    0.105330    0.034770    5.034770 ^ en_i (in)
                                                         en_i (net)
                      0.105330    0.000000    5.034770 ^ input1/I (gf180mcu_fd_sc_mcu7t5v0__dlyb_1)
     6    0.031660    0.566289    1.127500    6.162271 ^ input1/Z (gf180mcu_fd_sc_mcu7t5v0__dlyb_1)
                                                         net1 (net)
                      0.566289    0.000212    6.162483 ^ _49_/A1 (gf180mcu_fd_sc_mcu7t5v0__nand4_1)
     8    0.044149    1.214450    0.795129    6.957612 v _49_/ZN (gf180mcu_fd_sc_mcu7t5v0__nand4_1)
                                                         _22_ (net)
                      1.214450    0.000783    6.958395 v _52_/A2 (gf180mcu_fd_sc_mcu7t5v0__oai21_1)
     1    0.004921    0.462386    0.416818    7.375213 ^ _52_/ZN (gf180mcu_fd_sc_mcu7t5v0__oai21_1)
                                                         _24_ (net)
                      0.462386    0.000056    7.375268 ^ _53_/B (gf180mcu_fd_sc_mcu7t5v0__aoi21_1)
     1    0.004011    0.318758    0.222951    7.598219 v _53_/ZN (gf180mcu_fd_sc_mcu7t5v0__aoi21_1)
                                                         _03_ (net)
                      0.318758    0.000050    7.598269 v _71_/D (gf180mcu_fd_sc_mcu7t5v0__dffq_1)
                                              7.598269   data arrival time

                                 25.000000   25.000000   clock clk_i (rise edge)
                                  0.000000   25.000000   clock source latency
     1    0.026785    0.142729    0.067006   25.067005 ^ clk_i (in)
                                                         clk_i (net)
                      0.142730    0.000000   25.067005 ^ clkbuf_0_clk_i/I (gf180mcu_fd_sc_mcu7t5v0__clkbuf_16)
     2    0.049006    0.114186    0.252289   25.319294 ^ clkbuf_0_clk_i/Z (gf180mcu_fd_sc_mcu7t5v0__clkbuf_16)
                                                         clknet_0_clk_i (net)
                      0.114186    0.000576   25.319870 ^ clkbuf_1_0__f_clk_i/I (gf180mcu_fd_sc_mcu7t5v0__clkbuf_16)
     5    0.024840    0.092860    0.230109   25.549978 ^ clkbuf_1_0__f_clk_i/Z (gf180mcu_fd_sc_mcu7t5v0__clkbuf_16)
                                                         clknet_1_0__leaf_clk_i (net)
                      0.092861    0.000631   25.550610 ^ _71_/CLK (gf180mcu_fd_sc_mcu7t5v0__dffq_1)
                                 -0.250000   25.300610   clock uncertainty
                                  0.000000   25.300610   clock reconvergence pessimism
                                 -0.295174   25.005436   library setup time
                                             25.005436   data required time
---------------------------------------------------------------------------------------------
                                             25.005436   data required time
                                             -7.598269   data arrival time
---------------------------------------------------------------------------------------------
                                             17.407167   slack (MET)


Startpoint: en_i (input port clocked by clk_i)
Endpoint: _70_ (rising edge-triggered flip-flop clocked by clk_i)
Path Group: clk_i
Path Type: max

Fanout         Cap        Slew       Delay        Time   Description
---------------------------------------------------------------------------------------------
                                  0.000000    0.000000   clock clk_i (rise edge)
                                  0.000000    0.000000   clock network delay (propagated)
                                  5.000000    5.000000 ^ input external delay
     1    0.003474    0.105330    0.034770    5.034770 ^ en_i (in)
                                                         en_i (net)
                      0.105330    0.000000    5.034770 ^ input1/I (gf180mcu_fd_sc_mcu7t5v0__dlyb_1)
     6    0.031660    0.566289    1.127500    6.162271 ^ input1/Z (gf180mcu_fd_sc_mcu7t5v0__dlyb_1)
                                                         net1 (net)
                      0.566289    0.000212    6.162483 ^ _49_/A1 (gf180mcu_fd_sc_mcu7t5v0__nand4_1)
     8    0.044149    1.214450    0.795129    6.957612 v _49_/ZN (gf180mcu_fd_sc_mcu7t5v0__nand4_1)
                                                         _22_ (net)
                      1.214450    0.000806    6.958418 v _50_/A2 (gf180mcu_fd_sc_mcu7t5v0__nand2_1)
     1    0.005405    0.383793    0.418827    7.377245 ^ _50_/ZN (gf180mcu_fd_sc_mcu7t5v0__nand2_1)
                                                         _23_ (net)
                      0.383793    0.000110    7.377356 ^ _51_/B (gf180mcu_fd_sc_mcu7t5v0__aoi21_1)
     1    0.003956    0.264225    0.212147    7.589503 v _51_/ZN (gf180mcu_fd_sc_mcu7t5v0__aoi21_1)
                                                         _02_ (net)
                      0.264225    0.000047    7.589550 v _70_/D (gf180mcu_fd_sc_mcu7t5v0__dffq_1)
                                              7.589550   data arrival time

                                 25.000000   25.000000   clock clk_i (rise edge)
                                  0.000000   25.000000   clock source latency
     1    0.026785    0.142729    0.067006   25.067005 ^ clk_i (in)
                                                         clk_i (net)
                      0.142730    0.000000   25.067005 ^ clkbuf_0_clk_i/I (gf180mcu_fd_sc_mcu7t5v0__clkbuf_16)
     2    0.049006    0.114186    0.252289   25.319294 ^ clkbuf_0_clk_i/Z (gf180mcu_fd_sc_mcu7t5v0__clkbuf_16)
                                                         clknet_0_clk_i (net)
                      0.114186    0.000576   25.319870 ^ clkbuf_1_0__f_clk_i/I (gf180mcu_fd_sc_mcu7t5v0__clkbuf_16)
     5    0.024840    0.092860    0.230109   25.549978 ^ clkbuf_1_0__f_clk_i/Z (gf180mcu_fd_sc_mcu7t5v0__clkbuf_16)
                                                         clknet_1_0__leaf_clk_i (net)
                      0.092861    0.000638   25.550617 ^ _70_/CLK (gf180mcu_fd_sc_mcu7t5v0__dffq_1)
                                 -0.250000   25.300617   clock uncertainty
                                  0.000000   25.300617   clock reconvergence pessimism
                                 -0.278168   25.022449   library setup time
                                             25.022449   data required time
---------------------------------------------------------------------------------------------
                                             25.022449   data required time
                                             -7.589550   data arrival time
---------------------------------------------------------------------------------------------
                                             17.432899   slack (MET)


Startpoint: rst_ni (input port clocked by clk_i)
Endpoint: _68_ (rising edge-triggered flip-flop clocked by clk_i)
Path Group: clk_i
Path Type: max

Fanout         Cap        Slew       Delay        Time   Description
---------------------------------------------------------------------------------------------
                                  0.000000    0.000000   clock clk_i (rise edge)
                                  0.000000    0.000000   clock network delay (propagated)
                                  5.000000    5.000000 v input external delay
     1    0.003452    0.060809    0.021270    5.021270 v rst_ni (in)
                                                         rst_ni (net)
                      0.060809    0.000000    5.021270 v input2/I (gf180mcu_fd_sc_mcu7t5v0__dlyb_1)
     8    0.043492    0.548102    1.269562    6.290832 v input2/Z (gf180mcu_fd_sc_mcu7t5v0__dlyb_1)
                                                         net2 (net)
                      0.548103    0.000737    6.291569 v _41_/A2 (gf180mcu_fd_sc_mcu7t5v0__nand2_1)
     2    0.012670    0.367883    0.353083    6.644652 ^ _41_/ZN (gf180mcu_fd_sc_mcu7t5v0__nand2_1)
                                                         _16_ (net)
                      0.367883    0.000140    6.644792 ^ _43_/B1 (gf180mcu_fd_sc_mcu7t5v0__aoi22_1)
     1    0.003237    0.265375    0.198745    6.843536 v _43_/ZN (gf180mcu_fd_sc_mcu7t5v0__aoi22_1)
                                                         _00_ (net)
                      0.265375    0.000035    6.843571 v _68_/D (gf180mcu_fd_sc_mcu7t5v0__dffq_1)
                                              6.843571   data arrival time

                                 25.000000   25.000000   clock clk_i (rise edge)
                                  0.000000   25.000000   clock source latency
     1    0.026785    0.142729    0.067006   25.067005 ^ clk_i (in)
                                                         clk_i (net)
                      0.142730    0.000000   25.067005 ^ clkbuf_0_clk_i/I (gf180mcu_fd_sc_mcu7t5v0__clkbuf_16)
     2    0.049006    0.114186    0.252289   25.319294 ^ clkbuf_0_clk_i/Z (gf180mcu_fd_sc_mcu7t5v0__clkbuf_16)
                                                         clknet_0_clk_i (net)
                      0.114187    0.000814   25.320108 ^ clkbuf_1_1__f_clk_i/I (gf180mcu_fd_sc_mcu7t5v0__clkbuf_16)
     5    0.023777    0.091892    0.229235   25.549343 ^ clkbuf_1_1__f_clk_i/Z (gf180mcu_fd_sc_mcu7t5v0__clkbuf_16)
                                                         clknet_1_1__leaf_clk_i (net)
                      0.091892    0.000442   25.549786 ^ _68_/CLK (gf180mcu_fd_sc_mcu7t5v0__dffq_1)
                                 -0.250000   25.299786   clock uncertainty
                                  0.000000   25.299786   clock reconvergence pessimism
                                 -0.278728   25.021057   library setup time
                                             25.021057   data required time
---------------------------------------------------------------------------------------------
                                             25.021057   data required time
                                             -6.843571   data arrival time
---------------------------------------------------------------------------------------------
                                             18.177486   slack (MET)


Startpoint: en_i (input port clocked by clk_i)
Endpoint: _69_ (rising edge-triggered flip-flop clocked by clk_i)
Path Group: clk_i
Path Type: max

Fanout         Cap        Slew       Delay        Time   Description
---------------------------------------------------------------------------------------------
                                  0.000000    0.000000   clock clk_i (rise edge)
                                  0.000000    0.000000   clock network delay (propagated)
                                  5.000000    5.000000 v input external delay
     1    0.003474    0.061024    0.021406    5.021406 v en_i (in)
                                                         en_i (net)
                      0.061024    0.000000    5.021406 v input1/I (gf180mcu_fd_sc_mcu7t5v0__dlyb_1)
     6    0.031660    0.446983    1.186569    6.207975 v input1/Z (gf180mcu_fd_sc_mcu7t5v0__dlyb_1)
                                                         net1 (net)
                      0.446983    0.000382    6.208357 v _45_/A1 (gf180mcu_fd_sc_mcu7t5v0__nand3_1)
     2    0.012370    0.425253    0.334377    6.542734 ^ _45_/ZN (gf180mcu_fd_sc_mcu7t5v0__nand3_1)
                                                         _19_ (net)
                      0.425253    0.000237    6.542971 ^ _46_/A2 (gf180mcu_fd_sc_mcu7t5v0__nand2_1)
     1    0.005768    0.266030    0.132574    6.675544 v _46_/ZN (gf180mcu_fd_sc_mcu7t5v0__nand2_1)
                                                         _20_ (net)
                      0.266030    0.000074    6.675619 v _47_/A2 (gf180mcu_fd_sc_mcu7t5v0__nor2_1)
     1    0.003278    0.233897    0.194543    6.870162 ^ _47_/ZN (gf180mcu_fd_sc_mcu7t5v0__nor2_1)
                                                         _01_ (net)
                      0.233897    0.000036    6.870197 ^ _69_/D (gf180mcu_fd_sc_mcu7t5v0__dffq_1)
                                              6.870197   data arrival time

                                 25.000000   25.000000   clock clk_i (rise edge)
                                  0.000000   25.000000   clock source latency
     1    0.026785    0.142729    0.067006   25.067005 ^ clk_i (in)
                                                         clk_i (net)
                      0.142730    0.000000   25.067005 ^ clkbuf_0_clk_i/I (gf180mcu_fd_sc_mcu7t5v0__clkbuf_16)
     2    0.049006    0.114186    0.252289   25.319294 ^ clkbuf_0_clk_i/Z (gf180mcu_fd_sc_mcu7t5v0__clkbuf_16)
                                                         clknet_0_clk_i (net)
                      0.114187    0.000814   25.320108 ^ clkbuf_1_1__f_clk_i/I (gf180mcu_fd_sc_mcu7t5v0__clkbuf_16)
     5    0.023777    0.091892    0.229235   25.549343 ^ clkbuf_1_1__f_clk_i/Z (gf180mcu_fd_sc_mcu7t5v0__clkbuf_16)
                                                         clknet_1_1__leaf_clk_i (net)
                      0.091892    0.000442   25.549786 ^ _69_/CLK (gf180mcu_fd_sc_mcu7t5v0__dffq_1)
                                 -0.250000   25.299786   clock uncertainty
                                  0.000000   25.299786   clock reconvergence pessimism
                                 -0.233839   25.065947   library setup time
                                             25.065947   data required time
---------------------------------------------------------------------------------------------
                                             25.065947   data required time
                                             -6.870197   data arrival time
---------------------------------------------------------------------------------------------
                                             18.195749   slack (MET)



