
===========================================================================
report_checks -path_delay min (Hold)
============================================================================
======================= nom_tt_025C_5v00 Corner ===================================

Startpoint: _76_ (rising edge-triggered flip-flop clocked by clk_i)
Endpoint: _76_ (rising edge-triggered flip-flop clocked by clk_i)
Path Group: clk_i
Path Type: min

Fanout         Cap        Slew       Delay        Time   Description
---------------------------------------------------------------------------------------------
                                  0.000000    0.000000   clock clk_i (rise edge)
                                  0.000000    0.000000   clock source latency
     1    0.026785    0.142729    0.067006    0.067006 ^ clk_i (in)
                                                         clk_i (net)
                      0.142730    0.000000    0.067006 ^ clkbuf_0_clk_i/I (gf180mcu_fd_sc_mcu7t5v0__clkbuf_16)
     2    0.049006    0.114186    0.252288    0.319294 ^ clkbuf_0_clk_i/Z (gf180mcu_fd_sc_mcu7t5v0__clkbuf_16)
                                                         clknet_0_clk_i (net)
                      0.114187    0.000814    0.320109 ^ clkbuf_1_1__f_clk_i/I (gf180mcu_fd_sc_mcu7t5v0__clkbuf_16)
     5    0.023777    0.091892    0.229235    0.549343 ^ clkbuf_1_1__f_clk_i/Z (gf180mcu_fd_sc_mcu7t5v0__clkbuf_16)
                                                         clknet_1_1__leaf_clk_i (net)
                      0.091892    0.000462    0.549805 ^ _76_/CLK (gf180mcu_fd_sc_mcu7t5v0__dffq_1)
     2    0.010633    0.163256    0.690329    1.240135 v _76_/Q (gf180mcu_fd_sc_mcu7t5v0__dffq_1)
                                                         net11 (net)
                      0.163256    0.000115    1.240250 v _66_/A1 (gf180mcu_fd_sc_mcu7t5v0__nand2_1)
     1    0.006970    0.186916    0.161363    1.401613 ^ _66_/ZN (gf180mcu_fd_sc_mcu7t5v0__nand2_1)
                                                         _33_ (net)
                      0.186916    0.000156    1.401769 ^ _67_/B (gf180mcu_fd_sc_mcu7t5v0__oai21_1)
     1    0.004060    0.133444    0.125151    1.526921 v _67_/ZN (gf180mcu_fd_sc_mcu7t5v0__oai21_1)
                                                         _08_ (net)
                      0.133444    0.000050    1.526971 v _76_/D (gf180mcu_fd_sc_mcu7t5v0__dffq_1)
                                              1.526971   data arrival time

                                  0.000000    0.000000   clock clk_i (rise edge)
                                  0.000000    0.000000   clock source latency
     1    0.026785    0.142729    0.067006    0.067006 ^ clk_i (in)
                                                         clk_i (net)
                      0.142730    0.000000    0.067006 ^ clkbuf_0_clk_i/I (gf180mcu_fd_sc_mcu7t5v0__clkbuf_16)
     2    0.049006    0.114186    0.252288    0.319294 ^ clkbuf_0_clk_i/Z (gf180mcu_fd_sc_mcu7t5v0__clkbuf_16)
                                                         clknet_0_clk_i (net)
                      0.114187    0.000814    0.320109 ^ clkbuf_1_1__f_clk_i/I (gf180mcu_fd_sc_mcu7t5v0__clkbuf_16)
     5    0.023777    0.091892    0.229235    0.549343 ^ clkbuf_1_1__f_clk_i/Z (gf180mcu_fd_sc_mcu7t5v0__clkbuf_16)
                                                         clknet_1_1__leaf_clk_i (net)
                      0.091892    0.000462    0.549805 ^ _76_/CLK (gf180mcu_fd_sc_mcu7t5v0__dffq_1)
                                  0.250000    0.799805   clock uncertainty
                                  0.000000    0.799805   clock reconvergence pessimism
                                  0.076748    0.876553   library hold time
                                              0.876553   data required time
---------------------------------------------------------------------------------------------
                                              0.876553   data required time
                                             -1.526971   data arrival time
---------------------------------------------------------------------------------------------
                                              0.650417   slack (MET)


Startpoint: _70_ (rising edge-triggered flip-flop clocked by clk_i)
Endpoint: _70_ (rising edge-triggered flip-flop clocked by clk_i)
Path Group: clk_i
Path Type: min

Fanout         Cap        Slew       Delay        Time   Description
---------------------------------------------------------------------------------------------
                                  0.000000    0.000000   clock clk_i (rise edge)
                                  0.000000    0.000000   clock source latency
     1    0.026785    0.142729    0.067006    0.067006 ^ clk_i (in)
                                                         clk_i (net)
                      0.142730    0.000000    0.067006 ^ clkbuf_0_clk_i/I (gf180mcu_fd_sc_mcu7t5v0__clkbuf_16)
     2    0.049006    0.114186    0.252288    0.319294 ^ clkbuf_0_clk_i/Z (gf180mcu_fd_sc_mcu7t5v0__clkbuf_16)
                                                         clknet_0_clk_i (net)
                      0.114186    0.000577    0.319871 ^ clkbuf_1_0__f_clk_i/I (gf180mcu_fd_sc_mcu7t5v0__clkbuf_16)
     5    0.024840    0.092860    0.230108    0.549979 ^ clkbuf_1_0__f_clk_i/Z (gf180mcu_fd_sc_mcu7t5v0__clkbuf_16)
                                                         clknet_1_0__leaf_clk_i (net)
                      0.092861    0.000638    0.550617 ^ _70_/CLK (gf180mcu_fd_sc_mcu7t5v0__dffq_1)
     4    0.017481    0.220171    0.736404    1.287021 v _70_/Q (gf180mcu_fd_sc_mcu7t5v0__dffq_1)
                                                         net5 (net)
                      0.220171    0.000217    1.287237 v _39_/I (gf180mcu_fd_sc_mcu7t5v0__clkinv_1)
     1    0.006274    0.167266    0.146563    1.433800 ^ _39_/ZN (gf180mcu_fd_sc_mcu7t5v0__clkinv_1)
                                                         _14_ (net)
                      0.167266    0.000080    1.433881 ^ _51_/A1 (gf180mcu_fd_sc_mcu7t5v0__aoi21_1)
     1    0.003956    0.128436    0.112143    1.546024 v _51_/ZN (gf180mcu_fd_sc_mcu7t5v0__aoi21_1)
                                                         _02_ (net)
                      0.128436    0.000048    1.546071 v _70_/D (gf180mcu_fd_sc_mcu7t5v0__dffq_1)
                                              1.546071   data arrival time

                                  0.000000    0.000000   clock clk_i (rise edge)
                                  0.000000    0.000000   clock source latency
     1    0.026785    0.142729    0.067006    0.067006 ^ clk_i (in)
                                                         clk_i (net)
                      0.142730    0.000000    0.067006 ^ clkbuf_0_clk_i/I (gf180mcu_fd_sc_mcu7t5v0__clkbuf_16)
     2    0.049006    0.114186    0.252288    0.319294 ^ clkbuf_0_clk_i/Z (gf180mcu_fd_sc_mcu7t5v0__clkbuf_16)
                                                         clknet_0_clk_i (net)
                      0.114186    0.000577    0.319871 ^ clkbuf_1_0__f_clk_i/I (gf180mcu_fd_sc_mcu7t5v0__clkbuf_16)
     5    0.024840    0.092860    0.230108    0.549979 ^ clkbuf_1_0__f_clk_i/Z (gf180mcu_fd_sc_mcu7t5v0__clkbuf_16)
                                                         clknet_1_0__leaf_clk_i (net)
                      0.092861    0.000638    0.550617 ^ _70_/CLK (gf180mcu_fd_sc_mcu7t5v0__dffq_1)
                                  0.250000    0.800617   clock uncertainty
                                  0.000000    0.800617   clock reconvergence pessimism
                                  0.078050    0.878667   library hold time
                                              0.878667   data required time
---------------------------------------------------------------------------------------------
                                              0.878667   data required time
                                             -1.546071   data arrival time
---------------------------------------------------------------------------------------------
                                              0.667405   slack (MET)


Startpoint: _74_ (rising edge-triggered flip-flop clocked by clk_i)
Endpoint: _74_ (rising edge-triggered flip-flop clocked by clk_i)
Path Group: clk_i
Path Type: min

Fanout         Cap        Slew       Delay        Time   Description
---------------------------------------------------------------------------------------------
                                  0.000000    0.000000   clock clk_i (rise edge)
                                  0.000000    0.000000   clock source latency
     1    0.026785    0.142729    0.067006    0.067006 ^ clk_i (in)
                                                         clk_i (net)
                      0.142730    0.000000    0.067006 ^ clkbuf_0_clk_i/I (gf180mcu_fd_sc_mcu7t5v0__clkbuf_16)
     2    0.049006    0.114186    0.252288    0.319294 ^ clkbuf_0_clk_i/Z (gf180mcu_fd_sc_mcu7t5v0__clkbuf_16)
                                                         clknet_0_clk_i (net)
                      0.114186    0.000577    0.319871 ^ clkbuf_1_0__f_clk_i/I (gf180mcu_fd_sc_mcu7t5v0__clkbuf_16)
     5    0.024840    0.092860    0.230108    0.549979 ^ clkbuf_1_0__f_clk_i/Z (gf180mcu_fd_sc_mcu7t5v0__clkbuf_16)
                                                         clknet_1_0__leaf_clk_i (net)
                      0.092860    0.000375    0.550354 ^ _74_/CLK (gf180mcu_fd_sc_mcu7t5v0__dffq_1)
     3    0.015833    0.206349    0.725305    1.275659 v _74_/Q (gf180mcu_fd_sc_mcu7t5v0__dffq_1)
                                                         net9 (net)
                      0.206350    0.000281    1.275940 v _35_/I (gf180mcu_fd_sc_mcu7t5v0__clkinv_1)
     1    0.005972    0.160400    0.140014    1.415954 ^ _35_/ZN (gf180mcu_fd_sc_mcu7t5v0__clkinv_1)
                                                         _10_ (net)
                      0.160400    0.000122    1.416076 ^ _62_/A1 (gf180mcu_fd_sc_mcu7t5v0__aoi211_1)
     1    0.003812    0.153661    0.134144    1.550220 v _62_/ZN (gf180mcu_fd_sc_mcu7t5v0__aoi211_1)
                                                         _06_ (net)
                      0.153661    0.000071    1.550291 v _74_/D (gf180mcu_fd_sc_mcu7t5v0__dffq_1)
                                              1.550291   data arrival time

                                  0.000000    0.000000   clock clk_i (rise edge)
                                  0.000000    0.000000   clock source latency
     1    0.026785    0.142729    0.067006    0.067006 ^ clk_i (in)
                                                         clk_i (net)
                      0.142730    0.000000    0.067006 ^ clkbuf_0_clk_i/I (gf180mcu_fd_sc_mcu7t5v0__clkbuf_16)
     2    0.049006    0.114186    0.252288    0.319294 ^ clkbuf_0_clk_i/Z (gf180mcu_fd_sc_mcu7t5v0__clkbuf_16)
                                                         clknet_0_clk_i (net)
                      0.114186    0.000577    0.319871 ^ clkbuf_1_0__f_clk_i/I (gf180mcu_fd_sc_mcu7t5v0__clkbuf_16)
     5    0.024840    0.092860    0.230108    0.549979 ^ clkbuf_1_0__f_clk_i/Z (gf180mcu_fd_sc_mcu7t5v0__clkbuf_16)
                                                         clknet_1_0__leaf_clk_i (net)
                      0.092860    0.000375    0.550354 ^ _74_/CLK (gf180mcu_fd_sc_mcu7t5v0__dffq_1)
                                  0.250000    0.800354   clock uncertainty
                                  0.000000    0.800354   clock reconvergence pessimism
                                  0.071637    0.871991   library hold time
                                              0.871991   data required time
---------------------------------------------------------------------------------------------
                                              0.871991   data required time
                                             -1.550291   data arrival time
---------------------------------------------------------------------------------------------
                                              0.678300   slack (MET)


Startpoint: _69_ (rising edge-triggered flip-flop clocked by clk_i)
Endpoint: _69_ (rising edge-triggered flip-flop clocked by clk_i)
Path Group: clk_i
Path Type: min

Fanout         Cap        Slew       Delay        Time   Description
---------------------------------------------------------------------------------------------
                                  0.000000    0.000000   clock clk_i (rise edge)
                                  0.000000    0.000000   clock source latency
     1    0.026785    0.142729    0.067006    0.067006 ^ clk_i (in)
                                                         clk_i (net)
                      0.142730    0.000000    0.067006 ^ clkbuf_0_clk_i/I (gf180mcu_fd_sc_mcu7t5v0__clkbuf_16)
     2    0.049006    0.114186    0.252288    0.319294 ^ clkbuf_0_clk_i/Z (gf180mcu_fd_sc_mcu7t5v0__clkbuf_16)
                                                         clknet_0_clk_i (net)
                      0.114187    0.000814    0.320109 ^ clkbuf_1_1__f_clk_i/I (gf180mcu_fd_sc_mcu7t5v0__clkbuf_16)
     5    0.023777    0.091892    0.229235    0.549343 ^ clkbuf_1_1__f_clk_i/Z (gf180mcu_fd_sc_mcu7t5v0__clkbuf_16)
                                                         clknet_1_1__leaf_clk_i (net)
                      0.091892    0.000444    0.549787 ^ _69_/CLK (gf180mcu_fd_sc_mcu7t5v0__dffq_1)
     5    0.023084    0.268805    0.771323    1.321110 v _69_/Q (gf180mcu_fd_sc_mcu7t5v0__dffq_1)
                                                         net4 (net)
                      0.268807    0.000507    1.321617 v _44_/B (gf180mcu_fd_sc_mcu7t5v0__aoi21_1)
     1    0.006065    0.283760    0.236571    1.558188 ^ _44_/ZN (gf180mcu_fd_sc_mcu7t5v0__aoi21_1)
                                                         _18_ (net)
                      0.283760    0.000079    1.558268 ^ _47_/A1 (gf180mcu_fd_sc_mcu7t5v0__nor2_1)
     1    0.003278    0.132512    0.109473    1.667741 v _47_/ZN (gf180mcu_fd_sc_mcu7t5v0__nor2_1)
                                                         _01_ (net)
                      0.132512    0.000035    1.667776 v _69_/D (gf180mcu_fd_sc_mcu7t5v0__dffq_1)
                                              1.667776   data arrival time

                                  0.000000    0.000000   clock clk_i (rise edge)
                                  0.000000    0.000000   clock source latency
     1    0.026785    0.142729    0.067006    0.067006 ^ clk_i (in)
                                                         clk_i (net)
                      0.142730    0.000000    0.067006 ^ clkbuf_0_clk_i/I (gf180mcu_fd_sc_mcu7t5v0__clkbuf_16)
     2    0.049006    0.114186    0.252288    0.319294 ^ clkbuf_0_clk_i/Z (gf180mcu_fd_sc_mcu7t5v0__clkbuf_16)
                                                         clknet_0_clk_i (net)
                      0.114187    0.000814    0.320109 ^ clkbuf_1_1__f_clk_i/I (gf180mcu_fd_sc_mcu7t5v0__clkbuf_16)
     5    0.023777    0.091892    0.229235    0.549343 ^ clkbuf_1_1__f_clk_i/Z (gf180mcu_fd_sc_mcu7t5v0__clkbuf_16)
                                                         clknet_1_1__leaf_clk_i (net)
                      0.091892    0.000444    0.549787 ^ _69_/CLK (gf180mcu_fd_sc_mcu7t5v0__dffq_1)
                                  0.250000    0.799787   clock uncertainty
                                  0.000000    0.799787   clock reconvergence pessimism
                                  0.076959    0.876746   library hold time
                                              0.876746   data required time
---------------------------------------------------------------------------------------------
                                              0.876746   data required time
                                             -1.667776   data arrival time
---------------------------------------------------------------------------------------------
                                              0.791030   slack (MET)


Startpoint: _68_ (rising edge-triggered flip-flop clocked by clk_i)
Endpoint: _68_ (rising edge-triggered flip-flop clocked by clk_i)
Path Group: clk_i
Path Type: min

Fanout         Cap        Slew       Delay        Time   Description
---------------------------------------------------------------------------------------------
                                  0.000000    0.000000   clock clk_i (rise edge)
                                  0.000000    0.000000   clock source latency
     1    0.026785    0.142729    0.067006    0.067006 ^ clk_i (in)
                                                         clk_i (net)
                      0.142730    0.000000    0.067006 ^ clkbuf_0_clk_i/I (gf180mcu_fd_sc_mcu7t5v0__clkbuf_16)
     2    0.049006    0.114186    0.252288    0.319294 ^ clkbuf_0_clk_i/Z (gf180mcu_fd_sc_mcu7t5v0__clkbuf_16)
                                                         clknet_0_clk_i (net)
                      0.114187    0.000814    0.320109 ^ clkbuf_1_1__f_clk_i/I (gf180mcu_fd_sc_mcu7t5v0__clkbuf_16)
     5    0.023777    0.091892    0.229235    0.549343 ^ clkbuf_1_1__f_clk_i/Z (gf180mcu_fd_sc_mcu7t5v0__clkbuf_16)
                                                         clknet_1_1__leaf_clk_i (net)
                      0.091892    0.000443    0.549786 ^ _68_/CLK (gf180mcu_fd_sc_mcu7t5v0__dffq_1)
     7    0.035306    0.376925    0.845745    1.395531 v _68_/Q (gf180mcu_fd_sc_mcu7t5v0__dffq_1)
                                                         net3 (net)
                      0.376925    0.000410    1.395941 v _43_/A2 (gf180mcu_fd_sc_mcu7t5v0__aoi22_1)
     1    0.003237    0.221435    0.236230    1.632171 ^ _43_/ZN (gf180mcu_fd_sc_mcu7t5v0__aoi22_1)
                                                         _00_ (net)
                      0.221435    0.000035    1.632205 ^ _68_/D (gf180mcu_fd_sc_mcu7t5v0__dffq_1)
                                              1.632205   data arrival time

                                  0.000000    0.000000   clock clk_i (rise edge)
                                  0.000000    0.000000   clock source latency
     1    0.026785    0.142729    0.067006    0.067006 ^ clk_i (in)
                                                         clk_i (net)
                      0.142730    0.000000    0.067006 ^ clkbuf_0_clk_i/I (gf180mcu_fd_sc_mcu7t5v0__clkbuf_16)
     2    0.049006    0.114186    0.252288    0.319294 ^ clkbuf_0_clk_i/Z (gf180mcu_fd_sc_mcu7t5v0__clkbuf_16)
                                                         clknet_0_clk_i (net)
                      0.114187    0.000814    0.320109 ^ clkbuf_1_1__f_clk_i/I (gf180mcu_fd_sc_mcu7t5v0__clkbuf_16)
     5    0.023777    0.091892    0.229235    0.549343 ^ clkbuf_1_1__f_clk_i/Z (gf180mcu_fd_sc_mcu7t5v0__clkbuf_16)
                                                         clknet_1_1__leaf_clk_i (net)
                      0.091892    0.000443    0.549786 ^ _68_/CLK (gf180mcu_fd_sc_mcu7t5v0__dffq_1)
                                  0.250000    0.799786   clock uncertainty
                                  0.000000    0.799786   clock reconvergence pessimism
                                  0.037647    0.837433   library hold time
                                              0.837433   data required time
---------------------------------------------------------------------------------------------
                                              0.837433   data required time
                                             -1.632205   data arrival time
---------------------------------------------------------------------------------------------
                                              0.794773   slack (MET)


Startpoint: _71_ (rising edge-triggered flip-flop clocked by clk_i)
Endpoint: _72_ (rising edge-triggered flip-flop clocked by clk_i)
Path Group: clk_i
Path Type: min

Fanout         Cap        Slew       Delay        Time   Description
---------------------------------------------------------------------------------------------
                                  0.000000    0.000000   clock clk_i (rise edge)
                                  0.000000    0.000000   clock source latency
     1    0.026785    0.142729    0.067006    0.067006 ^ clk_i (in)
                                                         clk_i (net)
                      0.142730    0.000000    0.067006 ^ clkbuf_0_clk_i/I (gf180mcu_fd_sc_mcu7t5v0__clkbuf_16)
     2    0.049006    0.114186    0.252288    0.319294 ^ clkbuf_0_clk_i/Z (gf180mcu_fd_sc_mcu7t5v0__clkbuf_16)
                                                         clknet_0_clk_i (net)
                      0.114186    0.000577    0.319871 ^ clkbuf_1_0__f_clk_i/I (gf180mcu_fd_sc_mcu7t5v0__clkbuf_16)
     5    0.024840    0.092860    0.230108    0.549979 ^ clkbuf_1_0__f_clk_i/Z (gf180mcu_fd_sc_mcu7t5v0__clkbuf_16)
                                                         clknet_1_0__leaf_clk_i (net)
                      0.092861    0.000632    0.550611 ^ _71_/CLK (gf180mcu_fd_sc_mcu7t5v0__dffq_1)
     4    0.021443    0.254554    0.761650    1.312261 v _71_/Q (gf180mcu_fd_sc_mcu7t5v0__dffq_1)
                                                         net6 (net)
                      0.254554    0.000361    1.312623 v _54_/A1 (gf180mcu_fd_sc_mcu7t5v0__aoi21_1)
     1    0.005192    0.268646    0.231888    1.544510 ^ _54_/ZN (gf180mcu_fd_sc_mcu7t5v0__aoi21_1)
                                                         _25_ (net)
                      0.268646    0.000102    1.544612 ^ _56_/A2 (gf180mcu_fd_sc_mcu7t5v0__nor3_1)
     1    0.004636    0.198248    0.177421    1.722033 v _56_/ZN (gf180mcu_fd_sc_mcu7t5v0__nor3_1)
                                                         _04_ (net)
                      0.198248    0.000101    1.722134 v _72_/D (gf180mcu_fd_sc_mcu7t5v0__dffq_1)
                                              1.722134   data arrival time

                                  0.000000    0.000000   clock clk_i (rise edge)
                                  0.000000    0.000000   clock source latency
     1    0.026785    0.142729    0.067006    0.067006 ^ clk_i (in)
                                                         clk_i (net)
                      0.142730    0.000000    0.067006 ^ clkbuf_0_clk_i/I (gf180mcu_fd_sc_mcu7t5v0__clkbuf_16)
     2    0.049006    0.114186    0.252288    0.319294 ^ clkbuf_0_clk_i/Z (gf180mcu_fd_sc_mcu7t5v0__clkbuf_16)
                                                         clknet_0_clk_i (net)
                      0.114186    0.000577    0.319871 ^ clkbuf_1_0__f_clk_i/I (gf180mcu_fd_sc_mcu7t5v0__clkbuf_16)
     5    0.024840    0.092860    0.230108    0.549979 ^ clkbuf_1_0__f_clk_i/Z (gf180mcu_fd_sc_mcu7t5v0__clkbuf_16)
                                                         clknet_1_0__leaf_clk_i (net)
                      0.092860    0.000484    0.550463 ^ _72_/CLK (gf180mcu_fd_sc_mcu7t5v0__dffq_1)
                                  0.250000    0.800463   clock uncertainty
                                  0.000000    0.800463   clock reconvergence pessimism
                                  0.058417    0.858879   library hold time
                                              0.858879   data required time
---------------------------------------------------------------------------------------------
                                              0.858879   data required time
                                             -1.722134   data arrival time
---------------------------------------------------------------------------------------------
                                              0.863254   slack (MET)


Startpoint: _75_ (rising edge-triggered flip-flop clocked by clk_i)
Endpoint: _75_ (rising edge-triggered flip-flop clocked by clk_i)
Path Group: clk_i
Path Type: min

Fanout         Cap        Slew       Delay        Time   Description
---------------------------------------------------------------------------------------------
                                  0.000000    0.000000   clock clk_i (rise edge)
                                  0.000000    0.000000   clock source latency
     1    0.026785    0.142729    0.067006    0.067006 ^ clk_i (in)
                                                         clk_i (net)
                      0.142730    0.000000    0.067006 ^ clkbuf_0_clk_i/I (gf180mcu_fd_sc_mcu7t5v0__clkbuf_16)
     2    0.049006    0.114186    0.252288    0.319294 ^ clkbuf_0_clk_i/Z (gf180mcu_fd_sc_mcu7t5v0__clkbuf_16)
                                                         clknet_0_clk_i (net)
                      0.114187    0.000814    0.320109 ^ clkbuf_1_1__f_clk_i/I (gf180mcu_fd_sc_mcu7t5v0__clkbuf_16)
     5    0.023777    0.091892    0.229235    0.549343 ^ clkbuf_1_1__f_clk_i/Z (gf180mcu_fd_sc_mcu7t5v0__clkbuf_16)
                                                         clknet_1_1__leaf_clk_i (net)
                      0.091892    0.000373    0.549716 ^ _75_/CLK (gf180mcu_fd_sc_mcu7t5v0__dffq_1)
     2    0.009454    0.153512    0.682414    1.232130 v _75_/Q (gf180mcu_fd_sc_mcu7t5v0__dffq_1)
                                                         net10 (net)
                      0.153512    0.000140    1.232270 v _34_/I (gf180mcu_fd_sc_mcu7t5v0__clkinv_1)
     2    0.010276    0.212157    0.167486    1.399756 ^ _34_/ZN (gf180mcu_fd_sc_mcu7t5v0__clkinv_1)
                                                         _09_ (net)
                      0.212157    0.000230    1.399986 ^ _63_/B (gf180mcu_fd_sc_mcu7t5v0__oai31_1)
     1    0.005802    0.169204    0.146620    1.546606 v _63_/ZN (gf180mcu_fd_sc_mcu7t5v0__oai31_1)
                                                         _31_ (net)
                      0.169204    0.000131    1.546737 v _65_/A2 (gf180mcu_fd_sc_mcu7t5v0__and3_1)
     1    0.003774    0.128094    0.323866    1.870603 v _65_/Z (gf180mcu_fd_sc_mcu7t5v0__and3_1)
                                                         _07_ (net)
                      0.128094    0.000044    1.870647 v _75_/D (gf180mcu_fd_sc_mcu7t5v0__dffq_1)
                                              1.870647   data arrival time

                                  0.000000    0.000000   clock clk_i (rise edge)
                                  0.000000    0.000000   clock source latency
     1    0.026785    0.142729    0.067006    0.067006 ^ clk_i (in)
                                                         clk_i (net)
                      0.142730    0.000000    0.067006 ^ clkbuf_0_clk_i/I (gf180mcu_fd_sc_mcu7t5v0__clkbuf_16)
     2    0.049006    0.114186    0.252288    0.319294 ^ clkbuf_0_clk_i/Z (gf180mcu_fd_sc_mcu7t5v0__clkbuf_16)
                                                         clknet_0_clk_i (net)
                      0.114187    0.000814    0.320109 ^ clkbuf_1_1__f_clk_i/I (gf180mcu_fd_sc_mcu7t5v0__clkbuf_16)
     5    0.023777    0.091892    0.229235    0.549343 ^ clkbuf_1_1__f_clk_i/Z (gf180mcu_fd_sc_mcu7t5v0__clkbuf_16)
                                                         clknet_1_1__leaf_clk_i (net)
                      0.091892    0.000373    0.549716 ^ _75_/CLK (gf180mcu_fd_sc_mcu7t5v0__dffq_1)
                                  0.250000    0.799716   clock uncertainty
                                  0.000000    0.799716   clock reconvergence pessimism
                                  0.077964    0.877680   library hold time
                                              0.877680   data required time
---------------------------------------------------------------------------------------------
                                              0.877680   data required time
                                             -1.870647   data arrival time
---------------------------------------------------------------------------------------------
                                              0.992968   slack (MET)


Startpoint: _73_ (rising edge-triggered flip-flop clocked by clk_i)
Endpoint: _73_ (rising edge-triggered flip-flop clocked by clk_i)
Path Group: clk_i
Path Type: min

Fanout         Cap        Slew       Delay        Time   Description
---------------------------------------------------------------------------------------------
                                  0.000000    0.000000   clock clk_i (rise edge)
                                  0.000000    0.000000   clock source latency
     1    0.026785    0.142729    0.067006    0.067006 ^ clk_i (in)
                                                         clk_i (net)
                      0.142730    0.000000    0.067006 ^ clkbuf_0_clk_i/I (gf180mcu_fd_sc_mcu7t5v0__clkbuf_16)
     2    0.049006    0.114186    0.252288    0.319294 ^ clkbuf_0_clk_i/Z (gf180mcu_fd_sc_mcu7t5v0__clkbuf_16)
                                                         clknet_0_clk_i (net)
                      0.114186    0.000577    0.319871 ^ clkbuf_1_0__f_clk_i/I (gf180mcu_fd_sc_mcu7t5v0__clkbuf_16)
     5    0.024840    0.092860    0.230108    0.549979 ^ clkbuf_1_0__f_clk_i/Z (gf180mcu_fd_sc_mcu7t5v0__clkbuf_16)
                                                         clknet_1_0__leaf_clk_i (net)
                      0.092860    0.000417    0.550396 ^ _73_/CLK (gf180mcu_fd_sc_mcu7t5v0__dffq_1)
     4    0.021313    0.253443    0.760900    1.311296 v _73_/Q (gf180mcu_fd_sc_mcu7t5v0__dffq_1)
                                                         net8 (net)
                      0.253443    0.000310    1.311606 v _36_/I (gf180mcu_fd_sc_mcu7t5v0__clkinv_1)
     1    0.005401    0.162644    0.145329    1.456935 ^ _36_/ZN (gf180mcu_fd_sc_mcu7t5v0__clkinv_1)
                                                         _11_ (net)
                      0.162644    0.000060    1.456994 ^ _57_/B (gf180mcu_fd_sc_mcu7t5v0__oai31_1)
     1    0.003504    0.135582    0.124728    1.581723 v _57_/ZN (gf180mcu_fd_sc_mcu7t5v0__oai31_1)
                                                         _27_ (net)
                      0.135582    0.000038    1.581761 v _59_/A2 (gf180mcu_fd_sc_mcu7t5v0__and3_1)
     1    0.004594    0.135494    0.321692    1.903453 v _59_/Z (gf180mcu_fd_sc_mcu7t5v0__and3_1)
                                                         _05_ (net)
                      0.135494    0.000060    1.903513 v _73_/D (gf180mcu_fd_sc_mcu7t5v0__dffq_1)
                                              1.903513   data arrival time

                                  0.000000    0.000000   clock clk_i (rise edge)
                                  0.000000    0.000000   clock source latency
     1    0.026785    0.142729    0.067006    0.067006 ^ clk_i (in)
                                                         clk_i (net)
                      0.142730    0.000000    0.067006 ^ clkbuf_0_clk_i/I (gf180mcu_fd_sc_mcu7t5v0__clkbuf_16)
     2    0.049006    0.114186    0.252288    0.319294 ^ clkbuf_0_clk_i/Z (gf180mcu_fd_sc_mcu7t5v0__clkbuf_16)
                                                         clknet_0_clk_i (net)
                      0.114186    0.000577    0.319871 ^ clkbuf_1_0__f_clk_i/I (gf180mcu_fd_sc_mcu7t5v0__clkbuf_16)
     5    0.024840    0.092860    0.230108    0.549979 ^ clkbuf_1_0__f_clk_i/Z (gf180mcu_fd_sc_mcu7t5v0__clkbuf_16)
                                                         clknet_1_0__leaf_clk_i (net)
                      0.092860    0.000417    0.550396 ^ _73_/CLK (gf180mcu_fd_sc_mcu7t5v0__dffq_1)
                                  0.250000    0.800396   clock uncertainty
                                  0.000000    0.800396   clock reconvergence pessimism
                                  0.076444    0.876840   library hold time
                                              0.876840   data required time
---------------------------------------------------------------------------------------------
                                              0.876840   data required time
                                             -1.903513   data arrival time
---------------------------------------------------------------------------------------------
                                              1.026673   slack (MET)


Startpoint: _71_ (rising edge-triggered flip-flop clocked by clk_i)
Endpoint: _71_ (rising edge-triggered flip-flop clocked by clk_i)
Path Group: clk_i
Path Type: min

Fanout         Cap        Slew       Delay        Time   Description
---------------------------------------------------------------------------------------------
                                  0.000000    0.000000   clock clk_i (rise edge)
                                  0.000000    0.000000   clock source latency
     1    0.026785    0.142729    0.067006    0.067006 ^ clk_i (in)
                                                         clk_i (net)
                      0.142730    0.000000    0.067006 ^ clkbuf_0_clk_i/I (gf180mcu_fd_sc_mcu7t5v0__clkbuf_16)
     2    0.049006    0.114186    0.252288    0.319294 ^ clkbuf_0_clk_i/Z (gf180mcu_fd_sc_mcu7t5v0__clkbuf_16)
                                                         clknet_0_clk_i (net)
                      0.114186    0.000577    0.319871 ^ clkbuf_1_0__f_clk_i/I (gf180mcu_fd_sc_mcu7t5v0__clkbuf_16)
     5    0.024840    0.092860    0.230108    0.549979 ^ clkbuf_1_0__f_clk_i/Z (gf180mcu_fd_sc_mcu7t5v0__clkbuf_16)
                                                         clknet_1_0__leaf_clk_i (net)
                      0.092861    0.000632    0.550611 ^ _71_/CLK (gf180mcu_fd_sc_mcu7t5v0__dffq_1)
     4    0.021443    0.254554    0.761650    1.312261 v _71_/Q (gf180mcu_fd_sc_mcu7t5v0__dffq_1)
                                                         net6 (net)
                      0.254554    0.000214    1.312475 v _38_/I (gf180mcu_fd_sc_mcu7t5v0__clkinv_1)
     7    0.037692    0.646560    0.449179    1.761654 ^ _38_/ZN (gf180mcu_fd_sc_mcu7t5v0__clkinv_1)
                                                         _13_ (net)
                      0.646560    0.000512    1.762166 ^ _53_/A1 (gf180mcu_fd_sc_mcu7t5v0__aoi21_1)
     1    0.004011    0.203381    0.131498    1.893664 v _53_/ZN (gf180mcu_fd_sc_mcu7t5v0__aoi21_1)
                                                         _03_ (net)
                      0.203381    0.000050    1.893714 v _71_/D (gf180mcu_fd_sc_mcu7t5v0__dffq_1)
                                              1.893714   data arrival time

                                  0.000000    0.000000   clock clk_i (rise edge)
                                  0.000000    0.000000   clock source latency
     1    0.026785    0.142729    0.067006    0.067006 ^ clk_i (in)
                                                         clk_i (net)
                      0.142730    0.000000    0.067006 ^ clkbuf_0_clk_i/I (gf180mcu_fd_sc_mcu7t5v0__clkbuf_16)
     2    0.049006    0.114186    0.252288    0.319294 ^ clkbuf_0_clk_i/Z (gf180mcu_fd_sc_mcu7t5v0__clkbuf_16)
                                                         clknet_0_clk_i (net)
                      0.114186    0.000577    0.319871 ^ clkbuf_1_0__f_clk_i/I (gf180mcu_fd_sc_mcu7t5v0__clkbuf_16)
     5    0.024840    0.092860    0.230108    0.549979 ^ clkbuf_1_0__f_clk_i/Z (gf180mcu_fd_sc_mcu7t5v0__clkbuf_16)
                                                         clknet_1_0__leaf_clk_i (net)
                      0.092861    0.000632    0.550611 ^ _71_/CLK (gf180mcu_fd_sc_mcu7t5v0__dffq_1)
                                  0.250000    0.800611   clock uncertainty
                                  0.000000    0.800611   clock reconvergence pessimism
                                  0.056895    0.857506   library hold time
                                              0.857506   data required time
---------------------------------------------------------------------------------------------
                                              0.857506   data required time
                                             -1.893714   data arrival time
---------------------------------------------------------------------------------------------
                                              1.036208   slack (MET)


Startpoint: _75_ (rising edge-triggered flip-flop clocked by clk_i)
Endpoint: count_o[7] (output port clocked by clk_i)
Path Group: clk_i
Path Type: min

Fanout         Cap        Slew       Delay        Time   Description
---------------------------------------------------------------------------------------------
                                  0.000000    0.000000   clock clk_i (rise edge)
                                  0.000000    0.000000   clock source latency
     1    0.026785    0.142729    0.067006    0.067006 ^ clk_i (in)
                                                         clk_i (net)
                      0.142730    0.000000    0.067006 ^ clkbuf_0_clk_i/I (gf180mcu_fd_sc_mcu7t5v0__clkbuf_16)
     2    0.049006    0.114186    0.252288    0.319294 ^ clkbuf_0_clk_i/Z (gf180mcu_fd_sc_mcu7t5v0__clkbuf_16)
                                                         clknet_0_clk_i (net)
                      0.114187    0.000814    0.320109 ^ clkbuf_1_1__f_clk_i/I (gf180mcu_fd_sc_mcu7t5v0__clkbuf_16)
     5    0.023777    0.091892    0.229235    0.549343 ^ clkbuf_1_1__f_clk_i/Z (gf180mcu_fd_sc_mcu7t5v0__clkbuf_16)
                                                         clknet_1_1__leaf_clk_i (net)
                      0.091892    0.000373    0.549716 ^ _75_/CLK (gf180mcu_fd_sc_mcu7t5v0__dffq_1)
     2    0.009454    0.153512    0.682414    1.232130 v _75_/Q (gf180mcu_fd_sc_mcu7t5v0__dffq_1)
                                                         net10 (net)
                      0.153512    0.000088    1.232218 v output10/I (gf180mcu_fd_sc_mcu7t5v0__dlyb_1)
     1    0.074648    0.816349    1.497708    2.729925 v output10/Z (gf180mcu_fd_sc_mcu7t5v0__dlyb_1)
                                                         count_o[7] (net)
                      0.816362    0.001843    2.731768 v count_o[7] (out)
                                              2.731768   data arrival time

                                  0.000000    0.000000   clock clk_i (rise edge)
                                  0.000000    0.000000   clock network delay (propagated)
                                  0.250000    0.250000   clock uncertainty
                                  0.000000    0.250000   clock reconvergence pessimism
                                 -5.000000   -4.750000   output external delay
                                             -4.750000   data required time
---------------------------------------------------------------------------------------------
                                             -4.750000   data required time
                                             -2.731768   data arrival time
---------------------------------------------------------------------------------------------
                                              7.481768   slack (MET)


Startpoint: _76_ (rising edge-triggered flip-flop clocked by clk_i)
Endpoint: ovf_o (output port clocked by clk_i)
Path Group: clk_i
Path Type: min

Fanout         Cap        Slew       Delay        Time   Description
---------------------------------------------------------------------------------------------
                                  0.000000    0.000000   clock clk_i (rise edge)
                                  0.000000    0.000000   clock source latency
     1    0.026785    0.142729    0.067006    0.067006 ^ clk_i (in)
                                                         clk_i (net)
                      0.142730    0.000000    0.067006 ^ clkbuf_0_clk_i/I (gf180mcu_fd_sc_mcu7t5v0__clkbuf_16)
     2    0.049006    0.114186    0.252288    0.319294 ^ clkbuf_0_clk_i/Z (gf180mcu_fd_sc_mcu7t5v0__clkbuf_16)
                                                         clknet_0_clk_i (net)
                      0.114187    0.000814    0.320109 ^ clkbuf_1_1__f_clk_i/I (gf180mcu_fd_sc_mcu7t5v0__clkbuf_16)
     5    0.023777    0.091892    0.229235    0.549343 ^ clkbuf_1_1__f_clk_i/Z (gf180mcu_fd_sc_mcu7t5v0__clkbuf_16)
                                                         clknet_1_1__leaf_clk_i (net)
                      0.091892    0.000462    0.549805 ^ _76_/CLK (gf180mcu_fd_sc_mcu7t5v0__dffq_1)
     2    0.010633    0.163256    0.690329    1.240135 v _76_/Q (gf180mcu_fd_sc_mcu7t5v0__dffq_1)
                                                         net11 (net)
                      0.163256    0.000095    1.240230 v output11/I (gf180mcu_fd_sc_mcu7t5v0__dlyb_1)
     1    0.074245    0.812823    1.499062    2.739292 v output11/Z (gf180mcu_fd_sc_mcu7t5v0__dlyb_1)
                                                         ovf_o (net)
                      0.812830    0.001390    2.740682 v ovf_o (out)
                                              2.740682   data arrival time

                                  0.000000    0.000000   clock clk_i (rise edge)
                                  0.000000    0.000000   clock network delay (propagated)
                                  0.250000    0.250000   clock uncertainty
                                  0.000000    0.250000   clock reconvergence pessimism
                                 -5.000000   -4.750000   output external delay
                                             -4.750000   data required time
---------------------------------------------------------------------------------------------
                                             -4.750000   data required time
                                             -2.740682   data arrival time
---------------------------------------------------------------------------------------------
                                              7.490682   slack (MET)


Startpoint: _74_ (rising edge-triggered flip-flop clocked by clk_i)
Endpoint: count_o[6] (output port clocked by clk_i)
Path Group: clk_i
Path Type: min

Fanout         Cap        Slew       Delay        Time   Description
---------------------------------------------------------------------------------------------
                                  0.000000    0.000000   clock clk_i (rise edge)
                                  0.000000    0.000000   clock source latency
     1    0.026785    0.142729    0.067006    0.067006 ^ clk_i (in)
                                                         clk_i (net)
                      0.142730    0.000000    0.067006 ^ clkbuf_0_clk_i/I (gf180mcu_fd_sc_mcu7t5v0__clkbuf_16)
     2    0.049006    0.114186    0.252288    0.319294 ^ clkbuf_0_clk_i/Z (gf180mcu_fd_sc_mcu7t5v0__clkbuf_16)
                                                         clknet_0_clk_i (net)
                      0.114186    0.000577    0.319871 ^ clkbuf_1_0__f_clk_i/I (gf180mcu_fd_sc_mcu7t5v0__clkbuf_16)
     5    0.024840    0.092860    0.230108    0.549979 ^ clkbuf_1_0__f_clk_i/Z (gf180mcu_fd_sc_mcu7t5v0__clkbuf_16)
                                                         clknet_1_0__leaf_clk_i (net)
                      0.092860    0.000375    0.550354 ^ _74_/CLK (gf180mcu_fd_sc_mcu7t5v0__dffq_1)
     3    0.015833    0.206349    0.725305    1.275659 v _74_/Q (gf180mcu_fd_sc_mcu7t5v0__dffq_1)
                                                         net9 (net)
                      0.206349    0.000124    1.275783 v output9/I (gf180mcu_fd_sc_mcu7t5v0__dlyb_1)
     1    0.074786    0.817533    1.517472    2.793255 v output9/Z (gf180mcu_fd_sc_mcu7t5v0__dlyb_1)
                                                         count_o[6] (net)
                      0.817547    0.001884    2.795139 v count_o[6] (out)
                                              2.795139   data arrival time

                                  0.000000    0.000000   clock clk_i (rise edge)
                                  0.000000    0.000000   clock network delay (propagated)
                                  0.250000    0.250000   clock uncertainty
                                  0.000000    0.250000   clock reconvergence pessimism
                                 -5.000000   -4.750000   output external delay
                                             -4.750000   data required time
---------------------------------------------------------------------------------------------
                                             -4.750000   data required time
                                             -2.795139   data arrival time
---------------------------------------------------------------------------------------------
                                              7.545139   slack (MET)


Startpoint: _70_ (rising edge-triggered flip-flop clocked by clk_i)
Endpoint: count_o[2] (output port clocked by clk_i)
Path Group: clk_i
Path Type: min

Fanout         Cap        Slew       Delay        Time   Description
---------------------------------------------------------------------------------------------
                                  0.000000    0.000000   clock clk_i (rise edge)
                                  0.000000    0.000000   clock source latency
     1    0.026785    0.142729    0.067006    0.067006 ^ clk_i (in)
                                                         clk_i (net)
                      0.142730    0.000000    0.067006 ^ clkbuf_0_clk_i/I (gf180mcu_fd_sc_mcu7t5v0__clkbuf_16)
     2    0.049006    0.114186    0.252288    0.319294 ^ clkbuf_0_clk_i/Z (gf180mcu_fd_sc_mcu7t5v0__clkbuf_16)
                                                         clknet_0_clk_i (net)
                      0.114186    0.000577    0.319871 ^ clkbuf_1_0__f_clk_i/I (gf180mcu_fd_sc_mcu7t5v0__clkbuf_16)
     5    0.024840    0.092860    0.230108    0.549979 ^ clkbuf_1_0__f_clk_i/Z (gf180mcu_fd_sc_mcu7t5v0__clkbuf_16)
                                                         clknet_1_0__leaf_clk_i (net)
                      0.092861    0.000638    0.550617 ^ _70_/CLK (gf180mcu_fd_sc_mcu7t5v0__dffq_1)
     4    0.017481    0.220171    0.736404    1.287021 v _70_/Q (gf180mcu_fd_sc_mcu7t5v0__dffq_1)
                                                         net5 (net)
                      0.220171    0.000210    1.287231 v output5/I (gf180mcu_fd_sc_mcu7t5v0__dlyb_1)
     1    0.073649    0.807542    1.515641    2.802872 v output5/Z (gf180mcu_fd_sc_mcu7t5v0__dlyb_1)
                                                         count_o[2] (net)
                      0.807551    0.001537    2.804409 v count_o[2] (out)
                                              2.804409   data arrival time

                                  0.000000    0.000000   clock clk_i (rise edge)
                                  0.000000    0.000000   clock network delay (propagated)
                                  0.250000    0.250000   clock uncertainty
                                  0.000000    0.250000   clock reconvergence pessimism
                                 -5.000000   -4.750000   output external delay
                                             -4.750000   data required time
---------------------------------------------------------------------------------------------
                                             -4.750000   data required time
                                             -2.804409   data arrival time
---------------------------------------------------------------------------------------------
                                              7.554409   slack (MET)


Startpoint: _71_ (rising edge-triggered flip-flop clocked by clk_i)
Endpoint: count_o[3] (output port clocked by clk_i)
Path Group: clk_i
Path Type: min

Fanout         Cap        Slew       Delay        Time   Description
---------------------------------------------------------------------------------------------
                                  0.000000    0.000000   clock clk_i (rise edge)
                                  0.000000    0.000000   clock source latency
     1    0.026785    0.142729    0.067006    0.067006 ^ clk_i (in)
                                                         clk_i (net)
                      0.142730    0.000000    0.067006 ^ clkbuf_0_clk_i/I (gf180mcu_fd_sc_mcu7t5v0__clkbuf_16)
     2    0.049006    0.114186    0.252288    0.319294 ^ clkbuf_0_clk_i/Z (gf180mcu_fd_sc_mcu7t5v0__clkbuf_16)
                                                         clknet_0_clk_i (net)
                      0.114186    0.000577    0.319871 ^ clkbuf_1_0__f_clk_i/I (gf180mcu_fd_sc_mcu7t5v0__clkbuf_16)
     5    0.024840    0.092860    0.230108    0.549979 ^ clkbuf_1_0__f_clk_i/Z (gf180mcu_fd_sc_mcu7t5v0__clkbuf_16)
                                                         clknet_1_0__leaf_clk_i (net)
                      0.092861    0.000632    0.550611 ^ _71_/CLK (gf180mcu_fd_sc_mcu7t5v0__dffq_1)
     4    0.021443    0.254554    0.761650    1.312261 v _71_/Q (gf180mcu_fd_sc_mcu7t5v0__dffq_1)
                                                         net6 (net)
                      0.254554    0.000317    1.312578 v output6/I (gf180mcu_fd_sc_mcu7t5v0__dlyb_1)
     1    0.073653    0.807566    1.527991    2.840569 v output6/Z (gf180mcu_fd_sc_mcu7t5v0__dlyb_1)
                                                         count_o[3] (net)
                      0.807575    0.001536    2.842105 v count_o[3] (out)
                                              2.842105   data arrival time

                                  0.000000    0.000000   clock clk_i (rise edge)
                                  0.000000    0.000000   clock network delay (propagated)
                                  0.250000    0.250000   clock uncertainty
                                  0.000000    0.250000   clock reconvergence pessimism
                                 -5.000000   -4.750000   output external delay
                                             -4.750000   data required time
---------------------------------------------------------------------------------------------
                                             -4.750000   data required time
                                             -2.842105   data arrival time
---------------------------------------------------------------------------------------------
                                              7.592105   slack (MET)


Startpoint: _73_ (rising edge-triggered flip-flop clocked by clk_i)
Endpoint: count_o[5] (output port clocked by clk_i)
Path Group: clk_i
Path Type: min

Fanout         Cap        Slew       Delay        Time   Description
---------------------------------------------------------------------------------------------
                                  0.000000    0.000000   clock clk_i (rise edge)
                                  0.000000    0.000000   clock source latency
     1    0.026785    0.142729    0.067006    0.067006 ^ clk_i (in)
                                                         clk_i (net)
                      0.142730    0.000000    0.067006 ^ clkbuf_0_clk_i/I (gf180mcu_fd_sc_mcu7t5v0__clkbuf_16)
     2    0.049006    0.114186    0.252288    0.319294 ^ clkbuf_0_clk_i/Z (gf180mcu_fd_sc_mcu7t5v0__clkbuf_16)
                                                         clknet_0_clk_i (net)
                      0.114186    0.000577    0.319871 ^ clkbuf_1_0__f_clk_i/I (gf180mcu_fd_sc_mcu7t5v0__clkbuf_16)
     5    0.024840    0.092860    0.230108    0.549979 ^ clkbuf_1_0__f_clk_i/Z (gf180mcu_fd_sc_mcu7t5v0__clkbuf_16)
                                                         clknet_1_0__leaf_clk_i (net)
                      0.092860    0.000417    0.550396 ^ _73_/CLK (gf180mcu_fd_sc_mcu7t5v0__dffq_1)
     4    0.021313    0.253443    0.760900    1.311296 v _73_/Q (gf180mcu_fd_sc_mcu7t5v0__dffq_1)
                                                         net8 (net)
                      0.253443    0.000167    1.311463 v output8/I (gf180mcu_fd_sc_mcu7t5v0__dlyb_1)
     1    0.074461    0.814688    1.532683    2.844146 v output8/Z (gf180mcu_fd_sc_mcu7t5v0__dlyb_1)
                                                         count_o[5] (net)
                      0.814696    0.001459    2.845605 v count_o[5] (out)
                                              2.845605   data arrival time

                                  0.000000    0.000000   clock clk_i (rise edge)
                                  0.000000    0.000000   clock network delay (propagated)
                                  0.250000    0.250000   clock uncertainty
                                  0.000000    0.250000   clock reconvergence pessimism
                                 -5.000000   -4.750000   output external delay
                                             -4.750000   data required time
---------------------------------------------------------------------------------------------
                                             -4.750000   data required time
                                             -2.845605   data arrival time
---------------------------------------------------------------------------------------------
                                              7.595604   slack (MET)


Startpoint: _69_ (rising edge-triggered flip-flop clocked by clk_i)
Endpoint: count_o[1] (output port clocked by clk_i)
Path Group: clk_i
Path Type: min

Fanout         Cap        Slew       Delay        Time   Description
---------------------------------------------------------------------------------------------
                                  0.000000    0.000000   clock clk_i (rise edge)
                                  0.000000    0.000000   clock source latency
     1    0.026785    0.142729    0.067006    0.067006 ^ clk_i (in)
                                                         clk_i (net)
                      0.142730    0.000000    0.067006 ^ clkbuf_0_clk_i/I (gf180mcu_fd_sc_mcu7t5v0__clkbuf_16)
     2    0.049006    0.114186    0.252288    0.319294 ^ clkbuf_0_clk_i/Z (gf180mcu_fd_sc_mcu7t5v0__clkbuf_16)
                                                         clknet_0_clk_i (net)
                      0.114187    0.000814    0.320109 ^ clkbuf_1_1__f_clk_i/I (gf180mcu_fd_sc_mcu7t5v0__clkbuf_16)
     5    0.023777    0.091892    0.229235    0.549343 ^ clkbuf_1_1__f_clk_i/Z (gf180mcu_fd_sc_mcu7t5v0__clkbuf_16)
                                                         clknet_1_1__leaf_clk_i (net)
                      0.091892    0.000444    0.549787 ^ _69_/CLK (gf180mcu_fd_sc_mcu7t5v0__dffq_1)
     5    0.023084    0.268805    0.771323    1.321110 v _69_/Q (gf180mcu_fd_sc_mcu7t5v0__dffq_1)
                                                         net4 (net)
                      0.268806    0.000330    1.321440 v output4/I (gf180mcu_fd_sc_mcu7t5v0__dlyb_1)
     1    0.074397    0.814144    1.538089    2.859529 v output4/Z (gf180mcu_fd_sc_mcu7t5v0__dlyb_1)
                                                         count_o[1] (net)
                      0.814149    0.001095    2.860624 v count_o[1] (out)
                                              2.860624   data arrival time

                                  0.000000    0.000000   clock clk_i (rise edge)
                                  0.000000    0.000000   clock network delay (propagated)
                                  0.250000    0.250000   clock uncertainty
                                  0.000000    0.250000   clock reconvergence pessimism
                                 -5.000000   -4.750000   output external delay
                                             -4.750000   data required time
---------------------------------------------------------------------------------------------
                                             -4.750000   data required time
                                             -2.860624   data arrival time
---------------------------------------------------------------------------------------------
                                              7.610624   slack (MET)


Startpoint: _72_ (rising edge-triggered flip-flop clocked by clk_i)
Endpoint: count_o[4] (output port clocked by clk_i)
Path Group: clk_i
Path Type: min

Fanout         Cap        Slew       Delay        Time   Description
---------------------------------------------------------------------------------------------
                                  0.000000    0.000000   clock clk_i (rise edge)
                                  0.000000    0.000000   clock source latency
     1    0.026785    0.142729    0.067006    0.067006 ^ clk_i (in)
                                                         clk_i (net)
                      0.142730    0.000000    0.067006 ^ clkbuf_0_clk_i/I (gf180mcu_fd_sc_mcu7t5v0__clkbuf_16)
     2    0.049006    0.114186    0.252288    0.319294 ^ clkbuf_0_clk_i/Z (gf180mcu_fd_sc_mcu7t5v0__clkbuf_16)
                                                         clknet_0_clk_i (net)
                      0.114186    0.000577    0.319871 ^ clkbuf_1_0__f_clk_i/I (gf180mcu_fd_sc_mcu7t5v0__clkbuf_16)
     5    0.024840    0.092860    0.230108    0.549979 ^ clkbuf_1_0__f_clk_i/Z (gf180mcu_fd_sc_mcu7t5v0__clkbuf_16)
                                                         clknet_1_0__leaf_clk_i (net)
                      0.092860    0.000484    0.550463 ^ _72_/CLK (gf180mcu_fd_sc_mcu7t5v0__dffq_1)
     5    0.024915    0.284860    0.782720    1.333183 v _72_/Q (gf180mcu_fd_sc_mcu7t5v0__dffq_1)
                                                         net7 (net)
                      0.284860    0.000178    1.333360 v output7/I (gf180mcu_fd_sc_mcu7t5v0__dlyb_1)
     1    0.074641    0.816302    1.545584    2.878945 v output7/Z (gf180mcu_fd_sc_mcu7t5v0__dlyb_1)
                                                         count_o[4] (net)
                      0.816305    0.000823    2.879768 v count_o[4] (out)
                                              2.879768   data arrival time

                                  0.000000    0.000000   clock clk_i (rise edge)
                                  0.000000    0.000000   clock network delay (propagated)
                                  0.250000    0.250000   clock uncertainty
                                  0.000000    0.250000   clock reconvergence pessimism
                                 -5.000000   -4.750000   output external delay
                                             -4.750000   data required time
---------------------------------------------------------------------------------------------
                                             -4.750000   data required time
                                             -2.879768   data arrival time
---------------------------------------------------------------------------------------------
                                              7.629768   slack (MET)


Startpoint: _68_ (rising edge-triggered flip-flop clocked by clk_i)
Endpoint: count_o[0] (output port clocked by clk_i)
Path Group: clk_i
Path Type: min

Fanout         Cap        Slew       Delay        Time   Description
---------------------------------------------------------------------------------------------
                                  0.000000    0.000000   clock clk_i (rise edge)
                                  0.000000    0.000000   clock source latency
     1    0.026785    0.142729    0.067006    0.067006 ^ clk_i (in)
                                                         clk_i (net)
                      0.142730    0.000000    0.067006 ^ clkbuf_0_clk_i/I (gf180mcu_fd_sc_mcu7t5v0__clkbuf_16)
     2    0.049006    0.114186    0.252288    0.319294 ^ clkbuf_0_clk_i/Z (gf180mcu_fd_sc_mcu7t5v0__clkbuf_16)
                                                         clknet_0_clk_i (net)
                      0.114187    0.000814    0.320109 ^ clkbuf_1_1__f_clk_i/I (gf180mcu_fd_sc_mcu7t5v0__clkbuf_16)
     5    0.023777    0.091892    0.229235    0.549343 ^ clkbuf_1_1__f_clk_i/Z (gf180mcu_fd_sc_mcu7t5v0__clkbuf_16)
                                                         clknet_1_1__leaf_clk_i (net)
                      0.091892    0.000443    0.549786 ^ _68_/CLK (gf180mcu_fd_sc_mcu7t5v0__dffq_1)
     7    0.035306    0.376925    0.845745    1.395531 v _68_/Q (gf180mcu_fd_sc_mcu7t5v0__dffq_1)
                                                         net3 (net)
                      0.376925    0.000411    1.395942 v output3/I (gf180mcu_fd_sc_mcu7t5v0__dlyb_1)
     1    0.074624    0.816224    1.578230    2.974172 v output3/Z (gf180mcu_fd_sc_mcu7t5v0__dlyb_1)
                                                         count_o[0] (net)
                      0.816229    0.001163    2.975335 v count_o[0] (out)
                                              2.975335   data arrival time

                                  0.000000    0.000000   clock clk_i (rise edge)
                                  0.000000    0.000000   clock network delay (propagated)
                                  0.250000    0.250000   clock uncertainty
                                  0.000000    0.250000   clock reconvergence pessimism
                                 -5.000000   -4.750000   output external delay
                                             -4.750000   data required time
---------------------------------------------------------------------------------------------
                                             -4.750000   data required time
                                             -2.975335   data arrival time
---------------------------------------------------------------------------------------------
                                              7.725335   slack (MET)



