
 /----------------------------------------------------------------------------\
 |  yosys -- Yosys Open SYnthesis Suite                                       |
 |  Copyright (C) 2012 - 2026  Claire Xenia Wolf <claire@yosyshq.com>         |
 |  Distributed under an ISC-like license, type "license" to see terms        |
 \----------------------------------------------------------------------------/
 Yosys 0.62 (git sha1 7326bb7d6-dirty, x86_64-conda-linux-gnu-c++ 15.2.0 -fvisibility-inlines-hidden -fmessage-length=0 -march=nocona -mtune=haswell -ftree-vectorize -fPIC -fstack-protector-strong -fno-plt -O2 -ffunction-sections -fdebug-prefix-map=/tmp/really-long-path/conda/conda-bld/yosys_1778259432904/work=/usr/local/src/conda/yosys-0.62_0_g7326bb7d6 -fdebug-prefix-map=/home/windyphony/unic-cass/envs/librelane=/usr/local/src/conda-prefix -fPIC -O3)

1. Executing Verilog-2005 frontend: /home/windyphony/heichips25-workshop/exercise_4/counter_8bit/runs/RUN_2026-05-11_21-47-57/tmp/c8d503bf9e164908b4e016c50360d2eb.bb.v
Parsing SystemVerilog input from `/home/windyphony/heichips25-workshop/exercise_4/counter_8bit/runs/RUN_2026-05-11_21-47-57/tmp/c8d503bf9e164908b4e016c50360d2eb.bb.v' to AST representation.
Generating RTLIL representation for module `\gf180mcu_fd_sc_mcu7t5v0__addf_1'.
Generating RTLIL representation for module `\gf180mcu_fd_sc_mcu7t5v0__addf_2'.
Generating RTLIL representation for module `\gf180mcu_fd_sc_mcu7t5v0__addf_4'.
Generating RTLIL representation for module `\gf180mcu_fd_sc_mcu7t5v0__addf_func'.
Generating RTLIL representation for module `\gf180mcu_fd_sc_mcu7t5v0__addh_1'.
Generating RTLIL representation for module `\gf180mcu_fd_sc_mcu7t5v0__addh_2'.
Generating RTLIL representation for module `\gf180mcu_fd_sc_mcu7t5v0__addh_4'.
Generating RTLIL representation for module `\gf180mcu_fd_sc_mcu7t5v0__addh_func'.
Generating RTLIL representation for module `\gf180mcu_fd_sc_mcu7t5v0__and2_1'.
Generating RTLIL representation for module `\gf180mcu_fd_sc_mcu7t5v0__and2_2'.
Generating RTLIL representation for module `\gf180mcu_fd_sc_mcu7t5v0__and2_4'.
Generating RTLIL representation for module `\gf180mcu_fd_sc_mcu7t5v0__and2_func'.
Generating RTLIL representation for module `\gf180mcu_fd_sc_mcu7t5v0__and3_1'.
Generating RTLIL representation for module `\gf180mcu_fd_sc_mcu7t5v0__and3_2'.
Generating RTLIL representation for module `\gf180mcu_fd_sc_mcu7t5v0__and3_4'.
Generating RTLIL representation for module `\gf180mcu_fd_sc_mcu7t5v0__and3_func'.
Generating RTLIL representation for module `\gf180mcu_fd_sc_mcu7t5v0__and4_1'.
Generating RTLIL representation for module `\gf180mcu_fd_sc_mcu7t5v0__and4_2'.
Generating RTLIL representation for module `\gf180mcu_fd_sc_mcu7t5v0__and4_4'.
Generating RTLIL representation for module `\gf180mcu_fd_sc_mcu7t5v0__and4_func'.
Generating RTLIL representation for module `\gf180mcu_fd_sc_mcu7t5v0__antenna'.
Generating RTLIL representation for module `\gf180mcu_fd_sc_mcu7t5v0__antenna_func'.
Generating RTLIL representation for module `\gf180mcu_fd_sc_mcu7t5v0__aoi211_1'.
Generating RTLIL representation for module `\gf180mcu_fd_sc_mcu7t5v0__aoi211_2'.
Generating RTLIL representation for module `\gf180mcu_fd_sc_mcu7t5v0__aoi211_4'.
Generating RTLIL representation for module `\gf180mcu_fd_sc_mcu7t5v0__aoi211_func'.
Generating RTLIL representation for module `\gf180mcu_fd_sc_mcu7t5v0__aoi21_1'.
Generating RTLIL representation for module `\gf180mcu_fd_sc_mcu7t5v0__aoi21_2'.
Generating RTLIL representation for module `\gf180mcu_fd_sc_mcu7t5v0__aoi21_4'.
Generating RTLIL representation for module `\gf180mcu_fd_sc_mcu7t5v0__aoi21_func'.
Generating RTLIL representation for module `\gf180mcu_fd_sc_mcu7t5v0__aoi221_1'.
Generating RTLIL representation for module `\gf180mcu_fd_sc_mcu7t5v0__aoi221_2'.
Generating RTLIL representation for module `\gf180mcu_fd_sc_mcu7t5v0__aoi221_4'.
Generating RTLIL representation for module `\gf180mcu_fd_sc_mcu7t5v0__aoi221_func'.
Generating RTLIL representation for module `\gf180mcu_fd_sc_mcu7t5v0__aoi222_1'.
Generating RTLIL representation for module `\gf180mcu_fd_sc_mcu7t5v0__aoi222_2'.
Generating RTLIL representation for module `\gf180mcu_fd_sc_mcu7t5v0__aoi222_4'.
Generating RTLIL representation for module `\gf180mcu_fd_sc_mcu7t5v0__aoi222_func'.
Generating RTLIL representation for module `\gf180mcu_fd_sc_mcu7t5v0__aoi22_1'.
Generating RTLIL representation for module `\gf180mcu_fd_sc_mcu7t5v0__aoi22_2'.
Generating RTLIL representation for module `\gf180mcu_fd_sc_mcu7t5v0__aoi22_4'.
Generating RTLIL representation for module `\gf180mcu_fd_sc_mcu7t5v0__aoi22_func'.
Generating RTLIL representation for module `\gf180mcu_fd_sc_mcu7t5v0__buf_1'.
Generating RTLIL representation for module `\gf180mcu_fd_sc_mcu7t5v0__buf_12'.
Generating RTLIL representation for module `\gf180mcu_fd_sc_mcu7t5v0__buf_16'.
Generating RTLIL representation for module `\gf180mcu_fd_sc_mcu7t5v0__buf_2'.
Generating RTLIL representation for module `\gf180mcu_fd_sc_mcu7t5v0__buf_20'.
Generating RTLIL representation for module `\gf180mcu_fd_sc_mcu7t5v0__buf_3'.
Generating RTLIL representation for module `\gf180mcu_fd_sc_mcu7t5v0__buf_4'.
Generating RTLIL representation for module `\gf180mcu_fd_sc_mcu7t5v0__buf_8'.
Generating RTLIL representation for module `\gf180mcu_fd_sc_mcu7t5v0__buf_func'.
Generating RTLIL representation for module `\gf180mcu_fd_sc_mcu7t5v0__bufz_1'.
Generating RTLIL representation for module `\gf180mcu_fd_sc_mcu7t5v0__bufz_12'.
Generating RTLIL representation for module `\gf180mcu_fd_sc_mcu7t5v0__bufz_16'.
Generating RTLIL representation for module `\gf180mcu_fd_sc_mcu7t5v0__bufz_2'.
Generating RTLIL representation for module `\gf180mcu_fd_sc_mcu7t5v0__bufz_3'.
Generating RTLIL representation for module `\gf180mcu_fd_sc_mcu7t5v0__bufz_4'.
Generating RTLIL representation for module `\gf180mcu_fd_sc_mcu7t5v0__bufz_8'.
Generating RTLIL representation for module `\gf180mcu_fd_sc_mcu7t5v0__bufz_func'.
Generating RTLIL representation for module `\gf180mcu_fd_sc_mcu7t5v0__clkbuf_1'.
Generating RTLIL representation for module `\gf180mcu_fd_sc_mcu7t5v0__clkbuf_12'.
Generating RTLIL representation for module `\gf180mcu_fd_sc_mcu7t5v0__clkbuf_16'.
Generating RTLIL representation for module `\gf180mcu_fd_sc_mcu7t5v0__clkbuf_2'.
Generating RTLIL representation for module `\gf180mcu_fd_sc_mcu7t5v0__clkbuf_20'.
Generating RTLIL representation for module `\gf180mcu_fd_sc_mcu7t5v0__clkbuf_3'.
Generating RTLIL representation for module `\gf180mcu_fd_sc_mcu7t5v0__clkbuf_4'.
Generating RTLIL representation for module `\gf180mcu_fd_sc_mcu7t5v0__clkbuf_8'.
Generating RTLIL representation for module `\gf180mcu_fd_sc_mcu7t5v0__clkbuf_func'.
Generating RTLIL representation for module `\gf180mcu_fd_sc_mcu7t5v0__clkinv_1'.
Generating RTLIL representation for module `\gf180mcu_fd_sc_mcu7t5v0__clkinv_12'.
Generating RTLIL representation for module `\gf180mcu_fd_sc_mcu7t5v0__clkinv_16'.
Generating RTLIL representation for module `\gf180mcu_fd_sc_mcu7t5v0__clkinv_2'.
Generating RTLIL representation for module `\gf180mcu_fd_sc_mcu7t5v0__clkinv_20'.
Generating RTLIL representation for module `\gf180mcu_fd_sc_mcu7t5v0__clkinv_3'.
Generating RTLIL representation for module `\gf180mcu_fd_sc_mcu7t5v0__clkinv_4'.
Generating RTLIL representation for module `\gf180mcu_fd_sc_mcu7t5v0__clkinv_8'.
Generating RTLIL representation for module `\gf180mcu_fd_sc_mcu7t5v0__clkinv_func'.
Generating RTLIL representation for module `\gf180mcu_fd_sc_mcu7t5v0__dffnq_1'.
Generating RTLIL representation for module `\gf180mcu_fd_sc_mcu7t5v0__dffnq_2'.
Generating RTLIL representation for module `\gf180mcu_fd_sc_mcu7t5v0__dffnq_4'.
Generating RTLIL representation for module `\gf180mcu_fd_sc_mcu7t5v0__dffnq_func'.
Generating RTLIL representation for module `\gf180mcu_fd_sc_mcu7t5v0__dffnrnq_1'.
Generating RTLIL representation for module `\gf180mcu_fd_sc_mcu7t5v0__dffnrnq_2'.
Generating RTLIL representation for module `\gf180mcu_fd_sc_mcu7t5v0__dffnrnq_4'.
Generating RTLIL representation for module `\gf180mcu_fd_sc_mcu7t5v0__dffnrnq_func'.
Generating RTLIL representation for module `\gf180mcu_fd_sc_mcu7t5v0__dffnrsnq_1'.
Generating RTLIL representation for module `\gf180mcu_fd_sc_mcu7t5v0__dffnrsnq_2'.
Generating RTLIL representation for module `\gf180mcu_fd_sc_mcu7t5v0__dffnrsnq_4'.
Generating RTLIL representation for module `\gf180mcu_fd_sc_mcu7t5v0__dffnrsnq_func'.
Generating RTLIL representation for module `\gf180mcu_fd_sc_mcu7t5v0__dffnsnq_1'.
Generating RTLIL representation for module `\gf180mcu_fd_sc_mcu7t5v0__dffnsnq_2'.
Generating RTLIL representation for module `\gf180mcu_fd_sc_mcu7t5v0__dffnsnq_4'.
Generating RTLIL representation for module `\gf180mcu_fd_sc_mcu7t5v0__dffnsnq_func'.
Generating RTLIL representation for module `\gf180mcu_fd_sc_mcu7t5v0__dffq_1'.
Generating RTLIL representation for module `\gf180mcu_fd_sc_mcu7t5v0__dffq_2'.
Generating RTLIL representation for module `\gf180mcu_fd_sc_mcu7t5v0__dffq_4'.
Generating RTLIL representation for module `\gf180mcu_fd_sc_mcu7t5v0__dffq_func'.
Generating RTLIL representation for module `\gf180mcu_fd_sc_mcu7t5v0__dffrnq_1'.
Generating RTLIL representation for module `\gf180mcu_fd_sc_mcu7t5v0__dffrnq_2'.
Generating RTLIL representation for module `\gf180mcu_fd_sc_mcu7t5v0__dffrnq_4'.
Generating RTLIL representation for module `\gf180mcu_fd_sc_mcu7t5v0__dffrnq_func'.
Generating RTLIL representation for module `\gf180mcu_fd_sc_mcu7t5v0__dffrsnq_1'.
Generating RTLIL representation for module `\gf180mcu_fd_sc_mcu7t5v0__dffrsnq_2'.
Generating RTLIL representation for module `\gf180mcu_fd_sc_mcu7t5v0__dffrsnq_4'.
Generating RTLIL representation for module `\gf180mcu_fd_sc_mcu7t5v0__dffrsnq_func'.
Generating RTLIL representation for module `\gf180mcu_fd_sc_mcu7t5v0__dffsnq_1'.
Generating RTLIL representation for module `\gf180mcu_fd_sc_mcu7t5v0__dffsnq_2'.
Generating RTLIL representation for module `\gf180mcu_fd_sc_mcu7t5v0__dffsnq_4'.
Generating RTLIL representation for module `\gf180mcu_fd_sc_mcu7t5v0__dffsnq_func'.
Generating RTLIL representation for module `\gf180mcu_fd_sc_mcu7t5v0__dlya_1'.
Generating RTLIL representation for module `\gf180mcu_fd_sc_mcu7t5v0__dlya_2'.
Generating RTLIL representation for module `\gf180mcu_fd_sc_mcu7t5v0__dlya_4'.
Generating RTLIL representation for module `\gf180mcu_fd_sc_mcu7t5v0__dlya_func'.
Generating RTLIL representation for module `\gf180mcu_fd_sc_mcu7t5v0__dlyb_1'.
Generating RTLIL representation for module `\gf180mcu_fd_sc_mcu7t5v0__dlyb_2'.
Generating RTLIL representation for module `\gf180mcu_fd_sc_mcu7t5v0__dlyb_4'.
Generating RTLIL representation for module `\gf180mcu_fd_sc_mcu7t5v0__dlyb_func'.
Generating RTLIL representation for module `\gf180mcu_fd_sc_mcu7t5v0__dlyc_1'.
Generating RTLIL representation for module `\gf180mcu_fd_sc_mcu7t5v0__dlyc_2'.
Generating RTLIL representation for module `\gf180mcu_fd_sc_mcu7t5v0__dlyc_4'.
Generating RTLIL representation for module `\gf180mcu_fd_sc_mcu7t5v0__dlyc_func'.
Generating RTLIL representation for module `\gf180mcu_fd_sc_mcu7t5v0__dlyd_1'.
Generating RTLIL representation for module `\gf180mcu_fd_sc_mcu7t5v0__dlyd_2'.
Generating RTLIL representation for module `\gf180mcu_fd_sc_mcu7t5v0__dlyd_4'.
Generating RTLIL representation for module `\gf180mcu_fd_sc_mcu7t5v0__dlyd_func'.
Generating RTLIL representation for module `\gf180mcu_fd_sc_mcu7t5v0__endcap'.
Generating RTLIL representation for module `\gf180mcu_fd_sc_mcu7t5v0__endcap_func'.
Generating RTLIL representation for module `\gf180mcu_fd_sc_mcu7t5v0__fill_1'.
Generating RTLIL representation for module `\gf180mcu_fd_sc_mcu7t5v0__fill_16'.
Generating RTLIL representation for module `\gf180mcu_fd_sc_mcu7t5v0__fill_2'.
Generating RTLIL representation for module `\gf180mcu_fd_sc_mcu7t5v0__fill_32'.
Generating RTLIL representation for module `\gf180mcu_fd_sc_mcu7t5v0__fill_4'.
Generating RTLIL representation for module `\gf180mcu_fd_sc_mcu7t5v0__fill_64'.
Generating RTLIL representation for module `\gf180mcu_fd_sc_mcu7t5v0__fill_8'.
Generating RTLIL representation for module `\gf180mcu_fd_sc_mcu7t5v0__fill_func'.
Generating RTLIL representation for module `\gf180mcu_fd_sc_mcu7t5v0__fillcap_16'.
Generating RTLIL representation for module `\gf180mcu_fd_sc_mcu7t5v0__fillcap_32'.
Generating RTLIL representation for module `\gf180mcu_fd_sc_mcu7t5v0__fillcap_4'.
Generating RTLIL representation for module `\gf180mcu_fd_sc_mcu7t5v0__fillcap_64'.
Generating RTLIL representation for module `\gf180mcu_fd_sc_mcu7t5v0__fillcap_8'.
Generating RTLIL representation for module `\gf180mcu_fd_sc_mcu7t5v0__fillcap_func'.
Generating RTLIL representation for module `\gf180mcu_fd_sc_mcu7t5v0__filltie'.
Generating RTLIL representation for module `\gf180mcu_fd_sc_mcu7t5v0__filltie_func'.
Generating RTLIL representation for module `\gf180mcu_fd_sc_mcu7t5v0__hold'.
Generating RTLIL representation for module `\gf180mcu_fd_sc_mcu7t5v0__hold_func'.
Generating RTLIL representation for module `\gf180mcu_fd_sc_mcu7t5v0__icgtn_1'.
Generating RTLIL representation for module `\gf180mcu_fd_sc_mcu7t5v0__icgtn_2'.
Generating RTLIL representation for module `\gf180mcu_fd_sc_mcu7t5v0__icgtn_4'.
Generating RTLIL representation for module `\gf180mcu_fd_sc_mcu7t5v0__icgtn_func'.
Generating RTLIL representation for module `\gf180mcu_fd_sc_mcu7t5v0__icgtp_1'.
Generating RTLIL representation for module `\gf180mcu_fd_sc_mcu7t5v0__icgtp_2'.
Generating RTLIL representation for module `\gf180mcu_fd_sc_mcu7t5v0__icgtp_4'.
Generating RTLIL representation for module `\gf180mcu_fd_sc_mcu7t5v0__icgtp_func'.
Generating RTLIL representation for module `\gf180mcu_fd_sc_mcu7t5v0__inv_1'.
Generating RTLIL representation for module `\gf180mcu_fd_sc_mcu7t5v0__inv_12'.
Generating RTLIL representation for module `\gf180mcu_fd_sc_mcu7t5v0__inv_16'.
Generating RTLIL representation for module `\gf180mcu_fd_sc_mcu7t5v0__inv_2'.
Generating RTLIL representation for module `\gf180mcu_fd_sc_mcu7t5v0__inv_20'.
Generating RTLIL representation for module `\gf180mcu_fd_sc_mcu7t5v0__inv_3'.
Generating RTLIL representation for module `\gf180mcu_fd_sc_mcu7t5v0__inv_4'.
Generating RTLIL representation for module `\gf180mcu_fd_sc_mcu7t5v0__inv_8'.
Generating RTLIL representation for module `\gf180mcu_fd_sc_mcu7t5v0__inv_func'.
Generating RTLIL representation for module `\gf180mcu_fd_sc_mcu7t5v0__invz_1'.
Generating RTLIL representation for module `\gf180mcu_fd_sc_mcu7t5v0__invz_12'.
Generating RTLIL representation for module `\gf180mcu_fd_sc_mcu7t5v0__invz_16'.
Generating RTLIL representation for module `\gf180mcu_fd_sc_mcu7t5v0__invz_2'.
Generating RTLIL representation for module `\gf180mcu_fd_sc_mcu7t5v0__invz_3'.
Generating RTLIL representation for module `\gf180mcu_fd_sc_mcu7t5v0__invz_4'.
Generating RTLIL representation for module `\gf180mcu_fd_sc_mcu7t5v0__invz_8'.
Generating RTLIL representation for module `\gf180mcu_fd_sc_mcu7t5v0__invz_func'.
Generating RTLIL representation for module `\gf180mcu_fd_sc_mcu7t5v0__latq_1'.
Generating RTLIL representation for module `\gf180mcu_fd_sc_mcu7t5v0__latq_2'.
Generating RTLIL representation for module `\gf180mcu_fd_sc_mcu7t5v0__latq_4'.
Generating RTLIL representation for module `\gf180mcu_fd_sc_mcu7t5v0__latq_func'.
Generating RTLIL representation for module `\gf180mcu_fd_sc_mcu7t5v0__latrnq_1'.
Generating RTLIL representation for module `\gf180mcu_fd_sc_mcu7t5v0__latrnq_2'.
Generating RTLIL representation for module `\gf180mcu_fd_sc_mcu7t5v0__latrnq_4'.
Generating RTLIL representation for module `\gf180mcu_fd_sc_mcu7t5v0__latrnq_func'.
Generating RTLIL representation for module `\gf180mcu_fd_sc_mcu7t5v0__latrsnq_1'.
Generating RTLIL representation for module `\gf180mcu_fd_sc_mcu7t5v0__latrsnq_2'.
Generating RTLIL representation for module `\gf180mcu_fd_sc_mcu7t5v0__latrsnq_4'.
Generating RTLIL representation for module `\gf180mcu_fd_sc_mcu7t5v0__latrsnq_func'.
Generating RTLIL representation for module `\gf180mcu_fd_sc_mcu7t5v0__latsnq_1'.
Generating RTLIL representation for module `\gf180mcu_fd_sc_mcu7t5v0__latsnq_2'.
Generating RTLIL representation for module `\gf180mcu_fd_sc_mcu7t5v0__latsnq_4'.
Generating RTLIL representation for module `\gf180mcu_fd_sc_mcu7t5v0__latsnq_func'.
Generating RTLIL representation for module `\gf180mcu_fd_sc_mcu7t5v0__mux2_1'.
Generating RTLIL representation for module `\gf180mcu_fd_sc_mcu7t5v0__mux2_2'.
Generating RTLIL representation for module `\gf180mcu_fd_sc_mcu7t5v0__mux2_4'.
Generating RTLIL representation for module `\gf180mcu_fd_sc_mcu7t5v0__mux2_func'.
Generating RTLIL representation for module `\gf180mcu_fd_sc_mcu7t5v0__mux4_1'.
Generating RTLIL representation for module `\gf180mcu_fd_sc_mcu7t5v0__mux4_2'.
Generating RTLIL representation for module `\gf180mcu_fd_sc_mcu7t5v0__mux4_4'.
Generating RTLIL representation for module `\gf180mcu_fd_sc_mcu7t5v0__mux4_func'.
Generating RTLIL representation for module `\gf180mcu_fd_sc_mcu7t5v0__nand2_1'.
Generating RTLIL representation for module `\gf180mcu_fd_sc_mcu7t5v0__nand2_2'.
Generating RTLIL representation for module `\gf180mcu_fd_sc_mcu7t5v0__nand2_4'.
Generating RTLIL representation for module `\gf180mcu_fd_sc_mcu7t5v0__nand2_func'.
Generating RTLIL representation for module `\gf180mcu_fd_sc_mcu7t5v0__nand3_1'.
Generating RTLIL representation for module `\gf180mcu_fd_sc_mcu7t5v0__nand3_2'.
Generating RTLIL representation for module `\gf180mcu_fd_sc_mcu7t5v0__nand3_4'.
Generating RTLIL representation for module `\gf180mcu_fd_sc_mcu7t5v0__nand3_func'.
Generating RTLIL representation for module `\gf180mcu_fd_sc_mcu7t5v0__nand4_1'.
Generating RTLIL representation for module `\gf180mcu_fd_sc_mcu7t5v0__nand4_2'.
Generating RTLIL representation for module `\gf180mcu_fd_sc_mcu7t5v0__nand4_4'.
Generating RTLIL representation for module `\gf180mcu_fd_sc_mcu7t5v0__nand4_func'.
Generating RTLIL representation for module `\gf180mcu_fd_sc_mcu7t5v0__nor2_1'.
Generating RTLIL representation for module `\gf180mcu_fd_sc_mcu7t5v0__nor2_2'.
Generating RTLIL representation for module `\gf180mcu_fd_sc_mcu7t5v0__nor2_4'.
Generating RTLIL representation for module `\gf180mcu_fd_sc_mcu7t5v0__nor2_func'.
Generating RTLIL representation for module `\gf180mcu_fd_sc_mcu7t5v0__nor3_1'.
Generating RTLIL representation for module `\gf180mcu_fd_sc_mcu7t5v0__nor3_2'.
Generating RTLIL representation for module `\gf180mcu_fd_sc_mcu7t5v0__nor3_4'.
Generating RTLIL representation for module `\gf180mcu_fd_sc_mcu7t5v0__nor3_func'.
Generating RTLIL representation for module `\gf180mcu_fd_sc_mcu7t5v0__nor4_1'.
Generating RTLIL representation for module `\gf180mcu_fd_sc_mcu7t5v0__nor4_2'.
Generating RTLIL representation for module `\gf180mcu_fd_sc_mcu7t5v0__nor4_4'.
Generating RTLIL representation for module `\gf180mcu_fd_sc_mcu7t5v0__nor4_func'.
Generating RTLIL representation for module `\gf180mcu_fd_sc_mcu7t5v0__oai211_1'.
Generating RTLIL representation for module `\gf180mcu_fd_sc_mcu7t5v0__oai211_2'.
Generating RTLIL representation for module `\gf180mcu_fd_sc_mcu7t5v0__oai211_4'.
Generating RTLIL representation for module `\gf180mcu_fd_sc_mcu7t5v0__oai211_func'.
Generating RTLIL representation for module `\gf180mcu_fd_sc_mcu7t5v0__oai21_1'.
Generating RTLIL representation for module `\gf180mcu_fd_sc_mcu7t5v0__oai21_2'.
Generating RTLIL representation for module `\gf180mcu_fd_sc_mcu7t5v0__oai21_4'.
Generating RTLIL representation for module `\gf180mcu_fd_sc_mcu7t5v0__oai21_func'.
Generating RTLIL representation for module `\gf180mcu_fd_sc_mcu7t5v0__oai221_1'.
Generating RTLIL representation for module `\gf180mcu_fd_sc_mcu7t5v0__oai221_2'.
Generating RTLIL representation for module `\gf180mcu_fd_sc_mcu7t5v0__oai221_4'.
Generating RTLIL representation for module `\gf180mcu_fd_sc_mcu7t5v0__oai221_func'.
Generating RTLIL representation for module `\gf180mcu_fd_sc_mcu7t5v0__oai222_1'.
Generating RTLIL representation for module `\gf180mcu_fd_sc_mcu7t5v0__oai222_2'.
Generating RTLIL representation for module `\gf180mcu_fd_sc_mcu7t5v0__oai222_4'.
Generating RTLIL representation for module `\gf180mcu_fd_sc_mcu7t5v0__oai222_func'.
Generating RTLIL representation for module `\gf180mcu_fd_sc_mcu7t5v0__oai22_1'.
Generating RTLIL representation for module `\gf180mcu_fd_sc_mcu7t5v0__oai22_2'.
Generating RTLIL representation for module `\gf180mcu_fd_sc_mcu7t5v0__oai22_4'.
Generating RTLIL representation for module `\gf180mcu_fd_sc_mcu7t5v0__oai22_func'.
Generating RTLIL representation for module `\gf180mcu_fd_sc_mcu7t5v0__oai31_1'.
Generating RTLIL representation for module `\gf180mcu_fd_sc_mcu7t5v0__oai31_2'.
Generating RTLIL representation for module `\gf180mcu_fd_sc_mcu7t5v0__oai31_4'.
Generating RTLIL representation for module `\gf180mcu_fd_sc_mcu7t5v0__oai31_func'.
Generating RTLIL representation for module `\gf180mcu_fd_sc_mcu7t5v0__oai32_1'.
Generating RTLIL representation for module `\gf180mcu_fd_sc_mcu7t5v0__oai32_2'.
Generating RTLIL representation for module `\gf180mcu_fd_sc_mcu7t5v0__oai32_4'.
Generating RTLIL representation for module `\gf180mcu_fd_sc_mcu7t5v0__oai32_func'.
Generating RTLIL representation for module `\gf180mcu_fd_sc_mcu7t5v0__oai33_1'.
Generating RTLIL representation for module `\gf180mcu_fd_sc_mcu7t5v0__oai33_2'.
Generating RTLIL representation for module `\gf180mcu_fd_sc_mcu7t5v0__oai33_4'.
Generating RTLIL representation for module `\gf180mcu_fd_sc_mcu7t5v0__oai33_func'.
Generating RTLIL representation for module `\gf180mcu_fd_sc_mcu7t5v0__or2_1'.
Generating RTLIL representation for module `\gf180mcu_fd_sc_mcu7t5v0__or2_2'.
Generating RTLIL representation for module `\gf180mcu_fd_sc_mcu7t5v0__or2_4'.
Generating RTLIL representation for module `\gf180mcu_fd_sc_mcu7t5v0__or2_func'.
Generating RTLIL representation for module `\gf180mcu_fd_sc_mcu7t5v0__or3_1'.
Generating RTLIL representation for module `\gf180mcu_fd_sc_mcu7t5v0__or3_2'.
Generating RTLIL representation for module `\gf180mcu_fd_sc_mcu7t5v0__or3_4'.
Generating RTLIL representation for module `\gf180mcu_fd_sc_mcu7t5v0__or3_func'.
Generating RTLIL representation for module `\gf180mcu_fd_sc_mcu7t5v0__or4_1'.
Generating RTLIL representation for module `\gf180mcu_fd_sc_mcu7t5v0__or4_2'.
Generating RTLIL representation for module `\gf180mcu_fd_sc_mcu7t5v0__or4_4'.
Generating RTLIL representation for module `\gf180mcu_fd_sc_mcu7t5v0__or4_func'.
Generating RTLIL representation for module `\gf180mcu_fd_sc_mcu7t5v0__sdffq_1'.
Generating RTLIL representation for module `\gf180mcu_fd_sc_mcu7t5v0__sdffq_2'.
Generating RTLIL representation for module `\gf180mcu_fd_sc_mcu7t5v0__sdffq_4'.
Generating RTLIL representation for module `\gf180mcu_fd_sc_mcu7t5v0__sdffq_func'.
Generating RTLIL representation for module `\gf180mcu_fd_sc_mcu7t5v0__sdffrnq_1'.
Generating RTLIL representation for module `\gf180mcu_fd_sc_mcu7t5v0__sdffrnq_2'.
Generating RTLIL representation for module `\gf180mcu_fd_sc_mcu7t5v0__sdffrnq_4'.
Generating RTLIL representation for module `\gf180mcu_fd_sc_mcu7t5v0__sdffrnq_func'.
Generating RTLIL representation for module `\gf180mcu_fd_sc_mcu7t5v0__sdffrsnq_1'.
Generating RTLIL representation for module `\gf180mcu_fd_sc_mcu7t5v0__sdffrsnq_2'.
Generating RTLIL representation for module `\gf180mcu_fd_sc_mcu7t5v0__sdffrsnq_4'.
Generating RTLIL representation for module `\gf180mcu_fd_sc_mcu7t5v0__sdffrsnq_func'.
Generating RTLIL representation for module `\gf180mcu_fd_sc_mcu7t5v0__sdffsnq_1'.
Generating RTLIL representation for module `\gf180mcu_fd_sc_mcu7t5v0__sdffsnq_2'.
Generating RTLIL representation for module `\gf180mcu_fd_sc_mcu7t5v0__sdffsnq_4'.
Generating RTLIL representation for module `\gf180mcu_fd_sc_mcu7t5v0__sdffsnq_func'.
Generating RTLIL representation for module `\gf180mcu_fd_sc_mcu7t5v0__tieh'.
Generating RTLIL representation for module `\gf180mcu_fd_sc_mcu7t5v0__tieh_func'.
Generating RTLIL representation for module `\gf180mcu_fd_sc_mcu7t5v0__tiel'.
Generating RTLIL representation for module `\gf180mcu_fd_sc_mcu7t5v0__tiel_func'.
Generating RTLIL representation for module `\gf180mcu_fd_sc_mcu7t5v0__xnor2_1'.
Generating RTLIL representation for module `\gf180mcu_fd_sc_mcu7t5v0__xnor2_2'.
Generating RTLIL representation for module `\gf180mcu_fd_sc_mcu7t5v0__xnor2_4'.
Generating RTLIL representation for module `\gf180mcu_fd_sc_mcu7t5v0__xnor2_func'.
Generating RTLIL representation for module `\gf180mcu_fd_sc_mcu7t5v0__xnor3_1'.
Generating RTLIL representation for module `\gf180mcu_fd_sc_mcu7t5v0__xnor3_2'.
Generating RTLIL representation for module `\gf180mcu_fd_sc_mcu7t5v0__xnor3_4'.
Generating RTLIL representation for module `\gf180mcu_fd_sc_mcu7t5v0__xnor3_func'.
Generating RTLIL representation for module `\gf180mcu_fd_sc_mcu7t5v0__xor2_1'.
Generating RTLIL representation for module `\gf180mcu_fd_sc_mcu7t5v0__xor2_2'.
Generating RTLIL representation for module `\gf180mcu_fd_sc_mcu7t5v0__xor2_4'.
Generating RTLIL representation for module `\gf180mcu_fd_sc_mcu7t5v0__xor2_func'.
Generating RTLIL representation for module `\gf180mcu_fd_sc_mcu7t5v0__xor3_1'.
Generating RTLIL representation for module `\gf180mcu_fd_sc_mcu7t5v0__xor3_2'.
Generating RTLIL representation for module `\gf180mcu_fd_sc_mcu7t5v0__xor3_4'.
Generating RTLIL representation for module `\gf180mcu_fd_sc_mcu7t5v0__xor3_func'.
Successfully finished Verilog frontend.
wtaf

2. Executing Verilog-2005 frontend: /home/windyphony/heichips25-workshop/exercise_4/counter_8bit/counter_8bit.sv
Parsing SystemVerilog input from `/home/windyphony/heichips25-workshop/exercise_4/counter_8bit/counter_8bit.sv' to AST representation.
Storing AST representation for module `$abstract\counter_8bit'.
Successfully finished Verilog frontend.

3. Executing HIERARCHY pass (managing design hierarchy).

4. Executing AST frontend in derive mode using pre-parsed AST for module `\counter_8bit'.
Generating RTLIL representation for module `\counter_8bit'.

4.1. Analyzing design hierarchy..
Top module:  \counter_8bit

4.2. Analyzing design hierarchy..
Top module:  \counter_8bit
Removing unused module `$abstract\counter_8bit'.
Removed 1 unused modules.
Renaming module counter_8bit to counter_8bit.

5. Executing PROC pass (convert processes to netlists).

5.1. Executing PROC_CLEAN pass (remove empty switches from decision trees).
Cleaned up 0 empty switches.

5.2. Executing PROC_RMDEAD pass (remove dead branches from decision trees).
Marked 1 switch rules as full_case in process $proc$/home/windyphony/heichips25-workshop/exercise_4/counter_8bit/counter_8bit.sv:12$1 in module counter_8bit.
Removed a total of 0 dead cases.

5.3. Executing PROC_PRUNE pass (remove redundant assignments in processes).
Removed 0 redundant assignments.
Promoted 0 assignments to connections.

5.4. Executing PROC_INIT pass (extract init attributes).

5.5. Executing PROC_ARST pass (detect async resets in processes).

5.6. Executing PROC_ROM pass (convert switches to ROMs).
Converted 0 switches.

5.7. Executing PROC_MUX pass (convert decision trees to multiplexers).
Creating decoders for process `\counter_8bit.$proc$/home/windyphony/heichips25-workshop/exercise_4/counter_8bit/counter_8bit.sv:12$1'.
     1/2: $0\ovf_o[0:0]
     2/2: $0\count_o[7:0]

5.8. Executing PROC_DLATCH pass (convert process syncs to latches).

5.9. Executing PROC_DFF pass (convert process syncs to FFs).
Creating register for signal `\counter_8bit.\count_o' using process `\counter_8bit.$proc$/home/windyphony/heichips25-workshop/exercise_4/counter_8bit/counter_8bit.sv:12$1'.
  created $dff cell `$procdff$14' with positive edge clock.
Creating register for signal `\counter_8bit.\ovf_o' using process `\counter_8bit.$proc$/home/windyphony/heichips25-workshop/exercise_4/counter_8bit/counter_8bit.sv:12$1'.
  created $dff cell `$procdff$15' with positive edge clock.

5.10. Executing PROC_MEMWR pass (convert process memory writes to cells).

5.11. Executing PROC_CLEAN pass (remove empty switches from decision trees).
Found and cleaned up 2 empty switches in `\counter_8bit.$proc$/home/windyphony/heichips25-workshop/exercise_4/counter_8bit/counter_8bit.sv:12$1'.
Removing empty process `counter_8bit.$proc$/home/windyphony/heichips25-workshop/exercise_4/counter_8bit/counter_8bit.sv:12$1'.
Cleaned up 2 empty switches.

5.12. Executing OPT_EXPR pass (perform const folding).
Optimizing module counter_8bit.

6. Executing FLATTEN pass (flatten design).

7. Executing OPT_CLEAN pass (remove unused cells and wires).
Finding unused cells or wires in module \counter_8bit..
Removed 1 unused cells and 7 unused wires.
