Clock: clk_i
Sources: clk_i 
Generated: no
Virtual: yes
Propagated: no
Period: 25.000000

===========================================================================
report_clock_properties
============================================================================
Clock                   Period          Waveform
----------------------------------------------------
clk_i                25.000000    0.000000 12.500000

===========================================================================
report_clock_latency
============================================================================
Clock clk_i
rise -> rise
    min     max
0.000000 0.000000 source latency
0.546667         network latency _75_/CLK
        0.548184 network latency _70_/CLK
---------------
0.546667 0.548184 latency
        0.001517 skew

fall -> fall
    min     max
0.000000 0.000000 source latency
0.502309         network latency _75_/CLK
        0.503924 network latency _70_/CLK
---------------
0.502309 0.503924 latency
        0.001615 skew



===========================================================================
report_clock_min_period
============================================================================
clk_i period_min = 3.81 fmax = 262.73
