Starting…
Running 'Verilator.Lint' at 'runs/RUN_2026-05-11_22-31-40/01-verilator-lint'…
Logging subprocess to [repr.filename]'runs/RUN_2026-05-11_22-31-40/01-verilator-lint/verilator-lint.log'[/repr.filename]…
Running 'Checker.LintTimingConstructs' at 'runs/RUN_2026-05-11_22-31-40/02-checker-linttimingconstructs'…
Check for Lint Timing Errors clear.
Running 'Checker.LintErrors' at 'runs/RUN_2026-05-11_22-31-40/03-checker-linterrors'…
Check for Lint errors clear.
Running 'Checker.LintWarnings' at 'runs/RUN_2026-05-11_22-31-40/04-checker-lintwarnings'…
Check for Lint warnings clear.
Running 'Yosys.JsonHeader' at 'runs/RUN_2026-05-11_22-31-40/05-yosys-jsonheader'…
Logging subprocess to [repr.filename]'runs/RUN_2026-05-11_22-31-40/05-yosys-jsonheader/yosys-jsonheader.log'[/repr.filename]…
Running 'Yosys.Synthesis' at 'runs/RUN_2026-05-11_22-31-40/06-yosys-synthesis'…
Logging subprocess to [repr.filename]'runs/RUN_2026-05-11_22-31-40/06-yosys-synthesis/yosys-synthesis.log'[/repr.filename]…
Parsing synthesis checks…
Running 'Checker.YosysUnmappedCells' at 'runs/RUN_2026-05-11_22-31-40/07-checker-yosysunmappedcells'…
Check for Unmapped Yosys instances clear.
Running 'Checker.YosysSynthChecks' at 'runs/RUN_2026-05-11_22-31-40/08-checker-yosyssynthchecks'…
Check for Yosys check errors clear.
Running 'Checker.NetlistAssignStatements' at 'runs/RUN_2026-05-11_22-31-40/09-checker-netlistassignstatements'…
Running 'OpenROAD.CheckSDCFiles' at 'runs/RUN_2026-05-11_22-31-40/10-openroad-checksdcfiles'…
'PNR_SDC_FILE' is not defined. Using generic fallback SDC for OpenROAD PnR steps.
'SIGNOFF_SDC_FILE' is not defined. Using generic fallback SDC for OpenROAD PnR steps.
Running 'OpenROAD.CheckMacroInstances' at 'runs/RUN_2026-05-11_22-31-40/11-openroad-checkmacroinstances'…
No macros found, skipping instance check…
Running 'OpenROAD.STAPrePNR' at 'runs/RUN_2026-05-11_22-31-40/12-openroad-staprepnr'…
Starting STA for the nom_tt_025C_5v00 timing corner…
Starting STA for the nom_ss_125C_4v50 timing corner…
Logging subprocess to [repr.filename]'runs/RUN_2026-05-11_22-31-40/12-openroad-staprepnr/nom_tt_025C_5v00/sta.log'[/repr.filename]…
Starting STA for the nom_ff_n40C_5v50 timing corner…
Skipping corner min_tt_025C_5v00 for STA (identical to nom_tt_025C_5v00 at this stage)…
Logging subprocess to [repr.filename]'runs/RUN_2026-05-11_22-31-40/12-openroad-staprepnr/nom_ss_125C_4v50/sta.log'[/repr.filename]…
Skipping corner min_ss_125C_4v50 for STA (identical to nom_ss_125C_4v50 at this stage)…
Skipping corner min_ff_n40C_5v50 for STA (identical to nom_ff_n40C_5v50 at this stage)…
Skipping corner max_tt_025C_5v00 for STA (identical to nom_tt_025C_5v00 at this stage)…
Logging subprocess to [repr.filename]'runs/RUN_2026-05-11_22-31-40/12-openroad-staprepnr/nom_ff_n40C_5v50/sta.log'[/repr.filename]…
Skipping corner max_ss_125C_4v50 for STA (identical to nom_ss_125C_4v50 at this stage)…
Skipping corner max_ff_n40C_5v50 for STA (identical to nom_ff_n40C_5v50 at this stage)…
Finished STA for the nom_tt_025C_5v00 timing corner.
Finished STA for the nom_ss_125C_4v50 timing corner.
Finished STA for the nom_ff_n40C_5v50 timing corner.
Running 'OpenROAD.Floorplan' at 'runs/RUN_2026-05-11_22-31-40/13-openroad-floorplan'…
Logging subprocess to [repr.filename]'runs/RUN_2026-05-11_22-31-40/13-openroad-floorplan/openroad-floorplan.log'[/repr.filename]…
Running 'OpenROAD.DumpRCValues' at 'runs/RUN_2026-05-11_22-31-40/14-openroad-dumprcvalues'…
Logging subprocess to [repr.filename]'runs/RUN_2026-05-11_22-31-40/14-openroad-dumprcvalues/openroad-dumprcvalues.log'[/repr.filename]…
Running 'Odb.CheckMacroAntennaProperties' at 'runs/RUN_2026-05-11_22-31-40/15-odb-checkmacroantennaproperties'…
No cells provided, skipping 'Odb.CheckMacroAntennaProperties'…
Running 'Odb.SetPowerConnections' at 'runs/RUN_2026-05-11_22-31-40/16-odb-setpowerconnections'…
Logging subprocess to [repr.filename]'runs/RUN_2026-05-11_22-31-40/16-odb-setpowerconnections/odb-setpowerconnections.log'[/repr.filename]…
Running 'Odb.ManualMacroPlacement' at 'runs/RUN_2026-05-11_22-31-40/17-odb-manualmacroplacement'…
No instances found, skipping 'Odb.ManualMacroPlacement'…
Running 'OpenROAD.CutRows' at 'runs/RUN_2026-05-11_22-31-40/18-openroad-cutrows'…
Logging subprocess to [repr.filename]'runs/RUN_2026-05-11_22-31-40/18-openroad-cutrows/openroad-cutrows.log'[/repr.filename]…
Running 'OpenROAD.TapEndcapInsertion' at 'runs/RUN_2026-05-11_22-31-40/19-openroad-tapendcapinsertion'…
Logging subprocess to [repr.filename]'runs/RUN_2026-05-11_22-31-40/19-openroad-tapendcapinsertion/openroad-tapendcapinsertion.log'[/repr.filename]…
Running 'Odb.AddPDNObstructions' at 'runs/RUN_2026-05-11_22-31-40/20-odb-addpdnobstructions'…
'PDN_OBSTRUCTIONS' is not defined. Skipping 'Odb.AddPDNObstructions'…
Running 'OpenROAD.GeneratePDN' at 'runs/RUN_2026-05-11_22-31-40/21-openroad-generatepdn'…
'PDN_CFG' not explicitly set, setting it to /home/windyphony/unic-cass/envs/librelane/lib/python3.12/site-packages/librelane/scripts/openroad/common/pdn_cfg.tcl…
Logging subprocess to [repr.filename]'runs/RUN_2026-05-11_22-31-40/21-openroad-generatepdn/openroad-generatepdn.log'[/repr.filename]…
[PDN-0239] Ring shape falls outside the die bounds.
Running 'Odb.RemovePDNObstructions' at 'runs/RUN_2026-05-11_22-31-40/22-odb-removepdnobstructions'…
'PDN_OBSTRUCTIONS' is not defined. Skipping 'Odb.RemovePDNObstructions'…
Running 'Odb.AddRoutingObstructions' at 'runs/RUN_2026-05-11_22-31-40/23-odb-addroutingobstructions'…
'ROUTING_OBSTRUCTIONS' is not defined. Skipping 'Odb.AddRoutingObstructions'…
Running 'OpenROAD.GlobalPlacementSkipIO' at 'runs/RUN_2026-05-11_22-31-40/24-openroad-globalplacementskipio'…
Logging subprocess to [repr.filename]'runs/RUN_2026-05-11_22-31-40/24-openroad-globalplacementskipio/openroad-globalplacementskipio.log'[/repr.filename]…
Running 'OpenROAD.IOPlacement' at 'runs/RUN_2026-05-11_22-31-40/25-openroad-ioplacement'…
Logging subprocess to [repr.filename]'runs/RUN_2026-05-11_22-31-40/25-openroad-ioplacement/openroad-ioplacement.log'[/repr.filename]…
Running 'Odb.CustomIOPlacement' at 'runs/RUN_2026-05-11_22-31-40/26-odb-customioplacement'…
No custom I/O placement file configured, skipping 'Odb.CustomIOPlacement'…
Running 'Odb.ApplyDEFTemplate' at 'runs/RUN_2026-05-11_22-31-40/27-odb-applydeftemplate'…
No DEF template provided, skipping 'Odb.ApplyDEFTemplate'…
Running 'OpenROAD.GlobalPlacement' at 'runs/RUN_2026-05-11_22-31-40/28-openroad-globalplacement'…
Logging subprocess to [repr.filename]'runs/RUN_2026-05-11_22-31-40/28-openroad-globalplacement/openroad-globalplacement.log'[/repr.filename]…
Running 'Odb.WriteVerilogHeader' at 'runs/RUN_2026-05-11_22-31-40/29-odb-writeverilogheader'…
Logging subprocess to [repr.filename]'runs/RUN_2026-05-11_22-31-40/29-odb-writeverilogheader/odb-writeverilogheader.log'[/repr.filename]…
Running 'Checker.PowerGridViolations' at 'runs/RUN_2026-05-11_22-31-40/30-checker-powergridviolations'…
Check for power grid violations (as reported by OpenROAD PSM- you may ignore these if LVS passes) clear.
Running 'OpenROAD.STAMidPNR' at 'runs/RUN_2026-05-11_22-31-40/31-openroad-stamidpnr'…
Logging subprocess to [repr.filename]'runs/RUN_2026-05-11_22-31-40/31-openroad-stamidpnr/openroad-stamidpnr.log'[/repr.filename]…
Running 'OpenROAD.RepairDesignPostGPL' at 'runs/RUN_2026-05-11_22-31-40/32-openroad-repairdesignpostgpl'…
Logging subprocess to [repr.filename]'runs/RUN_2026-05-11_22-31-40/32-openroad-repairdesignpostgpl/openroad-repairdesignpostgpl.log'[/repr.filename]…
[STA-1140] /home/windyphony/.ciel/ciel/gf180mcu/versions/54435919abffb937387ec956209f9cf5fd2dfbee/gf180mcuD/libs.ref/gf180mcu_fd_sc_mcu7t5v0/lib/gf180mcu_fd_sc_mcu7t5v0__ff_n40C_5v50.lib line 17, library gf180mcu_fd_sc_mcu7t5v0__ff_n40C_5v50 already exists.
[STA-1140] /home/windyphony/.ciel/ciel/gf180mcu/versions/54435919abffb937387ec956209f9cf5fd2dfbee/gf180mcuD/libs.ref/gf180mcu_fd_sc_mcu7t5v0/lib/gf180mcu_fd_sc_mcu7t5v0__tt_025C_5v00.lib line 17, library gf180mcu_fd_sc_mcu7t5v0__tt_025C_5v00 already exists.
[STA-1140] /home/windyphony/.ciel/ciel/gf180mcu/versions/54435919abffb937387ec956209f9cf5fd2dfbee/gf180mcuD/libs.ref/gf180mcu_fd_sc_mcu7t5v0/lib/gf180mcu_fd_sc_mcu7t5v0__ff_n40C_5v50.lib line 17, library gf180mcu_fd_sc_mcu7t5v0__ff_n40C_5v50 already exists.
[STA-1140] /home/windyphony/.ciel/ciel/gf180mcu/versions/54435919abffb937387ec956209f9cf5fd2dfbee/gf180mcuD/libs.ref/gf180mcu_fd_sc_mcu7t5v0/lib/gf180mcu_fd_sc_mcu7t5v0__tt_025C_5v00.lib line 17, library gf180mcu_fd_sc_mcu7t5v0__tt_025C_5v00 already exists.
[STA-1140] /home/windyphony/.ciel/ciel/gf180mcu/versions/54435919abffb937387ec956209f9cf5fd2dfbee/gf180mcuD/libs.ref/gf180mcu_fd_sc_mcu7t5v0/lib/gf180mcu_fd_sc_mcu7t5v0__ss_125C_4v50.lib line 17, library gf180mcu_fd_sc_mcu7t5v0__ss_125C_4v50 already exists.
[STA-1140] /home/windyphony/.ciel/ciel/gf180mcu/versions/54435919abffb937387ec956209f9cf5fd2dfbee/gf180mcuD/libs.ref/gf180mcu_fd_sc_mcu7t5v0/lib/gf180mcu_fd_sc_mcu7t5v0__ss_125C_4v50.lib line 17, library gf180mcu_fd_sc_mcu7t5v0__ss_125C_4v50 already exists.
[RSZ-0020] found 2 floating nets.
Running 'Odb.ManualGlobalPlacement' at 'runs/RUN_2026-05-11_22-31-40/33-odb-manualglobalplacement'…
'MANUAL_GLOBAL_PLACEMENTS' not set. Skipping 'Odb.ManualGlobalPlacement'…
Running 'OpenROAD.DetailedPlacement' at 'runs/RUN_2026-05-11_22-31-40/34-openroad-detailedplacement'…
Logging subprocess to [repr.filename]'runs/RUN_2026-05-11_22-31-40/34-openroad-detailedplacement/openroad-detailedplacement.log'[/repr.filename]…
Running 'OpenROAD.CTS' at 'runs/RUN_2026-05-11_22-31-40/35-openroad-cts'…
Logging subprocess to [repr.filename]'runs/RUN_2026-05-11_22-31-40/35-openroad-cts/openroad-cts.log'[/repr.filename]…
[STA-1140] /home/windyphony/.ciel/ciel/gf180mcu/versions/54435919abffb937387ec956209f9cf5fd2dfbee/gf180mcuD/libs.ref/gf180mcu_fd_sc_mcu7t5v0/lib/gf180mcu_fd_sc_mcu7t5v0__ff_n40C_5v50.lib line 17, library gf180mcu_fd_sc_mcu7t5v0__ff_n40C_5v50 already exists.
[STA-1140] /home/windyphony/.ciel/ciel/gf180mcu/versions/54435919abffb937387ec956209f9cf5fd2dfbee/gf180mcuD/libs.ref/gf180mcu_fd_sc_mcu7t5v0/lib/gf180mcu_fd_sc_mcu7t5v0__tt_025C_5v00.lib line 17, library gf180mcu_fd_sc_mcu7t5v0__tt_025C_5v00 already exists.
[STA-1140] /home/windyphony/.ciel/ciel/gf180mcu/versions/54435919abffb937387ec956209f9cf5fd2dfbee/gf180mcuD/libs.ref/gf180mcu_fd_sc_mcu7t5v0/lib/gf180mcu_fd_sc_mcu7t5v0__ff_n40C_5v50.lib line 17, library gf180mcu_fd_sc_mcu7t5v0__ff_n40C_5v50 already exists.
[STA-1140] /home/windyphony/.ciel/ciel/gf180mcu/versions/54435919abffb937387ec956209f9cf5fd2dfbee/gf180mcuD/libs.ref/gf180mcu_fd_sc_mcu7t5v0/lib/gf180mcu_fd_sc_mcu7t5v0__tt_025C_5v00.lib line 17, library gf180mcu_fd_sc_mcu7t5v0__tt_025C_5v00 already exists.
[STA-1140] /home/windyphony/.ciel/ciel/gf180mcu/versions/54435919abffb937387ec956209f9cf5fd2dfbee/gf180mcuD/libs.ref/gf180mcu_fd_sc_mcu7t5v0/lib/gf180mcu_fd_sc_mcu7t5v0__ss_125C_4v50.lib line 17, library gf180mcu_fd_sc_mcu7t5v0__ss_125C_4v50 already exists.
[STA-1140] /home/windyphony/.ciel/ciel/gf180mcu/versions/54435919abffb937387ec956209f9cf5fd2dfbee/gf180mcuD/libs.ref/gf180mcu_fd_sc_mcu7t5v0/lib/gf180mcu_fd_sc_mcu7t5v0__ss_125C_4v50.lib line 17, library gf180mcu_fd_sc_mcu7t5v0__ss_125C_4v50 already exists.
Running 'OpenROAD.STAMidPNR-1' at 'runs/RUN_2026-05-11_22-31-40/36-openroad-stamidpnr-1'…
Logging subprocess to [repr.filename]'runs/RUN_2026-05-11_22-31-40/36-openroad-stamidpnr-1/openroad-stamidpnr-1.log'[/repr.filename]…
Running 'OpenROAD.ResizerTimingPostCTS' at 'runs/RUN_2026-05-11_22-31-40/37-openroad-resizertimingpostcts'…
Logging subprocess to [repr.filename]'runs/RUN_2026-05-11_22-31-40/37-openroad-resizertimingpostcts/openroad-resizertimingpostcts.log'[/repr.filename]…
[STA-1140] /home/windyphony/.ciel/ciel/gf180mcu/versions/54435919abffb937387ec956209f9cf5fd2dfbee/gf180mcuD/libs.ref/gf180mcu_fd_sc_mcu7t5v0/lib/gf180mcu_fd_sc_mcu7t5v0__ff_n40C_5v50.lib line 17, library gf180mcu_fd_sc_mcu7t5v0__ff_n40C_5v50 already exists.
[STA-1140] /home/windyphony/.ciel/ciel/gf180mcu/versions/54435919abffb937387ec956209f9cf5fd2dfbee/gf180mcuD/libs.ref/gf180mcu_fd_sc_mcu7t5v0/lib/gf180mcu_fd_sc_mcu7t5v0__tt_025C_5v00.lib line 17, library gf180mcu_fd_sc_mcu7t5v0__tt_025C_5v00 already exists.
[STA-1140] /home/windyphony/.ciel/ciel/gf180mcu/versions/54435919abffb937387ec956209f9cf5fd2dfbee/gf180mcuD/libs.ref/gf180mcu_fd_sc_mcu7t5v0/lib/gf180mcu_fd_sc_mcu7t5v0__ff_n40C_5v50.lib line 17, library gf180mcu_fd_sc_mcu7t5v0__ff_n40C_5v50 already exists.
[STA-1140] /home/windyphony/.ciel/ciel/gf180mcu/versions/54435919abffb937387ec956209f9cf5fd2dfbee/gf180mcuD/libs.ref/gf180mcu_fd_sc_mcu7t5v0/lib/gf180mcu_fd_sc_mcu7t5v0__tt_025C_5v00.lib line 17, library gf180mcu_fd_sc_mcu7t5v0__tt_025C_5v00 already exists.
[STA-1140] /home/windyphony/.ciel/ciel/gf180mcu/versions/54435919abffb937387ec956209f9cf5fd2dfbee/gf180mcuD/libs.ref/gf180mcu_fd_sc_mcu7t5v0/lib/gf180mcu_fd_sc_mcu7t5v0__ss_125C_4v50.lib line 17, library gf180mcu_fd_sc_mcu7t5v0__ss_125C_4v50 already exists.
[STA-1140] /home/windyphony/.ciel/ciel/gf180mcu/versions/54435919abffb937387ec956209f9cf5fd2dfbee/gf180mcuD/libs.ref/gf180mcu_fd_sc_mcu7t5v0/lib/gf180mcu_fd_sc_mcu7t5v0__ss_125C_4v50.lib line 17, library gf180mcu_fd_sc_mcu7t5v0__ss_125C_4v50 already exists.
Running 'OpenROAD.STAMidPNR-2' at 'runs/RUN_2026-05-11_22-31-40/38-openroad-stamidpnr-2'…
Logging subprocess to [repr.filename]'runs/RUN_2026-05-11_22-31-40/38-openroad-stamidpnr-2/openroad-stamidpnr-2.log'[/repr.filename]…
Running 'OpenROAD.GlobalRouting' at 'runs/RUN_2026-05-11_22-31-40/39-openroad-globalrouting'…
Logging subprocess to [repr.filename]'runs/RUN_2026-05-11_22-31-40/39-openroad-globalrouting/openroad-globalrouting.log'[/repr.filename]…
[GRT-0041] Net VDD has wires/vias outside die area.
[GRT-0041] Net VDD has wires/vias outside die area.
[GRT-0041] Net VDD has wires/vias outside die area.
[GRT-0041] Net VDD has wires/vias outside die area.
[GRT-0041] Net VDD has wires/vias outside die area.
[GRT-0041] Net VDD has wires/vias outside die area.
[GRT-0041] Net VDD has wires/vias outside die area.
[GRT-0041] Net VDD has wires/vias outside die area.
[GRT-0041] Net VDD has wires/vias outside die area.
[GRT-0041] Net VDD has wires/vias outside die area.
[GRT-0041] Net VDD has wires/vias outside die area.
[GRT-0041] Net VDD has wires/vias outside die area.
[GRT-0041] Net VDD has wires/vias outside die area.
[GRT-0041] Net VDD has wires/vias outside die area.
[GRT-0041] Net VDD has wires/vias outside die area.
[GRT-0041] Net VDD has wires/vias outside die area.
[GRT-0041] Net VDD has wires/vias outside die area.
[GRT-0041] Net VDD has wires/vias outside die area.
[GRT-0041] Net VDD has wires/vias outside die area.
[GRT-0041] Net VDD has wires/vias outside die area.
[GRT-0041] Net VDD has wires/vias outside die area.
[GRT-0041] Net VDD has wires/vias outside die area.
[GRT-0041] Net VSS has wires/vias outside die area.
[GRT-0041] Net VSS has wires/vias outside die area.
[GRT-0041] Net VSS has wires/vias outside die area.
[GRT-0041] Net VSS has wires/vias outside die area.
[GRT-0041] Net VSS has wires/vias outside die area.
[GRT-0041] Net VSS has wires/vias outside die area.
[GRT-0041] Net VSS has wires/vias outside die area.
[GRT-0041] Net VSS has wires/vias outside die area.
[GRT-0041] Net VSS has wires/vias outside die area.
[GRT-0041] Net VSS has wires/vias outside die area.
[GRT-0041] Net VSS has wires/vias outside die area.
[GRT-0041] Net VSS has wires/vias outside die area.
[GRT-0041] Net VSS has wires/vias outside die area.
[GRT-0041] Net VSS has wires/vias outside die area.
[GRT-0041] Net VSS has wires/vias outside die area.
[GRT-0041] Net VSS has wires/vias outside die area.
[GRT-0041] Net VSS has wires/vias outside die area.
[GRT-0041] Net VSS has wires/vias outside die area.
[GRT-0041] Net VSS has wires/vias outside die area.
[GRT-0041] Net VSS has wires/vias outside die area.
[GRT-0041] Net VSS has wires/vias outside die area.
[GRT-0041] Net VSS has wires/vias outside die area.
Running 'OpenROAD.CheckAntennas' at 'runs/RUN_2026-05-11_22-31-40/40-openroad-checkantennas'…
Logging subprocess to [repr.filename]'runs/RUN_2026-05-11_22-31-40/40-openroad-checkantennas/openroad-checkantennas.log'[/repr.filename]…
Gating variable for step 'OpenROAD.RepairDesignPostGRT' set to 'False'- the step will be skipped.
Skipping step 'Repair Design (Post-Global Routing)'…
Running 'Odb.DiodesOnPorts' at 'runs/RUN_2026-05-11_22-31-40/41-odb-diodesonports'…
'DIODE_ON_PORTS' is set to 'none': skipping 'Odb.DiodesOnPorts'…
Gating variable for step 'Odb.HeuristicDiodeInsertion' set to 'False'- the step will be skipped.
Skipping step 'Heuristic Diode Insertion'…
Running 'OpenROAD.RepairAntennas' at 'runs/RUN_2026-05-11_22-31-40/42-openroad-repairantennas'…
Running 'OpenROAD.DiodeInsertion' at 'runs/RUN_2026-05-11_22-31-40/42-openroad-repairantennas/1-openroad-diodeinsertion'…
Logging subprocess to [repr.filename]'runs/RUN_2026-05-11_22-31-40/42-openroad-repairantennas/1-openroad-diodeinsertion/openroad-diodeinsertion.log'[/repr.filename]…
Running 'OpenROAD.CheckAntennas' at 'runs/RUN_2026-05-11_22-31-40/42-openroad-repairantennas/2-openroad-checkantennas'…
Logging subprocess to [repr.filename]'runs/RUN_2026-05-11_22-31-40/42-openroad-repairantennas/2-openroad-checkantennas/openroad-checkantennas.log'[/repr.filename]…
Gating variable for step 'OpenROAD.ResizerTimingPostGRT' set to 'False'- the step will be skipped.
Skipping step 'Resizer Timing Optimizations (Post-Global Routing)'…
Running 'OpenROAD.STAMidPNR-3' at 'runs/RUN_2026-05-11_22-31-40/43-openroad-stamidpnr-3'…
Logging subprocess to [repr.filename]'runs/RUN_2026-05-11_22-31-40/43-openroad-stamidpnr-3/openroad-stamidpnr-3.log'[/repr.filename]…
Running 'OpenROAD.DetailedRouting' at 'runs/RUN_2026-05-11_22-31-40/44-openroad-detailedrouting'…
Running TritonRoute with 16 threads…
Logging subprocess to [repr.filename]'runs/RUN_2026-05-11_22-31-40/44-openroad-detailedrouting/openroad-detailedrouting.log'[/repr.filename]…
[DRT-0349] LEF58_ENCLOSURE with no CUTCLASS is not supported. Skipping for layer Via1
[DRT-0349] LEF58_ENCLOSURE with no CUTCLASS is not supported. Skipping for layer Via1
[DRT-0349] LEF58_ENCLOSURE with no CUTCLASS is not supported. Skipping for layer Via2
[DRT-0349] LEF58_ENCLOSURE with no CUTCLASS is not supported. Skipping for layer Via2
[DRT-0349] LEF58_ENCLOSURE with no CUTCLASS is not supported. Skipping for layer Via3
[DRT-0349] LEF58_ENCLOSURE with no CUTCLASS is not supported. Skipping for layer Via3
[DRT-0349] LEF58_ENCLOSURE with no CUTCLASS is not supported. Skipping for layer Via4
[DRT-0349] LEF58_ENCLOSURE with no CUTCLASS is not supported. Skipping for layer Via4
Running 'Odb.RemoveRoutingObstructions' at 'runs/RUN_2026-05-11_22-31-40/45-odb-removeroutingobstructions'…
'ROUTING_OBSTRUCTIONS' is not defined. Skipping 'Odb.RemoveRoutingObstructions'…
Running 'OpenROAD.CheckAntennas-1' at 'runs/RUN_2026-05-11_22-31-40/46-openroad-checkantennas-1'…
Logging subprocess to [repr.filename]'runs/RUN_2026-05-11_22-31-40/46-openroad-checkantennas-1/openroad-checkantennas-1.log'[/repr.filename]…
Running 'Checker.TrDRC' at 'runs/RUN_2026-05-11_22-31-40/47-checker-trdrc'…
Check for Routing DRC errors clear.
Running 'Odb.ReportDisconnectedPins' at 'runs/RUN_2026-05-11_22-31-40/48-odb-reportdisconnectedpins'…
Logging subprocess to [repr.filename]'runs/RUN_2026-05-11_22-31-40/48-odb-reportdisconnectedpins/odb-reportdisconnectedpins.log'[/repr.filename]…
Running 'Checker.DisconnectedPins' at 'runs/RUN_2026-05-11_22-31-40/49-checker-disconnectedpins'…
Check for critical disconnected pins clear.
Running 'Odb.ReportWireLength' at 'runs/RUN_2026-05-11_22-31-40/50-odb-reportwirelength'…
Logging subprocess to [repr.filename]'runs/RUN_2026-05-11_22-31-40/50-odb-reportwirelength/odb-reportwirelength.log'[/repr.filename]…
Running 'Checker.WireLength' at 'runs/RUN_2026-05-11_22-31-40/51-checker-wirelength'…
Threshold for Threshold-surpassing long wires is not set. The checker will be skipped.
Running 'OpenROAD.FillInsertion' at 'runs/RUN_2026-05-11_22-31-40/52-openroad-fillinsertion'…
Logging subprocess to [repr.filename]'runs/RUN_2026-05-11_22-31-40/52-openroad-fillinsertion/openroad-fillinsertion.log'[/repr.filename]…
Running 'Odb.CellFrequencyTables' at 'runs/RUN_2026-05-11_22-31-40/53-odb-cellfrequencytables'…
Logging subprocess to [repr.filename]'runs/RUN_2026-05-11_22-31-40/53-odb-cellfrequencytables/buffer_list.txt'[/repr.filename]…
Logging subprocess to [repr.filename]'runs/RUN_2026-05-11_22-31-40/53-odb-cellfrequencytables/odb-cellfrequencytables.log'[/repr.filename]…
Running 'OpenROAD.RCX' at 'runs/RUN_2026-05-11_22-31-40/54-openroad-rcx'…
Running RCX for corners matching nom_* (/home/windyphony/heichips25-workshop/exercise_4/counter_8bit/runs/RUN_2026-05-11_22-31-40/54-openroad-rcx/nom/rcx.log)…
Running RCX for corners matching min_* (/home/windyphony/heichips25-workshop/exercise_4/counter_8bit/runs/RUN_2026-05-11_22-31-40/54-openroad-rcx/min/rcx.log)…
Running RCX for corners matching max_* (/home/windyphony/heichips25-workshop/exercise_4/counter_8bit/runs/RUN_2026-05-11_22-31-40/54-openroad-rcx/max/rcx.log)…
Logging subprocess to [repr.filename]'runs/RUN_2026-05-11_22-31-40/54-openroad-rcx/nom/rcx.log'[/repr.filename]…
Logging subprocess to [repr.filename]'runs/RUN_2026-05-11_22-31-40/54-openroad-rcx/min/rcx.log'[/repr.filename]…
Logging subprocess to [repr.filename]'runs/RUN_2026-05-11_22-31-40/54-openroad-rcx/max/rcx.log'[/repr.filename]…
Finished RCX for corners matching min_*.
Finished RCX for corners matching nom_*.
Finished RCX for corners matching max_*.
Running 'OpenROAD.STAPostPNR' at 'runs/RUN_2026-05-11_22-31-40/55-openroad-stapostpnr'…
Starting STA for the nom_tt_025C_5v00 timing corner…
Starting STA for the nom_ss_125C_4v50 timing corner…
Logging subprocess to [repr.filename]'runs/RUN_2026-05-11_22-31-40/55-openroad-stapostpnr/nom_ss_125C_4v50/sta.log'[/repr.filename]…
Starting STA for the nom_ff_n40C_5v50 timing corner…
Logging subprocess to [repr.filename]'runs/RUN_2026-05-11_22-31-40/55-openroad-stapostpnr/nom_tt_025C_5v00/sta.log'[/repr.filename]…
Starting STA for the min_tt_025C_5v00 timing corner…
Logging subprocess to [repr.filename]'runs/RUN_2026-05-11_22-31-40/55-openroad-stapostpnr/nom_ff_n40C_5v50/sta.log'[/repr.filename]…
Starting STA for the min_ss_125C_4v50 timing corner…
Starting STA for the min_ff_n40C_5v50 timing corner…
Starting STA for the max_tt_025C_5v00 timing corner…
Starting STA for the max_ss_125C_4v50 timing corner…
Logging subprocess to [repr.filename]'runs/RUN_2026-05-11_22-31-40/55-openroad-stapostpnr/min_tt_025C_5v00/sta.log'[/repr.filename]…
Starting STA for the max_ff_n40C_5v50 timing corner…
Logging subprocess to [repr.filename]'runs/RUN_2026-05-11_22-31-40/55-openroad-stapostpnr/min_ff_n40C_5v50/sta.log'[/repr.filename]…
Logging subprocess to [repr.filename]'runs/RUN_2026-05-11_22-31-40/55-openroad-stapostpnr/min_ss_125C_4v50/sta.log'[/repr.filename]…
Logging subprocess to [repr.filename]'runs/RUN_2026-05-11_22-31-40/55-openroad-stapostpnr/max_ss_125C_4v50/sta.log'[/repr.filename]…
Logging subprocess to [repr.filename]'runs/RUN_2026-05-11_22-31-40/55-openroad-stapostpnr/max_tt_025C_5v00/sta.log'[/repr.filename]…
Logging subprocess to [repr.filename]'runs/RUN_2026-05-11_22-31-40/55-openroad-stapostpnr/max_ff_n40C_5v50/sta.log'[/repr.filename]…
Finished STA for the nom_ss_125C_4v50 timing corner.
Logging subprocess to [repr.filename]'runs/RUN_2026-05-11_22-31-40/55-openroad-stapostpnr/nom_ss_125C_4v50/filter_unannotated.log'[/repr.filename]…
Finished STA for the min_tt_025C_5v00 timing corner.
Logging subprocess to [repr.filename]'runs/RUN_2026-05-11_22-31-40/55-openroad-stapostpnr/min_tt_025C_5v00/filter_unannotated.log'[/repr.filename]…
Finished STA for the nom_ff_n40C_5v50 timing corner.
Logging subprocess to [repr.filename]'runs/RUN_2026-05-11_22-31-40/55-openroad-stapostpnr/nom_ff_n40C_5v50/filter_unannotated.log'[/repr.filename]…
Finished STA for the min_ff_n40C_5v50 timing corner.
Logging subprocess to [repr.filename]'runs/RUN_2026-05-11_22-31-40/55-openroad-stapostpnr/min_ff_n40C_5v50/filter_unannotated.log'[/repr.filename]…
Finished STA for the max_ss_125C_4v50 timing corner.
Logging subprocess to [repr.filename]'runs/RUN_2026-05-11_22-31-40/55-openroad-stapostpnr/max_ss_125C_4v50/filter_unannotated.log'[/repr.filename]…
Finished STA for the max_tt_025C_5v00 timing corner.
Finished STA for the min_ss_125C_4v50 timing corner.
Logging subprocess to [repr.filename]'runs/RUN_2026-05-11_22-31-40/55-openroad-stapostpnr/max_tt_025C_5v00/filter_unannotated.log'[/repr.filename]…
Logging subprocess to [repr.filename]'runs/RUN_2026-05-11_22-31-40/55-openroad-stapostpnr/min_ss_125C_4v50/filter_unannotated.log'[/repr.filename]…
Finished STA for the nom_tt_025C_5v00 timing corner.
Logging subprocess to [repr.filename]'runs/RUN_2026-05-11_22-31-40/55-openroad-stapostpnr/nom_tt_025C_5v00/filter_unannotated.log'[/repr.filename]…
Finished STA for the max_ff_n40C_5v50 timing corner.
Logging subprocess to [repr.filename]'runs/RUN_2026-05-11_22-31-40/55-openroad-stapostpnr/max_ff_n40C_5v50/filter_unannotated.log'[/repr.filename]…
Running 'OpenROAD.IRDropReport' at 'runs/RUN_2026-05-11_22-31-40/56-openroad-irdropreport'…
'VSRC_LOC_FILES' was not given a value, which may make the results of IR drop analysis inaccurate. If you are not integrating a top-level chip for manufacture, you may ignore this warning, otherwise, see the documentation for 'VSRC_LOC_FILES'.
Logging subprocess to [repr.filename]'runs/RUN_2026-05-11_22-31-40/56-openroad-irdropreport/openroad-irdropreport.log'[/repr.filename]…
+ analyze_power_grid -net VDD -voltage_file /home/windyphony/heichips25-workshop/exercise_4/counter_8bit/runs/RUN_2026-05-11_22-31-40/56-openroad-irdropreport/net-VDD.csv
[INFO PSM-0040] All shapes on net VDD are connected.
########## IR report #################
Net              : VDD
Corner           : nom_tt_025C_5v00
Total power      : 7.43e-04 W
Supply voltage   : 5.00e+00 V
Worstcase voltage: 5.00e+00 V
Average voltage  : 5.00e+00 V
Average IR drop  : 7.93e-05 V
Worstcase IR drop: 2.10e-04 V
Percentage drop  : 0.00 %
######################################
+ analyze_power_grid -net VSS -voltage_file /home/windyphony/heichips25-workshop/exercise_4/counter_8bit/runs/RUN_2026-05-11_22-31-40/56-openroad-irdropreport/net-VSS.csv
[INFO PSM-0040] All shapes on net VSS are connected.
########## IR report #################
Net              : VSS
Corner           : nom_tt_025C_5v00
Total power      : 7.43e-04 W
Supply voltage   : 0.00e+00 V
Worstcase voltage: 2.44e-04 V
Average voltage  : 8.11e-05 V
Average IR drop  : 8.11e-05 V
Worstcase IR drop: 2.44e-04 V
Percentage drop  : 0.00 %
######################################

Running 'Magic.StreamOut' at 'runs/RUN_2026-05-11_22-31-40/57-magic-streamout'…
Logging subprocess to [repr.filename]'runs/RUN_2026-05-11_22-31-40/57-magic-streamout/magic-streamout.log'[/repr.filename]…
Running 'KLayout.StreamOut' at 'runs/RUN_2026-05-11_22-31-40/58-klayout-streamout'…
Logging subprocess to [repr.filename]'runs/RUN_2026-05-11_22-31-40/58-klayout-streamout/klayout-streamout.log'[/repr.filename]…
Running 'KLayout.Render' at 'runs/RUN_2026-05-11_22-31-40/59-klayout-render'…
Logging subprocess to [repr.filename]'runs/RUN_2026-05-11_22-31-40/59-klayout-render/klayout-render.log'[/repr.filename]…
Running 'Magic.WriteLEF' at 'runs/RUN_2026-05-11_22-31-40/60-magic-writelef'…
Logging subprocess to [repr.filename]'runs/RUN_2026-05-11_22-31-40/60-magic-writelef/magic-writelef.log'[/repr.filename]…
Running 'Odb.CheckDesignAntennaProperties' at 'runs/RUN_2026-05-11_22-31-40/61-odb-checkdesignantennaproperties'…
Logging subprocess to [repr.filename]'runs/RUN_2026-05-11_22-31-40/61-odb-checkdesignantennaproperties/odb-checkdesignantennaproperties.log'[/repr.filename]…
Running 'KLayout.XOR' at 'runs/RUN_2026-05-11_22-31-40/62-klayout-xor'…
Running XOR with 16 threads…
Logging subprocess to [repr.filename]'runs/RUN_2026-05-11_22-31-40/62-klayout-xor/klayout-xor.log'[/repr.filename]…
Running 'Checker.XOR' at 'runs/RUN_2026-05-11_22-31-40/63-checker-xor'…
Check for XOR differences clear.
Running 'Magic.DRC' at 'runs/RUN_2026-05-11_22-31-40/64-magic-drc'…
Logging subprocess to [repr.filename]'runs/RUN_2026-05-11_22-31-40/64-magic-drc/magic-drc.log'[/repr.filename]…
Running 'KLayout.DRC' at 'runs/RUN_2026-05-11_22-31-40/65-klayout-drc'…
KLAYOUT_DRC_RUNSET is unset. KLayout.DRC may not be supported for the gf180mcuD PDK. This step will be skipped.
Running 'Checker.MagicDRC' at 'runs/RUN_2026-05-11_22-31-40/66-checker-magicdrc'…
Check for Magic DRC errors clear.
Running 'Checker.KLayoutDRC' at 'runs/RUN_2026-05-11_22-31-40/67-checker-klayoutdrc'…
The KLayout DRC errors metric was not found. Are you sure the relevant step was run?
Running 'Magic.SpiceExtraction' at 'runs/RUN_2026-05-11_22-31-40/68-magic-spiceextraction'…
Logging subprocess to [repr.filename]'runs/RUN_2026-05-11_22-31-40/68-magic-spiceextraction/magic-spiceextraction.log'[/repr.filename]…
Running 'Checker.IllegalOverlap' at 'runs/RUN_2026-05-11_22-31-40/69-checker-illegaloverlap'…
Check for Magic Illegal Overlap errors clear.
Running 'Netgen.LVS' at 'runs/RUN_2026-05-11_22-31-40/70-netgen-lvs'…
Logging subprocess to [repr.filename]'runs/RUN_2026-05-11_22-31-40/70-netgen-lvs/netgen-lvs.log'[/repr.filename]…
Running 'Checker.LVS' at 'runs/RUN_2026-05-11_22-31-40/71-checker-lvs'…
Check for LVS errors clear.
Gating variable for step 'Yosys.EQY' set to 'False'- the step will be skipped.
Skipping step 'Equivalence Check'…
Running 'Checker.SetupViolations' at 'runs/RUN_2026-05-11_22-31-40/72-checker-setupviolations'…
No setup violations found
Running 'Checker.HoldViolations' at 'runs/RUN_2026-05-11_22-31-40/73-checker-holdviolations'…
No hold violations found
Running 'Checker.MaxSlewViolations' at 'runs/RUN_2026-05-11_22-31-40/74-checker-maxslewviolations'…
No max slew violations found
Running 'Checker.MaxCapViolations' at 'runs/RUN_2026-05-11_22-31-40/75-checker-maxcapviolations'…
No max cap violations found
Running 'Misc.ReportManufacturability' at 'runs/RUN_2026-05-11_22-31-40/76-misc-reportmanufacturability'…
klayout__drc_error__count not reported. KLayout.DRC may have been skipped.
Saving views to '/home/windyphony/heichips25-workshop/exercise_4/counter_8bit/runs/RUN_2026-05-11_22-31-40/final'…
Flow complete.
