Reading timing models for corner nom_tt_025C_5v00…
Reading timing library for the 'nom_tt_025C_5v00' corner at '/home/windyphony/.ciel/ciel/gf180mcu/versions/54435919abffb937387ec956209f9cf5fd2dfbee/gf180mcuD/libs.ref/gf180mcu_fd_sc_mcu7t5v0/lib/gf180mcu_fd_sc_mcu7t5v0__tt_025C_5v00.lib'…
Reading OpenROAD database at '/home/windyphony/heichips25-workshop/exercise_4/counter_8bit/runs/RUN_2026-05-11_21-45-40/19-openroad-tapendcapinsertion/counter_8bit.odb'…
Reading design constraints file at '/home/windyphony/unic-cass/envs/librelane/lib/python3.12/site-packages/librelane/scripts/base.sdc'…
[INFO] Using clock clk_i…
[INFO] Setting output delay to: 5
[INFO] Setting input delay to: 5
[INFO] Setting load to: 0.07291
[INFO] Setting clock uncertainty to: 0.25
[INFO] Setting clock transition to: 0.1499999999999999944488848768742172978818416595458984375
[INFO] Setting timing derate to: 5%
[INFO] Setting global connections...
[INFO ODB-0403] 0 connections made, 0 conflicts skipped.
+ pdngen 
[INFO PDN-0001] Inserting grid: stdcell_grid
Setting global connections for newly added cells…
[INFO] Setting global connections...
[INFO ODB-0403] 0 connections made, 0 conflicts skipped.
Updating metrics…
Cell type report:                       Count       Area
  Endcap cell                              46     201.96
  Tap cell                                 50     219.52
  Inverter                                  7      61.47
  Sequential cell                           9     572.95
  Multi-Input combinational cell           27     480.75
  Total                                   139    1536.64
Writing OpenROAD database to '/home/windyphony/heichips25-workshop/exercise_4/counter_8bit/runs/RUN_2026-05-11_21-45-40/21-openroad-generatepdn/counter_8bit.odb'…
Writing netlist to '/home/windyphony/heichips25-workshop/exercise_4/counter_8bit/runs/RUN_2026-05-11_21-45-40/21-openroad-generatepdn/counter_8bit.nl.v'…
Writing powered netlist to '/home/windyphony/heichips25-workshop/exercise_4/counter_8bit/runs/RUN_2026-05-11_21-45-40/21-openroad-generatepdn/counter_8bit.pnl.v'…
Writing layout to '/home/windyphony/heichips25-workshop/exercise_4/counter_8bit/runs/RUN_2026-05-11_21-45-40/21-openroad-generatepdn/counter_8bit.def'…
Writing timing constraints to '/home/windyphony/heichips25-workshop/exercise_4/counter_8bit/runs/RUN_2026-05-11_21-45-40/21-openroad-generatepdn/counter_8bit.sdc'…
[INFO PSM-0040] All shapes on net VDD are connected.
[INFO PSM-0040] All shapes on net VSS are connected.
