
===========================================================================
report_checks -unconstrained
===========================================================================
======================= max_tt_025C_5v00 Corner ===================================

Startpoint: en_i (input port clocked by clk_i)
Endpoint: _75_ (rising edge-triggered flip-flop clocked by clk_i)
Path Group: clk_i
Path Type: max

Fanout         Cap        Slew       Delay        Time   Description
---------------------------------------------------------------------------------------------
                                  0.000000    0.000000   clock clk_i (rise edge)
                                  0.000000    0.000000   clock network delay (propagated)
                                  5.000000    5.000000 ^ input external delay
     1    0.004104    0.115378    0.040802    5.040802 ^ en_i (in)
                                                         en_i (net)
                      0.115378    0.000000    5.040802 ^ input1/I (gf180mcu_fd_sc_mcu7t5v0__dlyb_1)
     6    0.032829    0.584170    1.139802    6.180604 ^ input1/Z (gf180mcu_fd_sc_mcu7t5v0__dlyb_1)
                                                         net1 (net)
                      0.584170    0.000521    6.181125 ^ _49_/A1 (gf180mcu_fd_sc_mcu7t5v0__nand4_1)
     8    0.050059    1.357432    0.881305    7.062429 v _49_/ZN (gf180mcu_fd_sc_mcu7t5v0__nand4_1)
                                                         _22_ (net)
                      1.357432    0.000864    7.063294 v _64_/A3 (gf180mcu_fd_sc_mcu7t5v0__or4_1)
     2    0.009894    0.346740    1.156231    8.219524 v _64_/Z (gf180mcu_fd_sc_mcu7t5v0__or4_1)
                                                         _32_ (net)
                      0.346740    0.000129    8.219654 v _65_/A3 (gf180mcu_fd_sc_mcu7t5v0__and3_1)
     1    0.003120    0.129356    0.390751    8.610404 v _65_/Z (gf180mcu_fd_sc_mcu7t5v0__and3_1)
                                                         _07_ (net)
                      0.129356    0.000032    8.610436 v _75_/D (gf180mcu_fd_sc_mcu7t5v0__dffq_1)
                                              8.610436   data arrival time

                                 25.000000   25.000000   clock clk_i (rise edge)
                                  0.000000   25.000000   clock source latency
     1    0.028120    0.147904    0.070266   25.070265 ^ clk_i (in)
                                                         clk_i (net)
                      0.147906    0.000000   25.070265 ^ clkbuf_0_clk_i/I (gf180mcu_fd_sc_mcu7t5v0__clkbuf_16)
     2    0.047733    0.113156    0.252685   25.322950 ^ clkbuf_0_clk_i/Z (gf180mcu_fd_sc_mcu7t5v0__clkbuf_16)
                                                         clknet_0_clk_i (net)
                      0.113156    0.000284   25.323235 ^ clkbuf_1_1__f_clk_i/I (gf180mcu_fd_sc_mcu7t5v0__clkbuf_16)
     5    0.022311    0.090554    0.227814   25.551048 ^ clkbuf_1_1__f_clk_i/Z (gf180mcu_fd_sc_mcu7t5v0__clkbuf_16)
                                                         clknet_1_1__leaf_clk_i (net)
                      0.090554    0.000121   25.551168 ^ _75_/CLK (gf180mcu_fd_sc_mcu7t5v0__dffq_1)
                                 -0.250000   25.301170   clock uncertainty
                                  0.000000   25.301170   clock reconvergence pessimism
                                 -0.238273   25.062897   library setup time
                                             25.062897   data required time
---------------------------------------------------------------------------------------------
                                             25.062897   data required time
                                             -8.610436   data arrival time
---------------------------------------------------------------------------------------------
                                             16.452461   slack (MET)




===========================================================================
report_checks --slack_max -0.01
============================================================================
======================= max_tt_025C_5v00 Corner ===================================

No paths found.


===========================================================================
 report_check_types -max_slew -max_cap -max_fanout -violators
============================================================================
======================= max_tt_025C_5v00 Corner ===================================



===========================================================================
report_parasitic_annotation -report_unannotated
============================================================================
Found 1 unannotated drivers.
 clkload0/Z
Found 0 partially unannotated drivers.

===========================================================================
max slew violation count 0
max fanout violation count 0
max cap violation count 0
============================================================================

===========================================================================
check_setup -verbose -unconstrained_endpoints -multiple_clock -no_clock -no_input_delay -loops -generated_clocks
===========================================================================
