Clock: clk_i
Sources: clk_i 
Generated: no
Virtual: yes
Propagated: no
Period: 25.000000

===========================================================================
report_clock_properties
============================================================================
Clock                   Period          Waveform
----------------------------------------------------
clk_i                25.000000    0.000000 12.500000

===========================================================================
report_clock_latency
============================================================================
Clock clk_i
rise -> rise
    min     max
0.000000 0.000000 source latency
0.551170         network latency _75_/CLK
        0.553043 network latency _70_/CLK
---------------
0.551170 0.553043 latency
        0.001873 skew

fall -> fall
    min     max
0.000000 0.000000 source latency
0.505852         network latency _75_/CLK
        0.507846 network latency _70_/CLK
---------------
0.505852 0.507846 latency
        0.001994 skew



===========================================================================
report_clock_min_period
============================================================================
clk_i period_min = 3.91 fmax = 255.92
