
===========================================================================
report_checks -path_delay max (Setup)
============================================================================
======================= max_tt_025C_5v00 Corner ===================================

Startpoint: en_i (input port clocked by clk_i)
Endpoint: _75_ (rising edge-triggered flip-flop clocked by clk_i)
Path Group: clk_i
Path Type: max

Fanout         Cap        Slew       Delay        Time   Description
---------------------------------------------------------------------------------------------
                                  0.000000    0.000000   clock clk_i (rise edge)
                                  0.000000    0.000000   clock network delay (propagated)
                                  5.000000    5.000000 ^ input external delay
     1    0.004104    0.115378    0.040802    5.040802 ^ en_i (in)
                                                         en_i (net)
                      0.115378    0.000000    5.040802 ^ input1/I (gf180mcu_fd_sc_mcu7t5v0__dlyb_1)
     6    0.032829    0.584170    1.139802    6.180604 ^ input1/Z (gf180mcu_fd_sc_mcu7t5v0__dlyb_1)
                                                         net1 (net)
                      0.584170    0.000521    6.181125 ^ _49_/A1 (gf180mcu_fd_sc_mcu7t5v0__nand4_1)
     8    0.050059    1.357432    0.881305    7.062429 v _49_/ZN (gf180mcu_fd_sc_mcu7t5v0__nand4_1)
                                                         _22_ (net)
                      1.357432    0.000864    7.063294 v _64_/A3 (gf180mcu_fd_sc_mcu7t5v0__or4_1)
     2    0.009894    0.346740    1.156231    8.219524 v _64_/Z (gf180mcu_fd_sc_mcu7t5v0__or4_1)
                                                         _32_ (net)
                      0.346740    0.000129    8.219654 v _65_/A3 (gf180mcu_fd_sc_mcu7t5v0__and3_1)
     1    0.003120    0.129356    0.390751    8.610404 v _65_/Z (gf180mcu_fd_sc_mcu7t5v0__and3_1)
                                                         _07_ (net)
                      0.129356    0.000032    8.610436 v _75_/D (gf180mcu_fd_sc_mcu7t5v0__dffq_1)
                                              8.610436   data arrival time

                                 25.000000   25.000000   clock clk_i (rise edge)
                                  0.000000   25.000000   clock source latency
     1    0.028120    0.147904    0.070266   25.070265 ^ clk_i (in)
                                                         clk_i (net)
                      0.147906    0.000000   25.070265 ^ clkbuf_0_clk_i/I (gf180mcu_fd_sc_mcu7t5v0__clkbuf_16)
     2    0.047733    0.113156    0.252685   25.322950 ^ clkbuf_0_clk_i/Z (gf180mcu_fd_sc_mcu7t5v0__clkbuf_16)
                                                         clknet_0_clk_i (net)
                      0.113156    0.000284   25.323235 ^ clkbuf_1_1__f_clk_i/I (gf180mcu_fd_sc_mcu7t5v0__clkbuf_16)
     5    0.022311    0.090554    0.227814   25.551048 ^ clkbuf_1_1__f_clk_i/Z (gf180mcu_fd_sc_mcu7t5v0__clkbuf_16)
                                                         clknet_1_1__leaf_clk_i (net)
                      0.090554    0.000121   25.551168 ^ _75_/CLK (gf180mcu_fd_sc_mcu7t5v0__dffq_1)
                                 -0.250000   25.301170   clock uncertainty
                                  0.000000   25.301170   clock reconvergence pessimism
                                 -0.238273   25.062897   library setup time
                                             25.062897   data required time
---------------------------------------------------------------------------------------------
                                             25.062897   data required time
                                             -8.610436   data arrival time
---------------------------------------------------------------------------------------------
                                             16.452461   slack (MET)


Startpoint: _68_ (rising edge-triggered flip-flop clocked by clk_i)
Endpoint: count_o[0] (output port clocked by clk_i)
Path Group: clk_i
Path Type: max

Fanout         Cap        Slew       Delay        Time   Description
---------------------------------------------------------------------------------------------
                                  0.000000    0.000000   clock clk_i (rise edge)
                                  0.000000    0.000000   clock source latency
     1    0.028120    0.147904    0.070265    0.070265 ^ clk_i (in)
                                                         clk_i (net)
                      0.147906    0.000000    0.070265 ^ clkbuf_0_clk_i/I (gf180mcu_fd_sc_mcu7t5v0__clkbuf_16)
     2    0.047733    0.113156    0.252685    0.322951 ^ clkbuf_0_clk_i/Z (gf180mcu_fd_sc_mcu7t5v0__clkbuf_16)
                                                         clknet_0_clk_i (net)
                      0.113156    0.000284    0.323235 ^ clkbuf_1_1__f_clk_i/I (gf180mcu_fd_sc_mcu7t5v0__clkbuf_16)
     5    0.022311    0.090554    0.227814    0.551049 ^ clkbuf_1_1__f_clk_i/Z (gf180mcu_fd_sc_mcu7t5v0__clkbuf_16)
                                                         clknet_1_1__leaf_clk_i (net)
                      0.090554    0.000364    0.551413 ^ _68_/CLK (gf180mcu_fd_sc_mcu7t5v0__dffq_1)
     7    0.036475    0.631633    1.019192    1.570604 ^ _68_/Q (gf180mcu_fd_sc_mcu7t5v0__dffq_1)
                                                         net3 (net)
                      0.631633    0.000482    1.571087 ^ output3/I (gf180mcu_fd_sc_mcu7t5v0__dlyb_1)
     1    0.074751    1.248056    1.560838    3.131924 ^ output3/Z (gf180mcu_fd_sc_mcu7t5v0__dlyb_1)
                                                         count_o[0] (net)
                      1.248056    0.001160    3.133085 ^ count_o[0] (out)
                                              3.133085   data arrival time

                                 25.000000   25.000000   clock clk_i (rise edge)
                                  0.000000   25.000000   clock network delay (propagated)
                                 -0.250000   24.750000   clock uncertainty
                                  0.000000   24.750000   clock reconvergence pessimism
                                 -5.000000   19.750000   output external delay
                                             19.750000   data required time
---------------------------------------------------------------------------------------------
                                             19.750000   data required time
                                             -3.133085   data arrival time
---------------------------------------------------------------------------------------------
                                             16.616915   slack (MET)


Startpoint: en_i (input port clocked by clk_i)
Endpoint: _76_ (rising edge-triggered flip-flop clocked by clk_i)
Path Group: clk_i
Path Type: max

Fanout         Cap        Slew       Delay        Time   Description
---------------------------------------------------------------------------------------------
                                  0.000000    0.000000   clock clk_i (rise edge)
                                  0.000000    0.000000   clock network delay (propagated)
                                  5.000000    5.000000 ^ input external delay
     1    0.004104    0.115378    0.040802    5.040802 ^ en_i (in)
                                                         en_i (net)
                      0.115378    0.000000    5.040802 ^ input1/I (gf180mcu_fd_sc_mcu7t5v0__dlyb_1)
     6    0.032829    0.584170    1.139802    6.180604 ^ input1/Z (gf180mcu_fd_sc_mcu7t5v0__dlyb_1)
                                                         net1 (net)
                      0.584170    0.000521    6.181125 ^ _49_/A1 (gf180mcu_fd_sc_mcu7t5v0__nand4_1)
     8    0.050059    1.357432    0.881305    7.062429 v _49_/ZN (gf180mcu_fd_sc_mcu7t5v0__nand4_1)
                                                         _22_ (net)
                      1.357432    0.000864    7.063294 v _64_/A3 (gf180mcu_fd_sc_mcu7t5v0__or4_1)
     2    0.009894    0.346740    1.156231    8.219524 v _64_/Z (gf180mcu_fd_sc_mcu7t5v0__or4_1)
                                                         _32_ (net)
                      0.346740    0.000091    8.219616 v _67_/A2 (gf180mcu_fd_sc_mcu7t5v0__oai21_1)
     1    0.002783    0.271370    0.219590    8.439206 ^ _67_/ZN (gf180mcu_fd_sc_mcu7t5v0__oai21_1)
                                                         _08_ (net)
                      0.271370    0.000027    8.439233 ^ _76_/D (gf180mcu_fd_sc_mcu7t5v0__dffq_1)
                                              8.439233   data arrival time

                                 25.000000   25.000000   clock clk_i (rise edge)
                                  0.000000   25.000000   clock source latency
     1    0.028120    0.147904    0.070266   25.070265 ^ clk_i (in)
                                                         clk_i (net)
                      0.147906    0.000000   25.070265 ^ clkbuf_0_clk_i/I (gf180mcu_fd_sc_mcu7t5v0__clkbuf_16)
     2    0.047733    0.113156    0.252685   25.322950 ^ clkbuf_0_clk_i/Z (gf180mcu_fd_sc_mcu7t5v0__clkbuf_16)
                                                         clknet_0_clk_i (net)
                      0.113156    0.000284   25.323235 ^ clkbuf_1_1__f_clk_i/I (gf180mcu_fd_sc_mcu7t5v0__clkbuf_16)
     5    0.022311    0.090554    0.227814   25.551048 ^ clkbuf_1_1__f_clk_i/Z (gf180mcu_fd_sc_mcu7t5v0__clkbuf_16)
                                                         clknet_1_1__leaf_clk_i (net)
                      0.090554    0.000384   25.551432 ^ _76_/CLK (gf180mcu_fd_sc_mcu7t5v0__dffq_1)
                                 -0.250000   25.301434   clock uncertainty
                                  0.000000   25.301434   clock reconvergence pessimism
                                 -0.238082   25.063351   library setup time
                                             25.063351   data required time
---------------------------------------------------------------------------------------------
                                             25.063351   data required time
                                             -8.439233   data arrival time
---------------------------------------------------------------------------------------------
                                             16.624117   slack (MET)


Startpoint: _72_ (rising edge-triggered flip-flop clocked by clk_i)
Endpoint: count_o[4] (output port clocked by clk_i)
Path Group: clk_i
Path Type: max

Fanout         Cap        Slew       Delay        Time   Description
---------------------------------------------------------------------------------------------
                                  0.000000    0.000000   clock clk_i (rise edge)
                                  0.000000    0.000000   clock source latency
     1    0.028120    0.147904    0.070265    0.070265 ^ clk_i (in)
                                                         clk_i (net)
                      0.147906    0.000000    0.070265 ^ clkbuf_0_clk_i/I (gf180mcu_fd_sc_mcu7t5v0__clkbuf_16)
     2    0.047733    0.113156    0.252685    0.322951 ^ clkbuf_0_clk_i/Z (gf180mcu_fd_sc_mcu7t5v0__clkbuf_16)
                                                         clknet_0_clk_i (net)
                      0.113156    0.000349    0.323300 ^ clkbuf_1_0__f_clk_i/I (gf180mcu_fd_sc_mcu7t5v0__clkbuf_16)
     5    0.024074    0.092162    0.229313    0.552612 ^ clkbuf_1_0__f_clk_i/Z (gf180mcu_fd_sc_mcu7t5v0__clkbuf_16)
                                                         clknet_1_0__leaf_clk_i (net)
                      0.092162    0.000252    0.552864 ^ _72_/CLK (gf180mcu_fd_sc_mcu7t5v0__dffq_1)
     5    0.028123    0.499937    0.943020    1.495884 ^ _72_/Q (gf180mcu_fd_sc_mcu7t5v0__dffq_1)
                                                         net7 (net)
                      0.499937    0.000154    1.496038 ^ output7/I (gf180mcu_fd_sc_mcu7t5v0__dlyb_1)
     1    0.073986    1.236361    1.550603    3.046641 ^ output7/Z (gf180mcu_fd_sc_mcu7t5v0__dlyb_1)
                                                         count_o[4] (net)
                      1.236361    0.000617    3.047258 ^ count_o[4] (out)
                                              3.047258   data arrival time

                                 25.000000   25.000000   clock clk_i (rise edge)
                                  0.000000   25.000000   clock network delay (propagated)
                                 -0.250000   24.750000   clock uncertainty
                                  0.000000   24.750000   clock reconvergence pessimism
                                 -5.000000   19.750000   output external delay
                                             19.750000   data required time
---------------------------------------------------------------------------------------------
                                             19.750000   data required time
                                             -3.047258   data arrival time
---------------------------------------------------------------------------------------------
                                             16.702742   slack (MET)


Startpoint: _73_ (rising edge-triggered flip-flop clocked by clk_i)
Endpoint: count_o[5] (output port clocked by clk_i)
Path Group: clk_i
Path Type: max

Fanout         Cap        Slew       Delay        Time   Description
---------------------------------------------------------------------------------------------
                                  0.000000    0.000000   clock clk_i (rise edge)
                                  0.000000    0.000000   clock source latency
     1    0.028120    0.147904    0.070265    0.070265 ^ clk_i (in)
                                                         clk_i (net)
                      0.147906    0.000000    0.070265 ^ clkbuf_0_clk_i/I (gf180mcu_fd_sc_mcu7t5v0__clkbuf_16)
     2    0.047733    0.113156    0.252685    0.322951 ^ clkbuf_0_clk_i/Z (gf180mcu_fd_sc_mcu7t5v0__clkbuf_16)
                                                         clknet_0_clk_i (net)
                      0.113156    0.000349    0.323300 ^ clkbuf_1_0__f_clk_i/I (gf180mcu_fd_sc_mcu7t5v0__clkbuf_16)
     5    0.024074    0.092162    0.229313    0.552612 ^ clkbuf_1_0__f_clk_i/Z (gf180mcu_fd_sc_mcu7t5v0__clkbuf_16)
                                                         clknet_1_0__leaf_clk_i (net)
                      0.092162    0.000044    0.552656 ^ _73_/CLK (gf180mcu_fd_sc_mcu7t5v0__dffq_1)
     4    0.024520    0.443256    0.910192    1.462848 ^ _73_/Q (gf180mcu_fd_sc_mcu7t5v0__dffq_1)
                                                         net8 (net)
                      0.443256    0.000187    1.463035 ^ output8/I (gf180mcu_fd_sc_mcu7t5v0__dlyb_1)
     1    0.073614    1.230606    1.545334    3.008369 ^ output8/Z (gf180mcu_fd_sc_mcu7t5v0__dlyb_1)
                                                         count_o[5] (net)
                      1.230606    0.000524    3.008893 ^ count_o[5] (out)
                                              3.008893   data arrival time

                                 25.000000   25.000000   clock clk_i (rise edge)
                                  0.000000   25.000000   clock network delay (propagated)
                                 -0.250000   24.750000   clock uncertainty
                                  0.000000   24.750000   clock reconvergence pessimism
                                 -5.000000   19.750000   output external delay
                                             19.750000   data required time
---------------------------------------------------------------------------------------------
                                             19.750000   data required time
                                             -3.008893   data arrival time
---------------------------------------------------------------------------------------------
                                             16.741106   slack (MET)


Startpoint: _69_ (rising edge-triggered flip-flop clocked by clk_i)
Endpoint: count_o[1] (output port clocked by clk_i)
Path Group: clk_i
Path Type: max

Fanout         Cap        Slew       Delay        Time   Description
---------------------------------------------------------------------------------------------
                                  0.000000    0.000000   clock clk_i (rise edge)
                                  0.000000    0.000000   clock source latency
     1    0.028120    0.147904    0.070265    0.070265 ^ clk_i (in)
                                                         clk_i (net)
                      0.147906    0.000000    0.070265 ^ clkbuf_0_clk_i/I (gf180mcu_fd_sc_mcu7t5v0__clkbuf_16)
     2    0.047733    0.113156    0.252685    0.322951 ^ clkbuf_0_clk_i/Z (gf180mcu_fd_sc_mcu7t5v0__clkbuf_16)
                                                         clknet_0_clk_i (net)
                      0.113156    0.000284    0.323235 ^ clkbuf_1_1__f_clk_i/I (gf180mcu_fd_sc_mcu7t5v0__clkbuf_16)
     5    0.022311    0.090554    0.227814    0.551049 ^ clkbuf_1_1__f_clk_i/Z (gf180mcu_fd_sc_mcu7t5v0__clkbuf_16)
                                                         clknet_1_1__leaf_clk_i (net)
                      0.090555    0.000480    0.551529 ^ _69_/CLK (gf180mcu_fd_sc_mcu7t5v0__dffq_1)
     5    0.022678    0.414224    0.892959    1.444488 ^ _69_/Q (gf180mcu_fd_sc_mcu7t5v0__dffq_1)
                                                         net4 (net)
                      0.414224    0.000274    1.444762 ^ output4/I (gf180mcu_fd_sc_mcu7t5v0__dlyb_1)
     1    0.074269    1.241044    1.550063    2.994825 ^ output4/Z (gf180mcu_fd_sc_mcu7t5v0__dlyb_1)
                                                         count_o[1] (net)
                      1.241044    0.000999    2.995824 ^ count_o[1] (out)
                                              2.995824   data arrival time

                                 25.000000   25.000000   clock clk_i (rise edge)
                                  0.000000   25.000000   clock network delay (propagated)
                                 -0.250000   24.750000   clock uncertainty
                                  0.000000   24.750000   clock reconvergence pessimism
                                 -5.000000   19.750000   output external delay
                                             19.750000   data required time
---------------------------------------------------------------------------------------------
                                             19.750000   data required time
                                             -2.995824   data arrival time
---------------------------------------------------------------------------------------------
                                             16.754175   slack (MET)


Startpoint: _71_ (rising edge-triggered flip-flop clocked by clk_i)
Endpoint: count_o[3] (output port clocked by clk_i)
Path Group: clk_i
Path Type: max

Fanout         Cap        Slew       Delay        Time   Description
---------------------------------------------------------------------------------------------
                                  0.000000    0.000000   clock clk_i (rise edge)
                                  0.000000    0.000000   clock source latency
     1    0.028120    0.147904    0.070265    0.070265 ^ clk_i (in)
                                                         clk_i (net)
                      0.147906    0.000000    0.070265 ^ clkbuf_0_clk_i/I (gf180mcu_fd_sc_mcu7t5v0__clkbuf_16)
     2    0.047733    0.113156    0.252685    0.322951 ^ clkbuf_0_clk_i/Z (gf180mcu_fd_sc_mcu7t5v0__clkbuf_16)
                                                         clknet_0_clk_i (net)
                      0.113156    0.000349    0.323300 ^ clkbuf_1_0__f_clk_i/I (gf180mcu_fd_sc_mcu7t5v0__clkbuf_16)
     5    0.024074    0.092162    0.229313    0.552612 ^ clkbuf_1_0__f_clk_i/Z (gf180mcu_fd_sc_mcu7t5v0__clkbuf_16)
                                                         clknet_1_0__leaf_clk_i (net)
                      0.092162    0.000407    0.553020 ^ _71_/CLK (gf180mcu_fd_sc_mcu7t5v0__dffq_1)
     4    0.021923    0.402388    0.886432    1.439452 ^ _71_/Q (gf180mcu_fd_sc_mcu7t5v0__dffq_1)
                                                         net6 (net)
                      0.402388    0.000304    1.439756 ^ output6/I (gf180mcu_fd_sc_mcu7t5v0__dlyb_1)
     1    0.073892    1.235074    1.546270    2.986026 ^ output6/Z (gf180mcu_fd_sc_mcu7t5v0__dlyb_1)
                                                         count_o[3] (net)
                      1.235074    0.000873    2.986898 ^ count_o[3] (out)
                                              2.986898   data arrival time

                                 25.000000   25.000000   clock clk_i (rise edge)
                                  0.000000   25.000000   clock network delay (propagated)
                                 -0.250000   24.750000   clock uncertainty
                                  0.000000   24.750000   clock reconvergence pessimism
                                 -5.000000   19.750000   output external delay
                                             19.750000   data required time
---------------------------------------------------------------------------------------------
                                             19.750000   data required time
                                             -2.986898   data arrival time
---------------------------------------------------------------------------------------------
                                             16.763102   slack (MET)


Startpoint: _70_ (rising edge-triggered flip-flop clocked by clk_i)
Endpoint: count_o[2] (output port clocked by clk_i)
Path Group: clk_i
Path Type: max

Fanout         Cap        Slew       Delay        Time   Description
---------------------------------------------------------------------------------------------
                                  0.000000    0.000000   clock clk_i (rise edge)
                                  0.000000    0.000000   clock source latency
     1    0.028120    0.147904    0.070265    0.070265 ^ clk_i (in)
                                                         clk_i (net)
                      0.147906    0.000000    0.070265 ^ clkbuf_0_clk_i/I (gf180mcu_fd_sc_mcu7t5v0__clkbuf_16)
     2    0.047733    0.113156    0.252685    0.322951 ^ clkbuf_0_clk_i/Z (gf180mcu_fd_sc_mcu7t5v0__clkbuf_16)
                                                         clknet_0_clk_i (net)
                      0.113156    0.000349    0.323300 ^ clkbuf_1_0__f_clk_i/I (gf180mcu_fd_sc_mcu7t5v0__clkbuf_16)
     5    0.024074    0.092162    0.229313    0.552612 ^ clkbuf_1_0__f_clk_i/Z (gf180mcu_fd_sc_mcu7t5v0__clkbuf_16)
                                                         clknet_1_0__leaf_clk_i (net)
                      0.092162    0.000431    0.553043 ^ _70_/CLK (gf180mcu_fd_sc_mcu7t5v0__dffq_1)
     4    0.016105    0.313197    0.833363    1.386407 ^ _70_/Q (gf180mcu_fd_sc_mcu7t5v0__dffq_1)
                                                         net5 (net)
                      0.313197    0.000182    1.386589 ^ output5/I (gf180mcu_fd_sc_mcu7t5v0__dlyb_1)
     1    0.073582    1.230243    1.539295    2.925884 ^ output5/Z (gf180mcu_fd_sc_mcu7t5v0__dlyb_1)
                                                         count_o[2] (net)
                      1.230243    0.000838    2.926722 ^ count_o[2] (out)
                                              2.926722   data arrival time

                                 25.000000   25.000000   clock clk_i (rise edge)
                                  0.000000   25.000000   clock network delay (propagated)
                                 -0.250000   24.750000   clock uncertainty
                                  0.000000   24.750000   clock reconvergence pessimism
                                 -5.000000   19.750000   output external delay
                                             19.750000   data required time
---------------------------------------------------------------------------------------------
                                             19.750000   data required time
                                             -2.926722   data arrival time
---------------------------------------------------------------------------------------------
                                             16.823277   slack (MET)


Startpoint: _74_ (rising edge-triggered flip-flop clocked by clk_i)
Endpoint: count_o[6] (output port clocked by clk_i)
Path Group: clk_i
Path Type: max

Fanout         Cap        Slew       Delay        Time   Description
---------------------------------------------------------------------------------------------
                                  0.000000    0.000000   clock clk_i (rise edge)
                                  0.000000    0.000000   clock source latency
     1    0.028120    0.147904    0.070265    0.070265 ^ clk_i (in)
                                                         clk_i (net)
                      0.147906    0.000000    0.070265 ^ clkbuf_0_clk_i/I (gf180mcu_fd_sc_mcu7t5v0__clkbuf_16)
     2    0.047733    0.113156    0.252685    0.322951 ^ clkbuf_0_clk_i/Z (gf180mcu_fd_sc_mcu7t5v0__clkbuf_16)
                                                         clknet_0_clk_i (net)
                      0.113156    0.000349    0.323300 ^ clkbuf_1_0__f_clk_i/I (gf180mcu_fd_sc_mcu7t5v0__clkbuf_16)
     5    0.024074    0.092162    0.229313    0.552612 ^ clkbuf_1_0__f_clk_i/Z (gf180mcu_fd_sc_mcu7t5v0__clkbuf_16)
                                                         clknet_1_0__leaf_clk_i (net)
                      0.092162    0.000092    0.552704 ^ _74_/CLK (gf180mcu_fd_sc_mcu7t5v0__dffq_1)
     3    0.013891    0.279797    0.813147    1.365851 ^ _74_/Q (gf180mcu_fd_sc_mcu7t5v0__dffq_1)
                                                         net9 (net)
                      0.279797    0.000113    1.365964 ^ output9/I (gf180mcu_fd_sc_mcu7t5v0__dlyb_1)
     1    0.073628    1.230745    1.536008    2.901972 ^ output9/Z (gf180mcu_fd_sc_mcu7t5v0__dlyb_1)
                                                         count_o[6] (net)
                      1.230745    0.000854    2.902826 ^ count_o[6] (out)
                                              2.902826   data arrival time

                                 25.000000   25.000000   clock clk_i (rise edge)
                                  0.000000   25.000000   clock network delay (propagated)
                                 -0.250000   24.750000   clock uncertainty
                                  0.000000   24.750000   clock reconvergence pessimism
                                 -5.000000   19.750000   output external delay
                                             19.750000   data required time
---------------------------------------------------------------------------------------------
                                             19.750000   data required time
                                             -2.902826   data arrival time
---------------------------------------------------------------------------------------------
                                             16.847174   slack (MET)


Startpoint: _76_ (rising edge-triggered flip-flop clocked by clk_i)
Endpoint: ovf_o (output port clocked by clk_i)
Path Group: clk_i
Path Type: max

Fanout         Cap        Slew       Delay        Time   Description
---------------------------------------------------------------------------------------------
                                  0.000000    0.000000   clock clk_i (rise edge)
                                  0.000000    0.000000   clock source latency
     1    0.028120    0.147904    0.070265    0.070265 ^ clk_i (in)
                                                         clk_i (net)
                      0.147906    0.000000    0.070265 ^ clkbuf_0_clk_i/I (gf180mcu_fd_sc_mcu7t5v0__clkbuf_16)
     2    0.047733    0.113156    0.252685    0.322951 ^ clkbuf_0_clk_i/Z (gf180mcu_fd_sc_mcu7t5v0__clkbuf_16)
                                                         clknet_0_clk_i (net)
                      0.113156    0.000284    0.323235 ^ clkbuf_1_1__f_clk_i/I (gf180mcu_fd_sc_mcu7t5v0__clkbuf_16)
     5    0.022311    0.090554    0.227814    0.551049 ^ clkbuf_1_1__f_clk_i/Z (gf180mcu_fd_sc_mcu7t5v0__clkbuf_16)
                                                         clknet_1_1__leaf_clk_i (net)
                      0.090554    0.000384    0.551433 ^ _76_/CLK (gf180mcu_fd_sc_mcu7t5v0__dffq_1)
     2    0.009727    0.217222    0.774870    1.326303 ^ _76_/Q (gf180mcu_fd_sc_mcu7t5v0__dffq_1)
                                                         net11 (net)
                      0.217222    0.000079    1.326383 ^ output11/I (gf180mcu_fd_sc_mcu7t5v0__dlyb_1)
     1    0.073610    1.230133    1.529163    2.855546 ^ output11/Z (gf180mcu_fd_sc_mcu7t5v0__dlyb_1)
                                                         ovf_o (net)
                      1.230133    0.000524    2.856070 ^ ovf_o (out)
                                              2.856070   data arrival time

                                 25.000000   25.000000   clock clk_i (rise edge)
                                  0.000000   25.000000   clock network delay (propagated)
                                 -0.250000   24.750000   clock uncertainty
                                  0.000000   24.750000   clock reconvergence pessimism
                                 -5.000000   19.750000   output external delay
                                             19.750000   data required time
---------------------------------------------------------------------------------------------
                                             19.750000   data required time
                                             -2.856070   data arrival time
---------------------------------------------------------------------------------------------
                                             16.893930   slack (MET)


Startpoint: _75_ (rising edge-triggered flip-flop clocked by clk_i)
Endpoint: count_o[7] (output port clocked by clk_i)
Path Group: clk_i
Path Type: max

Fanout         Cap        Slew       Delay        Time   Description
---------------------------------------------------------------------------------------------
                                  0.000000    0.000000   clock clk_i (rise edge)
                                  0.000000    0.000000   clock source latency
     1    0.028120    0.147904    0.070265    0.070265 ^ clk_i (in)
                                                         clk_i (net)
                      0.147906    0.000000    0.070265 ^ clkbuf_0_clk_i/I (gf180mcu_fd_sc_mcu7t5v0__clkbuf_16)
     2    0.047733    0.113156    0.252685    0.322951 ^ clkbuf_0_clk_i/Z (gf180mcu_fd_sc_mcu7t5v0__clkbuf_16)
                                                         clknet_0_clk_i (net)
                      0.113156    0.000284    0.323235 ^ clkbuf_1_1__f_clk_i/I (gf180mcu_fd_sc_mcu7t5v0__clkbuf_16)
     5    0.022311    0.090554    0.227814    0.551049 ^ clkbuf_1_1__f_clk_i/Z (gf180mcu_fd_sc_mcu7t5v0__clkbuf_16)
                                                         clknet_1_1__leaf_clk_i (net)
                      0.090554    0.000122    0.551170 ^ _75_/CLK (gf180mcu_fd_sc_mcu7t5v0__dffq_1)
     2    0.009094    0.207697    0.769078    1.320249 ^ _75_/Q (gf180mcu_fd_sc_mcu7t5v0__dffq_1)
                                                         net10 (net)
                      0.207697    0.000103    1.320352 ^ output10/I (gf180mcu_fd_sc_mcu7t5v0__dlyb_1)
     1    0.073833    1.233504    1.529865    2.850217 ^ output10/Z (gf180mcu_fd_sc_mcu7t5v0__dlyb_1)
                                                         count_o[7] (net)
                      1.233504    0.000916    2.851133 ^ count_o[7] (out)
                                              2.851133   data arrival time

                                 25.000000   25.000000   clock clk_i (rise edge)
                                  0.000000   25.000000   clock network delay (propagated)
                                 -0.250000   24.750000   clock uncertainty
                                  0.000000   24.750000   clock reconvergence pessimism
                                 -5.000000   19.750000   output external delay
                                             19.750000   data required time
---------------------------------------------------------------------------------------------
                                             19.750000   data required time
                                             -2.851133   data arrival time
---------------------------------------------------------------------------------------------
                                             16.898867   slack (MET)


Startpoint: en_i (input port clocked by clk_i)
Endpoint: _73_ (rising edge-triggered flip-flop clocked by clk_i)
Path Group: clk_i
Path Type: max

Fanout         Cap        Slew       Delay        Time   Description
---------------------------------------------------------------------------------------------
                                  0.000000    0.000000   clock clk_i (rise edge)
                                  0.000000    0.000000   clock network delay (propagated)
                                  5.000000    5.000000 ^ input external delay
     1    0.004104    0.115378    0.040802    5.040802 ^ en_i (in)
                                                         en_i (net)
                      0.115378    0.000000    5.040802 ^ input1/I (gf180mcu_fd_sc_mcu7t5v0__dlyb_1)
     6    0.032829    0.584170    1.139802    6.180604 ^ input1/Z (gf180mcu_fd_sc_mcu7t5v0__dlyb_1)
                                                         net1 (net)
                      0.584170    0.000521    6.181125 ^ _49_/A1 (gf180mcu_fd_sc_mcu7t5v0__nand4_1)
     8    0.050059    1.357432    0.881305    7.062429 v _49_/ZN (gf180mcu_fd_sc_mcu7t5v0__nand4_1)
                                                         _22_ (net)
                      1.357432    0.000713    7.063142 v _57_/A3 (gf180mcu_fd_sc_mcu7t5v0__oai31_1)
     1    0.003483    0.635464    0.602897    7.666039 ^ _57_/ZN (gf180mcu_fd_sc_mcu7t5v0__oai31_1)
                                                         _27_ (net)
                      0.635464    0.000036    7.666075 ^ _59_/A2 (gf180mcu_fd_sc_mcu7t5v0__and3_1)
     1    0.004430    0.179252    0.428512    8.094587 ^ _59_/Z (gf180mcu_fd_sc_mcu7t5v0__and3_1)
                                                         _05_ (net)
                      0.179252    0.000055    8.094643 ^ _73_/D (gf180mcu_fd_sc_mcu7t5v0__dffq_1)
                                              8.094643   data arrival time

                                 25.000000   25.000000   clock clk_i (rise edge)
                                  0.000000   25.000000   clock source latency
     1    0.028120    0.147904    0.070266   25.070265 ^ clk_i (in)
                                                         clk_i (net)
                      0.147906    0.000000   25.070265 ^ clkbuf_0_clk_i/I (gf180mcu_fd_sc_mcu7t5v0__clkbuf_16)
     2    0.047733    0.113156    0.252685   25.322950 ^ clkbuf_0_clk_i/Z (gf180mcu_fd_sc_mcu7t5v0__clkbuf_16)
                                                         clknet_0_clk_i (net)
                      0.113156    0.000348   25.323298 ^ clkbuf_1_0__f_clk_i/I (gf180mcu_fd_sc_mcu7t5v0__clkbuf_16)
     5    0.024074    0.092162    0.229313   25.552612 ^ clkbuf_1_0__f_clk_i/Z (gf180mcu_fd_sc_mcu7t5v0__clkbuf_16)
                                                         clknet_1_0__leaf_clk_i (net)
                      0.092162    0.000044   25.552656 ^ _73_/CLK (gf180mcu_fd_sc_mcu7t5v0__dffq_1)
                                 -0.250000   25.302656   clock uncertainty
                                  0.000000   25.302656   clock reconvergence pessimism
                                 -0.228005   25.074652   library setup time
                                             25.074652   data required time
---------------------------------------------------------------------------------------------
                                             25.074652   data required time
                                             -8.094643   data arrival time
---------------------------------------------------------------------------------------------
                                             16.980011   slack (MET)


Startpoint: en_i (input port clocked by clk_i)
Endpoint: _74_ (rising edge-triggered flip-flop clocked by clk_i)
Path Group: clk_i
Path Type: max

Fanout         Cap        Slew       Delay        Time   Description
---------------------------------------------------------------------------------------------
                                  0.000000    0.000000   clock clk_i (rise edge)
                                  0.000000    0.000000   clock network delay (propagated)
                                  5.000000    5.000000 ^ input external delay
     1    0.004104    0.115378    0.040802    5.040802 ^ en_i (in)
                                                         en_i (net)
                      0.115378    0.000000    5.040802 ^ input1/I (gf180mcu_fd_sc_mcu7t5v0__dlyb_1)
     6    0.032829    0.584170    1.139802    6.180604 ^ input1/Z (gf180mcu_fd_sc_mcu7t5v0__dlyb_1)
                                                         net1 (net)
                      0.584170    0.000521    6.181125 ^ _49_/A1 (gf180mcu_fd_sc_mcu7t5v0__nand4_1)
     8    0.050059    1.357432    0.881305    7.062429 v _49_/ZN (gf180mcu_fd_sc_mcu7t5v0__nand4_1)
                                                         _22_ (net)
                      1.357432    0.000914    7.063344 v _61_/A2 (gf180mcu_fd_sc_mcu7t5v0__nor3_1)
     1    0.005334    0.606800    0.559378    7.622721 ^ _61_/ZN (gf180mcu_fd_sc_mcu7t5v0__nor3_1)
                                                         _30_ (net)
                      0.606800    0.000107    7.622828 ^ _62_/B (gf180mcu_fd_sc_mcu7t5v0__aoi211_1)
     1    0.003454    0.338907    0.258365    7.881193 v _62_/ZN (gf180mcu_fd_sc_mcu7t5v0__aoi211_1)
                                                         _06_ (net)
                      0.338907    0.000067    7.881259 v _74_/D (gf180mcu_fd_sc_mcu7t5v0__dffq_1)
                                              7.881259   data arrival time

                                 25.000000   25.000000   clock clk_i (rise edge)
                                  0.000000   25.000000   clock source latency
     1    0.028120    0.147904    0.070266   25.070265 ^ clk_i (in)
                                                         clk_i (net)
                      0.147906    0.000000   25.070265 ^ clkbuf_0_clk_i/I (gf180mcu_fd_sc_mcu7t5v0__clkbuf_16)
     2    0.047733    0.113156    0.252685   25.322950 ^ clkbuf_0_clk_i/Z (gf180mcu_fd_sc_mcu7t5v0__clkbuf_16)
                                                         clknet_0_clk_i (net)
                      0.113156    0.000348   25.323298 ^ clkbuf_1_0__f_clk_i/I (gf180mcu_fd_sc_mcu7t5v0__clkbuf_16)
     5    0.024074    0.092162    0.229313   25.552612 ^ clkbuf_1_0__f_clk_i/Z (gf180mcu_fd_sc_mcu7t5v0__clkbuf_16)
                                                         clknet_1_0__leaf_clk_i (net)
                      0.092162    0.000092   25.552704 ^ _74_/CLK (gf180mcu_fd_sc_mcu7t5v0__dffq_1)
                                 -0.250000   25.302704   clock uncertainty
                                  0.000000   25.302704   clock reconvergence pessimism
                                 -0.302280   25.000425   library setup time
                                             25.000425   data required time
---------------------------------------------------------------------------------------------
                                             25.000425   data required time
                                             -7.881259   data arrival time
---------------------------------------------------------------------------------------------
                                             17.119167   slack (MET)


Startpoint: en_i (input port clocked by clk_i)
Endpoint: _72_ (rising edge-triggered flip-flop clocked by clk_i)
Path Group: clk_i
Path Type: max

Fanout         Cap        Slew       Delay        Time   Description
---------------------------------------------------------------------------------------------
                                  0.000000    0.000000   clock clk_i (rise edge)
                                  0.000000    0.000000   clock network delay (propagated)
                                  5.000000    5.000000 ^ input external delay
     1    0.004104    0.115378    0.040802    5.040802 ^ en_i (in)
                                                         en_i (net)
                      0.115378    0.000000    5.040802 ^ input1/I (gf180mcu_fd_sc_mcu7t5v0__dlyb_1)
     6    0.032829    0.584170    1.139802    6.180604 ^ input1/Z (gf180mcu_fd_sc_mcu7t5v0__dlyb_1)
                                                         net1 (net)
                      0.584170    0.000521    6.181125 ^ _49_/A1 (gf180mcu_fd_sc_mcu7t5v0__nand4_1)
     8    0.050059    1.357432    0.881305    7.062429 v _49_/ZN (gf180mcu_fd_sc_mcu7t5v0__nand4_1)
                                                         _22_ (net)
                      1.357432    0.000675    7.063105 v _55_/A3 (gf180mcu_fd_sc_mcu7t5v0__nor3_1)
     1    0.006068    0.645023    0.523980    7.587084 ^ _55_/ZN (gf180mcu_fd_sc_mcu7t5v0__nor3_1)
                                                         _26_ (net)
                      0.645023    0.000123    7.587207 ^ _56_/A3 (gf180mcu_fd_sc_mcu7t5v0__nor3_1)
     1    0.004456    0.328655    0.233502    7.820709 v _56_/ZN (gf180mcu_fd_sc_mcu7t5v0__nor3_1)
                                                         _04_ (net)
                      0.328655    0.000054    7.820763 v _72_/D (gf180mcu_fd_sc_mcu7t5v0__dffq_1)
                                              7.820763   data arrival time

                                 25.000000   25.000000   clock clk_i (rise edge)
                                  0.000000   25.000000   clock source latency
     1    0.028120    0.147904    0.070266   25.070265 ^ clk_i (in)
                                                         clk_i (net)
                      0.147906    0.000000   25.070265 ^ clkbuf_0_clk_i/I (gf180mcu_fd_sc_mcu7t5v0__clkbuf_16)
     2    0.047733    0.113156    0.252685   25.322950 ^ clkbuf_0_clk_i/Z (gf180mcu_fd_sc_mcu7t5v0__clkbuf_16)
                                                         clknet_0_clk_i (net)
                      0.113156    0.000348   25.323298 ^ clkbuf_1_0__f_clk_i/I (gf180mcu_fd_sc_mcu7t5v0__clkbuf_16)
     5    0.024074    0.092162    0.229313   25.552612 ^ clkbuf_1_0__f_clk_i/Z (gf180mcu_fd_sc_mcu7t5v0__clkbuf_16)
                                                         clknet_1_0__leaf_clk_i (net)
                      0.092162    0.000252   25.552864 ^ _72_/CLK (gf180mcu_fd_sc_mcu7t5v0__dffq_1)
                                 -0.250000   25.302864   clock uncertainty
                                  0.000000   25.302864   clock reconvergence pessimism
                                 -0.298440   25.004425   library setup time
                                             25.004425   data required time
---------------------------------------------------------------------------------------------
                                             25.004425   data required time
                                             -7.820763   data arrival time
---------------------------------------------------------------------------------------------
                                             17.183661   slack (MET)


Startpoint: en_i (input port clocked by clk_i)
Endpoint: _71_ (rising edge-triggered flip-flop clocked by clk_i)
Path Group: clk_i
Path Type: max

Fanout         Cap        Slew       Delay        Time   Description
---------------------------------------------------------------------------------------------
                                  0.000000    0.000000   clock clk_i (rise edge)
                                  0.000000    0.000000   clock network delay (propagated)
                                  5.000000    5.000000 ^ input external delay
     1    0.004104    0.115378    0.040802    5.040802 ^ en_i (in)
                                                         en_i (net)
                      0.115378    0.000000    5.040802 ^ input1/I (gf180mcu_fd_sc_mcu7t5v0__dlyb_1)
     6    0.032829    0.584170    1.139802    6.180604 ^ input1/Z (gf180mcu_fd_sc_mcu7t5v0__dlyb_1)
                                                         net1 (net)
                      0.584170    0.000521    6.181125 ^ _49_/A1 (gf180mcu_fd_sc_mcu7t5v0__nand4_1)
     8    0.050059    1.357432    0.881305    7.062429 v _49_/ZN (gf180mcu_fd_sc_mcu7t5v0__nand4_1)
                                                         _22_ (net)
                      1.357432    0.000627    7.063056 v _52_/A2 (gf180mcu_fd_sc_mcu7t5v0__oai21_1)
     1    0.005460    0.501933    0.451245    7.514301 ^ _52_/ZN (gf180mcu_fd_sc_mcu7t5v0__oai21_1)
                                                         _24_ (net)
                      0.501933    0.000061    7.514363 ^ _53_/B (gf180mcu_fd_sc_mcu7t5v0__aoi21_1)
     1    0.002961    0.323022    0.215293    7.729655 v _53_/ZN (gf180mcu_fd_sc_mcu7t5v0__aoi21_1)
                                                         _03_ (net)
                      0.323022    0.000030    7.729686 v _71_/D (gf180mcu_fd_sc_mcu7t5v0__dffq_1)
                                              7.729686   data arrival time

                                 25.000000   25.000000   clock clk_i (rise edge)
                                  0.000000   25.000000   clock source latency
     1    0.028120    0.147904    0.070266   25.070265 ^ clk_i (in)
                                                         clk_i (net)
                      0.147906    0.000000   25.070265 ^ clkbuf_0_clk_i/I (gf180mcu_fd_sc_mcu7t5v0__clkbuf_16)
     2    0.047733    0.113156    0.252685   25.322950 ^ clkbuf_0_clk_i/Z (gf180mcu_fd_sc_mcu7t5v0__clkbuf_16)
                                                         clknet_0_clk_i (net)
                      0.113156    0.000348   25.323298 ^ clkbuf_1_0__f_clk_i/I (gf180mcu_fd_sc_mcu7t5v0__clkbuf_16)
     5    0.024074    0.092162    0.229313   25.552612 ^ clkbuf_1_0__f_clk_i/Z (gf180mcu_fd_sc_mcu7t5v0__clkbuf_16)
                                                         clknet_1_0__leaf_clk_i (net)
                      0.092162    0.000407   25.553019 ^ _71_/CLK (gf180mcu_fd_sc_mcu7t5v0__dffq_1)
                                 -0.250000   25.303019   clock uncertainty
                                  0.000000   25.303019   clock reconvergence pessimism
                                 -0.296642   25.006376   library setup time
                                             25.006376   data required time
---------------------------------------------------------------------------------------------
                                             25.006376   data required time
                                             -7.729686   data arrival time
---------------------------------------------------------------------------------------------
                                             17.276691   slack (MET)


Startpoint: en_i (input port clocked by clk_i)
Endpoint: _70_ (rising edge-triggered flip-flop clocked by clk_i)
Path Group: clk_i
Path Type: max

Fanout         Cap        Slew       Delay        Time   Description
---------------------------------------------------------------------------------------------
                                  0.000000    0.000000   clock clk_i (rise edge)
                                  0.000000    0.000000   clock network delay (propagated)
                                  5.000000    5.000000 ^ input external delay
     1    0.004104    0.115378    0.040802    5.040802 ^ en_i (in)
                                                         en_i (net)
                      0.115378    0.000000    5.040802 ^ input1/I (gf180mcu_fd_sc_mcu7t5v0__dlyb_1)
     6    0.032829    0.584170    1.139802    6.180604 ^ input1/Z (gf180mcu_fd_sc_mcu7t5v0__dlyb_1)
                                                         net1 (net)
                      0.584170    0.000521    6.181125 ^ _49_/A1 (gf180mcu_fd_sc_mcu7t5v0__nand4_1)
     8    0.050059    1.357432    0.881305    7.062429 v _49_/ZN (gf180mcu_fd_sc_mcu7t5v0__nand4_1)
                                                         _22_ (net)
                      1.357432    0.000551    7.062981 v _50_/A2 (gf180mcu_fd_sc_mcu7t5v0__nand2_1)
     1    0.005547    0.409475    0.449725    7.512705 ^ _50_/ZN (gf180mcu_fd_sc_mcu7t5v0__nand2_1)
                                                         _23_ (net)
                      0.409475    0.000113    7.512818 ^ _51_/B (gf180mcu_fd_sc_mcu7t5v0__aoi21_1)
     1    0.004070    0.272924    0.216765    7.729583 v _51_/ZN (gf180mcu_fd_sc_mcu7t5v0__aoi21_1)
                                                         _02_ (net)
                      0.272924    0.000048    7.729631 v _70_/D (gf180mcu_fd_sc_mcu7t5v0__dffq_1)
                                              7.729631   data arrival time

                                 25.000000   25.000000   clock clk_i (rise edge)
                                  0.000000   25.000000   clock source latency
     1    0.028120    0.147904    0.070266   25.070265 ^ clk_i (in)
                                                         clk_i (net)
                      0.147906    0.000000   25.070265 ^ clkbuf_0_clk_i/I (gf180mcu_fd_sc_mcu7t5v0__clkbuf_16)
     2    0.047733    0.113156    0.252685   25.322950 ^ clkbuf_0_clk_i/Z (gf180mcu_fd_sc_mcu7t5v0__clkbuf_16)
                                                         clknet_0_clk_i (net)
                      0.113156    0.000348   25.323298 ^ clkbuf_1_0__f_clk_i/I (gf180mcu_fd_sc_mcu7t5v0__clkbuf_16)
     5    0.024074    0.092162    0.229313   25.552612 ^ clkbuf_1_0__f_clk_i/Z (gf180mcu_fd_sc_mcu7t5v0__clkbuf_16)
                                                         clknet_1_0__leaf_clk_i (net)
                      0.092162    0.000432   25.553043 ^ _70_/CLK (gf180mcu_fd_sc_mcu7t5v0__dffq_1)
                                 -0.250000   25.303043   clock uncertainty
                                  0.000000   25.303043   clock reconvergence pessimism
                                 -0.281025   25.022018   library setup time
                                             25.022018   data required time
---------------------------------------------------------------------------------------------
                                             25.022018   data required time
                                             -7.729631   data arrival time
---------------------------------------------------------------------------------------------
                                             17.292387   slack (MET)


Startpoint: rst_ni (input port clocked by clk_i)
Endpoint: _68_ (rising edge-triggered flip-flop clocked by clk_i)
Path Group: clk_i
Path Type: max

Fanout         Cap        Slew       Delay        Time   Description
---------------------------------------------------------------------------------------------
                                  0.000000    0.000000   clock clk_i (rise edge)
                                  0.000000    0.000000   clock network delay (propagated)
                                  5.000000    5.000000 v input external delay
     1    0.003994    0.065938    0.024508    5.024508 v rst_ni (in)
                                                         rst_ni (net)
                      0.065938    0.000000    5.024508 v input2/I (gf180mcu_fd_sc_mcu7t5v0__dlyb_1)
     8    0.050701    0.609744    1.318867    6.343374 v input2/Z (gf180mcu_fd_sc_mcu7t5v0__dlyb_1)
                                                         net2 (net)
                      0.609747    0.001047    6.344421 v _41_/A2 (gf180mcu_fd_sc_mcu7t5v0__nand2_1)
     2    0.014353    0.401957    0.389856    6.734277 ^ _41_/ZN (gf180mcu_fd_sc_mcu7t5v0__nand2_1)
                                                         _16_ (net)
                      0.401957    0.000115    6.734392 ^ _43_/B1 (gf180mcu_fd_sc_mcu7t5v0__aoi22_1)
     1    0.003640    0.279176    0.206510    6.940903 v _43_/ZN (gf180mcu_fd_sc_mcu7t5v0__aoi22_1)
                                                         _00_ (net)
                      0.279176    0.000068    6.940971 v _68_/D (gf180mcu_fd_sc_mcu7t5v0__dffq_1)
                                              6.940971   data arrival time

                                 25.000000   25.000000   clock clk_i (rise edge)
                                  0.000000   25.000000   clock source latency
     1    0.028120    0.147904    0.070266   25.070265 ^ clk_i (in)
                                                         clk_i (net)
                      0.147906    0.000000   25.070265 ^ clkbuf_0_clk_i/I (gf180mcu_fd_sc_mcu7t5v0__clkbuf_16)
     2    0.047733    0.113156    0.252685   25.322950 ^ clkbuf_0_clk_i/Z (gf180mcu_fd_sc_mcu7t5v0__clkbuf_16)
                                                         clknet_0_clk_i (net)
                      0.113156    0.000284   25.323235 ^ clkbuf_1_1__f_clk_i/I (gf180mcu_fd_sc_mcu7t5v0__clkbuf_16)
     5    0.022311    0.090554    0.227814   25.551048 ^ clkbuf_1_1__f_clk_i/Z (gf180mcu_fd_sc_mcu7t5v0__clkbuf_16)
                                                         clknet_1_1__leaf_clk_i (net)
                      0.090554    0.000364   25.551413 ^ _68_/CLK (gf180mcu_fd_sc_mcu7t5v0__dffq_1)
                                 -0.250000   25.301413   clock uncertainty
                                  0.000000   25.301413   clock reconvergence pessimism
                                 -0.283304   25.018108   library setup time
                                             25.018108   data required time
---------------------------------------------------------------------------------------------
                                             25.018108   data required time
                                             -6.940971   data arrival time
---------------------------------------------------------------------------------------------
                                             18.077139   slack (MET)


Startpoint: en_i (input port clocked by clk_i)
Endpoint: _69_ (rising edge-triggered flip-flop clocked by clk_i)
Path Group: clk_i
Path Type: max

Fanout         Cap        Slew       Delay        Time   Description
---------------------------------------------------------------------------------------------
                                  0.000000    0.000000   clock clk_i (rise edge)
                                  0.000000    0.000000   clock network delay (propagated)
                                  5.000000    5.000000 v input external delay
     1    0.004104    0.066979    0.025168    5.025168 v en_i (in)
                                                         en_i (net)
                      0.066979    0.000000    5.025168 v input1/I (gf180mcu_fd_sc_mcu7t5v0__dlyb_1)
     6    0.032829    0.457048    1.196835    6.222003 v input1/Z (gf180mcu_fd_sc_mcu7t5v0__dlyb_1)
                                                         net1 (net)
                      0.457049    0.000680    6.222684 v _45_/A1 (gf180mcu_fd_sc_mcu7t5v0__nand3_1)
     2    0.012929    0.436820    0.344028    6.566712 ^ _45_/ZN (gf180mcu_fd_sc_mcu7t5v0__nand3_1)
                                                         _19_ (net)
                      0.436820    0.000228    6.566940 ^ _46_/A2 (gf180mcu_fd_sc_mcu7t5v0__nand2_1)
     1    0.006305    0.295146    0.138809    6.705749 v _46_/ZN (gf180mcu_fd_sc_mcu7t5v0__nand2_1)
                                                         _20_ (net)
                      0.295146    0.000079    6.705828 v _47_/A2 (gf180mcu_fd_sc_mcu7t5v0__nor2_1)
     1    0.003020    0.229664    0.195154    6.900982 ^ _47_/ZN (gf180mcu_fd_sc_mcu7t5v0__nor2_1)
                                                         _01_ (net)
                      0.229664    0.000031    6.901013 ^ _69_/D (gf180mcu_fd_sc_mcu7t5v0__dffq_1)
                                              6.901013   data arrival time

                                 25.000000   25.000000   clock clk_i (rise edge)
                                  0.000000   25.000000   clock source latency
     1    0.028120    0.147904    0.070266   25.070265 ^ clk_i (in)
                                                         clk_i (net)
                      0.147906    0.000000   25.070265 ^ clkbuf_0_clk_i/I (gf180mcu_fd_sc_mcu7t5v0__clkbuf_16)
     2    0.047733    0.113156    0.252685   25.322950 ^ clkbuf_0_clk_i/Z (gf180mcu_fd_sc_mcu7t5v0__clkbuf_16)
                                                         clknet_0_clk_i (net)
                      0.113156    0.000284   25.323235 ^ clkbuf_1_1__f_clk_i/I (gf180mcu_fd_sc_mcu7t5v0__clkbuf_16)
     5    0.022311    0.090554    0.227814   25.551048 ^ clkbuf_1_1__f_clk_i/Z (gf180mcu_fd_sc_mcu7t5v0__clkbuf_16)
                                                         clknet_1_1__leaf_clk_i (net)
                      0.090555    0.000480   25.551527 ^ _69_/CLK (gf180mcu_fd_sc_mcu7t5v0__dffq_1)
                                 -0.250000   25.301529   clock uncertainty
                                  0.000000   25.301529   clock reconvergence pessimism
                                 -0.233677   25.067852   library setup time
                                             25.067852   data required time
---------------------------------------------------------------------------------------------
                                             25.067852   data required time
                                             -6.901013   data arrival time
---------------------------------------------------------------------------------------------
                                             18.166840   slack (MET)



